<?xml version="1.0" encoding="UTF-8"?>
<testsuite xmlns:xsi="http://www.w3.org/2001/XMLSchema-instance" xsi:noNamespaceSchemaLocation="https://maven.apache.org/surefire/maven-surefire-plugin/xsd/surefire-test-report.xsd" name="UI.UIsTest" time="89.944" tests="1" errors="0" skipped="0" failures="0">
  <properties>
    <property name="java.specification.version" value="21"/>
    <property name="sun.cpu.isalist" value="amd64"/>
    <property name="sun.jnu.encoding" value="Cp1252"/>
    <property name="java.class.path" value="E:\Duy\Projects\practices\karate_framework\demo\target\test-classes;E:\Duy\Projects\practices\karate_framework\demo\target\classes;C:\Users\My IDS\.m2\repository\com\intuit\karate\karate-junit5\1.4.0\karate-junit5-1.4.0.jar;C:\Users\My IDS\.m2\repository\com\intuit\karate\karate-core\1.4.0\karate-core-1.4.0.jar;C:\Users\My IDS\.m2\repository\org\graalvm\js\js-scriptengine\22.3.0\js-scriptengine-22.3.0.jar;C:\Users\My IDS\.m2\repository\org\graalvm\sdk\graal-sdk\22.3.0\graal-sdk-22.3.0.jar;C:\Users\My IDS\.m2\repository\org\graalvm\js\js\22.3.0\js-22.3.0.jar;C:\Users\My IDS\.m2\repository\org\graalvm\regex\regex\22.3.0\regex-22.3.0.jar;C:\Users\My IDS\.m2\repository\org\graalvm\truffle\truffle-api\22.3.0\truffle-api-22.3.0.jar;C:\Users\My IDS\.m2\repository\com\ibm\icu\icu4j\71.1\icu4j-71.1.jar;C:\Users\My IDS\.m2\repository\org\thymeleaf\thymeleaf\3.0.14.RELEASE\thymeleaf-3.0.14.RELEASE.jar;C:\Users\My IDS\.m2\repository\ognl\ognl\3.1.26\ognl-3.1.26.jar;C:\Users\My IDS\.m2\repository\org\javassist\javassist\3.20.0-GA\javassist-3.20.0-GA.jar;C:\Users\My IDS\.m2\repository\org\attoparser\attoparser\2.0.5.RELEASE\attoparser-2.0.5.RELEASE.jar;C:\Users\My IDS\.m2\repository\org\unbescape\unbescape\1.1.6.RELEASE\unbescape-1.1.6.RELEASE.jar;C:\Users\My IDS\.m2\repository\org\slf4j\slf4j-api\1.7.25\slf4j-api-1.7.25.jar;C:\Users\My IDS\.m2\repository\com\linecorp\armeria\armeria\1.22.0\armeria-1.22.0.jar;C:\Users\My IDS\.m2\repository\com\fasterxml\jackson\core\jackson-core\2.14.2\jackson-core-2.14.2.jar;C:\Users\My IDS\.m2\repository\com\fasterxml\jackson\core\jackson-annotations\2.14.2\jackson-annotations-2.14.2.jar;C:\Users\My IDS\.m2\repository\com\fasterxml\jackson\core\jackson-databind\2.14.2\jackson-databind-2.14.2.jar;C:\Users\My IDS\.m2\repository\com\fasterxml\jackson\datatype\jackson-datatype-jdk8\2.14.2\jackson-datatype-jdk8-2.14.2.jar;C:\Users\My IDS\.m2\repository\com\fasterxml\jackson\datatype\jackson-datatype-jsr310\2.14.2\jackson-datatype-jsr310-2.14.2.jar;C:\Users\My IDS\.m2\repository\io\micrometer\micrometer-core\1.10.3\micrometer-core-1.10.3.jar;C:\Users\My IDS\.m2\repository\io\micrometer\micrometer-commons\1.10.3\micrometer-commons-1.10.3.jar;C:\Users\My IDS\.m2\repository\io\micrometer\micrometer-observation\1.10.3\micrometer-observation-1.10.3.jar;C:\Users\My IDS\.m2\repository\org\hdrhistogram\HdrHistogram\2.1.12\HdrHistogram-2.1.12.jar;C:\Users\My IDS\.m2\repository\org\latencyutils\LatencyUtils\2.0.3\LatencyUtils-2.0.3.jar;C:\Users\My IDS\.m2\repository\io\netty\netty-transport\4.1.87.Final\netty-transport-4.1.87.Final.jar;C:\Users\My IDS\.m2\repository\io\netty\netty-common\4.1.87.Final\netty-common-4.1.87.Final.jar;C:\Users\My IDS\.m2\repository\io\netty\netty-buffer\4.1.87.Final\netty-buffer-4.1.87.Final.jar;C:\Users\My IDS\.m2\repository\io\netty\netty-resolver\4.1.87.Final\netty-resolver-4.1.87.Final.jar;C:\Users\My IDS\.m2\repository\io\netty\netty-codec-haproxy\4.1.87.Final\netty-codec-haproxy-4.1.87.Final.jar;C:\Users\My IDS\.m2\repository\io\netty\netty-codec\4.1.87.Final\netty-codec-4.1.87.Final.jar;C:\Users\My IDS\.m2\repository\io\netty\netty-codec-http2\4.1.87.Final\netty-codec-http2-4.1.87.Final.jar;C:\Users\My IDS\.m2\repository\io\netty\netty-handler\4.1.87.Final\netty-handler-4.1.87.Final.jar;C:\Users\My IDS\.m2\repository\io\netty\netty-codec-http\4.1.87.Final\netty-codec-http-4.1.87.Final.jar;C:\Users\My IDS\.m2\repository\io\netty\netty-resolver-dns\4.1.87.Final\netty-resolver-dns-4.1.87.Final.jar;C:\Users\My IDS\.m2\repository\io\netty\netty-codec-dns\4.1.87.Final\netty-codec-dns-4.1.87.Final.jar;C:\Users\My IDS\.m2\repository\org\reactivestreams\reactive-streams\1.0.4\reactive-streams-1.0.4.jar;C:\Users\My IDS\.m2\repository\com\google\code\findbugs\jsr305\3.0.2\jsr305-3.0.2.jar;C:\Users\My IDS\.m2\repository\io\netty\netty-transport-native-unix-common\4.1.87.Final\netty-transport-native-unix-common-4.1.87.Final-linux-x86_64.jar;C:\Users\My IDS\.m2\repository\io\netty\netty-transport-native-epoll\4.1.87.Final\netty-transport-native-epoll-4.1.87.Final-linux-x86_64.jar;C:\Users\My IDS\.m2\repository\io\netty\netty-transport-native-unix-common\4.1.87.Final\netty-transport-native-unix-common-4.1.87.Final.jar;C:\Users\My IDS\.m2\repository\io\netty\netty-transport-classes-epoll\4.1.87.Final\netty-transport-classes-epoll-4.1.87.Final.jar;C:\Users\My IDS\.m2\repository\io\netty\netty-resolver-dns-native-macos\4.1.87.Final\netty-resolver-dns-native-macos-4.1.87.Final-osx-x86_64.jar;C:\Users\My IDS\.m2\repository\io\netty\netty-resolver-dns-classes-macos\4.1.87.Final\netty-resolver-dns-classes-macos-4.1.87.Final.jar;C:\Users\My IDS\.m2\repository\io\netty\netty-resolver-dns-native-macos\4.1.87.Final\netty-resolver-dns-native-macos-4.1.87.Final-osx-aarch_64.jar;C:\Users\My IDS\.m2\repository\io\netty\netty-tcnative-boringssl-static\2.0.56.Final\netty-tcnative-boringssl-static-2.0.56.Final-linux-x86_64.jar;C:\Users\My IDS\.m2\repository\io\netty\netty-tcnative-classes\2.0.56.Final\netty-tcnative-classes-2.0.56.Final.jar;C:\Users\My IDS\.m2\repository\io\netty\netty-tcnative-boringssl-static\2.0.56.Final\netty-tcnative-boringssl-static-2.0.56.Final-linux-aarch_64.jar;C:\Users\My IDS\.m2\repository\io\netty\netty-tcnative-boringssl-static\2.0.56.Final\netty-tcnative-boringssl-static-2.0.56.Final-osx-x86_64.jar;C:\Users\My IDS\.m2\repository\io\netty\netty-tcnative-boringssl-static\2.0.56.Final\netty-tcnative-boringssl-static-2.0.56.Final-osx-aarch_64.jar;C:\Users\My IDS\.m2\repository\io\netty\netty-tcnative-boringssl-static\2.0.56.Final\netty-tcnative-boringssl-static-2.0.56.Final-windows-x86_64.jar;C:\Users\My IDS\.m2\repository\io\netty\netty-handler-proxy\4.1.87.Final\netty-handler-proxy-4.1.87.Final.jar;C:\Users\My IDS\.m2\repository\io\netty\netty-codec-socks\4.1.87.Final\netty-codec-socks-4.1.87.Final.jar;C:\Users\My IDS\.m2\repository\com\aayushatharva\brotli4j\brotli4j\1.9.0\brotli4j-1.9.0.jar;C:\Users\My IDS\.m2\repository\org\apache\httpcomponents\httpclient\4.5.14\httpclient-4.5.14.jar;C:\Users\My IDS\.m2\repository\org\apache\httpcomponents\httpcore\4.4.16\httpcore-4.4.16.jar;C:\Users\My IDS\.m2\repository\commons-codec\commons-codec\1.11\commons-codec-1.11.jar;C:\Users\My IDS\.m2\repository\ch\qos\logback\logback-classic\1.2.9\logback-classic-1.2.9.jar;C:\Users\My IDS\.m2\repository\ch\qos\logback\logback-core\1.2.9\logback-core-1.2.9.jar;C:\Users\My IDS\.m2\repository\org\slf4j\jcl-over-slf4j\1.7.32\jcl-over-slf4j-1.7.32.jar;C:\Users\My IDS\.m2\repository\org\antlr\antlr4-runtime\4.11.1\antlr4-runtime-4.11.1.jar;C:\Users\My IDS\.m2\repository\com\jayway\jsonpath\json-path\2.8.0\json-path-2.8.0.jar;C:\Users\My IDS\.m2\repository\net\minidev\json-smart\2.4.10\json-smart-2.4.10.jar;C:\Users\My IDS\.m2\repository\net\minidev\accessors-smart\2.4.9\accessors-smart-2.4.9.jar;C:\Users\My IDS\.m2\repository\org\ow2\asm\asm\9.3\asm-9.3.jar;C:\Users\My IDS\.m2\repository\org\yaml\snakeyaml\2.0\snakeyaml-2.0.jar;C:\Users\My IDS\.m2\repository\de\siegmar\fastcsv\2.2.1\fastcsv-2.2.1.jar;C:\Users\My IDS\.m2\repository\info\picocli\picocli\4.7.1\picocli-4.7.1.jar;C:\Users\My IDS\.m2\repository\io\github\classgraph\classgraph\4.8.152\classgraph-4.8.152.jar;C:\Users\My IDS\.m2\repository\io\github\t12y\resemble\1.0.2\resemble-1.0.2.jar;C:\Users\My IDS\.m2\repository\io\github\t12y\ssim\1.0.0\ssim-1.0.0.jar;C:\Users\My IDS\.m2\repository\org\junit\jupiter\junit-jupiter-api\5.9.1\junit-jupiter-api-5.9.1.jar;C:\Users\My IDS\.m2\repository\org\opentest4j\opentest4j\1.2.0\opentest4j-1.2.0.jar;C:\Users\My IDS\.m2\repository\org\junit\platform\junit-platform-commons\1.9.1\junit-platform-commons-1.9.1.jar;C:\Users\My IDS\.m2\repository\org\apiguardian\apiguardian-api\1.1.2\apiguardian-api-1.1.2.jar;C:\Users\My IDS\.m2\repository\org\junit\jupiter\junit-jupiter-engine\5.9.1\junit-jupiter-engine-5.9.1.jar;C:\Users\My IDS\.m2\repository\org\junit\platform\junit-platform-engine\1.9.1\junit-platform-engine-1.9.1.jar;"/>
    <property name="java.vm.vendor" value="Oracle Corporation"/>
    <property name="sun.arch.data.model" value="64"/>
    <property name="user.variant" value=""/>
    <property name="java.vendor.url" value="https://java.oracle.com/"/>
    <property name="user.timezone" value="Asia/Saigon"/>
    <property name="os.name" value="Windows 10"/>
    <property name="java.vm.specification.version" value="21"/>
    <property name="sun.java.launcher" value="SUN_STANDARD"/>
    <property name="user.country" value="US"/>
    <property name="sun.boot.library.path" value="E:\Program Files\Java\jdk-21\bin"/>
    <property name="sun.java.command" value="C:\Users\MYIDS~1\AppData\Local\Temp\surefire11215680879785564161\surefirebooter15483775117488173732.jar C:\Users\My IDS\AppData\Local\Temp\surefire11215680879785564161 2025-07-15T01-25-31_956-jvmRun1 surefire17725941664751250529tmp surefire_016880657718331265638tmp"/>
    <property name="jdk.debug" value="release"/>
    <property name="surefire.test.class.path" value="E:\Duy\Projects\practices\karate_framework\demo\target\test-classes;E:\Duy\Projects\practices\karate_framework\demo\target\classes;C:\Users\My IDS\.m2\repository\com\intuit\karate\karate-junit5\1.4.0\karate-junit5-1.4.0.jar;C:\Users\My IDS\.m2\repository\com\intuit\karate\karate-core\1.4.0\karate-core-1.4.0.jar;C:\Users\My IDS\.m2\repository\org\graalvm\js\js-scriptengine\22.3.0\js-scriptengine-22.3.0.jar;C:\Users\My IDS\.m2\repository\org\graalvm\sdk\graal-sdk\22.3.0\graal-sdk-22.3.0.jar;C:\Users\My IDS\.m2\repository\org\graalvm\js\js\22.3.0\js-22.3.0.jar;C:\Users\My IDS\.m2\repository\org\graalvm\regex\regex\22.3.0\regex-22.3.0.jar;C:\Users\My IDS\.m2\repository\org\graalvm\truffle\truffle-api\22.3.0\truffle-api-22.3.0.jar;C:\Users\My IDS\.m2\repository\com\ibm\icu\icu4j\71.1\icu4j-71.1.jar;C:\Users\My IDS\.m2\repository\org\thymeleaf\thymeleaf\3.0.14.RELEASE\thymeleaf-3.0.14.RELEASE.jar;C:\Users\My IDS\.m2\repository\ognl\ognl\3.1.26\ognl-3.1.26.jar;C:\Users\My IDS\.m2\repository\org\javassist\javassist\3.20.0-GA\javassist-3.20.0-GA.jar;C:\Users\My IDS\.m2\repository\org\attoparser\attoparser\2.0.5.RELEASE\attoparser-2.0.5.RELEASE.jar;C:\Users\My IDS\.m2\repository\org\unbescape\unbescape\1.1.6.RELEASE\unbescape-1.1.6.RELEASE.jar;C:\Users\My IDS\.m2\repository\org\slf4j\slf4j-api\1.7.25\slf4j-api-1.7.25.jar;C:\Users\My IDS\.m2\repository\com\linecorp\armeria\armeria\1.22.0\armeria-1.22.0.jar;C:\Users\My IDS\.m2\repository\com\fasterxml\jackson\core\jackson-core\2.14.2\jackson-core-2.14.2.jar;C:\Users\My IDS\.m2\repository\com\fasterxml\jackson\core\jackson-annotations\2.14.2\jackson-annotations-2.14.2.jar;C:\Users\My IDS\.m2\repository\com\fasterxml\jackson\core\jackson-databind\2.14.2\jackson-databind-2.14.2.jar;C:\Users\My IDS\.m2\repository\com\fasterxml\jackson\datatype\jackson-datatype-jdk8\2.14.2\jackson-datatype-jdk8-2.14.2.jar;C:\Users\My IDS\.m2\repository\com\fasterxml\jackson\datatype\jackson-datatype-jsr310\2.14.2\jackson-datatype-jsr310-2.14.2.jar;C:\Users\My IDS\.m2\repository\io\micrometer\micrometer-core\1.10.3\micrometer-core-1.10.3.jar;C:\Users\My IDS\.m2\repository\io\micrometer\micrometer-commons\1.10.3\micrometer-commons-1.10.3.jar;C:\Users\My IDS\.m2\repository\io\micrometer\micrometer-observation\1.10.3\micrometer-observation-1.10.3.jar;C:\Users\My IDS\.m2\repository\org\hdrhistogram\HdrHistogram\2.1.12\HdrHistogram-2.1.12.jar;C:\Users\My IDS\.m2\repository\org\latencyutils\LatencyUtils\2.0.3\LatencyUtils-2.0.3.jar;C:\Users\My IDS\.m2\repository\io\netty\netty-transport\4.1.87.Final\netty-transport-4.1.87.Final.jar;C:\Users\My IDS\.m2\repository\io\netty\netty-common\4.1.87.Final\netty-common-4.1.87.Final.jar;C:\Users\My IDS\.m2\repository\io\netty\netty-buffer\4.1.87.Final\netty-buffer-4.1.87.Final.jar;C:\Users\My IDS\.m2\repository\io\netty\netty-resolver\4.1.87.Final\netty-resolver-4.1.87.Final.jar;C:\Users\My IDS\.m2\repository\io\netty\netty-codec-haproxy\4.1.87.Final\netty-codec-haproxy-4.1.87.Final.jar;C:\Users\My IDS\.m2\repository\io\netty\netty-codec\4.1.87.Final\netty-codec-4.1.87.Final.jar;C:\Users\My IDS\.m2\repository\io\netty\netty-codec-http2\4.1.87.Final\netty-codec-http2-4.1.87.Final.jar;C:\Users\My IDS\.m2\repository\io\netty\netty-handler\4.1.87.Final\netty-handler-4.1.87.Final.jar;C:\Users\My IDS\.m2\repository\io\netty\netty-codec-http\4.1.87.Final\netty-codec-http-4.1.87.Final.jar;C:\Users\My IDS\.m2\repository\io\netty\netty-resolver-dns\4.1.87.Final\netty-resolver-dns-4.1.87.Final.jar;C:\Users\My IDS\.m2\repository\io\netty\netty-codec-dns\4.1.87.Final\netty-codec-dns-4.1.87.Final.jar;C:\Users\My IDS\.m2\repository\org\reactivestreams\reactive-streams\1.0.4\reactive-streams-1.0.4.jar;C:\Users\My IDS\.m2\repository\com\google\code\findbugs\jsr305\3.0.2\jsr305-3.0.2.jar;C:\Users\My IDS\.m2\repository\io\netty\netty-transport-native-unix-common\4.1.87.Final\netty-transport-native-unix-common-4.1.87.Final-linux-x86_64.jar;C:\Users\My IDS\.m2\repository\io\netty\netty-transport-native-epoll\4.1.87.Final\netty-transport-native-epoll-4.1.87.Final-linux-x86_64.jar;C:\Users\My IDS\.m2\repository\io\netty\netty-transport-native-unix-common\4.1.87.Final\netty-transport-native-unix-common-4.1.87.Final.jar;C:\Users\My IDS\.m2\repository\io\netty\netty-transport-classes-epoll\4.1.87.Final\netty-transport-classes-epoll-4.1.87.Final.jar;C:\Users\My IDS\.m2\repository\io\netty\netty-resolver-dns-native-macos\4.1.87.Final\netty-resolver-dns-native-macos-4.1.87.Final-osx-x86_64.jar;C:\Users\My IDS\.m2\repository\io\netty\netty-resolver-dns-classes-macos\4.1.87.Final\netty-resolver-dns-classes-macos-4.1.87.Final.jar;C:\Users\My IDS\.m2\repository\io\netty\netty-resolver-dns-native-macos\4.1.87.Final\netty-resolver-dns-native-macos-4.1.87.Final-osx-aarch_64.jar;C:\Users\My IDS\.m2\repository\io\netty\netty-tcnative-boringssl-static\2.0.56.Final\netty-tcnative-boringssl-static-2.0.56.Final-linux-x86_64.jar;C:\Users\My IDS\.m2\repository\io\netty\netty-tcnative-classes\2.0.56.Final\netty-tcnative-classes-2.0.56.Final.jar;C:\Users\My IDS\.m2\repository\io\netty\netty-tcnative-boringssl-static\2.0.56.Final\netty-tcnative-boringssl-static-2.0.56.Final-linux-aarch_64.jar;C:\Users\My IDS\.m2\repository\io\netty\netty-tcnative-boringssl-static\2.0.56.Final\netty-tcnative-boringssl-static-2.0.56.Final-osx-x86_64.jar;C:\Users\My IDS\.m2\repository\io\netty\netty-tcnative-boringssl-static\2.0.56.Final\netty-tcnative-boringssl-static-2.0.56.Final-osx-aarch_64.jar;C:\Users\My IDS\.m2\repository\io\netty\netty-tcnative-boringssl-static\2.0.56.Final\netty-tcnative-boringssl-static-2.0.56.Final-windows-x86_64.jar;C:\Users\My IDS\.m2\repository\io\netty\netty-handler-proxy\4.1.87.Final\netty-handler-proxy-4.1.87.Final.jar;C:\Users\My IDS\.m2\repository\io\netty\netty-codec-socks\4.1.87.Final\netty-codec-socks-4.1.87.Final.jar;C:\Users\My IDS\.m2\repository\com\aayushatharva\brotli4j\brotli4j\1.9.0\brotli4j-1.9.0.jar;C:\Users\My IDS\.m2\repository\org\apache\httpcomponents\httpclient\4.5.14\httpclient-4.5.14.jar;C:\Users\My IDS\.m2\repository\org\apache\httpcomponents\httpcore\4.4.16\httpcore-4.4.16.jar;C:\Users\My IDS\.m2\repository\commons-codec\commons-codec\1.11\commons-codec-1.11.jar;C:\Users\My IDS\.m2\repository\ch\qos\logback\logback-classic\1.2.9\logback-classic-1.2.9.jar;C:\Users\My IDS\.m2\repository\ch\qos\logback\logback-core\1.2.9\logback-core-1.2.9.jar;C:\Users\My IDS\.m2\repository\org\slf4j\jcl-over-slf4j\1.7.32\jcl-over-slf4j-1.7.32.jar;C:\Users\My IDS\.m2\repository\org\antlr\antlr4-runtime\4.11.1\antlr4-runtime-4.11.1.jar;C:\Users\My IDS\.m2\repository\com\jayway\jsonpath\json-path\2.8.0\json-path-2.8.0.jar;C:\Users\My IDS\.m2\repository\net\minidev\json-smart\2.4.10\json-smart-2.4.10.jar;C:\Users\My IDS\.m2\repository\net\minidev\accessors-smart\2.4.9\accessors-smart-2.4.9.jar;C:\Users\My IDS\.m2\repository\org\ow2\asm\asm\9.3\asm-9.3.jar;C:\Users\My IDS\.m2\repository\org\yaml\snakeyaml\2.0\snakeyaml-2.0.jar;C:\Users\My IDS\.m2\repository\de\siegmar\fastcsv\2.2.1\fastcsv-2.2.1.jar;C:\Users\My IDS\.m2\repository\info\picocli\picocli\4.7.1\picocli-4.7.1.jar;C:\Users\My IDS\.m2\repository\io\github\classgraph\classgraph\4.8.152\classgraph-4.8.152.jar;C:\Users\My IDS\.m2\repository\io\github\t12y\resemble\1.0.2\resemble-1.0.2.jar;C:\Users\My IDS\.m2\repository\io\github\t12y\ssim\1.0.0\ssim-1.0.0.jar;C:\Users\My IDS\.m2\repository\org\junit\jupiter\junit-jupiter-api\5.9.1\junit-jupiter-api-5.9.1.jar;C:\Users\My IDS\.m2\repository\org\opentest4j\opentest4j\1.2.0\opentest4j-1.2.0.jar;C:\Users\My IDS\.m2\repository\org\junit\platform\junit-platform-commons\1.9.1\junit-platform-commons-1.9.1.jar;C:\Users\My IDS\.m2\repository\org\apiguardian\apiguardian-api\1.1.2\apiguardian-api-1.1.2.jar;C:\Users\My IDS\.m2\repository\org\junit\jupiter\junit-jupiter-engine\5.9.1\junit-jupiter-engine-5.9.1.jar;C:\Users\My IDS\.m2\repository\org\junit\platform\junit-platform-engine\1.9.1\junit-platform-engine-1.9.1.jar;"/>
    <property name="sun.cpu.endian" value="little"/>
    <property name="user.home" value="C:\Users\My IDS"/>
    <property name="user.language" value="en"/>
    <property name="java.specification.vendor" value="Oracle Corporation"/>
    <property name="java.version.date" value="2025-04-15"/>
    <property name="java.home" value="E:\Program Files\Java\jdk-21"/>
    <property name="file.separator" value="\"/>
    <property name="basedir" value="E:\Duy\Projects\practices\karate_framework\demo"/>
    <property name="java.vm.compressedOopsMode" value="Zero based"/>
    <property name="line.separator" value="&#10;"/>
    <property name="java.vm.specification.vendor" value="Oracle Corporation"/>
    <property name="java.specification.name" value="Java Platform API Specification"/>
    <property name="surefire.real.class.path" value="C:\Users\MYIDS~1\AppData\Local\Temp\surefire11215680879785564161\surefirebooter15483775117488173732.jar"/>
    <property name="user.script" value=""/>
    <property name="sun.management.compiler" value="HotSpot 64-Bit Tiered Compilers"/>
    <property name="java.runtime.version" value="21.0.7+8-LTS-245"/>
    <property name="user.name" value="My IDS"/>
    <property name="stdout.encoding" value="Cp1252"/>
    <property name="path.separator" value=";"/>
    <property name="os.version" value="10.0"/>
    <property name="java.runtime.name" value="Java(TM) SE Runtime Environment"/>
    <property name="file.encoding" value="UTF-8"/>
    <property name="java.vm.name" value="Java HotSpot(TM) 64-Bit Server VM"/>
    <property name="localRepository" value="C:\Users\My IDS\.m2\repository"/>
    <property name="java.vendor.url.bug" value="https://bugreport.java.com/bugreport/"/>
    <property name="java.io.tmpdir" value="C:\Users\MYIDS~1\AppData\Local\Temp\"/>
    <property name="java.version" value="21.0.7"/>
    <property name="user.dir" value="E:\Duy\Projects\practices\karate_framework\demo"/>
    <property name="os.arch" value="amd64"/>
    <property name="java.vm.specification.name" value="Java Virtual Machine Specification"/>
    <property name="sun.os.patch.level" value=""/>
    <property name="native.encoding" value="Cp1252"/>
    <property name="java.library.path" value="E:\Program Files\Java\jdk-21\bin;C:\WINDOWS\Sun\Java\bin;C:\WINDOWS\system32;C:\WINDOWS;E:\Duy\ProgramFiles\anaconda3;E:\Duy\ProgramFiles\anaconda3\Library\mingw-w64\bin;E:\Duy\ProgramFiles\anaconda3\Library\usr\bin;E:\Duy\ProgramFiles\anaconda3\Library\bin;E:\Duy\ProgramFiles\anaconda3\Scripts;E:\Duy\ProgramFiles\anaconda3\bin;E:\Duy\ProgramFiles\anaconda3\condabin;C:\Program Files\Common Files\Oracle\Java\javapath;C:\WINDOWS\system32;C:\WINDOWS;C:\WINDOWS\System32\Wbem;C:\WINDOWS\System32\WindowsPowerShell\v1.0;C:\WINDOWS\System32\OpenSSH;C:\Program Files\Common Files\Autodesk Shared;C:\ProgramData\chocolatey\bin;C:\Program Files\Docker\Docker\resources\bin;C:\Program Files\dotnet;C:\Program Files\CMake\bin;C:\Program Files\Git\cmd;c:\Users\My IDS\AppData\Local\Programs\cursor\resources\app\bin;E:\Duy\ProgramFiles\nodejs;E:\Program Files\Java\jdk-21\bin;E:\Program Files\apache-maven-3.9.10\bin;C:\Users\My IDS\AppData\Local\Programs\Python\Python313\Scripts;C:\Users\My IDS\AppData\Local\Programs\Python\Python313;C:\Users\My IDS\.cargo\bin;C:\Users\My IDS\AppData\Local\Microsoft\WindowsApps;E:\Duy\ProgramFiles\Microsoft VS Code\bin;C:\Users\My IDS\.dotnet\tools;C:\Users\My IDS\AppData\Roaming\npm;E:\Program Files (x86)\Windsurf\bin;C:\Program Files\TA-Lib\bin;.;."/>
    <property name="java.vm.info" value="mixed mode, sharing"/>
    <property name="stderr.encoding" value="Cp1252"/>
    <property name="java.vendor" value="Oracle Corporation"/>
    <property name="java.vm.version" value="21.0.7+8-LTS-245"/>
    <property name="sun.io.unicode.encoding" value="UnicodeLittle"/>
    <property name="java.class.version" value="65.0"/>
  </properties>
  <testcase name="testParallel" classname="UI.UIsTest" time="89.914"/>
</testsuite>