<?xml version="1.0" encoding="UTF-8"?>
<testsuite xmlns:xsi="http://www.w3.org/2001/XMLSchema-instance" xsi:noNamespaceSchemaLocation="https://maven.apache.org/surefire/maven-surefire-plugin/xsd/surefire-test-report.xsd" name="UI.UIsTest" time="258.038" tests="1" errors="0" skipped="0" failures="1">
  <properties>
    <property name="java.specification.version" value="21"/>
    <property name="sun.cpu.isalist" value="amd64"/>
    <property name="sun.jnu.encoding" value="Cp1252"/>
    <property name="java.class.path" value="E:\Duy\Projects\practices\karate_framework\demo\target\test-classes;E:\Duy\Projects\practices\karate_framework\demo\target\classes;C:\Users\My IDS\.m2\repository\com\intuit\karate\karate-junit5\1.4.0\karate-junit5-1.4.0.jar;C:\Users\My IDS\.m2\repository\com\intuit\karate\karate-core\1.4.0\karate-core-1.4.0.jar;C:\Users\My IDS\.m2\repository\org\graalvm\js\js-scriptengine\22.3.0\js-scriptengine-22.3.0.jar;C:\Users\My IDS\.m2\repository\org\graalvm\sdk\graal-sdk\22.3.0\graal-sdk-22.3.0.jar;C:\Users\My IDS\.m2\repository\org\graalvm\js\js\22.3.0\js-22.3.0.jar;C:\Users\My IDS\.m2\repository\org\graalvm\regex\regex\22.3.0\regex-22.3.0.jar;C:\Users\My IDS\.m2\repository\org\graalvm\truffle\truffle-api\22.3.0\truffle-api-22.3.0.jar;C:\Users\My IDS\.m2\repository\com\ibm\icu\icu4j\71.1\icu4j-71.1.jar;C:\Users\My IDS\.m2\repository\org\thymeleaf\thymeleaf\3.0.14.RELEASE\thymeleaf-3.0.14.RELEASE.jar;C:\Users\My IDS\.m2\repository\ognl\ognl\3.1.26\ognl-3.1.26.jar;C:\Users\My IDS\.m2\repository\org\javassist\javassist\3.20.0-GA\javassist-3.20.0-GA.jar;C:\Users\My IDS\.m2\repository\org\attoparser\attoparser\2.0.5.RELEASE\attoparser-2.0.5.RELEASE.jar;C:\Users\My IDS\.m2\repository\org\unbescape\unbescape\1.1.6.RELEASE\unbescape-1.1.6.RELEASE.jar;C:\Users\My IDS\.m2\repository\org\slf4j\slf4j-api\1.7.25\slf4j-api-1.7.25.jar;C:\Users\My IDS\.m2\repository\com\linecorp\armeria\armeria\1.22.0\armeria-1.22.0.jar;C:\Users\My IDS\.m2\repository\com\fasterxml\jackson\core\jackson-core\2.14.2\jackson-core-2.14.2.jar;C:\Users\My IDS\.m2\repository\com\fasterxml\jackson\core\jackson-annotations\2.14.2\jackson-annotations-2.14.2.jar;C:\Users\My IDS\.m2\repository\com\fasterxml\jackson\core\jackson-databind\2.14.2\jackson-databind-2.14.2.jar;C:\Users\My IDS\.m2\repository\com\fasterxml\jackson\datatype\jackson-datatype-jdk8\2.14.2\jackson-datatype-jdk8-2.14.2.jar;C:\Users\My IDS\.m2\repository\com\fasterxml\jackson\datatype\jackson-datatype-jsr310\2.14.2\jackson-datatype-jsr310-2.14.2.jar;C:\Users\My IDS\.m2\repository\io\micrometer\micrometer-core\1.10.3\micrometer-core-1.10.3.jar;C:\Users\My IDS\.m2\repository\io\micrometer\micrometer-commons\1.10.3\micrometer-commons-1.10.3.jar;C:\Users\My IDS\.m2\repository\io\micrometer\micrometer-observation\1.10.3\micrometer-observation-1.10.3.jar;C:\Users\My IDS\.m2\repository\org\hdrhistogram\HdrHistogram\2.1.12\HdrHistogram-2.1.12.jar;C:\Users\My IDS\.m2\repository\org\latencyutils\LatencyUtils\2.0.3\LatencyUtils-2.0.3.jar;C:\Users\My IDS\.m2\repository\io\netty\netty-transport\4.1.87.Final\netty-transport-4.1.87.Final.jar;C:\Users\My IDS\.m2\repository\io\netty\netty-common\4.1.87.Final\netty-common-4.1.87.Final.jar;C:\Users\My IDS\.m2\repository\io\netty\netty-buffer\4.1.87.Final\netty-buffer-4.1.87.Final.jar;C:\Users\My IDS\.m2\repository\io\netty\netty-resolver\4.1.87.Final\netty-resolver-4.1.87.Final.jar;C:\Users\My IDS\.m2\repository\io\netty\netty-codec-haproxy\4.1.87.Final\netty-codec-haproxy-4.1.87.Final.jar;C:\Users\My IDS\.m2\repository\io\netty\netty-codec\4.1.87.Final\netty-codec-4.1.87.Final.jar;C:\Users\My IDS\.m2\repository\io\netty\netty-codec-http2\4.1.87.Final\netty-codec-http2-4.1.87.Final.jar;C:\Users\My IDS\.m2\repository\io\netty\netty-handler\4.1.87.Final\netty-handler-4.1.87.Final.jar;C:\Users\My IDS\.m2\repository\io\netty\netty-codec-http\4.1.87.Final\netty-codec-http-4.1.87.Final.jar;C:\Users\My IDS\.m2\repository\io\netty\netty-resolver-dns\4.1.87.Final\netty-resolver-dns-4.1.87.Final.jar;C:\Users\My IDS\.m2\repository\io\netty\netty-codec-dns\4.1.87.Final\netty-codec-dns-4.1.87.Final.jar;C:\Users\My IDS\.m2\repository\org\reactivestreams\reactive-streams\1.0.4\reactive-streams-1.0.4.jar;C:\Users\My IDS\.m2\repository\com\google\code\findbugs\jsr305\3.0.2\jsr305-3.0.2.jar;C:\Users\My IDS\.m2\repository\io\netty\netty-transport-native-unix-common\4.1.87.Final\netty-transport-native-unix-common-4.1.87.Final-linux-x86_64.jar;C:\Users\My IDS\.m2\repository\io\netty\netty-transport-native-epoll\4.1.87.Final\netty-transport-native-epoll-4.1.87.Final-linux-x86_64.jar;C:\Users\My IDS\.m2\repository\io\netty\netty-transport-native-unix-common\4.1.87.Final\netty-transport-native-unix-common-4.1.87.Final.jar;C:\Users\My IDS\.m2\repository\io\netty\netty-transport-classes-epoll\4.1.87.Final\netty-transport-classes-epoll-4.1.87.Final.jar;C:\Users\My IDS\.m2\repository\io\netty\netty-resolver-dns-native-macos\4.1.87.Final\netty-resolver-dns-native-macos-4.1.87.Final-osx-x86_64.jar;C:\Users\My IDS\.m2\repository\io\netty\netty-resolver-dns-classes-macos\4.1.87.Final\netty-resolver-dns-classes-macos-4.1.87.Final.jar;C:\Users\My IDS\.m2\repository\io\netty\netty-resolver-dns-native-macos\4.1.87.Final\netty-resolver-dns-native-macos-4.1.87.Final-osx-aarch_64.jar;C:\Users\My IDS\.m2\repository\io\netty\netty-tcnative-boringssl-static\2.0.56.Final\netty-tcnative-boringssl-static-2.0.56.Final-linux-x86_64.jar;C:\Users\My IDS\.m2\repository\io\netty\netty-tcnative-classes\2.0.56.Final\netty-tcnative-classes-2.0.56.Final.jar;C:\Users\My IDS\.m2\repository\io\netty\netty-tcnative-boringssl-static\2.0.56.Final\netty-tcnative-boringssl-static-2.0.56.Final-linux-aarch_64.jar;C:\Users\My IDS\.m2\repository\io\netty\netty-tcnative-boringssl-static\2.0.56.Final\netty-tcnative-boringssl-static-2.0.56.Final-osx-x86_64.jar;C:\Users\My IDS\.m2\repository\io\netty\netty-tcnative-boringssl-static\2.0.56.Final\netty-tcnative-boringssl-static-2.0.56.Final-osx-aarch_64.jar;C:\Users\My IDS\.m2\repository\io\netty\netty-tcnative-boringssl-static\2.0.56.Final\netty-tcnative-boringssl-static-2.0.56.Final-windows-x86_64.jar;C:\Users\My IDS\.m2\repository\io\netty\netty-handler-proxy\4.1.87.Final\netty-handler-proxy-4.1.87.Final.jar;C:\Users\My IDS\.m2\repository\io\netty\netty-codec-socks\4.1.87.Final\netty-codec-socks-4.1.87.Final.jar;C:\Users\My IDS\.m2\repository\com\aayushatharva\brotli4j\brotli4j\1.9.0\brotli4j-1.9.0.jar;C:\Users\My IDS\.m2\repository\org\apache\httpcomponents\httpclient\4.5.14\httpclient-4.5.14.jar;C:\Users\My IDS\.m2\repository\org\apache\httpcomponents\httpcore\4.4.16\httpcore-4.4.16.jar;C:\Users\My IDS\.m2\repository\commons-codec\commons-codec\1.11\commons-codec-1.11.jar;C:\Users\My IDS\.m2\repository\ch\qos\logback\logback-classic\1.2.9\logback-classic-1.2.9.jar;C:\Users\My IDS\.m2\repository\ch\qos\logback\logback-core\1.2.9\logback-core-1.2.9.jar;C:\Users\My IDS\.m2\repository\org\slf4j\jcl-over-slf4j\1.7.32\jcl-over-slf4j-1.7.32.jar;C:\Users\My IDS\.m2\repository\org\antlr\antlr4-runtime\4.11.1\antlr4-runtime-4.11.1.jar;C:\Users\My IDS\.m2\repository\com\jayway\jsonpath\json-path\2.8.0\json-path-2.8.0.jar;C:\Users\My IDS\.m2\repository\net\minidev\json-smart\2.4.10\json-smart-2.4.10.jar;C:\Users\My IDS\.m2\repository\net\minidev\accessors-smart\2.4.9\accessors-smart-2.4.9.jar;C:\Users\My IDS\.m2\repository\org\ow2\asm\asm\9.3\asm-9.3.jar;C:\Users\My IDS\.m2\repository\org\yaml\snakeyaml\2.0\snakeyaml-2.0.jar;C:\Users\My IDS\.m2\repository\de\siegmar\fastcsv\2.2.1\fastcsv-2.2.1.jar;C:\Users\My IDS\.m2\repository\info\picocli\picocli\4.7.1\picocli-4.7.1.jar;C:\Users\My IDS\.m2\repository\io\github\classgraph\classgraph\4.8.152\classgraph-4.8.152.jar;C:\Users\My IDS\.m2\repository\io\github\t12y\resemble\1.0.2\resemble-1.0.2.jar;C:\Users\My IDS\.m2\repository\io\github\t12y\ssim\1.0.0\ssim-1.0.0.jar;C:\Users\My IDS\.m2\repository\org\junit\jupiter\junit-jupiter-api\5.9.1\junit-jupiter-api-5.9.1.jar;C:\Users\My IDS\.m2\repository\org\opentest4j\opentest4j\1.2.0\opentest4j-1.2.0.jar;C:\Users\My IDS\.m2\repository\org\junit\platform\junit-platform-commons\1.9.1\junit-platform-commons-1.9.1.jar;C:\Users\My IDS\.m2\repository\org\apiguardian\apiguardian-api\1.1.2\apiguardian-api-1.1.2.jar;C:\Users\My IDS\.m2\repository\org\junit\jupiter\junit-jupiter-engine\5.9.1\junit-jupiter-engine-5.9.1.jar;C:\Users\My IDS\.m2\repository\org\junit\platform\junit-platform-engine\1.9.1\junit-platform-engine-1.9.1.jar;"/>
    <property name="java.vm.vendor" value="Oracle Corporation"/>
    <property name="sun.arch.data.model" value="64"/>
    <property name="user.variant" value=""/>
    <property name="java.vendor.url" value="https://java.oracle.com/"/>
    <property name="user.timezone" value="Asia/Saigon"/>
    <property name="os.name" value="Windows 10"/>
    <property name="java.vm.specification.version" value="21"/>
    <property name="sun.java.launcher" value="SUN_STANDARD"/>
    <property name="user.country" value="US"/>
    <property name="sun.boot.library.path" value="E:\Program Files\Java\jdk-21\bin"/>
    <property name="sun.java.command" value="C:\Users\MYIDS~1\AppData\Local\Temp\surefire3538077492026130021\surefirebooter6615597772153771763.jar C:\Users\My IDS\AppData\Local\Temp\surefire3538077492026130021 2025-07-14T00-16-34_899-jvmRun1 surefire8596617467129766512tmp surefire_010509534622695628751tmp"/>
    <property name="jdk.debug" value="release"/>
    <property name="surefire.test.class.path" value="E:\Duy\Projects\practices\karate_framework\demo\target\test-classes;E:\Duy\Projects\practices\karate_framework\demo\target\classes;C:\Users\My IDS\.m2\repository\com\intuit\karate\karate-junit5\1.4.0\karate-junit5-1.4.0.jar;C:\Users\My IDS\.m2\repository\com\intuit\karate\karate-core\1.4.0\karate-core-1.4.0.jar;C:\Users\My IDS\.m2\repository\org\graalvm\js\js-scriptengine\22.3.0\js-scriptengine-22.3.0.jar;C:\Users\My IDS\.m2\repository\org\graalvm\sdk\graal-sdk\22.3.0\graal-sdk-22.3.0.jar;C:\Users\My IDS\.m2\repository\org\graalvm\js\js\22.3.0\js-22.3.0.jar;C:\Users\My IDS\.m2\repository\org\graalvm\regex\regex\22.3.0\regex-22.3.0.jar;C:\Users\My IDS\.m2\repository\org\graalvm\truffle\truffle-api\22.3.0\truffle-api-22.3.0.jar;C:\Users\My IDS\.m2\repository\com\ibm\icu\icu4j\71.1\icu4j-71.1.jar;C:\Users\My IDS\.m2\repository\org\thymeleaf\thymeleaf\3.0.14.RELEASE\thymeleaf-3.0.14.RELEASE.jar;C:\Users\My IDS\.m2\repository\ognl\ognl\3.1.26\ognl-3.1.26.jar;C:\Users\My IDS\.m2\repository\org\javassist\javassist\3.20.0-GA\javassist-3.20.0-GA.jar;C:\Users\My IDS\.m2\repository\org\attoparser\attoparser\2.0.5.RELEASE\attoparser-2.0.5.RELEASE.jar;C:\Users\My IDS\.m2\repository\org\unbescape\unbescape\1.1.6.RELEASE\unbescape-1.1.6.RELEASE.jar;C:\Users\My IDS\.m2\repository\org\slf4j\slf4j-api\1.7.25\slf4j-api-1.7.25.jar;C:\Users\My IDS\.m2\repository\com\linecorp\armeria\armeria\1.22.0\armeria-1.22.0.jar;C:\Users\My IDS\.m2\repository\com\fasterxml\jackson\core\jackson-core\2.14.2\jackson-core-2.14.2.jar;C:\Users\My IDS\.m2\repository\com\fasterxml\jackson\core\jackson-annotations\2.14.2\jackson-annotations-2.14.2.jar;C:\Users\My IDS\.m2\repository\com\fasterxml\jackson\core\jackson-databind\2.14.2\jackson-databind-2.14.2.jar;C:\Users\My IDS\.m2\repository\com\fasterxml\jackson\datatype\jackson-datatype-jdk8\2.14.2\jackson-datatype-jdk8-2.14.2.jar;C:\Users\My IDS\.m2\repository\com\fasterxml\jackson\datatype\jackson-datatype-jsr310\2.14.2\jackson-datatype-jsr310-2.14.2.jar;C:\Users\My IDS\.m2\repository\io\micrometer\micrometer-core\1.10.3\micrometer-core-1.10.3.jar;C:\Users\My IDS\.m2\repository\io\micrometer\micrometer-commons\1.10.3\micrometer-commons-1.10.3.jar;C:\Users\My IDS\.m2\repository\io\micrometer\micrometer-observation\1.10.3\micrometer-observation-1.10.3.jar;C:\Users\My IDS\.m2\repository\org\hdrhistogram\HdrHistogram\2.1.12\HdrHistogram-2.1.12.jar;C:\Users\My IDS\.m2\repository\org\latencyutils\LatencyUtils\2.0.3\LatencyUtils-2.0.3.jar;C:\Users\My IDS\.m2\repository\io\netty\netty-transport\4.1.87.Final\netty-transport-4.1.87.Final.jar;C:\Users\My IDS\.m2\repository\io\netty\netty-common\4.1.87.Final\netty-common-4.1.87.Final.jar;C:\Users\My IDS\.m2\repository\io\netty\netty-buffer\4.1.87.Final\netty-buffer-4.1.87.Final.jar;C:\Users\My IDS\.m2\repository\io\netty\netty-resolver\4.1.87.Final\netty-resolver-4.1.87.Final.jar;C:\Users\My IDS\.m2\repository\io\netty\netty-codec-haproxy\4.1.87.Final\netty-codec-haproxy-4.1.87.Final.jar;C:\Users\My IDS\.m2\repository\io\netty\netty-codec\4.1.87.Final\netty-codec-4.1.87.Final.jar;C:\Users\My IDS\.m2\repository\io\netty\netty-codec-http2\4.1.87.Final\netty-codec-http2-4.1.87.Final.jar;C:\Users\My IDS\.m2\repository\io\netty\netty-handler\4.1.87.Final\netty-handler-4.1.87.Final.jar;C:\Users\My IDS\.m2\repository\io\netty\netty-codec-http\4.1.87.Final\netty-codec-http-4.1.87.Final.jar;C:\Users\My IDS\.m2\repository\io\netty\netty-resolver-dns\4.1.87.Final\netty-resolver-dns-4.1.87.Final.jar;C:\Users\My IDS\.m2\repository\io\netty\netty-codec-dns\4.1.87.Final\netty-codec-dns-4.1.87.Final.jar;C:\Users\My IDS\.m2\repository\org\reactivestreams\reactive-streams\1.0.4\reactive-streams-1.0.4.jar;C:\Users\My IDS\.m2\repository\com\google\code\findbugs\jsr305\3.0.2\jsr305-3.0.2.jar;C:\Users\My IDS\.m2\repository\io\netty\netty-transport-native-unix-common\4.1.87.Final\netty-transport-native-unix-common-4.1.87.Final-linux-x86_64.jar;C:\Users\My IDS\.m2\repository\io\netty\netty-transport-native-epoll\4.1.87.Final\netty-transport-native-epoll-4.1.87.Final-linux-x86_64.jar;C:\Users\My IDS\.m2\repository\io\netty\netty-transport-native-unix-common\4.1.87.Final\netty-transport-native-unix-common-4.1.87.Final.jar;C:\Users\My IDS\.m2\repository\io\netty\netty-transport-classes-epoll\4.1.87.Final\netty-transport-classes-epoll-4.1.87.Final.jar;C:\Users\My IDS\.m2\repository\io\netty\netty-resolver-dns-native-macos\4.1.87.Final\netty-resolver-dns-native-macos-4.1.87.Final-osx-x86_64.jar;C:\Users\My IDS\.m2\repository\io\netty\netty-resolver-dns-classes-macos\4.1.87.Final\netty-resolver-dns-classes-macos-4.1.87.Final.jar;C:\Users\My IDS\.m2\repository\io\netty\netty-resolver-dns-native-macos\4.1.87.Final\netty-resolver-dns-native-macos-4.1.87.Final-osx-aarch_64.jar;C:\Users\My IDS\.m2\repository\io\netty\netty-tcnative-boringssl-static\2.0.56.Final\netty-tcnative-boringssl-static-2.0.56.Final-linux-x86_64.jar;C:\Users\My IDS\.m2\repository\io\netty\netty-tcnative-classes\2.0.56.Final\netty-tcnative-classes-2.0.56.Final.jar;C:\Users\My IDS\.m2\repository\io\netty\netty-tcnative-boringssl-static\2.0.56.Final\netty-tcnative-boringssl-static-2.0.56.Final-linux-aarch_64.jar;C:\Users\My IDS\.m2\repository\io\netty\netty-tcnative-boringssl-static\2.0.56.Final\netty-tcnative-boringssl-static-2.0.56.Final-osx-x86_64.jar;C:\Users\My IDS\.m2\repository\io\netty\netty-tcnative-boringssl-static\2.0.56.Final\netty-tcnative-boringssl-static-2.0.56.Final-osx-aarch_64.jar;C:\Users\My IDS\.m2\repository\io\netty\netty-tcnative-boringssl-static\2.0.56.Final\netty-tcnative-boringssl-static-2.0.56.Final-windows-x86_64.jar;C:\Users\My IDS\.m2\repository\io\netty\netty-handler-proxy\4.1.87.Final\netty-handler-proxy-4.1.87.Final.jar;C:\Users\My IDS\.m2\repository\io\netty\netty-codec-socks\4.1.87.Final\netty-codec-socks-4.1.87.Final.jar;C:\Users\My IDS\.m2\repository\com\aayushatharva\brotli4j\brotli4j\1.9.0\brotli4j-1.9.0.jar;C:\Users\My IDS\.m2\repository\org\apache\httpcomponents\httpclient\4.5.14\httpclient-4.5.14.jar;C:\Users\My IDS\.m2\repository\org\apache\httpcomponents\httpcore\4.4.16\httpcore-4.4.16.jar;C:\Users\My IDS\.m2\repository\commons-codec\commons-codec\1.11\commons-codec-1.11.jar;C:\Users\My IDS\.m2\repository\ch\qos\logback\logback-classic\1.2.9\logback-classic-1.2.9.jar;C:\Users\My IDS\.m2\repository\ch\qos\logback\logback-core\1.2.9\logback-core-1.2.9.jar;C:\Users\My IDS\.m2\repository\org\slf4j\jcl-over-slf4j\1.7.32\jcl-over-slf4j-1.7.32.jar;C:\Users\My IDS\.m2\repository\org\antlr\antlr4-runtime\4.11.1\antlr4-runtime-4.11.1.jar;C:\Users\My IDS\.m2\repository\com\jayway\jsonpath\json-path\2.8.0\json-path-2.8.0.jar;C:\Users\My IDS\.m2\repository\net\minidev\json-smart\2.4.10\json-smart-2.4.10.jar;C:\Users\My IDS\.m2\repository\net\minidev\accessors-smart\2.4.9\accessors-smart-2.4.9.jar;C:\Users\My IDS\.m2\repository\org\ow2\asm\asm\9.3\asm-9.3.jar;C:\Users\My IDS\.m2\repository\org\yaml\snakeyaml\2.0\snakeyaml-2.0.jar;C:\Users\My IDS\.m2\repository\de\siegmar\fastcsv\2.2.1\fastcsv-2.2.1.jar;C:\Users\My IDS\.m2\repository\info\picocli\picocli\4.7.1\picocli-4.7.1.jar;C:\Users\My IDS\.m2\repository\io\github\classgraph\classgraph\4.8.152\classgraph-4.8.152.jar;C:\Users\My IDS\.m2\repository\io\github\t12y\resemble\1.0.2\resemble-1.0.2.jar;C:\Users\My IDS\.m2\repository\io\github\t12y\ssim\1.0.0\ssim-1.0.0.jar;C:\Users\My IDS\.m2\repository\org\junit\jupiter\junit-jupiter-api\5.9.1\junit-jupiter-api-5.9.1.jar;C:\Users\My IDS\.m2\repository\org\opentest4j\opentest4j\1.2.0\opentest4j-1.2.0.jar;C:\Users\My IDS\.m2\repository\org\junit\platform\junit-platform-commons\1.9.1\junit-platform-commons-1.9.1.jar;C:\Users\My IDS\.m2\repository\org\apiguardian\apiguardian-api\1.1.2\apiguardian-api-1.1.2.jar;C:\Users\My IDS\.m2\repository\org\junit\jupiter\junit-jupiter-engine\5.9.1\junit-jupiter-engine-5.9.1.jar;C:\Users\My IDS\.m2\repository\org\junit\platform\junit-platform-engine\1.9.1\junit-platform-engine-1.9.1.jar;"/>
    <property name="sun.cpu.endian" value="little"/>
    <property name="user.home" value="C:\Users\My IDS"/>
    <property name="user.language" value="en"/>
    <property name="java.specification.vendor" value="Oracle Corporation"/>
    <property name="java.version.date" value="2025-04-15"/>
    <property name="java.home" value="E:\Program Files\Java\jdk-21"/>
    <property name="file.separator" value="\"/>
    <property name="basedir" value="E:\Duy\Projects\practices\karate_framework\demo"/>
    <property name="java.vm.compressedOopsMode" value="Zero based"/>
    <property name="line.separator" value="&#10;"/>
    <property name="java.vm.specification.vendor" value="Oracle Corporation"/>
    <property name="java.specification.name" value="Java Platform API Specification"/>
    <property name="surefire.real.class.path" value="C:\Users\MYIDS~1\AppData\Local\Temp\surefire3538077492026130021\surefirebooter6615597772153771763.jar"/>
    <property name="user.script" value=""/>
    <property name="sun.management.compiler" value="HotSpot 64-Bit Tiered Compilers"/>
    <property name="java.runtime.version" value="21.0.7+8-LTS-245"/>
    <property name="user.name" value="My IDS"/>
    <property name="stdout.encoding" value="Cp1252"/>
    <property name="path.separator" value=";"/>
    <property name="os.version" value="10.0"/>
    <property name="java.runtime.name" value="Java(TM) SE Runtime Environment"/>
    <property name="file.encoding" value="UTF-8"/>
    <property name="java.vm.name" value="Java HotSpot(TM) 64-Bit Server VM"/>
    <property name="localRepository" value="C:\Users\My IDS\.m2\repository"/>
    <property name="java.vendor.url.bug" value="https://bugreport.java.com/bugreport/"/>
    <property name="java.io.tmpdir" value="C:\Users\MYIDS~1\AppData\Local\Temp\"/>
    <property name="java.version" value="21.0.7"/>
    <property name="user.dir" value="E:\Duy\Projects\practices\karate_framework\demo"/>
    <property name="os.arch" value="amd64"/>
    <property name="java.vm.specification.name" value="Java Virtual Machine Specification"/>
    <property name="sun.os.patch.level" value=""/>
    <property name="native.encoding" value="Cp1252"/>
    <property name="java.library.path" value="E:\Program Files\Java\jdk-21\bin;C:\WINDOWS\Sun\Java\bin;C:\WINDOWS\system32;C:\WINDOWS;E:\Duy\ProgramFiles\anaconda3;E:\Duy\ProgramFiles\anaconda3\Library\mingw-w64\bin;E:\Duy\ProgramFiles\anaconda3\Library\usr\bin;E:\Duy\ProgramFiles\anaconda3\Library\bin;E:\Duy\ProgramFiles\anaconda3\Scripts;E:\Duy\ProgramFiles\anaconda3\bin;E:\Duy\ProgramFiles\anaconda3\condabin;C:\Program Files\Common Files\Oracle\Java\javapath;C:\WINDOWS\system32;C:\WINDOWS;C:\WINDOWS\System32\Wbem;C:\WINDOWS\System32\WindowsPowerShell\v1.0;C:\WINDOWS\System32\OpenSSH;C:\Program Files\Common Files\Autodesk Shared;C:\ProgramData\chocolatey\bin;C:\Program Files\Docker\Docker\resources\bin;C:\Program Files\dotnet;C:\Program Files\CMake\bin;C:\Program Files\Git\cmd;c:\Users\My IDS\AppData\Local\Programs\cursor\resources\app\bin;E:\Duy\ProgramFiles\nodejs;E:\Program Files\Java\jdk-21\bin;E:\Program Files\apache-maven-3.9.10\bin;C:\Users\My IDS\AppData\Local\Programs\Python\Python313\Scripts;C:\Users\My IDS\AppData\Local\Programs\Python\Python313;C:\Users\My IDS\.cargo\bin;C:\Users\My IDS\AppData\Local\Microsoft\WindowsApps;E:\Duy\ProgramFiles\Microsoft VS Code\bin;C:\Users\My IDS\.dotnet\tools;C:\Users\My IDS\AppData\Roaming\npm;E:\Program Files (x86)\Windsurf\bin;."/>
    <property name="java.vm.info" value="mixed mode, sharing"/>
    <property name="stderr.encoding" value="Cp1252"/>
    <property name="java.vendor" value="Oracle Corporation"/>
    <property name="java.vm.version" value="21.0.7+8-LTS-245"/>
    <property name="sun.io.unicode.encoding" value="UnicodeLittle"/>
    <property name="java.class.version" value="65.0"/>
  </properties>
  <testcase name="testParallel" classname="UI.UIsTest" time="257.999">
    <failure message="js failed:&#10;&gt;&gt;&gt;&gt;&#10;01: retry(5, 10000).waitForEnabled(buttonXpath).click()&#10;&lt;&lt;&lt;&lt;&#10;org.graalvm.polyglot.PolyglotException: waitUntil (js): failed after 5 retries and 110298 milliseconds&#10;- com.intuit.karate.driver.DriverOptions.retry(DriverOptions.java:517)&#10;- com.intuit.karate.driver.DevToolsDriver.waitUntil(DevToolsDriver.java:777)&#10;- com.intuit.karate.driver.DriverOptions.waitUntil(DriverOptions.java:674)&#10;- com.intuit.karate.driver.Driver.waitUntil(Driver.java:283)&#10;- com.intuit.karate.driver.Driver.waitForEnabled(Driver.java:252)&#10;- &lt;js&gt;.:program(Unnamed:1)&#10;&#10;classpath:UI/HomePageUI/HomePage.feature:17&#10;classpath:UI/HomePageUI/Home.feature:18&#10;match failed: EQUALS&#10;  $ | not equal | actual array length is not equal to expected - 0:6 (LIST:LIST)&#10;  []&#10;  [&quot;Test.allTheThings() T-Shirt (Red)&quot;,&quot;Sauce Labs Onesie&quot;,&quot;Sauce Labs Fleece Jacket&quot;,&quot;Sauce Labs Bolt T-Shirt&quot;,&quot;Sauce Labs Bike Light&quot;,&quot;Sauce Labs Backpack&quot;]&#10;&#10;&#10;classpath:UI/HomePageUI/Home.feature:53&#10;match failed: EQUALS&#10;  $ | not equal | actual array length is not equal to expected - 0:6 (LIST:LIST)&#10;  []&#10;  [7.99,9.99,15.99,15.99,29.99,49.99]&#10;&#10;&#10;classpath:UI/HomePageUI/Home.feature:76&#10;js failed:&#10;&gt;&gt;&gt;&gt;&#10;01: waitFor(homePage.sortBtn)&#10;&lt;&lt;&lt;&lt;&#10;org.graalvm.polyglot.PolyglotException: waitUntil (js): failed after 5 retries and 15063 milliseconds&#10;- com.intuit.karate.driver.DriverOptions.retry(DriverOptions.java:517)&#10;- com.intuit.karate.driver.DevToolsDriver.waitUntil(DevToolsDriver.java:777)&#10;- com.intuit.karate.driver.DriverOptions.waitForAny(DriverOptions.java:700)&#10;- com.intuit.karate.driver.Driver.waitFor(Driver.java:237)&#10;- &lt;js&gt;.:anonymous(Unnamed:1)&#10;&#10;classpath:UI/HomePageUI/HomePage.feature:8&#10;classpath:UI/HomePageUI/Home.feature:81&#10;js failed:&#10;&gt;&gt;&gt;&gt;&#10;01: waitForEnabled(homePage.burgerMenuBtn).click()&#10;&lt;&lt;&lt;&lt;&#10;org.graalvm.polyglot.PolyglotException: waitUntil (js): failed after 5 retries and 33166 milliseconds&#10;- com.intuit.karate.driver.DriverOptions.retry(DriverOptions.java:517)&#10;- com.intuit.karate.driver.DevToolsDriver.waitUntil(DevToolsDriver.java:777)&#10;- com.intuit.karate.driver.DriverOptions.waitUntil(DriverOptions.java:674)&#10;- com.intuit.karate.driver.Driver.waitUntil(Driver.java:283)&#10;- com.intuit.karate.driver.Driver.waitForEnabled(Driver.java:252)&#10;- &lt;js&gt;.:anonymous(Unnamed:1)&#10;&#10;classpath:UI/HomePageUI/HomePage.feature:30&#10;classpath:UI/HomePageUI/Home.feature:106&#10;js failed:&#10;&gt;&gt;&gt;&gt;&#10;01: if (type == &apos;success&apos;) {&#10;02: driver.waitForUrl(homepageURL);&#10;03: } else {&#10;04: karate.match(driver.text(loginPage.errorDisplay), message);&#10;05: }&#10;&lt;&lt;&lt;&lt;&#10;org.graalvm.polyglot.PolyglotException: ReferenceError: &quot;homepageURL&quot; is not defined&#10;- &lt;js&gt;.:program(Unnamed:2)&#10;&#10;classpath:UI/LoginUI/Login.feature:33 ==&gt; expected: &lt;0&gt; but was: &lt;6&gt;" type="org.opentest4j.AssertionFailedError"><![CDATA[org.opentest4j.AssertionFailedError: 
js failed:
>>>>
01: retry(5, 10000).waitForEnabled(buttonXpath).click()
<<<<
org.graalvm.polyglot.PolyglotException: waitUntil (js): failed after 5 retries and 110298 milliseconds
- com.intuit.karate.driver.DriverOptions.retry(DriverOptions.java:517)
- com.intuit.karate.driver.DevToolsDriver.waitUntil(DevToolsDriver.java:777)
- com.intuit.karate.driver.DriverOptions.waitUntil(DriverOptions.java:674)
- com.intuit.karate.driver.Driver.waitUntil(Driver.java:283)
- com.intuit.karate.driver.Driver.waitForEnabled(Driver.java:252)
- <js>.:program(Unnamed:1)

classpath:UI/HomePageUI/HomePage.feature:17
classpath:UI/HomePageUI/Home.feature:18
match failed: EQUALS
  $ | not equal | actual array length is not equal to expected - 0:6 (LIST:LIST)
  []
  ["Test.allTheThings() T-Shirt (Red)","Sauce Labs Onesie","Sauce Labs Fleece Jacket","Sauce Labs Bolt T-Shirt","Sauce Labs Bike Light","Sauce Labs Backpack"]


classpath:UI/HomePageUI/Home.feature:53
match failed: EQUALS
  $ | not equal | actual array length is not equal to expected - 0:6 (LIST:LIST)
  []
  [7.99,9.99,15.99,15.99,29.99,49.99]


classpath:UI/HomePageUI/Home.feature:76
js failed:
>>>>
01: waitFor(homePage.sortBtn)
<<<<
org.graalvm.polyglot.PolyglotException: waitUntil (js): failed after 5 retries and 15063 milliseconds
- com.intuit.karate.driver.DriverOptions.retry(DriverOptions.java:517)
- com.intuit.karate.driver.DevToolsDriver.waitUntil(DevToolsDriver.java:777)
- com.intuit.karate.driver.DriverOptions.waitForAny(DriverOptions.java:700)
- com.intuit.karate.driver.Driver.waitFor(Driver.java:237)
- <js>.:anonymous(Unnamed:1)

classpath:UI/HomePageUI/HomePage.feature:8
classpath:UI/HomePageUI/Home.feature:81
js failed:
>>>>
01: waitForEnabled(homePage.burgerMenuBtn).click()
<<<<
org.graalvm.polyglot.PolyglotException: waitUntil (js): failed after 5 retries and 33166 milliseconds
- com.intuit.karate.driver.DriverOptions.retry(DriverOptions.java:517)
- com.intuit.karate.driver.DevToolsDriver.waitUntil(DevToolsDriver.java:777)
- com.intuit.karate.driver.DriverOptions.waitUntil(DriverOptions.java:674)
- com.intuit.karate.driver.Driver.waitUntil(Driver.java:283)
- com.intuit.karate.driver.Driver.waitForEnabled(Driver.java:252)
- <js>.:anonymous(Unnamed:1)

classpath:UI/HomePageUI/HomePage.feature:30
classpath:UI/HomePageUI/Home.feature:106
js failed:
>>>>
01: if (type == 'success') {
02: driver.waitForUrl(homepageURL);
03: } else {
04: karate.match(driver.text(loginPage.errorDisplay), message);
05: }
<<<<
org.graalvm.polyglot.PolyglotException: ReferenceError: "homepageURL" is not defined
- <js>.:program(Unnamed:2)

classpath:UI/LoginUI/Login.feature:33 ==> expected: <0> but was: <6>
	at UI.UIsTest.testParallel(UIsTest.java:17)
]]></failure>
    <system-out><![CDATA[00:16:40.200 [main] DEBUG com.intuit.karate.Suite - [config] classpath:karate-config.js
00:16:42.525 [main] INFO  com.intuit.karate - karate.env system property was: null 
00:16:42.765 [main] DEBUG com.intuit.karate.shell.Command - found / verified free local port: 9222
00:16:42.769 [chrome_1752427002740] DEBUG c.i.k.driver.chrome_1752427002740 - command: [C:\Program Files\Google\Chrome\Application\chrome.exe, --remote-debugging-port=9222, --remote-allow-origins=*, --no-first-run, --user-data-dir=E:\Duy\Projects\practices\karate_framework\demo\target\chrome_1752427002740, --disable-popup-blocking, --disable-features=PasswordManager, --incognito], working dir: target\chrome_1752427002740
00:16:42.782 [main] DEBUG c.i.k.driver.chrome_1752427002740 - poll attempt #0 for port to be ready - localhost:9222
00:16:43.054 [main] DEBUG c.i.k.driver.chrome_1752427002740 - poll attempt #1 for port to be ready - localhost:9222
00:16:43.282 [chrome_1752427002740-out] DEBUG c.i.k.driver.chrome_1752427002740 - 
00:16:43.282 [chrome_1752427002740-out] DEBUG c.i.k.driver.chrome_1752427002740 - DevTools listening on ws://127.0.0.1:9222/devtools/browser/555e60a4-4c26-40f9-9e37-c655051b9460
00:16:43.322 [main] DEBUG c.i.k.driver.chrome_1752427002740 - poll attempt #2 for port to be ready - localhost:9222
00:16:44.501 [main] DEBUG com.intuit.karate - request:
1 > GET http://localhost:9222/json
1 > Host: localhost:9222
1 > Connection: Keep-Alive
1 > User-Agent: Apache-HttpClient/4.5.14 (Java/21.0.7)
1 > Accept-Encoding: gzip,deflate


00:16:44.546 [main] DEBUG com.intuit.karate - response time in milliseconds: 41
1 < 200
1 < Content-Security-Policy: frame-ancestors 'none'
1 < Content-Length: 2111
1 < Content-Type: application/json; charset=UTF-8
[ {
   "description": "",
   "devtoolsFrontendUrl": "https://chrome-devtools-frontend.appspot.com/serve_rev/@a2159ad9ab8037bd34a21b9903003e0964c2075b/inspector.html?ws=localhost:9222/devtools/page/0224A16A9B29A6CE14DE3185B1D01270",
   "id": "0224A16A9B29A6CE14DE3185B1D01270",
   "title": "Google Hangouts",
   "type": "background_page",
   "url": "chrome-extension://nkeimhogjdpnpccoofpliimaahmaaome/background.html",
   "webSocketDebuggerUrl": "ws://localhost:9222/devtools/page/0224A16A9B29A6CE14DE3185B1D01270"
}, {
   "description": "",
   "devtoolsFrontendUrl": "https://chrome-devtools-frontend.appspot.com/serve_rev/@a2159ad9ab8037bd34a21b9903003e0964c2075b/inspector.html?ws=localhost:9222/devtools/page/7ACF173225FBB6FEF2E19405653446D6",
   "id": "7ACF173225FBB6FEF2E19405653446D6",
   "title": "Google Hangouts",
   "type": "background_page",
   "url": "chrome-extension://nkeimhogjdpnpccoofpliimaahmaaome/background.html",
   "webSocketDebuggerUrl": "ws://localhost:9222/devtools/page/7ACF173225FBB6FEF2E19405653446D6"
}, {
   "description": "",
   "devtoolsFrontendUrl": "https://chrome-devtools-frontend.appspot.com/serve_rev/@a2159ad9ab8037bd34a21b9903003e0964c2075b/inspector.html?ws=localhost:9222/devtools/page/C0BEA6016AED33C7E2CA0CC67DDBAF81",
   "id": "C0BEA6016AED33C7E2CA0CC67DDBAF81",
   "title": "New Incognito Tab",
   "type": "page",
   "url": "chrome://newtab/",
   "webSocketDebuggerUrl": "ws://localhost:9222/devtools/page/C0BEA6016AED33C7E2CA0CC67DDBAF81"
}, {
   "description": "",
   "devtoolsFrontendUrl": "https://chrome-devtools-frontend.appspot.com/serve_rev/@a2159ad9ab8037bd34a21b9903003e0964c2075b/worker_app.html?ws=localhost:9222/devtools/page/1D9FD2C29797C1547C525073B5D693A5",
   "id": "1D9FD2C29797C1547C525073B5D693A5",
   "title": "Service Worker chrome-extension://fignfifoniblkonapihmkfakmlgkbkcf/service_worker.js",
   "type": "service_worker",
   "url": "chrome-extension://fignfifoniblkonapihmkfakmlgkbkcf/service_worker.js",
   "webSocketDebuggerUrl": "ws://localhost:9222/devtools/page/1D9FD2C29797C1547C525073B5D693A5"
} ]


00:16:44.556 [main] DEBUG com.intuit.karate.shell.Command - ready to accept http connections after 1135 ms - http://localhost:9222/json
00:16:44.561 [main] DEBUG com.intuit.karate - request:
1 > GET http://localhost:9222/json
1 > Host: localhost:9222
1 > Connection: Keep-Alive
1 > User-Agent: Apache-HttpClient/4.5.14 (Java/21.0.7)
1 > Accept-Encoding: gzip,deflate


00:16:44.564 [main] DEBUG com.intuit.karate - response time in milliseconds: 1
1 < 200
1 < Content-Security-Policy: frame-ancestors 'none'
1 < Content-Length: 2111
1 < Content-Type: application/json; charset=UTF-8
[ {
   "description": "",
   "devtoolsFrontendUrl": "https://chrome-devtools-frontend.appspot.com/serve_rev/@a2159ad9ab8037bd34a21b9903003e0964c2075b/inspector.html?ws=localhost:9222/devtools/page/0224A16A9B29A6CE14DE3185B1D01270",
   "id": "0224A16A9B29A6CE14DE3185B1D01270",
   "title": "Google Hangouts",
   "type": "background_page",
   "url": "chrome-extension://nkeimhogjdpnpccoofpliimaahmaaome/background.html",
   "webSocketDebuggerUrl": "ws://localhost:9222/devtools/page/0224A16A9B29A6CE14DE3185B1D01270"
}, {
   "description": "",
   "devtoolsFrontendUrl": "https://chrome-devtools-frontend.appspot.com/serve_rev/@a2159ad9ab8037bd34a21b9903003e0964c2075b/inspector.html?ws=localhost:9222/devtools/page/7ACF173225FBB6FEF2E19405653446D6",
   "id": "7ACF173225FBB6FEF2E19405653446D6",
   "title": "Google Hangouts",
   "type": "background_page",
   "url": "chrome-extension://nkeimhogjdpnpccoofpliimaahmaaome/background.html",
   "webSocketDebuggerUrl": "ws://localhost:9222/devtools/page/7ACF173225FBB6FEF2E19405653446D6"
}, {
   "description": "",
   "devtoolsFrontendUrl": "https://chrome-devtools-frontend.appspot.com/serve_rev/@a2159ad9ab8037bd34a21b9903003e0964c2075b/inspector.html?ws=localhost:9222/devtools/page/C0BEA6016AED33C7E2CA0CC67DDBAF81",
   "id": "C0BEA6016AED33C7E2CA0CC67DDBAF81",
   "title": "New Incognito Tab",
   "type": "page",
   "url": "chrome://newtab/",
   "webSocketDebuggerUrl": "ws://localhost:9222/devtools/page/C0BEA6016AED33C7E2CA0CC67DDBAF81"
}, {
   "description": "",
   "devtoolsFrontendUrl": "https://chrome-devtools-frontend.appspot.com/serve_rev/@a2159ad9ab8037bd34a21b9903003e0964c2075b/worker_app.html?ws=localhost:9222/devtools/page/1D9FD2C29797C1547C525073B5D693A5",
   "id": "1D9FD2C29797C1547C525073B5D693A5",
   "title": "Service Worker chrome-extension://fignfifoniblkonapihmkfakmlgkbkcf/service_worker.js",
   "type": "service_worker",
   "url": "chrome-extension://fignfifoniblkonapihmkfakmlgkbkcf/service_worker.js",
   "webSocketDebuggerUrl": "ws://localhost:9222/devtools/page/1D9FD2C29797C1547C525073B5D693A5"
} ]


00:16:44.571 [main] DEBUG c.i.k.driver.chrome_1752427002740 - root frame id: C0BEA6016AED33C7E2CA0CC67DDBAF81
00:16:45.060 [nioEventLoopGroup-2-1] DEBUG c.i.k.http.WebSocketClientHandler - websocket client connected
00:16:45.066 [main] DEBUG c.i.k.driver.chrome_1752427002740 - >> {"id":1,"method":"Target.attachToTarget","params":{"targetId":"C0BEA6016AED33C7E2CA0CC67DDBAF81","flatten":true}}
00:16:45.089 [nioEventLoopGroup-2-1] DEBUG c.i.k.driver.chrome_1752427002740 - << {"method":"Target.attachedToTarget","params":{"sessionId":"9F991FBDD24A3DECF2F1C9FED5782391","targetInfo":{"targetId":"C0BEA6016AED33C7E2CA0CC67DDBAF81","type":"page","title":"New Incognito Tab","url":"chrome://newtab/","attached":true,"canAccessOpener":false,"browserContextId":"82875F3E112858AB21D96658ED3CF715"},"waitingForDebugger":false}}
00:16:45.091 [nioEventLoopGroup-2-1] DEBUG c.i.k.driver.chrome_1752427002740 - << {"id":1,"result":{"sessionId":"9F991FBDD24A3DECF2F1C9FED5782391"}}
00:16:45.095 [main] DEBUG c.i.k.driver.chrome_1752427002740 - >> {"id":2,"sessionId":"9F991FBDD24A3DECF2F1C9FED5782391","method":"Target.activateTarget","params":{"targetId":"C0BEA6016AED33C7E2CA0CC67DDBAF81"}}
00:16:45.100 [nioEventLoopGroup-2-1] DEBUG c.i.k.driver.chrome_1752427002740 - << {"id":2,"result":{},"sessionId":"9F991FBDD24A3DECF2F1C9FED5782391"}
00:16:45.102 [main] DEBUG c.i.k.driver.chrome_1752427002740 - >> {"id":3,"sessionId":"9F991FBDD24A3DECF2F1C9FED5782391","method":"Target.setDiscoverTargets","params":{"discover":true}}
00:16:45.104 [nioEventLoopGroup-2-1] DEBUG c.i.k.driver.chrome_1752427002740 - << {"method":"Target.targetCreated","params":{"targetInfo":{"targetId":"0224A16A9B29A6CE14DE3185B1D01270","type":"background_page","title":"Google Hangouts","url":"chrome-extension://nkeimhogjdpnpccoofpliimaahmaaome/background.html","attached":false,"canAccessOpener":false,"browserContextId":"82875F3E112858AB21D96658ED3CF715"}},"sessionId":"9F991FBDD24A3DECF2F1C9FED5782391"}
00:16:45.106 [nioEventLoopGroup-2-1] DEBUG c.i.k.driver.chrome_1752427002740 - << {"method":"Target.targetCreated","params":{"targetInfo":{"targetId":"1D9FD2C29797C1547C525073B5D693A5","type":"service_worker","title":"Service Worker chrome-extension://fignfifoniblkonapihmkfakmlgkbkcf/service_worker.js","url":"chrome-extension://fignfifoniblkonapihmkfakmlgkbkcf/service_worker.js","attached":false,"canAccessOpener":false,"browserContextId":"17C36E271500E219B6F6725D94FA744E"}},"sessionId":"9F991FBDD24A3DECF2F1C9FED5782391"}
00:16:45.107 [nioEventLoopGroup-2-1] DEBUG c.i.k.driver.chrome_1752427002740 - << {"method":"Target.targetCreated","params":{"targetInfo":{"targetId":"7ACF173225FBB6FEF2E19405653446D6","type":"background_page","title":"Google Hangouts","url":"chrome-extension://nkeimhogjdpnpccoofpliimaahmaaome/background.html","attached":false,"canAccessOpener":false,"browserContextId":"17C36E271500E219B6F6725D94FA744E"}},"sessionId":"9F991FBDD24A3DECF2F1C9FED5782391"}
00:16:45.108 [nioEventLoopGroup-2-1] DEBUG c.i.k.driver.chrome_1752427002740 - << {"method":"Target.targetCreated","params":{"targetInfo":{"targetId":"C0BEA6016AED33C7E2CA0CC67DDBAF81","type":"page","title":"New Incognito Tab","url":"chrome://newtab/","attached":true,"canAccessOpener":false,"browserContextId":"82875F3E112858AB21D96658ED3CF715"}},"sessionId":"9F991FBDD24A3DECF2F1C9FED5782391"}
00:16:45.109 [nioEventLoopGroup-2-1] DEBUG c.i.k.driver.chrome_1752427002740 - << {"id":3,"result":{},"sessionId":"9F991FBDD24A3DECF2F1C9FED5782391"}
00:16:45.111 [main] DEBUG c.i.k.driver.chrome_1752427002740 - >> {"id":4,"sessionId":"9F991FBDD24A3DECF2F1C9FED5782391","method":"Page.enable"}
00:16:45.114 [nioEventLoopGroup-2-1] DEBUG c.i.k.driver.chrome_1752427002740 - << {"id":4,"result":{},"sessionId":"9F991FBDD24A3DECF2F1C9FED5782391"}
00:16:45.115 [main] DEBUG c.i.k.driver.chrome_1752427002740 - >> {"id":5,"sessionId":"9F991FBDD24A3DECF2F1C9FED5782391","method":"Runtime.enable"}
00:16:45.118 [nioEventLoopGroup-2-1] DEBUG c.i.k.driver.chrome_1752427002740 - << {"method":"Runtime.executionContextCreated","params":{"context":{"id":1,"origin":"chrome://newtab","name":"","uniqueId":"2997924049081525215.-5088894626073116653","auxData":{"isDefault":true,"type":"default","frameId":"C0BEA6016AED33C7E2CA0CC67DDBAF81"}}},"sessionId":"9F991FBDD24A3DECF2F1C9FED5782391"}
00:16:45.119 [nioEventLoopGroup-2-1] DEBUG c.i.k.driver.chrome_1752427002740 - << {"id":5,"result":{},"sessionId":"9F991FBDD24A3DECF2F1C9FED5782391"}
00:16:45.120 [main] DEBUG c.i.k.driver.chrome_1752427002740 - >> {"id":6,"sessionId":"9F991FBDD24A3DECF2F1C9FED5782391","method":"Browser.getWindowForTarget","params":{"targetId":"C0BEA6016AED33C7E2CA0CC67DDBAF81"}}
00:16:45.122 [nioEventLoopGroup-2-1] DEBUG c.i.k.driver.chrome_1752427002740 - << {"id":6,"result":{"windowId":412682704,"bounds":{"left":10,"top":10,"width":945,"height":1060,"windowState":"normal"}},"sessionId":"9F991FBDD24A3DECF2F1C9FED5782391"}
00:16:45.457 [main] DEBUG c.i.k.driver.chrome_1752427002740 - >> {"id":7,"sessionId":"9F991FBDD24A3DECF2F1C9FED5782391","method":"Page.navigate","params":{"url":"https:\/\/saucedemo.com\/"}}
00:16:45.472 [nioEventLoopGroup-2-1] DEBUG c.i.k.driver.chrome_1752427002740 - << {"method":"Page.frameStartedNavigating","params":{"frameId":"C0BEA6016AED33C7E2CA0CC67DDBAF81","url":"https://saucedemo.com/","loaderId":"9953A0FAD13DC5EEB3CA61BD1F0AA048","navigationType":"differentDocument"},"sessionId":"9F991FBDD24A3DECF2F1C9FED5782391"}
00:16:45.473 [nioEventLoopGroup-2-1] DEBUG c.i.k.driver.chrome_1752427002740 - << {"method":"Page.frameStartedLoading","params":{"frameId":"C0BEA6016AED33C7E2CA0CC67DDBAF81"},"sessionId":"9F991FBDD24A3DECF2F1C9FED5782391"}
00:16:45.658 [nioEventLoopGroup-2-1] DEBUG c.i.k.driver.chrome_1752427002740 - << {"id":7,"result":{"frameId":"C0BEA6016AED33C7E2CA0CC67DDBAF81","loaderId":"9953A0FAD13DC5EEB3CA61BD1F0AA048"},"sessionId":"9F991FBDD24A3DECF2F1C9FED5782391"}
00:16:45.662 [nioEventLoopGroup-2-1] DEBUG c.i.k.driver.chrome_1752427002740 - << {"method":"Runtime.executionContextsCleared","params":{},"sessionId":"9F991FBDD24A3DECF2F1C9FED5782391"}
00:16:45.666 [nioEventLoopGroup-2-1] DEBUG c.i.k.driver.chrome_1752427002740 - << {"method":"Runtime.executionContextsCleared","params":{},"sessionId":"9F991FBDD24A3DECF2F1C9FED5782391"}
00:16:45.667 [nioEventLoopGroup-2-1] DEBUG c.i.k.driver.chrome_1752427002740 - << {"method":"Page.frameNavigated","params":{"frame":{"id":"C0BEA6016AED33C7E2CA0CC67DDBAF81","loaderId":"9953A0FAD13DC5EEB3CA61BD1F0AA048","url":"https://www.saucedemo.com/","domainAndRegistry":"saucedemo.com","securityOrigin":"https://www.saucedemo.com","securityOriginDetails":{"isLocalhost":false},"mimeType":"text/html","adFrameStatus":{"adFrameType":"none"},"secureContextType":"Secure","crossOriginIsolatedContextType":"NotIsolated","gatedAPIFeatures":[]},"type":"Navigation"},"sessionId":"9F991FBDD24A3DECF2F1C9FED5782391"}
00:16:45.673 [nioEventLoopGroup-2-1] DEBUG c.i.k.driver.chrome_1752427002740 - << {"method":"Target.targetInfoChanged","params":{"targetInfo":{"targetId":"C0BEA6016AED33C7E2CA0CC67DDBAF81","type":"page","title":"saucedemo.com","url":"https://www.saucedemo.com/","attached":true,"canAccessOpener":false,"browserContextId":"82875F3E112858AB21D96658ED3CF715"}},"sessionId":"9F991FBDD24A3DECF2F1C9FED5782391"}
00:16:45.690 [nioEventLoopGroup-2-1] DEBUG c.i.k.driver.chrome_1752427002740 - << {"method":"Runtime.executionContextCreated","params":{"context":{"id":1,"origin":"https://www.saucedemo.com","name":"","uniqueId":"6343641461506974158.1964367083591983579","auxData":{"isDefault":true,"type":"default","frameId":"C0BEA6016AED33C7E2CA0CC67DDBAF81"}}},"sessionId":"9F991FBDD24A3DECF2F1C9FED5782391"}
00:16:46.344 [nioEventLoopGroup-2-1] DEBUG c.i.k.driver.chrome_1752427002740 - << {"method":"Page.domContentEventFired","params":{"timestamp":34948.956297},"sessionId":"9F991FBDD24A3DECF2F1C9FED5782391"}
00:16:46.369 [main] INFO  c.intuit.karate.core.FeatureRuntime - classpath:UI/LoginUI/LoginPage.feature - call by tag at line 7: action_attemptLogin
00:16:46.563 [main] DEBUG c.i.k.driver.chrome_1752427002740 - >> {"id":8,"sessionId":"9F991FBDD24A3DECF2F1C9FED5782391","method":"Runtime.evaluate","params":{"expression":"var e = document.evaluate(\"\/\/*[@id='user-name']\", document, null, 9, null).singleNodeValue; e.focus(); try { e.selectionStart = e.selectionEnd = e.value.length } catch(x) {}","returnByValue":true}}
00:16:46.824 [nioEventLoopGroup-2-1] DEBUG c.i.k.driver.chrome_1752427002740 - << {"id":8,"result":{"result":{"type":"number","value":0,"description":"0"}},"sessionId":"9F991FBDD24A3DECF2F1C9FED5782391"}
00:16:46.830 [main] DEBUG c.i.k.driver.chrome_1752427002740 - >> {"id":9,"sessionId":"9F991FBDD24A3DECF2F1C9FED5782391","method":"Input.dispatchKeyEvent","params":{"modifiers":0,"type":"rawKeyDown","text":"s","windowsVirtualKeyCode":115}}
00:16:46.833 [nioEventLoopGroup-2-1] DEBUG c.i.k.driver.chrome_1752427002740 - << {"id":9,"result":{},"sessionId":"9F991FBDD24A3DECF2F1C9FED5782391"}
00:16:46.835 [main] DEBUG c.i.k.driver.chrome_1752427002740 - >> {"id":10,"sessionId":"9F991FBDD24A3DECF2F1C9FED5782391","method":"Input.dispatchKeyEvent","params":{"modifiers":0,"type":"char","text":"s","windowsVirtualKeyCode":115}}
00:16:46.839 [nioEventLoopGroup-2-1] DEBUG c.i.k.driver.chrome_1752427002740 - << {"id":10,"result":{},"sessionId":"9F991FBDD24A3DECF2F1C9FED5782391"}
00:16:46.840 [main] DEBUG c.i.k.driver.chrome_1752427002740 - >> {"id":11,"sessionId":"9F991FBDD24A3DECF2F1C9FED5782391","method":"Input.dispatchKeyEvent","params":{"modifiers":0,"type":"keyUp","text":"s","windowsVirtualKeyCode":115}}
00:16:46.852 [nioEventLoopGroup-2-1] DEBUG c.i.k.driver.chrome_1752427002740 - << {"id":11,"result":{},"sessionId":"9F991FBDD24A3DECF2F1C9FED5782391"}
00:16:46.853 [main] DEBUG c.i.k.driver.chrome_1752427002740 - >> {"id":12,"sessionId":"9F991FBDD24A3DECF2F1C9FED5782391","method":"Input.dispatchKeyEvent","params":{"modifiers":0,"type":"rawKeyDown","text":"t","windowsVirtualKeyCode":116}}
00:16:46.857 [nioEventLoopGroup-2-1] DEBUG c.i.k.driver.chrome_1752427002740 - << {"id":12,"result":{},"sessionId":"9F991FBDD24A3DECF2F1C9FED5782391"}
00:16:46.861 [main] DEBUG c.i.k.driver.chrome_1752427002740 - >> {"id":13,"sessionId":"9F991FBDD24A3DECF2F1C9FED5782391","method":"Input.dispatchKeyEvent","params":{"modifiers":0,"type":"char","text":"t","windowsVirtualKeyCode":116}}
00:16:46.865 [nioEventLoopGroup-2-1] DEBUG c.i.k.driver.chrome_1752427002740 - << {"id":13,"result":{},"sessionId":"9F991FBDD24A3DECF2F1C9FED5782391"}
00:16:46.866 [main] DEBUG c.i.k.driver.chrome_1752427002740 - >> {"id":14,"sessionId":"9F991FBDD24A3DECF2F1C9FED5782391","method":"Input.dispatchKeyEvent","params":{"modifiers":0,"type":"keyUp","text":"t","windowsVirtualKeyCode":116}}
00:16:46.869 [nioEventLoopGroup-2-1] DEBUG c.i.k.driver.chrome_1752427002740 - << {"id":14,"result":{},"sessionId":"9F991FBDD24A3DECF2F1C9FED5782391"}
00:16:46.871 [main] DEBUG c.i.k.driver.chrome_1752427002740 - >> {"id":15,"sessionId":"9F991FBDD24A3DECF2F1C9FED5782391","method":"Input.dispatchKeyEvent","params":{"modifiers":0,"type":"rawKeyDown","text":"a","windowsVirtualKeyCode":97}}
00:16:46.874 [nioEventLoopGroup-2-1] DEBUG c.i.k.driver.chrome_1752427002740 - << {"id":15,"result":{},"sessionId":"9F991FBDD24A3DECF2F1C9FED5782391"}
00:16:46.876 [main] DEBUG c.i.k.driver.chrome_1752427002740 - >> {"id":16,"sessionId":"9F991FBDD24A3DECF2F1C9FED5782391","method":"Input.dispatchKeyEvent","params":{"modifiers":0,"type":"char","text":"a","windowsVirtualKeyCode":97}}
00:16:46.882 [nioEventLoopGroup-2-1] DEBUG c.i.k.driver.chrome_1752427002740 - << {"id":16,"result":{},"sessionId":"9F991FBDD24A3DECF2F1C9FED5782391"}
00:16:46.883 [main] DEBUG c.i.k.driver.chrome_1752427002740 - >> {"id":17,"sessionId":"9F991FBDD24A3DECF2F1C9FED5782391","method":"Input.dispatchKeyEvent","params":{"modifiers":0,"type":"keyUp","text":"a","windowsVirtualKeyCode":97}}
00:16:46.886 [nioEventLoopGroup-2-1] DEBUG c.i.k.driver.chrome_1752427002740 - << {"id":17,"result":{},"sessionId":"9F991FBDD24A3DECF2F1C9FED5782391"}
00:16:46.887 [main] DEBUG c.i.k.driver.chrome_1752427002740 - >> {"id":18,"sessionId":"9F991FBDD24A3DECF2F1C9FED5782391","method":"Input.dispatchKeyEvent","params":{"modifiers":0,"type":"rawKeyDown","text":"n","windowsVirtualKeyCode":110}}
00:16:46.890 [nioEventLoopGroup-2-1] DEBUG c.i.k.driver.chrome_1752427002740 - << {"id":18,"result":{},"sessionId":"9F991FBDD24A3DECF2F1C9FED5782391"}
00:16:46.893 [main] DEBUG c.i.k.driver.chrome_1752427002740 - >> {"id":19,"sessionId":"9F991FBDD24A3DECF2F1C9FED5782391","method":"Input.dispatchKeyEvent","params":{"modifiers":0,"type":"char","text":"n","windowsVirtualKeyCode":110}}
00:16:46.899 [nioEventLoopGroup-2-1] DEBUG c.i.k.driver.chrome_1752427002740 - << {"id":19,"result":{},"sessionId":"9F991FBDD24A3DECF2F1C9FED5782391"}
00:16:46.900 [main] DEBUG c.i.k.driver.chrome_1752427002740 - >> {"id":20,"sessionId":"9F991FBDD24A3DECF2F1C9FED5782391","method":"Input.dispatchKeyEvent","params":{"modifiers":0,"type":"keyUp","text":"n","windowsVirtualKeyCode":110}}
00:16:46.903 [nioEventLoopGroup-2-1] DEBUG c.i.k.driver.chrome_1752427002740 - << {"id":20,"result":{},"sessionId":"9F991FBDD24A3DECF2F1C9FED5782391"}
00:16:46.905 [main] DEBUG c.i.k.driver.chrome_1752427002740 - >> {"id":21,"sessionId":"9F991FBDD24A3DECF2F1C9FED5782391","method":"Input.dispatchKeyEvent","params":{"modifiers":0,"type":"rawKeyDown","text":"d","windowsVirtualKeyCode":100}}
00:16:46.908 [nioEventLoopGroup-2-1] DEBUG c.i.k.driver.chrome_1752427002740 - << {"id":21,"result":{},"sessionId":"9F991FBDD24A3DECF2F1C9FED5782391"}
00:16:46.912 [main] DEBUG c.i.k.driver.chrome_1752427002740 - >> {"id":22,"sessionId":"9F991FBDD24A3DECF2F1C9FED5782391","method":"Input.dispatchKeyEvent","params":{"modifiers":0,"type":"char","text":"d","windowsVirtualKeyCode":100}}
00:16:46.915 [nioEventLoopGroup-2-1] DEBUG c.i.k.driver.chrome_1752427002740 - << {"id":22,"result":{},"sessionId":"9F991FBDD24A3DECF2F1C9FED5782391"}
00:16:46.916 [main] DEBUG c.i.k.driver.chrome_1752427002740 - >> {"id":23,"sessionId":"9F991FBDD24A3DECF2F1C9FED5782391","method":"Input.dispatchKeyEvent","params":{"modifiers":0,"type":"keyUp","text":"d","windowsVirtualKeyCode":100}}
00:16:46.919 [nioEventLoopGroup-2-1] DEBUG c.i.k.driver.chrome_1752427002740 - << {"id":23,"result":{},"sessionId":"9F991FBDD24A3DECF2F1C9FED5782391"}
00:16:46.920 [main] DEBUG c.i.k.driver.chrome_1752427002740 - >> {"id":24,"sessionId":"9F991FBDD24A3DECF2F1C9FED5782391","method":"Input.dispatchKeyEvent","params":{"modifiers":0,"type":"rawKeyDown","text":"a","windowsVirtualKeyCode":97}}
00:16:46.923 [nioEventLoopGroup-2-1] DEBUG c.i.k.driver.chrome_1752427002740 - << {"id":24,"result":{},"sessionId":"9F991FBDD24A3DECF2F1C9FED5782391"}
00:16:46.924 [main] DEBUG c.i.k.driver.chrome_1752427002740 - >> {"id":25,"sessionId":"9F991FBDD24A3DECF2F1C9FED5782391","method":"Input.dispatchKeyEvent","params":{"modifiers":0,"type":"char","text":"a","windowsVirtualKeyCode":97}}
00:16:46.930 [nioEventLoopGroup-2-1] DEBUG c.i.k.driver.chrome_1752427002740 - << {"id":25,"result":{},"sessionId":"9F991FBDD24A3DECF2F1C9FED5782391"}
00:16:46.932 [main] DEBUG c.i.k.driver.chrome_1752427002740 - >> {"id":26,"sessionId":"9F991FBDD24A3DECF2F1C9FED5782391","method":"Input.dispatchKeyEvent","params":{"modifiers":0,"type":"keyUp","text":"a","windowsVirtualKeyCode":97}}
00:16:46.934 [nioEventLoopGroup-2-1] DEBUG c.i.k.driver.chrome_1752427002740 - << {"id":26,"result":{},"sessionId":"9F991FBDD24A3DECF2F1C9FED5782391"}
00:16:46.935 [main] DEBUG c.i.k.driver.chrome_1752427002740 - >> {"id":27,"sessionId":"9F991FBDD24A3DECF2F1C9FED5782391","method":"Input.dispatchKeyEvent","params":{"modifiers":0,"type":"rawKeyDown","text":"r","windowsVirtualKeyCode":114}}
00:16:46.940 [nioEventLoopGroup-2-1] DEBUG c.i.k.driver.chrome_1752427002740 - << {"id":27,"result":{},"sessionId":"9F991FBDD24A3DECF2F1C9FED5782391"}
00:16:46.947 [main] DEBUG c.i.k.driver.chrome_1752427002740 - >> {"id":28,"sessionId":"9F991FBDD24A3DECF2F1C9FED5782391","method":"Input.dispatchKeyEvent","params":{"modifiers":0,"type":"char","text":"r","windowsVirtualKeyCode":114}}
00:16:46.949 [nioEventLoopGroup-2-1] DEBUG c.i.k.driver.chrome_1752427002740 - << {"id":28,"result":{},"sessionId":"9F991FBDD24A3DECF2F1C9FED5782391"}
00:16:46.950 [main] DEBUG c.i.k.driver.chrome_1752427002740 - >> {"id":29,"sessionId":"9F991FBDD24A3DECF2F1C9FED5782391","method":"Input.dispatchKeyEvent","params":{"modifiers":0,"type":"keyUp","text":"r","windowsVirtualKeyCode":114}}
00:16:46.954 [nioEventLoopGroup-2-1] DEBUG c.i.k.driver.chrome_1752427002740 - << {"id":29,"result":{},"sessionId":"9F991FBDD24A3DECF2F1C9FED5782391"}
00:16:46.955 [main] DEBUG c.i.k.driver.chrome_1752427002740 - >> {"id":30,"sessionId":"9F991FBDD24A3DECF2F1C9FED5782391","method":"Input.dispatchKeyEvent","params":{"modifiers":0,"type":"rawKeyDown","text":"d","windowsVirtualKeyCode":100}}
00:16:46.957 [nioEventLoopGroup-2-1] DEBUG c.i.k.driver.chrome_1752427002740 - << {"id":30,"result":{},"sessionId":"9F991FBDD24A3DECF2F1C9FED5782391"}
00:16:46.961 [main] DEBUG c.i.k.driver.chrome_1752427002740 - >> {"id":31,"sessionId":"9F991FBDD24A3DECF2F1C9FED5782391","method":"Input.dispatchKeyEvent","params":{"modifiers":0,"type":"char","text":"d","windowsVirtualKeyCode":100}}
00:16:46.969 [nioEventLoopGroup-2-1] DEBUG c.i.k.driver.chrome_1752427002740 - << {"id":31,"result":{},"sessionId":"9F991FBDD24A3DECF2F1C9FED5782391"}
00:16:46.970 [main] DEBUG c.i.k.driver.chrome_1752427002740 - >> {"id":32,"sessionId":"9F991FBDD24A3DECF2F1C9FED5782391","method":"Input.dispatchKeyEvent","params":{"modifiers":0,"type":"keyUp","text":"d","windowsVirtualKeyCode":100}}
00:16:46.973 [nioEventLoopGroup-2-1] DEBUG c.i.k.driver.chrome_1752427002740 - << {"id":32,"result":{},"sessionId":"9F991FBDD24A3DECF2F1C9FED5782391"}
00:16:46.976 [main] DEBUG c.i.k.driver.chrome_1752427002740 - >> {"id":33,"sessionId":"9F991FBDD24A3DECF2F1C9FED5782391","method":"Input.dispatchKeyEvent","params":{"modifiers":0,"type":"rawKeyDown","text":"_","windowsVirtualKeyCode":523}}
00:16:46.997 [nioEventLoopGroup-2-1] DEBUG c.i.k.driver.chrome_1752427002740 - << {"id":33,"result":{},"sessionId":"9F991FBDD24A3DECF2F1C9FED5782391"}
00:16:46.998 [main] DEBUG c.i.k.driver.chrome_1752427002740 - >> {"id":34,"sessionId":"9F991FBDD24A3DECF2F1C9FED5782391","method":"Input.dispatchKeyEvent","params":{"modifiers":0,"type":"char","text":"_","windowsVirtualKeyCode":523}}
00:16:47.002 [nioEventLoopGroup-2-1] DEBUG c.i.k.driver.chrome_1752427002740 - << {"id":34,"result":{},"sessionId":"9F991FBDD24A3DECF2F1C9FED5782391"}
00:16:47.004 [main] DEBUG c.i.k.driver.chrome_1752427002740 - >> {"id":35,"sessionId":"9F991FBDD24A3DECF2F1C9FED5782391","method":"Input.dispatchKeyEvent","params":{"modifiers":0,"type":"keyUp","text":"_","windowsVirtualKeyCode":523}}
00:16:47.010 [nioEventLoopGroup-2-1] DEBUG c.i.k.driver.chrome_1752427002740 - << {"id":35,"result":{},"sessionId":"9F991FBDD24A3DECF2F1C9FED5782391"}
00:16:47.014 [main] DEBUG c.i.k.driver.chrome_1752427002740 - >> {"id":36,"sessionId":"9F991FBDD24A3DECF2F1C9FED5782391","method":"Input.dispatchKeyEvent","params":{"modifiers":0,"type":"rawKeyDown","text":"u","windowsVirtualKeyCode":117}}
00:16:47.017 [nioEventLoopGroup-2-1] DEBUG c.i.k.driver.chrome_1752427002740 - << {"id":36,"result":{},"sessionId":"9F991FBDD24A3DECF2F1C9FED5782391"}
00:16:47.018 [main] DEBUG c.i.k.driver.chrome_1752427002740 - >> {"id":37,"sessionId":"9F991FBDD24A3DECF2F1C9FED5782391","method":"Input.dispatchKeyEvent","params":{"modifiers":0,"type":"char","text":"u","windowsVirtualKeyCode":117}}
00:16:47.020 [nioEventLoopGroup-2-1] DEBUG c.i.k.driver.chrome_1752427002740 - << {"method":"Target.targetCreated","params":{"targetInfo":{"targetId":"93E53C4F6B6178CB1CA5200E002FC3AE","type":"service_worker","title":"Service Worker https://www.saucedemo.com/service-worker.js","url":"https://www.saucedemo.com/service-worker.js","attached":false,"canAccessOpener":false,"browserContextId":"82875F3E112858AB21D96658ED3CF715"}},"sessionId":"9F991FBDD24A3DECF2F1C9FED5782391"}
00:16:47.022 [nioEventLoopGroup-2-1] DEBUG c.i.k.driver.chrome_1752427002740 - << {"id":37,"result":{},"sessionId":"9F991FBDD24A3DECF2F1C9FED5782391"}
00:16:47.022 [main] DEBUG c.i.k.driver.chrome_1752427002740 - >> {"id":38,"sessionId":"9F991FBDD24A3DECF2F1C9FED5782391","method":"Input.dispatchKeyEvent","params":{"modifiers":0,"type":"keyUp","text":"u","windowsVirtualKeyCode":117}}
00:16:47.031 [nioEventLoopGroup-2-1] DEBUG c.i.k.driver.chrome_1752427002740 - << {"id":38,"result":{},"sessionId":"9F991FBDD24A3DECF2F1C9FED5782391"}
00:16:47.033 [main] DEBUG c.i.k.driver.chrome_1752427002740 - >> {"id":39,"sessionId":"9F991FBDD24A3DECF2F1C9FED5782391","method":"Input.dispatchKeyEvent","params":{"modifiers":0,"type":"rawKeyDown","text":"s","windowsVirtualKeyCode":115}}
00:16:47.036 [nioEventLoopGroup-2-1] DEBUG c.i.k.driver.chrome_1752427002740 - << {"id":39,"result":{},"sessionId":"9F991FBDD24A3DECF2F1C9FED5782391"}
00:16:47.037 [main] DEBUG c.i.k.driver.chrome_1752427002740 - >> {"id":40,"sessionId":"9F991FBDD24A3DECF2F1C9FED5782391","method":"Input.dispatchKeyEvent","params":{"modifiers":0,"type":"char","text":"s","windowsVirtualKeyCode":115}}
00:16:47.040 [nioEventLoopGroup-2-1] DEBUG c.i.k.driver.chrome_1752427002740 - << {"id":40,"result":{},"sessionId":"9F991FBDD24A3DECF2F1C9FED5782391"}
00:16:47.043 [main] DEBUG c.i.k.driver.chrome_1752427002740 - >> {"id":41,"sessionId":"9F991FBDD24A3DECF2F1C9FED5782391","method":"Input.dispatchKeyEvent","params":{"modifiers":0,"type":"keyUp","text":"s","windowsVirtualKeyCode":115}}
00:16:47.049 [nioEventLoopGroup-2-1] DEBUG c.i.k.driver.chrome_1752427002740 - << {"id":41,"result":{},"sessionId":"9F991FBDD24A3DECF2F1C9FED5782391"}
00:16:47.050 [main] DEBUG c.i.k.driver.chrome_1752427002740 - >> {"id":42,"sessionId":"9F991FBDD24A3DECF2F1C9FED5782391","method":"Input.dispatchKeyEvent","params":{"modifiers":0,"type":"rawKeyDown","text":"e","windowsVirtualKeyCode":101}}
00:16:47.053 [nioEventLoopGroup-2-1] DEBUG c.i.k.driver.chrome_1752427002740 - << {"id":42,"result":{},"sessionId":"9F991FBDD24A3DECF2F1C9FED5782391"}
00:16:47.054 [main] DEBUG c.i.k.driver.chrome_1752427002740 - >> {"id":43,"sessionId":"9F991FBDD24A3DECF2F1C9FED5782391","method":"Input.dispatchKeyEvent","params":{"modifiers":0,"type":"char","text":"e","windowsVirtualKeyCode":101}}
00:16:47.056 [nioEventLoopGroup-2-1] DEBUG c.i.k.driver.chrome_1752427002740 - << {"id":43,"result":{},"sessionId":"9F991FBDD24A3DECF2F1C9FED5782391"}
00:16:47.057 [main] DEBUG c.i.k.driver.chrome_1752427002740 - >> {"id":44,"sessionId":"9F991FBDD24A3DECF2F1C9FED5782391","method":"Input.dispatchKeyEvent","params":{"modifiers":0,"type":"keyUp","text":"e","windowsVirtualKeyCode":101}}
00:16:47.067 [nioEventLoopGroup-2-1] DEBUG c.i.k.driver.chrome_1752427002740 - << {"id":44,"result":{},"sessionId":"9F991FBDD24A3DECF2F1C9FED5782391"}
00:16:47.068 [main] DEBUG c.i.k.driver.chrome_1752427002740 - >> {"id":45,"sessionId":"9F991FBDD24A3DECF2F1C9FED5782391","method":"Input.dispatchKeyEvent","params":{"modifiers":0,"type":"rawKeyDown","text":"r","windowsVirtualKeyCode":114}}
00:16:47.071 [nioEventLoopGroup-2-1] DEBUG c.i.k.driver.chrome_1752427002740 - << {"id":45,"result":{},"sessionId":"9F991FBDD24A3DECF2F1C9FED5782391"}
00:16:47.072 [main] DEBUG c.i.k.driver.chrome_1752427002740 - >> {"id":46,"sessionId":"9F991FBDD24A3DECF2F1C9FED5782391","method":"Input.dispatchKeyEvent","params":{"modifiers":0,"type":"char","text":"r","windowsVirtualKeyCode":114}}
00:16:47.081 [nioEventLoopGroup-2-1] DEBUG c.i.k.driver.chrome_1752427002740 - << {"id":46,"result":{},"sessionId":"9F991FBDD24A3DECF2F1C9FED5782391"}
00:16:47.082 [main] DEBUG c.i.k.driver.chrome_1752427002740 - >> {"id":47,"sessionId":"9F991FBDD24A3DECF2F1C9FED5782391","method":"Input.dispatchKeyEvent","params":{"modifiers":0,"type":"keyUp","text":"r","windowsVirtualKeyCode":114}}
00:16:47.086 [nioEventLoopGroup-2-1] DEBUG c.i.k.driver.chrome_1752427002740 - << {"id":47,"result":{},"sessionId":"9F991FBDD24A3DECF2F1C9FED5782391"}
00:16:47.087 [nioEventLoopGroup-2-1] DEBUG c.i.k.driver.chrome_1752427002740 - << {"method":"Page.loadEventFired","params":{"timestamp":34949.66851},"sessionId":"9F991FBDD24A3DECF2F1C9FED5782391"}
00:16:47.088 [nioEventLoopGroup-2-1] DEBUG c.i.k.driver.chrome_1752427002740 - << {"method":"Page.frameStoppedLoading","params":{"frameId":"C0BEA6016AED33C7E2CA0CC67DDBAF81"},"sessionId":"9F991FBDD24A3DECF2F1C9FED5782391"}
00:16:47.094 [main] DEBUG c.i.k.driver.chrome_1752427002740 - >> {"id":48,"sessionId":"9F991FBDD24A3DECF2F1C9FED5782391","method":"Runtime.evaluate","params":{"expression":"var e = document.evaluate(\"\/\/*[@id='password']\", document, null, 9, null).singleNodeValue; e.focus(); try { e.selectionStart = e.selectionEnd = e.value.length } catch(x) {}","returnByValue":true}}
00:16:47.103 [nioEventLoopGroup-2-1] DEBUG c.i.k.driver.chrome_1752427002740 - << {"id":48,"result":{"result":{"type":"number","value":0,"description":"0"}},"sessionId":"9F991FBDD24A3DECF2F1C9FED5782391"}
00:16:47.104 [main] DEBUG c.i.k.driver.chrome_1752427002740 - >> {"id":49,"sessionId":"9F991FBDD24A3DECF2F1C9FED5782391","method":"Input.dispatchKeyEvent","params":{"modifiers":0,"type":"rawKeyDown","text":"s","windowsVirtualKeyCode":115}}
00:16:47.106 [nioEventLoopGroup-2-1] DEBUG c.i.k.driver.chrome_1752427002740 - << {"id":49,"result":{},"sessionId":"9F991FBDD24A3DECF2F1C9FED5782391"}
00:16:47.108 [main] DEBUG c.i.k.driver.chrome_1752427002740 - >> {"id":50,"sessionId":"9F991FBDD24A3DECF2F1C9FED5782391","method":"Input.dispatchKeyEvent","params":{"modifiers":0,"type":"char","text":"s","windowsVirtualKeyCode":115}}
00:16:47.115 [nioEventLoopGroup-2-1] DEBUG c.i.k.driver.chrome_1752427002740 - << {"id":50,"result":{},"sessionId":"9F991FBDD24A3DECF2F1C9FED5782391"}
00:16:47.116 [main] DEBUG c.i.k.driver.chrome_1752427002740 - >> {"id":51,"sessionId":"9F991FBDD24A3DECF2F1C9FED5782391","method":"Input.dispatchKeyEvent","params":{"modifiers":0,"type":"keyUp","text":"s","windowsVirtualKeyCode":115}}
00:16:47.118 [nioEventLoopGroup-2-1] DEBUG c.i.k.driver.chrome_1752427002740 - << {"id":51,"result":{},"sessionId":"9F991FBDD24A3DECF2F1C9FED5782391"}
00:16:47.119 [main] DEBUG c.i.k.driver.chrome_1752427002740 - >> {"id":52,"sessionId":"9F991FBDD24A3DECF2F1C9FED5782391","method":"Input.dispatchKeyEvent","params":{"modifiers":0,"type":"rawKeyDown","text":"e","windowsVirtualKeyCode":101}}
00:16:47.121 [nioEventLoopGroup-2-1] DEBUG c.i.k.driver.chrome_1752427002740 - << {"id":52,"result":{},"sessionId":"9F991FBDD24A3DECF2F1C9FED5782391"}
00:16:47.123 [main] DEBUG c.i.k.driver.chrome_1752427002740 - >> {"id":53,"sessionId":"9F991FBDD24A3DECF2F1C9FED5782391","method":"Input.dispatchKeyEvent","params":{"modifiers":0,"type":"char","text":"e","windowsVirtualKeyCode":101}}
00:16:47.130 [nioEventLoopGroup-2-1] DEBUG c.i.k.driver.chrome_1752427002740 - << {"id":53,"result":{},"sessionId":"9F991FBDD24A3DECF2F1C9FED5782391"}
00:16:47.132 [main] DEBUG c.i.k.driver.chrome_1752427002740 - >> {"id":54,"sessionId":"9F991FBDD24A3DECF2F1C9FED5782391","method":"Input.dispatchKeyEvent","params":{"modifiers":0,"type":"keyUp","text":"e","windowsVirtualKeyCode":101}}
00:16:47.134 [nioEventLoopGroup-2-1] DEBUG c.i.k.driver.chrome_1752427002740 - << {"id":54,"result":{},"sessionId":"9F991FBDD24A3DECF2F1C9FED5782391"}
00:16:47.135 [main] DEBUG c.i.k.driver.chrome_1752427002740 - >> {"id":55,"sessionId":"9F991FBDD24A3DECF2F1C9FED5782391","method":"Input.dispatchKeyEvent","params":{"modifiers":0,"type":"rawKeyDown","text":"c","windowsVirtualKeyCode":99}}
00:16:47.138 [nioEventLoopGroup-2-1] DEBUG c.i.k.driver.chrome_1752427002740 - << {"id":55,"result":{},"sessionId":"9F991FBDD24A3DECF2F1C9FED5782391"}
00:16:47.139 [main] DEBUG c.i.k.driver.chrome_1752427002740 - >> {"id":56,"sessionId":"9F991FBDD24A3DECF2F1C9FED5782391","method":"Input.dispatchKeyEvent","params":{"modifiers":0,"type":"char","text":"c","windowsVirtualKeyCode":99}}
00:16:47.145 [nioEventLoopGroup-2-1] DEBUG c.i.k.driver.chrome_1752427002740 - << {"id":56,"result":{},"sessionId":"9F991FBDD24A3DECF2F1C9FED5782391"}
00:16:47.147 [main] DEBUG c.i.k.driver.chrome_1752427002740 - >> {"id":57,"sessionId":"9F991FBDD24A3DECF2F1C9FED5782391","method":"Input.dispatchKeyEvent","params":{"modifiers":0,"type":"keyUp","text":"c","windowsVirtualKeyCode":99}}
00:16:47.155 [nioEventLoopGroup-2-1] DEBUG c.i.k.driver.chrome_1752427002740 - << {"id":57,"result":{},"sessionId":"9F991FBDD24A3DECF2F1C9FED5782391"}
00:16:47.156 [main] DEBUG c.i.k.driver.chrome_1752427002740 - >> {"id":58,"sessionId":"9F991FBDD24A3DECF2F1C9FED5782391","method":"Input.dispatchKeyEvent","params":{"modifiers":0,"type":"rawKeyDown","text":"r","windowsVirtualKeyCode":114}}
00:16:47.163 [nioEventLoopGroup-2-1] DEBUG c.i.k.driver.chrome_1752427002740 - << {"id":58,"result":{},"sessionId":"9F991FBDD24A3DECF2F1C9FED5782391"}
00:16:47.165 [main] DEBUG c.i.k.driver.chrome_1752427002740 - >> {"id":59,"sessionId":"9F991FBDD24A3DECF2F1C9FED5782391","method":"Input.dispatchKeyEvent","params":{"modifiers":0,"type":"char","text":"r","windowsVirtualKeyCode":114}}
00:16:47.167 [nioEventLoopGroup-2-1] DEBUG c.i.k.driver.chrome_1752427002740 - << {"id":59,"result":{},"sessionId":"9F991FBDD24A3DECF2F1C9FED5782391"}
00:16:47.168 [main] DEBUG c.i.k.driver.chrome_1752427002740 - >> {"id":60,"sessionId":"9F991FBDD24A3DECF2F1C9FED5782391","method":"Input.dispatchKeyEvent","params":{"modifiers":0,"type":"keyUp","text":"r","windowsVirtualKeyCode":114}}
00:16:47.171 [nioEventLoopGroup-2-1] DEBUG c.i.k.driver.chrome_1752427002740 - << {"id":60,"result":{},"sessionId":"9F991FBDD24A3DECF2F1C9FED5782391"}
00:16:47.171 [main] DEBUG c.i.k.driver.chrome_1752427002740 - >> {"id":61,"sessionId":"9F991FBDD24A3DECF2F1C9FED5782391","method":"Input.dispatchKeyEvent","params":{"modifiers":0,"type":"rawKeyDown","text":"e","windowsVirtualKeyCode":101}}
00:16:47.173 [nioEventLoopGroup-2-1] DEBUG c.i.k.driver.chrome_1752427002740 - << {"id":61,"result":{},"sessionId":"9F991FBDD24A3DECF2F1C9FED5782391"}
00:16:47.176 [main] DEBUG c.i.k.driver.chrome_1752427002740 - >> {"id":62,"sessionId":"9F991FBDD24A3DECF2F1C9FED5782391","method":"Input.dispatchKeyEvent","params":{"modifiers":0,"type":"char","text":"e","windowsVirtualKeyCode":101}}
00:16:47.180 [nioEventLoopGroup-2-1] DEBUG c.i.k.driver.chrome_1752427002740 - << {"id":62,"result":{},"sessionId":"9F991FBDD24A3DECF2F1C9FED5782391"}
00:16:47.181 [main] DEBUG c.i.k.driver.chrome_1752427002740 - >> {"id":63,"sessionId":"9F991FBDD24A3DECF2F1C9FED5782391","method":"Input.dispatchKeyEvent","params":{"modifiers":0,"type":"keyUp","text":"e","windowsVirtualKeyCode":101}}
00:16:47.183 [nioEventLoopGroup-2-1] DEBUG c.i.k.driver.chrome_1752427002740 - << {"id":63,"result":{},"sessionId":"9F991FBDD24A3DECF2F1C9FED5782391"}
00:16:47.184 [main] DEBUG c.i.k.driver.chrome_1752427002740 - >> {"id":64,"sessionId":"9F991FBDD24A3DECF2F1C9FED5782391","method":"Input.dispatchKeyEvent","params":{"modifiers":0,"type":"rawKeyDown","text":"t","windowsVirtualKeyCode":116}}
00:16:47.191 [nioEventLoopGroup-2-1] DEBUG c.i.k.driver.chrome_1752427002740 - << {"id":64,"result":{},"sessionId":"9F991FBDD24A3DECF2F1C9FED5782391"}
00:16:47.194 [main] DEBUG c.i.k.driver.chrome_1752427002740 - >> {"id":65,"sessionId":"9F991FBDD24A3DECF2F1C9FED5782391","method":"Input.dispatchKeyEvent","params":{"modifiers":0,"type":"char","text":"t","windowsVirtualKeyCode":116}}
00:16:47.197 [nioEventLoopGroup-2-1] DEBUG c.i.k.driver.chrome_1752427002740 - << {"id":65,"result":{},"sessionId":"9F991FBDD24A3DECF2F1C9FED5782391"}
00:16:47.199 [main] DEBUG c.i.k.driver.chrome_1752427002740 - >> {"id":66,"sessionId":"9F991FBDD24A3DECF2F1C9FED5782391","method":"Input.dispatchKeyEvent","params":{"modifiers":0,"type":"keyUp","text":"t","windowsVirtualKeyCode":116}}
00:16:47.202 [nioEventLoopGroup-2-1] DEBUG c.i.k.driver.chrome_1752427002740 - << {"id":66,"result":{},"sessionId":"9F991FBDD24A3DECF2F1C9FED5782391"}
00:16:47.203 [main] DEBUG c.i.k.driver.chrome_1752427002740 - >> {"id":67,"sessionId":"9F991FBDD24A3DECF2F1C9FED5782391","method":"Input.dispatchKeyEvent","params":{"modifiers":0,"type":"rawKeyDown","text":"_","windowsVirtualKeyCode":523}}
00:16:47.205 [nioEventLoopGroup-2-1] DEBUG c.i.k.driver.chrome_1752427002740 - << {"id":67,"result":{},"sessionId":"9F991FBDD24A3DECF2F1C9FED5782391"}
00:16:47.206 [main] DEBUG c.i.k.driver.chrome_1752427002740 - >> {"id":68,"sessionId":"9F991FBDD24A3DECF2F1C9FED5782391","method":"Input.dispatchKeyEvent","params":{"modifiers":0,"type":"char","text":"_","windowsVirtualKeyCode":523}}
00:16:47.214 [nioEventLoopGroup-2-1] DEBUG c.i.k.driver.chrome_1752427002740 - << {"id":68,"result":{},"sessionId":"9F991FBDD24A3DECF2F1C9FED5782391"}
00:16:47.215 [main] DEBUG c.i.k.driver.chrome_1752427002740 - >> {"id":69,"sessionId":"9F991FBDD24A3DECF2F1C9FED5782391","method":"Input.dispatchKeyEvent","params":{"modifiers":0,"type":"keyUp","text":"_","windowsVirtualKeyCode":523}}
00:16:47.217 [nioEventLoopGroup-2-1] DEBUG c.i.k.driver.chrome_1752427002740 - << {"id":69,"result":{},"sessionId":"9F991FBDD24A3DECF2F1C9FED5782391"}
00:16:47.218 [main] DEBUG c.i.k.driver.chrome_1752427002740 - >> {"id":70,"sessionId":"9F991FBDD24A3DECF2F1C9FED5782391","method":"Input.dispatchKeyEvent","params":{"modifiers":0,"type":"rawKeyDown","text":"s","windowsVirtualKeyCode":115}}
00:16:47.221 [nioEventLoopGroup-2-1] DEBUG c.i.k.driver.chrome_1752427002740 - << {"id":70,"result":{},"sessionId":"9F991FBDD24A3DECF2F1C9FED5782391"}
00:16:47.222 [main] DEBUG c.i.k.driver.chrome_1752427002740 - >> {"id":71,"sessionId":"9F991FBDD24A3DECF2F1C9FED5782391","method":"Input.dispatchKeyEvent","params":{"modifiers":0,"type":"char","text":"s","windowsVirtualKeyCode":115}}
00:16:47.233 [nioEventLoopGroup-2-1] DEBUG c.i.k.driver.chrome_1752427002740 - << {"id":71,"result":{},"sessionId":"9F991FBDD24A3DECF2F1C9FED5782391"}
00:16:47.234 [main] DEBUG c.i.k.driver.chrome_1752427002740 - >> {"id":72,"sessionId":"9F991FBDD24A3DECF2F1C9FED5782391","method":"Input.dispatchKeyEvent","params":{"modifiers":0,"type":"keyUp","text":"s","windowsVirtualKeyCode":115}}
00:16:47.237 [nioEventLoopGroup-2-1] DEBUG c.i.k.driver.chrome_1752427002740 - << {"id":72,"result":{},"sessionId":"9F991FBDD24A3DECF2F1C9FED5782391"}
00:16:47.238 [main] DEBUG c.i.k.driver.chrome_1752427002740 - >> {"id":73,"sessionId":"9F991FBDD24A3DECF2F1C9FED5782391","method":"Input.dispatchKeyEvent","params":{"modifiers":0,"type":"rawKeyDown","text":"a","windowsVirtualKeyCode":97}}
00:16:47.241 [nioEventLoopGroup-2-1] DEBUG c.i.k.driver.chrome_1752427002740 - << {"id":73,"result":{},"sessionId":"9F991FBDD24A3DECF2F1C9FED5782391"}
00:16:47.244 [main] DEBUG c.i.k.driver.chrome_1752427002740 - >> {"id":74,"sessionId":"9F991FBDD24A3DECF2F1C9FED5782391","method":"Input.dispatchKeyEvent","params":{"modifiers":0,"type":"char","text":"a","windowsVirtualKeyCode":97}}
00:16:47.256 [nioEventLoopGroup-2-1] DEBUG c.i.k.driver.chrome_1752427002740 - << {"id":74,"result":{},"sessionId":"9F991FBDD24A3DECF2F1C9FED5782391"}
00:16:47.257 [main] DEBUG c.i.k.driver.chrome_1752427002740 - >> {"id":75,"sessionId":"9F991FBDD24A3DECF2F1C9FED5782391","method":"Input.dispatchKeyEvent","params":{"modifiers":0,"type":"keyUp","text":"a","windowsVirtualKeyCode":97}}
00:16:47.265 [nioEventLoopGroup-2-1] DEBUG c.i.k.driver.chrome_1752427002740 - << {"id":75,"result":{},"sessionId":"9F991FBDD24A3DECF2F1C9FED5782391"}
00:16:47.267 [main] DEBUG c.i.k.driver.chrome_1752427002740 - >> {"id":76,"sessionId":"9F991FBDD24A3DECF2F1C9FED5782391","method":"Input.dispatchKeyEvent","params":{"modifiers":0,"type":"rawKeyDown","text":"u","windowsVirtualKeyCode":117}}
00:16:47.270 [nioEventLoopGroup-2-1] DEBUG c.i.k.driver.chrome_1752427002740 - << {"id":76,"result":{},"sessionId":"9F991FBDD24A3DECF2F1C9FED5782391"}
00:16:47.270 [main] DEBUG c.i.k.driver.chrome_1752427002740 - >> {"id":77,"sessionId":"9F991FBDD24A3DECF2F1C9FED5782391","method":"Input.dispatchKeyEvent","params":{"modifiers":0,"type":"char","text":"u","windowsVirtualKeyCode":117}}
00:16:47.272 [nioEventLoopGroup-2-1] DEBUG c.i.k.driver.chrome_1752427002740 - << {"id":77,"result":{},"sessionId":"9F991FBDD24A3DECF2F1C9FED5782391"}
00:16:47.273 [main] DEBUG c.i.k.driver.chrome_1752427002740 - >> {"id":78,"sessionId":"9F991FBDD24A3DECF2F1C9FED5782391","method":"Input.dispatchKeyEvent","params":{"modifiers":0,"type":"keyUp","text":"u","windowsVirtualKeyCode":117}}
00:16:47.284 [nioEventLoopGroup-2-1] DEBUG c.i.k.driver.chrome_1752427002740 - << {"id":78,"result":{},"sessionId":"9F991FBDD24A3DECF2F1C9FED5782391"}
00:16:47.285 [main] DEBUG c.i.k.driver.chrome_1752427002740 - >> {"id":79,"sessionId":"9F991FBDD24A3DECF2F1C9FED5782391","method":"Input.dispatchKeyEvent","params":{"modifiers":0,"type":"rawKeyDown","text":"c","windowsVirtualKeyCode":99}}
00:16:47.287 [nioEventLoopGroup-2-1] DEBUG c.i.k.driver.chrome_1752427002740 - << {"id":79,"result":{},"sessionId":"9F991FBDD24A3DECF2F1C9FED5782391"}
00:16:47.288 [main] DEBUG c.i.k.driver.chrome_1752427002740 - >> {"id":80,"sessionId":"9F991FBDD24A3DECF2F1C9FED5782391","method":"Input.dispatchKeyEvent","params":{"modifiers":0,"type":"char","text":"c","windowsVirtualKeyCode":99}}
00:16:47.292 [nioEventLoopGroup-2-1] DEBUG c.i.k.driver.chrome_1752427002740 - << {"id":80,"result":{},"sessionId":"9F991FBDD24A3DECF2F1C9FED5782391"}
00:16:47.297 [main] DEBUG c.i.k.driver.chrome_1752427002740 - >> {"id":81,"sessionId":"9F991FBDD24A3DECF2F1C9FED5782391","method":"Input.dispatchKeyEvent","params":{"modifiers":0,"type":"keyUp","text":"c","windowsVirtualKeyCode":99}}
00:16:47.300 [nioEventLoopGroup-2-1] DEBUG c.i.k.driver.chrome_1752427002740 - << {"id":81,"result":{},"sessionId":"9F991FBDD24A3DECF2F1C9FED5782391"}
00:16:47.302 [main] DEBUG c.i.k.driver.chrome_1752427002740 - >> {"id":82,"sessionId":"9F991FBDD24A3DECF2F1C9FED5782391","method":"Input.dispatchKeyEvent","params":{"modifiers":0,"type":"rawKeyDown","text":"e","windowsVirtualKeyCode":101}}
00:16:47.305 [nioEventLoopGroup-2-1] DEBUG c.i.k.driver.chrome_1752427002740 - << {"id":82,"result":{},"sessionId":"9F991FBDD24A3DECF2F1C9FED5782391"}
00:16:47.305 [main] DEBUG c.i.k.driver.chrome_1752427002740 - >> {"id":83,"sessionId":"9F991FBDD24A3DECF2F1C9FED5782391","method":"Input.dispatchKeyEvent","params":{"modifiers":0,"type":"char","text":"e","windowsVirtualKeyCode":101}}
00:16:47.307 [nioEventLoopGroup-2-1] DEBUG c.i.k.driver.chrome_1752427002740 - << {"id":83,"result":{},"sessionId":"9F991FBDD24A3DECF2F1C9FED5782391"}
00:16:47.310 [main] DEBUG c.i.k.driver.chrome_1752427002740 - >> {"id":84,"sessionId":"9F991FBDD24A3DECF2F1C9FED5782391","method":"Input.dispatchKeyEvent","params":{"modifiers":0,"type":"keyUp","text":"e","windowsVirtualKeyCode":101}}
00:16:47.314 [nioEventLoopGroup-2-1] DEBUG c.i.k.driver.chrome_1752427002740 - << {"id":84,"result":{},"sessionId":"9F991FBDD24A3DECF2F1C9FED5782391"}
00:16:47.318 [main] DEBUG c.i.k.driver.chrome_1752427002740 - >> {"id":85,"sessionId":"9F991FBDD24A3DECF2F1C9FED5782391","method":"Runtime.evaluate","params":{"expression":"document.evaluate(\"\/\/*[@id='login-button']\", document, null, 9, null).singleNodeValue.click()","returnByValue":true}}
00:16:47.347 [nioEventLoopGroup-2-1] DEBUG c.i.k.driver.chrome_1752427002740 - << {"id":85,"result":{"result":{"type":"undefined"}},"sessionId":"9F991FBDD24A3DECF2F1C9FED5782391"}
00:16:47.437 [main] DEBUG c.i.k.driver.chrome_1752427002740 - >> {"id":86,"sessionId":"9F991FBDD24A3DECF2F1C9FED5782391","method":"Runtime.evaluate","params":{"expression":"document.location.href","returnByValue":true}}
00:16:47.444 [nioEventLoopGroup-2-1] DEBUG c.i.k.driver.chrome_1752427002740 - << {"id":86,"result":{"result":{"type":"string","value":"https://www.saucedemo.com/"}},"sessionId":"9F991FBDD24A3DECF2F1C9FED5782391"}
00:16:47.454 [main] INFO  c.intuit.karate.core.FeatureRuntime - classpath:UI/HomePageUI/HomePage.feature - call by tag at line 12: action_addProductToCart
00:16:47.564 [main] DEBUG c.intuit.karate.core.ScenarioEngine - over-writing existing variable 'homePage' with new value: read('classpath:UI/HomePageUI/saucedemo-HomePage.json')
00:16:47.936 [main] DEBUG c.i.k.driver.chrome_1752427002740 - >> {"id":87,"sessionId":"9F991FBDD24A3DECF2F1C9FED5782391","method":"Runtime.evaluate","params":{"expression":"(function(){ var fun = function(_){ return !_.disabled }; var e = document.evaluate(\"\/\/*[@id='add-to-cart-sauce-labs-backpack']\", document, null, 9, null).singleNodeValue; return fun(e) })()","returnByValue":true}}
00:16:47.949 [nioEventLoopGroup-2-1] DEBUG c.i.k.driver.chrome_1752427002740 - << {"id":87,"result":{"result":{"type":"object","subtype":"error","className":"TypeError","description":"TypeError: Cannot read properties of null (reading 'disabled')\n    at fun (<anonymous>:1:47)\n    at <anonymous>:1:180\n    at <anonymous>:1:189","objectId":"425046928981000755.1.1"},"exceptionDetails":{"exceptionId":1,"text":"Uncaught","lineNumber":0,"columnNumber":46,"scriptId":"13","stackTrace":{"callFrames":[{"functionName":"fun","scriptId":"13","url":"","lineNumber":0,"columnNumber":46},{"functionName":"","scriptId":"13","url":"","lineNumber":0,"columnNumber":179},{"functionName":"","scriptId":"13","url":"","lineNumber":0,"columnNumber":188}]},"exception":{"type":"object","subtype":"error","className":"TypeError","description":"TypeError: Cannot read properties of null (reading 'disabled')\n    at fun (<anonymous>:1:47)\n    at <anonymous>:1:180\n    at <anonymous>:1:189","objectId":"425046928981000755.1.2"}}},"sessionId":"9F991FBDD24A3DECF2F1C9FED5782391"}
00:16:47.949 [nioEventLoopGroup-2-1] WARN  c.i.k.driver.chrome_1752427002740 - devtools error: [id: 87, sessionId: 9F991FBDD24A3DECF2F1C9FED5782391, result: [type: MAP, value: {type=object, subtype=error, className=TypeError, description=TypeError: Cannot read properties of null (reading 'disabled')
    at fun (<anonymous>:1:47)
    at <anonymous>:1:180
    at <anonymous>:1:189, objectId=425046928981000755.1.1}]]
00:16:47.950 [main] WARN  c.i.k.driver.chrome_1752427002740 - js eval failed once:(function(){ var fun = function(_){ return !_.disabled }; var e = document.evaluate("//*[@id='add-to-cart-sauce-labs-backpack']", document, null, 9, null).singleNodeValue; return fun(e) })(), error: [type: MAP, value: {type=object, subtype=error, className=TypeError, description=TypeError: Cannot read properties of null (reading 'disabled')
    at fun (<anonymous>:1:47)
    at <anonymous>:1:180
    at <anonymous>:1:189, objectId=425046928981000755.1.1}]
00:16:47.965 [chrome_1752427002740-out] DEBUG c.i.k.driver.chrome_1752427002740 - WARNING: All log messages before absl::InitializeLog() is called are written to STDERR
00:16:47.965 [chrome_1752427002740-out] DEBUG c.i.k.driver.chrome_1752427002740 - I0000 00:00:1752427007.966163   12548 voice_transcription.cc:58] Registering VoiceTranscriptionCapability
00:16:48.307 [nioEventLoopGroup-2-1] DEBUG c.i.k.driver.chrome_1752427002740 - << {"method":"Runtime.consoleAPICalled","params":{"type":"log","args":[{"type":"string","value":"Content is cached for offline use."}],"executionContextId":1,"timestamp":1.752427008304515e+12,"stackTrace":{"callFrames":[{"functionName":"console.<computed>","scriptId":"6","url":"https://www.saucedemo.com/static/js/2.84a5cbf3.chunk.js","lineNumber":1,"columnNumber":123015},{"functionName":"a.onstatechange","scriptId":"7","url":"https://www.saucedemo.com/static/js/main.018d2d1e.chunk.js","lineNumber":0,"columnNumber":58496}]}},"sessionId":"9F991FBDD24A3DECF2F1C9FED5782391"}
00:16:48.309 [nioEventLoopGroup-2-1] DEBUG c.i.k.driver.chrome_1752427002740 - [console] Content is cached for offline use.
00:16:49.803 [chrome_1752427002740-out] DEBUG c.i.k.driver.chrome_1752427002740 - [24352:5380:0714/001649.802:ERROR:google_apis\gcm\engine\registration_request.cc:291] Registration response error message: DEPRECATED_ENDPOINT
00:16:51.339 [nioEventLoopGroup-2-1] DEBUG c.i.k.driver.chrome_1752427002740 - << {"method":"Target.targetCreated","params":{"targetInfo":{"targetId":"9CB3CE029C93CFAE03DB9B9233FD96DB","type":"other","title":"","url":"","attached":false,"canAccessOpener":false,"browserContextId":"17C36E271500E219B6F6725D94FA744E"}},"sessionId":"9F991FBDD24A3DECF2F1C9FED5782391"}
00:16:51.451 [nioEventLoopGroup-2-1] DEBUG c.i.k.driver.chrome_1752427002740 - << {"method":"Target.targetInfoChanged","params":{"targetInfo":{"targetId":"9CB3CE029C93CFAE03DB9B9233FD96DB","type":"background_page","title":"Chrome Web Store Payments","url":"chrome-extension://nmmhkkegccagdldgiimedpiccmgmieda/_generated_background_page.html","attached":false,"canAccessOpener":false,"browserContextId":"17C36E271500E219B6F6725D94FA744E"}},"sessionId":"9F991FBDD24A3DECF2F1C9FED5782391"}
00:16:51.737 [nioEventLoopGroup-2-1] DEBUG c.i.k.driver.chrome_1752427002740 - << {"method":"Target.targetCreated","params":{"targetInfo":{"targetId":"2FBA973F9E0F8AA4DA6DB78BF141D09B","type":"service_worker","title":"Service Worker chrome-extension://ghbmnnjooekpmoecnnnilnnbdlolhkhi/service_worker_bin_prod.js","url":"chrome-extension://ghbmnnjooekpmoecnnnilnnbdlolhkhi/service_worker_bin_prod.js","attached":false,"canAccessOpener":false,"browserContextId":"17C36E271500E219B6F6725D94FA744E"}},"sessionId":"9F991FBDD24A3DECF2F1C9FED5782391"}
00:16:57.967 [main] DEBUG c.i.k.driver.chrome_1752427002740 - >> {"id":88,"sessionId":"9F991FBDD24A3DECF2F1C9FED5782391","method":"Runtime.evaluate","params":{"expression":"(function(){ var fun = function(_){ return !_.disabled }; var e = document.evaluate(\"\/\/*[@id='add-to-cart-sauce-labs-backpack']\", document, null, 9, null).singleNodeValue; return fun(e) })()","returnByValue":true}}
00:16:58.006 [nioEventLoopGroup-2-1] DEBUG c.i.k.driver.chrome_1752427002740 - << {"id":88,"result":{"result":{"type":"object","subtype":"error","className":"TypeError","description":"TypeError: Cannot read properties of null (reading 'disabled')\n    at fun (<anonymous>:1:47)\n    at <anonymous>:1:180\n    at <anonymous>:1:189","objectId":"425046928981000755.1.3"},"exceptionDetails":{"exceptionId":2,"text":"Uncaught","lineNumber":0,"columnNumber":46,"scriptId":"13","stackTrace":{"callFrames":[{"functionName":"fun","scriptId":"13","url":"","lineNumber":0,"columnNumber":46},{"functionName":"","scriptId":"13","url":"","lineNumber":0,"columnNumber":179},{"functionName":"","scriptId":"13","url":"","lineNumber":0,"columnNumber":188}]},"exception":{"type":"object","subtype":"error","className":"TypeError","description":"TypeError: Cannot read properties of null (reading 'disabled')\n    at fun (<anonymous>:1:47)\n    at <anonymous>:1:180\n    at <anonymous>:1:189","objectId":"425046928981000755.1.4"}}},"sessionId":"9F991FBDD24A3DECF2F1C9FED5782391"}
00:16:58.006 [nioEventLoopGroup-2-1] WARN  c.i.k.driver.chrome_1752427002740 - devtools error: [id: 88, sessionId: 9F991FBDD24A3DECF2F1C9FED5782391, result: [type: MAP, value: {type=object, subtype=error, className=TypeError, description=TypeError: Cannot read properties of null (reading 'disabled')
    at fun (<anonymous>:1:47)
    at <anonymous>:1:180
    at <anonymous>:1:189, objectId=425046928981000755.1.3}]]
00:16:58.008 [main] ERROR c.i.k.driver.chrome_1752427002740 - js eval failed twice:(function(){ var fun = function(_){ return !_.disabled }; var e = document.evaluate("//*[@id='add-to-cart-sauce-labs-backpack']", document, null, 9, null).singleNodeValue; return fun(e) })(), error: [type: MAP, value: {type=object, subtype=error, className=TypeError, description=TypeError: Cannot read properties of null (reading 'disabled')
    at fun (<anonymous>:1:47)
    at <anonymous>:1:180
    at <anonymous>:1:189, objectId=425046928981000755.1.3}]
00:16:58.009 [main] WARN  c.i.k.driver.chrome_1752427002740 - waitUntil evaluate failed: js eval failed twice:(function(){ var fun = function(_){ return !_.disabled }; var e = document.evaluate("//*[@id='add-to-cart-sauce-labs-backpack']", document, null, 9, null).singleNodeValue; return fun(e) })(), error: [type: MAP, value: {type=object, subtype=error, className=TypeError, description=TypeError: Cannot read properties of null (reading 'disabled')
    at fun (<anonymous>:1:47)
    at <anonymous>:1:180
    at <anonymous>:1:189, objectId=425046928981000755.1.3}]
00:16:58.009 [main] DEBUG c.intuit.karate.driver.DriverOptions - waitUntil (js) - retry #1
00:16:58.587 [chrome_1752427002740-out] DEBUG c.i.k.driver.chrome_1752427002740 - Created TensorFlow Lite XNNPACK delegate for CPU.
00:16:58.588 [chrome_1752427002740-out] DEBUG c.i.k.driver.chrome_1752427002740 - Attempting to use a delegate that only supports static-sized tensors with a graph that has dynamic-sized tensors (tensor#-1 is a dynamic-sized tensor).
00:16:58.828 [nioEventLoopGroup-2-1] DEBUG c.i.k.driver.chrome_1752427002740 - << {"method":"Target.targetDestroyed","params":{"targetId":"0224A16A9B29A6CE14DE3185B1D01270"},"sessionId":"9F991FBDD24A3DECF2F1C9FED5782391"}
00:16:58.870 [nioEventLoopGroup-2-1] DEBUG c.i.k.driver.chrome_1752427002740 - << {"method":"Target.targetDestroyed","params":{"targetId":"7ACF173225FBB6FEF2E19405653446D6"},"sessionId":"9F991FBDD24A3DECF2F1C9FED5782391"}
00:17:06.573 [nioEventLoopGroup-2-1] DEBUG c.i.k.driver.chrome_1752427002740 - << {"method":"Target.targetDestroyed","params":{"targetId":"9CB3CE029C93CFAE03DB9B9233FD96DB"},"sessionId":"9F991FBDD24A3DECF2F1C9FED5782391"}
00:17:08.020 [main] DEBUG c.i.k.driver.chrome_1752427002740 - >> {"id":89,"sessionId":"9F991FBDD24A3DECF2F1C9FED5782391","method":"Runtime.evaluate","params":{"expression":"(function(){ var fun = function(_){ return !_.disabled }; var e = document.evaluate(\"\/\/*[@id='add-to-cart-sauce-labs-backpack']\", document, null, 9, null).singleNodeValue; return fun(e) })()","returnByValue":true}}
00:17:08.033 [nioEventLoopGroup-2-1] DEBUG c.i.k.driver.chrome_1752427002740 - << {"id":89,"result":{"result":{"type":"object","subtype":"error","className":"TypeError","description":"TypeError: Cannot read properties of null (reading 'disabled')\n    at fun (<anonymous>:1:47)\n    at <anonymous>:1:180\n    at <anonymous>:1:189","objectId":"425046928981000755.1.5"},"exceptionDetails":{"exceptionId":3,"text":"Uncaught","lineNumber":0,"columnNumber":46,"scriptId":"13","stackTrace":{"callFrames":[{"functionName":"fun","scriptId":"13","url":"","lineNumber":0,"columnNumber":46},{"functionName":"","scriptId":"13","url":"","lineNumber":0,"columnNumber":179},{"functionName":"","scriptId":"13","url":"","lineNumber":0,"columnNumber":188}]},"exception":{"type":"object","subtype":"error","className":"TypeError","description":"TypeError: Cannot read properties of null (reading 'disabled')\n    at fun (<anonymous>:1:47)\n    at <anonymous>:1:180\n    at <anonymous>:1:189","objectId":"425046928981000755.1.6"}}},"sessionId":"9F991FBDD24A3DECF2F1C9FED5782391"}
00:17:08.033 [nioEventLoopGroup-2-1] WARN  c.i.k.driver.chrome_1752427002740 - devtools error: [id: 89, sessionId: 9F991FBDD24A3DECF2F1C9FED5782391, result: [type: MAP, value: {type=object, subtype=error, className=TypeError, description=TypeError: Cannot read properties of null (reading 'disabled')
    at fun (<anonymous>:1:47)
    at <anonymous>:1:180
    at <anonymous>:1:189, objectId=425046928981000755.1.5}]]
00:17:08.034 [main] WARN  c.i.k.driver.chrome_1752427002740 - js eval failed once:(function(){ var fun = function(_){ return !_.disabled }; var e = document.evaluate("//*[@id='add-to-cart-sauce-labs-backpack']", document, null, 9, null).singleNodeValue; return fun(e) })(), error: [type: MAP, value: {type=object, subtype=error, className=TypeError, description=TypeError: Cannot read properties of null (reading 'disabled')
    at fun (<anonymous>:1:47)
    at <anonymous>:1:180
    at <anonymous>:1:189, objectId=425046928981000755.1.5}]
00:17:14.933 [nioEventLoopGroup-2-1] DEBUG c.i.k.driver.chrome_1752427002740 - << {"method":"Target.targetDestroyed","params":{"targetId":"1D9FD2C29797C1547C525073B5D693A5"},"sessionId":"9F991FBDD24A3DECF2F1C9FED5782391"}
00:17:16.170 [chrome_1752427002740-out] DEBUG c.i.k.driver.chrome_1752427002740 - [24352:5380:0714/001716.170:ERROR:google_apis\gcm\engine\registration_request.cc:291] Registration response error message: DEPRECATED_ENDPOINT
00:17:18.037 [main] DEBUG c.i.k.driver.chrome_1752427002740 - >> {"id":90,"sessionId":"9F991FBDD24A3DECF2F1C9FED5782391","method":"Runtime.evaluate","params":{"expression":"(function(){ var fun = function(_){ return !_.disabled }; var e = document.evaluate(\"\/\/*[@id='add-to-cart-sauce-labs-backpack']\", document, null, 9, null).singleNodeValue; return fun(e) })()","returnByValue":true}}
00:17:18.051 [nioEventLoopGroup-2-1] DEBUG c.i.k.driver.chrome_1752427002740 - << {"id":90,"result":{"result":{"type":"object","subtype":"error","className":"TypeError","description":"TypeError: Cannot read properties of null (reading 'disabled')\n    at fun (<anonymous>:1:47)\n    at <anonymous>:1:180\n    at <anonymous>:1:189","objectId":"425046928981000755.1.7"},"exceptionDetails":{"exceptionId":4,"text":"Uncaught","lineNumber":0,"columnNumber":46,"scriptId":"13","stackTrace":{"callFrames":[{"functionName":"fun","scriptId":"13","url":"","lineNumber":0,"columnNumber":46},{"functionName":"","scriptId":"13","url":"","lineNumber":0,"columnNumber":179},{"functionName":"","scriptId":"13","url":"","lineNumber":0,"columnNumber":188}]},"exception":{"type":"object","subtype":"error","className":"TypeError","description":"TypeError: Cannot read properties of null (reading 'disabled')\n    at fun (<anonymous>:1:47)\n    at <anonymous>:1:180\n    at <anonymous>:1:189","objectId":"425046928981000755.1.8"}}},"sessionId":"9F991FBDD24A3DECF2F1C9FED5782391"}
00:17:18.051 [nioEventLoopGroup-2-1] WARN  c.i.k.driver.chrome_1752427002740 - devtools error: [id: 90, sessionId: 9F991FBDD24A3DECF2F1C9FED5782391, result: [type: MAP, value: {type=object, subtype=error, className=TypeError, description=TypeError: Cannot read properties of null (reading 'disabled')
    at fun (<anonymous>:1:47)
    at <anonymous>:1:180
    at <anonymous>:1:189, objectId=425046928981000755.1.7}]]
00:17:18.052 [main] ERROR c.i.k.driver.chrome_1752427002740 - js eval failed twice:(function(){ var fun = function(_){ return !_.disabled }; var e = document.evaluate("//*[@id='add-to-cart-sauce-labs-backpack']", document, null, 9, null).singleNodeValue; return fun(e) })(), error: [type: MAP, value: {type=object, subtype=error, className=TypeError, description=TypeError: Cannot read properties of null (reading 'disabled')
    at fun (<anonymous>:1:47)
    at <anonymous>:1:180
    at <anonymous>:1:189, objectId=425046928981000755.1.7}]
00:17:18.052 [main] WARN  c.i.k.driver.chrome_1752427002740 - waitUntil evaluate failed: js eval failed twice:(function(){ var fun = function(_){ return !_.disabled }; var e = document.evaluate("//*[@id='add-to-cart-sauce-labs-backpack']", document, null, 9, null).singleNodeValue; return fun(e) })(), error: [type: MAP, value: {type=object, subtype=error, className=TypeError, description=TypeError: Cannot read properties of null (reading 'disabled')
    at fun (<anonymous>:1:47)
    at <anonymous>:1:180
    at <anonymous>:1:189, objectId=425046928981000755.1.7}]
00:17:18.053 [main] DEBUG c.intuit.karate.driver.DriverOptions - waitUntil (js) - retry #2
00:17:18.351 [nioEventLoopGroup-2-1] DEBUG c.i.k.driver.chrome_1752427002740 - << {"method":"Target.targetDestroyed","params":{"targetId":"93E53C4F6B6178CB1CA5200E002FC3AE"},"sessionId":"9F991FBDD24A3DECF2F1C9FED5782391"}
00:17:21.961 [nioEventLoopGroup-2-1] DEBUG c.i.k.driver.chrome_1752427002740 - << {"method":"Target.targetDestroyed","params":{"targetId":"2FBA973F9E0F8AA4DA6DB78BF141D09B"},"sessionId":"9F991FBDD24A3DECF2F1C9FED5782391"}
00:17:28.063 [main] DEBUG c.i.k.driver.chrome_1752427002740 - >> {"id":91,"sessionId":"9F991FBDD24A3DECF2F1C9FED5782391","method":"Runtime.evaluate","params":{"expression":"(function(){ var fun = function(_){ return !_.disabled }; var e = document.evaluate(\"\/\/*[@id='add-to-cart-sauce-labs-backpack']\", document, null, 9, null).singleNodeValue; return fun(e) })()","returnByValue":true}}
00:17:28.067 [nioEventLoopGroup-2-1] DEBUG c.i.k.driver.chrome_1752427002740 - << {"id":91,"result":{"result":{"type":"object","subtype":"error","className":"TypeError","description":"TypeError: Cannot read properties of null (reading 'disabled')\n    at fun (<anonymous>:1:47)\n    at <anonymous>:1:180\n    at <anonymous>:1:189","objectId":"425046928981000755.1.9"},"exceptionDetails":{"exceptionId":5,"text":"Uncaught","lineNumber":0,"columnNumber":46,"scriptId":"13","stackTrace":{"callFrames":[{"functionName":"fun","scriptId":"13","url":"","lineNumber":0,"columnNumber":46},{"functionName":"","scriptId":"13","url":"","lineNumber":0,"columnNumber":179},{"functionName":"","scriptId":"13","url":"","lineNumber":0,"columnNumber":188}]},"exception":{"type":"object","subtype":"error","className":"TypeError","description":"TypeError: Cannot read properties of null (reading 'disabled')\n    at fun (<anonymous>:1:47)\n    at <anonymous>:1:180\n    at <anonymous>:1:189","objectId":"425046928981000755.1.10"}}},"sessionId":"9F991FBDD24A3DECF2F1C9FED5782391"}
00:17:28.067 [nioEventLoopGroup-2-1] WARN  c.i.k.driver.chrome_1752427002740 - devtools error: [id: 91, sessionId: 9F991FBDD24A3DECF2F1C9FED5782391, result: [type: MAP, value: {type=object, subtype=error, className=TypeError, description=TypeError: Cannot read properties of null (reading 'disabled')
    at fun (<anonymous>:1:47)
    at <anonymous>:1:180
    at <anonymous>:1:189, objectId=425046928981000755.1.9}]]
00:17:28.068 [main] WARN  c.i.k.driver.chrome_1752427002740 - js eval failed once:(function(){ var fun = function(_){ return !_.disabled }; var e = document.evaluate("//*[@id='add-to-cart-sauce-labs-backpack']", document, null, 9, null).singleNodeValue; return fun(e) })(), error: [type: MAP, value: {type=object, subtype=error, className=TypeError, description=TypeError: Cannot read properties of null (reading 'disabled')
    at fun (<anonymous>:1:47)
    at <anonymous>:1:180
    at <anonymous>:1:189, objectId=425046928981000755.1.9}]
00:17:38.083 [main] DEBUG c.i.k.driver.chrome_1752427002740 - >> {"id":92,"sessionId":"9F991FBDD24A3DECF2F1C9FED5782391","method":"Runtime.evaluate","params":{"expression":"(function(){ var fun = function(_){ return !_.disabled }; var e = document.evaluate(\"\/\/*[@id='add-to-cart-sauce-labs-backpack']\", document, null, 9, null).singleNodeValue; return fun(e) })()","returnByValue":true}}
00:17:38.088 [nioEventLoopGroup-2-1] DEBUG c.i.k.driver.chrome_1752427002740 - << {"id":92,"result":{"result":{"type":"object","subtype":"error","className":"TypeError","description":"TypeError: Cannot read properties of null (reading 'disabled')\n    at fun (<anonymous>:1:47)\n    at <anonymous>:1:180\n    at <anonymous>:1:189","objectId":"425046928981000755.1.11"},"exceptionDetails":{"exceptionId":6,"text":"Uncaught","lineNumber":0,"columnNumber":46,"scriptId":"13","stackTrace":{"callFrames":[{"functionName":"fun","scriptId":"13","url":"","lineNumber":0,"columnNumber":46},{"functionName":"","scriptId":"13","url":"","lineNumber":0,"columnNumber":179},{"functionName":"","scriptId":"13","url":"","lineNumber":0,"columnNumber":188}]},"exception":{"type":"object","subtype":"error","className":"TypeError","description":"TypeError: Cannot read properties of null (reading 'disabled')\n    at fun (<anonymous>:1:47)\n    at <anonymous>:1:180\n    at <anonymous>:1:189","objectId":"425046928981000755.1.12"}}},"sessionId":"9F991FBDD24A3DECF2F1C9FED5782391"}
00:17:38.089 [nioEventLoopGroup-2-1] WARN  c.i.k.driver.chrome_1752427002740 - devtools error: [id: 92, sessionId: 9F991FBDD24A3DECF2F1C9FED5782391, result: [type: MAP, value: {type=object, subtype=error, className=TypeError, description=TypeError: Cannot read properties of null (reading 'disabled')
    at fun (<anonymous>:1:47)
    at <anonymous>:1:180
    at <anonymous>:1:189, objectId=425046928981000755.1.11}]]
00:17:38.090 [main] ERROR c.i.k.driver.chrome_1752427002740 - js eval failed twice:(function(){ var fun = function(_){ return !_.disabled }; var e = document.evaluate("//*[@id='add-to-cart-sauce-labs-backpack']", document, null, 9, null).singleNodeValue; return fun(e) })(), error: [type: MAP, value: {type=object, subtype=error, className=TypeError, description=TypeError: Cannot read properties of null (reading 'disabled')
    at fun (<anonymous>:1:47)
    at <anonymous>:1:180
    at <anonymous>:1:189, objectId=425046928981000755.1.11}]
00:17:38.091 [main] WARN  c.i.k.driver.chrome_1752427002740 - waitUntil evaluate failed: js eval failed twice:(function(){ var fun = function(_){ return !_.disabled }; var e = document.evaluate("//*[@id='add-to-cart-sauce-labs-backpack']", document, null, 9, null).singleNodeValue; return fun(e) })(), error: [type: MAP, value: {type=object, subtype=error, className=TypeError, description=TypeError: Cannot read properties of null (reading 'disabled')
    at fun (<anonymous>:1:47)
    at <anonymous>:1:180
    at <anonymous>:1:189, objectId=425046928981000755.1.11}]
00:17:38.091 [main] DEBUG c.intuit.karate.driver.DriverOptions - waitUntil (js) - retry #3
00:17:48.098 [main] DEBUG c.i.k.driver.chrome_1752427002740 - >> {"id":93,"sessionId":"9F991FBDD24A3DECF2F1C9FED5782391","method":"Runtime.evaluate","params":{"expression":"(function(){ var fun = function(_){ return !_.disabled }; var e = document.evaluate(\"\/\/*[@id='add-to-cart-sauce-labs-backpack']\", document, null, 9, null).singleNodeValue; return fun(e) })()","returnByValue":true}}
00:17:48.103 [nioEventLoopGroup-2-1] DEBUG c.i.k.driver.chrome_1752427002740 - << {"id":93,"result":{"result":{"type":"object","subtype":"error","className":"TypeError","description":"TypeError: Cannot read properties of null (reading 'disabled')\n    at fun (<anonymous>:1:47)\n    at <anonymous>:1:180\n    at <anonymous>:1:189","objectId":"425046928981000755.1.13"},"exceptionDetails":{"exceptionId":7,"text":"Uncaught","lineNumber":0,"columnNumber":46,"scriptId":"13","stackTrace":{"callFrames":[{"functionName":"fun","scriptId":"13","url":"","lineNumber":0,"columnNumber":46},{"functionName":"","scriptId":"13","url":"","lineNumber":0,"columnNumber":179},{"functionName":"","scriptId":"13","url":"","lineNumber":0,"columnNumber":188}]},"exception":{"type":"object","subtype":"error","className":"TypeError","description":"TypeError: Cannot read properties of null (reading 'disabled')\n    at fun (<anonymous>:1:47)\n    at <anonymous>:1:180\n    at <anonymous>:1:189","objectId":"425046928981000755.1.14"}}},"sessionId":"9F991FBDD24A3DECF2F1C9FED5782391"}
00:17:48.104 [nioEventLoopGroup-2-1] WARN  c.i.k.driver.chrome_1752427002740 - devtools error: [id: 93, sessionId: 9F991FBDD24A3DECF2F1C9FED5782391, result: [type: MAP, value: {type=object, subtype=error, className=TypeError, description=TypeError: Cannot read properties of null (reading 'disabled')
    at fun (<anonymous>:1:47)
    at <anonymous>:1:180
    at <anonymous>:1:189, objectId=425046928981000755.1.13}]]
00:17:48.104 [main] WARN  c.i.k.driver.chrome_1752427002740 - js eval failed once:(function(){ var fun = function(_){ return !_.disabled }; var e = document.evaluate("//*[@id='add-to-cart-sauce-labs-backpack']", document, null, 9, null).singleNodeValue; return fun(e) })(), error: [type: MAP, value: {type=object, subtype=error, className=TypeError, description=TypeError: Cannot read properties of null (reading 'disabled')
    at fun (<anonymous>:1:47)
    at <anonymous>:1:180
    at <anonymous>:1:189, objectId=425046928981000755.1.13}]
00:17:58.109 [main] DEBUG c.i.k.driver.chrome_1752427002740 - >> {"id":94,"sessionId":"9F991FBDD24A3DECF2F1C9FED5782391","method":"Runtime.evaluate","params":{"expression":"(function(){ var fun = function(_){ return !_.disabled }; var e = document.evaluate(\"\/\/*[@id='add-to-cart-sauce-labs-backpack']\", document, null, 9, null).singleNodeValue; return fun(e) })()","returnByValue":true}}
00:17:58.113 [nioEventLoopGroup-2-1] DEBUG c.i.k.driver.chrome_1752427002740 - << {"id":94,"result":{"result":{"type":"object","subtype":"error","className":"TypeError","description":"TypeError: Cannot read properties of null (reading 'disabled')\n    at fun (<anonymous>:1:47)\n    at <anonymous>:1:180\n    at <anonymous>:1:189","objectId":"425046928981000755.1.15"},"exceptionDetails":{"exceptionId":8,"text":"Uncaught","lineNumber":0,"columnNumber":46,"scriptId":"13","stackTrace":{"callFrames":[{"functionName":"fun","scriptId":"13","url":"","lineNumber":0,"columnNumber":46},{"functionName":"","scriptId":"13","url":"","lineNumber":0,"columnNumber":179},{"functionName":"","scriptId":"13","url":"","lineNumber":0,"columnNumber":188}]},"exception":{"type":"object","subtype":"error","className":"TypeError","description":"TypeError: Cannot read properties of null (reading 'disabled')\n    at fun (<anonymous>:1:47)\n    at <anonymous>:1:180\n    at <anonymous>:1:189","objectId":"425046928981000755.1.16"}}},"sessionId":"9F991FBDD24A3DECF2F1C9FED5782391"}
00:17:58.113 [nioEventLoopGroup-2-1] WARN  c.i.k.driver.chrome_1752427002740 - devtools error: [id: 94, sessionId: 9F991FBDD24A3DECF2F1C9FED5782391, result: [type: MAP, value: {type=object, subtype=error, className=TypeError, description=TypeError: Cannot read properties of null (reading 'disabled')
    at fun (<anonymous>:1:47)
    at <anonymous>:1:180
    at <anonymous>:1:189, objectId=425046928981000755.1.15}]]
00:17:58.114 [main] ERROR c.i.k.driver.chrome_1752427002740 - js eval failed twice:(function(){ var fun = function(_){ return !_.disabled }; var e = document.evaluate("//*[@id='add-to-cart-sauce-labs-backpack']", document, null, 9, null).singleNodeValue; return fun(e) })(), error: [type: MAP, value: {type=object, subtype=error, className=TypeError, description=TypeError: Cannot read properties of null (reading 'disabled')
    at fun (<anonymous>:1:47)
    at <anonymous>:1:180
    at <anonymous>:1:189, objectId=425046928981000755.1.15}]
00:17:58.114 [main] WARN  c.i.k.driver.chrome_1752427002740 - waitUntil evaluate failed: js eval failed twice:(function(){ var fun = function(_){ return !_.disabled }; var e = document.evaluate("//*[@id='add-to-cart-sauce-labs-backpack']", document, null, 9, null).singleNodeValue; return fun(e) })(), error: [type: MAP, value: {type=object, subtype=error, className=TypeError, description=TypeError: Cannot read properties of null (reading 'disabled')
    at fun (<anonymous>:1:47)
    at <anonymous>:1:180
    at <anonymous>:1:189, objectId=425046928981000755.1.15}]
00:17:58.115 [main] DEBUG c.intuit.karate.driver.DriverOptions - waitUntil (js) - retry #4
00:18:08.126 [main] DEBUG c.i.k.driver.chrome_1752427002740 - >> {"id":95,"sessionId":"9F991FBDD24A3DECF2F1C9FED5782391","method":"Runtime.evaluate","params":{"expression":"(function(){ var fun = function(_){ return !_.disabled }; var e = document.evaluate(\"\/\/*[@id='add-to-cart-sauce-labs-backpack']\", document, null, 9, null).singleNodeValue; return fun(e) })()","returnByValue":true}}
00:18:08.130 [nioEventLoopGroup-2-1] DEBUG c.i.k.driver.chrome_1752427002740 - << {"id":95,"result":{"result":{"type":"object","subtype":"error","className":"TypeError","description":"TypeError: Cannot read properties of null (reading 'disabled')\n    at fun (<anonymous>:1:47)\n    at <anonymous>:1:180\n    at <anonymous>:1:189","objectId":"425046928981000755.1.17"},"exceptionDetails":{"exceptionId":9,"text":"Uncaught","lineNumber":0,"columnNumber":46,"scriptId":"13","stackTrace":{"callFrames":[{"functionName":"fun","scriptId":"13","url":"","lineNumber":0,"columnNumber":46},{"functionName":"","scriptId":"13","url":"","lineNumber":0,"columnNumber":179},{"functionName":"","scriptId":"13","url":"","lineNumber":0,"columnNumber":188}]},"exception":{"type":"object","subtype":"error","className":"TypeError","description":"TypeError: Cannot read properties of null (reading 'disabled')\n    at fun (<anonymous>:1:47)\n    at <anonymous>:1:180\n    at <anonymous>:1:189","objectId":"425046928981000755.1.18"}}},"sessionId":"9F991FBDD24A3DECF2F1C9FED5782391"}
00:18:08.131 [nioEventLoopGroup-2-1] WARN  c.i.k.driver.chrome_1752427002740 - devtools error: [id: 95, sessionId: 9F991FBDD24A3DECF2F1C9FED5782391, result: [type: MAP, value: {type=object, subtype=error, className=TypeError, description=TypeError: Cannot read properties of null (reading 'disabled')
    at fun (<anonymous>:1:47)
    at <anonymous>:1:180
    at <anonymous>:1:189, objectId=425046928981000755.1.17}]]
00:18:08.131 [main] WARN  c.i.k.driver.chrome_1752427002740 - js eval failed once:(function(){ var fun = function(_){ return !_.disabled }; var e = document.evaluate("//*[@id='add-to-cart-sauce-labs-backpack']", document, null, 9, null).singleNodeValue; return fun(e) })(), error: [type: MAP, value: {type=object, subtype=error, className=TypeError, description=TypeError: Cannot read properties of null (reading 'disabled')
    at fun (<anonymous>:1:47)
    at <anonymous>:1:180
    at <anonymous>:1:189, objectId=425046928981000755.1.17}]
00:18:15.827 [chrome_1752427002740-out] DEBUG c.i.k.driver.chrome_1752427002740 - [24352:5380:0714/001815.827:ERROR:google_apis\gcm\engine\registration_request.cc:291] Registration response error message: DEPRECATED_ENDPOINT
00:18:18.141 [main] DEBUG c.i.k.driver.chrome_1752427002740 - >> {"id":96,"sessionId":"9F991FBDD24A3DECF2F1C9FED5782391","method":"Runtime.evaluate","params":{"expression":"(function(){ var fun = function(_){ return !_.disabled }; var e = document.evaluate(\"\/\/*[@id='add-to-cart-sauce-labs-backpack']\", document, null, 9, null).singleNodeValue; return fun(e) })()","returnByValue":true}}
00:18:18.215 [nioEventLoopGroup-2-1] DEBUG c.i.k.driver.chrome_1752427002740 - << {"id":96,"result":{"result":{"type":"object","subtype":"error","className":"TypeError","description":"TypeError: Cannot read properties of null (reading 'disabled')\n    at fun (<anonymous>:1:47)\n    at <anonymous>:1:180\n    at <anonymous>:1:189","objectId":"425046928981000755.1.19"},"exceptionDetails":{"exceptionId":10,"text":"Uncaught","lineNumber":0,"columnNumber":46,"scriptId":"13","stackTrace":{"callFrames":[{"functionName":"fun","scriptId":"13","url":"","lineNumber":0,"columnNumber":46},{"functionName":"","scriptId":"13","url":"","lineNumber":0,"columnNumber":179},{"functionName":"","scriptId":"13","url":"","lineNumber":0,"columnNumber":188}]},"exception":{"type":"object","subtype":"error","className":"TypeError","description":"TypeError: Cannot read properties of null (reading 'disabled')\n    at fun (<anonymous>:1:47)\n    at <anonymous>:1:180\n    at <anonymous>:1:189","objectId":"425046928981000755.1.20"}}},"sessionId":"9F991FBDD24A3DECF2F1C9FED5782391"}
00:18:18.216 [nioEventLoopGroup-2-1] WARN  c.i.k.driver.chrome_1752427002740 - devtools error: [id: 96, sessionId: 9F991FBDD24A3DECF2F1C9FED5782391, result: [type: MAP, value: {type=object, subtype=error, className=TypeError, description=TypeError: Cannot read properties of null (reading 'disabled')
    at fun (<anonymous>:1:47)
    at <anonymous>:1:180
    at <anonymous>:1:189, objectId=425046928981000755.1.19}]]
00:18:18.216 [main] ERROR c.i.k.driver.chrome_1752427002740 - js eval failed twice:(function(){ var fun = function(_){ return !_.disabled }; var e = document.evaluate("//*[@id='add-to-cart-sauce-labs-backpack']", document, null, 9, null).singleNodeValue; return fun(e) })(), error: [type: MAP, value: {type=object, subtype=error, className=TypeError, description=TypeError: Cannot read properties of null (reading 'disabled')
    at fun (<anonymous>:1:47)
    at <anonymous>:1:180
    at <anonymous>:1:189, objectId=425046928981000755.1.19}]
00:18:18.217 [main] WARN  c.i.k.driver.chrome_1752427002740 - waitUntil evaluate failed: js eval failed twice:(function(){ var fun = function(_){ return !_.disabled }; var e = document.evaluate("//*[@id='add-to-cart-sauce-labs-backpack']", document, null, 9, null).singleNodeValue; return fun(e) })(), error: [type: MAP, value: {type=object, subtype=error, className=TypeError, description=TypeError: Cannot read properties of null (reading 'disabled')
    at fun (<anonymous>:1:47)
    at <anonymous>:1:180
    at <anonymous>:1:189, objectId=425046928981000755.1.19}]
00:18:18.217 [main] DEBUG c.intuit.karate.driver.DriverOptions - waitUntil (js) - retry #5
00:18:28.221 [main] DEBUG c.i.k.driver.chrome_1752427002740 - >> {"id":97,"sessionId":"9F991FBDD24A3DECF2F1C9FED5782391","method":"Runtime.evaluate","params":{"expression":"(function(){ var fun = function(_){ return !_.disabled }; var e = document.evaluate(\"\/\/*[@id='add-to-cart-sauce-labs-backpack']\", document, null, 9, null).singleNodeValue; return fun(e) })()","returnByValue":true}}
00:18:28.225 [nioEventLoopGroup-2-1] DEBUG c.i.k.driver.chrome_1752427002740 - << {"id":97,"result":{"result":{"type":"object","subtype":"error","className":"TypeError","description":"TypeError: Cannot read properties of null (reading 'disabled')\n    at fun (<anonymous>:1:47)\n    at <anonymous>:1:180\n    at <anonymous>:1:189","objectId":"425046928981000755.1.21"},"exceptionDetails":{"exceptionId":11,"text":"Uncaught","lineNumber":0,"columnNumber":46,"scriptId":"13","stackTrace":{"callFrames":[{"functionName":"fun","scriptId":"13","url":"","lineNumber":0,"columnNumber":46},{"functionName":"","scriptId":"13","url":"","lineNumber":0,"columnNumber":179},{"functionName":"","scriptId":"13","url":"","lineNumber":0,"columnNumber":188}]},"exception":{"type":"object","subtype":"error","className":"TypeError","description":"TypeError: Cannot read properties of null (reading 'disabled')\n    at fun (<anonymous>:1:47)\n    at <anonymous>:1:180\n    at <anonymous>:1:189","objectId":"425046928981000755.1.22"}}},"sessionId":"9F991FBDD24A3DECF2F1C9FED5782391"}
00:18:28.225 [nioEventLoopGroup-2-1] WARN  c.i.k.driver.chrome_1752427002740 - devtools error: [id: 97, sessionId: 9F991FBDD24A3DECF2F1C9FED5782391, result: [type: MAP, value: {type=object, subtype=error, className=TypeError, description=TypeError: Cannot read properties of null (reading 'disabled')
    at fun (<anonymous>:1:47)
    at <anonymous>:1:180
    at <anonymous>:1:189, objectId=425046928981000755.1.21}]]
00:18:28.226 [main] WARN  c.i.k.driver.chrome_1752427002740 - js eval failed once:(function(){ var fun = function(_){ return !_.disabled }; var e = document.evaluate("//*[@id='add-to-cart-sauce-labs-backpack']", document, null, 9, null).singleNodeValue; return fun(e) })(), error: [type: MAP, value: {type=object, subtype=error, className=TypeError, description=TypeError: Cannot read properties of null (reading 'disabled')
    at fun (<anonymous>:1:47)
    at <anonymous>:1:180
    at <anonymous>:1:189, objectId=425046928981000755.1.21}]
00:18:38.229 [main] DEBUG c.i.k.driver.chrome_1752427002740 - >> {"id":98,"sessionId":"9F991FBDD24A3DECF2F1C9FED5782391","method":"Runtime.evaluate","params":{"expression":"(function(){ var fun = function(_){ return !_.disabled }; var e = document.evaluate(\"\/\/*[@id='add-to-cart-sauce-labs-backpack']\", document, null, 9, null).singleNodeValue; return fun(e) })()","returnByValue":true}}
00:18:38.233 [nioEventLoopGroup-2-1] DEBUG c.i.k.driver.chrome_1752427002740 - << {"id":98,"result":{"result":{"type":"object","subtype":"error","className":"TypeError","description":"TypeError: Cannot read properties of null (reading 'disabled')\n    at fun (<anonymous>:1:47)\n    at <anonymous>:1:180\n    at <anonymous>:1:189","objectId":"425046928981000755.1.23"},"exceptionDetails":{"exceptionId":12,"text":"Uncaught","lineNumber":0,"columnNumber":46,"scriptId":"13","stackTrace":{"callFrames":[{"functionName":"fun","scriptId":"13","url":"","lineNumber":0,"columnNumber":46},{"functionName":"","scriptId":"13","url":"","lineNumber":0,"columnNumber":179},{"functionName":"","scriptId":"13","url":"","lineNumber":0,"columnNumber":188}]},"exception":{"type":"object","subtype":"error","className":"TypeError","description":"TypeError: Cannot read properties of null (reading 'disabled')\n    at fun (<anonymous>:1:47)\n    at <anonymous>:1:180\n    at <anonymous>:1:189","objectId":"425046928981000755.1.24"}}},"sessionId":"9F991FBDD24A3DECF2F1C9FED5782391"}
00:18:38.233 [nioEventLoopGroup-2-1] WARN  c.i.k.driver.chrome_1752427002740 - devtools error: [id: 98, sessionId: 9F991FBDD24A3DECF2F1C9FED5782391, result: [type: MAP, value: {type=object, subtype=error, className=TypeError, description=TypeError: Cannot read properties of null (reading 'disabled')
    at fun (<anonymous>:1:47)
    at <anonymous>:1:180
    at <anonymous>:1:189, objectId=425046928981000755.1.23}]]
00:18:38.234 [main] ERROR c.i.k.driver.chrome_1752427002740 - js eval failed twice:(function(){ var fun = function(_){ return !_.disabled }; var e = document.evaluate("//*[@id='add-to-cart-sauce-labs-backpack']", document, null, 9, null).singleNodeValue; return fun(e) })(), error: [type: MAP, value: {type=object, subtype=error, className=TypeError, description=TypeError: Cannot read properties of null (reading 'disabled')
    at fun (<anonymous>:1:47)
    at <anonymous>:1:180
    at <anonymous>:1:189, objectId=425046928981000755.1.23}]
00:18:38.234 [main] WARN  c.i.k.driver.chrome_1752427002740 - waitUntil evaluate failed: js eval failed twice:(function(){ var fun = function(_){ return !_.disabled }; var e = document.evaluate("//*[@id='add-to-cart-sauce-labs-backpack']", document, null, 9, null).singleNodeValue; return fun(e) })(), error: [type: MAP, value: {type=object, subtype=error, className=TypeError, description=TypeError: Cannot read properties of null (reading 'disabled')
    at fun (<anonymous>:1:47)
    at <anonymous>:1:180
    at <anonymous>:1:189, objectId=425046928981000755.1.23}]
00:18:38.245 [main] WARN  c.intuit.karate.driver.DriverOptions - waitUntil (js): failed after 5 retries and 110298 milliseconds
00:18:38.297 [main] ERROR com.intuit.karate - classpath:UI/HomePageUI/HomePage.feature:17
* retry(5, 10000).waitForEnabled(buttonXpath).click()
js failed:
>>>>
01: retry(5, 10000).waitForEnabled(buttonXpath).click()
<<<<
org.graalvm.polyglot.PolyglotException: waitUntil (js): failed after 5 retries and 110298 milliseconds
- com.intuit.karate.driver.DriverOptions.retry(DriverOptions.java:517)
- com.intuit.karate.driver.DevToolsDriver.waitUntil(DevToolsDriver.java:777)
- com.intuit.karate.driver.DriverOptions.waitUntil(DriverOptions.java:674)
- com.intuit.karate.driver.Driver.waitUntil(Driver.java:283)
- com.intuit.karate.driver.Driver.waitForEnabled(Driver.java:252)
- <js>.:program(Unnamed:1)

classpath:UI/HomePageUI/HomePage.feature:17
00:18:38.297 [main] DEBUG c.i.k.driver.chrome_1752427002740 - >> {"id":99,"sessionId":"9F991FBDD24A3DECF2F1C9FED5782391","method":"Page.captureScreenshot"}
00:18:38.530 [nioEventLoopGroup-2-1] DEBUG c.i.k.driver.chrome_1752427002740 - << {"id":99,"result":{"data":"iVBORw0KGgoAAAANSUhEUgAAA6EAAAPFCAIAAAAbXHkxAAAAAXNSR0IArs4c6QAAIABJREFUeJzs3XtclGX+//EPCsxQMrMSgyVg2wCLIBbmYTAVK6NWpFqhtcQtdbOkrTzseuigteuhUtuf1Vrppkm1arkr7paHbUm3MFNME1uVXIW+KbgrQ7jMYMwAyu+PexgGBEQFRy5fz4ePhzP33IfPfd9zeHPNdV/jU1bzgwAAAAAK6eTtAgAAAIA2RsYFAACAasi4AAAAUA0ZFwAAAKoh4wIAAEA1ZFwAAACohowLAAAA1ZBxAQAAoBoyLgAAAFRDxgUAAIBqyLgAAABQDRkXAAAAqiHjAgAAQDVkXAAAAKiGjAsAAADVkHEBAACgGjIuAAAAVEPGBQAAgGrIuAAAAFANGRcAAACqIeMCAABANWRcAAAAqIaMCwAAANWQcQEAAKAaMi4AAABUQ8YFAACAasi4AAAAUA0ZFwAAAKoh4wIAAEA1ZFwAAACohowLAAAA1ZBxAQAAoBoyLgAAAFRDxgUAAIBqyLgAAABQDRkXAAAAqiHjAgAAQDVkXAAAAKiGjAsAAADVkHEBAACgGjIuAAAAVEPGBQAAgGrIuAAAAFANGRcAAACqIeMC6IBs36ybP/6ufjdHRcdFRcdF9bt7zPwtRU5vV3VRPp8SHRcVPS2nTVeaMzUuKjpuStuuFAA6AjIugI6m8L37Bt331LtfFtqrXFPs3+56d/Jt/dIzC71cGgDgMkHGBdCxfLNowoJ9VRI4ZOafPt9z+ND+w4f27/985aM9Raq+nj9hcYG36wMAXA7IuAA6lKIvtxWLyO1zXn/QYtJp03Sm/tPfWzRERIo3Z+V7u0IAwGXA19sFAMD5cYpI6A1mXcOphtsnPXOvKV/M3ioLAHA5oR0XQIcSdkOMiBRv3ti4vVYXP3b+gpfmp8WIiBx8+c6o6LgxWaV1j26ZEh3X1JSG13g1vJSt16D0mVmFtqbrs ...
00:18:38.598 [main] ERROR com.intuit.karate - classpath:UI/HomePageUI/Home.feature:18
When call read('HomePage.feature@action_addProductToCart') { productName: 'Sauce Labs Backpack' }
js failed:
>>>>
01: retry(5, 10000).waitForEnabled(buttonXpath).click()
<<<<
org.graalvm.polyglot.PolyglotException: waitUntil (js): failed after 5 retries and 110298 milliseconds
- com.intuit.karate.driver.DriverOptions.retry(DriverOptions.java:517)
- com.intuit.karate.driver.DevToolsDriver.waitUntil(DevToolsDriver.java:777)
- com.intuit.karate.driver.DriverOptions.waitUntil(DriverOptions.java:674)
- com.intuit.karate.driver.Driver.waitUntil(Driver.java:283)
- com.intuit.karate.driver.Driver.waitForEnabled(Driver.java:252)
- <js>.:program(Unnamed:1)

classpath:UI/HomePageUI/HomePage.feature:17
classpath:UI/HomePageUI/Home.feature:18
00:18:38.599 [main] DEBUG c.i.k.driver.chrome_1752427002740 - >> {"id":100,"sessionId":"9F991FBDD24A3DECF2F1C9FED5782391","method":"Target.closeTarget","params":{"targetId":"C0BEA6016AED33C7E2CA0CC67DDBAF81"}}
00:18:38.602 [nioEventLoopGroup-2-1] DEBUG c.i.k.driver.chrome_1752427002740 - << {"id":100,"result":{"success":true},"sessionId":"9F991FBDD24A3DECF2F1C9FED5782391"}
00:18:38.613 [nioEventLoopGroup-2-1] ERROR c.i.k.http.WebSocketClientHandler - websocket exception: An established connection was aborted by the software in your host machine
00:18:38.617 [nioEventLoopGroup-2-1] DEBUG c.i.k.http.WebSocketClientHandler - websocket client disconnected
00:18:38.654 [main] DEBUG com.intuit.karate.shell.Command - closing command: chrome_1752427002740
00:18:38.701 [main] INFO  com.intuit.karate - karate.env system property was: null 
00:18:38.716 [main] DEBUG com.intuit.karate.shell.Command - found / verified free local port: 64822
00:18:38.717 [main] WARN  c.intuit.karate.driver.DriverOptions - preferred port 9222 not available, will use: 64822
00:18:38.720 [main] DEBUG c.i.k.driver.chrome_1752427118715 - poll attempt #0 for port to be ready - localhost:64822
00:18:38.724 [chrome_1752427118715] DEBUG c.i.k.driver.chrome_1752427118715 - command: [C:\Program Files\Google\Chrome\Application\chrome.exe, --remote-debugging-port=64822, --remote-allow-origins=*, --no-first-run, --user-data-dir=E:\Duy\Projects\practices\karate_framework\demo\target\chrome_1752427118715, --disable-popup-blocking, --disable-features=PasswordManager, --incognito], working dir: target\chrome_1752427118715
00:18:38.965 [chrome_1752427002740] WARN  com.intuit.karate.shell.Command - exit code was non-zero: 1 - [C:\Program Files\Google\Chrome\Application\chrome.exe, --remote-debugging-port=9222, --remote-allow-origins=*, --no-first-run, --user-data-dir=E:\Duy\Projects\practices\karate_framework\demo\target\chrome_1752427002740, --disable-popup-blocking, --disable-features=PasswordManager, --incognito] working dir: target\chrome_1752427002740
00:18:38.978 [main] DEBUG c.i.k.driver.chrome_1752427118715 - poll attempt #1 for port to be ready - localhost:64822
00:18:39.258 [main] DEBUG c.i.k.driver.chrome_1752427118715 - poll attempt #2 for port to be ready - localhost:64822
00:18:39.360 [chrome_1752427118715-out] DEBUG c.i.k.driver.chrome_1752427118715 - 
00:18:39.360 [chrome_1752427118715-out] DEBUG c.i.k.driver.chrome_1752427118715 - DevTools listening on ws://127.0.0.1:64822/devtools/browser/236aed27-234a-4c08-b84c-6c885c964097
00:18:39.527 [main] DEBUG c.i.k.driver.chrome_1752427118715 - poll attempt #3 for port to be ready - localhost:64822
00:18:39.599 [main] DEBUG com.intuit.karate - request:
1 > GET http://localhost:64822/json
1 > Host: localhost:64822
1 > Connection: Keep-Alive
1 > User-Agent: Apache-HttpClient/4.5.14 (Java/21.0.7)
1 > Accept-Encoding: gzip,deflate


00:18:39.782 [main] DEBUG com.intuit.karate - response time in milliseconds: 181
1 < 200
1 < Content-Security-Policy: frame-ancestors 'none'
1 < Content-Length: 1430
1 < Content-Type: application/json; charset=UTF-8
[ {
   "description": "",
   "devtoolsFrontendUrl": "https://chrome-devtools-frontend.appspot.com/serve_rev/@a2159ad9ab8037bd34a21b9903003e0964c2075b/inspector.html?ws=localhost:64822/devtools/page/56E6B202290DDDB221A97B2336FEAD1B",
   "id": "56E6B202290DDDB221A97B2336FEAD1B",
   "title": "Google Hangouts",
   "type": "background_page",
   "url": "chrome-extension://nkeimhogjdpnpccoofpliimaahmaaome/background.html",
   "webSocketDebuggerUrl": "ws://localhost:64822/devtools/page/56E6B202290DDDB221A97B2336FEAD1B"
}, {
   "description": "",
   "devtoolsFrontendUrl": "https://chrome-devtools-frontend.appspot.com/serve_rev/@a2159ad9ab8037bd34a21b9903003e0964c2075b/inspector.html?ws=localhost:64822/devtools/page/FEC4068EB3269C0CC628BCE2773837A5",
   "id": "FEC4068EB3269C0CC628BCE2773837A5",
   "title": "",
   "type": "other",
   "url": "",
   "webSocketDebuggerUrl": "ws://localhost:64822/devtools/page/FEC4068EB3269C0CC628BCE2773837A5"
}, {
   "description": "",
   "devtoolsFrontendUrl": "https://chrome-devtools-frontend.appspot.com/serve_rev/@a2159ad9ab8037bd34a21b9903003e0964c2075b/inspector.html?ws=localhost:64822/devtools/page/BE6D16BD4FF32A198CFAF775DA2F3A65",
   "id": "BE6D16BD4FF32A198CFAF775DA2F3A65",
   "title": "New Incognito Tab",
   "type": "page",
   "url": "chrome://newtab/",
   "webSocketDebuggerUrl": "ws://localhost:64822/devtools/page/BE6D16BD4FF32A198CFAF775DA2F3A65"
} ]


00:18:39.790 [main] DEBUG com.intuit.karate.shell.Command - ready to accept http connections after 210 ms - http://localhost:64822/json
00:18:39.792 [main] DEBUG com.intuit.karate - request:
1 > GET http://localhost:64822/json
1 > Host: localhost:64822
1 > Connection: Keep-Alive
1 > User-Agent: Apache-HttpClient/4.5.14 (Java/21.0.7)
1 > Accept-Encoding: gzip,deflate


00:18:39.796 [main] DEBUG com.intuit.karate - response time in milliseconds: 3
1 < 200
1 < Content-Security-Policy: frame-ancestors 'none'
1 < Content-Length: 1522
1 < Content-Type: application/json; charset=UTF-8
[ {
   "description": "",
   "devtoolsFrontendUrl": "https://chrome-devtools-frontend.appspot.com/serve_rev/@a2159ad9ab8037bd34a21b9903003e0964c2075b/inspector.html?ws=localhost:64822/devtools/page/56E6B202290DDDB221A97B2336FEAD1B",
   "id": "56E6B202290DDDB221A97B2336FEAD1B",
   "title": "Google Hangouts",
   "type": "background_page",
   "url": "chrome-extension://nkeimhogjdpnpccoofpliimaahmaaome/background.html",
   "webSocketDebuggerUrl": "ws://localhost:64822/devtools/page/56E6B202290DDDB221A97B2336FEAD1B"
}, {
   "description": "",
   "devtoolsFrontendUrl": "https://chrome-devtools-frontend.appspot.com/serve_rev/@a2159ad9ab8037bd34a21b9903003e0964c2075b/inspector.html?ws=localhost:64822/devtools/page/FEC4068EB3269C0CC628BCE2773837A5",
   "id": "FEC4068EB3269C0CC628BCE2773837A5",
   "title": "Google Hangouts",
   "type": "background_page",
   "url": "chrome-extension://nkeimhogjdpnpccoofpliimaahmaaome/background.html",
   "webSocketDebuggerUrl": "ws://localhost:64822/devtools/page/FEC4068EB3269C0CC628BCE2773837A5"
}, {
   "description": "",
   "devtoolsFrontendUrl": "https://chrome-devtools-frontend.appspot.com/serve_rev/@a2159ad9ab8037bd34a21b9903003e0964c2075b/inspector.html?ws=localhost:64822/devtools/page/BE6D16BD4FF32A198CFAF775DA2F3A65",
   "id": "BE6D16BD4FF32A198CFAF775DA2F3A65",
   "title": "New Incognito Tab",
   "type": "page",
   "url": "chrome://newtab/",
   "webSocketDebuggerUrl": "ws://localhost:64822/devtools/page/BE6D16BD4FF32A198CFAF775DA2F3A65"
} ]


00:18:39.799 [main] DEBUG c.i.k.driver.chrome_1752427118715 - root frame id: BE6D16BD4FF32A198CFAF775DA2F3A65
00:18:39.949 [nioEventLoopGroup-3-1] DEBUG c.i.k.http.WebSocketClientHandler - websocket client connected
00:18:39.950 [main] DEBUG c.i.k.driver.chrome_1752427118715 - >> {"id":1,"method":"Target.attachToTarget","params":{"targetId":"BE6D16BD4FF32A198CFAF775DA2F3A65","flatten":true}}
00:18:39.963 [nioEventLoopGroup-3-1] DEBUG c.i.k.driver.chrome_1752427118715 - << {"method":"Target.attachedToTarget","params":{"sessionId":"038217F640E2C67AC41B486FCAF59598","targetInfo":{"targetId":"BE6D16BD4FF32A198CFAF775DA2F3A65","type":"page","title":"New Incognito Tab","url":"chrome://newtab/","attached":true,"canAccessOpener":false,"browserContextId":"EAF623A247340EBA0DAE9CAC96D8597D"},"waitingForDebugger":false}}
00:18:39.964 [nioEventLoopGroup-3-1] DEBUG c.i.k.driver.chrome_1752427118715 - << {"id":1,"result":{"sessionId":"038217F640E2C67AC41B486FCAF59598"}}
00:18:39.973 [main] DEBUG c.i.k.driver.chrome_1752427118715 - >> {"id":2,"sessionId":"038217F640E2C67AC41B486FCAF59598","method":"Target.activateTarget","params":{"targetId":"BE6D16BD4FF32A198CFAF775DA2F3A65"}}
00:18:39.979 [nioEventLoopGroup-3-1] DEBUG c.i.k.driver.chrome_1752427118715 - << {"id":2,"result":{},"sessionId":"038217F640E2C67AC41B486FCAF59598"}
00:18:39.987 [main] DEBUG c.i.k.driver.chrome_1752427118715 - >> {"id":3,"sessionId":"038217F640E2C67AC41B486FCAF59598","method":"Target.setDiscoverTargets","params":{"discover":true}}
00:18:39.989 [nioEventLoopGroup-3-1] DEBUG c.i.k.driver.chrome_1752427118715 - << {"method":"Target.targetCreated","params":{"targetInfo":{"targetId":"56E6B202290DDDB221A97B2336FEAD1B","type":"background_page","title":"Google Hangouts","url":"chrome-extension://nkeimhogjdpnpccoofpliimaahmaaome/background.html","attached":false,"canAccessOpener":false,"browserContextId":"EAF623A247340EBA0DAE9CAC96D8597D"}},"sessionId":"038217F640E2C67AC41B486FCAF59598"}
00:18:39.990 [nioEventLoopGroup-3-1] DEBUG c.i.k.driver.chrome_1752427118715 - << {"method":"Target.targetCreated","params":{"targetInfo":{"targetId":"BE6D16BD4FF32A198CFAF775DA2F3A65","type":"page","title":"New Incognito Tab","url":"chrome://newtab/","attached":true,"canAccessOpener":false,"browserContextId":"EAF623A247340EBA0DAE9CAC96D8597D"}},"sessionId":"038217F640E2C67AC41B486FCAF59598"}
00:18:39.991 [nioEventLoopGroup-3-1] DEBUG c.i.k.driver.chrome_1752427118715 - << {"method":"Target.targetCreated","params":{"targetInfo":{"targetId":"FEC4068EB3269C0CC628BCE2773837A5","type":"background_page","title":"Google Hangouts","url":"chrome-extension://nkeimhogjdpnpccoofpliimaahmaaome/background.html","attached":false,"canAccessOpener":false,"browserContextId":"EAAE85DC221F6E8E847D5FD5C4803032"}},"sessionId":"038217F640E2C67AC41B486FCAF59598"}
00:18:39.992 [nioEventLoopGroup-3-1] DEBUG c.i.k.driver.chrome_1752427118715 - << {"id":3,"result":{},"sessionId":"038217F640E2C67AC41B486FCAF59598"}
00:18:39.993 [main] DEBUG c.i.k.driver.chrome_1752427118715 - >> {"id":4,"sessionId":"038217F640E2C67AC41B486FCAF59598","method":"Page.enable"}
00:18:40.033 [nioEventLoopGroup-3-1] DEBUG c.i.k.driver.chrome_1752427118715 - << {"method":"Target.targetInfoChanged","params":{"targetInfo":{"targetId":"56E6B202290DDDB221A97B2336FEAD1B","type":"background_page","title":"Google Hangouts","url":"chrome-extension://nkeimhogjdpnpccoofpliimaahmaaome/background.html","attached":false,"canAccessOpener":false,"browserContextId":"EAF623A247340EBA0DAE9CAC96D8597D"}},"sessionId":"038217F640E2C67AC41B486FCAF59598"}
00:18:40.081 [nioEventLoopGroup-3-1] DEBUG c.i.k.driver.chrome_1752427118715 - << {"id":4,"result":{},"sessionId":"038217F640E2C67AC41B486FCAF59598"}
00:18:40.091 [main] DEBUG c.i.k.driver.chrome_1752427118715 - >> {"id":5,"sessionId":"038217F640E2C67AC41B486FCAF59598","method":"Runtime.enable"}
00:18:40.108 [nioEventLoopGroup-3-1] DEBUG c.i.k.driver.chrome_1752427118715 - << {"method":"Runtime.executionContextCreated","params":{"context":{"id":1,"origin":"chrome://newtab","name":"","uniqueId":"7558436116538044845.-8752196530428576221","auxData":{"isDefault":true,"type":"default","frameId":"BE6D16BD4FF32A198CFAF775DA2F3A65"}}},"sessionId":"038217F640E2C67AC41B486FCAF59598"}
00:18:40.109 [nioEventLoopGroup-3-1] DEBUG c.i.k.driver.chrome_1752427118715 - << {"id":5,"result":{},"sessionId":"038217F640E2C67AC41B486FCAF59598"}
00:18:40.113 [main] DEBUG c.i.k.driver.chrome_1752427118715 - >> {"id":6,"sessionId":"038217F640E2C67AC41B486FCAF59598","method":"Browser.getWindowForTarget","params":{"targetId":"BE6D16BD4FF32A198CFAF775DA2F3A65"}}
00:18:40.116 [nioEventLoopGroup-3-1] DEBUG c.i.k.driver.chrome_1752427118715 - << {"id":6,"result":{"windowId":1837589110,"bounds":{"left":10,"top":10,"width":945,"height":1060,"windowState":"normal"}},"sessionId":"038217F640E2C67AC41B486FCAF59598"}
00:18:40.126 [nioEventLoopGroup-3-1] DEBUG c.i.k.driver.chrome_1752427118715 - << {"method":"Target.targetCreated","params":{"targetInfo":{"targetId":"26C43DE8D8057384D24FF6B89B10B6C6","type":"service_worker","title":"Service Worker chrome-extension://fignfifoniblkonapihmkfakmlgkbkcf/service_worker.js","url":"chrome-extension://fignfifoniblkonapihmkfakmlgkbkcf/service_worker.js","attached":false,"canAccessOpener":false,"browserContextId":"EAAE85DC221F6E8E847D5FD5C4803032"}},"sessionId":"038217F640E2C67AC41B486FCAF59598"}
00:18:40.127 [nioEventLoopGroup-3-1] DEBUG c.i.k.driver.chrome_1752427118715 - << {"method":"Page.domContentEventFired","params":{"timestamp":35062.774597},"sessionId":"038217F640E2C67AC41B486FCAF59598"}
00:18:40.177 [nioEventLoopGroup-3-1] DEBUG c.i.k.driver.chrome_1752427118715 - << {"method":"Page.loadEventFired","params":{"timestamp":35062.827166},"sessionId":"038217F640E2C67AC41B486FCAF59598"}
00:18:40.178 [nioEventLoopGroup-3-1] DEBUG c.i.k.driver.chrome_1752427118715 - << {"method":"Page.frameStoppedLoading","params":{"frameId":"BE6D16BD4FF32A198CFAF775DA2F3A65"},"sessionId":"038217F640E2C67AC41B486FCAF59598"}
00:18:40.251 [nioEventLoopGroup-3-1] DEBUG c.i.k.driver.chrome_1752427118715 - << {"method":"Target.targetInfoChanged","params":{"targetInfo":{"targetId":"FEC4068EB3269C0CC628BCE2773837A5","type":"background_page","title":"Google Hangouts","url":"chrome-extension://nkeimhogjdpnpccoofpliimaahmaaome/background.html","attached":false,"canAccessOpener":false,"browserContextId":"EAAE85DC221F6E8E847D5FD5C4803032"}},"sessionId":"038217F640E2C67AC41B486FCAF59598"}
00:18:40.416 [main] DEBUG c.i.k.driver.chrome_1752427118715 - >> {"id":7,"sessionId":"038217F640E2C67AC41B486FCAF59598","method":"Page.navigate","params":{"url":"https:\/\/saucedemo.com\/"}}
00:18:40.426 [nioEventLoopGroup-3-1] DEBUG c.i.k.driver.chrome_1752427118715 - << {"method":"Page.frameStartedNavigating","params":{"frameId":"BE6D16BD4FF32A198CFAF775DA2F3A65","url":"https://saucedemo.com/","loaderId":"7DED9E5D59919650155301854EBFDBF2","navigationType":"differentDocument"},"sessionId":"038217F640E2C67AC41B486FCAF59598"}
00:18:40.427 [nioEventLoopGroup-3-1] DEBUG c.i.k.driver.chrome_1752427118715 - << {"method":"Page.frameStartedLoading","params":{"frameId":"BE6D16BD4FF32A198CFAF775DA2F3A65"},"sessionId":"038217F640E2C67AC41B486FCAF59598"}
00:18:40.974 [nioEventLoopGroup-3-1] DEBUG c.i.k.driver.chrome_1752427118715 - << {"id":7,"result":{"frameId":"BE6D16BD4FF32A198CFAF775DA2F3A65","loaderId":"7DED9E5D59919650155301854EBFDBF2"},"sessionId":"038217F640E2C67AC41B486FCAF59598"}
00:18:40.980 [nioEventLoopGroup-3-1] DEBUG c.i.k.driver.chrome_1752427118715 - << {"method":"Runtime.executionContextsCleared","params":{},"sessionId":"038217F640E2C67AC41B486FCAF59598"}
00:18:40.984 [nioEventLoopGroup-3-1] DEBUG c.i.k.driver.chrome_1752427118715 - << {"method":"Runtime.executionContextsCleared","params":{},"sessionId":"038217F640E2C67AC41B486FCAF59598"}
00:18:40.986 [nioEventLoopGroup-3-1] DEBUG c.i.k.driver.chrome_1752427118715 - << {"method":"Page.frameNavigated","params":{"frame":{"id":"BE6D16BD4FF32A198CFAF775DA2F3A65","loaderId":"7DED9E5D59919650155301854EBFDBF2","url":"https://www.saucedemo.com/","domainAndRegistry":"saucedemo.com","securityOrigin":"https://www.saucedemo.com","securityOriginDetails":{"isLocalhost":false},"mimeType":"text/html","adFrameStatus":{"adFrameType":"none"},"secureContextType":"Secure","crossOriginIsolatedContextType":"NotIsolated","gatedAPIFeatures":[]},"type":"Navigation"},"sessionId":"038217F640E2C67AC41B486FCAF59598"}
00:18:41.013 [nioEventLoopGroup-3-1] DEBUG c.i.k.driver.chrome_1752427118715 - << {"method":"Target.targetInfoChanged","params":{"targetInfo":{"targetId":"BE6D16BD4FF32A198CFAF775DA2F3A65","type":"page","title":"saucedemo.com","url":"https://www.saucedemo.com/","attached":true,"canAccessOpener":false,"browserContextId":"EAF623A247340EBA0DAE9CAC96D8597D"}},"sessionId":"038217F640E2C67AC41B486FCAF59598"}
00:18:41.021 [nioEventLoopGroup-3-1] DEBUG c.i.k.driver.chrome_1752427118715 - << {"method":"Runtime.executionContextCreated","params":{"context":{"id":1,"origin":"https://www.saucedemo.com","name":"","uniqueId":"1361851685412212018.-3219026517661314455","auxData":{"isDefault":true,"type":"default","frameId":"BE6D16BD4FF32A198CFAF775DA2F3A65"}}},"sessionId":"038217F640E2C67AC41B486FCAF59598"}
00:18:41.900 [nioEventLoopGroup-3-1] DEBUG c.i.k.driver.chrome_1752427118715 - << {"method":"Page.domContentEventFired","params":{"timestamp":35064.518324},"sessionId":"038217F640E2C67AC41B486FCAF59598"}
00:18:41.912 [main] INFO  c.intuit.karate.core.FeatureRuntime - classpath:UI/LoginUI/LoginPage.feature - call by tag at line 7: action_attemptLogin
00:18:41.988 [main] DEBUG c.i.k.driver.chrome_1752427118715 - >> {"id":8,"sessionId":"038217F640E2C67AC41B486FCAF59598","method":"Runtime.evaluate","params":{"expression":"var e = document.evaluate(\"\/\/*[@id='user-name']\", document, null, 9, null).singleNodeValue; e.focus(); try { e.selectionStart = e.selectionEnd = e.value.length } catch(x) {}","returnByValue":true}}
00:18:42.035 [nioEventLoopGroup-3-1] DEBUG c.i.k.driver.chrome_1752427118715 - << {"id":8,"result":{"result":{"type":"number","value":0,"description":"0"}},"sessionId":"038217F640E2C67AC41B486FCAF59598"}
00:18:42.036 [main] DEBUG c.i.k.driver.chrome_1752427118715 - >> {"id":9,"sessionId":"038217F640E2C67AC41B486FCAF59598","method":"Input.dispatchKeyEvent","params":{"modifiers":0,"type":"rawKeyDown","text":"s","windowsVirtualKeyCode":115}}
00:18:42.061 [nioEventLoopGroup-3-1] DEBUG c.i.k.driver.chrome_1752427118715 - << {"id":9,"result":{},"sessionId":"038217F640E2C67AC41B486FCAF59598"}
00:18:42.062 [main] DEBUG c.i.k.driver.chrome_1752427118715 - >> {"id":10,"sessionId":"038217F640E2C67AC41B486FCAF59598","method":"Input.dispatchKeyEvent","params":{"modifiers":0,"type":"char","text":"s","windowsVirtualKeyCode":115}}
00:18:42.107 [nioEventLoopGroup-3-1] DEBUG c.i.k.driver.chrome_1752427118715 - << {"id":10,"result":{},"sessionId":"038217F640E2C67AC41B486FCAF59598"}
00:18:42.109 [main] DEBUG c.i.k.driver.chrome_1752427118715 - >> {"id":11,"sessionId":"038217F640E2C67AC41B486FCAF59598","method":"Input.dispatchKeyEvent","params":{"modifiers":0,"type":"keyUp","text":"s","windowsVirtualKeyCode":115}}
00:18:42.128 [nioEventLoopGroup-3-1] DEBUG c.i.k.driver.chrome_1752427118715 - << {"id":11,"result":{},"sessionId":"038217F640E2C67AC41B486FCAF59598"}
00:18:42.129 [main] DEBUG c.i.k.driver.chrome_1752427118715 - >> {"id":12,"sessionId":"038217F640E2C67AC41B486FCAF59598","method":"Input.dispatchKeyEvent","params":{"modifiers":0,"type":"rawKeyDown","text":"t","windowsVirtualKeyCode":116}}
00:18:42.134 [nioEventLoopGroup-3-1] DEBUG c.i.k.driver.chrome_1752427118715 - << {"id":12,"result":{},"sessionId":"038217F640E2C67AC41B486FCAF59598"}
00:18:42.136 [main] DEBUG c.i.k.driver.chrome_1752427118715 - >> {"id":13,"sessionId":"038217F640E2C67AC41B486FCAF59598","method":"Input.dispatchKeyEvent","params":{"modifiers":0,"type":"char","text":"t","windowsVirtualKeyCode":116}}
00:18:42.162 [nioEventLoopGroup-3-1] DEBUG c.i.k.driver.chrome_1752427118715 - << {"id":13,"result":{},"sessionId":"038217F640E2C67AC41B486FCAF59598"}
00:18:42.163 [main] DEBUG c.i.k.driver.chrome_1752427118715 - >> {"id":14,"sessionId":"038217F640E2C67AC41B486FCAF59598","method":"Input.dispatchKeyEvent","params":{"modifiers":0,"type":"keyUp","text":"t","windowsVirtualKeyCode":116}}
00:18:42.172 [nioEventLoopGroup-3-1] DEBUG c.i.k.driver.chrome_1752427118715 - << {"id":14,"result":{},"sessionId":"038217F640E2C67AC41B486FCAF59598"}
00:18:42.174 [main] DEBUG c.i.k.driver.chrome_1752427118715 - >> {"id":15,"sessionId":"038217F640E2C67AC41B486FCAF59598","method":"Input.dispatchKeyEvent","params":{"modifiers":0,"type":"rawKeyDown","text":"a","windowsVirtualKeyCode":97}}
00:18:42.187 [nioEventLoopGroup-3-1] DEBUG c.i.k.driver.chrome_1752427118715 - << {"id":15,"result":{},"sessionId":"038217F640E2C67AC41B486FCAF59598"}
00:18:42.189 [main] DEBUG c.i.k.driver.chrome_1752427118715 - >> {"id":16,"sessionId":"038217F640E2C67AC41B486FCAF59598","method":"Input.dispatchKeyEvent","params":{"modifiers":0,"type":"char","text":"a","windowsVirtualKeyCode":97}}
00:18:42.208 [nioEventLoopGroup-3-1] DEBUG c.i.k.driver.chrome_1752427118715 - << {"id":16,"result":{},"sessionId":"038217F640E2C67AC41B486FCAF59598"}
00:18:42.209 [main] DEBUG c.i.k.driver.chrome_1752427118715 - >> {"id":17,"sessionId":"038217F640E2C67AC41B486FCAF59598","method":"Input.dispatchKeyEvent","params":{"modifiers":0,"type":"keyUp","text":"a","windowsVirtualKeyCode":97}}
00:18:42.217 [nioEventLoopGroup-3-1] DEBUG c.i.k.driver.chrome_1752427118715 - << {"id":17,"result":{},"sessionId":"038217F640E2C67AC41B486FCAF59598"}
00:18:42.220 [main] DEBUG c.i.k.driver.chrome_1752427118715 - >> {"id":18,"sessionId":"038217F640E2C67AC41B486FCAF59598","method":"Input.dispatchKeyEvent","params":{"modifiers":0,"type":"rawKeyDown","text":"n","windowsVirtualKeyCode":110}}
00:18:42.229 [nioEventLoopGroup-3-1] DEBUG c.i.k.driver.chrome_1752427118715 - << {"id":18,"result":{},"sessionId":"038217F640E2C67AC41B486FCAF59598"}
00:18:42.230 [main] DEBUG c.i.k.driver.chrome_1752427118715 - >> {"id":19,"sessionId":"038217F640E2C67AC41B486FCAF59598","method":"Input.dispatchKeyEvent","params":{"modifiers":0,"type":"char","text":"n","windowsVirtualKeyCode":110}}
00:18:42.290 [nioEventLoopGroup-3-1] DEBUG c.i.k.driver.chrome_1752427118715 - << {"id":19,"result":{},"sessionId":"038217F640E2C67AC41B486FCAF59598"}
00:18:42.293 [main] DEBUG c.i.k.driver.chrome_1752427118715 - >> {"id":20,"sessionId":"038217F640E2C67AC41B486FCAF59598","method":"Input.dispatchKeyEvent","params":{"modifiers":0,"type":"keyUp","text":"n","windowsVirtualKeyCode":110}}
00:18:42.299 [nioEventLoopGroup-3-1] DEBUG c.i.k.driver.chrome_1752427118715 - << {"id":20,"result":{},"sessionId":"038217F640E2C67AC41B486FCAF59598"}
00:18:42.299 [main] DEBUG c.i.k.driver.chrome_1752427118715 - >> {"id":21,"sessionId":"038217F640E2C67AC41B486FCAF59598","method":"Input.dispatchKeyEvent","params":{"modifiers":0,"type":"rawKeyDown","text":"d","windowsVirtualKeyCode":100}}
00:18:42.305 [nioEventLoopGroup-3-1] DEBUG c.i.k.driver.chrome_1752427118715 - << {"id":21,"result":{},"sessionId":"038217F640E2C67AC41B486FCAF59598"}
00:18:42.306 [main] DEBUG c.i.k.driver.chrome_1752427118715 - >> {"id":22,"sessionId":"038217F640E2C67AC41B486FCAF59598","method":"Input.dispatchKeyEvent","params":{"modifiers":0,"type":"char","text":"d","windowsVirtualKeyCode":100}}
00:18:42.313 [nioEventLoopGroup-3-1] DEBUG c.i.k.driver.chrome_1752427118715 - << {"id":22,"result":{},"sessionId":"038217F640E2C67AC41B486FCAF59598"}
00:18:42.314 [main] DEBUG c.i.k.driver.chrome_1752427118715 - >> {"id":23,"sessionId":"038217F640E2C67AC41B486FCAF59598","method":"Input.dispatchKeyEvent","params":{"modifiers":0,"type":"keyUp","text":"d","windowsVirtualKeyCode":100}}
00:18:42.317 [nioEventLoopGroup-3-1] DEBUG c.i.k.driver.chrome_1752427118715 - << {"id":23,"result":{},"sessionId":"038217F640E2C67AC41B486FCAF59598"}
00:18:42.318 [main] DEBUG c.i.k.driver.chrome_1752427118715 - >> {"id":24,"sessionId":"038217F640E2C67AC41B486FCAF59598","method":"Input.dispatchKeyEvent","params":{"modifiers":0,"type":"rawKeyDown","text":"a","windowsVirtualKeyCode":97}}
00:18:42.323 [nioEventLoopGroup-3-1] DEBUG c.i.k.driver.chrome_1752427118715 - << {"id":24,"result":{},"sessionId":"038217F640E2C67AC41B486FCAF59598"}
00:18:42.324 [main] DEBUG c.i.k.driver.chrome_1752427118715 - >> {"id":25,"sessionId":"038217F640E2C67AC41B486FCAF59598","method":"Input.dispatchKeyEvent","params":{"modifiers":0,"type":"char","text":"a","windowsVirtualKeyCode":97}}
00:18:42.331 [nioEventLoopGroup-3-1] DEBUG c.i.k.driver.chrome_1752427118715 - << {"id":25,"result":{},"sessionId":"038217F640E2C67AC41B486FCAF59598"}
00:18:42.332 [main] DEBUG c.i.k.driver.chrome_1752427118715 - >> {"id":26,"sessionId":"038217F640E2C67AC41B486FCAF59598","method":"Input.dispatchKeyEvent","params":{"modifiers":0,"type":"keyUp","text":"a","windowsVirtualKeyCode":97}}
00:18:42.339 [nioEventLoopGroup-3-1] DEBUG c.i.k.driver.chrome_1752427118715 - << {"id":26,"result":{},"sessionId":"038217F640E2C67AC41B486FCAF59598"}
00:18:42.341 [main] DEBUG c.i.k.driver.chrome_1752427118715 - >> {"id":27,"sessionId":"038217F640E2C67AC41B486FCAF59598","method":"Input.dispatchKeyEvent","params":{"modifiers":0,"type":"rawKeyDown","text":"r","windowsVirtualKeyCode":114}}
00:18:42.346 [nioEventLoopGroup-3-1] DEBUG c.i.k.driver.chrome_1752427118715 - << {"id":27,"result":{},"sessionId":"038217F640E2C67AC41B486FCAF59598"}
00:18:42.347 [main] DEBUG c.i.k.driver.chrome_1752427118715 - >> {"id":28,"sessionId":"038217F640E2C67AC41B486FCAF59598","method":"Input.dispatchKeyEvent","params":{"modifiers":0,"type":"char","text":"r","windowsVirtualKeyCode":114}}
00:18:42.373 [nioEventLoopGroup-3-1] DEBUG c.i.k.driver.chrome_1752427118715 - << {"id":28,"result":{},"sessionId":"038217F640E2C67AC41B486FCAF59598"}
00:18:42.374 [main] DEBUG c.i.k.driver.chrome_1752427118715 - >> {"id":29,"sessionId":"038217F640E2C67AC41B486FCAF59598","method":"Input.dispatchKeyEvent","params":{"modifiers":0,"type":"keyUp","text":"r","windowsVirtualKeyCode":114}}
00:18:42.377 [nioEventLoopGroup-3-1] DEBUG c.i.k.driver.chrome_1752427118715 - << {"id":29,"result":{},"sessionId":"038217F640E2C67AC41B486FCAF59598"}
00:18:42.378 [main] DEBUG c.i.k.driver.chrome_1752427118715 - >> {"id":30,"sessionId":"038217F640E2C67AC41B486FCAF59598","method":"Input.dispatchKeyEvent","params":{"modifiers":0,"type":"rawKeyDown","text":"d","windowsVirtualKeyCode":100}}
00:18:42.381 [nioEventLoopGroup-3-1] DEBUG c.i.k.driver.chrome_1752427118715 - << {"id":30,"result":{},"sessionId":"038217F640E2C67AC41B486FCAF59598"}
00:18:42.383 [main] DEBUG c.i.k.driver.chrome_1752427118715 - >> {"id":31,"sessionId":"038217F640E2C67AC41B486FCAF59598","method":"Input.dispatchKeyEvent","params":{"modifiers":0,"type":"char","text":"d","windowsVirtualKeyCode":100}}
00:18:42.401 [nioEventLoopGroup-3-1] DEBUG c.i.k.driver.chrome_1752427118715 - << {"id":31,"result":{},"sessionId":"038217F640E2C67AC41B486FCAF59598"}
00:18:42.403 [main] DEBUG c.i.k.driver.chrome_1752427118715 - >> {"id":32,"sessionId":"038217F640E2C67AC41B486FCAF59598","method":"Input.dispatchKeyEvent","params":{"modifiers":0,"type":"keyUp","text":"d","windowsVirtualKeyCode":100}}
00:18:42.410 [nioEventLoopGroup-3-1] DEBUG c.i.k.driver.chrome_1752427118715 - << {"id":32,"result":{},"sessionId":"038217F640E2C67AC41B486FCAF59598"}
00:18:42.412 [main] DEBUG c.i.k.driver.chrome_1752427118715 - >> {"id":33,"sessionId":"038217F640E2C67AC41B486FCAF59598","method":"Input.dispatchKeyEvent","params":{"modifiers":0,"type":"rawKeyDown","text":"_","windowsVirtualKeyCode":523}}
00:18:42.422 [nioEventLoopGroup-3-1] DEBUG c.i.k.driver.chrome_1752427118715 - << {"id":33,"result":{},"sessionId":"038217F640E2C67AC41B486FCAF59598"}
00:18:42.423 [main] DEBUG c.i.k.driver.chrome_1752427118715 - >> {"id":34,"sessionId":"038217F640E2C67AC41B486FCAF59598","method":"Input.dispatchKeyEvent","params":{"modifiers":0,"type":"char","text":"_","windowsVirtualKeyCode":523}}
00:18:42.431 [nioEventLoopGroup-3-1] DEBUG c.i.k.driver.chrome_1752427118715 - << {"id":34,"result":{},"sessionId":"038217F640E2C67AC41B486FCAF59598"}
00:18:42.432 [main] DEBUG c.i.k.driver.chrome_1752427118715 - >> {"id":35,"sessionId":"038217F640E2C67AC41B486FCAF59598","method":"Input.dispatchKeyEvent","params":{"modifiers":0,"type":"keyUp","text":"_","windowsVirtualKeyCode":523}}
00:18:42.438 [nioEventLoopGroup-3-1] DEBUG c.i.k.driver.chrome_1752427118715 - << {"id":35,"result":{},"sessionId":"038217F640E2C67AC41B486FCAF59598"}
00:18:42.439 [main] DEBUG c.i.k.driver.chrome_1752427118715 - >> {"id":36,"sessionId":"038217F640E2C67AC41B486FCAF59598","method":"Input.dispatchKeyEvent","params":{"modifiers":0,"type":"rawKeyDown","text":"u","windowsVirtualKeyCode":117}}
00:18:42.445 [nioEventLoopGroup-3-1] DEBUG c.i.k.driver.chrome_1752427118715 - << {"id":36,"result":{},"sessionId":"038217F640E2C67AC41B486FCAF59598"}
00:18:42.446 [main] DEBUG c.i.k.driver.chrome_1752427118715 - >> {"id":37,"sessionId":"038217F640E2C67AC41B486FCAF59598","method":"Input.dispatchKeyEvent","params":{"modifiers":0,"type":"char","text":"u","windowsVirtualKeyCode":117}}
00:18:42.457 [nioEventLoopGroup-3-1] DEBUG c.i.k.driver.chrome_1752427118715 - << {"id":37,"result":{},"sessionId":"038217F640E2C67AC41B486FCAF59598"}
00:18:42.458 [main] DEBUG c.i.k.driver.chrome_1752427118715 - >> {"id":38,"sessionId":"038217F640E2C67AC41B486FCAF59598","method":"Input.dispatchKeyEvent","params":{"modifiers":0,"type":"keyUp","text":"u","windowsVirtualKeyCode":117}}
00:18:42.466 [nioEventLoopGroup-3-1] DEBUG c.i.k.driver.chrome_1752427118715 - << {"id":38,"result":{},"sessionId":"038217F640E2C67AC41B486FCAF59598"}
00:18:42.467 [main] DEBUG c.i.k.driver.chrome_1752427118715 - >> {"id":39,"sessionId":"038217F640E2C67AC41B486FCAF59598","method":"Input.dispatchKeyEvent","params":{"modifiers":0,"type":"rawKeyDown","text":"s","windowsVirtualKeyCode":115}}
00:18:42.474 [nioEventLoopGroup-3-1] DEBUG c.i.k.driver.chrome_1752427118715 - << {"id":39,"result":{},"sessionId":"038217F640E2C67AC41B486FCAF59598"}
00:18:42.475 [main] DEBUG c.i.k.driver.chrome_1752427118715 - >> {"id":40,"sessionId":"038217F640E2C67AC41B486FCAF59598","method":"Input.dispatchKeyEvent","params":{"modifiers":0,"type":"char","text":"s","windowsVirtualKeyCode":115}}
00:18:42.482 [nioEventLoopGroup-3-1] DEBUG c.i.k.driver.chrome_1752427118715 - << {"id":40,"result":{},"sessionId":"038217F640E2C67AC41B486FCAF59598"}
00:18:42.482 [main] DEBUG c.i.k.driver.chrome_1752427118715 - >> {"id":41,"sessionId":"038217F640E2C67AC41B486FCAF59598","method":"Input.dispatchKeyEvent","params":{"modifiers":0,"type":"keyUp","text":"s","windowsVirtualKeyCode":115}}
00:18:42.489 [nioEventLoopGroup-3-1] DEBUG c.i.k.driver.chrome_1752427118715 - << {"id":41,"result":{},"sessionId":"038217F640E2C67AC41B486FCAF59598"}
00:18:42.490 [main] DEBUG c.i.k.driver.chrome_1752427118715 - >> {"id":42,"sessionId":"038217F640E2C67AC41B486FCAF59598","method":"Input.dispatchKeyEvent","params":{"modifiers":0,"type":"rawKeyDown","text":"e","windowsVirtualKeyCode":101}}
00:18:42.493 [nioEventLoopGroup-3-1] DEBUG c.i.k.driver.chrome_1752427118715 - << {"id":42,"result":{},"sessionId":"038217F640E2C67AC41B486FCAF59598"}
00:18:42.494 [main] DEBUG c.i.k.driver.chrome_1752427118715 - >> {"id":43,"sessionId":"038217F640E2C67AC41B486FCAF59598","method":"Input.dispatchKeyEvent","params":{"modifiers":0,"type":"char","text":"e","windowsVirtualKeyCode":101}}
00:18:42.505 [nioEventLoopGroup-3-1] DEBUG c.i.k.driver.chrome_1752427118715 - << {"id":43,"result":{},"sessionId":"038217F640E2C67AC41B486FCAF59598"}
00:18:42.507 [main] DEBUG c.i.k.driver.chrome_1752427118715 - >> {"id":44,"sessionId":"038217F640E2C67AC41B486FCAF59598","method":"Input.dispatchKeyEvent","params":{"modifiers":0,"type":"keyUp","text":"e","windowsVirtualKeyCode":101}}
00:18:42.510 [nioEventLoopGroup-3-1] DEBUG c.i.k.driver.chrome_1752427118715 - << {"id":44,"result":{},"sessionId":"038217F640E2C67AC41B486FCAF59598"}
00:18:42.511 [main] DEBUG c.i.k.driver.chrome_1752427118715 - >> {"id":45,"sessionId":"038217F640E2C67AC41B486FCAF59598","method":"Input.dispatchKeyEvent","params":{"modifiers":0,"type":"rawKeyDown","text":"r","windowsVirtualKeyCode":114}}
00:18:42.522 [nioEventLoopGroup-3-1] DEBUG c.i.k.driver.chrome_1752427118715 - << {"id":45,"result":{},"sessionId":"038217F640E2C67AC41B486FCAF59598"}
00:18:42.523 [main] DEBUG c.i.k.driver.chrome_1752427118715 - >> {"id":46,"sessionId":"038217F640E2C67AC41B486FCAF59598","method":"Input.dispatchKeyEvent","params":{"modifiers":0,"type":"char","text":"r","windowsVirtualKeyCode":114}}
00:18:42.531 [nioEventLoopGroup-3-1] DEBUG c.i.k.driver.chrome_1752427118715 - << {"id":46,"result":{},"sessionId":"038217F640E2C67AC41B486FCAF59598"}
00:18:42.532 [main] DEBUG c.i.k.driver.chrome_1752427118715 - >> {"id":47,"sessionId":"038217F640E2C67AC41B486FCAF59598","method":"Input.dispatchKeyEvent","params":{"modifiers":0,"type":"keyUp","text":"r","windowsVirtualKeyCode":114}}
00:18:42.542 [nioEventLoopGroup-3-1] DEBUG c.i.k.driver.chrome_1752427118715 - << {"id":47,"result":{},"sessionId":"038217F640E2C67AC41B486FCAF59598"}
00:18:42.545 [main] DEBUG c.i.k.driver.chrome_1752427118715 - >> {"id":48,"sessionId":"038217F640E2C67AC41B486FCAF59598","method":"Runtime.evaluate","params":{"expression":"var e = document.evaluate(\"\/\/*[@id='password']\", document, null, 9, null).singleNodeValue; e.focus(); try { e.selectionStart = e.selectionEnd = e.value.length } catch(x) {}","returnByValue":true}}
00:18:42.550 [nioEventLoopGroup-3-1] DEBUG c.i.k.driver.chrome_1752427118715 - << {"id":48,"result":{"result":{"type":"number","value":0,"description":"0"}},"sessionId":"038217F640E2C67AC41B486FCAF59598"}
00:18:42.551 [main] DEBUG c.i.k.driver.chrome_1752427118715 - >> {"id":49,"sessionId":"038217F640E2C67AC41B486FCAF59598","method":"Input.dispatchKeyEvent","params":{"modifiers":0,"type":"rawKeyDown","text":"s","windowsVirtualKeyCode":115}}
00:18:42.555 [nioEventLoopGroup-3-1] DEBUG c.i.k.driver.chrome_1752427118715 - << {"id":49,"result":{},"sessionId":"038217F640E2C67AC41B486FCAF59598"}
00:18:42.556 [main] DEBUG c.i.k.driver.chrome_1752427118715 - >> {"id":50,"sessionId":"038217F640E2C67AC41B486FCAF59598","method":"Input.dispatchKeyEvent","params":{"modifiers":0,"type":"char","text":"s","windowsVirtualKeyCode":115}}
00:18:42.562 [nioEventLoopGroup-3-1] DEBUG c.i.k.driver.chrome_1752427118715 - << {"id":50,"result":{},"sessionId":"038217F640E2C67AC41B486FCAF59598"}
00:18:42.563 [main] DEBUG c.i.k.driver.chrome_1752427118715 - >> {"id":51,"sessionId":"038217F640E2C67AC41B486FCAF59598","method":"Input.dispatchKeyEvent","params":{"modifiers":0,"type":"keyUp","text":"s","windowsVirtualKeyCode":115}}
00:18:42.565 [nioEventLoopGroup-3-1] DEBUG c.i.k.driver.chrome_1752427118715 - << {"id":51,"result":{},"sessionId":"038217F640E2C67AC41B486FCAF59598"}
00:18:42.565 [main] DEBUG c.i.k.driver.chrome_1752427118715 - >> {"id":52,"sessionId":"038217F640E2C67AC41B486FCAF59598","method":"Input.dispatchKeyEvent","params":{"modifiers":0,"type":"rawKeyDown","text":"e","windowsVirtualKeyCode":101}}
00:18:42.570 [nioEventLoopGroup-3-1] DEBUG c.i.k.driver.chrome_1752427118715 - << {"id":52,"result":{},"sessionId":"038217F640E2C67AC41B486FCAF59598"}
00:18:42.571 [main] DEBUG c.i.k.driver.chrome_1752427118715 - >> {"id":53,"sessionId":"038217F640E2C67AC41B486FCAF59598","method":"Input.dispatchKeyEvent","params":{"modifiers":0,"type":"char","text":"e","windowsVirtualKeyCode":101}}
00:18:42.576 [nioEventLoopGroup-3-1] DEBUG c.i.k.driver.chrome_1752427118715 - << {"id":53,"result":{},"sessionId":"038217F640E2C67AC41B486FCAF59598"}
00:18:42.577 [main] DEBUG c.i.k.driver.chrome_1752427118715 - >> {"id":54,"sessionId":"038217F640E2C67AC41B486FCAF59598","method":"Input.dispatchKeyEvent","params":{"modifiers":0,"type":"keyUp","text":"e","windowsVirtualKeyCode":101}}
00:18:42.579 [nioEventLoopGroup-3-1] DEBUG c.i.k.driver.chrome_1752427118715 - << {"id":54,"result":{},"sessionId":"038217F640E2C67AC41B486FCAF59598"}
00:18:42.579 [main] DEBUG c.i.k.driver.chrome_1752427118715 - >> {"id":55,"sessionId":"038217F640E2C67AC41B486FCAF59598","method":"Input.dispatchKeyEvent","params":{"modifiers":0,"type":"rawKeyDown","text":"c","windowsVirtualKeyCode":99}}
00:18:42.582 [nioEventLoopGroup-3-1] DEBUG c.i.k.driver.chrome_1752427118715 - << {"id":55,"result":{},"sessionId":"038217F640E2C67AC41B486FCAF59598"}
00:18:42.583 [main] DEBUG c.i.k.driver.chrome_1752427118715 - >> {"id":56,"sessionId":"038217F640E2C67AC41B486FCAF59598","method":"Input.dispatchKeyEvent","params":{"modifiers":0,"type":"char","text":"c","windowsVirtualKeyCode":99}}
00:18:42.589 [nioEventLoopGroup-3-1] DEBUG c.i.k.driver.chrome_1752427118715 - << {"id":56,"result":{},"sessionId":"038217F640E2C67AC41B486FCAF59598"}
00:18:42.590 [main] DEBUG c.i.k.driver.chrome_1752427118715 - >> {"id":57,"sessionId":"038217F640E2C67AC41B486FCAF59598","method":"Input.dispatchKeyEvent","params":{"modifiers":0,"type":"keyUp","text":"c","windowsVirtualKeyCode":99}}
00:18:42.593 [nioEventLoopGroup-3-1] DEBUG c.i.k.driver.chrome_1752427118715 - << {"id":57,"result":{},"sessionId":"038217F640E2C67AC41B486FCAF59598"}
00:18:42.593 [main] DEBUG c.i.k.driver.chrome_1752427118715 - >> {"id":58,"sessionId":"038217F640E2C67AC41B486FCAF59598","method":"Input.dispatchKeyEvent","params":{"modifiers":0,"type":"rawKeyDown","text":"r","windowsVirtualKeyCode":114}}
00:18:42.649 [nioEventLoopGroup-3-1] DEBUG c.i.k.driver.chrome_1752427118715 - << {"id":58,"result":{},"sessionId":"038217F640E2C67AC41B486FCAF59598"}
00:18:42.651 [main] DEBUG c.i.k.driver.chrome_1752427118715 - >> {"id":59,"sessionId":"038217F640E2C67AC41B486FCAF59598","method":"Input.dispatchKeyEvent","params":{"modifiers":0,"type":"char","text":"r","windowsVirtualKeyCode":114}}
00:18:42.664 [nioEventLoopGroup-3-1] DEBUG c.i.k.driver.chrome_1752427118715 - << {"id":59,"result":{},"sessionId":"038217F640E2C67AC41B486FCAF59598"}
00:18:42.665 [main] DEBUG c.i.k.driver.chrome_1752427118715 - >> {"id":60,"sessionId":"038217F640E2C67AC41B486FCAF59598","method":"Input.dispatchKeyEvent","params":{"modifiers":0,"type":"keyUp","text":"r","windowsVirtualKeyCode":114}}
00:18:42.668 [nioEventLoopGroup-3-1] DEBUG c.i.k.driver.chrome_1752427118715 - << {"id":60,"result":{},"sessionId":"038217F640E2C67AC41B486FCAF59598"}
00:18:42.668 [main] DEBUG c.i.k.driver.chrome_1752427118715 - >> {"id":61,"sessionId":"038217F640E2C67AC41B486FCAF59598","method":"Input.dispatchKeyEvent","params":{"modifiers":0,"type":"rawKeyDown","text":"e","windowsVirtualKeyCode":101}}
00:18:42.671 [nioEventLoopGroup-3-1] DEBUG c.i.k.driver.chrome_1752427118715 - << {"id":61,"result":{},"sessionId":"038217F640E2C67AC41B486FCAF59598"}
00:18:42.672 [main] DEBUG c.i.k.driver.chrome_1752427118715 - >> {"id":62,"sessionId":"038217F640E2C67AC41B486FCAF59598","method":"Input.dispatchKeyEvent","params":{"modifiers":0,"type":"char","text":"e","windowsVirtualKeyCode":101}}
00:18:42.677 [nioEventLoopGroup-3-1] DEBUG c.i.k.driver.chrome_1752427118715 - << {"id":62,"result":{},"sessionId":"038217F640E2C67AC41B486FCAF59598"}
00:18:42.678 [main] DEBUG c.i.k.driver.chrome_1752427118715 - >> {"id":63,"sessionId":"038217F640E2C67AC41B486FCAF59598","method":"Input.dispatchKeyEvent","params":{"modifiers":0,"type":"keyUp","text":"e","windowsVirtualKeyCode":101}}
00:18:42.681 [nioEventLoopGroup-3-1] DEBUG c.i.k.driver.chrome_1752427118715 - << {"id":63,"result":{},"sessionId":"038217F640E2C67AC41B486FCAF59598"}
00:18:42.682 [main] DEBUG c.i.k.driver.chrome_1752427118715 - >> {"id":64,"sessionId":"038217F640E2C67AC41B486FCAF59598","method":"Input.dispatchKeyEvent","params":{"modifiers":0,"type":"rawKeyDown","text":"t","windowsVirtualKeyCode":116}}
00:18:42.713 [nioEventLoopGroup-3-1] DEBUG c.i.k.driver.chrome_1752427118715 - << {"id":64,"result":{},"sessionId":"038217F640E2C67AC41B486FCAF59598"}
00:18:42.714 [main] DEBUG c.i.k.driver.chrome_1752427118715 - >> {"id":65,"sessionId":"038217F640E2C67AC41B486FCAF59598","method":"Input.dispatchKeyEvent","params":{"modifiers":0,"type":"char","text":"t","windowsVirtualKeyCode":116}}
00:18:42.748 [nioEventLoopGroup-3-1] DEBUG c.i.k.driver.chrome_1752427118715 - << {"id":65,"result":{},"sessionId":"038217F640E2C67AC41B486FCAF59598"}
00:18:42.748 [main] DEBUG c.i.k.driver.chrome_1752427118715 - >> {"id":66,"sessionId":"038217F640E2C67AC41B486FCAF59598","method":"Input.dispatchKeyEvent","params":{"modifiers":0,"type":"keyUp","text":"t","windowsVirtualKeyCode":116}}
00:18:42.760 [nioEventLoopGroup-3-1] DEBUG c.i.k.driver.chrome_1752427118715 - << {"id":66,"result":{},"sessionId":"038217F640E2C67AC41B486FCAF59598"}
00:18:42.762 [main] DEBUG c.i.k.driver.chrome_1752427118715 - >> {"id":67,"sessionId":"038217F640E2C67AC41B486FCAF59598","method":"Input.dispatchKeyEvent","params":{"modifiers":0,"type":"rawKeyDown","text":"_","windowsVirtualKeyCode":523}}
00:18:42.777 [nioEventLoopGroup-3-1] DEBUG c.i.k.driver.chrome_1752427118715 - << {"id":67,"result":{},"sessionId":"038217F640E2C67AC41B486FCAF59598"}
00:18:42.778 [main] DEBUG c.i.k.driver.chrome_1752427118715 - >> {"id":68,"sessionId":"038217F640E2C67AC41B486FCAF59598","method":"Input.dispatchKeyEvent","params":{"modifiers":0,"type":"char","text":"_","windowsVirtualKeyCode":523}}
00:18:42.847 [nioEventLoopGroup-3-1] DEBUG c.i.k.driver.chrome_1752427118715 - << {"id":68,"result":{},"sessionId":"038217F640E2C67AC41B486FCAF59598"}
00:18:42.848 [main] DEBUG c.i.k.driver.chrome_1752427118715 - >> {"id":69,"sessionId":"038217F640E2C67AC41B486FCAF59598","method":"Input.dispatchKeyEvent","params":{"modifiers":0,"type":"keyUp","text":"_","windowsVirtualKeyCode":523}}
00:18:42.890 [chrome_1752427118715-out] DEBUG c.i.k.driver.chrome_1752427118715 - WARNING: All log messages before absl::InitializeLog() is called are written to STDERR
00:18:42.890 [chrome_1752427118715-out] DEBUG c.i.k.driver.chrome_1752427118715 - I0000 00:00:1752427122.890575    8568 voice_transcription.cc:58] Registering VoiceTranscriptionCapability
00:18:43.254 [nioEventLoopGroup-3-1] DEBUG c.i.k.driver.chrome_1752427118715 - << {"method":"Target.targetCreated","params":{"targetInfo":{"targetId":"4929E4A53976F70F2290A779976DD43C","type":"service_worker","title":"Service Worker https://www.saucedemo.com/service-worker.js","url":"https://www.saucedemo.com/service-worker.js","attached":false,"canAccessOpener":false,"browserContextId":"EAF623A247340EBA0DAE9CAC96D8597D"}},"sessionId":"038217F640E2C67AC41B486FCAF59598"}
00:18:43.396 [nioEventLoopGroup-3-1] DEBUG c.i.k.driver.chrome_1752427118715 - << {"method":"Page.loadEventFired","params":{"timestamp":35065.896445},"sessionId":"038217F640E2C67AC41B486FCAF59598"}
00:18:43.396 [nioEventLoopGroup-3-1] DEBUG c.i.k.driver.chrome_1752427118715 - << {"method":"Page.frameStoppedLoading","params":{"frameId":"BE6D16BD4FF32A198CFAF775DA2F3A65"},"sessionId":"038217F640E2C67AC41B486FCAF59598"}
00:18:43.397 [nioEventLoopGroup-3-1] DEBUG c.i.k.driver.chrome_1752427118715 - << {"id":69,"result":{},"sessionId":"038217F640E2C67AC41B486FCAF59598"}
00:18:43.398 [main] DEBUG c.i.k.driver.chrome_1752427118715 - >> {"id":70,"sessionId":"038217F640E2C67AC41B486FCAF59598","method":"Input.dispatchKeyEvent","params":{"modifiers":0,"type":"rawKeyDown","text":"s","windowsVirtualKeyCode":115}}
00:18:43.407 [nioEventLoopGroup-3-1] DEBUG c.i.k.driver.chrome_1752427118715 - << {"id":70,"result":{},"sessionId":"038217F640E2C67AC41B486FCAF59598"}
00:18:43.407 [main] DEBUG c.i.k.driver.chrome_1752427118715 - >> {"id":71,"sessionId":"038217F640E2C67AC41B486FCAF59598","method":"Input.dispatchKeyEvent","params":{"modifiers":0,"type":"char","text":"s","windowsVirtualKeyCode":115}}
00:18:43.416 [nioEventLoopGroup-3-1] DEBUG c.i.k.driver.chrome_1752427118715 - << {"id":71,"result":{},"sessionId":"038217F640E2C67AC41B486FCAF59598"}
00:18:43.417 [main] DEBUG c.i.k.driver.chrome_1752427118715 - >> {"id":72,"sessionId":"038217F640E2C67AC41B486FCAF59598","method":"Input.dispatchKeyEvent","params":{"modifiers":0,"type":"keyUp","text":"s","windowsVirtualKeyCode":115}}
00:18:43.426 [nioEventLoopGroup-3-1] DEBUG c.i.k.driver.chrome_1752427118715 - << {"id":72,"result":{},"sessionId":"038217F640E2C67AC41B486FCAF59598"}
00:18:43.427 [main] DEBUG c.i.k.driver.chrome_1752427118715 - >> {"id":73,"sessionId":"038217F640E2C67AC41B486FCAF59598","method":"Input.dispatchKeyEvent","params":{"modifiers":0,"type":"rawKeyDown","text":"a","windowsVirtualKeyCode":97}}
00:18:43.432 [nioEventLoopGroup-3-1] DEBUG c.i.k.driver.chrome_1752427118715 - << {"id":73,"result":{},"sessionId":"038217F640E2C67AC41B486FCAF59598"}
00:18:43.433 [main] DEBUG c.i.k.driver.chrome_1752427118715 - >> {"id":74,"sessionId":"038217F640E2C67AC41B486FCAF59598","method":"Input.dispatchKeyEvent","params":{"modifiers":0,"type":"char","text":"a","windowsVirtualKeyCode":97}}
00:18:43.447 [nioEventLoopGroup-3-1] DEBUG c.i.k.driver.chrome_1752427118715 - << {"id":74,"result":{},"sessionId":"038217F640E2C67AC41B486FCAF59598"}
00:18:43.448 [main] DEBUG c.i.k.driver.chrome_1752427118715 - >> {"id":75,"sessionId":"038217F640E2C67AC41B486FCAF59598","method":"Input.dispatchKeyEvent","params":{"modifiers":0,"type":"keyUp","text":"a","windowsVirtualKeyCode":97}}
00:18:43.451 [nioEventLoopGroup-3-1] DEBUG c.i.k.driver.chrome_1752427118715 - << {"id":75,"result":{},"sessionId":"038217F640E2C67AC41B486FCAF59598"}
00:18:43.453 [main] DEBUG c.i.k.driver.chrome_1752427118715 - >> {"id":76,"sessionId":"038217F640E2C67AC41B486FCAF59598","method":"Input.dispatchKeyEvent","params":{"modifiers":0,"type":"rawKeyDown","text":"u","windowsVirtualKeyCode":117}}
00:18:43.455 [nioEventLoopGroup-3-1] DEBUG c.i.k.driver.chrome_1752427118715 - << {"id":76,"result":{},"sessionId":"038217F640E2C67AC41B486FCAF59598"}
00:18:43.456 [main] DEBUG c.i.k.driver.chrome_1752427118715 - >> {"id":77,"sessionId":"038217F640E2C67AC41B486FCAF59598","method":"Input.dispatchKeyEvent","params":{"modifiers":0,"type":"char","text":"u","windowsVirtualKeyCode":117}}
00:18:43.463 [nioEventLoopGroup-3-1] DEBUG c.i.k.driver.chrome_1752427118715 - << {"id":77,"result":{},"sessionId":"038217F640E2C67AC41B486FCAF59598"}
00:18:43.464 [main] DEBUG c.i.k.driver.chrome_1752427118715 - >> {"id":78,"sessionId":"038217F640E2C67AC41B486FCAF59598","method":"Input.dispatchKeyEvent","params":{"modifiers":0,"type":"keyUp","text":"u","windowsVirtualKeyCode":117}}
00:18:43.467 [nioEventLoopGroup-3-1] DEBUG c.i.k.driver.chrome_1752427118715 - << {"id":78,"result":{},"sessionId":"038217F640E2C67AC41B486FCAF59598"}
00:18:43.468 [main] DEBUG c.i.k.driver.chrome_1752427118715 - >> {"id":79,"sessionId":"038217F640E2C67AC41B486FCAF59598","method":"Input.dispatchKeyEvent","params":{"modifiers":0,"type":"rawKeyDown","text":"c","windowsVirtualKeyCode":99}}
00:18:43.524 [nioEventLoopGroup-3-1] DEBUG c.i.k.driver.chrome_1752427118715 - << {"id":79,"result":{},"sessionId":"038217F640E2C67AC41B486FCAF59598"}
00:18:43.525 [main] DEBUG c.i.k.driver.chrome_1752427118715 - >> {"id":80,"sessionId":"038217F640E2C67AC41B486FCAF59598","method":"Input.dispatchKeyEvent","params":{"modifiers":0,"type":"char","text":"c","windowsVirtualKeyCode":99}}
00:18:43.533 [nioEventLoopGroup-3-1] DEBUG c.i.k.driver.chrome_1752427118715 - << {"id":80,"result":{},"sessionId":"038217F640E2C67AC41B486FCAF59598"}
00:18:43.536 [main] DEBUG c.i.k.driver.chrome_1752427118715 - >> {"id":81,"sessionId":"038217F640E2C67AC41B486FCAF59598","method":"Input.dispatchKeyEvent","params":{"modifiers":0,"type":"keyUp","text":"c","windowsVirtualKeyCode":99}}
00:18:43.543 [nioEventLoopGroup-3-1] DEBUG c.i.k.driver.chrome_1752427118715 - << {"id":81,"result":{},"sessionId":"038217F640E2C67AC41B486FCAF59598"}
00:18:43.544 [main] DEBUG c.i.k.driver.chrome_1752427118715 - >> {"id":82,"sessionId":"038217F640E2C67AC41B486FCAF59598","method":"Input.dispatchKeyEvent","params":{"modifiers":0,"type":"rawKeyDown","text":"e","windowsVirtualKeyCode":101}}
00:18:43.549 [nioEventLoopGroup-3-1] DEBUG c.i.k.driver.chrome_1752427118715 - << {"id":82,"result":{},"sessionId":"038217F640E2C67AC41B486FCAF59598"}
00:18:43.550 [main] DEBUG c.i.k.driver.chrome_1752427118715 - >> {"id":83,"sessionId":"038217F640E2C67AC41B486FCAF59598","method":"Input.dispatchKeyEvent","params":{"modifiers":0,"type":"char","text":"e","windowsVirtualKeyCode":101}}
00:18:43.562 [nioEventLoopGroup-3-1] DEBUG c.i.k.driver.chrome_1752427118715 - << {"id":83,"result":{},"sessionId":"038217F640E2C67AC41B486FCAF59598"}
00:18:43.562 [main] DEBUG c.i.k.driver.chrome_1752427118715 - >> {"id":84,"sessionId":"038217F640E2C67AC41B486FCAF59598","method":"Input.dispatchKeyEvent","params":{"modifiers":0,"type":"keyUp","text":"e","windowsVirtualKeyCode":101}}
00:18:43.565 [nioEventLoopGroup-3-1] DEBUG c.i.k.driver.chrome_1752427118715 - << {"id":84,"result":{},"sessionId":"038217F640E2C67AC41B486FCAF59598"}
00:18:43.573 [main] DEBUG c.i.k.driver.chrome_1752427118715 - >> {"id":85,"sessionId":"038217F640E2C67AC41B486FCAF59598","method":"Runtime.evaluate","params":{"expression":"document.evaluate(\"\/\/*[@id='login-button']\", document, null, 9, null).singleNodeValue.click()","returnByValue":true}}
00:18:43.596 [nioEventLoopGroup-3-1] DEBUG c.i.k.driver.chrome_1752427118715 - << {"method":"Page.frameStartedLoading","params":{"frameId":"BE6D16BD4FF32A198CFAF775DA2F3A65"},"sessionId":"038217F640E2C67AC41B486FCAF59598"}
00:18:43.600 [nioEventLoopGroup-3-1] DEBUG c.i.k.driver.chrome_1752427118715 - << {"method":"Target.targetInfoChanged","params":{"targetInfo":{"targetId":"BE6D16BD4FF32A198CFAF775DA2F3A65","type":"page","title":"Swag Labs","url":"https://www.saucedemo.com/inventory.html","attached":true,"canAccessOpener":false,"browserContextId":"EAF623A247340EBA0DAE9CAC96D8597D"}},"sessionId":"038217F640E2C67AC41B486FCAF59598"}
00:18:43.601 [nioEventLoopGroup-3-1] DEBUG c.i.k.driver.chrome_1752427118715 - << {"method":"Page.navigatedWithinDocument","params":{"frameId":"BE6D16BD4FF32A198CFAF775DA2F3A65","url":"https://www.saucedemo.com/inventory.html","navigationType":"historyApi"},"sessionId":"038217F640E2C67AC41B486FCAF59598"}
00:18:43.602 [nioEventLoopGroup-3-1] DEBUG c.i.k.driver.chrome_1752427118715 - << {"method":"Page.frameStoppedLoading","params":{"frameId":"BE6D16BD4FF32A198CFAF775DA2F3A65"},"sessionId":"038217F640E2C67AC41B486FCAF59598"}
00:18:43.642 [nioEventLoopGroup-3-1] DEBUG c.i.k.driver.chrome_1752427118715 - << {"id":85,"result":{"result":{"type":"undefined"}},"sessionId":"038217F640E2C67AC41B486FCAF59598"}
00:18:43.673 [main] DEBUG c.i.k.driver.chrome_1752427118715 - >> {"id":86,"sessionId":"038217F640E2C67AC41B486FCAF59598","method":"Runtime.evaluate","params":{"expression":"document.location.href","returnByValue":true}}
00:18:43.749 [nioEventLoopGroup-3-1] DEBUG c.i.k.driver.chrome_1752427118715 - << {"id":86,"result":{"result":{"type":"string","value":"https://www.saucedemo.com/inventory.html"}},"sessionId":"038217F640E2C67AC41B486FCAF59598"}
00:18:43.757 [main] INFO  c.intuit.karate.core.FeatureRuntime - classpath:UI/HomePageUI/HomePage.feature - call by tag at line 7: action_sortProducts
00:18:43.804 [main] DEBUG c.intuit.karate.core.ScenarioEngine - over-writing existing variable 'homePage' with new value: read('classpath:UI/HomePageUI/saucedemo-HomePage.json')
00:18:43.814 [main] DEBUG c.i.k.driver.chrome_1752427118715 - >> {"id":87,"sessionId":"038217F640E2C67AC41B486FCAF59598","method":"Runtime.evaluate","params":{"expression":"(document.querySelector(\".product_sort_container\") != null)","returnByValue":true}}
00:18:43.887 [nioEventLoopGroup-3-1] DEBUG c.i.k.driver.chrome_1752427118715 - << {"id":87,"result":{"result":{"type":"boolean","value":true}},"sessionId":"038217F640E2C67AC41B486FCAF59598"}
00:18:43.893 [main] DEBUG c.i.k.driver.chrome_1752427118715 - >> {"id":88,"sessionId":"038217F640E2C67AC41B486FCAF59598","method":"Runtime.evaluate","params":{"expression":"(function(){ var fun = e => { e.value = 'za'; e.dispatchEvent(new Event('change', { bubbles: true })) }; var e = document.querySelector(\".product_sort_container\"); return fun(e) })()","returnByValue":true}}
00:18:44.044 [nioEventLoopGroup-3-1] DEBUG c.i.k.driver.chrome_1752427118715 - << {"id":88,"result":{"result":{"type":"undefined"}},"sessionId":"038217F640E2C67AC41B486FCAF59598"}
00:18:44.464 [nioEventLoopGroup-3-1] DEBUG c.i.k.driver.chrome_1752427118715 - << {"method":"Runtime.consoleAPICalled","params":{"type":"log","args":[{"type":"string","value":"Content is cached for offline use."}],"executionContextId":1,"timestamp":1.752427124464193e+12,"stackTrace":{"callFrames":[{"functionName":"console.<computed>","scriptId":"8","url":"https://www.saucedemo.com/static/js/2.84a5cbf3.chunk.js","lineNumber":1,"columnNumber":123015},{"functionName":"a.onstatechange","scriptId":"6","url":"https://www.saucedemo.com/static/js/main.018d2d1e.chunk.js","lineNumber":0,"columnNumber":58496}]}},"sessionId":"038217F640E2C67AC41B486FCAF59598"}
00:18:44.465 [nioEventLoopGroup-3-1] DEBUG c.i.k.driver.chrome_1752427118715 - [console] Content is cached for offline use.
00:18:45.078 [main] DEBUG c.i.k.driver.chrome_1752427118715 - >> {"id":89,"sessionId":"038217F640E2C67AC41B486FCAF59598","method":"Runtime.evaluate","params":{"expression":"document.querySelector(\".inventory_item_name\")['textContent']","returnByValue":true}}
00:18:45.080 [nioEventLoopGroup-3-1] DEBUG c.i.k.driver.chrome_1752427118715 - << {"id":89,"result":{"result":{"type":"string","value":"Test.allTheThings() T-Shirt (Red)"}},"sessionId":"038217F640E2C67AC41B486FCAF59598"}
00:18:45.099 [chrome_1752427118715-out] DEBUG c.i.k.driver.chrome_1752427118715 - [652:17976:0714/001845.098:ERROR:google_apis\gcm\engine\registration_request.cc:291] Registration response error message: DEPRECATED_ENDPOINT
00:18:45.113 [main] DEBUG c.i.k.driver.chrome_1752427118715 - >> {"id":90,"sessionId":"038217F640E2C67AC41B486FCAF59598","method":"Target.closeTarget","params":{"targetId":"BE6D16BD4FF32A198CFAF775DA2F3A65"}}
00:18:45.126 [nioEventLoopGroup-3-1] DEBUG c.i.k.driver.chrome_1752427118715 - << {"id":90,"result":{"success":true},"sessionId":"038217F640E2C67AC41B486FCAF59598"}
00:18:45.132 [nioEventLoopGroup-3-1] DEBUG c.i.k.http.WebSocketClientHandler - websocket closing
00:18:45.133 [nioEventLoopGroup-3-1] DEBUG c.i.k.http.WebSocketClientHandler - websocket client disconnected
00:18:45.164 [main] DEBUG com.intuit.karate.shell.Command - closing command: chrome_1752427118715
00:18:45.183 [main] INFO  com.intuit.karate - karate.env system property was: null 
00:18:45.193 [main] DEBUG com.intuit.karate.shell.Command - found / verified free local port: 64856
00:18:45.193 [main] WARN  c.intuit.karate.driver.DriverOptions - preferred port 9222 not available, will use: 64856
00:18:45.194 [main] DEBUG c.i.k.driver.chrome_1752427125192 - poll attempt #0 for port to be ready - localhost:64856
00:18:45.195 [chrome_1752427125192] DEBUG c.i.k.driver.chrome_1752427125192 - command: [C:\Program Files\Google\Chrome\Application\chrome.exe, --remote-debugging-port=64856, --remote-allow-origins=*, --no-first-run, --user-data-dir=E:\Duy\Projects\practices\karate_framework\demo\target\chrome_1752427125192, --disable-popup-blocking, --disable-features=PasswordManager, --incognito], working dir: target\chrome_1752427125192
00:18:45.314 [chrome_1752427118715] WARN  com.intuit.karate.shell.Command - exit code was non-zero: 1 - [C:\Program Files\Google\Chrome\Application\chrome.exe, --remote-debugging-port=64822, --remote-allow-origins=*, --no-first-run, --user-data-dir=E:\Duy\Projects\practices\karate_framework\demo\target\chrome_1752427118715, --disable-popup-blocking, --disable-features=PasswordManager, --incognito] working dir: target\chrome_1752427118715
00:18:45.453 [main] DEBUG c.i.k.driver.chrome_1752427125192 - poll attempt #1 for port to be ready - localhost:64856
00:18:45.706 [main] DEBUG c.i.k.driver.chrome_1752427125192 - poll attempt #2 for port to be ready - localhost:64856
00:18:45.763 [chrome_1752427125192-out] DEBUG c.i.k.driver.chrome_1752427125192 - 
00:18:45.763 [chrome_1752427125192-out] DEBUG c.i.k.driver.chrome_1752427125192 - DevTools listening on ws://127.0.0.1:64856/devtools/browser/36357939-a405-4088-88f2-4ab0751339d9
00:18:45.992 [main] DEBUG c.i.k.driver.chrome_1752427125192 - poll attempt #3 for port to be ready - localhost:64856
00:18:46.062 [main] DEBUG com.intuit.karate - request:
1 > GET http://localhost:64856/json
1 > Host: localhost:64856
1 > Connection: Keep-Alive
1 > User-Agent: Apache-HttpClient/4.5.14 (Java/21.0.7)
1 > Accept-Encoding: gzip,deflate


00:18:46.065 [main] DEBUG com.intuit.karate - response time in milliseconds: 2
1 < 200
1 < Content-Security-Policy: frame-ancestors 'none'
1 < Content-Length: 1522
1 < Content-Type: application/json; charset=UTF-8
[ {
   "description": "",
   "devtoolsFrontendUrl": "https://chrome-devtools-frontend.appspot.com/serve_rev/@a2159ad9ab8037bd34a21b9903003e0964c2075b/inspector.html?ws=localhost:64856/devtools/page/71B78AA5B9A8ADC16C3AA3D9E3FAC2AA",
   "id": "71B78AA5B9A8ADC16C3AA3D9E3FAC2AA",
   "title": "Google Hangouts",
   "type": "background_page",
   "url": "chrome-extension://nkeimhogjdpnpccoofpliimaahmaaome/background.html",
   "webSocketDebuggerUrl": "ws://localhost:64856/devtools/page/71B78AA5B9A8ADC16C3AA3D9E3FAC2AA"
}, {
   "description": "",
   "devtoolsFrontendUrl": "https://chrome-devtools-frontend.appspot.com/serve_rev/@a2159ad9ab8037bd34a21b9903003e0964c2075b/inspector.html?ws=localhost:64856/devtools/page/E65DA4407BEA6639456ADFFF612DCD2C",
   "id": "E65DA4407BEA6639456ADFFF612DCD2C",
   "title": "Google Hangouts",
   "type": "background_page",
   "url": "chrome-extension://nkeimhogjdpnpccoofpliimaahmaaome/background.html",
   "webSocketDebuggerUrl": "ws://localhost:64856/devtools/page/E65DA4407BEA6639456ADFFF612DCD2C"
}, {
   "description": "",
   "devtoolsFrontendUrl": "https://chrome-devtools-frontend.appspot.com/serve_rev/@a2159ad9ab8037bd34a21b9903003e0964c2075b/inspector.html?ws=localhost:64856/devtools/page/C6C43042D3DB969314C6E36C45DD4395",
   "id": "C6C43042D3DB969314C6E36C45DD4395",
   "title": "New Incognito Tab",
   "type": "page",
   "url": "chrome://newtab/",
   "webSocketDebuggerUrl": "ws://localhost:64856/devtools/page/C6C43042D3DB969314C6E36C45DD4395"
} ]


00:18:46.067 [main] DEBUG com.intuit.karate.shell.Command - ready to accept http connections after 21 ms - http://localhost:64856/json
00:18:46.069 [main] DEBUG com.intuit.karate - request:
1 > GET http://localhost:64856/json
1 > Host: localhost:64856
1 > Connection: Keep-Alive
1 > User-Agent: Apache-HttpClient/4.5.14 (Java/21.0.7)
1 > Accept-Encoding: gzip,deflate


00:18:46.073 [main] DEBUG com.intuit.karate - response time in milliseconds: 3
1 < 200
1 < Content-Security-Policy: frame-ancestors 'none'
1 < Content-Length: 1522
1 < Content-Type: application/json; charset=UTF-8
[ {
   "description": "",
   "devtoolsFrontendUrl": "https://chrome-devtools-frontend.appspot.com/serve_rev/@a2159ad9ab8037bd34a21b9903003e0964c2075b/inspector.html?ws=localhost:64856/devtools/page/71B78AA5B9A8ADC16C3AA3D9E3FAC2AA",
   "id": "71B78AA5B9A8ADC16C3AA3D9E3FAC2AA",
   "title": "Google Hangouts",
   "type": "background_page",
   "url": "chrome-extension://nkeimhogjdpnpccoofpliimaahmaaome/background.html",
   "webSocketDebuggerUrl": "ws://localhost:64856/devtools/page/71B78AA5B9A8ADC16C3AA3D9E3FAC2AA"
}, {
   "description": "",
   "devtoolsFrontendUrl": "https://chrome-devtools-frontend.appspot.com/serve_rev/@a2159ad9ab8037bd34a21b9903003e0964c2075b/inspector.html?ws=localhost:64856/devtools/page/E65DA4407BEA6639456ADFFF612DCD2C",
   "id": "E65DA4407BEA6639456ADFFF612DCD2C",
   "title": "Google Hangouts",
   "type": "background_page",
   "url": "chrome-extension://nkeimhogjdpnpccoofpliimaahmaaome/background.html",
   "webSocketDebuggerUrl": "ws://localhost:64856/devtools/page/E65DA4407BEA6639456ADFFF612DCD2C"
}, {
   "description": "",
   "devtoolsFrontendUrl": "https://chrome-devtools-frontend.appspot.com/serve_rev/@a2159ad9ab8037bd34a21b9903003e0964c2075b/inspector.html?ws=localhost:64856/devtools/page/C6C43042D3DB969314C6E36C45DD4395",
   "id": "C6C43042D3DB969314C6E36C45DD4395",
   "title": "New Incognito Tab",
   "type": "page",
   "url": "chrome://newtab/",
   "webSocketDebuggerUrl": "ws://localhost:64856/devtools/page/C6C43042D3DB969314C6E36C45DD4395"
} ]


00:18:46.074 [main] DEBUG c.i.k.driver.chrome_1752427125192 - root frame id: C6C43042D3DB969314C6E36C45DD4395
00:18:46.161 [nioEventLoopGroup-4-1] DEBUG c.i.k.http.WebSocketClientHandler - websocket client connected
00:18:46.164 [main] DEBUG c.i.k.driver.chrome_1752427125192 - >> {"id":1,"method":"Target.attachToTarget","params":{"targetId":"C6C43042D3DB969314C6E36C45DD4395","flatten":true}}
00:18:46.169 [nioEventLoopGroup-4-1] DEBUG c.i.k.driver.chrome_1752427125192 - << {"method":"Target.attachedToTarget","params":{"sessionId":"CCC182C4452EA8875F99DF403A5D481C","targetInfo":{"targetId":"C6C43042D3DB969314C6E36C45DD4395","type":"page","title":"New Incognito Tab","url":"chrome://newtab/","attached":true,"canAccessOpener":false,"browserContextId":"2FD3DA8B2FB2A3F53021C92AC19AF173"},"waitingForDebugger":false}}
00:18:46.169 [nioEventLoopGroup-4-1] DEBUG c.i.k.driver.chrome_1752427125192 - << {"id":1,"result":{"sessionId":"CCC182C4452EA8875F99DF403A5D481C"}}
00:18:46.171 [main] DEBUG c.i.k.driver.chrome_1752427125192 - >> {"id":2,"sessionId":"CCC182C4452EA8875F99DF403A5D481C","method":"Target.activateTarget","params":{"targetId":"C6C43042D3DB969314C6E36C45DD4395"}}
00:18:46.175 [nioEventLoopGroup-4-1] DEBUG c.i.k.driver.chrome_1752427125192 - << {"id":2,"result":{},"sessionId":"CCC182C4452EA8875F99DF403A5D481C"}
00:18:46.176 [main] DEBUG c.i.k.driver.chrome_1752427125192 - >> {"id":3,"sessionId":"CCC182C4452EA8875F99DF403A5D481C","method":"Target.setDiscoverTargets","params":{"discover":true}}
00:18:46.178 [nioEventLoopGroup-4-1] DEBUG c.i.k.driver.chrome_1752427125192 - << {"method":"Target.targetCreated","params":{"targetInfo":{"targetId":"71B78AA5B9A8ADC16C3AA3D9E3FAC2AA","type":"background_page","title":"Google Hangouts","url":"chrome-extension://nkeimhogjdpnpccoofpliimaahmaaome/background.html","attached":false,"canAccessOpener":false,"browserContextId":"2FD3DA8B2FB2A3F53021C92AC19AF173"}},"sessionId":"CCC182C4452EA8875F99DF403A5D481C"}
00:18:46.178 [nioEventLoopGroup-4-1] DEBUG c.i.k.driver.chrome_1752427125192 - << {"method":"Target.targetCreated","params":{"targetInfo":{"targetId":"C6C43042D3DB969314C6E36C45DD4395","type":"page","title":"New Incognito Tab","url":"chrome://newtab/","attached":true,"canAccessOpener":false,"browserContextId":"2FD3DA8B2FB2A3F53021C92AC19AF173"}},"sessionId":"CCC182C4452EA8875F99DF403A5D481C"}
00:18:46.178 [nioEventLoopGroup-4-1] DEBUG c.i.k.driver.chrome_1752427125192 - << {"method":"Target.targetCreated","params":{"targetInfo":{"targetId":"E65DA4407BEA6639456ADFFF612DCD2C","type":"background_page","title":"Google Hangouts","url":"chrome-extension://nkeimhogjdpnpccoofpliimaahmaaome/background.html","attached":false,"canAccessOpener":false,"browserContextId":"5BCECCC468537B256459B195D009FFB9"}},"sessionId":"CCC182C4452EA8875F99DF403A5D481C"}
00:18:46.179 [nioEventLoopGroup-4-1] DEBUG c.i.k.driver.chrome_1752427125192 - << {"id":3,"result":{},"sessionId":"CCC182C4452EA8875F99DF403A5D481C"}
00:18:46.179 [main] DEBUG c.i.k.driver.chrome_1752427125192 - >> {"id":4,"sessionId":"CCC182C4452EA8875F99DF403A5D481C","method":"Page.enable"}
00:18:46.209 [nioEventLoopGroup-4-1] DEBUG c.i.k.driver.chrome_1752427125192 - << {"id":4,"result":{},"sessionId":"CCC182C4452EA8875F99DF403A5D481C"}
00:18:46.214 [main] DEBUG c.i.k.driver.chrome_1752427125192 - >> {"id":5,"sessionId":"CCC182C4452EA8875F99DF403A5D481C","method":"Runtime.enable"}
00:18:46.222 [nioEventLoopGroup-4-1] DEBUG c.i.k.driver.chrome_1752427125192 - << {"method":"Runtime.executionContextCreated","params":{"context":{"id":1,"origin":"chrome://newtab","name":"","uniqueId":"3149449569009168324.6407220410090817756","auxData":{"isDefault":true,"type":"default","frameId":"C6C43042D3DB969314C6E36C45DD4395"}}},"sessionId":"CCC182C4452EA8875F99DF403A5D481C"}
00:18:46.223 [nioEventLoopGroup-4-1] DEBUG c.i.k.driver.chrome_1752427125192 - << {"id":5,"result":{},"sessionId":"CCC182C4452EA8875F99DF403A5D481C"}
00:18:46.229 [main] DEBUG c.i.k.driver.chrome_1752427125192 - >> {"id":6,"sessionId":"CCC182C4452EA8875F99DF403A5D481C","method":"Browser.getWindowForTarget","params":{"targetId":"C6C43042D3DB969314C6E36C45DD4395"}}
00:18:46.231 [nioEventLoopGroup-4-1] DEBUG c.i.k.driver.chrome_1752427125192 - << {"id":6,"result":{"windowId":1767414182,"bounds":{"left":10,"top":10,"width":945,"height":1060,"windowState":"normal"}},"sessionId":"CCC182C4452EA8875F99DF403A5D481C"}
00:18:46.235 [nioEventLoopGroup-4-1] DEBUG c.i.k.driver.chrome_1752427125192 - << {"method":"Page.domContentEventFired","params":{"timestamp":35068.884646},"sessionId":"CCC182C4452EA8875F99DF403A5D481C"}
00:18:46.242 [nioEventLoopGroup-4-1] DEBUG c.i.k.driver.chrome_1752427125192 - << {"method":"Target.targetInfoChanged","params":{"targetInfo":{"targetId":"71B78AA5B9A8ADC16C3AA3D9E3FAC2AA","type":"background_page","title":"Google Hangouts","url":"chrome-extension://nkeimhogjdpnpccoofpliimaahmaaome/background.html","attached":false,"canAccessOpener":false,"browserContextId":"2FD3DA8B2FB2A3F53021C92AC19AF173"}},"sessionId":"CCC182C4452EA8875F99DF403A5D481C"}
00:18:46.270 [main] DEBUG c.i.k.driver.chrome_1752427125192 - >> {"id":7,"sessionId":"CCC182C4452EA8875F99DF403A5D481C","method":"Page.navigate","params":{"url":"https:\/\/saucedemo.com\/"}}
00:18:46.279 [nioEventLoopGroup-4-1] DEBUG c.i.k.driver.chrome_1752427125192 - << {"method":"Page.frameStartedNavigating","params":{"frameId":"C6C43042D3DB969314C6E36C45DD4395","url":"https://saucedemo.com/","loaderId":"9CB9CD5D30FD35DCF1EAB5EA8DA93DA7","navigationType":"differentDocument"},"sessionId":"CCC182C4452EA8875F99DF403A5D481C"}
00:18:46.280 [nioEventLoopGroup-4-1] DEBUG c.i.k.driver.chrome_1752427125192 - << {"method":"Page.frameStartedLoading","params":{"frameId":"C6C43042D3DB969314C6E36C45DD4395"},"sessionId":"CCC182C4452EA8875F99DF403A5D481C"}
00:18:46.283 [nioEventLoopGroup-4-1] DEBUG c.i.k.driver.chrome_1752427125192 - << {"method":"Page.loadEventFired","params":{"timestamp":35068.92945},"sessionId":"CCC182C4452EA8875F99DF403A5D481C"}
00:18:46.284 [nioEventLoopGroup-4-1] DEBUG c.i.k.driver.chrome_1752427125192 - << {"method":"Page.frameStartedLoading","params":{"frameId":"C6C43042D3DB969314C6E36C45DD4395"},"sessionId":"CCC182C4452EA8875F99DF403A5D481C"}
00:18:46.428 [nioEventLoopGroup-4-1] DEBUG c.i.k.driver.chrome_1752427125192 - << {"method":"Target.targetInfoChanged","params":{"targetInfo":{"targetId":"E65DA4407BEA6639456ADFFF612DCD2C","type":"background_page","title":"Google Hangouts","url":"chrome-extension://nkeimhogjdpnpccoofpliimaahmaaome/background.html","attached":false,"canAccessOpener":false,"browserContextId":"5BCECCC468537B256459B195D009FFB9"}},"sessionId":"CCC182C4452EA8875F99DF403A5D481C"}
00:18:46.777 [nioEventLoopGroup-4-1] DEBUG c.i.k.driver.chrome_1752427125192 - << {"id":7,"result":{"frameId":"C6C43042D3DB969314C6E36C45DD4395","loaderId":"9CB9CD5D30FD35DCF1EAB5EA8DA93DA7"},"sessionId":"CCC182C4452EA8875F99DF403A5D481C"}
00:18:46.783 [nioEventLoopGroup-4-1] DEBUG c.i.k.driver.chrome_1752427125192 - << {"method":"Runtime.executionContextsCleared","params":{},"sessionId":"CCC182C4452EA8875F99DF403A5D481C"}
00:18:46.786 [nioEventLoopGroup-4-1] DEBUG c.i.k.driver.chrome_1752427125192 - << {"method":"Runtime.executionContextsCleared","params":{},"sessionId":"CCC182C4452EA8875F99DF403A5D481C"}
00:18:46.787 [nioEventLoopGroup-4-1] DEBUG c.i.k.driver.chrome_1752427125192 - << {"method":"Page.frameNavigated","params":{"frame":{"id":"C6C43042D3DB969314C6E36C45DD4395","loaderId":"9CB9CD5D30FD35DCF1EAB5EA8DA93DA7","url":"https://www.saucedemo.com/","domainAndRegistry":"saucedemo.com","securityOrigin":"https://www.saucedemo.com","securityOriginDetails":{"isLocalhost":false},"mimeType":"text/html","adFrameStatus":{"adFrameType":"none"},"secureContextType":"Secure","crossOriginIsolatedContextType":"NotIsolated","gatedAPIFeatures":[]},"type":"Navigation"},"sessionId":"CCC182C4452EA8875F99DF403A5D481C"}
00:18:46.814 [nioEventLoopGroup-4-1] DEBUG c.i.k.driver.chrome_1752427125192 - << {"method":"Target.targetInfoChanged","params":{"targetInfo":{"targetId":"C6C43042D3DB969314C6E36C45DD4395","type":"page","title":"saucedemo.com","url":"https://www.saucedemo.com/","attached":true,"canAccessOpener":false,"browserContextId":"2FD3DA8B2FB2A3F53021C92AC19AF173"}},"sessionId":"CCC182C4452EA8875F99DF403A5D481C"}
00:18:46.832 [nioEventLoopGroup-4-1] DEBUG c.i.k.driver.chrome_1752427125192 - << {"method":"Runtime.executionContextCreated","params":{"context":{"id":1,"origin":"https://www.saucedemo.com","name":"","uniqueId":"-2623044190727237366.5969626503749711712","auxData":{"isDefault":true,"type":"default","frameId":"C6C43042D3DB969314C6E36C45DD4395"}}},"sessionId":"CCC182C4452EA8875F99DF403A5D481C"}
00:18:47.503 [nioEventLoopGroup-4-1] DEBUG c.i.k.driver.chrome_1752427125192 - << {"method":"Page.domContentEventFired","params":{"timestamp":35070.143743},"sessionId":"CCC182C4452EA8875F99DF403A5D481C"}
00:18:47.510 [main] INFO  c.intuit.karate.core.FeatureRuntime - classpath:UI/LoginUI/LoginPage.feature - call by tag at line 7: action_attemptLogin
00:18:47.555 [main] DEBUG c.i.k.driver.chrome_1752427125192 - >> {"id":8,"sessionId":"CCC182C4452EA8875F99DF403A5D481C","method":"Runtime.evaluate","params":{"expression":"var e = document.evaluate(\"\/\/*[@id='user-name']\", document, null, 9, null).singleNodeValue; e.focus(); try { e.selectionStart = e.selectionEnd = e.value.length } catch(x) {}","returnByValue":true}}
00:18:47.561 [nioEventLoopGroup-4-1] DEBUG c.i.k.driver.chrome_1752427125192 - << {"id":8,"result":{"result":{"type":"number","value":0,"description":"0"}},"sessionId":"CCC182C4452EA8875F99DF403A5D481C"}
00:18:47.562 [main] DEBUG c.i.k.driver.chrome_1752427125192 - >> {"id":9,"sessionId":"CCC182C4452EA8875F99DF403A5D481C","method":"Input.dispatchKeyEvent","params":{"modifiers":0,"type":"rawKeyDown","text":"s","windowsVirtualKeyCode":115}}
00:18:47.571 [nioEventLoopGroup-4-1] DEBUG c.i.k.driver.chrome_1752427125192 - << {"id":9,"result":{},"sessionId":"CCC182C4452EA8875F99DF403A5D481C"}
00:18:47.572 [main] DEBUG c.i.k.driver.chrome_1752427125192 - >> {"id":10,"sessionId":"CCC182C4452EA8875F99DF403A5D481C","method":"Input.dispatchKeyEvent","params":{"modifiers":0,"type":"char","text":"s","windowsVirtualKeyCode":115}}
00:18:47.587 [nioEventLoopGroup-4-1] DEBUG c.i.k.driver.chrome_1752427125192 - << {"id":10,"result":{},"sessionId":"CCC182C4452EA8875F99DF403A5D481C"}
00:18:47.589 [main] DEBUG c.i.k.driver.chrome_1752427125192 - >> {"id":11,"sessionId":"CCC182C4452EA8875F99DF403A5D481C","method":"Input.dispatchKeyEvent","params":{"modifiers":0,"type":"keyUp","text":"s","windowsVirtualKeyCode":115}}
00:18:47.593 [nioEventLoopGroup-4-1] DEBUG c.i.k.driver.chrome_1752427125192 - << {"id":11,"result":{},"sessionId":"CCC182C4452EA8875F99DF403A5D481C"}
00:18:47.593 [main] DEBUG c.i.k.driver.chrome_1752427125192 - >> {"id":12,"sessionId":"CCC182C4452EA8875F99DF403A5D481C","method":"Input.dispatchKeyEvent","params":{"modifiers":0,"type":"rawKeyDown","text":"t","windowsVirtualKeyCode":116}}
00:18:47.596 [nioEventLoopGroup-4-1] DEBUG c.i.k.driver.chrome_1752427125192 - << {"id":12,"result":{},"sessionId":"CCC182C4452EA8875F99DF403A5D481C"}
00:18:47.597 [main] DEBUG c.i.k.driver.chrome_1752427125192 - >> {"id":13,"sessionId":"CCC182C4452EA8875F99DF403A5D481C","method":"Input.dispatchKeyEvent","params":{"modifiers":0,"type":"char","text":"t","windowsVirtualKeyCode":116}}
00:18:47.608 [nioEventLoopGroup-4-1] DEBUG c.i.k.driver.chrome_1752427125192 - << {"id":13,"result":{},"sessionId":"CCC182C4452EA8875F99DF403A5D481C"}
00:18:47.609 [main] DEBUG c.i.k.driver.chrome_1752427125192 - >> {"id":14,"sessionId":"CCC182C4452EA8875F99DF403A5D481C","method":"Input.dispatchKeyEvent","params":{"modifiers":0,"type":"keyUp","text":"t","windowsVirtualKeyCode":116}}
00:18:47.612 [nioEventLoopGroup-4-1] DEBUG c.i.k.driver.chrome_1752427125192 - << {"id":14,"result":{},"sessionId":"CCC182C4452EA8875F99DF403A5D481C"}
00:18:47.613 [main] DEBUG c.i.k.driver.chrome_1752427125192 - >> {"id":15,"sessionId":"CCC182C4452EA8875F99DF403A5D481C","method":"Input.dispatchKeyEvent","params":{"modifiers":0,"type":"rawKeyDown","text":"a","windowsVirtualKeyCode":97}}
00:18:47.616 [nioEventLoopGroup-4-1] DEBUG c.i.k.driver.chrome_1752427125192 - << {"id":15,"result":{},"sessionId":"CCC182C4452EA8875F99DF403A5D481C"}
00:18:47.616 [main] DEBUG c.i.k.driver.chrome_1752427125192 - >> {"id":16,"sessionId":"CCC182C4452EA8875F99DF403A5D481C","method":"Input.dispatchKeyEvent","params":{"modifiers":0,"type":"char","text":"a","windowsVirtualKeyCode":97}}
00:18:47.623 [nioEventLoopGroup-4-1] DEBUG c.i.k.driver.chrome_1752427125192 - << {"id":16,"result":{},"sessionId":"CCC182C4452EA8875F99DF403A5D481C"}
00:18:47.624 [main] DEBUG c.i.k.driver.chrome_1752427125192 - >> {"id":17,"sessionId":"CCC182C4452EA8875F99DF403A5D481C","method":"Input.dispatchKeyEvent","params":{"modifiers":0,"type":"keyUp","text":"a","windowsVirtualKeyCode":97}}
00:18:47.627 [nioEventLoopGroup-4-1] DEBUG c.i.k.driver.chrome_1752427125192 - << {"id":17,"result":{},"sessionId":"CCC182C4452EA8875F99DF403A5D481C"}
00:18:47.628 [main] DEBUG c.i.k.driver.chrome_1752427125192 - >> {"id":18,"sessionId":"CCC182C4452EA8875F99DF403A5D481C","method":"Input.dispatchKeyEvent","params":{"modifiers":0,"type":"rawKeyDown","text":"n","windowsVirtualKeyCode":110}}
00:18:47.631 [nioEventLoopGroup-4-1] DEBUG c.i.k.driver.chrome_1752427125192 - << {"id":18,"result":{},"sessionId":"CCC182C4452EA8875F99DF403A5D481C"}
00:18:47.632 [main] DEBUG c.i.k.driver.chrome_1752427125192 - >> {"id":19,"sessionId":"CCC182C4452EA8875F99DF403A5D481C","method":"Input.dispatchKeyEvent","params":{"modifiers":0,"type":"char","text":"n","windowsVirtualKeyCode":110}}
00:18:47.639 [nioEventLoopGroup-4-1] DEBUG c.i.k.driver.chrome_1752427125192 - << {"id":19,"result":{},"sessionId":"CCC182C4452EA8875F99DF403A5D481C"}
00:18:47.641 [main] DEBUG c.i.k.driver.chrome_1752427125192 - >> {"id":20,"sessionId":"CCC182C4452EA8875F99DF403A5D481C","method":"Input.dispatchKeyEvent","params":{"modifiers":0,"type":"keyUp","text":"n","windowsVirtualKeyCode":110}}
00:18:47.644 [nioEventLoopGroup-4-1] DEBUG c.i.k.driver.chrome_1752427125192 - << {"id":20,"result":{},"sessionId":"CCC182C4452EA8875F99DF403A5D481C"}
00:18:47.645 [main] DEBUG c.i.k.driver.chrome_1752427125192 - >> {"id":21,"sessionId":"CCC182C4452EA8875F99DF403A5D481C","method":"Input.dispatchKeyEvent","params":{"modifiers":0,"type":"rawKeyDown","text":"d","windowsVirtualKeyCode":100}}
00:18:47.648 [nioEventLoopGroup-4-1] DEBUG c.i.k.driver.chrome_1752427125192 - << {"id":21,"result":{},"sessionId":"CCC182C4452EA8875F99DF403A5D481C"}
00:18:47.649 [main] DEBUG c.i.k.driver.chrome_1752427125192 - >> {"id":22,"sessionId":"CCC182C4452EA8875F99DF403A5D481C","method":"Input.dispatchKeyEvent","params":{"modifiers":0,"type":"char","text":"d","windowsVirtualKeyCode":100}}
00:18:47.658 [nioEventLoopGroup-4-1] DEBUG c.i.k.driver.chrome_1752427125192 - << {"id":22,"result":{},"sessionId":"CCC182C4452EA8875F99DF403A5D481C"}
00:18:47.659 [main] DEBUG c.i.k.driver.chrome_1752427125192 - >> {"id":23,"sessionId":"CCC182C4452EA8875F99DF403A5D481C","method":"Input.dispatchKeyEvent","params":{"modifiers":0,"type":"keyUp","text":"d","windowsVirtualKeyCode":100}}
00:18:47.662 [nioEventLoopGroup-4-1] DEBUG c.i.k.driver.chrome_1752427125192 - << {"id":23,"result":{},"sessionId":"CCC182C4452EA8875F99DF403A5D481C"}
00:18:47.664 [main] DEBUG c.i.k.driver.chrome_1752427125192 - >> {"id":24,"sessionId":"CCC182C4452EA8875F99DF403A5D481C","method":"Input.dispatchKeyEvent","params":{"modifiers":0,"type":"rawKeyDown","text":"a","windowsVirtualKeyCode":97}}
00:18:47.667 [nioEventLoopGroup-4-1] DEBUG c.i.k.driver.chrome_1752427125192 - << {"id":24,"result":{},"sessionId":"CCC182C4452EA8875F99DF403A5D481C"}
00:18:47.672 [main] DEBUG c.i.k.driver.chrome_1752427125192 - >> {"id":25,"sessionId":"CCC182C4452EA8875F99DF403A5D481C","method":"Input.dispatchKeyEvent","params":{"modifiers":0,"type":"char","text":"a","windowsVirtualKeyCode":97}}
00:18:47.678 [nioEventLoopGroup-4-1] DEBUG c.i.k.driver.chrome_1752427125192 - << {"id":25,"result":{},"sessionId":"CCC182C4452EA8875F99DF403A5D481C"}
00:18:47.680 [main] DEBUG c.i.k.driver.chrome_1752427125192 - >> {"id":26,"sessionId":"CCC182C4452EA8875F99DF403A5D481C","method":"Input.dispatchKeyEvent","params":{"modifiers":0,"type":"keyUp","text":"a","windowsVirtualKeyCode":97}}
00:18:47.684 [nioEventLoopGroup-4-1] DEBUG c.i.k.driver.chrome_1752427125192 - << {"id":26,"result":{},"sessionId":"CCC182C4452EA8875F99DF403A5D481C"}
00:18:47.687 [main] DEBUG c.i.k.driver.chrome_1752427125192 - >> {"id":27,"sessionId":"CCC182C4452EA8875F99DF403A5D481C","method":"Input.dispatchKeyEvent","params":{"modifiers":0,"type":"rawKeyDown","text":"r","windowsVirtualKeyCode":114}}
00:18:47.691 [nioEventLoopGroup-4-1] DEBUG c.i.k.driver.chrome_1752427125192 - << {"id":27,"result":{},"sessionId":"CCC182C4452EA8875F99DF403A5D481C"}
00:18:47.692 [main] DEBUG c.i.k.driver.chrome_1752427125192 - >> {"id":28,"sessionId":"CCC182C4452EA8875F99DF403A5D481C","method":"Input.dispatchKeyEvent","params":{"modifiers":0,"type":"char","text":"r","windowsVirtualKeyCode":114}}
00:18:47.699 [nioEventLoopGroup-4-1] DEBUG c.i.k.driver.chrome_1752427125192 - << {"id":28,"result":{},"sessionId":"CCC182C4452EA8875F99DF403A5D481C"}
00:18:47.700 [main] DEBUG c.i.k.driver.chrome_1752427125192 - >> {"id":29,"sessionId":"CCC182C4452EA8875F99DF403A5D481C","method":"Input.dispatchKeyEvent","params":{"modifiers":0,"type":"keyUp","text":"r","windowsVirtualKeyCode":114}}
00:18:47.706 [nioEventLoopGroup-4-1] DEBUG c.i.k.driver.chrome_1752427125192 - << {"id":29,"result":{},"sessionId":"CCC182C4452EA8875F99DF403A5D481C"}
00:18:47.707 [main] DEBUG c.i.k.driver.chrome_1752427125192 - >> {"id":30,"sessionId":"CCC182C4452EA8875F99DF403A5D481C","method":"Input.dispatchKeyEvent","params":{"modifiers":0,"type":"rawKeyDown","text":"d","windowsVirtualKeyCode":100}}
00:18:47.711 [nioEventLoopGroup-4-1] DEBUG c.i.k.driver.chrome_1752427125192 - << {"id":30,"result":{},"sessionId":"CCC182C4452EA8875F99DF403A5D481C"}
00:18:47.711 [main] DEBUG c.i.k.driver.chrome_1752427125192 - >> {"id":31,"sessionId":"CCC182C4452EA8875F99DF403A5D481C","method":"Input.dispatchKeyEvent","params":{"modifiers":0,"type":"char","text":"d","windowsVirtualKeyCode":100}}
00:18:47.718 [nioEventLoopGroup-4-1] DEBUG c.i.k.driver.chrome_1752427125192 - << {"id":31,"result":{},"sessionId":"CCC182C4452EA8875F99DF403A5D481C"}
00:18:47.722 [main] DEBUG c.i.k.driver.chrome_1752427125192 - >> {"id":32,"sessionId":"CCC182C4452EA8875F99DF403A5D481C","method":"Input.dispatchKeyEvent","params":{"modifiers":0,"type":"keyUp","text":"d","windowsVirtualKeyCode":100}}
00:18:47.725 [nioEventLoopGroup-4-1] DEBUG c.i.k.driver.chrome_1752427125192 - << {"id":32,"result":{},"sessionId":"CCC182C4452EA8875F99DF403A5D481C"}
00:18:47.726 [main] DEBUG c.i.k.driver.chrome_1752427125192 - >> {"id":33,"sessionId":"CCC182C4452EA8875F99DF403A5D481C","method":"Input.dispatchKeyEvent","params":{"modifiers":0,"type":"rawKeyDown","text":"_","windowsVirtualKeyCode":523}}
00:18:47.730 [nioEventLoopGroup-4-1] DEBUG c.i.k.driver.chrome_1752427125192 - << {"id":33,"result":{},"sessionId":"CCC182C4452EA8875F99DF403A5D481C"}
00:18:47.730 [main] DEBUG c.i.k.driver.chrome_1752427125192 - >> {"id":34,"sessionId":"CCC182C4452EA8875F99DF403A5D481C","method":"Input.dispatchKeyEvent","params":{"modifiers":0,"type":"char","text":"_","windowsVirtualKeyCode":523}}
00:18:47.737 [nioEventLoopGroup-4-1] DEBUG c.i.k.driver.chrome_1752427125192 - << {"id":34,"result":{},"sessionId":"CCC182C4452EA8875F99DF403A5D481C"}
00:18:47.739 [main] DEBUG c.i.k.driver.chrome_1752427125192 - >> {"id":35,"sessionId":"CCC182C4452EA8875F99DF403A5D481C","method":"Input.dispatchKeyEvent","params":{"modifiers":0,"type":"keyUp","text":"_","windowsVirtualKeyCode":523}}
00:18:47.743 [nioEventLoopGroup-4-1] DEBUG c.i.k.driver.chrome_1752427125192 - << {"id":35,"result":{},"sessionId":"CCC182C4452EA8875F99DF403A5D481C"}
00:18:47.744 [main] DEBUG c.i.k.driver.chrome_1752427125192 - >> {"id":36,"sessionId":"CCC182C4452EA8875F99DF403A5D481C","method":"Input.dispatchKeyEvent","params":{"modifiers":0,"type":"rawKeyDown","text":"u","windowsVirtualKeyCode":117}}
00:18:47.747 [nioEventLoopGroup-4-1] DEBUG c.i.k.driver.chrome_1752427125192 - << {"id":36,"result":{},"sessionId":"CCC182C4452EA8875F99DF403A5D481C"}
00:18:47.748 [main] DEBUG c.i.k.driver.chrome_1752427125192 - >> {"id":37,"sessionId":"CCC182C4452EA8875F99DF403A5D481C","method":"Input.dispatchKeyEvent","params":{"modifiers":0,"type":"char","text":"u","windowsVirtualKeyCode":117}}
00:18:47.754 [nioEventLoopGroup-4-1] DEBUG c.i.k.driver.chrome_1752427125192 - << {"id":37,"result":{},"sessionId":"CCC182C4452EA8875F99DF403A5D481C"}
00:18:47.758 [main] DEBUG c.i.k.driver.chrome_1752427125192 - >> {"id":38,"sessionId":"CCC182C4452EA8875F99DF403A5D481C","method":"Input.dispatchKeyEvent","params":{"modifiers":0,"type":"keyUp","text":"u","windowsVirtualKeyCode":117}}
00:18:47.762 [nioEventLoopGroup-4-1] DEBUG c.i.k.driver.chrome_1752427125192 - << {"id":38,"result":{},"sessionId":"CCC182C4452EA8875F99DF403A5D481C"}
00:18:47.763 [main] DEBUG c.i.k.driver.chrome_1752427125192 - >> {"id":39,"sessionId":"CCC182C4452EA8875F99DF403A5D481C","method":"Input.dispatchKeyEvent","params":{"modifiers":0,"type":"rawKeyDown","text":"s","windowsVirtualKeyCode":115}}
00:18:47.778 [nioEventLoopGroup-4-1] DEBUG c.i.k.driver.chrome_1752427125192 - << {"id":39,"result":{},"sessionId":"CCC182C4452EA8875F99DF403A5D481C"}
00:18:47.780 [main] DEBUG c.i.k.driver.chrome_1752427125192 - >> {"id":40,"sessionId":"CCC182C4452EA8875F99DF403A5D481C","method":"Input.dispatchKeyEvent","params":{"modifiers":0,"type":"char","text":"s","windowsVirtualKeyCode":115}}
00:18:47.801 [nioEventLoopGroup-4-1] DEBUG c.i.k.driver.chrome_1752427125192 - << {"id":40,"result":{},"sessionId":"CCC182C4452EA8875F99DF403A5D481C"}
00:18:47.807 [main] DEBUG c.i.k.driver.chrome_1752427125192 - >> {"id":41,"sessionId":"CCC182C4452EA8875F99DF403A5D481C","method":"Input.dispatchKeyEvent","params":{"modifiers":0,"type":"keyUp","text":"s","windowsVirtualKeyCode":115}}
00:18:47.810 [nioEventLoopGroup-4-1] DEBUG c.i.k.driver.chrome_1752427125192 - << {"id":41,"result":{},"sessionId":"CCC182C4452EA8875F99DF403A5D481C"}
00:18:47.811 [main] DEBUG c.i.k.driver.chrome_1752427125192 - >> {"id":42,"sessionId":"CCC182C4452EA8875F99DF403A5D481C","method":"Input.dispatchKeyEvent","params":{"modifiers":0,"type":"rawKeyDown","text":"e","windowsVirtualKeyCode":101}}
00:18:47.815 [nioEventLoopGroup-4-1] DEBUG c.i.k.driver.chrome_1752427125192 - << {"id":42,"result":{},"sessionId":"CCC182C4452EA8875F99DF403A5D481C"}
00:18:47.817 [main] DEBUG c.i.k.driver.chrome_1752427125192 - >> {"id":43,"sessionId":"CCC182C4452EA8875F99DF403A5D481C","method":"Input.dispatchKeyEvent","params":{"modifiers":0,"type":"char","text":"e","windowsVirtualKeyCode":101}}
00:18:47.825 [nioEventLoopGroup-4-1] DEBUG c.i.k.driver.chrome_1752427125192 - << {"id":43,"result":{},"sessionId":"CCC182C4452EA8875F99DF403A5D481C"}
00:18:47.827 [main] DEBUG c.i.k.driver.chrome_1752427125192 - >> {"id":44,"sessionId":"CCC182C4452EA8875F99DF403A5D481C","method":"Input.dispatchKeyEvent","params":{"modifiers":0,"type":"keyUp","text":"e","windowsVirtualKeyCode":101}}
00:18:47.830 [nioEventLoopGroup-4-1] DEBUG c.i.k.driver.chrome_1752427125192 - << {"id":44,"result":{},"sessionId":"CCC182C4452EA8875F99DF403A5D481C"}
00:18:47.831 [main] DEBUG c.i.k.driver.chrome_1752427125192 - >> {"id":45,"sessionId":"CCC182C4452EA8875F99DF403A5D481C","method":"Input.dispatchKeyEvent","params":{"modifiers":0,"type":"rawKeyDown","text":"r","windowsVirtualKeyCode":114}}
00:18:47.834 [nioEventLoopGroup-4-1] DEBUG c.i.k.driver.chrome_1752427125192 - << {"id":45,"result":{},"sessionId":"CCC182C4452EA8875F99DF403A5D481C"}
00:18:47.836 [main] DEBUG c.i.k.driver.chrome_1752427125192 - >> {"id":46,"sessionId":"CCC182C4452EA8875F99DF403A5D481C","method":"Input.dispatchKeyEvent","params":{"modifiers":0,"type":"char","text":"r","windowsVirtualKeyCode":114}}
00:18:47.841 [nioEventLoopGroup-4-1] DEBUG c.i.k.driver.chrome_1752427125192 - << {"id":46,"result":{},"sessionId":"CCC182C4452EA8875F99DF403A5D481C"}
00:18:47.842 [main] DEBUG c.i.k.driver.chrome_1752427125192 - >> {"id":47,"sessionId":"CCC182C4452EA8875F99DF403A5D481C","method":"Input.dispatchKeyEvent","params":{"modifiers":0,"type":"keyUp","text":"r","windowsVirtualKeyCode":114}}
00:18:47.846 [nioEventLoopGroup-4-1] DEBUG c.i.k.driver.chrome_1752427125192 - << {"id":47,"result":{},"sessionId":"CCC182C4452EA8875F99DF403A5D481C"}
00:18:47.847 [nioEventLoopGroup-4-1] DEBUG c.i.k.driver.chrome_1752427125192 - << {"method":"Target.targetCreated","params":{"targetInfo":{"targetId":"FB588610A18922AB73986941B40554B3","type":"service_worker","title":"Service Worker chrome-extension://fignfifoniblkonapihmkfakmlgkbkcf/service_worker.js","url":"chrome-extension://fignfifoniblkonapihmkfakmlgkbkcf/service_worker.js","attached":false,"canAccessOpener":false,"browserContextId":"5BCECCC468537B256459B195D009FFB9"}},"sessionId":"CCC182C4452EA8875F99DF403A5D481C"}
00:18:47.854 [main] DEBUG c.i.k.driver.chrome_1752427125192 - >> {"id":48,"sessionId":"CCC182C4452EA8875F99DF403A5D481C","method":"Runtime.evaluate","params":{"expression":"var e = document.evaluate(\"\/\/*[@id='password']\", document, null, 9, null).singleNodeValue; e.focus(); try { e.selectionStart = e.selectionEnd = e.value.length } catch(x) {}","returnByValue":true}}
00:18:47.859 [nioEventLoopGroup-4-1] DEBUG c.i.k.driver.chrome_1752427125192 - << {"id":48,"result":{"result":{"type":"number","value":0,"description":"0"}},"sessionId":"CCC182C4452EA8875F99DF403A5D481C"}
00:18:47.860 [main] DEBUG c.i.k.driver.chrome_1752427125192 - >> {"id":49,"sessionId":"CCC182C4452EA8875F99DF403A5D481C","method":"Input.dispatchKeyEvent","params":{"modifiers":0,"type":"rawKeyDown","text":"s","windowsVirtualKeyCode":115}}
00:18:47.863 [nioEventLoopGroup-4-1] DEBUG c.i.k.driver.chrome_1752427125192 - << {"id":49,"result":{},"sessionId":"CCC182C4452EA8875F99DF403A5D481C"}
00:18:47.864 [main] DEBUG c.i.k.driver.chrome_1752427125192 - >> {"id":50,"sessionId":"CCC182C4452EA8875F99DF403A5D481C","method":"Input.dispatchKeyEvent","params":{"modifiers":0,"type":"char","text":"s","windowsVirtualKeyCode":115}}
00:18:47.872 [nioEventLoopGroup-4-1] DEBUG c.i.k.driver.chrome_1752427125192 - << {"id":50,"result":{},"sessionId":"CCC182C4452EA8875F99DF403A5D481C"}
00:18:47.876 [main] DEBUG c.i.k.driver.chrome_1752427125192 - >> {"id":51,"sessionId":"CCC182C4452EA8875F99DF403A5D481C","method":"Input.dispatchKeyEvent","params":{"modifiers":0,"type":"keyUp","text":"s","windowsVirtualKeyCode":115}}
00:18:47.885 [nioEventLoopGroup-4-1] DEBUG c.i.k.driver.chrome_1752427125192 - << {"method":"Target.targetCreated","params":{"targetInfo":{"targetId":"D6C438A70040E3FC35FF94FB7A2925E0","type":"service_worker","title":"Service Worker https://www.saucedemo.com/service-worker.js","url":"https://www.saucedemo.com/service-worker.js","attached":false,"canAccessOpener":false,"browserContextId":"2FD3DA8B2FB2A3F53021C92AC19AF173"}},"sessionId":"CCC182C4452EA8875F99DF403A5D481C"}
00:18:47.891 [nioEventLoopGroup-4-1] DEBUG c.i.k.driver.chrome_1752427125192 - << {"method":"Page.loadEventFired","params":{"timestamp":35070.530009},"sessionId":"CCC182C4452EA8875F99DF403A5D481C"}
00:18:47.893 [nioEventLoopGroup-4-1] DEBUG c.i.k.driver.chrome_1752427125192 - << {"method":"Page.frameStoppedLoading","params":{"frameId":"C6C43042D3DB969314C6E36C45DD4395"},"sessionId":"CCC182C4452EA8875F99DF403A5D481C"}
00:18:47.894 [nioEventLoopGroup-4-1] DEBUG c.i.k.driver.chrome_1752427125192 - << {"id":51,"result":{},"sessionId":"CCC182C4452EA8875F99DF403A5D481C"}
00:18:47.895 [main] DEBUG c.i.k.driver.chrome_1752427125192 - >> {"id":52,"sessionId":"CCC182C4452EA8875F99DF403A5D481C","method":"Input.dispatchKeyEvent","params":{"modifiers":0,"type":"rawKeyDown","text":"e","windowsVirtualKeyCode":101}}
00:18:47.898 [nioEventLoopGroup-4-1] DEBUG c.i.k.driver.chrome_1752427125192 - << {"id":52,"result":{},"sessionId":"CCC182C4452EA8875F99DF403A5D481C"}
00:18:47.899 [main] DEBUG c.i.k.driver.chrome_1752427125192 - >> {"id":53,"sessionId":"CCC182C4452EA8875F99DF403A5D481C","method":"Input.dispatchKeyEvent","params":{"modifiers":0,"type":"char","text":"e","windowsVirtualKeyCode":101}}
00:18:47.906 [nioEventLoopGroup-4-1] DEBUG c.i.k.driver.chrome_1752427125192 - << {"id":53,"result":{},"sessionId":"CCC182C4452EA8875F99DF403A5D481C"}
00:18:47.907 [main] DEBUG c.i.k.driver.chrome_1752427125192 - >> {"id":54,"sessionId":"CCC182C4452EA8875F99DF403A5D481C","method":"Input.dispatchKeyEvent","params":{"modifiers":0,"type":"keyUp","text":"e","windowsVirtualKeyCode":101}}
00:18:47.910 [nioEventLoopGroup-4-1] DEBUG c.i.k.driver.chrome_1752427125192 - << {"id":54,"result":{},"sessionId":"CCC182C4452EA8875F99DF403A5D481C"}
00:18:47.911 [main] DEBUG c.i.k.driver.chrome_1752427125192 - >> {"id":55,"sessionId":"CCC182C4452EA8875F99DF403A5D481C","method":"Input.dispatchKeyEvent","params":{"modifiers":0,"type":"rawKeyDown","text":"c","windowsVirtualKeyCode":99}}
00:18:47.913 [nioEventLoopGroup-4-1] DEBUG c.i.k.driver.chrome_1752427125192 - << {"id":55,"result":{},"sessionId":"CCC182C4452EA8875F99DF403A5D481C"}
00:18:47.914 [main] DEBUG c.i.k.driver.chrome_1752427125192 - >> {"id":56,"sessionId":"CCC182C4452EA8875F99DF403A5D481C","method":"Input.dispatchKeyEvent","params":{"modifiers":0,"type":"char","text":"c","windowsVirtualKeyCode":99}}
00:18:47.921 [nioEventLoopGroup-4-1] DEBUG c.i.k.driver.chrome_1752427125192 - << {"id":56,"result":{},"sessionId":"CCC182C4452EA8875F99DF403A5D481C"}
00:18:47.922 [main] DEBUG c.i.k.driver.chrome_1752427125192 - >> {"id":57,"sessionId":"CCC182C4452EA8875F99DF403A5D481C","method":"Input.dispatchKeyEvent","params":{"modifiers":0,"type":"keyUp","text":"c","windowsVirtualKeyCode":99}}
00:18:47.925 [nioEventLoopGroup-4-1] DEBUG c.i.k.driver.chrome_1752427125192 - << {"id":57,"result":{},"sessionId":"CCC182C4452EA8875F99DF403A5D481C"}
00:18:47.926 [main] DEBUG c.i.k.driver.chrome_1752427125192 - >> {"id":58,"sessionId":"CCC182C4452EA8875F99DF403A5D481C","method":"Input.dispatchKeyEvent","params":{"modifiers":0,"type":"rawKeyDown","text":"r","windowsVirtualKeyCode":114}}
00:18:47.929 [nioEventLoopGroup-4-1] DEBUG c.i.k.driver.chrome_1752427125192 - << {"id":58,"result":{},"sessionId":"CCC182C4452EA8875F99DF403A5D481C"}
00:18:47.930 [main] DEBUG c.i.k.driver.chrome_1752427125192 - >> {"id":59,"sessionId":"CCC182C4452EA8875F99DF403A5D481C","method":"Input.dispatchKeyEvent","params":{"modifiers":0,"type":"char","text":"r","windowsVirtualKeyCode":114}}
00:18:47.936 [nioEventLoopGroup-4-1] DEBUG c.i.k.driver.chrome_1752427125192 - << {"id":59,"result":{},"sessionId":"CCC182C4452EA8875F99DF403A5D481C"}
00:18:47.940 [main] DEBUG c.i.k.driver.chrome_1752427125192 - >> {"id":60,"sessionId":"CCC182C4452EA8875F99DF403A5D481C","method":"Input.dispatchKeyEvent","params":{"modifiers":0,"type":"keyUp","text":"r","windowsVirtualKeyCode":114}}
00:18:47.943 [nioEventLoopGroup-4-1] DEBUG c.i.k.driver.chrome_1752427125192 - << {"id":60,"result":{},"sessionId":"CCC182C4452EA8875F99DF403A5D481C"}
00:18:47.943 [main] DEBUG c.i.k.driver.chrome_1752427125192 - >> {"id":61,"sessionId":"CCC182C4452EA8875F99DF403A5D481C","method":"Input.dispatchKeyEvent","params":{"modifiers":0,"type":"rawKeyDown","text":"e","windowsVirtualKeyCode":101}}
00:18:47.946 [nioEventLoopGroup-4-1] DEBUG c.i.k.driver.chrome_1752427125192 - << {"id":61,"result":{},"sessionId":"CCC182C4452EA8875F99DF403A5D481C"}
00:18:47.947 [main] DEBUG c.i.k.driver.chrome_1752427125192 - >> {"id":62,"sessionId":"CCC182C4452EA8875F99DF403A5D481C","method":"Input.dispatchKeyEvent","params":{"modifiers":0,"type":"char","text":"e","windowsVirtualKeyCode":101}}
00:18:47.952 [nioEventLoopGroup-4-1] DEBUG c.i.k.driver.chrome_1752427125192 - << {"id":62,"result":{},"sessionId":"CCC182C4452EA8875F99DF403A5D481C"}
00:18:47.954 [main] DEBUG c.i.k.driver.chrome_1752427125192 - >> {"id":63,"sessionId":"CCC182C4452EA8875F99DF403A5D481C","method":"Input.dispatchKeyEvent","params":{"modifiers":0,"type":"keyUp","text":"e","windowsVirtualKeyCode":101}}
00:18:47.958 [nioEventLoopGroup-4-1] DEBUG c.i.k.driver.chrome_1752427125192 - << {"id":63,"result":{},"sessionId":"CCC182C4452EA8875F99DF403A5D481C"}
00:18:47.959 [main] DEBUG c.i.k.driver.chrome_1752427125192 - >> {"id":64,"sessionId":"CCC182C4452EA8875F99DF403A5D481C","method":"Input.dispatchKeyEvent","params":{"modifiers":0,"type":"rawKeyDown","text":"t","windowsVirtualKeyCode":116}}
00:18:47.962 [nioEventLoopGroup-4-1] DEBUG c.i.k.driver.chrome_1752427125192 - << {"id":64,"result":{},"sessionId":"CCC182C4452EA8875F99DF403A5D481C"}
00:18:47.963 [main] DEBUG c.i.k.driver.chrome_1752427125192 - >> {"id":65,"sessionId":"CCC182C4452EA8875F99DF403A5D481C","method":"Input.dispatchKeyEvent","params":{"modifiers":0,"type":"char","text":"t","windowsVirtualKeyCode":116}}
00:18:47.968 [nioEventLoopGroup-4-1] DEBUG c.i.k.driver.chrome_1752427125192 - << {"id":65,"result":{},"sessionId":"CCC182C4452EA8875F99DF403A5D481C"}
00:18:47.973 [main] DEBUG c.i.k.driver.chrome_1752427125192 - >> {"id":66,"sessionId":"CCC182C4452EA8875F99DF403A5D481C","method":"Input.dispatchKeyEvent","params":{"modifiers":0,"type":"keyUp","text":"t","windowsVirtualKeyCode":116}}
00:18:47.977 [nioEventLoopGroup-4-1] DEBUG c.i.k.driver.chrome_1752427125192 - << {"id":66,"result":{},"sessionId":"CCC182C4452EA8875F99DF403A5D481C"}
00:18:47.978 [main] DEBUG c.i.k.driver.chrome_1752427125192 - >> {"id":67,"sessionId":"CCC182C4452EA8875F99DF403A5D481C","method":"Input.dispatchKeyEvent","params":{"modifiers":0,"type":"rawKeyDown","text":"_","windowsVirtualKeyCode":523}}
00:18:47.981 [nioEventLoopGroup-4-1] DEBUG c.i.k.driver.chrome_1752427125192 - << {"id":67,"result":{},"sessionId":"CCC182C4452EA8875F99DF403A5D481C"}
00:18:47.981 [main] DEBUG c.i.k.driver.chrome_1752427125192 - >> {"id":68,"sessionId":"CCC182C4452EA8875F99DF403A5D481C","method":"Input.dispatchKeyEvent","params":{"modifiers":0,"type":"char","text":"_","windowsVirtualKeyCode":523}}
00:18:47.988 [nioEventLoopGroup-4-1] DEBUG c.i.k.driver.chrome_1752427125192 - << {"id":68,"result":{},"sessionId":"CCC182C4452EA8875F99DF403A5D481C"}
00:18:47.990 [main] DEBUG c.i.k.driver.chrome_1752427125192 - >> {"id":69,"sessionId":"CCC182C4452EA8875F99DF403A5D481C","method":"Input.dispatchKeyEvent","params":{"modifiers":0,"type":"keyUp","text":"_","windowsVirtualKeyCode":523}}
00:18:47.994 [nioEventLoopGroup-4-1] DEBUG c.i.k.driver.chrome_1752427125192 - << {"id":69,"result":{},"sessionId":"CCC182C4452EA8875F99DF403A5D481C"}
00:18:47.995 [main] DEBUG c.i.k.driver.chrome_1752427125192 - >> {"id":70,"sessionId":"CCC182C4452EA8875F99DF403A5D481C","method":"Input.dispatchKeyEvent","params":{"modifiers":0,"type":"rawKeyDown","text":"s","windowsVirtualKeyCode":115}}
00:18:47.998 [nioEventLoopGroup-4-1] DEBUG c.i.k.driver.chrome_1752427125192 - << {"id":70,"result":{},"sessionId":"CCC182C4452EA8875F99DF403A5D481C"}
00:18:47.999 [main] DEBUG c.i.k.driver.chrome_1752427125192 - >> {"id":71,"sessionId":"CCC182C4452EA8875F99DF403A5D481C","method":"Input.dispatchKeyEvent","params":{"modifiers":0,"type":"char","text":"s","windowsVirtualKeyCode":115}}
00:18:48.020 [nioEventLoopGroup-4-1] DEBUG c.i.k.driver.chrome_1752427125192 - << {"id":71,"result":{},"sessionId":"CCC182C4452EA8875F99DF403A5D481C"}
00:18:48.021 [main] DEBUG c.i.k.driver.chrome_1752427125192 - >> {"id":72,"sessionId":"CCC182C4452EA8875F99DF403A5D481C","method":"Input.dispatchKeyEvent","params":{"modifiers":0,"type":"keyUp","text":"s","windowsVirtualKeyCode":115}}
00:18:48.032 [nioEventLoopGroup-4-1] DEBUG c.i.k.driver.chrome_1752427125192 - << {"id":72,"result":{},"sessionId":"CCC182C4452EA8875F99DF403A5D481C"}
00:18:48.033 [main] DEBUG c.i.k.driver.chrome_1752427125192 - >> {"id":73,"sessionId":"CCC182C4452EA8875F99DF403A5D481C","method":"Input.dispatchKeyEvent","params":{"modifiers":0,"type":"rawKeyDown","text":"a","windowsVirtualKeyCode":97}}
00:18:48.059 [nioEventLoopGroup-4-1] DEBUG c.i.k.driver.chrome_1752427125192 - << {"id":73,"result":{},"sessionId":"CCC182C4452EA8875F99DF403A5D481C"}
00:18:48.061 [main] DEBUG c.i.k.driver.chrome_1752427125192 - >> {"id":74,"sessionId":"CCC182C4452EA8875F99DF403A5D481C","method":"Input.dispatchKeyEvent","params":{"modifiers":0,"type":"char","text":"a","windowsVirtualKeyCode":97}}
00:18:48.082 [nioEventLoopGroup-4-1] DEBUG c.i.k.driver.chrome_1752427125192 - << {"id":74,"result":{},"sessionId":"CCC182C4452EA8875F99DF403A5D481C"}
00:18:48.084 [main] DEBUG c.i.k.driver.chrome_1752427125192 - >> {"id":75,"sessionId":"CCC182C4452EA8875F99DF403A5D481C","method":"Input.dispatchKeyEvent","params":{"modifiers":0,"type":"keyUp","text":"a","windowsVirtualKeyCode":97}}
00:18:48.087 [nioEventLoopGroup-4-1] DEBUG c.i.k.driver.chrome_1752427125192 - << {"id":75,"result":{},"sessionId":"CCC182C4452EA8875F99DF403A5D481C"}
00:18:48.088 [main] DEBUG c.i.k.driver.chrome_1752427125192 - >> {"id":76,"sessionId":"CCC182C4452EA8875F99DF403A5D481C","method":"Input.dispatchKeyEvent","params":{"modifiers":0,"type":"rawKeyDown","text":"u","windowsVirtualKeyCode":117}}
00:18:48.091 [nioEventLoopGroup-4-1] DEBUG c.i.k.driver.chrome_1752427125192 - << {"id":76,"result":{},"sessionId":"CCC182C4452EA8875F99DF403A5D481C"}
00:18:48.092 [main] DEBUG c.i.k.driver.chrome_1752427125192 - >> {"id":77,"sessionId":"CCC182C4452EA8875F99DF403A5D481C","method":"Input.dispatchKeyEvent","params":{"modifiers":0,"type":"char","text":"u","windowsVirtualKeyCode":117}}
00:18:48.120 [nioEventLoopGroup-4-1] DEBUG c.i.k.driver.chrome_1752427125192 - << {"id":77,"result":{},"sessionId":"CCC182C4452EA8875F99DF403A5D481C"}
00:18:48.121 [main] DEBUG c.i.k.driver.chrome_1752427125192 - >> {"id":78,"sessionId":"CCC182C4452EA8875F99DF403A5D481C","method":"Input.dispatchKeyEvent","params":{"modifiers":0,"type":"keyUp","text":"u","windowsVirtualKeyCode":117}}
00:18:48.192 [nioEventLoopGroup-4-1] DEBUG c.i.k.driver.chrome_1752427125192 - << {"id":78,"result":{},"sessionId":"CCC182C4452EA8875F99DF403A5D481C"}
00:18:48.192 [main] DEBUG c.i.k.driver.chrome_1752427125192 - >> {"id":79,"sessionId":"CCC182C4452EA8875F99DF403A5D481C","method":"Input.dispatchKeyEvent","params":{"modifiers":0,"type":"rawKeyDown","text":"c","windowsVirtualKeyCode":99}}
00:18:48.196 [nioEventLoopGroup-4-1] DEBUG c.i.k.driver.chrome_1752427125192 - << {"id":79,"result":{},"sessionId":"CCC182C4452EA8875F99DF403A5D481C"}
00:18:48.197 [main] DEBUG c.i.k.driver.chrome_1752427125192 - >> {"id":80,"sessionId":"CCC182C4452EA8875F99DF403A5D481C","method":"Input.dispatchKeyEvent","params":{"modifiers":0,"type":"char","text":"c","windowsVirtualKeyCode":99}}
00:18:48.217 [nioEventLoopGroup-4-1] DEBUG c.i.k.driver.chrome_1752427125192 - << {"id":80,"result":{},"sessionId":"CCC182C4452EA8875F99DF403A5D481C"}
00:18:48.219 [main] DEBUG c.i.k.driver.chrome_1752427125192 - >> {"id":81,"sessionId":"CCC182C4452EA8875F99DF403A5D481C","method":"Input.dispatchKeyEvent","params":{"modifiers":0,"type":"keyUp","text":"c","windowsVirtualKeyCode":99}}
00:18:48.226 [nioEventLoopGroup-4-1] DEBUG c.i.k.driver.chrome_1752427125192 - << {"id":81,"result":{},"sessionId":"CCC182C4452EA8875F99DF403A5D481C"}
00:18:48.227 [main] DEBUG c.i.k.driver.chrome_1752427125192 - >> {"id":82,"sessionId":"CCC182C4452EA8875F99DF403A5D481C","method":"Input.dispatchKeyEvent","params":{"modifiers":0,"type":"rawKeyDown","text":"e","windowsVirtualKeyCode":101}}
00:18:48.230 [nioEventLoopGroup-4-1] DEBUG c.i.k.driver.chrome_1752427125192 - << {"id":82,"result":{},"sessionId":"CCC182C4452EA8875F99DF403A5D481C"}
00:18:48.231 [main] DEBUG c.i.k.driver.chrome_1752427125192 - >> {"id":83,"sessionId":"CCC182C4452EA8875F99DF403A5D481C","method":"Input.dispatchKeyEvent","params":{"modifiers":0,"type":"char","text":"e","windowsVirtualKeyCode":101}}
00:18:48.241 [nioEventLoopGroup-4-1] DEBUG c.i.k.driver.chrome_1752427125192 - << {"id":83,"result":{},"sessionId":"CCC182C4452EA8875F99DF403A5D481C"}
00:18:48.243 [main] DEBUG c.i.k.driver.chrome_1752427125192 - >> {"id":84,"sessionId":"CCC182C4452EA8875F99DF403A5D481C","method":"Input.dispatchKeyEvent","params":{"modifiers":0,"type":"keyUp","text":"e","windowsVirtualKeyCode":101}}
00:18:48.246 [nioEventLoopGroup-4-1] DEBUG c.i.k.driver.chrome_1752427125192 - << {"id":84,"result":{},"sessionId":"CCC182C4452EA8875F99DF403A5D481C"}
00:18:48.249 [main] DEBUG c.i.k.driver.chrome_1752427125192 - >> {"id":85,"sessionId":"CCC182C4452EA8875F99DF403A5D481C","method":"Runtime.evaluate","params":{"expression":"document.evaluate(\"\/\/*[@id='login-button']\", document, null, 9, null).singleNodeValue.click()","returnByValue":true}}
00:18:48.264 [nioEventLoopGroup-4-1] DEBUG c.i.k.driver.chrome_1752427125192 - << {"method":"Page.frameStartedLoading","params":{"frameId":"C6C43042D3DB969314C6E36C45DD4395"},"sessionId":"CCC182C4452EA8875F99DF403A5D481C"}
00:18:48.274 [nioEventLoopGroup-4-1] DEBUG c.i.k.driver.chrome_1752427125192 - << {"method":"Target.targetInfoChanged","params":{"targetInfo":{"targetId":"C6C43042D3DB969314C6E36C45DD4395","type":"page","title":"Swag Labs","url":"https://www.saucedemo.com/inventory.html","attached":true,"canAccessOpener":false,"browserContextId":"2FD3DA8B2FB2A3F53021C92AC19AF173"}},"sessionId":"CCC182C4452EA8875F99DF403A5D481C"}
00:18:48.276 [nioEventLoopGroup-4-1] DEBUG c.i.k.driver.chrome_1752427125192 - << {"method":"Page.navigatedWithinDocument","params":{"frameId":"C6C43042D3DB969314C6E36C45DD4395","url":"https://www.saucedemo.com/inventory.html","navigationType":"historyApi"},"sessionId":"CCC182C4452EA8875F99DF403A5D481C"}
00:18:48.277 [nioEventLoopGroup-4-1] DEBUG c.i.k.driver.chrome_1752427125192 - << {"method":"Page.frameStoppedLoading","params":{"frameId":"C6C43042D3DB969314C6E36C45DD4395"},"sessionId":"CCC182C4452EA8875F99DF403A5D481C"}
00:18:48.307 [nioEventLoopGroup-4-1] DEBUG c.i.k.driver.chrome_1752427125192 - << {"id":85,"result":{"result":{"type":"undefined"}},"sessionId":"CCC182C4452EA8875F99DF403A5D481C"}
00:18:48.329 [main] DEBUG c.i.k.driver.chrome_1752427125192 - >> {"id":86,"sessionId":"CCC182C4452EA8875F99DF403A5D481C","method":"Runtime.evaluate","params":{"expression":"document.location.href","returnByValue":true}}
00:18:48.407 [nioEventLoopGroup-4-1] DEBUG c.i.k.driver.chrome_1752427125192 - << {"id":86,"result":{"result":{"type":"string","value":"https://www.saucedemo.com/inventory.html"}},"sessionId":"CCC182C4452EA8875F99DF403A5D481C"}
00:18:48.414 [main] INFO  c.intuit.karate.core.FeatureRuntime - classpath:UI/HomePageUI/HomePage.feature - call by tag at line 7: action_sortProducts
00:18:48.443 [main] DEBUG c.intuit.karate.core.ScenarioEngine - over-writing existing variable 'homePage' with new value: read('classpath:UI/HomePageUI/saucedemo-HomePage.json')
00:18:48.447 [main] DEBUG c.i.k.driver.chrome_1752427125192 - >> {"id":87,"sessionId":"CCC182C4452EA8875F99DF403A5D481C","method":"Runtime.evaluate","params":{"expression":"(document.querySelector(\".product_sort_container\") != null)","returnByValue":true}}
00:18:48.450 [nioEventLoopGroup-4-1] DEBUG c.i.k.driver.chrome_1752427125192 - << {"id":87,"result":{"result":{"type":"boolean","value":true}},"sessionId":"CCC182C4452EA8875F99DF403A5D481C"}
00:18:48.453 [main] DEBUG c.i.k.driver.chrome_1752427125192 - >> {"id":88,"sessionId":"CCC182C4452EA8875F99DF403A5D481C","method":"Runtime.evaluate","params":{"expression":"(function(){ var fun = e => { e.value = 'za'; e.dispatchEvent(new Event('change', { bubbles: true })) }; var e = document.querySelector(\".product_sort_container\"); return fun(e) })()","returnByValue":true}}
00:18:48.487 [nioEventLoopGroup-4-1] DEBUG c.i.k.driver.chrome_1752427125192 - << {"id":88,"result":{"result":{"type":"undefined"}},"sessionId":"CCC182C4452EA8875F99DF403A5D481C"}
00:18:48.510 [main] DEBUG c.i.k.driver.chrome_1752427125192 - >> {"id":89,"sessionId":"CCC182C4452EA8875F99DF403A5D481C","method":"Runtime.evaluate","params":{"expression":"(function(){ var res = []; var fun = e => e.innerText; var es = document.querySelectorAll(\".inventory_item_name\"); es.forEach(function(e){ res.push(fun(e)) }); return res })()","returnByValue":true}}
00:18:48.524 [nioEventLoopGroup-4-1] DEBUG c.i.k.driver.chrome_1752427125192 - << {"id":89,"result":{"result":{"type":"object","value":["Test.allTheThings() T-Shirt (Red)","Sauce Labs Onesie","Sauce Labs Fleece Jacket","Sauce Labs Bolt T-Shirt","Sauce Labs Bike Light","Sauce Labs Backpack"]}},"sessionId":"CCC182C4452EA8875F99DF403A5D481C"}
>>>>>>>>>>>>>>>>>>>>>>>>>>>>>>>>>>>>>>>>>>>>>>>>>>>>>>>>>>>>>>>>>>>>>>>>
00:18:48.545 [main] INFO  com.intuit.karate - [print] UI List: [
  "Test.allTheThings() T-Shirt (Red)",
  "Sauce Labs Onesie",
  "Sauce Labs Fleece Jacket",
  "Sauce Labs Bolt T-Shirt",
  "Sauce Labs Bike Light",
  "Sauce Labs Backpack"
]
 
>>>>>>>>>>>>>>>>>>>>>>>>>>>>>>>>>>>>>>>>>>>>>>>>>>>>>>>>>>>>>>>>>>>>>>>>
>>>>>>>>>>>>>>>>>>>>>>>>>>>>>>>>>>>>>>>>>>>>>>>>>>>>>>>>>>>>>>>>>>>>>>>>
>>>>>>>>>>>>>>>>>>>>>>>>>>>>>>>>>>>>>>>>>>>>>>>>>>>>>>>>>>>>>>>>>>>>>>>>
00:18:48.656 [main] INFO  com.intuit.karate - [print] Expected List: [
  "Test.allTheThings() T-Shirt (Red)",
  "Sauce Labs Onesie",
  "Sauce Labs Fleece Jacket",
  "Sauce Labs Bolt T-Shirt",
  "Sauce Labs Bike Light",
  "Sauce Labs Backpack"
]
 
>>>>>>>>>>>>>>>>>>>>>>>>>>>>>>>>>>>>>>>>>>>>>>>>>>>>>>>>>>>>>>>>>>>>>>>>
00:18:48.666 [main] ERROR com.intuit.karate - classpath:UI/HomePageUI/Home.feature:53
And match uiProductNames == expectedSortedNames
match failed: EQUALS
  $ | not equal | actual array length is not equal to expected - 0:6 (LIST:LIST)
  []
  ["Test.allTheThings() T-Shirt (Red)","Sauce Labs Onesie","Sauce Labs Fleece Jacket","Sauce Labs Bolt T-Shirt","Sauce Labs Bike Light","Sauce Labs Backpack"]


classpath:UI/HomePageUI/Home.feature:53
00:18:48.666 [main] DEBUG c.i.k.driver.chrome_1752427125192 - >> {"id":90,"sessionId":"CCC182C4452EA8875F99DF403A5D481C","method":"Page.captureScreenshot"}
00:18:49.051 [nioEventLoopGroup-4-1] DEBUG c.i.k.driver.chrome_1752427125192 - << {"id":90,"result":{"data":"iVBORw0KGgoAAAANSUhEUgAAA6EAAAPFCAIAAAAbXHkxAAAAAXNSR0IArs4c6QAAIABJREFUeJzs3X14FEW+N/xfVfdMT94mEJIAJoCHJLcnQRRQNyC3YQWigigCe1DikRV8FDi3gs8KcX0AvVbC2RVkb4meA+geQV0JsAKigLsEUOJByC6a6ELYPQRWIOElCYFMXmZ6urvq+WMSmLwAE8gbw/dz5fJKeqq7q7sm8k1NVTWTUhIAAAAAQNc2cODAwAvz9qwJAAAAAEAnQMYFAAAAgGCDjAsAAAAAwQYZFwAAAACCDTIuAAAAAAQbZFwAAAAAuFG99NJLLW5HxgUAAACAG5Iv4LYYc5FxAQAAAODG4x9tm8dcZFwAAAAAuME0D7VNtiDjAgAAAMCN5HJjcP23MzzLFwAAAAC6PjzLFwAAAABuasi4AAAAABBskHEBAAAAINgg4wIAAABAsFE7uwIAAAAA0MmefO7Z6poaIrpjwICs+Qs6uzptAOsqAAAAANzsEoYMrnK5fN/v/eKPtyUldXaNWtCqdRWQcQEAAABudvnfHjAM8+333t21Z0+fuLg+cXGB72uz2VYs+21sdHR7VpCaZ9z77rvvtttui4yMrKqq+vvf//7111/7v4qMCwBdmX4ib+2i7JXbCyt0IqKI2EFpmfOznh7s7OyKXbsTq8cNWXw4cf6e/dPi2+ygJauH/jSrOHnBd59P69tmBwWAm873Bw+Oemz8Nez48bvvPThyZDvUqBH/jPv444/Hxzf6v2hJScn69esv/og5ZwDQZbl2ZaYNmZ61uT7gElF1WeG2uf8yOCVzT1Un1w0AIAjdefvt9993X2v3Srj11g4IuP7uu+++JgGXiOLj4+/zqzwyLgB0UZ7czMc3VRD1f2LFjpLioxXFRyuKi/a9ke4kKts0/flcPYBjAABA6/zi3/5Pa3d57eVftk9dLuu222676vbrXVfhvQ8/qDx/oVW7xERHT3/yyes8L ...
00:18:49.051 [nioEventLoopGroup-4-1] DEBUG c.i.k.driver.chrome_1752427125192 - << {"method":"Runtime.consoleAPICalled","params":{"type":"log","args":[{"type":"string","value":"Content is cached for offline use."}],"executionContextId":1,"timestamp":1.752427129039173e+12,"stackTrace":{"callFrames":[{"functionName":"console.<computed>","scriptId":"6","url":"https://www.saucedemo.com/static/js/2.84a5cbf3.chunk.js","lineNumber":1,"columnNumber":123015},{"functionName":"a.onstatechange","scriptId":"7","url":"https://www.saucedemo.com/static/js/main.018d2d1e.chunk.js","lineNumber":0,"columnNumber":58496}]}},"sessionId":"CCC182C4452EA8875F99DF403A5D481C"}
00:18:49.052 [nioEventLoopGroup-4-1] DEBUG c.i.k.driver.chrome_1752427125192 - [console] Content is cached for offline use.
00:18:49.079 [main] DEBUG c.i.k.driver.chrome_1752427125192 - >> {"id":91,"sessionId":"CCC182C4452EA8875F99DF403A5D481C","method":"Target.closeTarget","params":{"targetId":"C6C43042D3DB969314C6E36C45DD4395"}}
00:18:49.080 [nioEventLoopGroup-4-1] DEBUG c.i.k.http.WebSocketClientHandler - websocket closing
00:18:49.081 [nioEventLoopGroup-4-1] DEBUG c.i.k.http.WebSocketClientHandler - websocket client disconnected
00:18:49.086 [main] DEBUG com.intuit.karate.shell.Command - closing command: chrome_1752427125192
00:18:49.095 [main] INFO  com.intuit.karate - karate.env system property was: null 
00:18:49.098 [main] DEBUG com.intuit.karate.shell.Command - found / verified free local port: 64890
00:18:49.099 [main] WARN  c.intuit.karate.driver.DriverOptions - preferred port 9222 not available, will use: 64890
00:18:49.100 [main] DEBUG c.i.k.driver.chrome_1752427129098 - poll attempt #0 for port to be ready - localhost:64890
00:18:49.100 [chrome_1752427129098] DEBUG c.i.k.driver.chrome_1752427129098 - command: [C:\Program Files\Google\Chrome\Application\chrome.exe, --remote-debugging-port=64890, --remote-allow-origins=*, --no-first-run, --user-data-dir=E:\Duy\Projects\practices\karate_framework\demo\target\chrome_1752427129098, --disable-popup-blocking, --disable-features=PasswordManager, --incognito], working dir: target\chrome_1752427129098
00:18:49.324 [chrome_1752427125192] WARN  com.intuit.karate.shell.Command - exit code was non-zero: 1 - [C:\Program Files\Google\Chrome\Application\chrome.exe, --remote-debugging-port=64856, --remote-allow-origins=*, --no-first-run, --user-data-dir=E:\Duy\Projects\practices\karate_framework\demo\target\chrome_1752427125192, --disable-popup-blocking, --disable-features=PasswordManager, --incognito] working dir: target\chrome_1752427125192
00:18:49.413 [main] DEBUG c.i.k.driver.chrome_1752427129098 - poll attempt #1 for port to be ready - localhost:64890
00:18:49.683 [main] DEBUG c.i.k.driver.chrome_1752427129098 - poll attempt #2 for port to be ready - localhost:64890
00:18:49.839 [chrome_1752427129098-out] DEBUG c.i.k.driver.chrome_1752427129098 - 
00:18:49.839 [chrome_1752427129098-out] DEBUG c.i.k.driver.chrome_1752427129098 - DevTools listening on ws://127.0.0.1:64890/devtools/browser/e1b7da4d-e5ec-4501-8a45-3e8da9957095
00:18:49.947 [main] DEBUG c.i.k.driver.chrome_1752427129098 - poll attempt #3 for port to be ready - localhost:64890
00:18:49.971 [main] DEBUG com.intuit.karate - request:
1 > GET http://localhost:64890/json
1 > Host: localhost:64890
1 > Connection: Keep-Alive
1 > User-Agent: Apache-HttpClient/4.5.14 (Java/21.0.7)
1 > Accept-Encoding: gzip,deflate


00:18:50.097 [main] DEBUG com.intuit.karate - response time in milliseconds: 126
1 < 200
1 < Content-Security-Policy: frame-ancestors 'none'
1 < Content-Length: 1430
1 < Content-Type: application/json; charset=UTF-8
[ {
   "description": "",
   "devtoolsFrontendUrl": "https://chrome-devtools-frontend.appspot.com/serve_rev/@a2159ad9ab8037bd34a21b9903003e0964c2075b/inspector.html?ws=localhost:64890/devtools/page/CF6FE9A939E2D00523196793BB615B1F",
   "id": "CF6FE9A939E2D00523196793BB615B1F",
   "title": "Google Hangouts",
   "type": "background_page",
   "url": "chrome-extension://nkeimhogjdpnpccoofpliimaahmaaome/background.html",
   "webSocketDebuggerUrl": "ws://localhost:64890/devtools/page/CF6FE9A939E2D00523196793BB615B1F"
}, {
   "description": "",
   "devtoolsFrontendUrl": "https://chrome-devtools-frontend.appspot.com/serve_rev/@a2159ad9ab8037bd34a21b9903003e0964c2075b/inspector.html?ws=localhost:64890/devtools/page/E5009CC7146011D461E51495E805F26D",
   "id": "E5009CC7146011D461E51495E805F26D",
   "title": "",
   "type": "other",
   "url": "",
   "webSocketDebuggerUrl": "ws://localhost:64890/devtools/page/E5009CC7146011D461E51495E805F26D"
}, {
   "description": "",
   "devtoolsFrontendUrl": "https://chrome-devtools-frontend.appspot.com/serve_rev/@a2159ad9ab8037bd34a21b9903003e0964c2075b/inspector.html?ws=localhost:64890/devtools/page/AA370947DC3A51905D7E0344F238DCC9",
   "id": "AA370947DC3A51905D7E0344F238DCC9",
   "title": "New Incognito Tab",
   "type": "page",
   "url": "chrome://newtab/",
   "webSocketDebuggerUrl": "ws://localhost:64890/devtools/page/AA370947DC3A51905D7E0344F238DCC9"
} ]


00:18:50.099 [main] DEBUG com.intuit.karate.shell.Command - ready to accept http connections after 139 ms - http://localhost:64890/json
00:18:50.101 [main] DEBUG com.intuit.karate - request:
1 > GET http://localhost:64890/json
1 > Host: localhost:64890
1 > Connection: Keep-Alive
1 > User-Agent: Apache-HttpClient/4.5.14 (Java/21.0.7)
1 > Accept-Encoding: gzip,deflate


00:18:50.122 [main] DEBUG com.intuit.karate - response time in milliseconds: 20
1 < 200
1 < Content-Security-Policy: frame-ancestors 'none'
1 < Content-Length: 1522
1 < Content-Type: application/json; charset=UTF-8
[ {
   "description": "",
   "devtoolsFrontendUrl": "https://chrome-devtools-frontend.appspot.com/serve_rev/@a2159ad9ab8037bd34a21b9903003e0964c2075b/inspector.html?ws=localhost:64890/devtools/page/CF6FE9A939E2D00523196793BB615B1F",
   "id": "CF6FE9A939E2D00523196793BB615B1F",
   "title": "Google Hangouts",
   "type": "background_page",
   "url": "chrome-extension://nkeimhogjdpnpccoofpliimaahmaaome/background.html",
   "webSocketDebuggerUrl": "ws://localhost:64890/devtools/page/CF6FE9A939E2D00523196793BB615B1F"
}, {
   "description": "",
   "devtoolsFrontendUrl": "https://chrome-devtools-frontend.appspot.com/serve_rev/@a2159ad9ab8037bd34a21b9903003e0964c2075b/inspector.html?ws=localhost:64890/devtools/page/E5009CC7146011D461E51495E805F26D",
   "id": "E5009CC7146011D461E51495E805F26D",
   "title": "Google Hangouts",
   "type": "background_page",
   "url": "chrome-extension://nkeimhogjdpnpccoofpliimaahmaaome/background.html",
   "webSocketDebuggerUrl": "ws://localhost:64890/devtools/page/E5009CC7146011D461E51495E805F26D"
}, {
   "description": "",
   "devtoolsFrontendUrl": "https://chrome-devtools-frontend.appspot.com/serve_rev/@a2159ad9ab8037bd34a21b9903003e0964c2075b/inspector.html?ws=localhost:64890/devtools/page/AA370947DC3A51905D7E0344F238DCC9",
   "id": "AA370947DC3A51905D7E0344F238DCC9",
   "title": "New Incognito Tab",
   "type": "page",
   "url": "chrome://newtab/",
   "webSocketDebuggerUrl": "ws://localhost:64890/devtools/page/AA370947DC3A51905D7E0344F238DCC9"
} ]


00:18:50.123 [main] DEBUG c.i.k.driver.chrome_1752427129098 - root frame id: AA370947DC3A51905D7E0344F238DCC9
00:18:50.230 [nioEventLoopGroup-5-1] DEBUG c.i.k.http.WebSocketClientHandler - websocket client connected
00:18:50.239 [main] DEBUG c.i.k.driver.chrome_1752427129098 - >> {"id":1,"method":"Target.attachToTarget","params":{"targetId":"AA370947DC3A51905D7E0344F238DCC9","flatten":true}}
00:18:50.243 [nioEventLoopGroup-5-1] DEBUG c.i.k.driver.chrome_1752427129098 - << {"method":"Target.attachedToTarget","params":{"sessionId":"85F25CB6F2F5E989131EF42CCD954C4A","targetInfo":{"targetId":"AA370947DC3A51905D7E0344F238DCC9","type":"page","title":"New Incognito Tab","url":"chrome://newtab/","attached":true,"canAccessOpener":false,"browserContextId":"90BEE5BE6FA45E59955C7AD7B12D9192"},"waitingForDebugger":false}}
00:18:50.244 [nioEventLoopGroup-5-1] DEBUG c.i.k.driver.chrome_1752427129098 - << {"id":1,"result":{"sessionId":"85F25CB6F2F5E989131EF42CCD954C4A"}}
00:18:50.250 [main] DEBUG c.i.k.driver.chrome_1752427129098 - >> {"id":2,"sessionId":"85F25CB6F2F5E989131EF42CCD954C4A","method":"Target.activateTarget","params":{"targetId":"AA370947DC3A51905D7E0344F238DCC9"}}
00:18:50.257 [nioEventLoopGroup-5-1] DEBUG c.i.k.driver.chrome_1752427129098 - << {"id":2,"result":{},"sessionId":"85F25CB6F2F5E989131EF42CCD954C4A"}
00:18:50.258 [main] DEBUG c.i.k.driver.chrome_1752427129098 - >> {"id":3,"sessionId":"85F25CB6F2F5E989131EF42CCD954C4A","method":"Target.setDiscoverTargets","params":{"discover":true}}
00:18:50.259 [nioEventLoopGroup-5-1] DEBUG c.i.k.driver.chrome_1752427129098 - << {"method":"Target.targetCreated","params":{"targetInfo":{"targetId":"AA370947DC3A51905D7E0344F238DCC9","type":"page","title":"New Incognito Tab","url":"chrome://newtab/","attached":true,"canAccessOpener":false,"browserContextId":"90BEE5BE6FA45E59955C7AD7B12D9192"}},"sessionId":"85F25CB6F2F5E989131EF42CCD954C4A"}
00:18:50.260 [nioEventLoopGroup-5-1] DEBUG c.i.k.driver.chrome_1752427129098 - << {"method":"Target.targetCreated","params":{"targetInfo":{"targetId":"CF6FE9A939E2D00523196793BB615B1F","type":"background_page","title":"Google Hangouts","url":"chrome-extension://nkeimhogjdpnpccoofpliimaahmaaome/background.html","attached":false,"canAccessOpener":false,"browserContextId":"90BEE5BE6FA45E59955C7AD7B12D9192"}},"sessionId":"85F25CB6F2F5E989131EF42CCD954C4A"}
00:18:50.260 [nioEventLoopGroup-5-1] DEBUG c.i.k.driver.chrome_1752427129098 - << {"method":"Target.targetCreated","params":{"targetInfo":{"targetId":"E5009CC7146011D461E51495E805F26D","type":"background_page","title":"Google Hangouts","url":"chrome-extension://nkeimhogjdpnpccoofpliimaahmaaome/background.html","attached":false,"canAccessOpener":false,"browserContextId":"E3E1C67D12C7E314C6E3E92EBE22EFF0"}},"sessionId":"85F25CB6F2F5E989131EF42CCD954C4A"}
00:18:50.261 [nioEventLoopGroup-5-1] DEBUG c.i.k.driver.chrome_1752427129098 - << {"id":3,"result":{},"sessionId":"85F25CB6F2F5E989131EF42CCD954C4A"}
00:18:50.263 [main] DEBUG c.i.k.driver.chrome_1752427129098 - >> {"id":4,"sessionId":"85F25CB6F2F5E989131EF42CCD954C4A","method":"Page.enable"}
00:18:50.381 [nioEventLoopGroup-5-1] DEBUG c.i.k.driver.chrome_1752427129098 - << {"method":"Target.targetInfoChanged","params":{"targetInfo":{"targetId":"E5009CC7146011D461E51495E805F26D","type":"background_page","title":"Google Hangouts","url":"chrome-extension://nkeimhogjdpnpccoofpliimaahmaaome/background.html","attached":false,"canAccessOpener":false,"browserContextId":"E3E1C67D12C7E314C6E3E92EBE22EFF0"}},"sessionId":"85F25CB6F2F5E989131EF42CCD954C4A"}
00:18:50.440 [nioEventLoopGroup-5-1] DEBUG c.i.k.driver.chrome_1752427129098 - << {"method":"Target.targetInfoChanged","params":{"targetInfo":{"targetId":"AA370947DC3A51905D7E0344F238DCC9","type":"page","title":"New Incognito Tab","url":"chrome://newtab/","attached":true,"canAccessOpener":false,"browserContextId":"90BEE5BE6FA45E59955C7AD7B12D9192"}},"sessionId":"85F25CB6F2F5E989131EF42CCD954C4A"}
00:18:50.446 [nioEventLoopGroup-5-1] DEBUG c.i.k.driver.chrome_1752427129098 - << {"id":4,"result":{},"sessionId":"85F25CB6F2F5E989131EF42CCD954C4A"}
00:18:50.451 [main] DEBUG c.i.k.driver.chrome_1752427129098 - >> {"id":5,"sessionId":"85F25CB6F2F5E989131EF42CCD954C4A","method":"Runtime.enable"}
00:18:50.459 [nioEventLoopGroup-5-1] DEBUG c.i.k.driver.chrome_1752427129098 - << {"method":"Target.targetInfoChanged","params":{"targetInfo":{"targetId":"CF6FE9A939E2D00523196793BB615B1F","type":"background_page","title":"Google Hangouts","url":"chrome-extension://nkeimhogjdpnpccoofpliimaahmaaome/background.html","attached":false,"canAccessOpener":false,"browserContextId":"90BEE5BE6FA45E59955C7AD7B12D9192"}},"sessionId":"85F25CB6F2F5E989131EF42CCD954C4A"}
00:18:50.465 [nioEventLoopGroup-5-1] DEBUG c.i.k.driver.chrome_1752427129098 - << {"method":"Runtime.executionContextCreated","params":{"context":{"id":1,"origin":"chrome://newtab","name":"","uniqueId":"5782305177911144251.6030356586871081566","auxData":{"isDefault":true,"type":"default","frameId":"AA370947DC3A51905D7E0344F238DCC9"}}},"sessionId":"85F25CB6F2F5E989131EF42CCD954C4A"}
00:18:50.465 [nioEventLoopGroup-5-1] DEBUG c.i.k.driver.chrome_1752427129098 - << {"id":5,"result":{},"sessionId":"85F25CB6F2F5E989131EF42CCD954C4A"}
00:18:50.468 [main] DEBUG c.i.k.driver.chrome_1752427129098 - >> {"id":6,"sessionId":"85F25CB6F2F5E989131EF42CCD954C4A","method":"Browser.getWindowForTarget","params":{"targetId":"AA370947DC3A51905D7E0344F238DCC9"}}
00:18:50.470 [nioEventLoopGroup-5-1] DEBUG c.i.k.driver.chrome_1752427129098 - << {"id":6,"result":{"windowId":45147811,"bounds":{"left":10,"top":10,"width":945,"height":1060,"windowState":"normal"}},"sessionId":"85F25CB6F2F5E989131EF42CCD954C4A"}
00:18:50.483 [main] DEBUG c.i.k.driver.chrome_1752427129098 - >> {"id":7,"sessionId":"85F25CB6F2F5E989131EF42CCD954C4A","method":"Page.navigate","params":{"url":"https:\/\/saucedemo.com\/"}}
00:18:50.491 [nioEventLoopGroup-5-1] DEBUG c.i.k.driver.chrome_1752427129098 - << {"method":"Page.frameStartedNavigating","params":{"frameId":"AA370947DC3A51905D7E0344F238DCC9","url":"https://saucedemo.com/","loaderId":"0449812C1EFFCE80F82F1B674510DA53","navigationType":"differentDocument"},"sessionId":"85F25CB6F2F5E989131EF42CCD954C4A"}
00:18:50.492 [nioEventLoopGroup-5-1] DEBUG c.i.k.driver.chrome_1752427129098 - << {"method":"Page.frameStartedLoading","params":{"frameId":"AA370947DC3A51905D7E0344F238DCC9"},"sessionId":"85F25CB6F2F5E989131EF42CCD954C4A"}
00:18:50.555 [nioEventLoopGroup-5-1] DEBUG c.i.k.driver.chrome_1752427129098 - << {"method":"Page.domContentEventFired","params":{"timestamp":35073.205339},"sessionId":"85F25CB6F2F5E989131EF42CCD954C4A"}
00:18:50.561 [main] INFO  c.intuit.karate.core.FeatureRuntime - classpath:UI/LoginUI/LoginPage.feature - call by tag at line 7: action_attemptLogin
00:18:50.588 [main] DEBUG c.i.k.driver.chrome_1752427129098 - >> {"id":8,"sessionId":"85F25CB6F2F5E989131EF42CCD954C4A","method":"Runtime.evaluate","params":{"expression":"var e = document.evaluate(\"\/\/*[@id='user-name']\", document, null, 9, null).singleNodeValue; e.focus(); try { e.selectionStart = e.selectionEnd = e.value.length } catch(x) {}","returnByValue":true}}
00:18:50.611 [nioEventLoopGroup-5-1] DEBUG c.i.k.driver.chrome_1752427129098 - << {"method":"Page.loadEventFired","params":{"timestamp":35073.260873},"sessionId":"85F25CB6F2F5E989131EF42CCD954C4A"}
00:18:50.611 [nioEventLoopGroup-5-1] DEBUG c.i.k.driver.chrome_1752427129098 - << {"method":"Page.frameStartedLoading","params":{"frameId":"AA370947DC3A51905D7E0344F238DCC9"},"sessionId":"85F25CB6F2F5E989131EF42CCD954C4A"}
00:18:50.964 [nioEventLoopGroup-5-1] DEBUG c.i.k.driver.chrome_1752427129098 - << {"id":7,"result":{"frameId":"AA370947DC3A51905D7E0344F238DCC9","loaderId":"0449812C1EFFCE80F82F1B674510DA53"},"sessionId":"85F25CB6F2F5E989131EF42CCD954C4A"}
00:18:50.968 [nioEventLoopGroup-5-1] DEBUG c.i.k.driver.chrome_1752427129098 - << {"method":"Runtime.executionContextsCleared","params":{},"sessionId":"85F25CB6F2F5E989131EF42CCD954C4A"}
00:18:50.971 [nioEventLoopGroup-5-1] DEBUG c.i.k.driver.chrome_1752427129098 - << {"method":"Runtime.executionContextsCleared","params":{},"sessionId":"85F25CB6F2F5E989131EF42CCD954C4A"}
00:18:50.971 [nioEventLoopGroup-5-1] DEBUG c.i.k.driver.chrome_1752427129098 - << {"method":"Page.frameNavigated","params":{"frame":{"id":"AA370947DC3A51905D7E0344F238DCC9","loaderId":"0449812C1EFFCE80F82F1B674510DA53","url":"https://www.saucedemo.com/","domainAndRegistry":"saucedemo.com","securityOrigin":"https://www.saucedemo.com","securityOriginDetails":{"isLocalhost":false},"mimeType":"text/html","adFrameStatus":{"adFrameType":"none"},"secureContextType":"Secure","crossOriginIsolatedContextType":"NotIsolated","gatedAPIFeatures":[]},"type":"Navigation"},"sessionId":"85F25CB6F2F5E989131EF42CCD954C4A"}
00:18:50.987 [nioEventLoopGroup-5-1] DEBUG c.i.k.driver.chrome_1752427129098 - << {"method":"Target.targetInfoChanged","params":{"targetInfo":{"targetId":"AA370947DC3A51905D7E0344F238DCC9","type":"page","title":"saucedemo.com","url":"https://www.saucedemo.com/","attached":true,"canAccessOpener":false,"browserContextId":"90BEE5BE6FA45E59955C7AD7B12D9192"}},"sessionId":"85F25CB6F2F5E989131EF42CCD954C4A"}
00:18:50.993 [nioEventLoopGroup-5-1] DEBUG c.i.k.driver.chrome_1752427129098 - << {"method":"Runtime.executionContextCreated","params":{"context":{"id":1,"origin":"https://www.saucedemo.com","name":"","uniqueId":"2474581068678376302.5362997039550697149","auxData":{"isDefault":true,"type":"default","frameId":"AA370947DC3A51905D7E0344F238DCC9"}}},"sessionId":"85F25CB6F2F5E989131EF42CCD954C4A"}
00:18:51.005 [nioEventLoopGroup-5-1] DEBUG c.i.k.driver.chrome_1752427129098 - << {"id":8,"result":{"result":{"type":"object","subtype":"error","className":"TypeError","description":"TypeError: Cannot read properties of null (reading 'focus')\n    at <anonymous>:1:95","objectId":"836593587231957479.1.1"},"exceptionDetails":{"exceptionId":1,"text":"Uncaught","lineNumber":0,"columnNumber":94,"scriptId":"6","stackTrace":{"callFrames":[{"functionName":"","scriptId":"6","url":"","lineNumber":0,"columnNumber":94}]},"exception":{"type":"object","subtype":"error","className":"TypeError","description":"TypeError: Cannot read properties of null (reading 'focus')\n    at <anonymous>:1:95","objectId":"836593587231957479.1.2"}}},"sessionId":"85F25CB6F2F5E989131EF42CCD954C4A"}
00:18:51.006 [nioEventLoopGroup-5-1] WARN  c.i.k.driver.chrome_1752427129098 - devtools error: [id: 8, sessionId: 85F25CB6F2F5E989131EF42CCD954C4A, result: [type: MAP, value: {type=object, subtype=error, className=TypeError, description=TypeError: Cannot read properties of null (reading 'focus')
    at <anonymous>:1:95, objectId=836593587231957479.1.1}]]
00:18:51.007 [main] WARN  c.i.k.driver.chrome_1752427129098 - js eval failed once:var e = document.evaluate("//*[@id='user-name']", document, null, 9, null).singleNodeValue; e.focus(); try { e.selectionStart = e.selectionEnd = e.value.length } catch(x) {}, error: [type: MAP, value: {type=object, subtype=error, className=TypeError, description=TypeError: Cannot read properties of null (reading 'focus')
    at <anonymous>:1:95, objectId=836593587231957479.1.1}]
00:18:51.440 [nioEventLoopGroup-5-1] DEBUG c.i.k.driver.chrome_1752427129098 - << {"method":"Page.domContentEventFired","params":{"timestamp":35074.087296},"sessionId":"85F25CB6F2F5E989131EF42CCD954C4A"}
00:18:51.521 [nioEventLoopGroup-5-1] DEBUG c.i.k.driver.chrome_1752427129098 - << {"method":"Target.targetCreated","params":{"targetInfo":{"targetId":"7CC042FD8EFC0C1C839088227515F420","type":"service_worker","title":"Service Worker chrome-extension://fignfifoniblkonapihmkfakmlgkbkcf/service_worker.js","url":"chrome-extension://fignfifoniblkonapihmkfakmlgkbkcf/service_worker.js","attached":false,"canAccessOpener":false,"browserContextId":"E3E1C67D12C7E314C6E3E92EBE22EFF0"}},"sessionId":"85F25CB6F2F5E989131EF42CCD954C4A"}
00:18:51.720 [nioEventLoopGroup-5-1] DEBUG c.i.k.driver.chrome_1752427129098 - << {"method":"Target.targetCreated","params":{"targetInfo":{"targetId":"E9D0D5066E431A6D412B170081CE2DCF","type":"service_worker","title":"Service Worker https://www.saucedemo.com/service-worker.js","url":"https://www.saucedemo.com/service-worker.js","attached":false,"canAccessOpener":false,"browserContextId":"90BEE5BE6FA45E59955C7AD7B12D9192"}},"sessionId":"85F25CB6F2F5E989131EF42CCD954C4A"}
00:18:51.723 [nioEventLoopGroup-5-1] DEBUG c.i.k.driver.chrome_1752427129098 - << {"method":"Page.loadEventFired","params":{"timestamp":35074.365285},"sessionId":"85F25CB6F2F5E989131EF42CCD954C4A"}
00:18:51.724 [nioEventLoopGroup-5-1] DEBUG c.i.k.driver.chrome_1752427129098 - << {"method":"Page.frameStoppedLoading","params":{"frameId":"AA370947DC3A51905D7E0344F238DCC9"},"sessionId":"85F25CB6F2F5E989131EF42CCD954C4A"}
00:18:52.218 [nioEventLoopGroup-5-1] DEBUG c.i.k.driver.chrome_1752427129098 - << {"method":"Runtime.consoleAPICalled","params":{"type":"log","args":[{"type":"string","value":"Content is cached for offline use."}],"executionContextId":1,"timestamp":1.752427132216441e+12,"stackTrace":{"callFrames":[{"functionName":"console.<computed>","scriptId":"8","url":"https://www.saucedemo.com/static/js/2.84a5cbf3.chunk.js","lineNumber":1,"columnNumber":123015},{"functionName":"a.onstatechange","scriptId":"7","url":"https://www.saucedemo.com/static/js/main.018d2d1e.chunk.js","lineNumber":0,"columnNumber":58496}]}},"sessionId":"85F25CB6F2F5E989131EF42CCD954C4A"}
00:18:52.218 [nioEventLoopGroup-5-1] DEBUG c.i.k.driver.chrome_1752427129098 - [console] Content is cached for offline use.
00:18:53.070 [chrome_1752427129098-out] DEBUG c.i.k.driver.chrome_1752427129098 - WARNING: All log messages before absl::InitializeLog() is called are written to STDERR
00:18:53.070 [chrome_1752427129098-out] DEBUG c.i.k.driver.chrome_1752427129098 - I0000 00:00:1752427133.069974   16628 voice_transcription.cc:58] Registering VoiceTranscriptionCapability
00:18:54.012 [main] DEBUG c.i.k.driver.chrome_1752427129098 - >> {"id":9,"sessionId":"85F25CB6F2F5E989131EF42CCD954C4A","method":"Runtime.evaluate","params":{"expression":"var e = document.evaluate(\"\/\/*[@id='user-name']\", document, null, 9, null).singleNodeValue; e.focus(); try { e.selectionStart = e.selectionEnd = e.value.length } catch(x) {}","returnByValue":true}}
00:18:54.038 [chrome_1752427129098-out] DEBUG c.i.k.driver.chrome_1752427129098 - [23336:15980:0714/001854.038:ERROR:google_apis\gcm\engine\registration_request.cc:291] Registration response error message: DEPRECATED_ENDPOINT
00:18:54.133 [nioEventLoopGroup-5-1] DEBUG c.i.k.driver.chrome_1752427129098 - << {"id":9,"result":{"result":{"type":"number","value":0,"description":"0"}},"sessionId":"85F25CB6F2F5E989131EF42CCD954C4A"}
00:18:54.135 [main] DEBUG c.i.k.driver.chrome_1752427129098 - >> {"id":10,"sessionId":"85F25CB6F2F5E989131EF42CCD954C4A","method":"Input.dispatchKeyEvent","params":{"modifiers":0,"type":"rawKeyDown","text":"s","windowsVirtualKeyCode":115}}
00:18:54.161 [nioEventLoopGroup-5-1] DEBUG c.i.k.driver.chrome_1752427129098 - << {"id":10,"result":{},"sessionId":"85F25CB6F2F5E989131EF42CCD954C4A"}
00:18:54.162 [main] DEBUG c.i.k.driver.chrome_1752427129098 - >> {"id":11,"sessionId":"85F25CB6F2F5E989131EF42CCD954C4A","method":"Input.dispatchKeyEvent","params":{"modifiers":0,"type":"char","text":"s","windowsVirtualKeyCode":115}}
00:18:54.242 [nioEventLoopGroup-5-1] DEBUG c.i.k.driver.chrome_1752427129098 - << {"id":11,"result":{},"sessionId":"85F25CB6F2F5E989131EF42CCD954C4A"}
00:18:54.244 [main] DEBUG c.i.k.driver.chrome_1752427129098 - >> {"id":12,"sessionId":"85F25CB6F2F5E989131EF42CCD954C4A","method":"Input.dispatchKeyEvent","params":{"modifiers":0,"type":"keyUp","text":"s","windowsVirtualKeyCode":115}}
00:18:54.358 [nioEventLoopGroup-5-1] DEBUG c.i.k.driver.chrome_1752427129098 - << {"id":12,"result":{},"sessionId":"85F25CB6F2F5E989131EF42CCD954C4A"}
00:18:54.360 [main] DEBUG c.i.k.driver.chrome_1752427129098 - >> {"id":13,"sessionId":"85F25CB6F2F5E989131EF42CCD954C4A","method":"Input.dispatchKeyEvent","params":{"modifiers":0,"type":"rawKeyDown","text":"t","windowsVirtualKeyCode":116}}
00:18:54.409 [nioEventLoopGroup-5-1] DEBUG c.i.k.driver.chrome_1752427129098 - << {"id":13,"result":{},"sessionId":"85F25CB6F2F5E989131EF42CCD954C4A"}
00:18:54.410 [main] DEBUG c.i.k.driver.chrome_1752427129098 - >> {"id":14,"sessionId":"85F25CB6F2F5E989131EF42CCD954C4A","method":"Input.dispatchKeyEvent","params":{"modifiers":0,"type":"char","text":"t","windowsVirtualKeyCode":116}}
00:18:54.453 [nioEventLoopGroup-5-1] DEBUG c.i.k.driver.chrome_1752427129098 - << {"id":14,"result":{},"sessionId":"85F25CB6F2F5E989131EF42CCD954C4A"}
00:18:54.454 [main] DEBUG c.i.k.driver.chrome_1752427129098 - >> {"id":15,"sessionId":"85F25CB6F2F5E989131EF42CCD954C4A","method":"Input.dispatchKeyEvent","params":{"modifiers":0,"type":"keyUp","text":"t","windowsVirtualKeyCode":116}}
00:18:54.481 [nioEventLoopGroup-5-1] DEBUG c.i.k.driver.chrome_1752427129098 - << {"id":15,"result":{},"sessionId":"85F25CB6F2F5E989131EF42CCD954C4A"}
00:18:54.482 [main] DEBUG c.i.k.driver.chrome_1752427129098 - >> {"id":16,"sessionId":"85F25CB6F2F5E989131EF42CCD954C4A","method":"Input.dispatchKeyEvent","params":{"modifiers":0,"type":"rawKeyDown","text":"a","windowsVirtualKeyCode":97}}
00:18:54.490 [nioEventLoopGroup-5-1] DEBUG c.i.k.driver.chrome_1752427129098 - << {"id":16,"result":{},"sessionId":"85F25CB6F2F5E989131EF42CCD954C4A"}
00:18:54.491 [main] DEBUG c.i.k.driver.chrome_1752427129098 - >> {"id":17,"sessionId":"85F25CB6F2F5E989131EF42CCD954C4A","method":"Input.dispatchKeyEvent","params":{"modifiers":0,"type":"char","text":"a","windowsVirtualKeyCode":97}}
00:18:54.499 [nioEventLoopGroup-5-1] DEBUG c.i.k.driver.chrome_1752427129098 - << {"id":17,"result":{},"sessionId":"85F25CB6F2F5E989131EF42CCD954C4A"}
00:18:54.499 [main] DEBUG c.i.k.driver.chrome_1752427129098 - >> {"id":18,"sessionId":"85F25CB6F2F5E989131EF42CCD954C4A","method":"Input.dispatchKeyEvent","params":{"modifiers":0,"type":"keyUp","text":"a","windowsVirtualKeyCode":97}}
00:18:54.505 [nioEventLoopGroup-5-1] DEBUG c.i.k.driver.chrome_1752427129098 - << {"id":18,"result":{},"sessionId":"85F25CB6F2F5E989131EF42CCD954C4A"}
00:18:54.506 [main] DEBUG c.i.k.driver.chrome_1752427129098 - >> {"id":19,"sessionId":"85F25CB6F2F5E989131EF42CCD954C4A","method":"Input.dispatchKeyEvent","params":{"modifiers":0,"type":"rawKeyDown","text":"n","windowsVirtualKeyCode":110}}
00:18:54.511 [nioEventLoopGroup-5-1] DEBUG c.i.k.driver.chrome_1752427129098 - << {"id":19,"result":{},"sessionId":"85F25CB6F2F5E989131EF42CCD954C4A"}
00:18:54.511 [main] DEBUG c.i.k.driver.chrome_1752427129098 - >> {"id":20,"sessionId":"85F25CB6F2F5E989131EF42CCD954C4A","method":"Input.dispatchKeyEvent","params":{"modifiers":0,"type":"char","text":"n","windowsVirtualKeyCode":110}}
00:18:54.531 [nioEventLoopGroup-5-1] DEBUG c.i.k.driver.chrome_1752427129098 - << {"id":20,"result":{},"sessionId":"85F25CB6F2F5E989131EF42CCD954C4A"}
00:18:54.531 [main] DEBUG c.i.k.driver.chrome_1752427129098 - >> {"id":21,"sessionId":"85F25CB6F2F5E989131EF42CCD954C4A","method":"Input.dispatchKeyEvent","params":{"modifiers":0,"type":"keyUp","text":"n","windowsVirtualKeyCode":110}}
00:18:54.536 [nioEventLoopGroup-5-1] DEBUG c.i.k.driver.chrome_1752427129098 - << {"id":21,"result":{},"sessionId":"85F25CB6F2F5E989131EF42CCD954C4A"}
00:18:54.537 [main] DEBUG c.i.k.driver.chrome_1752427129098 - >> {"id":22,"sessionId":"85F25CB6F2F5E989131EF42CCD954C4A","method":"Input.dispatchKeyEvent","params":{"modifiers":0,"type":"rawKeyDown","text":"d","windowsVirtualKeyCode":100}}
00:18:54.540 [nioEventLoopGroup-5-1] DEBUG c.i.k.driver.chrome_1752427129098 - << {"id":22,"result":{},"sessionId":"85F25CB6F2F5E989131EF42CCD954C4A"}
00:18:54.540 [main] DEBUG c.i.k.driver.chrome_1752427129098 - >> {"id":23,"sessionId":"85F25CB6F2F5E989131EF42CCD954C4A","method":"Input.dispatchKeyEvent","params":{"modifiers":0,"type":"char","text":"d","windowsVirtualKeyCode":100}}
00:18:54.548 [nioEventLoopGroup-5-1] DEBUG c.i.k.driver.chrome_1752427129098 - << {"id":23,"result":{},"sessionId":"85F25CB6F2F5E989131EF42CCD954C4A"}
00:18:54.549 [main] DEBUG c.i.k.driver.chrome_1752427129098 - >> {"id":24,"sessionId":"85F25CB6F2F5E989131EF42CCD954C4A","method":"Input.dispatchKeyEvent","params":{"modifiers":0,"type":"keyUp","text":"d","windowsVirtualKeyCode":100}}
00:18:54.553 [nioEventLoopGroup-5-1] DEBUG c.i.k.driver.chrome_1752427129098 - << {"id":24,"result":{},"sessionId":"85F25CB6F2F5E989131EF42CCD954C4A"}
00:18:54.553 [main] DEBUG c.i.k.driver.chrome_1752427129098 - >> {"id":25,"sessionId":"85F25CB6F2F5E989131EF42CCD954C4A","method":"Input.dispatchKeyEvent","params":{"modifiers":0,"type":"rawKeyDown","text":"a","windowsVirtualKeyCode":97}}
00:18:54.556 [nioEventLoopGroup-5-1] DEBUG c.i.k.driver.chrome_1752427129098 - << {"id":25,"result":{},"sessionId":"85F25CB6F2F5E989131EF42CCD954C4A"}
00:18:54.556 [main] DEBUG c.i.k.driver.chrome_1752427129098 - >> {"id":26,"sessionId":"85F25CB6F2F5E989131EF42CCD954C4A","method":"Input.dispatchKeyEvent","params":{"modifiers":0,"type":"char","text":"a","windowsVirtualKeyCode":97}}
00:18:54.600 [nioEventLoopGroup-5-1] DEBUG c.i.k.driver.chrome_1752427129098 - << {"id":26,"result":{},"sessionId":"85F25CB6F2F5E989131EF42CCD954C4A"}
00:18:54.601 [main] DEBUG c.i.k.driver.chrome_1752427129098 - >> {"id":27,"sessionId":"85F25CB6F2F5E989131EF42CCD954C4A","method":"Input.dispatchKeyEvent","params":{"modifiers":0,"type":"keyUp","text":"a","windowsVirtualKeyCode":97}}
00:18:54.606 [nioEventLoopGroup-5-1] DEBUG c.i.k.driver.chrome_1752427129098 - << {"id":27,"result":{},"sessionId":"85F25CB6F2F5E989131EF42CCD954C4A"}
00:18:54.607 [main] DEBUG c.i.k.driver.chrome_1752427129098 - >> {"id":28,"sessionId":"85F25CB6F2F5E989131EF42CCD954C4A","method":"Input.dispatchKeyEvent","params":{"modifiers":0,"type":"rawKeyDown","text":"r","windowsVirtualKeyCode":114}}
00:18:54.613 [nioEventLoopGroup-5-1] DEBUG c.i.k.driver.chrome_1752427129098 - << {"id":28,"result":{},"sessionId":"85F25CB6F2F5E989131EF42CCD954C4A"}
00:18:54.614 [main] DEBUG c.i.k.driver.chrome_1752427129098 - >> {"id":29,"sessionId":"85F25CB6F2F5E989131EF42CCD954C4A","method":"Input.dispatchKeyEvent","params":{"modifiers":0,"type":"char","text":"r","windowsVirtualKeyCode":114}}
00:18:54.670 [nioEventLoopGroup-5-1] DEBUG c.i.k.driver.chrome_1752427129098 - << {"id":29,"result":{},"sessionId":"85F25CB6F2F5E989131EF42CCD954C4A"}
00:18:54.671 [main] DEBUG c.i.k.driver.chrome_1752427129098 - >> {"id":30,"sessionId":"85F25CB6F2F5E989131EF42CCD954C4A","method":"Input.dispatchKeyEvent","params":{"modifiers":0,"type":"keyUp","text":"r","windowsVirtualKeyCode":114}}
00:18:54.674 [nioEventLoopGroup-5-1] DEBUG c.i.k.driver.chrome_1752427129098 - << {"id":30,"result":{},"sessionId":"85F25CB6F2F5E989131EF42CCD954C4A"}
00:18:54.675 [main] DEBUG c.i.k.driver.chrome_1752427129098 - >> {"id":31,"sessionId":"85F25CB6F2F5E989131EF42CCD954C4A","method":"Input.dispatchKeyEvent","params":{"modifiers":0,"type":"rawKeyDown","text":"d","windowsVirtualKeyCode":100}}
00:18:54.677 [nioEventLoopGroup-5-1] DEBUG c.i.k.driver.chrome_1752427129098 - << {"id":31,"result":{},"sessionId":"85F25CB6F2F5E989131EF42CCD954C4A"}
00:18:54.677 [main] DEBUG c.i.k.driver.chrome_1752427129098 - >> {"id":32,"sessionId":"85F25CB6F2F5E989131EF42CCD954C4A","method":"Input.dispatchKeyEvent","params":{"modifiers":0,"type":"char","text":"d","windowsVirtualKeyCode":100}}
00:18:54.698 [nioEventLoopGroup-5-1] DEBUG c.i.k.driver.chrome_1752427129098 - << {"id":32,"result":{},"sessionId":"85F25CB6F2F5E989131EF42CCD954C4A"}
00:18:54.699 [main] DEBUG c.i.k.driver.chrome_1752427129098 - >> {"id":33,"sessionId":"85F25CB6F2F5E989131EF42CCD954C4A","method":"Input.dispatchKeyEvent","params":{"modifiers":0,"type":"keyUp","text":"d","windowsVirtualKeyCode":100}}
00:18:54.706 [nioEventLoopGroup-5-1] DEBUG c.i.k.driver.chrome_1752427129098 - << {"id":33,"result":{},"sessionId":"85F25CB6F2F5E989131EF42CCD954C4A"}
00:18:54.706 [main] DEBUG c.i.k.driver.chrome_1752427129098 - >> {"id":34,"sessionId":"85F25CB6F2F5E989131EF42CCD954C4A","method":"Input.dispatchKeyEvent","params":{"modifiers":0,"type":"rawKeyDown","text":"_","windowsVirtualKeyCode":523}}
00:18:54.709 [nioEventLoopGroup-5-1] DEBUG c.i.k.driver.chrome_1752427129098 - << {"id":34,"result":{},"sessionId":"85F25CB6F2F5E989131EF42CCD954C4A"}
00:18:54.710 [main] DEBUG c.i.k.driver.chrome_1752427129098 - >> {"id":35,"sessionId":"85F25CB6F2F5E989131EF42CCD954C4A","method":"Input.dispatchKeyEvent","params":{"modifiers":0,"type":"char","text":"_","windowsVirtualKeyCode":523}}
00:18:54.737 [nioEventLoopGroup-5-1] DEBUG c.i.k.driver.chrome_1752427129098 - << {"id":35,"result":{},"sessionId":"85F25CB6F2F5E989131EF42CCD954C4A"}
00:18:54.738 [main] DEBUG c.i.k.driver.chrome_1752427129098 - >> {"id":36,"sessionId":"85F25CB6F2F5E989131EF42CCD954C4A","method":"Input.dispatchKeyEvent","params":{"modifiers":0,"type":"keyUp","text":"_","windowsVirtualKeyCode":523}}
00:18:54.753 [nioEventLoopGroup-5-1] DEBUG c.i.k.driver.chrome_1752427129098 - << {"id":36,"result":{},"sessionId":"85F25CB6F2F5E989131EF42CCD954C4A"}
00:18:54.754 [main] DEBUG c.i.k.driver.chrome_1752427129098 - >> {"id":37,"sessionId":"85F25CB6F2F5E989131EF42CCD954C4A","method":"Input.dispatchKeyEvent","params":{"modifiers":0,"type":"rawKeyDown","text":"u","windowsVirtualKeyCode":117}}
00:18:54.758 [nioEventLoopGroup-5-1] DEBUG c.i.k.driver.chrome_1752427129098 - << {"id":37,"result":{},"sessionId":"85F25CB6F2F5E989131EF42CCD954C4A"}
00:18:54.759 [main] DEBUG c.i.k.driver.chrome_1752427129098 - >> {"id":38,"sessionId":"85F25CB6F2F5E989131EF42CCD954C4A","method":"Input.dispatchKeyEvent","params":{"modifiers":0,"type":"char","text":"u","windowsVirtualKeyCode":117}}
00:18:54.768 [nioEventLoopGroup-5-1] DEBUG c.i.k.driver.chrome_1752427129098 - << {"id":38,"result":{},"sessionId":"85F25CB6F2F5E989131EF42CCD954C4A"}
00:18:54.769 [main] DEBUG c.i.k.driver.chrome_1752427129098 - >> {"id":39,"sessionId":"85F25CB6F2F5E989131EF42CCD954C4A","method":"Input.dispatchKeyEvent","params":{"modifiers":0,"type":"keyUp","text":"u","windowsVirtualKeyCode":117}}
00:18:54.773 [nioEventLoopGroup-5-1] DEBUG c.i.k.driver.chrome_1752427129098 - << {"id":39,"result":{},"sessionId":"85F25CB6F2F5E989131EF42CCD954C4A"}
00:18:54.774 [main] DEBUG c.i.k.driver.chrome_1752427129098 - >> {"id":40,"sessionId":"85F25CB6F2F5E989131EF42CCD954C4A","method":"Input.dispatchKeyEvent","params":{"modifiers":0,"type":"rawKeyDown","text":"s","windowsVirtualKeyCode":115}}
00:18:54.777 [nioEventLoopGroup-5-1] DEBUG c.i.k.driver.chrome_1752427129098 - << {"id":40,"result":{},"sessionId":"85F25CB6F2F5E989131EF42CCD954C4A"}
00:18:54.778 [main] DEBUG c.i.k.driver.chrome_1752427129098 - >> {"id":41,"sessionId":"85F25CB6F2F5E989131EF42CCD954C4A","method":"Input.dispatchKeyEvent","params":{"modifiers":0,"type":"char","text":"s","windowsVirtualKeyCode":115}}
00:18:54.783 [nioEventLoopGroup-5-1] DEBUG c.i.k.driver.chrome_1752427129098 - << {"id":41,"result":{},"sessionId":"85F25CB6F2F5E989131EF42CCD954C4A"}
00:18:54.785 [main] DEBUG c.i.k.driver.chrome_1752427129098 - >> {"id":42,"sessionId":"85F25CB6F2F5E989131EF42CCD954C4A","method":"Input.dispatchKeyEvent","params":{"modifiers":0,"type":"keyUp","text":"s","windowsVirtualKeyCode":115}}
00:18:54.790 [nioEventLoopGroup-5-1] DEBUG c.i.k.driver.chrome_1752427129098 - << {"id":42,"result":{},"sessionId":"85F25CB6F2F5E989131EF42CCD954C4A"}
00:18:54.791 [main] DEBUG c.i.k.driver.chrome_1752427129098 - >> {"id":43,"sessionId":"85F25CB6F2F5E989131EF42CCD954C4A","method":"Input.dispatchKeyEvent","params":{"modifiers":0,"type":"rawKeyDown","text":"e","windowsVirtualKeyCode":101}}
00:18:54.793 [nioEventLoopGroup-5-1] DEBUG c.i.k.driver.chrome_1752427129098 - << {"id":43,"result":{},"sessionId":"85F25CB6F2F5E989131EF42CCD954C4A"}
00:18:54.794 [main] DEBUG c.i.k.driver.chrome_1752427129098 - >> {"id":44,"sessionId":"85F25CB6F2F5E989131EF42CCD954C4A","method":"Input.dispatchKeyEvent","params":{"modifiers":0,"type":"char","text":"e","windowsVirtualKeyCode":101}}
00:18:54.798 [nioEventLoopGroup-5-1] DEBUG c.i.k.driver.chrome_1752427129098 - << {"id":44,"result":{},"sessionId":"85F25CB6F2F5E989131EF42CCD954C4A"}
00:18:54.798 [main] DEBUG c.i.k.driver.chrome_1752427129098 - >> {"id":45,"sessionId":"85F25CB6F2F5E989131EF42CCD954C4A","method":"Input.dispatchKeyEvent","params":{"modifiers":0,"type":"keyUp","text":"e","windowsVirtualKeyCode":101}}
00:18:54.802 [nioEventLoopGroup-5-1] DEBUG c.i.k.driver.chrome_1752427129098 - << {"id":45,"result":{},"sessionId":"85F25CB6F2F5E989131EF42CCD954C4A"}
00:18:54.803 [main] DEBUG c.i.k.driver.chrome_1752427129098 - >> {"id":46,"sessionId":"85F25CB6F2F5E989131EF42CCD954C4A","method":"Input.dispatchKeyEvent","params":{"modifiers":0,"type":"rawKeyDown","text":"r","windowsVirtualKeyCode":114}}
00:18:54.806 [nioEventLoopGroup-5-1] DEBUG c.i.k.driver.chrome_1752427129098 - << {"id":46,"result":{},"sessionId":"85F25CB6F2F5E989131EF42CCD954C4A"}
00:18:54.807 [main] DEBUG c.i.k.driver.chrome_1752427129098 - >> {"id":47,"sessionId":"85F25CB6F2F5E989131EF42CCD954C4A","method":"Input.dispatchKeyEvent","params":{"modifiers":0,"type":"char","text":"r","windowsVirtualKeyCode":114}}
00:18:54.812 [nioEventLoopGroup-5-1] DEBUG c.i.k.driver.chrome_1752427129098 - << {"id":47,"result":{},"sessionId":"85F25CB6F2F5E989131EF42CCD954C4A"}
00:18:54.813 [main] DEBUG c.i.k.driver.chrome_1752427129098 - >> {"id":48,"sessionId":"85F25CB6F2F5E989131EF42CCD954C4A","method":"Input.dispatchKeyEvent","params":{"modifiers":0,"type":"keyUp","text":"r","windowsVirtualKeyCode":114}}
00:18:54.816 [nioEventLoopGroup-5-1] DEBUG c.i.k.driver.chrome_1752427129098 - << {"id":48,"result":{},"sessionId":"85F25CB6F2F5E989131EF42CCD954C4A"}
00:18:54.821 [main] DEBUG c.i.k.driver.chrome_1752427129098 - >> {"id":49,"sessionId":"85F25CB6F2F5E989131EF42CCD954C4A","method":"Runtime.evaluate","params":{"expression":"var e = document.evaluate(\"\/\/*[@id='password']\", document, null, 9, null).singleNodeValue; e.focus(); try { e.selectionStart = e.selectionEnd = e.value.length } catch(x) {}","returnByValue":true}}
00:18:54.825 [nioEventLoopGroup-5-1] DEBUG c.i.k.driver.chrome_1752427129098 - << {"id":49,"result":{"result":{"type":"number","value":0,"description":"0"}},"sessionId":"85F25CB6F2F5E989131EF42CCD954C4A"}
00:18:54.825 [main] DEBUG c.i.k.driver.chrome_1752427129098 - >> {"id":50,"sessionId":"85F25CB6F2F5E989131EF42CCD954C4A","method":"Input.dispatchKeyEvent","params":{"modifiers":0,"type":"rawKeyDown","text":"s","windowsVirtualKeyCode":115}}
00:18:54.827 [nioEventLoopGroup-5-1] DEBUG c.i.k.driver.chrome_1752427129098 - << {"id":50,"result":{},"sessionId":"85F25CB6F2F5E989131EF42CCD954C4A"}
00:18:54.828 [main] DEBUG c.i.k.driver.chrome_1752427129098 - >> {"id":51,"sessionId":"85F25CB6F2F5E989131EF42CCD954C4A","method":"Input.dispatchKeyEvent","params":{"modifiers":0,"type":"char","text":"s","windowsVirtualKeyCode":115}}
00:18:54.833 [nioEventLoopGroup-5-1] DEBUG c.i.k.driver.chrome_1752427129098 - << {"id":51,"result":{},"sessionId":"85F25CB6F2F5E989131EF42CCD954C4A"}
00:18:54.833 [main] DEBUG c.i.k.driver.chrome_1752427129098 - >> {"id":52,"sessionId":"85F25CB6F2F5E989131EF42CCD954C4A","method":"Input.dispatchKeyEvent","params":{"modifiers":0,"type":"keyUp","text":"s","windowsVirtualKeyCode":115}}
00:18:54.838 [nioEventLoopGroup-5-1] DEBUG c.i.k.driver.chrome_1752427129098 - << {"id":52,"result":{},"sessionId":"85F25CB6F2F5E989131EF42CCD954C4A"}
00:18:54.839 [main] DEBUG c.i.k.driver.chrome_1752427129098 - >> {"id":53,"sessionId":"85F25CB6F2F5E989131EF42CCD954C4A","method":"Input.dispatchKeyEvent","params":{"modifiers":0,"type":"rawKeyDown","text":"e","windowsVirtualKeyCode":101}}
00:18:54.841 [nioEventLoopGroup-5-1] DEBUG c.i.k.driver.chrome_1752427129098 - << {"id":53,"result":{},"sessionId":"85F25CB6F2F5E989131EF42CCD954C4A"}
00:18:54.842 [main] DEBUG c.i.k.driver.chrome_1752427129098 - >> {"id":54,"sessionId":"85F25CB6F2F5E989131EF42CCD954C4A","method":"Input.dispatchKeyEvent","params":{"modifiers":0,"type":"char","text":"e","windowsVirtualKeyCode":101}}
00:18:54.846 [nioEventLoopGroup-5-1] DEBUG c.i.k.driver.chrome_1752427129098 - << {"id":54,"result":{},"sessionId":"85F25CB6F2F5E989131EF42CCD954C4A"}
00:18:54.847 [main] DEBUG c.i.k.driver.chrome_1752427129098 - >> {"id":55,"sessionId":"85F25CB6F2F5E989131EF42CCD954C4A","method":"Input.dispatchKeyEvent","params":{"modifiers":0,"type":"keyUp","text":"e","windowsVirtualKeyCode":101}}
00:18:54.849 [nioEventLoopGroup-5-1] DEBUG c.i.k.driver.chrome_1752427129098 - << {"id":55,"result":{},"sessionId":"85F25CB6F2F5E989131EF42CCD954C4A"}
00:18:54.849 [main] DEBUG c.i.k.driver.chrome_1752427129098 - >> {"id":56,"sessionId":"85F25CB6F2F5E989131EF42CCD954C4A","method":"Input.dispatchKeyEvent","params":{"modifiers":0,"type":"rawKeyDown","text":"c","windowsVirtualKeyCode":99}}
00:18:54.853 [nioEventLoopGroup-5-1] DEBUG c.i.k.driver.chrome_1752427129098 - << {"id":56,"result":{},"sessionId":"85F25CB6F2F5E989131EF42CCD954C4A"}
00:18:54.853 [main] DEBUG c.i.k.driver.chrome_1752427129098 - >> {"id":57,"sessionId":"85F25CB6F2F5E989131EF42CCD954C4A","method":"Input.dispatchKeyEvent","params":{"modifiers":0,"type":"char","text":"c","windowsVirtualKeyCode":99}}
00:18:54.862 [nioEventLoopGroup-5-1] DEBUG c.i.k.driver.chrome_1752427129098 - << {"id":57,"result":{},"sessionId":"85F25CB6F2F5E989131EF42CCD954C4A"}
00:18:54.862 [main] DEBUG c.i.k.driver.chrome_1752427129098 - >> {"id":58,"sessionId":"85F25CB6F2F5E989131EF42CCD954C4A","method":"Input.dispatchKeyEvent","params":{"modifiers":0,"type":"keyUp","text":"c","windowsVirtualKeyCode":99}}
00:18:54.864 [nioEventLoopGroup-5-1] DEBUG c.i.k.driver.chrome_1752427129098 - << {"id":58,"result":{},"sessionId":"85F25CB6F2F5E989131EF42CCD954C4A"}
00:18:54.864 [main] DEBUG c.i.k.driver.chrome_1752427129098 - >> {"id":59,"sessionId":"85F25CB6F2F5E989131EF42CCD954C4A","method":"Input.dispatchKeyEvent","params":{"modifiers":0,"type":"rawKeyDown","text":"r","windowsVirtualKeyCode":114}}
00:18:54.866 [nioEventLoopGroup-5-1] DEBUG c.i.k.driver.chrome_1752427129098 - << {"id":59,"result":{},"sessionId":"85F25CB6F2F5E989131EF42CCD954C4A"}
00:18:54.868 [main] DEBUG c.i.k.driver.chrome_1752427129098 - >> {"id":60,"sessionId":"85F25CB6F2F5E989131EF42CCD954C4A","method":"Input.dispatchKeyEvent","params":{"modifiers":0,"type":"char","text":"r","windowsVirtualKeyCode":114}}
00:18:54.876 [nioEventLoopGroup-5-1] DEBUG c.i.k.driver.chrome_1752427129098 - << {"id":60,"result":{},"sessionId":"85F25CB6F2F5E989131EF42CCD954C4A"}
00:18:54.877 [main] DEBUG c.i.k.driver.chrome_1752427129098 - >> {"id":61,"sessionId":"85F25CB6F2F5E989131EF42CCD954C4A","method":"Input.dispatchKeyEvent","params":{"modifiers":0,"type":"keyUp","text":"r","windowsVirtualKeyCode":114}}
00:18:54.878 [nioEventLoopGroup-5-1] DEBUG c.i.k.driver.chrome_1752427129098 - << {"id":61,"result":{},"sessionId":"85F25CB6F2F5E989131EF42CCD954C4A"}
00:18:54.879 [main] DEBUG c.i.k.driver.chrome_1752427129098 - >> {"id":62,"sessionId":"85F25CB6F2F5E989131EF42CCD954C4A","method":"Input.dispatchKeyEvent","params":{"modifiers":0,"type":"rawKeyDown","text":"e","windowsVirtualKeyCode":101}}
00:18:54.881 [nioEventLoopGroup-5-1] DEBUG c.i.k.driver.chrome_1752427129098 - << {"id":62,"result":{},"sessionId":"85F25CB6F2F5E989131EF42CCD954C4A"}
00:18:54.881 [main] DEBUG c.i.k.driver.chrome_1752427129098 - >> {"id":63,"sessionId":"85F25CB6F2F5E989131EF42CCD954C4A","method":"Input.dispatchKeyEvent","params":{"modifiers":0,"type":"char","text":"e","windowsVirtualKeyCode":101}}
00:18:54.891 [nioEventLoopGroup-5-1] DEBUG c.i.k.driver.chrome_1752427129098 - << {"id":63,"result":{},"sessionId":"85F25CB6F2F5E989131EF42CCD954C4A"}
00:18:54.891 [main] DEBUG c.i.k.driver.chrome_1752427129098 - >> {"id":64,"sessionId":"85F25CB6F2F5E989131EF42CCD954C4A","method":"Input.dispatchKeyEvent","params":{"modifiers":0,"type":"keyUp","text":"e","windowsVirtualKeyCode":101}}
00:18:54.893 [nioEventLoopGroup-5-1] DEBUG c.i.k.driver.chrome_1752427129098 - << {"id":64,"result":{},"sessionId":"85F25CB6F2F5E989131EF42CCD954C4A"}
00:18:54.893 [main] DEBUG c.i.k.driver.chrome_1752427129098 - >> {"id":65,"sessionId":"85F25CB6F2F5E989131EF42CCD954C4A","method":"Input.dispatchKeyEvent","params":{"modifiers":0,"type":"rawKeyDown","text":"t","windowsVirtualKeyCode":116}}
00:18:54.895 [nioEventLoopGroup-5-1] DEBUG c.i.k.driver.chrome_1752427129098 - << {"id":65,"result":{},"sessionId":"85F25CB6F2F5E989131EF42CCD954C4A"}
00:18:54.896 [main] DEBUG c.i.k.driver.chrome_1752427129098 - >> {"id":66,"sessionId":"85F25CB6F2F5E989131EF42CCD954C4A","method":"Input.dispatchKeyEvent","params":{"modifiers":0,"type":"char","text":"t","windowsVirtualKeyCode":116}}
00:18:54.898 [nioEventLoopGroup-5-1] DEBUG c.i.k.driver.chrome_1752427129098 - << {"id":66,"result":{},"sessionId":"85F25CB6F2F5E989131EF42CCD954C4A"}
00:18:54.899 [main] DEBUG c.i.k.driver.chrome_1752427129098 - >> {"id":67,"sessionId":"85F25CB6F2F5E989131EF42CCD954C4A","method":"Input.dispatchKeyEvent","params":{"modifiers":0,"type":"keyUp","text":"t","windowsVirtualKeyCode":116}}
00:18:54.903 [nioEventLoopGroup-5-1] DEBUG c.i.k.driver.chrome_1752427129098 - << {"id":67,"result":{},"sessionId":"85F25CB6F2F5E989131EF42CCD954C4A"}
00:18:54.903 [main] DEBUG c.i.k.driver.chrome_1752427129098 - >> {"id":68,"sessionId":"85F25CB6F2F5E989131EF42CCD954C4A","method":"Input.dispatchKeyEvent","params":{"modifiers":0,"type":"rawKeyDown","text":"_","windowsVirtualKeyCode":523}}
00:18:54.905 [nioEventLoopGroup-5-1] DEBUG c.i.k.driver.chrome_1752427129098 - << {"id":68,"result":{},"sessionId":"85F25CB6F2F5E989131EF42CCD954C4A"}
00:18:54.905 [main] DEBUG c.i.k.driver.chrome_1752427129098 - >> {"id":69,"sessionId":"85F25CB6F2F5E989131EF42CCD954C4A","method":"Input.dispatchKeyEvent","params":{"modifiers":0,"type":"char","text":"_","windowsVirtualKeyCode":523}}
00:18:54.909 [nioEventLoopGroup-5-1] DEBUG c.i.k.driver.chrome_1752427129098 - << {"id":69,"result":{},"sessionId":"85F25CB6F2F5E989131EF42CCD954C4A"}
00:18:54.909 [main] DEBUG c.i.k.driver.chrome_1752427129098 - >> {"id":70,"sessionId":"85F25CB6F2F5E989131EF42CCD954C4A","method":"Input.dispatchKeyEvent","params":{"modifiers":0,"type":"keyUp","text":"_","windowsVirtualKeyCode":523}}
00:18:54.911 [nioEventLoopGroup-5-1] DEBUG c.i.k.driver.chrome_1752427129098 - << {"id":70,"result":{},"sessionId":"85F25CB6F2F5E989131EF42CCD954C4A"}
00:18:54.911 [main] DEBUG c.i.k.driver.chrome_1752427129098 - >> {"id":71,"sessionId":"85F25CB6F2F5E989131EF42CCD954C4A","method":"Input.dispatchKeyEvent","params":{"modifiers":0,"type":"rawKeyDown","text":"s","windowsVirtualKeyCode":115}}
00:18:54.913 [nioEventLoopGroup-5-1] DEBUG c.i.k.driver.chrome_1752427129098 - << {"id":71,"result":{},"sessionId":"85F25CB6F2F5E989131EF42CCD954C4A"}
00:18:54.913 [main] DEBUG c.i.k.driver.chrome_1752427129098 - >> {"id":72,"sessionId":"85F25CB6F2F5E989131EF42CCD954C4A","method":"Input.dispatchKeyEvent","params":{"modifiers":0,"type":"char","text":"s","windowsVirtualKeyCode":115}}
00:18:54.920 [nioEventLoopGroup-5-1] DEBUG c.i.k.driver.chrome_1752427129098 - << {"id":72,"result":{},"sessionId":"85F25CB6F2F5E989131EF42CCD954C4A"}
00:18:54.921 [main] DEBUG c.i.k.driver.chrome_1752427129098 - >> {"id":73,"sessionId":"85F25CB6F2F5E989131EF42CCD954C4A","method":"Input.dispatchKeyEvent","params":{"modifiers":0,"type":"keyUp","text":"s","windowsVirtualKeyCode":115}}
00:18:54.923 [nioEventLoopGroup-5-1] DEBUG c.i.k.driver.chrome_1752427129098 - << {"id":73,"result":{},"sessionId":"85F25CB6F2F5E989131EF42CCD954C4A"}
00:18:54.923 [main] DEBUG c.i.k.driver.chrome_1752427129098 - >> {"id":74,"sessionId":"85F25CB6F2F5E989131EF42CCD954C4A","method":"Input.dispatchKeyEvent","params":{"modifiers":0,"type":"rawKeyDown","text":"a","windowsVirtualKeyCode":97}}
00:18:54.925 [nioEventLoopGroup-5-1] DEBUG c.i.k.driver.chrome_1752427129098 - << {"id":74,"result":{},"sessionId":"85F25CB6F2F5E989131EF42CCD954C4A"}
00:18:54.925 [main] DEBUG c.i.k.driver.chrome_1752427129098 - >> {"id":75,"sessionId":"85F25CB6F2F5E989131EF42CCD954C4A","method":"Input.dispatchKeyEvent","params":{"modifiers":0,"type":"char","text":"a","windowsVirtualKeyCode":97}}
00:18:54.931 [nioEventLoopGroup-5-1] DEBUG c.i.k.driver.chrome_1752427129098 - << {"id":75,"result":{},"sessionId":"85F25CB6F2F5E989131EF42CCD954C4A"}
00:18:54.932 [main] DEBUG c.i.k.driver.chrome_1752427129098 - >> {"id":76,"sessionId":"85F25CB6F2F5E989131EF42CCD954C4A","method":"Input.dispatchKeyEvent","params":{"modifiers":0,"type":"keyUp","text":"a","windowsVirtualKeyCode":97}}
00:18:54.936 [nioEventLoopGroup-5-1] DEBUG c.i.k.driver.chrome_1752427129098 - << {"id":76,"result":{},"sessionId":"85F25CB6F2F5E989131EF42CCD954C4A"}
00:18:54.937 [main] DEBUG c.i.k.driver.chrome_1752427129098 - >> {"id":77,"sessionId":"85F25CB6F2F5E989131EF42CCD954C4A","method":"Input.dispatchKeyEvent","params":{"modifiers":0,"type":"rawKeyDown","text":"u","windowsVirtualKeyCode":117}}
00:18:54.941 [nioEventLoopGroup-5-1] DEBUG c.i.k.driver.chrome_1752427129098 - << {"id":77,"result":{},"sessionId":"85F25CB6F2F5E989131EF42CCD954C4A"}
00:18:54.941 [main] DEBUG c.i.k.driver.chrome_1752427129098 - >> {"id":78,"sessionId":"85F25CB6F2F5E989131EF42CCD954C4A","method":"Input.dispatchKeyEvent","params":{"modifiers":0,"type":"char","text":"u","windowsVirtualKeyCode":117}}
00:18:54.944 [nioEventLoopGroup-5-1] DEBUG c.i.k.driver.chrome_1752427129098 - << {"id":78,"result":{},"sessionId":"85F25CB6F2F5E989131EF42CCD954C4A"}
00:18:54.944 [main] DEBUG c.i.k.driver.chrome_1752427129098 - >> {"id":79,"sessionId":"85F25CB6F2F5E989131EF42CCD954C4A","method":"Input.dispatchKeyEvent","params":{"modifiers":0,"type":"keyUp","text":"u","windowsVirtualKeyCode":117}}
00:18:54.946 [nioEventLoopGroup-5-1] DEBUG c.i.k.driver.chrome_1752427129098 - << {"id":79,"result":{},"sessionId":"85F25CB6F2F5E989131EF42CCD954C4A"}
00:18:54.946 [main] DEBUG c.i.k.driver.chrome_1752427129098 - >> {"id":80,"sessionId":"85F25CB6F2F5E989131EF42CCD954C4A","method":"Input.dispatchKeyEvent","params":{"modifiers":0,"type":"rawKeyDown","text":"c","windowsVirtualKeyCode":99}}
00:18:54.948 [nioEventLoopGroup-5-1] DEBUG c.i.k.driver.chrome_1752427129098 - << {"id":80,"result":{},"sessionId":"85F25CB6F2F5E989131EF42CCD954C4A"}
00:18:54.948 [main] DEBUG c.i.k.driver.chrome_1752427129098 - >> {"id":81,"sessionId":"85F25CB6F2F5E989131EF42CCD954C4A","method":"Input.dispatchKeyEvent","params":{"modifiers":0,"type":"char","text":"c","windowsVirtualKeyCode":99}}
00:18:54.955 [nioEventLoopGroup-5-1] DEBUG c.i.k.driver.chrome_1752427129098 - << {"id":81,"result":{},"sessionId":"85F25CB6F2F5E989131EF42CCD954C4A"}
00:18:54.955 [main] DEBUG c.i.k.driver.chrome_1752427129098 - >> {"id":82,"sessionId":"85F25CB6F2F5E989131EF42CCD954C4A","method":"Input.dispatchKeyEvent","params":{"modifiers":0,"type":"keyUp","text":"c","windowsVirtualKeyCode":99}}
00:18:54.957 [nioEventLoopGroup-5-1] DEBUG c.i.k.driver.chrome_1752427129098 - << {"id":82,"result":{},"sessionId":"85F25CB6F2F5E989131EF42CCD954C4A"}
00:18:54.957 [main] DEBUG c.i.k.driver.chrome_1752427129098 - >> {"id":83,"sessionId":"85F25CB6F2F5E989131EF42CCD954C4A","method":"Input.dispatchKeyEvent","params":{"modifiers":0,"type":"rawKeyDown","text":"e","windowsVirtualKeyCode":101}}
00:18:54.958 [nioEventLoopGroup-5-1] DEBUG c.i.k.driver.chrome_1752427129098 - << {"id":83,"result":{},"sessionId":"85F25CB6F2F5E989131EF42CCD954C4A"}
00:18:54.959 [main] DEBUG c.i.k.driver.chrome_1752427129098 - >> {"id":84,"sessionId":"85F25CB6F2F5E989131EF42CCD954C4A","method":"Input.dispatchKeyEvent","params":{"modifiers":0,"type":"char","text":"e","windowsVirtualKeyCode":101}}
00:18:54.961 [nioEventLoopGroup-5-1] DEBUG c.i.k.driver.chrome_1752427129098 - << {"id":84,"result":{},"sessionId":"85F25CB6F2F5E989131EF42CCD954C4A"}
00:18:54.962 [main] DEBUG c.i.k.driver.chrome_1752427129098 - >> {"id":85,"sessionId":"85F25CB6F2F5E989131EF42CCD954C4A","method":"Input.dispatchKeyEvent","params":{"modifiers":0,"type":"keyUp","text":"e","windowsVirtualKeyCode":101}}
00:18:54.963 [nioEventLoopGroup-5-1] DEBUG c.i.k.driver.chrome_1752427129098 - << {"id":85,"result":{},"sessionId":"85F25CB6F2F5E989131EF42CCD954C4A"}
00:18:54.964 [main] DEBUG c.i.k.driver.chrome_1752427129098 - >> {"id":86,"sessionId":"85F25CB6F2F5E989131EF42CCD954C4A","method":"Runtime.evaluate","params":{"expression":"document.evaluate(\"\/\/*[@id='login-button']\", document, null, 9, null).singleNodeValue.click()","returnByValue":true}}
00:18:54.972 [nioEventLoopGroup-5-1] DEBUG c.i.k.driver.chrome_1752427129098 - << {"method":"Page.frameStartedLoading","params":{"frameId":"AA370947DC3A51905D7E0344F238DCC9"},"sessionId":"85F25CB6F2F5E989131EF42CCD954C4A"}
00:18:54.975 [nioEventLoopGroup-5-1] DEBUG c.i.k.driver.chrome_1752427129098 - << {"method":"Target.targetInfoChanged","params":{"targetInfo":{"targetId":"AA370947DC3A51905D7E0344F238DCC9","type":"page","title":"Swag Labs","url":"https://www.saucedemo.com/inventory.html","attached":true,"canAccessOpener":false,"browserContextId":"90BEE5BE6FA45E59955C7AD7B12D9192"}},"sessionId":"85F25CB6F2F5E989131EF42CCD954C4A"}
00:18:54.976 [nioEventLoopGroup-5-1] DEBUG c.i.k.driver.chrome_1752427129098 - << {"method":"Page.navigatedWithinDocument","params":{"frameId":"AA370947DC3A51905D7E0344F238DCC9","url":"https://www.saucedemo.com/inventory.html","navigationType":"historyApi"},"sessionId":"85F25CB6F2F5E989131EF42CCD954C4A"}
00:18:54.976 [nioEventLoopGroup-5-1] DEBUG c.i.k.driver.chrome_1752427129098 - << {"method":"Page.frameStoppedLoading","params":{"frameId":"AA370947DC3A51905D7E0344F238DCC9"},"sessionId":"85F25CB6F2F5E989131EF42CCD954C4A"}
00:18:54.998 [nioEventLoopGroup-5-1] DEBUG c.i.k.driver.chrome_1752427129098 - << {"id":86,"result":{"result":{"type":"undefined"}},"sessionId":"85F25CB6F2F5E989131EF42CCD954C4A"}
00:18:55.012 [main] DEBUG c.i.k.driver.chrome_1752427129098 - >> {"id":87,"sessionId":"85F25CB6F2F5E989131EF42CCD954C4A","method":"Runtime.evaluate","params":{"expression":"document.location.href","returnByValue":true}}
00:18:55.083 [nioEventLoopGroup-5-1] DEBUG c.i.k.driver.chrome_1752427129098 - << {"id":87,"result":{"result":{"type":"string","value":"https://www.saucedemo.com/inventory.html"}},"sessionId":"85F25CB6F2F5E989131EF42CCD954C4A"}
00:18:55.088 [main] INFO  c.intuit.karate.core.FeatureRuntime - classpath:UI/HomePageUI/HomePage.feature - call by tag at line 7: action_sortProducts
00:18:55.104 [main] DEBUG c.intuit.karate.core.ScenarioEngine - over-writing existing variable 'homePage' with new value: read('classpath:UI/HomePageUI/saucedemo-HomePage.json')
00:18:55.106 [main] DEBUG c.i.k.driver.chrome_1752427129098 - >> {"id":88,"sessionId":"85F25CB6F2F5E989131EF42CCD954C4A","method":"Runtime.evaluate","params":{"expression":"(document.querySelector(\".product_sort_container\") != null)","returnByValue":true}}
00:18:55.110 [nioEventLoopGroup-5-1] DEBUG c.i.k.driver.chrome_1752427129098 - << {"id":88,"result":{"result":{"type":"boolean","value":true}},"sessionId":"85F25CB6F2F5E989131EF42CCD954C4A"}
00:18:55.112 [main] DEBUG c.i.k.driver.chrome_1752427129098 - >> {"id":89,"sessionId":"85F25CB6F2F5E989131EF42CCD954C4A","method":"Runtime.evaluate","params":{"expression":"(function(){ var fun = e => { e.value = 'lohi'; e.dispatchEvent(new Event('change', { bubbles: true })) }; var e = document.querySelector(\".product_sort_container\"); return fun(e) })()","returnByValue":true}}
00:18:55.138 [nioEventLoopGroup-5-1] DEBUG c.i.k.driver.chrome_1752427129098 - << {"id":89,"result":{"result":{"type":"undefined"}},"sessionId":"85F25CB6F2F5E989131EF42CCD954C4A"}
00:18:55.193 [nioEventLoopGroup-5-1] DEBUG c.i.k.driver.chrome_1752427129098 - << {"method":"Target.targetCreated","params":{"targetInfo":{"targetId":"736EE99BF3400E239412D2D9ADB23DE5","type":"other","title":"","url":"","attached":false,"canAccessOpener":false,"browserContextId":"E3E1C67D12C7E314C6E3E92EBE22EFF0"}},"sessionId":"85F25CB6F2F5E989131EF42CCD954C4A"}
00:18:55.211 [main] DEBUG c.i.k.driver.chrome_1752427129098 - >> {"id":90,"sessionId":"85F25CB6F2F5E989131EF42CCD954C4A","method":"Runtime.evaluate","params":{"expression":"(function(){ var res = []; var fun = e => e.innerText; var es = document.querySelectorAll(\".inventory_item_price\"); es.forEach(function(e){ res.push(fun(e)) }); return res })()","returnByValue":true}}
00:18:55.224 [nioEventLoopGroup-5-1] DEBUG c.i.k.driver.chrome_1752427129098 - << {"id":90,"result":{"result":{"type":"object","value":["$7.99","$9.99","$15.99","$15.99","$29.99","$49.99"]}},"sessionId":"85F25CB6F2F5E989131EF42CCD954C4A"}
>>>>>>>>>>>>>>>>>>>>>>>>>>>>>>>>>>>>>>>>>>>>>>>>>>>>>>>>>>>>>>>>>>>>>>>>
00:18:55.227 [main] INFO  com.intuit.karate - [print] UI List: [
  "$7.99",
  "$9.99",
  "$15.99",
  "$15.99",
  "$29.99",
  "$49.99"
]
 
>>>>>>>>>>>>>>>>>>>>>>>>>>>>>>>>>>>>>>>>>>>>>>>>>>>>>>>>>>>>>>>>>>>>>>>>
00:18:55.252 [main] INFO  com.intuit.karate - [print] UI Prices (as numbers): [
  7.99,
  9.99,
  15.99,
  15.99,
  29.99,
  49.99
]
 
>>>>>>>>>>>>>>>>>>>>>>>>>>>>>>>>>>>>>>>>>>>>>>>>>>>>>>>>>>>>>>>>>>>>>>>>
>>>>>>>>>>>>>>>>>>>>>>>>>>>>>>>>>>>>>>>>>>>>>>>>>>>>>>>>>>>>>>>>>>>>>>>>
>>>>>>>>>>>>>>>>>>>>>>>>>>>>>>>>>>>>>>>>>>>>>>>>>>>>>>>>>>>>>>>>>>>>>>>>
00:18:55.265 [main] INFO  com.intuit.karate - [print] Expected List: [
  7.99,
  9.99,
  15.99,
  15.99,
  29.99,
  49.99
]
 
>>>>>>>>>>>>>>>>>>>>>>>>>>>>>>>>>>>>>>>>>>>>>>>>>>>>>>>>>>>>>>>>>>>>>>>>
00:18:55.270 [main] ERROR com.intuit.karate - classpath:UI/HomePageUI/Home.feature:76
And match uiPricesAsNumbers == expectedSortedPrices
match failed: EQUALS
  $ | not equal | actual array length is not equal to expected - 0:6 (LIST:LIST)
  []
  [7.99,9.99,15.99,15.99,29.99,49.99]


classpath:UI/HomePageUI/Home.feature:76
00:18:55.270 [main] DEBUG c.i.k.driver.chrome_1752427129098 - >> {"id":91,"sessionId":"85F25CB6F2F5E989131EF42CCD954C4A","method":"Page.captureScreenshot"}
00:18:55.300 [nioEventLoopGroup-5-1] DEBUG c.i.k.driver.chrome_1752427129098 - << {"method":"Target.targetInfoChanged","params":{"targetInfo":{"targetId":"736EE99BF3400E239412D2D9ADB23DE5","type":"background_page","title":"Chrome Web Store Payments","url":"chrome-extension://nmmhkkegccagdldgiimedpiccmgmieda/_generated_background_page.html","attached":false,"canAccessOpener":false,"browserContextId":"E3E1C67D12C7E314C6E3E92EBE22EFF0"}},"sessionId":"85F25CB6F2F5E989131EF42CCD954C4A"}
00:18:55.482 [nioEventLoopGroup-5-1] DEBUG c.i.k.driver.chrome_1752427129098 - << {"id":91,"result":{"data":"iVBORw0KGgoAAAANSUhEUgAAA6EAAAPFCAIAAAAbXHkxAAAAAXNSR0IArs4c6QAAIABJREFUeJzs3Xt8VNW9N/7vWnvP7JlJZnIhCZcEsLkcmwCaoDYgj0GBeEFaC/Go4NEKHgXOI+CvQqwvLn0dCU8riE9BzwH0FLBWQCtQFNAaQIlFSKsGFZP2SaAVgkoSAplAMntm771+f+zJZHIjGXLD4fN+RU327MvaOxE+s/JdazEhBAEAAAAAXNlGjRrV9Z15b7YEAAAAAKAfIOMCAAAAQLhBxgUAAACAcIOMCwAAAADhBhkXAAAAAMINMi4AAAAAfF899dRT7W5HxgUAAACA7yUz4LYbc5FxAQAAAOD7Jzjato25yLgAAAAA8D3TNtS22oKMCwAAAADfJx3V4AZvZ1jLFwAAAACufFjLFwAAAACuasi4AAAAABBukHEBAAAAINwg4wIAAABAuJH7uwEAAAAA0M8efPyx+gsXiOi6ESMKFi/p7+b0AMyrAAAAAHC1SxmdVed2m58feve9a9PS+rtF7QhpXgVkXAAAAICrXfGnn/h82ouvvLz/4MGhiYlDExO7fqzFYlm3+oWEuLjebCC1zbi33HLLtddeGxUVVVdX9/e///2jjz4KfhUZFwCuZOrJoi3L167fe7RGJSJyJmTm5C8ueCTL1d8Nu3wnN00ZvaIsdfHBIzOTeuyklZvG3FpQkb7ks3dmDuuxkwLAVefzY8cm/vSeyzjw9ZdfuWPChF5oUQvBGff+++9PSmrxp2hlZeUbb7wR+BJjzgDgiuXen58zelbBTn/AJaL6qqN7Fv5rVkb+wbp+bhsAQBi6fuTI2265JdSjUq65pg8CbrBbbrmlVcAloqSkpFuCGo+MCwBXKE9h/v07aoiSH1j3fmXF8ZqK4zUVpYefy3URVe2Y9USh2oVzAABAaH7+H/871EN++fQveqctHbr22ms73d7deRVe+d2rtefOh3RIfFzcrAcf7OZ1A ...
00:18:55.485 [main] DEBUG c.i.k.driver.chrome_1752427129098 - >> {"id":92,"sessionId":"85F25CB6F2F5E989131EF42CCD954C4A","method":"Target.closeTarget","params":{"targetId":"AA370947DC3A51905D7E0344F238DCC9"}}
00:18:55.486 [nioEventLoopGroup-5-1] DEBUG c.i.k.http.WebSocketClientHandler - websocket closing
00:18:55.487 [nioEventLoopGroup-5-1] DEBUG c.i.k.http.WebSocketClientHandler - websocket client disconnected
00:18:55.489 [main] DEBUG com.intuit.karate.shell.Command - closing command: chrome_1752427129098
00:18:55.502 [main] INFO  com.intuit.karate - karate.env system property was: null 
00:18:55.505 [main] DEBUG com.intuit.karate.shell.Command - found / verified free local port: 64925
00:18:55.505 [main] WARN  c.intuit.karate.driver.DriverOptions - preferred port 9222 not available, will use: 64925
00:18:55.506 [main] DEBUG c.i.k.driver.chrome_1752427135505 - poll attempt #0 for port to be ready - localhost:64925
00:18:55.506 [chrome_1752427135505] DEBUG c.i.k.driver.chrome_1752427135505 - command: [C:\Program Files\Google\Chrome\Application\chrome.exe, --remote-debugging-port=64925, --remote-allow-origins=*, --no-first-run, --user-data-dir=E:\Duy\Projects\practices\karate_framework\demo\target\chrome_1752427135505, --disable-popup-blocking, --disable-features=PasswordManager, --incognito], working dir: target\chrome_1752427135505
00:18:55.764 [main] DEBUG c.i.k.driver.chrome_1752427135505 - poll attempt #1 for port to be ready - localhost:64925
00:18:55.790 [chrome_1752427129098] WARN  com.intuit.karate.shell.Command - exit code was non-zero: 1 - [C:\Program Files\Google\Chrome\Application\chrome.exe, --remote-debugging-port=64890, --remote-allow-origins=*, --no-first-run, --user-data-dir=E:\Duy\Projects\practices\karate_framework\demo\target\chrome_1752427129098, --disable-popup-blocking, --disable-features=PasswordManager, --incognito] working dir: target\chrome_1752427129098
00:18:55.939 [chrome_1752427135505-out] DEBUG c.i.k.driver.chrome_1752427135505 - 
00:18:55.939 [chrome_1752427135505-out] DEBUG c.i.k.driver.chrome_1752427135505 - DevTools listening on ws://127.0.0.1:64925/devtools/browser/846b8066-2ecb-4f2a-9bb2-3f2c91343810
00:18:56.030 [main] DEBUG c.i.k.driver.chrome_1752427135505 - poll attempt #2 for port to be ready - localhost:64925
00:18:56.063 [main] DEBUG com.intuit.karate - request:
1 > GET http://localhost:64925/json
1 > Host: localhost:64925
1 > Connection: Keep-Alive
1 > User-Agent: Apache-HttpClient/4.5.14 (Java/21.0.7)
1 > Accept-Encoding: gzip,deflate


00:18:56.229 [main] DEBUG com.intuit.karate - response time in milliseconds: 164
1 < 200
1 < Content-Security-Policy: frame-ancestors 'none'
1 < Content-Length: 1430
1 < Content-Type: application/json; charset=UTF-8
[ {
   "description": "",
   "devtoolsFrontendUrl": "https://chrome-devtools-frontend.appspot.com/serve_rev/@a2159ad9ab8037bd34a21b9903003e0964c2075b/inspector.html?ws=localhost:64925/devtools/page/EF5D77E2C8B59DBBFC3BF8228127E863",
   "id": "EF5D77E2C8B59DBBFC3BF8228127E863",
   "title": "Google Hangouts",
   "type": "background_page",
   "url": "chrome-extension://nkeimhogjdpnpccoofpliimaahmaaome/background.html",
   "webSocketDebuggerUrl": "ws://localhost:64925/devtools/page/EF5D77E2C8B59DBBFC3BF8228127E863"
}, {
   "description": "",
   "devtoolsFrontendUrl": "https://chrome-devtools-frontend.appspot.com/serve_rev/@a2159ad9ab8037bd34a21b9903003e0964c2075b/inspector.html?ws=localhost:64925/devtools/page/0123EE7EC77ED11CB9B06D549C974739",
   "id": "0123EE7EC77ED11CB9B06D549C974739",
   "title": "",
   "type": "other",
   "url": "",
   "webSocketDebuggerUrl": "ws://localhost:64925/devtools/page/0123EE7EC77ED11CB9B06D549C974739"
}, {
   "description": "",
   "devtoolsFrontendUrl": "https://chrome-devtools-frontend.appspot.com/serve_rev/@a2159ad9ab8037bd34a21b9903003e0964c2075b/inspector.html?ws=localhost:64925/devtools/page/D19D71D37F2205CD4F65FCA8F70E09E5",
   "id": "D19D71D37F2205CD4F65FCA8F70E09E5",
   "title": "New Incognito Tab",
   "type": "page",
   "url": "chrome://newtab/",
   "webSocketDebuggerUrl": "ws://localhost:64925/devtools/page/D19D71D37F2205CD4F65FCA8F70E09E5"
} ]


00:18:56.230 [main] DEBUG com.intuit.karate.shell.Command - ready to accept http connections after 182 ms - http://localhost:64925/json
00:18:56.233 [main] DEBUG com.intuit.karate - request:
1 > GET http://localhost:64925/json
1 > Host: localhost:64925
1 > Connection: Keep-Alive
1 > User-Agent: Apache-HttpClient/4.5.14 (Java/21.0.7)
1 > Accept-Encoding: gzip,deflate


00:18:56.268 [main] DEBUG com.intuit.karate - response time in milliseconds: 32
1 < 200
1 < Content-Security-Policy: frame-ancestors 'none'
1 < Content-Length: 1522
1 < Content-Type: application/json; charset=UTF-8
[ {
   "description": "",
   "devtoolsFrontendUrl": "https://chrome-devtools-frontend.appspot.com/serve_rev/@a2159ad9ab8037bd34a21b9903003e0964c2075b/inspector.html?ws=localhost:64925/devtools/page/EF5D77E2C8B59DBBFC3BF8228127E863",
   "id": "EF5D77E2C8B59DBBFC3BF8228127E863",
   "title": "Google Hangouts",
   "type": "background_page",
   "url": "chrome-extension://nkeimhogjdpnpccoofpliimaahmaaome/background.html",
   "webSocketDebuggerUrl": "ws://localhost:64925/devtools/page/EF5D77E2C8B59DBBFC3BF8228127E863"
}, {
   "description": "",
   "devtoolsFrontendUrl": "https://chrome-devtools-frontend.appspot.com/serve_rev/@a2159ad9ab8037bd34a21b9903003e0964c2075b/inspector.html?ws=localhost:64925/devtools/page/0123EE7EC77ED11CB9B06D549C974739",
   "id": "0123EE7EC77ED11CB9B06D549C974739",
   "title": "Google Hangouts",
   "type": "background_page",
   "url": "chrome-extension://nkeimhogjdpnpccoofpliimaahmaaome/background.html",
   "webSocketDebuggerUrl": "ws://localhost:64925/devtools/page/0123EE7EC77ED11CB9B06D549C974739"
}, {
   "description": "",
   "devtoolsFrontendUrl": "https://chrome-devtools-frontend.appspot.com/serve_rev/@a2159ad9ab8037bd34a21b9903003e0964c2075b/inspector.html?ws=localhost:64925/devtools/page/D19D71D37F2205CD4F65FCA8F70E09E5",
   "id": "D19D71D37F2205CD4F65FCA8F70E09E5",
   "title": "New Incognito Tab",
   "type": "page",
   "url": "chrome://newtab/",
   "webSocketDebuggerUrl": "ws://localhost:64925/devtools/page/D19D71D37F2205CD4F65FCA8F70E09E5"
} ]


00:18:56.270 [main] DEBUG c.i.k.driver.chrome_1752427135505 - root frame id: D19D71D37F2205CD4F65FCA8F70E09E5
00:18:56.365 [nioEventLoopGroup-6-1] DEBUG c.i.k.http.WebSocketClientHandler - websocket client connected
00:18:56.366 [main] DEBUG c.i.k.driver.chrome_1752427135505 - >> {"id":1,"method":"Target.attachToTarget","params":{"targetId":"D19D71D37F2205CD4F65FCA8F70E09E5","flatten":true}}
00:18:56.369 [nioEventLoopGroup-6-1] DEBUG c.i.k.driver.chrome_1752427135505 - << {"method":"Target.attachedToTarget","params":{"sessionId":"8FCFC78D6194C27EF6C188165D033917","targetInfo":{"targetId":"D19D71D37F2205CD4F65FCA8F70E09E5","type":"page","title":"New Incognito Tab","url":"chrome://newtab/","attached":true,"canAccessOpener":false,"browserContextId":"3E1B3AFA3747BC07CB729257D82F8EED"},"waitingForDebugger":false}}
00:18:56.370 [nioEventLoopGroup-6-1] DEBUG c.i.k.driver.chrome_1752427135505 - << {"id":1,"result":{"sessionId":"8FCFC78D6194C27EF6C188165D033917"}}
00:18:56.370 [main] DEBUG c.i.k.driver.chrome_1752427135505 - >> {"id":2,"sessionId":"8FCFC78D6194C27EF6C188165D033917","method":"Target.activateTarget","params":{"targetId":"D19D71D37F2205CD4F65FCA8F70E09E5"}}
00:18:56.374 [nioEventLoopGroup-6-1] DEBUG c.i.k.driver.chrome_1752427135505 - << {"id":2,"result":{},"sessionId":"8FCFC78D6194C27EF6C188165D033917"}
00:18:56.374 [main] DEBUG c.i.k.driver.chrome_1752427135505 - >> {"id":3,"sessionId":"8FCFC78D6194C27EF6C188165D033917","method":"Target.setDiscoverTargets","params":{"discover":true}}
00:18:56.376 [nioEventLoopGroup-6-1] DEBUG c.i.k.driver.chrome_1752427135505 - << {"method":"Target.targetCreated","params":{"targetInfo":{"targetId":"0123EE7EC77ED11CB9B06D549C974739","type":"background_page","title":"Google Hangouts","url":"chrome-extension://nkeimhogjdpnpccoofpliimaahmaaome/background.html","attached":false,"canAccessOpener":false,"browserContextId":"7310104149648034B1CB7CAB0277522B"}},"sessionId":"8FCFC78D6194C27EF6C188165D033917"}
00:18:56.376 [nioEventLoopGroup-6-1] DEBUG c.i.k.driver.chrome_1752427135505 - << {"method":"Target.targetCreated","params":{"targetInfo":{"targetId":"D19D71D37F2205CD4F65FCA8F70E09E5","type":"page","title":"New Incognito Tab","url":"chrome://newtab/","attached":true,"canAccessOpener":false,"browserContextId":"3E1B3AFA3747BC07CB729257D82F8EED"}},"sessionId":"8FCFC78D6194C27EF6C188165D033917"}
00:18:56.377 [nioEventLoopGroup-6-1] DEBUG c.i.k.driver.chrome_1752427135505 - << {"method":"Target.targetCreated","params":{"targetInfo":{"targetId":"EF5D77E2C8B59DBBFC3BF8228127E863","type":"background_page","title":"Google Hangouts","url":"chrome-extension://nkeimhogjdpnpccoofpliimaahmaaome/background.html","attached":false,"canAccessOpener":false,"browserContextId":"3E1B3AFA3747BC07CB729257D82F8EED"}},"sessionId":"8FCFC78D6194C27EF6C188165D033917"}
00:18:56.377 [nioEventLoopGroup-6-1] DEBUG c.i.k.driver.chrome_1752427135505 - << {"id":3,"result":{},"sessionId":"8FCFC78D6194C27EF6C188165D033917"}
00:18:56.378 [main] DEBUG c.i.k.driver.chrome_1752427135505 - >> {"id":4,"sessionId":"8FCFC78D6194C27EF6C188165D033917","method":"Page.enable"}
00:18:56.408 [nioEventLoopGroup-6-1] DEBUG c.i.k.driver.chrome_1752427135505 - << {"id":4,"result":{},"sessionId":"8FCFC78D6194C27EF6C188165D033917"}
00:18:56.412 [main] DEBUG c.i.k.driver.chrome_1752427135505 - >> {"id":5,"sessionId":"8FCFC78D6194C27EF6C188165D033917","method":"Runtime.enable"}
00:18:56.429 [nioEventLoopGroup-6-1] DEBUG c.i.k.driver.chrome_1752427135505 - << {"method":"Runtime.executionContextCreated","params":{"context":{"id":1,"origin":"chrome://newtab","name":"","uniqueId":"9083775386657217637.4071652510753187535","auxData":{"isDefault":true,"type":"default","frameId":"D19D71D37F2205CD4F65FCA8F70E09E5"}}},"sessionId":"8FCFC78D6194C27EF6C188165D033917"}
00:18:56.429 [nioEventLoopGroup-6-1] DEBUG c.i.k.driver.chrome_1752427135505 - << {"id":5,"result":{},"sessionId":"8FCFC78D6194C27EF6C188165D033917"}
00:18:56.430 [main] DEBUG c.i.k.driver.chrome_1752427135505 - >> {"id":6,"sessionId":"8FCFC78D6194C27EF6C188165D033917","method":"Browser.getWindowForTarget","params":{"targetId":"D19D71D37F2205CD4F65FCA8F70E09E5"}}
00:18:56.432 [nioEventLoopGroup-6-1] DEBUG c.i.k.driver.chrome_1752427135505 - << {"id":6,"result":{"windowId":278311171,"bounds":{"left":10,"top":10,"width":945,"height":1060,"windowState":"normal"}},"sessionId":"8FCFC78D6194C27EF6C188165D033917"}
00:18:56.452 [nioEventLoopGroup-6-1] DEBUG c.i.k.driver.chrome_1752427135505 - << {"method":"Page.domContentEventFired","params":{"timestamp":35079.102051},"sessionId":"8FCFC78D6194C27EF6C188165D033917"}
00:18:56.498 [nioEventLoopGroup-6-1] DEBUG c.i.k.driver.chrome_1752427135505 - << {"method":"Page.loadEventFired","params":{"timestamp":35079.14812},"sessionId":"8FCFC78D6194C27EF6C188165D033917"}
00:18:56.499 [nioEventLoopGroup-6-1] DEBUG c.i.k.driver.chrome_1752427135505 - << {"method":"Page.frameStoppedLoading","params":{"frameId":"D19D71D37F2205CD4F65FCA8F70E09E5"},"sessionId":"8FCFC78D6194C27EF6C188165D033917"}
00:18:56.520 [nioEventLoopGroup-6-1] DEBUG c.i.k.driver.chrome_1752427135505 - << {"method":"Target.targetInfoChanged","params":{"targetInfo":{"targetId":"EF5D77E2C8B59DBBFC3BF8228127E863","type":"background_page","title":"Google Hangouts","url":"chrome-extension://nkeimhogjdpnpccoofpliimaahmaaome/background.html","attached":false,"canAccessOpener":false,"browserContextId":"3E1B3AFA3747BC07CB729257D82F8EED"}},"sessionId":"8FCFC78D6194C27EF6C188165D033917"}
00:18:56.573 [main] DEBUG c.i.k.driver.chrome_1752427135505 - >> {"id":7,"sessionId":"8FCFC78D6194C27EF6C188165D033917","method":"Page.navigate","params":{"url":"https:\/\/saucedemo.com\/"}}
00:18:56.583 [nioEventLoopGroup-6-1] DEBUG c.i.k.driver.chrome_1752427135505 - << {"method":"Page.frameStartedNavigating","params":{"frameId":"D19D71D37F2205CD4F65FCA8F70E09E5","url":"https://saucedemo.com/","loaderId":"07D3CB6119932444104B8A2B73E37C75","navigationType":"differentDocument"},"sessionId":"8FCFC78D6194C27EF6C188165D033917"}
00:18:56.584 [nioEventLoopGroup-6-1] DEBUG c.i.k.driver.chrome_1752427135505 - << {"method":"Page.frameStartedLoading","params":{"frameId":"D19D71D37F2205CD4F65FCA8F70E09E5"},"sessionId":"8FCFC78D6194C27EF6C188165D033917"}
00:18:56.642 [nioEventLoopGroup-6-1] DEBUG c.i.k.driver.chrome_1752427135505 - << {"method":"Target.targetInfoChanged","params":{"targetInfo":{"targetId":"0123EE7EC77ED11CB9B06D549C974739","type":"background_page","title":"Google Hangouts","url":"chrome-extension://nkeimhogjdpnpccoofpliimaahmaaome/background.html","attached":false,"canAccessOpener":false,"browserContextId":"7310104149648034B1CB7CAB0277522B"}},"sessionId":"8FCFC78D6194C27EF6C188165D033917"}
00:18:56.773 [nioEventLoopGroup-6-1] DEBUG c.i.k.driver.chrome_1752427135505 - << {"id":7,"result":{"frameId":"D19D71D37F2205CD4F65FCA8F70E09E5","loaderId":"07D3CB6119932444104B8A2B73E37C75"},"sessionId":"8FCFC78D6194C27EF6C188165D033917"}
00:18:56.776 [nioEventLoopGroup-6-1] DEBUG c.i.k.driver.chrome_1752427135505 - << {"method":"Runtime.executionContextsCleared","params":{},"sessionId":"8FCFC78D6194C27EF6C188165D033917"}
00:18:56.778 [nioEventLoopGroup-6-1] DEBUG c.i.k.driver.chrome_1752427135505 - << {"method":"Runtime.executionContextsCleared","params":{},"sessionId":"8FCFC78D6194C27EF6C188165D033917"}
00:18:56.778 [nioEventLoopGroup-6-1] DEBUG c.i.k.driver.chrome_1752427135505 - << {"method":"Page.frameNavigated","params":{"frame":{"id":"D19D71D37F2205CD4F65FCA8F70E09E5","loaderId":"07D3CB6119932444104B8A2B73E37C75","url":"https://www.saucedemo.com/","domainAndRegistry":"saucedemo.com","securityOrigin":"https://www.saucedemo.com","securityOriginDetails":{"isLocalhost":false},"mimeType":"text/html","adFrameStatus":{"adFrameType":"none"},"secureContextType":"Secure","crossOriginIsolatedContextType":"NotIsolated","gatedAPIFeatures":[]},"type":"Navigation"},"sessionId":"8FCFC78D6194C27EF6C188165D033917"}
00:18:56.793 [nioEventLoopGroup-6-1] DEBUG c.i.k.driver.chrome_1752427135505 - << {"method":"Target.targetInfoChanged","params":{"targetInfo":{"targetId":"D19D71D37F2205CD4F65FCA8F70E09E5","type":"page","title":"saucedemo.com","url":"https://www.saucedemo.com/","attached":true,"canAccessOpener":false,"browserContextId":"3E1B3AFA3747BC07CB729257D82F8EED"}},"sessionId":"8FCFC78D6194C27EF6C188165D033917"}
00:18:56.795 [nioEventLoopGroup-6-1] DEBUG c.i.k.driver.chrome_1752427135505 - << {"method":"Runtime.executionContextCreated","params":{"context":{"id":1,"origin":"https://www.saucedemo.com","name":"","uniqueId":"4385802850237463755.3035389902148345451","auxData":{"isDefault":true,"type":"default","frameId":"D19D71D37F2205CD4F65FCA8F70E09E5"}}},"sessionId":"8FCFC78D6194C27EF6C188165D033917"}
00:18:57.136 [nioEventLoopGroup-6-1] DEBUG c.i.k.driver.chrome_1752427135505 - << {"method":"Target.targetCreated","params":{"targetInfo":{"targetId":"BDFB2C0997E73C380F3B8DC45E34544F","type":"service_worker","title":"Service Worker chrome-extension://fignfifoniblkonapihmkfakmlgkbkcf/service_worker.js","url":"chrome-extension://fignfifoniblkonapihmkfakmlgkbkcf/service_worker.js","attached":false,"canAccessOpener":false,"browserContextId":"7310104149648034B1CB7CAB0277522B"}},"sessionId":"8FCFC78D6194C27EF6C188165D033917"}
00:18:57.316 [nioEventLoopGroup-6-1] DEBUG c.i.k.driver.chrome_1752427135505 - << {"method":"Page.domContentEventFired","params":{"timestamp":35079.963559},"sessionId":"8FCFC78D6194C27EF6C188165D033917"}
00:18:57.321 [main] INFO  c.intuit.karate.core.FeatureRuntime - classpath:UI/LoginUI/LoginPage.feature - call by tag at line 7: action_attemptLogin
00:18:57.339 [main] DEBUG c.i.k.driver.chrome_1752427135505 - >> {"id":8,"sessionId":"8FCFC78D6194C27EF6C188165D033917","method":"Runtime.evaluate","params":{"expression":"var e = document.evaluate(\"\/\/*[@id='user-name']\", document, null, 9, null).singleNodeValue; e.focus(); try { e.selectionStart = e.selectionEnd = e.value.length } catch(x) {}","returnByValue":true}}
00:18:57.343 [nioEventLoopGroup-6-1] DEBUG c.i.k.driver.chrome_1752427135505 - << {"id":8,"result":{"result":{"type":"number","value":0,"description":"0"}},"sessionId":"8FCFC78D6194C27EF6C188165D033917"}
00:18:57.343 [main] DEBUG c.i.k.driver.chrome_1752427135505 - >> {"id":9,"sessionId":"8FCFC78D6194C27EF6C188165D033917","method":"Input.dispatchKeyEvent","params":{"modifiers":0,"type":"rawKeyDown","text":"s","windowsVirtualKeyCode":115}}
00:18:57.346 [nioEventLoopGroup-6-1] DEBUG c.i.k.driver.chrome_1752427135505 - << {"id":9,"result":{},"sessionId":"8FCFC78D6194C27EF6C188165D033917"}
00:18:57.347 [main] DEBUG c.i.k.driver.chrome_1752427135505 - >> {"id":10,"sessionId":"8FCFC78D6194C27EF6C188165D033917","method":"Input.dispatchKeyEvent","params":{"modifiers":0,"type":"char","text":"s","windowsVirtualKeyCode":115}}
00:18:57.353 [nioEventLoopGroup-6-1] DEBUG c.i.k.driver.chrome_1752427135505 - << {"id":10,"result":{},"sessionId":"8FCFC78D6194C27EF6C188165D033917"}
00:18:57.354 [main] DEBUG c.i.k.driver.chrome_1752427135505 - >> {"id":11,"sessionId":"8FCFC78D6194C27EF6C188165D033917","method":"Input.dispatchKeyEvent","params":{"modifiers":0,"type":"keyUp","text":"s","windowsVirtualKeyCode":115}}
00:18:57.357 [nioEventLoopGroup-6-1] DEBUG c.i.k.driver.chrome_1752427135505 - << {"id":11,"result":{},"sessionId":"8FCFC78D6194C27EF6C188165D033917"}
00:18:57.357 [main] DEBUG c.i.k.driver.chrome_1752427135505 - >> {"id":12,"sessionId":"8FCFC78D6194C27EF6C188165D033917","method":"Input.dispatchKeyEvent","params":{"modifiers":0,"type":"rawKeyDown","text":"t","windowsVirtualKeyCode":116}}
00:18:57.359 [nioEventLoopGroup-6-1] DEBUG c.i.k.driver.chrome_1752427135505 - << {"id":12,"result":{},"sessionId":"8FCFC78D6194C27EF6C188165D033917"}
00:18:57.359 [main] DEBUG c.i.k.driver.chrome_1752427135505 - >> {"id":13,"sessionId":"8FCFC78D6194C27EF6C188165D033917","method":"Input.dispatchKeyEvent","params":{"modifiers":0,"type":"char","text":"t","windowsVirtualKeyCode":116}}
00:18:57.362 [nioEventLoopGroup-6-1] DEBUG c.i.k.driver.chrome_1752427135505 - << {"id":13,"result":{},"sessionId":"8FCFC78D6194C27EF6C188165D033917"}
00:18:57.363 [main] DEBUG c.i.k.driver.chrome_1752427135505 - >> {"id":14,"sessionId":"8FCFC78D6194C27EF6C188165D033917","method":"Input.dispatchKeyEvent","params":{"modifiers":0,"type":"keyUp","text":"t","windowsVirtualKeyCode":116}}
00:18:57.364 [nioEventLoopGroup-6-1] DEBUG c.i.k.driver.chrome_1752427135505 - << {"id":14,"result":{},"sessionId":"8FCFC78D6194C27EF6C188165D033917"}
00:18:57.365 [main] DEBUG c.i.k.driver.chrome_1752427135505 - >> {"id":15,"sessionId":"8FCFC78D6194C27EF6C188165D033917","method":"Input.dispatchKeyEvent","params":{"modifiers":0,"type":"rawKeyDown","text":"a","windowsVirtualKeyCode":97}}
00:18:57.366 [nioEventLoopGroup-6-1] DEBUG c.i.k.driver.chrome_1752427135505 - << {"id":15,"result":{},"sessionId":"8FCFC78D6194C27EF6C188165D033917"}
00:18:57.367 [main] DEBUG c.i.k.driver.chrome_1752427135505 - >> {"id":16,"sessionId":"8FCFC78D6194C27EF6C188165D033917","method":"Input.dispatchKeyEvent","params":{"modifiers":0,"type":"char","text":"a","windowsVirtualKeyCode":97}}
00:18:57.371 [nioEventLoopGroup-6-1] DEBUG c.i.k.driver.chrome_1752427135505 - << {"id":16,"result":{},"sessionId":"8FCFC78D6194C27EF6C188165D033917"}
00:18:57.372 [main] DEBUG c.i.k.driver.chrome_1752427135505 - >> {"id":17,"sessionId":"8FCFC78D6194C27EF6C188165D033917","method":"Input.dispatchKeyEvent","params":{"modifiers":0,"type":"keyUp","text":"a","windowsVirtualKeyCode":97}}
00:18:57.373 [nioEventLoopGroup-6-1] DEBUG c.i.k.driver.chrome_1752427135505 - << {"id":17,"result":{},"sessionId":"8FCFC78D6194C27EF6C188165D033917"}
00:18:57.373 [main] DEBUG c.i.k.driver.chrome_1752427135505 - >> {"id":18,"sessionId":"8FCFC78D6194C27EF6C188165D033917","method":"Input.dispatchKeyEvent","params":{"modifiers":0,"type":"rawKeyDown","text":"n","windowsVirtualKeyCode":110}}
00:18:57.375 [nioEventLoopGroup-6-1] DEBUG c.i.k.driver.chrome_1752427135505 - << {"id":18,"result":{},"sessionId":"8FCFC78D6194C27EF6C188165D033917"}
00:18:57.375 [main] DEBUG c.i.k.driver.chrome_1752427135505 - >> {"id":19,"sessionId":"8FCFC78D6194C27EF6C188165D033917","method":"Input.dispatchKeyEvent","params":{"modifiers":0,"type":"char","text":"n","windowsVirtualKeyCode":110}}
00:18:57.379 [nioEventLoopGroup-6-1] DEBUG c.i.k.driver.chrome_1752427135505 - << {"id":19,"result":{},"sessionId":"8FCFC78D6194C27EF6C188165D033917"}
00:18:57.379 [main] DEBUG c.i.k.driver.chrome_1752427135505 - >> {"id":20,"sessionId":"8FCFC78D6194C27EF6C188165D033917","method":"Input.dispatchKeyEvent","params":{"modifiers":0,"type":"keyUp","text":"n","windowsVirtualKeyCode":110}}
00:18:57.380 [nioEventLoopGroup-6-1] DEBUG c.i.k.driver.chrome_1752427135505 - << {"id":20,"result":{},"sessionId":"8FCFC78D6194C27EF6C188165D033917"}
00:18:57.381 [main] DEBUG c.i.k.driver.chrome_1752427135505 - >> {"id":21,"sessionId":"8FCFC78D6194C27EF6C188165D033917","method":"Input.dispatchKeyEvent","params":{"modifiers":0,"type":"rawKeyDown","text":"d","windowsVirtualKeyCode":100}}
00:18:57.382 [nioEventLoopGroup-6-1] DEBUG c.i.k.driver.chrome_1752427135505 - << {"id":21,"result":{},"sessionId":"8FCFC78D6194C27EF6C188165D033917"}
00:18:57.382 [main] DEBUG c.i.k.driver.chrome_1752427135505 - >> {"id":22,"sessionId":"8FCFC78D6194C27EF6C188165D033917","method":"Input.dispatchKeyEvent","params":{"modifiers":0,"type":"char","text":"d","windowsVirtualKeyCode":100}}
00:18:57.386 [nioEventLoopGroup-6-1] DEBUG c.i.k.driver.chrome_1752427135505 - << {"id":22,"result":{},"sessionId":"8FCFC78D6194C27EF6C188165D033917"}
00:18:57.387 [main] DEBUG c.i.k.driver.chrome_1752427135505 - >> {"id":23,"sessionId":"8FCFC78D6194C27EF6C188165D033917","method":"Input.dispatchKeyEvent","params":{"modifiers":0,"type":"keyUp","text":"d","windowsVirtualKeyCode":100}}
00:18:57.388 [nioEventLoopGroup-6-1] DEBUG c.i.k.driver.chrome_1752427135505 - << {"id":23,"result":{},"sessionId":"8FCFC78D6194C27EF6C188165D033917"}
00:18:57.388 [main] DEBUG c.i.k.driver.chrome_1752427135505 - >> {"id":24,"sessionId":"8FCFC78D6194C27EF6C188165D033917","method":"Input.dispatchKeyEvent","params":{"modifiers":0,"type":"rawKeyDown","text":"a","windowsVirtualKeyCode":97}}
00:18:57.390 [nioEventLoopGroup-6-1] DEBUG c.i.k.driver.chrome_1752427135505 - << {"id":24,"result":{},"sessionId":"8FCFC78D6194C27EF6C188165D033917"}
00:18:57.390 [main] DEBUG c.i.k.driver.chrome_1752427135505 - >> {"id":25,"sessionId":"8FCFC78D6194C27EF6C188165D033917","method":"Input.dispatchKeyEvent","params":{"modifiers":0,"type":"char","text":"a","windowsVirtualKeyCode":97}}
00:18:57.394 [nioEventLoopGroup-6-1] DEBUG c.i.k.driver.chrome_1752427135505 - << {"id":25,"result":{},"sessionId":"8FCFC78D6194C27EF6C188165D033917"}
00:18:57.394 [main] DEBUG c.i.k.driver.chrome_1752427135505 - >> {"id":26,"sessionId":"8FCFC78D6194C27EF6C188165D033917","method":"Input.dispatchKeyEvent","params":{"modifiers":0,"type":"keyUp","text":"a","windowsVirtualKeyCode":97}}
00:18:57.395 [nioEventLoopGroup-6-1] DEBUG c.i.k.driver.chrome_1752427135505 - << {"id":26,"result":{},"sessionId":"8FCFC78D6194C27EF6C188165D033917"}
00:18:57.396 [main] DEBUG c.i.k.driver.chrome_1752427135505 - >> {"id":27,"sessionId":"8FCFC78D6194C27EF6C188165D033917","method":"Input.dispatchKeyEvent","params":{"modifiers":0,"type":"rawKeyDown","text":"r","windowsVirtualKeyCode":114}}
00:18:57.397 [nioEventLoopGroup-6-1] DEBUG c.i.k.driver.chrome_1752427135505 - << {"id":27,"result":{},"sessionId":"8FCFC78D6194C27EF6C188165D033917"}
00:18:57.397 [main] DEBUG c.i.k.driver.chrome_1752427135505 - >> {"id":28,"sessionId":"8FCFC78D6194C27EF6C188165D033917","method":"Input.dispatchKeyEvent","params":{"modifiers":0,"type":"char","text":"r","windowsVirtualKeyCode":114}}
00:18:57.401 [nioEventLoopGroup-6-1] DEBUG c.i.k.driver.chrome_1752427135505 - << {"id":28,"result":{},"sessionId":"8FCFC78D6194C27EF6C188165D033917"}
00:18:57.402 [main] DEBUG c.i.k.driver.chrome_1752427135505 - >> {"id":29,"sessionId":"8FCFC78D6194C27EF6C188165D033917","method":"Input.dispatchKeyEvent","params":{"modifiers":0,"type":"keyUp","text":"r","windowsVirtualKeyCode":114}}
00:18:57.404 [nioEventLoopGroup-6-1] DEBUG c.i.k.driver.chrome_1752427135505 - << {"id":29,"result":{},"sessionId":"8FCFC78D6194C27EF6C188165D033917"}
00:18:57.404 [main] DEBUG c.i.k.driver.chrome_1752427135505 - >> {"id":30,"sessionId":"8FCFC78D6194C27EF6C188165D033917","method":"Input.dispatchKeyEvent","params":{"modifiers":0,"type":"rawKeyDown","text":"d","windowsVirtualKeyCode":100}}
00:18:57.405 [nioEventLoopGroup-6-1] DEBUG c.i.k.driver.chrome_1752427135505 - << {"id":30,"result":{},"sessionId":"8FCFC78D6194C27EF6C188165D033917"}
00:18:57.406 [main] DEBUG c.i.k.driver.chrome_1752427135505 - >> {"id":31,"sessionId":"8FCFC78D6194C27EF6C188165D033917","method":"Input.dispatchKeyEvent","params":{"modifiers":0,"type":"char","text":"d","windowsVirtualKeyCode":100}}
00:18:57.410 [nioEventLoopGroup-6-1] DEBUG c.i.k.driver.chrome_1752427135505 - << {"id":31,"result":{},"sessionId":"8FCFC78D6194C27EF6C188165D033917"}
00:18:57.410 [main] DEBUG c.i.k.driver.chrome_1752427135505 - >> {"id":32,"sessionId":"8FCFC78D6194C27EF6C188165D033917","method":"Input.dispatchKeyEvent","params":{"modifiers":0,"type":"keyUp","text":"d","windowsVirtualKeyCode":100}}
00:18:57.412 [nioEventLoopGroup-6-1] DEBUG c.i.k.driver.chrome_1752427135505 - << {"id":32,"result":{},"sessionId":"8FCFC78D6194C27EF6C188165D033917"}
00:18:57.412 [main] DEBUG c.i.k.driver.chrome_1752427135505 - >> {"id":33,"sessionId":"8FCFC78D6194C27EF6C188165D033917","method":"Input.dispatchKeyEvent","params":{"modifiers":0,"type":"rawKeyDown","text":"_","windowsVirtualKeyCode":523}}
00:18:57.414 [nioEventLoopGroup-6-1] DEBUG c.i.k.driver.chrome_1752427135505 - << {"id":33,"result":{},"sessionId":"8FCFC78D6194C27EF6C188165D033917"}
00:18:57.414 [main] DEBUG c.i.k.driver.chrome_1752427135505 - >> {"id":34,"sessionId":"8FCFC78D6194C27EF6C188165D033917","method":"Input.dispatchKeyEvent","params":{"modifiers":0,"type":"char","text":"_","windowsVirtualKeyCode":523}}
00:18:57.417 [nioEventLoopGroup-6-1] DEBUG c.i.k.driver.chrome_1752427135505 - << {"id":34,"result":{},"sessionId":"8FCFC78D6194C27EF6C188165D033917"}
00:18:57.418 [main] DEBUG c.i.k.driver.chrome_1752427135505 - >> {"id":35,"sessionId":"8FCFC78D6194C27EF6C188165D033917","method":"Input.dispatchKeyEvent","params":{"modifiers":0,"type":"keyUp","text":"_","windowsVirtualKeyCode":523}}
00:18:57.419 [nioEventLoopGroup-6-1] DEBUG c.i.k.driver.chrome_1752427135505 - << {"id":35,"result":{},"sessionId":"8FCFC78D6194C27EF6C188165D033917"}
00:18:57.419 [main] DEBUG c.i.k.driver.chrome_1752427135505 - >> {"id":36,"sessionId":"8FCFC78D6194C27EF6C188165D033917","method":"Input.dispatchKeyEvent","params":{"modifiers":0,"type":"rawKeyDown","text":"u","windowsVirtualKeyCode":117}}
00:18:57.421 [nioEventLoopGroup-6-1] DEBUG c.i.k.driver.chrome_1752427135505 - << {"id":36,"result":{},"sessionId":"8FCFC78D6194C27EF6C188165D033917"}
00:18:57.422 [main] DEBUG c.i.k.driver.chrome_1752427135505 - >> {"id":37,"sessionId":"8FCFC78D6194C27EF6C188165D033917","method":"Input.dispatchKeyEvent","params":{"modifiers":0,"type":"char","text":"u","windowsVirtualKeyCode":117}}
00:18:57.426 [nioEventLoopGroup-6-1] DEBUG c.i.k.driver.chrome_1752427135505 - << {"id":37,"result":{},"sessionId":"8FCFC78D6194C27EF6C188165D033917"}
00:18:57.426 [main] DEBUG c.i.k.driver.chrome_1752427135505 - >> {"id":38,"sessionId":"8FCFC78D6194C27EF6C188165D033917","method":"Input.dispatchKeyEvent","params":{"modifiers":0,"type":"keyUp","text":"u","windowsVirtualKeyCode":117}}
00:18:57.428 [nioEventLoopGroup-6-1] DEBUG c.i.k.driver.chrome_1752427135505 - << {"id":38,"result":{},"sessionId":"8FCFC78D6194C27EF6C188165D033917"}
00:18:57.428 [main] DEBUG c.i.k.driver.chrome_1752427135505 - >> {"id":39,"sessionId":"8FCFC78D6194C27EF6C188165D033917","method":"Input.dispatchKeyEvent","params":{"modifiers":0,"type":"rawKeyDown","text":"s","windowsVirtualKeyCode":115}}
00:18:57.430 [nioEventLoopGroup-6-1] DEBUG c.i.k.driver.chrome_1752427135505 - << {"id":39,"result":{},"sessionId":"8FCFC78D6194C27EF6C188165D033917"}
00:18:57.431 [main] DEBUG c.i.k.driver.chrome_1752427135505 - >> {"id":40,"sessionId":"8FCFC78D6194C27EF6C188165D033917","method":"Input.dispatchKeyEvent","params":{"modifiers":0,"type":"char","text":"s","windowsVirtualKeyCode":115}}
00:18:57.435 [nioEventLoopGroup-6-1] DEBUG c.i.k.driver.chrome_1752427135505 - << {"id":40,"result":{},"sessionId":"8FCFC78D6194C27EF6C188165D033917"}
00:18:57.437 [main] DEBUG c.i.k.driver.chrome_1752427135505 - >> {"id":41,"sessionId":"8FCFC78D6194C27EF6C188165D033917","method":"Input.dispatchKeyEvent","params":{"modifiers":0,"type":"keyUp","text":"s","windowsVirtualKeyCode":115}}
00:18:57.439 [nioEventLoopGroup-6-1] DEBUG c.i.k.driver.chrome_1752427135505 - << {"id":41,"result":{},"sessionId":"8FCFC78D6194C27EF6C188165D033917"}
00:18:57.440 [main] DEBUG c.i.k.driver.chrome_1752427135505 - >> {"id":42,"sessionId":"8FCFC78D6194C27EF6C188165D033917","method":"Input.dispatchKeyEvent","params":{"modifiers":0,"type":"rawKeyDown","text":"e","windowsVirtualKeyCode":101}}
00:18:57.441 [nioEventLoopGroup-6-1] DEBUG c.i.k.driver.chrome_1752427135505 - << {"id":42,"result":{},"sessionId":"8FCFC78D6194C27EF6C188165D033917"}
00:18:57.442 [main] DEBUG c.i.k.driver.chrome_1752427135505 - >> {"id":43,"sessionId":"8FCFC78D6194C27EF6C188165D033917","method":"Input.dispatchKeyEvent","params":{"modifiers":0,"type":"char","text":"e","windowsVirtualKeyCode":101}}
00:18:57.445 [nioEventLoopGroup-6-1] DEBUG c.i.k.driver.chrome_1752427135505 - << {"id":43,"result":{},"sessionId":"8FCFC78D6194C27EF6C188165D033917"}
00:18:57.445 [main] DEBUG c.i.k.driver.chrome_1752427135505 - >> {"id":44,"sessionId":"8FCFC78D6194C27EF6C188165D033917","method":"Input.dispatchKeyEvent","params":{"modifiers":0,"type":"keyUp","text":"e","windowsVirtualKeyCode":101}}
00:18:57.447 [nioEventLoopGroup-6-1] DEBUG c.i.k.driver.chrome_1752427135505 - << {"id":44,"result":{},"sessionId":"8FCFC78D6194C27EF6C188165D033917"}
00:18:57.448 [main] DEBUG c.i.k.driver.chrome_1752427135505 - >> {"id":45,"sessionId":"8FCFC78D6194C27EF6C188165D033917","method":"Input.dispatchKeyEvent","params":{"modifiers":0,"type":"rawKeyDown","text":"r","windowsVirtualKeyCode":114}}
00:18:57.449 [nioEventLoopGroup-6-1] DEBUG c.i.k.driver.chrome_1752427135505 - << {"id":45,"result":{},"sessionId":"8FCFC78D6194C27EF6C188165D033917"}
00:18:57.450 [main] DEBUG c.i.k.driver.chrome_1752427135505 - >> {"id":46,"sessionId":"8FCFC78D6194C27EF6C188165D033917","method":"Input.dispatchKeyEvent","params":{"modifiers":0,"type":"char","text":"r","windowsVirtualKeyCode":114}}
00:18:57.454 [nioEventLoopGroup-6-1] DEBUG c.i.k.driver.chrome_1752427135505 - << {"id":46,"result":{},"sessionId":"8FCFC78D6194C27EF6C188165D033917"}
00:18:57.455 [main] DEBUG c.i.k.driver.chrome_1752427135505 - >> {"id":47,"sessionId":"8FCFC78D6194C27EF6C188165D033917","method":"Input.dispatchKeyEvent","params":{"modifiers":0,"type":"keyUp","text":"r","windowsVirtualKeyCode":114}}
00:18:57.456 [nioEventLoopGroup-6-1] DEBUG c.i.k.driver.chrome_1752427135505 - << {"id":47,"result":{},"sessionId":"8FCFC78D6194C27EF6C188165D033917"}
00:18:57.458 [main] DEBUG c.i.k.driver.chrome_1752427135505 - >> {"id":48,"sessionId":"8FCFC78D6194C27EF6C188165D033917","method":"Runtime.evaluate","params":{"expression":"var e = document.evaluate(\"\/\/*[@id='password']\", document, null, 9, null).singleNodeValue; e.focus(); try { e.selectionStart = e.selectionEnd = e.value.length } catch(x) {}","returnByValue":true}}
00:18:57.461 [nioEventLoopGroup-6-1] DEBUG c.i.k.driver.chrome_1752427135505 - << {"id":48,"result":{"result":{"type":"number","value":0,"description":"0"}},"sessionId":"8FCFC78D6194C27EF6C188165D033917"}
00:18:57.462 [main] DEBUG c.i.k.driver.chrome_1752427135505 - >> {"id":49,"sessionId":"8FCFC78D6194C27EF6C188165D033917","method":"Input.dispatchKeyEvent","params":{"modifiers":0,"type":"rawKeyDown","text":"s","windowsVirtualKeyCode":115}}
00:18:57.463 [nioEventLoopGroup-6-1] DEBUG c.i.k.driver.chrome_1752427135505 - << {"id":49,"result":{},"sessionId":"8FCFC78D6194C27EF6C188165D033917"}
00:18:57.464 [main] DEBUG c.i.k.driver.chrome_1752427135505 - >> {"id":50,"sessionId":"8FCFC78D6194C27EF6C188165D033917","method":"Input.dispatchKeyEvent","params":{"modifiers":0,"type":"char","text":"s","windowsVirtualKeyCode":115}}
00:18:57.468 [nioEventLoopGroup-6-1] DEBUG c.i.k.driver.chrome_1752427135505 - << {"id":50,"result":{},"sessionId":"8FCFC78D6194C27EF6C188165D033917"}
00:18:57.469 [main] DEBUG c.i.k.driver.chrome_1752427135505 - >> {"id":51,"sessionId":"8FCFC78D6194C27EF6C188165D033917","method":"Input.dispatchKeyEvent","params":{"modifiers":0,"type":"keyUp","text":"s","windowsVirtualKeyCode":115}}
00:18:57.472 [nioEventLoopGroup-6-1] DEBUG c.i.k.driver.chrome_1752427135505 - << {"id":51,"result":{},"sessionId":"8FCFC78D6194C27EF6C188165D033917"}
00:18:57.473 [main] DEBUG c.i.k.driver.chrome_1752427135505 - >> {"id":52,"sessionId":"8FCFC78D6194C27EF6C188165D033917","method":"Input.dispatchKeyEvent","params":{"modifiers":0,"type":"rawKeyDown","text":"e","windowsVirtualKeyCode":101}}
00:18:57.474 [nioEventLoopGroup-6-1] DEBUG c.i.k.driver.chrome_1752427135505 - << {"id":52,"result":{},"sessionId":"8FCFC78D6194C27EF6C188165D033917"}
00:18:57.475 [main] DEBUG c.i.k.driver.chrome_1752427135505 - >> {"id":53,"sessionId":"8FCFC78D6194C27EF6C188165D033917","method":"Input.dispatchKeyEvent","params":{"modifiers":0,"type":"char","text":"e","windowsVirtualKeyCode":101}}
00:18:57.479 [nioEventLoopGroup-6-1] DEBUG c.i.k.driver.chrome_1752427135505 - << {"id":53,"result":{},"sessionId":"8FCFC78D6194C27EF6C188165D033917"}
00:18:57.480 [main] DEBUG c.i.k.driver.chrome_1752427135505 - >> {"id":54,"sessionId":"8FCFC78D6194C27EF6C188165D033917","method":"Input.dispatchKeyEvent","params":{"modifiers":0,"type":"keyUp","text":"e","windowsVirtualKeyCode":101}}
00:18:57.481 [nioEventLoopGroup-6-1] DEBUG c.i.k.driver.chrome_1752427135505 - << {"id":54,"result":{},"sessionId":"8FCFC78D6194C27EF6C188165D033917"}
00:18:57.482 [main] DEBUG c.i.k.driver.chrome_1752427135505 - >> {"id":55,"sessionId":"8FCFC78D6194C27EF6C188165D033917","method":"Input.dispatchKeyEvent","params":{"modifiers":0,"type":"rawKeyDown","text":"c","windowsVirtualKeyCode":99}}
00:18:57.484 [nioEventLoopGroup-6-1] DEBUG c.i.k.driver.chrome_1752427135505 - << {"id":55,"result":{},"sessionId":"8FCFC78D6194C27EF6C188165D033917"}
00:18:57.485 [main] DEBUG c.i.k.driver.chrome_1752427135505 - >> {"id":56,"sessionId":"8FCFC78D6194C27EF6C188165D033917","method":"Input.dispatchKeyEvent","params":{"modifiers":0,"type":"char","text":"c","windowsVirtualKeyCode":99}}
00:18:57.489 [nioEventLoopGroup-6-1] DEBUG c.i.k.driver.chrome_1752427135505 - << {"id":56,"result":{},"sessionId":"8FCFC78D6194C27EF6C188165D033917"}
00:18:57.489 [main] DEBUG c.i.k.driver.chrome_1752427135505 - >> {"id":57,"sessionId":"8FCFC78D6194C27EF6C188165D033917","method":"Input.dispatchKeyEvent","params":{"modifiers":0,"type":"keyUp","text":"c","windowsVirtualKeyCode":99}}
00:18:57.491 [nioEventLoopGroup-6-1] DEBUG c.i.k.driver.chrome_1752427135505 - << {"id":57,"result":{},"sessionId":"8FCFC78D6194C27EF6C188165D033917"}
00:18:57.492 [main] DEBUG c.i.k.driver.chrome_1752427135505 - >> {"id":58,"sessionId":"8FCFC78D6194C27EF6C188165D033917","method":"Input.dispatchKeyEvent","params":{"modifiers":0,"type":"rawKeyDown","text":"r","windowsVirtualKeyCode":114}}
00:18:57.494 [nioEventLoopGroup-6-1] DEBUG c.i.k.driver.chrome_1752427135505 - << {"id":58,"result":{},"sessionId":"8FCFC78D6194C27EF6C188165D033917"}
00:18:57.494 [main] DEBUG c.i.k.driver.chrome_1752427135505 - >> {"id":59,"sessionId":"8FCFC78D6194C27EF6C188165D033917","method":"Input.dispatchKeyEvent","params":{"modifiers":0,"type":"char","text":"r","windowsVirtualKeyCode":114}}
00:18:57.497 [nioEventLoopGroup-6-1] DEBUG c.i.k.driver.chrome_1752427135505 - << {"id":59,"result":{},"sessionId":"8FCFC78D6194C27EF6C188165D033917"}
00:18:57.498 [main] DEBUG c.i.k.driver.chrome_1752427135505 - >> {"id":60,"sessionId":"8FCFC78D6194C27EF6C188165D033917","method":"Input.dispatchKeyEvent","params":{"modifiers":0,"type":"keyUp","text":"r","windowsVirtualKeyCode":114}}
00:18:57.500 [nioEventLoopGroup-6-1] DEBUG c.i.k.driver.chrome_1752427135505 - << {"id":60,"result":{},"sessionId":"8FCFC78D6194C27EF6C188165D033917"}
00:18:57.501 [main] DEBUG c.i.k.driver.chrome_1752427135505 - >> {"id":61,"sessionId":"8FCFC78D6194C27EF6C188165D033917","method":"Input.dispatchKeyEvent","params":{"modifiers":0,"type":"rawKeyDown","text":"e","windowsVirtualKeyCode":101}}
00:18:57.512 [nioEventLoopGroup-6-1] DEBUG c.i.k.driver.chrome_1752427135505 - << {"id":61,"result":{},"sessionId":"8FCFC78D6194C27EF6C188165D033917"}
00:18:57.513 [main] DEBUG c.i.k.driver.chrome_1752427135505 - >> {"id":62,"sessionId":"8FCFC78D6194C27EF6C188165D033917","method":"Input.dispatchKeyEvent","params":{"modifiers":0,"type":"char","text":"e","windowsVirtualKeyCode":101}}
00:18:57.516 [nioEventLoopGroup-6-1] DEBUG c.i.k.driver.chrome_1752427135505 - << {"id":62,"result":{},"sessionId":"8FCFC78D6194C27EF6C188165D033917"}
00:18:57.517 [main] DEBUG c.i.k.driver.chrome_1752427135505 - >> {"id":63,"sessionId":"8FCFC78D6194C27EF6C188165D033917","method":"Input.dispatchKeyEvent","params":{"modifiers":0,"type":"keyUp","text":"e","windowsVirtualKeyCode":101}}
00:18:57.527 [nioEventLoopGroup-6-1] DEBUG c.i.k.driver.chrome_1752427135505 - << {"id":63,"result":{},"sessionId":"8FCFC78D6194C27EF6C188165D033917"}
00:18:57.527 [main] DEBUG c.i.k.driver.chrome_1752427135505 - >> {"id":64,"sessionId":"8FCFC78D6194C27EF6C188165D033917","method":"Input.dispatchKeyEvent","params":{"modifiers":0,"type":"rawKeyDown","text":"t","windowsVirtualKeyCode":116}}
00:18:57.529 [nioEventLoopGroup-6-1] DEBUG c.i.k.driver.chrome_1752427135505 - << {"id":64,"result":{},"sessionId":"8FCFC78D6194C27EF6C188165D033917"}
00:18:57.530 [main] DEBUG c.i.k.driver.chrome_1752427135505 - >> {"id":65,"sessionId":"8FCFC78D6194C27EF6C188165D033917","method":"Input.dispatchKeyEvent","params":{"modifiers":0,"type":"char","text":"t","windowsVirtualKeyCode":116}}
00:18:57.534 [nioEventLoopGroup-6-1] DEBUG c.i.k.driver.chrome_1752427135505 - << {"id":65,"result":{},"sessionId":"8FCFC78D6194C27EF6C188165D033917"}
00:18:57.535 [main] DEBUG c.i.k.driver.chrome_1752427135505 - >> {"id":66,"sessionId":"8FCFC78D6194C27EF6C188165D033917","method":"Input.dispatchKeyEvent","params":{"modifiers":0,"type":"keyUp","text":"t","windowsVirtualKeyCode":116}}
00:18:57.537 [nioEventLoopGroup-6-1] DEBUG c.i.k.driver.chrome_1752427135505 - << {"id":66,"result":{},"sessionId":"8FCFC78D6194C27EF6C188165D033917"}
00:18:57.537 [main] DEBUG c.i.k.driver.chrome_1752427135505 - >> {"id":67,"sessionId":"8FCFC78D6194C27EF6C188165D033917","method":"Input.dispatchKeyEvent","params":{"modifiers":0,"type":"rawKeyDown","text":"_","windowsVirtualKeyCode":523}}
00:18:57.539 [nioEventLoopGroup-6-1] DEBUG c.i.k.driver.chrome_1752427135505 - << {"id":67,"result":{},"sessionId":"8FCFC78D6194C27EF6C188165D033917"}
00:18:57.540 [main] DEBUG c.i.k.driver.chrome_1752427135505 - >> {"id":68,"sessionId":"8FCFC78D6194C27EF6C188165D033917","method":"Input.dispatchKeyEvent","params":{"modifiers":0,"type":"char","text":"_","windowsVirtualKeyCode":523}}
00:18:57.546 [nioEventLoopGroup-6-1] DEBUG c.i.k.driver.chrome_1752427135505 - << {"id":68,"result":{},"sessionId":"8FCFC78D6194C27EF6C188165D033917"}
00:18:57.546 [main] DEBUG c.i.k.driver.chrome_1752427135505 - >> {"id":69,"sessionId":"8FCFC78D6194C27EF6C188165D033917","method":"Input.dispatchKeyEvent","params":{"modifiers":0,"type":"keyUp","text":"_","windowsVirtualKeyCode":523}}
00:18:57.548 [nioEventLoopGroup-6-1] DEBUG c.i.k.driver.chrome_1752427135505 - << {"id":69,"result":{},"sessionId":"8FCFC78D6194C27EF6C188165D033917"}
00:18:57.548 [main] DEBUG c.i.k.driver.chrome_1752427135505 - >> {"id":70,"sessionId":"8FCFC78D6194C27EF6C188165D033917","method":"Input.dispatchKeyEvent","params":{"modifiers":0,"type":"rawKeyDown","text":"s","windowsVirtualKeyCode":115}}
00:18:57.550 [nioEventLoopGroup-6-1] DEBUG c.i.k.driver.chrome_1752427135505 - << {"id":70,"result":{},"sessionId":"8FCFC78D6194C27EF6C188165D033917"}
00:18:57.551 [main] DEBUG c.i.k.driver.chrome_1752427135505 - >> {"id":71,"sessionId":"8FCFC78D6194C27EF6C188165D033917","method":"Input.dispatchKeyEvent","params":{"modifiers":0,"type":"char","text":"s","windowsVirtualKeyCode":115}}
00:18:57.555 [nioEventLoopGroup-6-1] DEBUG c.i.k.driver.chrome_1752427135505 - << {"id":71,"result":{},"sessionId":"8FCFC78D6194C27EF6C188165D033917"}
00:18:57.555 [main] DEBUG c.i.k.driver.chrome_1752427135505 - >> {"id":72,"sessionId":"8FCFC78D6194C27EF6C188165D033917","method":"Input.dispatchKeyEvent","params":{"modifiers":0,"type":"keyUp","text":"s","windowsVirtualKeyCode":115}}
00:18:57.557 [nioEventLoopGroup-6-1] DEBUG c.i.k.driver.chrome_1752427135505 - << {"id":72,"result":{},"sessionId":"8FCFC78D6194C27EF6C188165D033917"}
00:18:57.557 [main] DEBUG c.i.k.driver.chrome_1752427135505 - >> {"id":73,"sessionId":"8FCFC78D6194C27EF6C188165D033917","method":"Input.dispatchKeyEvent","params":{"modifiers":0,"type":"rawKeyDown","text":"a","windowsVirtualKeyCode":97}}
00:18:57.559 [nioEventLoopGroup-6-1] DEBUG c.i.k.driver.chrome_1752427135505 - << {"id":73,"result":{},"sessionId":"8FCFC78D6194C27EF6C188165D033917"}
00:18:57.559 [main] DEBUG c.i.k.driver.chrome_1752427135505 - >> {"id":74,"sessionId":"8FCFC78D6194C27EF6C188165D033917","method":"Input.dispatchKeyEvent","params":{"modifiers":0,"type":"char","text":"a","windowsVirtualKeyCode":97}}
00:18:57.562 [nioEventLoopGroup-6-1] DEBUG c.i.k.driver.chrome_1752427135505 - << {"id":74,"result":{},"sessionId":"8FCFC78D6194C27EF6C188165D033917"}
00:18:57.562 [main] DEBUG c.i.k.driver.chrome_1752427135505 - >> {"id":75,"sessionId":"8FCFC78D6194C27EF6C188165D033917","method":"Input.dispatchKeyEvent","params":{"modifiers":0,"type":"keyUp","text":"a","windowsVirtualKeyCode":97}}
00:18:57.563 [nioEventLoopGroup-6-1] DEBUG c.i.k.driver.chrome_1752427135505 - << {"id":75,"result":{},"sessionId":"8FCFC78D6194C27EF6C188165D033917"}
00:18:57.564 [main] DEBUG c.i.k.driver.chrome_1752427135505 - >> {"id":76,"sessionId":"8FCFC78D6194C27EF6C188165D033917","method":"Input.dispatchKeyEvent","params":{"modifiers":0,"type":"rawKeyDown","text":"u","windowsVirtualKeyCode":117}}
00:18:57.565 [nioEventLoopGroup-6-1] DEBUG c.i.k.driver.chrome_1752427135505 - << {"id":76,"result":{},"sessionId":"8FCFC78D6194C27EF6C188165D033917"}
00:18:57.565 [main] DEBUG c.i.k.driver.chrome_1752427135505 - >> {"id":77,"sessionId":"8FCFC78D6194C27EF6C188165D033917","method":"Input.dispatchKeyEvent","params":{"modifiers":0,"type":"char","text":"u","windowsVirtualKeyCode":117}}
00:18:57.569 [nioEventLoopGroup-6-1] DEBUG c.i.k.driver.chrome_1752427135505 - << {"id":77,"result":{},"sessionId":"8FCFC78D6194C27EF6C188165D033917"}
00:18:57.570 [main] DEBUG c.i.k.driver.chrome_1752427135505 - >> {"id":78,"sessionId":"8FCFC78D6194C27EF6C188165D033917","method":"Input.dispatchKeyEvent","params":{"modifiers":0,"type":"keyUp","text":"u","windowsVirtualKeyCode":117}}
00:18:57.574 [nioEventLoopGroup-6-1] DEBUG c.i.k.driver.chrome_1752427135505 - << {"method":"Target.targetCreated","params":{"targetInfo":{"targetId":"A1728EADFE180748AE83D5E124A06692","type":"service_worker","title":"Service Worker https://www.saucedemo.com/service-worker.js","url":"https://www.saucedemo.com/service-worker.js","attached":false,"canAccessOpener":false,"browserContextId":"3E1B3AFA3747BC07CB729257D82F8EED"}},"sessionId":"8FCFC78D6194C27EF6C188165D033917"}
00:18:57.576 [nioEventLoopGroup-6-1] DEBUG c.i.k.driver.chrome_1752427135505 - << {"method":"Page.loadEventFired","params":{"timestamp":35080.222327},"sessionId":"8FCFC78D6194C27EF6C188165D033917"}
00:18:57.577 [nioEventLoopGroup-6-1] DEBUG c.i.k.driver.chrome_1752427135505 - << {"method":"Page.frameStoppedLoading","params":{"frameId":"D19D71D37F2205CD4F65FCA8F70E09E5"},"sessionId":"8FCFC78D6194C27EF6C188165D033917"}
00:18:57.578 [nioEventLoopGroup-6-1] DEBUG c.i.k.driver.chrome_1752427135505 - << {"id":78,"result":{},"sessionId":"8FCFC78D6194C27EF6C188165D033917"}
00:18:57.578 [main] DEBUG c.i.k.driver.chrome_1752427135505 - >> {"id":79,"sessionId":"8FCFC78D6194C27EF6C188165D033917","method":"Input.dispatchKeyEvent","params":{"modifiers":0,"type":"rawKeyDown","text":"c","windowsVirtualKeyCode":99}}
00:18:57.579 [nioEventLoopGroup-6-1] DEBUG c.i.k.driver.chrome_1752427135505 - << {"id":79,"result":{},"sessionId":"8FCFC78D6194C27EF6C188165D033917"}
00:18:57.580 [main] DEBUG c.i.k.driver.chrome_1752427135505 - >> {"id":80,"sessionId":"8FCFC78D6194C27EF6C188165D033917","method":"Input.dispatchKeyEvent","params":{"modifiers":0,"type":"char","text":"c","windowsVirtualKeyCode":99}}
00:18:57.583 [nioEventLoopGroup-6-1] DEBUG c.i.k.driver.chrome_1752427135505 - << {"id":80,"result":{},"sessionId":"8FCFC78D6194C27EF6C188165D033917"}
00:18:57.584 [main] DEBUG c.i.k.driver.chrome_1752427135505 - >> {"id":81,"sessionId":"8FCFC78D6194C27EF6C188165D033917","method":"Input.dispatchKeyEvent","params":{"modifiers":0,"type":"keyUp","text":"c","windowsVirtualKeyCode":99}}
00:18:57.587 [nioEventLoopGroup-6-1] DEBUG c.i.k.driver.chrome_1752427135505 - << {"id":81,"result":{},"sessionId":"8FCFC78D6194C27EF6C188165D033917"}
00:18:57.587 [main] DEBUG c.i.k.driver.chrome_1752427135505 - >> {"id":82,"sessionId":"8FCFC78D6194C27EF6C188165D033917","method":"Input.dispatchKeyEvent","params":{"modifiers":0,"type":"rawKeyDown","text":"e","windowsVirtualKeyCode":101}}
00:18:57.589 [nioEventLoopGroup-6-1] DEBUG c.i.k.driver.chrome_1752427135505 - << {"id":82,"result":{},"sessionId":"8FCFC78D6194C27EF6C188165D033917"}
00:18:57.590 [main] DEBUG c.i.k.driver.chrome_1752427135505 - >> {"id":83,"sessionId":"8FCFC78D6194C27EF6C188165D033917","method":"Input.dispatchKeyEvent","params":{"modifiers":0,"type":"char","text":"e","windowsVirtualKeyCode":101}}
00:18:57.593 [nioEventLoopGroup-6-1] DEBUG c.i.k.driver.chrome_1752427135505 - << {"id":83,"result":{},"sessionId":"8FCFC78D6194C27EF6C188165D033917"}
00:18:57.594 [main] DEBUG c.i.k.driver.chrome_1752427135505 - >> {"id":84,"sessionId":"8FCFC78D6194C27EF6C188165D033917","method":"Input.dispatchKeyEvent","params":{"modifiers":0,"type":"keyUp","text":"e","windowsVirtualKeyCode":101}}
00:18:57.595 [nioEventLoopGroup-6-1] DEBUG c.i.k.driver.chrome_1752427135505 - << {"id":84,"result":{},"sessionId":"8FCFC78D6194C27EF6C188165D033917"}
00:18:57.597 [main] DEBUG c.i.k.driver.chrome_1752427135505 - >> {"id":85,"sessionId":"8FCFC78D6194C27EF6C188165D033917","method":"Runtime.evaluate","params":{"expression":"document.evaluate(\"\/\/*[@id='login-button']\", document, null, 9, null).singleNodeValue.click()","returnByValue":true}}
00:18:57.603 [nioEventLoopGroup-6-1] DEBUG c.i.k.driver.chrome_1752427135505 - << {"method":"Page.frameStartedLoading","params":{"frameId":"D19D71D37F2205CD4F65FCA8F70E09E5"},"sessionId":"8FCFC78D6194C27EF6C188165D033917"}
00:18:57.609 [nioEventLoopGroup-6-1] DEBUG c.i.k.driver.chrome_1752427135505 - << {"method":"Target.targetInfoChanged","params":{"targetInfo":{"targetId":"D19D71D37F2205CD4F65FCA8F70E09E5","type":"page","title":"Swag Labs","url":"https://www.saucedemo.com/inventory.html","attached":true,"canAccessOpener":false,"browserContextId":"3E1B3AFA3747BC07CB729257D82F8EED"}},"sessionId":"8FCFC78D6194C27EF6C188165D033917"}
00:18:57.609 [nioEventLoopGroup-6-1] DEBUG c.i.k.driver.chrome_1752427135505 - << {"method":"Page.navigatedWithinDocument","params":{"frameId":"D19D71D37F2205CD4F65FCA8F70E09E5","url":"https://www.saucedemo.com/inventory.html","navigationType":"historyApi"},"sessionId":"8FCFC78D6194C27EF6C188165D033917"}
00:18:57.610 [nioEventLoopGroup-6-1] DEBUG c.i.k.driver.chrome_1752427135505 - << {"method":"Page.frameStoppedLoading","params":{"frameId":"D19D71D37F2205CD4F65FCA8F70E09E5"},"sessionId":"8FCFC78D6194C27EF6C188165D033917"}
00:18:57.623 [nioEventLoopGroup-6-1] DEBUG c.i.k.driver.chrome_1752427135505 - << {"id":85,"result":{"result":{"type":"undefined"}},"sessionId":"8FCFC78D6194C27EF6C188165D033917"}
00:18:57.639 [main] DEBUG c.i.k.driver.chrome_1752427135505 - >> {"id":86,"sessionId":"8FCFC78D6194C27EF6C188165D033917","method":"Runtime.evaluate","params":{"expression":"document.location.href","returnByValue":true}}
00:18:57.665 [nioEventLoopGroup-6-1] DEBUG c.i.k.driver.chrome_1752427135505 - << {"id":86,"result":{"result":{"type":"string","value":"https://www.saucedemo.com/inventory.html"}},"sessionId":"8FCFC78D6194C27EF6C188165D033917"}
00:18:57.674 [main] INFO  c.intuit.karate.core.FeatureRuntime - classpath:UI/HomePageUI/HomePage.feature - call by tag at line 7: action_sortProducts
00:18:57.689 [main] DEBUG c.intuit.karate.core.ScenarioEngine - over-writing existing variable 'homePage' with new value: read('classpath:UI/HomePageUI/saucedemo-HomePage.json')
00:18:57.692 [main] DEBUG c.i.k.driver.chrome_1752427135505 - >> {"id":87,"sessionId":"8FCFC78D6194C27EF6C188165D033917","method":"Runtime.evaluate","params":{"expression":"(document.querySelector(\".product_sort_container\") != null)","returnByValue":true}}
00:18:57.693 [nioEventLoopGroup-6-1] DEBUG c.i.k.driver.chrome_1752427135505 - << {"id":87,"result":{"result":{"type":"boolean","value":true}},"sessionId":"8FCFC78D6194C27EF6C188165D033917"}
00:18:57.695 [main] DEBUG c.i.k.driver.chrome_1752427135505 - >> {"id":88,"sessionId":"8FCFC78D6194C27EF6C188165D033917","method":"Runtime.evaluate","params":{"expression":"(function(){ var fun = e => { e.value = 'za'; e.dispatchEvent(new Event('change', { bubbles: true })) }; var e = document.querySelector(\".product_sort_container\"); return fun(e) })()","returnByValue":true}}
00:18:57.703 [nioEventLoopGroup-6-1] DEBUG c.i.k.driver.chrome_1752427135505 - << {"id":88,"result":{"result":{"type":"undefined"}},"sessionId":"8FCFC78D6194C27EF6C188165D033917"}
00:18:57.715 [main] DEBUG c.i.k.driver.chrome_1752427135505 - >> {"id":89,"sessionId":"8FCFC78D6194C27EF6C188165D033917","method":"Runtime.evaluate","params":{"expression":"(function(){ var res = []; var fun = e => e.innerText; var es = document.querySelectorAll(\".inventory_item_name\"); es.forEach(function(e){ res.push(fun(e)) }); return res })()","returnByValue":true}}
00:18:57.720 [nioEventLoopGroup-6-1] DEBUG c.i.k.driver.chrome_1752427135505 - << {"id":89,"result":{"result":{"type":"object","value":["Test.allTheThings() T-Shirt (Red)","Sauce Labs Onesie","Sauce Labs Fleece Jacket","Sauce Labs Bolt T-Shirt","Sauce Labs Bike Light","Sauce Labs Backpack"]}},"sessionId":"8FCFC78D6194C27EF6C188165D033917"}
Test.allTheThings() T-Shirt (Red),Sauce Labs Onesie,Sauce Labs Fleece Jacket,Sauce Labs Bolt T-Shirt,Sauce Labs Bike Light,Sauce Labs Backpack
Test.allTheThings() T-Shirt (Red)
Sauce Labs Backpack
00:18:57.744 [main] DEBUG c.i.k.driver.chrome_1752427135505 - >> {"id":90,"sessionId":"8FCFC78D6194C27EF6C188165D033917","method":"Target.closeTarget","params":{"targetId":"D19D71D37F2205CD4F65FCA8F70E09E5"}}
00:18:57.745 [nioEventLoopGroup-6-1] DEBUG c.i.k.http.WebSocketClientHandler - websocket closing
00:18:57.746 [nioEventLoopGroup-6-1] DEBUG c.i.k.http.WebSocketClientHandler - websocket client disconnected
00:18:57.754 [main] DEBUG com.intuit.karate.shell.Command - closing command: chrome_1752427135505
00:18:57.762 [main] INFO  com.intuit.karate - karate.env system property was: null 
00:18:57.768 [main] DEBUG com.intuit.karate.shell.Command - found / verified free local port: 64957
00:18:57.768 [main] WARN  c.intuit.karate.driver.DriverOptions - preferred port 9222 not available, will use: 64957
00:18:57.769 [main] DEBUG c.i.k.driver.chrome_1752427137766 - poll attempt #0 for port to be ready - localhost:64957
00:18:57.771 [chrome_1752427137766] DEBUG c.i.k.driver.chrome_1752427137766 - command: [C:\Program Files\Google\Chrome\Application\chrome.exe, --remote-debugging-port=64957, --remote-allow-origins=*, --no-first-run, --user-data-dir=E:\Duy\Projects\practices\karate_framework\demo\target\chrome_1752427137766, --disable-popup-blocking, --disable-features=PasswordManager, --incognito], working dir: target\chrome_1752427137766
00:18:57.846 [chrome_1752427135505] WARN  com.intuit.karate.shell.Command - exit code was non-zero: 1 - [C:\Program Files\Google\Chrome\Application\chrome.exe, --remote-debugging-port=64925, --remote-allow-origins=*, --no-first-run, --user-data-dir=E:\Duy\Projects\practices\karate_framework\demo\target\chrome_1752427135505, --disable-popup-blocking, --disable-features=PasswordManager, --incognito] working dir: target\chrome_1752427135505
00:18:58.028 [main] DEBUG c.i.k.driver.chrome_1752427137766 - poll attempt #1 for port to be ready - localhost:64957
00:18:58.296 [main] DEBUG c.i.k.driver.chrome_1752427137766 - poll attempt #2 for port to be ready - localhost:64957
00:18:58.356 [chrome_1752427137766-out] DEBUG c.i.k.driver.chrome_1752427137766 - 
00:18:58.356 [chrome_1752427137766-out] DEBUG c.i.k.driver.chrome_1752427137766 - DevTools listening on ws://127.0.0.1:64957/devtools/browser/663c6dcc-a63b-44f4-a02e-6c241dcc6e32
00:18:58.562 [main] DEBUG c.i.k.driver.chrome_1752427137766 - poll attempt #3 for port to be ready - localhost:64957
00:18:58.616 [main] DEBUG com.intuit.karate - request:
1 > GET http://localhost:64957/json
1 > Host: localhost:64957
1 > Connection: Keep-Alive
1 > User-Agent: Apache-HttpClient/4.5.14 (Java/21.0.7)
1 > Accept-Encoding: gzip,deflate


00:18:58.710 [main] DEBUG com.intuit.karate - response time in milliseconds: 93
1 < 200
1 < Content-Security-Policy: frame-ancestors 'none'
1 < Content-Length: 1430
1 < Content-Type: application/json; charset=UTF-8
[ {
   "description": "",
   "devtoolsFrontendUrl": "https://chrome-devtools-frontend.appspot.com/serve_rev/@a2159ad9ab8037bd34a21b9903003e0964c2075b/inspector.html?ws=localhost:64957/devtools/page/9862EF2BCB93611F40EF4F7AE14F425C",
   "id": "9862EF2BCB93611F40EF4F7AE14F425C",
   "title": "Google Hangouts",
   "type": "background_page",
   "url": "chrome-extension://nkeimhogjdpnpccoofpliimaahmaaome/background.html",
   "webSocketDebuggerUrl": "ws://localhost:64957/devtools/page/9862EF2BCB93611F40EF4F7AE14F425C"
}, {
   "description": "",
   "devtoolsFrontendUrl": "https://chrome-devtools-frontend.appspot.com/serve_rev/@a2159ad9ab8037bd34a21b9903003e0964c2075b/inspector.html?ws=localhost:64957/devtools/page/B3019C75037DA93A21ED11561DEC5FFF",
   "id": "B3019C75037DA93A21ED11561DEC5FFF",
   "title": "",
   "type": "other",
   "url": "",
   "webSocketDebuggerUrl": "ws://localhost:64957/devtools/page/B3019C75037DA93A21ED11561DEC5FFF"
}, {
   "description": "",
   "devtoolsFrontendUrl": "https://chrome-devtools-frontend.appspot.com/serve_rev/@a2159ad9ab8037bd34a21b9903003e0964c2075b/inspector.html?ws=localhost:64957/devtools/page/F245E40F93B5AA8CA27A9C925607A948",
   "id": "F245E40F93B5AA8CA27A9C925607A948",
   "title": "New Incognito Tab",
   "type": "page",
   "url": "chrome://newtab/",
   "webSocketDebuggerUrl": "ws://localhost:64957/devtools/page/F245E40F93B5AA8CA27A9C925607A948"
} ]


00:18:58.712 [main] DEBUG com.intuit.karate.shell.Command - ready to accept http connections after 122 ms - http://localhost:64957/json
00:18:58.714 [main] DEBUG com.intuit.karate - request:
1 > GET http://localhost:64957/json
1 > Host: localhost:64957
1 > Connection: Keep-Alive
1 > User-Agent: Apache-HttpClient/4.5.14 (Java/21.0.7)
1 > Accept-Encoding: gzip,deflate


00:18:58.795 [main] DEBUG com.intuit.karate - response time in milliseconds: 79
1 < 200
1 < Content-Security-Policy: frame-ancestors 'none'
1 < Content-Length: 1522
1 < Content-Type: application/json; charset=UTF-8
[ {
   "description": "",
   "devtoolsFrontendUrl": "https://chrome-devtools-frontend.appspot.com/serve_rev/@a2159ad9ab8037bd34a21b9903003e0964c2075b/inspector.html?ws=localhost:64957/devtools/page/F245E40F93B5AA8CA27A9C925607A948",
   "id": "F245E40F93B5AA8CA27A9C925607A948",
   "title": "New Incognito Tab",
   "type": "page",
   "url": "chrome://newtab/",
   "webSocketDebuggerUrl": "ws://localhost:64957/devtools/page/F245E40F93B5AA8CA27A9C925607A948"
}, {
   "description": "",
   "devtoolsFrontendUrl": "https://chrome-devtools-frontend.appspot.com/serve_rev/@a2159ad9ab8037bd34a21b9903003e0964c2075b/inspector.html?ws=localhost:64957/devtools/page/9862EF2BCB93611F40EF4F7AE14F425C",
   "id": "9862EF2BCB93611F40EF4F7AE14F425C",
   "title": "Google Hangouts",
   "type": "background_page",
   "url": "chrome-extension://nkeimhogjdpnpccoofpliimaahmaaome/background.html",
   "webSocketDebuggerUrl": "ws://localhost:64957/devtools/page/9862EF2BCB93611F40EF4F7AE14F425C"
}, {
   "description": "",
   "devtoolsFrontendUrl": "https://chrome-devtools-frontend.appspot.com/serve_rev/@a2159ad9ab8037bd34a21b9903003e0964c2075b/inspector.html?ws=localhost:64957/devtools/page/B3019C75037DA93A21ED11561DEC5FFF",
   "id": "B3019C75037DA93A21ED11561DEC5FFF",
   "title": "Google Hangouts",
   "type": "background_page",
   "url": "chrome-extension://nkeimhogjdpnpccoofpliimaahmaaome/background.html",
   "webSocketDebuggerUrl": "ws://localhost:64957/devtools/page/B3019C75037DA93A21ED11561DEC5FFF"
} ]


00:18:58.798 [main] DEBUG c.i.k.driver.chrome_1752427137766 - root frame id: F245E40F93B5AA8CA27A9C925607A948
00:18:59.161 [nioEventLoopGroup-7-1] DEBUG c.i.k.http.WebSocketClientHandler - websocket client connected
00:18:59.162 [main] DEBUG c.i.k.driver.chrome_1752427137766 - >> {"id":1,"method":"Target.attachToTarget","params":{"targetId":"F245E40F93B5AA8CA27A9C925607A948","flatten":true}}
00:18:59.166 [nioEventLoopGroup-7-1] DEBUG c.i.k.driver.chrome_1752427137766 - << {"method":"Target.attachedToTarget","params":{"sessionId":"F460A9AEDB60060C9D283E421EB52C37","targetInfo":{"targetId":"F245E40F93B5AA8CA27A9C925607A948","type":"page","title":"New Incognito Tab","url":"chrome://newtab/","attached":true,"canAccessOpener":false,"browserContextId":"935B8186C375A3363567B97827C91EF6"},"waitingForDebugger":false}}
00:18:59.167 [nioEventLoopGroup-7-1] DEBUG c.i.k.driver.chrome_1752427137766 - << {"id":1,"result":{"sessionId":"F460A9AEDB60060C9D283E421EB52C37"}}
00:18:59.172 [main] DEBUG c.i.k.driver.chrome_1752427137766 - >> {"id":2,"sessionId":"F460A9AEDB60060C9D283E421EB52C37","method":"Target.activateTarget","params":{"targetId":"F245E40F93B5AA8CA27A9C925607A948"}}
00:18:59.175 [nioEventLoopGroup-7-1] DEBUG c.i.k.driver.chrome_1752427137766 - << {"id":2,"result":{},"sessionId":"F460A9AEDB60060C9D283E421EB52C37"}
00:18:59.176 [main] DEBUG c.i.k.driver.chrome_1752427137766 - >> {"id":3,"sessionId":"F460A9AEDB60060C9D283E421EB52C37","method":"Target.setDiscoverTargets","params":{"discover":true}}
00:18:59.179 [nioEventLoopGroup-7-1] DEBUG c.i.k.driver.chrome_1752427137766 - << {"method":"Target.targetCreated","params":{"targetInfo":{"targetId":"9862EF2BCB93611F40EF4F7AE14F425C","type":"background_page","title":"Google Hangouts","url":"chrome-extension://nkeimhogjdpnpccoofpliimaahmaaome/background.html","attached":false,"canAccessOpener":false,"browserContextId":"935B8186C375A3363567B97827C91EF6"}},"sessionId":"F460A9AEDB60060C9D283E421EB52C37"}
00:18:59.180 [nioEventLoopGroup-7-1] DEBUG c.i.k.driver.chrome_1752427137766 - << {"method":"Target.targetCreated","params":{"targetInfo":{"targetId":"B3019C75037DA93A21ED11561DEC5FFF","type":"background_page","title":"Google Hangouts","url":"chrome-extension://nkeimhogjdpnpccoofpliimaahmaaome/background.html","attached":false,"canAccessOpener":false,"browserContextId":"D8D2762D73FE81159DF7AC8E0E72A671"}},"sessionId":"F460A9AEDB60060C9D283E421EB52C37"}
00:18:59.180 [nioEventLoopGroup-7-1] DEBUG c.i.k.driver.chrome_1752427137766 - << {"method":"Target.targetCreated","params":{"targetInfo":{"targetId":"F245E40F93B5AA8CA27A9C925607A948","type":"page","title":"New Incognito Tab","url":"chrome://newtab/","attached":true,"canAccessOpener":false,"browserContextId":"935B8186C375A3363567B97827C91EF6"}},"sessionId":"F460A9AEDB60060C9D283E421EB52C37"}
00:18:59.181 [nioEventLoopGroup-7-1] DEBUG c.i.k.driver.chrome_1752427137766 - << {"id":3,"result":{},"sessionId":"F460A9AEDB60060C9D283E421EB52C37"}
00:18:59.188 [main] DEBUG c.i.k.driver.chrome_1752427137766 - >> {"id":4,"sessionId":"F460A9AEDB60060C9D283E421EB52C37","method":"Page.enable"}
00:18:59.239 [nioEventLoopGroup-7-1] DEBUG c.i.k.driver.chrome_1752427137766 - << {"id":4,"result":{},"sessionId":"F460A9AEDB60060C9D283E421EB52C37"}
00:18:59.239 [main] DEBUG c.i.k.driver.chrome_1752427137766 - >> {"id":5,"sessionId":"F460A9AEDB60060C9D283E421EB52C37","method":"Runtime.enable"}
00:18:59.241 [nioEventLoopGroup-7-1] DEBUG c.i.k.driver.chrome_1752427137766 - << {"method":"Page.loadEventFired","params":{"timestamp":35081.891376},"sessionId":"F460A9AEDB60060C9D283E421EB52C37"}
00:18:59.243 [nioEventLoopGroup-7-1] DEBUG c.i.k.driver.chrome_1752427137766 - << {"method":"Page.frameStoppedLoading","params":{"frameId":"F245E40F93B5AA8CA27A9C925607A948"},"sessionId":"F460A9AEDB60060C9D283E421EB52C37"}
00:18:59.251 [nioEventLoopGroup-7-1] DEBUG c.i.k.driver.chrome_1752427137766 - << {"method":"Runtime.executionContextCreated","params":{"context":{"id":1,"origin":"chrome://newtab","name":"","uniqueId":"8319209387868347581.1685858300721650254","auxData":{"isDefault":true,"type":"default","frameId":"F245E40F93B5AA8CA27A9C925607A948"}}},"sessionId":"F460A9AEDB60060C9D283E421EB52C37"}
00:18:59.251 [nioEventLoopGroup-7-1] DEBUG c.i.k.driver.chrome_1752427137766 - << {"id":5,"result":{},"sessionId":"F460A9AEDB60060C9D283E421EB52C37"}
00:18:59.253 [main] DEBUG c.i.k.driver.chrome_1752427137766 - >> {"id":6,"sessionId":"F460A9AEDB60060C9D283E421EB52C37","method":"Browser.getWindowForTarget","params":{"targetId":"F245E40F93B5AA8CA27A9C925607A948"}}
00:18:59.255 [nioEventLoopGroup-7-1] DEBUG c.i.k.driver.chrome_1752427137766 - << {"id":6,"result":{"windowId":352227455,"bounds":{"left":10,"top":10,"width":945,"height":1060,"windowState":"normal"}},"sessionId":"F460A9AEDB60060C9D283E421EB52C37"}
00:18:59.275 [main] DEBUG c.i.k.driver.chrome_1752427137766 - >> {"id":7,"sessionId":"F460A9AEDB60060C9D283E421EB52C37","method":"Page.navigate","params":{"url":"https:\/\/saucedemo.com\/"}}
00:18:59.290 [nioEventLoopGroup-7-1] DEBUG c.i.k.driver.chrome_1752427137766 - << {"method":"Page.frameStartedNavigating","params":{"frameId":"F245E40F93B5AA8CA27A9C925607A948","url":"https://saucedemo.com/","loaderId":"9C6444B7E2EC9150F0436D2BD53EE2D2","navigationType":"differentDocument"},"sessionId":"F460A9AEDB60060C9D283E421EB52C37"}
00:18:59.291 [nioEventLoopGroup-7-1] DEBUG c.i.k.driver.chrome_1752427137766 - << {"method":"Page.frameStartedLoading","params":{"frameId":"F245E40F93B5AA8CA27A9C925607A948"},"sessionId":"F460A9AEDB60060C9D283E421EB52C37"}
00:18:59.515 [nioEventLoopGroup-7-1] DEBUG c.i.k.driver.chrome_1752427137766 - << {"id":7,"result":{"frameId":"F245E40F93B5AA8CA27A9C925607A948","loaderId":"9C6444B7E2EC9150F0436D2BD53EE2D2"},"sessionId":"F460A9AEDB60060C9D283E421EB52C37"}
00:18:59.522 [nioEventLoopGroup-7-1] DEBUG c.i.k.driver.chrome_1752427137766 - << {"method":"Runtime.executionContextsCleared","params":{},"sessionId":"F460A9AEDB60060C9D283E421EB52C37"}
00:18:59.523 [nioEventLoopGroup-7-1] DEBUG c.i.k.driver.chrome_1752427137766 - << {"method":"Runtime.executionContextsCleared","params":{},"sessionId":"F460A9AEDB60060C9D283E421EB52C37"}
00:18:59.523 [nioEventLoopGroup-7-1] DEBUG c.i.k.driver.chrome_1752427137766 - << {"method":"Page.frameNavigated","params":{"frame":{"id":"F245E40F93B5AA8CA27A9C925607A948","loaderId":"9C6444B7E2EC9150F0436D2BD53EE2D2","url":"https://www.saucedemo.com/","domainAndRegistry":"saucedemo.com","securityOrigin":"https://www.saucedemo.com","securityOriginDetails":{"isLocalhost":false},"mimeType":"text/html","adFrameStatus":{"adFrameType":"none"},"secureContextType":"Secure","crossOriginIsolatedContextType":"NotIsolated","gatedAPIFeatures":[]},"type":"Navigation"},"sessionId":"F460A9AEDB60060C9D283E421EB52C37"}
00:18:59.546 [nioEventLoopGroup-7-1] DEBUG c.i.k.driver.chrome_1752427137766 - << {"method":"Target.targetInfoChanged","params":{"targetInfo":{"targetId":"F245E40F93B5AA8CA27A9C925607A948","type":"page","title":"saucedemo.com","url":"https://www.saucedemo.com/","attached":true,"canAccessOpener":false,"browserContextId":"935B8186C375A3363567B97827C91EF6"}},"sessionId":"F460A9AEDB60060C9D283E421EB52C37"}
00:18:59.561 [nioEventLoopGroup-7-1] DEBUG c.i.k.driver.chrome_1752427137766 - << {"method":"Runtime.executionContextCreated","params":{"context":{"id":1,"origin":"https://www.saucedemo.com","name":"","uniqueId":"6368727931975139540.2839028156984331272","auxData":{"isDefault":true,"type":"default","frameId":"F245E40F93B5AA8CA27A9C925607A948"}}},"sessionId":"F460A9AEDB60060C9D283E421EB52C37"}
00:19:00.188 [nioEventLoopGroup-7-1] DEBUG c.i.k.driver.chrome_1752427137766 - << {"method":"Page.domContentEventFired","params":{"timestamp":35082.833092},"sessionId":"F460A9AEDB60060C9D283E421EB52C37"}
00:19:00.192 [main] INFO  c.intuit.karate.core.FeatureRuntime - classpath:UI/LoginUI/LoginPage.feature - call by tag at line 7: action_attemptLogin
00:19:00.218 [main] DEBUG c.i.k.driver.chrome_1752427137766 - >> {"id":8,"sessionId":"F460A9AEDB60060C9D283E421EB52C37","method":"Runtime.evaluate","params":{"expression":"var e = document.evaluate(\"\/\/*[@id='user-name']\", document, null, 9, null).singleNodeValue; e.focus(); try { e.selectionStart = e.selectionEnd = e.value.length } catch(x) {}","returnByValue":true}}
00:19:00.222 [nioEventLoopGroup-7-1] DEBUG c.i.k.driver.chrome_1752427137766 - << {"id":8,"result":{"result":{"type":"number","value":0,"description":"0"}},"sessionId":"F460A9AEDB60060C9D283E421EB52C37"}
00:19:00.223 [main] DEBUG c.i.k.driver.chrome_1752427137766 - >> {"id":9,"sessionId":"F460A9AEDB60060C9D283E421EB52C37","method":"Input.dispatchKeyEvent","params":{"modifiers":0,"type":"rawKeyDown","text":"s","windowsVirtualKeyCode":115}}
00:19:00.228 [nioEventLoopGroup-7-1] DEBUG c.i.k.driver.chrome_1752427137766 - << {"id":9,"result":{},"sessionId":"F460A9AEDB60060C9D283E421EB52C37"}
00:19:00.228 [main] DEBUG c.i.k.driver.chrome_1752427137766 - >> {"id":10,"sessionId":"F460A9AEDB60060C9D283E421EB52C37","method":"Input.dispatchKeyEvent","params":{"modifiers":0,"type":"char","text":"s","windowsVirtualKeyCode":115}}
00:19:00.238 [nioEventLoopGroup-7-1] DEBUG c.i.k.driver.chrome_1752427137766 - << {"id":10,"result":{},"sessionId":"F460A9AEDB60060C9D283E421EB52C37"}
00:19:00.239 [main] DEBUG c.i.k.driver.chrome_1752427137766 - >> {"id":11,"sessionId":"F460A9AEDB60060C9D283E421EB52C37","method":"Input.dispatchKeyEvent","params":{"modifiers":0,"type":"keyUp","text":"s","windowsVirtualKeyCode":115}}
00:19:00.242 [nioEventLoopGroup-7-1] DEBUG c.i.k.driver.chrome_1752427137766 - << {"id":11,"result":{},"sessionId":"F460A9AEDB60060C9D283E421EB52C37"}
00:19:00.243 [main] DEBUG c.i.k.driver.chrome_1752427137766 - >> {"id":12,"sessionId":"F460A9AEDB60060C9D283E421EB52C37","method":"Input.dispatchKeyEvent","params":{"modifiers":0,"type":"rawKeyDown","text":"t","windowsVirtualKeyCode":116}}
00:19:00.245 [nioEventLoopGroup-7-1] DEBUG c.i.k.driver.chrome_1752427137766 - << {"id":12,"result":{},"sessionId":"F460A9AEDB60060C9D283E421EB52C37"}
00:19:00.246 [main] DEBUG c.i.k.driver.chrome_1752427137766 - >> {"id":13,"sessionId":"F460A9AEDB60060C9D283E421EB52C37","method":"Input.dispatchKeyEvent","params":{"modifiers":0,"type":"char","text":"t","windowsVirtualKeyCode":116}}
00:19:00.251 [nioEventLoopGroup-7-1] DEBUG c.i.k.driver.chrome_1752427137766 - << {"id":13,"result":{},"sessionId":"F460A9AEDB60060C9D283E421EB52C37"}
00:19:00.253 [main] DEBUG c.i.k.driver.chrome_1752427137766 - >> {"id":14,"sessionId":"F460A9AEDB60060C9D283E421EB52C37","method":"Input.dispatchKeyEvent","params":{"modifiers":0,"type":"keyUp","text":"t","windowsVirtualKeyCode":116}}
00:19:00.256 [nioEventLoopGroup-7-1] DEBUG c.i.k.driver.chrome_1752427137766 - << {"id":14,"result":{},"sessionId":"F460A9AEDB60060C9D283E421EB52C37"}
00:19:00.256 [main] DEBUG c.i.k.driver.chrome_1752427137766 - >> {"id":15,"sessionId":"F460A9AEDB60060C9D283E421EB52C37","method":"Input.dispatchKeyEvent","params":{"modifiers":0,"type":"rawKeyDown","text":"a","windowsVirtualKeyCode":97}}
00:19:00.258 [nioEventLoopGroup-7-1] DEBUG c.i.k.driver.chrome_1752427137766 - << {"id":15,"result":{},"sessionId":"F460A9AEDB60060C9D283E421EB52C37"}
00:19:00.259 [main] DEBUG c.i.k.driver.chrome_1752427137766 - >> {"id":16,"sessionId":"F460A9AEDB60060C9D283E421EB52C37","method":"Input.dispatchKeyEvent","params":{"modifiers":0,"type":"char","text":"a","windowsVirtualKeyCode":97}}
00:19:00.262 [nioEventLoopGroup-7-1] DEBUG c.i.k.driver.chrome_1752427137766 - << {"method":"Target.targetCreated","params":{"targetInfo":{"targetId":"C117B42427C5E79A130040D342945702","type":"service_worker","title":"Service Worker chrome-extension://fignfifoniblkonapihmkfakmlgkbkcf/service_worker.js","url":"chrome-extension://fignfifoniblkonapihmkfakmlgkbkcf/service_worker.js","attached":false,"canAccessOpener":false,"browserContextId":"D8D2762D73FE81159DF7AC8E0E72A671"}},"sessionId":"F460A9AEDB60060C9D283E421EB52C37"}
00:19:00.269 [nioEventLoopGroup-7-1] DEBUG c.i.k.driver.chrome_1752427137766 - << {"id":16,"result":{},"sessionId":"F460A9AEDB60060C9D283E421EB52C37"}
00:19:00.270 [main] DEBUG c.i.k.driver.chrome_1752427137766 - >> {"id":17,"sessionId":"F460A9AEDB60060C9D283E421EB52C37","method":"Input.dispatchKeyEvent","params":{"modifiers":0,"type":"keyUp","text":"a","windowsVirtualKeyCode":97}}
00:19:00.272 [nioEventLoopGroup-7-1] DEBUG c.i.k.driver.chrome_1752427137766 - << {"id":17,"result":{},"sessionId":"F460A9AEDB60060C9D283E421EB52C37"}
00:19:00.273 [main] DEBUG c.i.k.driver.chrome_1752427137766 - >> {"id":18,"sessionId":"F460A9AEDB60060C9D283E421EB52C37","method":"Input.dispatchKeyEvent","params":{"modifiers":0,"type":"rawKeyDown","text":"n","windowsVirtualKeyCode":110}}
00:19:00.276 [nioEventLoopGroup-7-1] DEBUG c.i.k.driver.chrome_1752427137766 - << {"id":18,"result":{},"sessionId":"F460A9AEDB60060C9D283E421EB52C37"}
00:19:00.276 [main] DEBUG c.i.k.driver.chrome_1752427137766 - >> {"id":19,"sessionId":"F460A9AEDB60060C9D283E421EB52C37","method":"Input.dispatchKeyEvent","params":{"modifiers":0,"type":"char","text":"n","windowsVirtualKeyCode":110}}
00:19:00.281 [nioEventLoopGroup-7-1] DEBUG c.i.k.driver.chrome_1752427137766 - << {"id":19,"result":{},"sessionId":"F460A9AEDB60060C9D283E421EB52C37"}
00:19:00.285 [main] DEBUG c.i.k.driver.chrome_1752427137766 - >> {"id":20,"sessionId":"F460A9AEDB60060C9D283E421EB52C37","method":"Input.dispatchKeyEvent","params":{"modifiers":0,"type":"keyUp","text":"n","windowsVirtualKeyCode":110}}
00:19:00.287 [nioEventLoopGroup-7-1] DEBUG c.i.k.driver.chrome_1752427137766 - << {"id":20,"result":{},"sessionId":"F460A9AEDB60060C9D283E421EB52C37"}
00:19:00.288 [main] DEBUG c.i.k.driver.chrome_1752427137766 - >> {"id":21,"sessionId":"F460A9AEDB60060C9D283E421EB52C37","method":"Input.dispatchKeyEvent","params":{"modifiers":0,"type":"rawKeyDown","text":"d","windowsVirtualKeyCode":100}}
00:19:00.290 [nioEventLoopGroup-7-1] DEBUG c.i.k.driver.chrome_1752427137766 - << {"id":21,"result":{},"sessionId":"F460A9AEDB60060C9D283E421EB52C37"}
00:19:00.291 [main] DEBUG c.i.k.driver.chrome_1752427137766 - >> {"id":22,"sessionId":"F460A9AEDB60060C9D283E421EB52C37","method":"Input.dispatchKeyEvent","params":{"modifiers":0,"type":"char","text":"d","windowsVirtualKeyCode":100}}
00:19:00.297 [nioEventLoopGroup-7-1] DEBUG c.i.k.driver.chrome_1752427137766 - << {"id":22,"result":{},"sessionId":"F460A9AEDB60060C9D283E421EB52C37"}
00:19:00.297 [main] DEBUG c.i.k.driver.chrome_1752427137766 - >> {"id":23,"sessionId":"F460A9AEDB60060C9D283E421EB52C37","method":"Input.dispatchKeyEvent","params":{"modifiers":0,"type":"keyUp","text":"d","windowsVirtualKeyCode":100}}
00:19:00.300 [nioEventLoopGroup-7-1] DEBUG c.i.k.driver.chrome_1752427137766 - << {"id":23,"result":{},"sessionId":"F460A9AEDB60060C9D283E421EB52C37"}
00:19:00.301 [main] DEBUG c.i.k.driver.chrome_1752427137766 - >> {"id":24,"sessionId":"F460A9AEDB60060C9D283E421EB52C37","method":"Input.dispatchKeyEvent","params":{"modifiers":0,"type":"rawKeyDown","text":"a","windowsVirtualKeyCode":97}}
00:19:00.304 [nioEventLoopGroup-7-1] DEBUG c.i.k.driver.chrome_1752427137766 - << {"id":24,"result":{},"sessionId":"F460A9AEDB60060C9D283E421EB52C37"}
00:19:00.304 [main] DEBUG c.i.k.driver.chrome_1752427137766 - >> {"id":25,"sessionId":"F460A9AEDB60060C9D283E421EB52C37","method":"Input.dispatchKeyEvent","params":{"modifiers":0,"type":"char","text":"a","windowsVirtualKeyCode":97}}
00:19:00.309 [nioEventLoopGroup-7-1] DEBUG c.i.k.driver.chrome_1752427137766 - << {"id":25,"result":{},"sessionId":"F460A9AEDB60060C9D283E421EB52C37"}
00:19:00.309 [main] DEBUG c.i.k.driver.chrome_1752427137766 - >> {"id":26,"sessionId":"F460A9AEDB60060C9D283E421EB52C37","method":"Input.dispatchKeyEvent","params":{"modifiers":0,"type":"keyUp","text":"a","windowsVirtualKeyCode":97}}
00:19:00.311 [nioEventLoopGroup-7-1] DEBUG c.i.k.driver.chrome_1752427137766 - << {"id":26,"result":{},"sessionId":"F460A9AEDB60060C9D283E421EB52C37"}
00:19:00.312 [main] DEBUG c.i.k.driver.chrome_1752427137766 - >> {"id":27,"sessionId":"F460A9AEDB60060C9D283E421EB52C37","method":"Input.dispatchKeyEvent","params":{"modifiers":0,"type":"rawKeyDown","text":"r","windowsVirtualKeyCode":114}}
00:19:00.314 [nioEventLoopGroup-7-1] DEBUG c.i.k.driver.chrome_1752427137766 - << {"id":27,"result":{},"sessionId":"F460A9AEDB60060C9D283E421EB52C37"}
00:19:00.315 [main] DEBUG c.i.k.driver.chrome_1752427137766 - >> {"id":28,"sessionId":"F460A9AEDB60060C9D283E421EB52C37","method":"Input.dispatchKeyEvent","params":{"modifiers":0,"type":"char","text":"r","windowsVirtualKeyCode":114}}
00:19:00.322 [nioEventLoopGroup-7-1] DEBUG c.i.k.driver.chrome_1752427137766 - << {"id":28,"result":{},"sessionId":"F460A9AEDB60060C9D283E421EB52C37"}
00:19:00.323 [main] DEBUG c.i.k.driver.chrome_1752427137766 - >> {"id":29,"sessionId":"F460A9AEDB60060C9D283E421EB52C37","method":"Input.dispatchKeyEvent","params":{"modifiers":0,"type":"keyUp","text":"r","windowsVirtualKeyCode":114}}
00:19:00.326 [nioEventLoopGroup-7-1] DEBUG c.i.k.driver.chrome_1752427137766 - << {"id":29,"result":{},"sessionId":"F460A9AEDB60060C9D283E421EB52C37"}
00:19:00.326 [main] DEBUG c.i.k.driver.chrome_1752427137766 - >> {"id":30,"sessionId":"F460A9AEDB60060C9D283E421EB52C37","method":"Input.dispatchKeyEvent","params":{"modifiers":0,"type":"rawKeyDown","text":"d","windowsVirtualKeyCode":100}}
00:19:00.329 [nioEventLoopGroup-7-1] DEBUG c.i.k.driver.chrome_1752427137766 - << {"id":30,"result":{},"sessionId":"F460A9AEDB60060C9D283E421EB52C37"}
00:19:00.330 [main] DEBUG c.i.k.driver.chrome_1752427137766 - >> {"id":31,"sessionId":"F460A9AEDB60060C9D283E421EB52C37","method":"Input.dispatchKeyEvent","params":{"modifiers":0,"type":"char","text":"d","windowsVirtualKeyCode":100}}
00:19:00.350 [nioEventLoopGroup-7-1] DEBUG c.i.k.driver.chrome_1752427137766 - << {"id":31,"result":{},"sessionId":"F460A9AEDB60060C9D283E421EB52C37"}
00:19:00.352 [main] DEBUG c.i.k.driver.chrome_1752427137766 - >> {"id":32,"sessionId":"F460A9AEDB60060C9D283E421EB52C37","method":"Input.dispatchKeyEvent","params":{"modifiers":0,"type":"keyUp","text":"d","windowsVirtualKeyCode":100}}
00:19:00.378 [nioEventLoopGroup-7-1] DEBUG c.i.k.driver.chrome_1752427137766 - << {"id":32,"result":{},"sessionId":"F460A9AEDB60060C9D283E421EB52C37"}
00:19:00.385 [main] DEBUG c.i.k.driver.chrome_1752427137766 - >> {"id":33,"sessionId":"F460A9AEDB60060C9D283E421EB52C37","method":"Input.dispatchKeyEvent","params":{"modifiers":0,"type":"rawKeyDown","text":"_","windowsVirtualKeyCode":523}}
00:19:00.410 [nioEventLoopGroup-7-1] DEBUG c.i.k.driver.chrome_1752427137766 - << {"id":33,"result":{},"sessionId":"F460A9AEDB60060C9D283E421EB52C37"}
00:19:00.411 [main] DEBUG c.i.k.driver.chrome_1752427137766 - >> {"id":34,"sessionId":"F460A9AEDB60060C9D283E421EB52C37","method":"Input.dispatchKeyEvent","params":{"modifiers":0,"type":"char","text":"_","windowsVirtualKeyCode":523}}
00:19:00.425 [nioEventLoopGroup-7-1] DEBUG c.i.k.driver.chrome_1752427137766 - << {"id":34,"result":{},"sessionId":"F460A9AEDB60060C9D283E421EB52C37"}
00:19:00.426 [main] DEBUG c.i.k.driver.chrome_1752427137766 - >> {"id":35,"sessionId":"F460A9AEDB60060C9D283E421EB52C37","method":"Input.dispatchKeyEvent","params":{"modifiers":0,"type":"keyUp","text":"_","windowsVirtualKeyCode":523}}
00:19:00.429 [nioEventLoopGroup-7-1] DEBUG c.i.k.driver.chrome_1752427137766 - << {"id":35,"result":{},"sessionId":"F460A9AEDB60060C9D283E421EB52C37"}
00:19:00.430 [main] DEBUG c.i.k.driver.chrome_1752427137766 - >> {"id":36,"sessionId":"F460A9AEDB60060C9D283E421EB52C37","method":"Input.dispatchKeyEvent","params":{"modifiers":0,"type":"rawKeyDown","text":"u","windowsVirtualKeyCode":117}}
00:19:00.438 [nioEventLoopGroup-7-1] DEBUG c.i.k.driver.chrome_1752427137766 - << {"id":36,"result":{},"sessionId":"F460A9AEDB60060C9D283E421EB52C37"}
00:19:00.439 [main] DEBUG c.i.k.driver.chrome_1752427137766 - >> {"id":37,"sessionId":"F460A9AEDB60060C9D283E421EB52C37","method":"Input.dispatchKeyEvent","params":{"modifiers":0,"type":"char","text":"u","windowsVirtualKeyCode":117}}
00:19:00.454 [nioEventLoopGroup-7-1] DEBUG c.i.k.driver.chrome_1752427137766 - << {"id":37,"result":{},"sessionId":"F460A9AEDB60060C9D283E421EB52C37"}
00:19:00.455 [main] DEBUG c.i.k.driver.chrome_1752427137766 - >> {"id":38,"sessionId":"F460A9AEDB60060C9D283E421EB52C37","method":"Input.dispatchKeyEvent","params":{"modifiers":0,"type":"keyUp","text":"u","windowsVirtualKeyCode":117}}
00:19:00.460 [nioEventLoopGroup-7-1] DEBUG c.i.k.driver.chrome_1752427137766 - << {"id":38,"result":{},"sessionId":"F460A9AEDB60060C9D283E421EB52C37"}
00:19:00.460 [main] DEBUG c.i.k.driver.chrome_1752427137766 - >> {"id":39,"sessionId":"F460A9AEDB60060C9D283E421EB52C37","method":"Input.dispatchKeyEvent","params":{"modifiers":0,"type":"rawKeyDown","text":"s","windowsVirtualKeyCode":115}}
00:19:00.466 [nioEventLoopGroup-7-1] DEBUG c.i.k.driver.chrome_1752427137766 - << {"id":39,"result":{},"sessionId":"F460A9AEDB60060C9D283E421EB52C37"}
00:19:00.468 [main] DEBUG c.i.k.driver.chrome_1752427137766 - >> {"id":40,"sessionId":"F460A9AEDB60060C9D283E421EB52C37","method":"Input.dispatchKeyEvent","params":{"modifiers":0,"type":"char","text":"s","windowsVirtualKeyCode":115}}
00:19:00.475 [nioEventLoopGroup-7-1] DEBUG c.i.k.driver.chrome_1752427137766 - << {"id":40,"result":{},"sessionId":"F460A9AEDB60060C9D283E421EB52C37"}
00:19:00.476 [main] DEBUG c.i.k.driver.chrome_1752427137766 - >> {"id":41,"sessionId":"F460A9AEDB60060C9D283E421EB52C37","method":"Input.dispatchKeyEvent","params":{"modifiers":0,"type":"keyUp","text":"s","windowsVirtualKeyCode":115}}
00:19:00.478 [nioEventLoopGroup-7-1] DEBUG c.i.k.driver.chrome_1752427137766 - << {"id":41,"result":{},"sessionId":"F460A9AEDB60060C9D283E421EB52C37"}
00:19:00.479 [main] DEBUG c.i.k.driver.chrome_1752427137766 - >> {"id":42,"sessionId":"F460A9AEDB60060C9D283E421EB52C37","method":"Input.dispatchKeyEvent","params":{"modifiers":0,"type":"rawKeyDown","text":"e","windowsVirtualKeyCode":101}}
00:19:00.482 [nioEventLoopGroup-7-1] DEBUG c.i.k.driver.chrome_1752427137766 - << {"id":42,"result":{},"sessionId":"F460A9AEDB60060C9D283E421EB52C37"}
00:19:00.483 [main] DEBUG c.i.k.driver.chrome_1752427137766 - >> {"id":43,"sessionId":"F460A9AEDB60060C9D283E421EB52C37","method":"Input.dispatchKeyEvent","params":{"modifiers":0,"type":"char","text":"e","windowsVirtualKeyCode":101}}
00:19:00.490 [nioEventLoopGroup-7-1] DEBUG c.i.k.driver.chrome_1752427137766 - << {"id":43,"result":{},"sessionId":"F460A9AEDB60060C9D283E421EB52C37"}
00:19:00.491 [main] DEBUG c.i.k.driver.chrome_1752427137766 - >> {"id":44,"sessionId":"F460A9AEDB60060C9D283E421EB52C37","method":"Input.dispatchKeyEvent","params":{"modifiers":0,"type":"keyUp","text":"e","windowsVirtualKeyCode":101}}
00:19:00.494 [nioEventLoopGroup-7-1] DEBUG c.i.k.driver.chrome_1752427137766 - << {"id":44,"result":{},"sessionId":"F460A9AEDB60060C9D283E421EB52C37"}
00:19:00.494 [main] DEBUG c.i.k.driver.chrome_1752427137766 - >> {"id":45,"sessionId":"F460A9AEDB60060C9D283E421EB52C37","method":"Input.dispatchKeyEvent","params":{"modifiers":0,"type":"rawKeyDown","text":"r","windowsVirtualKeyCode":114}}
00:19:00.513 [nioEventLoopGroup-7-1] DEBUG c.i.k.driver.chrome_1752427137766 - << {"id":45,"result":{},"sessionId":"F460A9AEDB60060C9D283E421EB52C37"}
00:19:00.514 [main] DEBUG c.i.k.driver.chrome_1752427137766 - >> {"id":46,"sessionId":"F460A9AEDB60060C9D283E421EB52C37","method":"Input.dispatchKeyEvent","params":{"modifiers":0,"type":"char","text":"r","windowsVirtualKeyCode":114}}
00:19:00.523 [nioEventLoopGroup-7-1] DEBUG c.i.k.driver.chrome_1752427137766 - << {"id":46,"result":{},"sessionId":"F460A9AEDB60060C9D283E421EB52C37"}
00:19:00.524 [main] DEBUG c.i.k.driver.chrome_1752427137766 - >> {"id":47,"sessionId":"F460A9AEDB60060C9D283E421EB52C37","method":"Input.dispatchKeyEvent","params":{"modifiers":0,"type":"keyUp","text":"r","windowsVirtualKeyCode":114}}
00:19:00.526 [nioEventLoopGroup-7-1] DEBUG c.i.k.driver.chrome_1752427137766 - << {"id":47,"result":{},"sessionId":"F460A9AEDB60060C9D283E421EB52C37"}
00:19:00.528 [main] DEBUG c.i.k.driver.chrome_1752427137766 - >> {"id":48,"sessionId":"F460A9AEDB60060C9D283E421EB52C37","method":"Runtime.evaluate","params":{"expression":"var e = document.evaluate(\"\/\/*[@id='password']\", document, null, 9, null).singleNodeValue; e.focus(); try { e.selectionStart = e.selectionEnd = e.value.length } catch(x) {}","returnByValue":true}}
00:19:00.532 [nioEventLoopGroup-7-1] DEBUG c.i.k.driver.chrome_1752427137766 - << {"id":48,"result":{"result":{"type":"number","value":0,"description":"0"}},"sessionId":"F460A9AEDB60060C9D283E421EB52C37"}
00:19:00.534 [main] DEBUG c.i.k.driver.chrome_1752427137766 - >> {"id":49,"sessionId":"F460A9AEDB60060C9D283E421EB52C37","method":"Input.dispatchKeyEvent","params":{"modifiers":0,"type":"rawKeyDown","text":"s","windowsVirtualKeyCode":115}}
00:19:00.538 [nioEventLoopGroup-7-1] DEBUG c.i.k.driver.chrome_1752427137766 - << {"id":49,"result":{},"sessionId":"F460A9AEDB60060C9D283E421EB52C37"}
00:19:00.538 [main] DEBUG c.i.k.driver.chrome_1752427137766 - >> {"id":50,"sessionId":"F460A9AEDB60060C9D283E421EB52C37","method":"Input.dispatchKeyEvent","params":{"modifiers":0,"type":"char","text":"s","windowsVirtualKeyCode":115}}
00:19:00.543 [nioEventLoopGroup-7-1] DEBUG c.i.k.driver.chrome_1752427137766 - << {"id":50,"result":{},"sessionId":"F460A9AEDB60060C9D283E421EB52C37"}
00:19:00.544 [main] DEBUG c.i.k.driver.chrome_1752427137766 - >> {"id":51,"sessionId":"F460A9AEDB60060C9D283E421EB52C37","method":"Input.dispatchKeyEvent","params":{"modifiers":0,"type":"keyUp","text":"s","windowsVirtualKeyCode":115}}
00:19:00.546 [nioEventLoopGroup-7-1] DEBUG c.i.k.driver.chrome_1752427137766 - << {"id":51,"result":{},"sessionId":"F460A9AEDB60060C9D283E421EB52C37"}
00:19:00.547 [main] DEBUG c.i.k.driver.chrome_1752427137766 - >> {"id":52,"sessionId":"F460A9AEDB60060C9D283E421EB52C37","method":"Input.dispatchKeyEvent","params":{"modifiers":0,"type":"rawKeyDown","text":"e","windowsVirtualKeyCode":101}}
00:19:00.549 [nioEventLoopGroup-7-1] DEBUG c.i.k.driver.chrome_1752427137766 - << {"id":52,"result":{},"sessionId":"F460A9AEDB60060C9D283E421EB52C37"}
00:19:00.550 [main] DEBUG c.i.k.driver.chrome_1752427137766 - >> {"id":53,"sessionId":"F460A9AEDB60060C9D283E421EB52C37","method":"Input.dispatchKeyEvent","params":{"modifiers":0,"type":"char","text":"e","windowsVirtualKeyCode":101}}
00:19:00.556 [nioEventLoopGroup-7-1] DEBUG c.i.k.driver.chrome_1752427137766 - << {"id":53,"result":{},"sessionId":"F460A9AEDB60060C9D283E421EB52C37"}
00:19:00.556 [main] DEBUG c.i.k.driver.chrome_1752427137766 - >> {"id":54,"sessionId":"F460A9AEDB60060C9D283E421EB52C37","method":"Input.dispatchKeyEvent","params":{"modifiers":0,"type":"keyUp","text":"e","windowsVirtualKeyCode":101}}
00:19:00.558 [nioEventLoopGroup-7-1] DEBUG c.i.k.driver.chrome_1752427137766 - << {"id":54,"result":{},"sessionId":"F460A9AEDB60060C9D283E421EB52C37"}
00:19:00.558 [main] DEBUG c.i.k.driver.chrome_1752427137766 - >> {"id":55,"sessionId":"F460A9AEDB60060C9D283E421EB52C37","method":"Input.dispatchKeyEvent","params":{"modifiers":0,"type":"rawKeyDown","text":"c","windowsVirtualKeyCode":99}}
00:19:00.560 [nioEventLoopGroup-7-1] DEBUG c.i.k.driver.chrome_1752427137766 - << {"id":55,"result":{},"sessionId":"F460A9AEDB60060C9D283E421EB52C37"}
00:19:00.561 [main] DEBUG c.i.k.driver.chrome_1752427137766 - >> {"id":56,"sessionId":"F460A9AEDB60060C9D283E421EB52C37","method":"Input.dispatchKeyEvent","params":{"modifiers":0,"type":"char","text":"c","windowsVirtualKeyCode":99}}
00:19:00.564 [nioEventLoopGroup-7-1] DEBUG c.i.k.driver.chrome_1752427137766 - << {"id":56,"result":{},"sessionId":"F460A9AEDB60060C9D283E421EB52C37"}
00:19:00.565 [main] DEBUG c.i.k.driver.chrome_1752427137766 - >> {"id":57,"sessionId":"F460A9AEDB60060C9D283E421EB52C37","method":"Input.dispatchKeyEvent","params":{"modifiers":0,"type":"keyUp","text":"c","windowsVirtualKeyCode":99}}
00:19:00.567 [nioEventLoopGroup-7-1] DEBUG c.i.k.driver.chrome_1752427137766 - << {"id":57,"result":{},"sessionId":"F460A9AEDB60060C9D283E421EB52C37"}
00:19:00.568 [main] DEBUG c.i.k.driver.chrome_1752427137766 - >> {"id":58,"sessionId":"F460A9AEDB60060C9D283E421EB52C37","method":"Input.dispatchKeyEvent","params":{"modifiers":0,"type":"rawKeyDown","text":"r","windowsVirtualKeyCode":114}}
00:19:00.570 [nioEventLoopGroup-7-1] DEBUG c.i.k.driver.chrome_1752427137766 - << {"id":58,"result":{},"sessionId":"F460A9AEDB60060C9D283E421EB52C37"}
00:19:00.570 [main] DEBUG c.i.k.driver.chrome_1752427137766 - >> {"id":59,"sessionId":"F460A9AEDB60060C9D283E421EB52C37","method":"Input.dispatchKeyEvent","params":{"modifiers":0,"type":"char","text":"r","windowsVirtualKeyCode":114}}
00:19:00.575 [nioEventLoopGroup-7-1] DEBUG c.i.k.driver.chrome_1752427137766 - << {"id":59,"result":{},"sessionId":"F460A9AEDB60060C9D283E421EB52C37"}
00:19:00.576 [main] DEBUG c.i.k.driver.chrome_1752427137766 - >> {"id":60,"sessionId":"F460A9AEDB60060C9D283E421EB52C37","method":"Input.dispatchKeyEvent","params":{"modifiers":0,"type":"keyUp","text":"r","windowsVirtualKeyCode":114}}
00:19:00.577 [nioEventLoopGroup-7-1] DEBUG c.i.k.driver.chrome_1752427137766 - << {"id":60,"result":{},"sessionId":"F460A9AEDB60060C9D283E421EB52C37"}
00:19:00.578 [main] DEBUG c.i.k.driver.chrome_1752427137766 - >> {"id":61,"sessionId":"F460A9AEDB60060C9D283E421EB52C37","method":"Input.dispatchKeyEvent","params":{"modifiers":0,"type":"rawKeyDown","text":"e","windowsVirtualKeyCode":101}}
00:19:00.579 [nioEventLoopGroup-7-1] DEBUG c.i.k.driver.chrome_1752427137766 - << {"id":61,"result":{},"sessionId":"F460A9AEDB60060C9D283E421EB52C37"}
00:19:00.579 [main] DEBUG c.i.k.driver.chrome_1752427137766 - >> {"id":62,"sessionId":"F460A9AEDB60060C9D283E421EB52C37","method":"Input.dispatchKeyEvent","params":{"modifiers":0,"type":"char","text":"e","windowsVirtualKeyCode":101}}
00:19:00.582 [nioEventLoopGroup-7-1] DEBUG c.i.k.driver.chrome_1752427137766 - << {"id":62,"result":{},"sessionId":"F460A9AEDB60060C9D283E421EB52C37"}
00:19:00.583 [main] DEBUG c.i.k.driver.chrome_1752427137766 - >> {"id":63,"sessionId":"F460A9AEDB60060C9D283E421EB52C37","method":"Input.dispatchKeyEvent","params":{"modifiers":0,"type":"keyUp","text":"e","windowsVirtualKeyCode":101}}
00:19:00.584 [nioEventLoopGroup-7-1] DEBUG c.i.k.driver.chrome_1752427137766 - << {"id":63,"result":{},"sessionId":"F460A9AEDB60060C9D283E421EB52C37"}
00:19:00.585 [main] DEBUG c.i.k.driver.chrome_1752427137766 - >> {"id":64,"sessionId":"F460A9AEDB60060C9D283E421EB52C37","method":"Input.dispatchKeyEvent","params":{"modifiers":0,"type":"rawKeyDown","text":"t","windowsVirtualKeyCode":116}}
00:19:00.586 [nioEventLoopGroup-7-1] DEBUG c.i.k.driver.chrome_1752427137766 - << {"id":64,"result":{},"sessionId":"F460A9AEDB60060C9D283E421EB52C37"}
00:19:00.586 [main] DEBUG c.i.k.driver.chrome_1752427137766 - >> {"id":65,"sessionId":"F460A9AEDB60060C9D283E421EB52C37","method":"Input.dispatchKeyEvent","params":{"modifiers":0,"type":"char","text":"t","windowsVirtualKeyCode":116}}
00:19:00.589 [nioEventLoopGroup-7-1] DEBUG c.i.k.driver.chrome_1752427137766 - << {"id":65,"result":{},"sessionId":"F460A9AEDB60060C9D283E421EB52C37"}
00:19:00.589 [main] DEBUG c.i.k.driver.chrome_1752427137766 - >> {"id":66,"sessionId":"F460A9AEDB60060C9D283E421EB52C37","method":"Input.dispatchKeyEvent","params":{"modifiers":0,"type":"keyUp","text":"t","windowsVirtualKeyCode":116}}
00:19:00.591 [nioEventLoopGroup-7-1] DEBUG c.i.k.driver.chrome_1752427137766 - << {"id":66,"result":{},"sessionId":"F460A9AEDB60060C9D283E421EB52C37"}
00:19:00.591 [main] DEBUG c.i.k.driver.chrome_1752427137766 - >> {"id":67,"sessionId":"F460A9AEDB60060C9D283E421EB52C37","method":"Input.dispatchKeyEvent","params":{"modifiers":0,"type":"rawKeyDown","text":"_","windowsVirtualKeyCode":523}}
00:19:00.593 [nioEventLoopGroup-7-1] DEBUG c.i.k.driver.chrome_1752427137766 - << {"id":67,"result":{},"sessionId":"F460A9AEDB60060C9D283E421EB52C37"}
00:19:00.593 [main] DEBUG c.i.k.driver.chrome_1752427137766 - >> {"id":68,"sessionId":"F460A9AEDB60060C9D283E421EB52C37","method":"Input.dispatchKeyEvent","params":{"modifiers":0,"type":"char","text":"_","windowsVirtualKeyCode":523}}
00:19:00.596 [nioEventLoopGroup-7-1] DEBUG c.i.k.driver.chrome_1752427137766 - << {"id":68,"result":{},"sessionId":"F460A9AEDB60060C9D283E421EB52C37"}
00:19:00.596 [main] DEBUG c.i.k.driver.chrome_1752427137766 - >> {"id":69,"sessionId":"F460A9AEDB60060C9D283E421EB52C37","method":"Input.dispatchKeyEvent","params":{"modifiers":0,"type":"keyUp","text":"_","windowsVirtualKeyCode":523}}
00:19:00.598 [nioEventLoopGroup-7-1] DEBUG c.i.k.driver.chrome_1752427137766 - << {"id":69,"result":{},"sessionId":"F460A9AEDB60060C9D283E421EB52C37"}
00:19:00.598 [main] DEBUG c.i.k.driver.chrome_1752427137766 - >> {"id":70,"sessionId":"F460A9AEDB60060C9D283E421EB52C37","method":"Input.dispatchKeyEvent","params":{"modifiers":0,"type":"rawKeyDown","text":"s","windowsVirtualKeyCode":115}}
00:19:00.599 [nioEventLoopGroup-7-1] DEBUG c.i.k.driver.chrome_1752427137766 - << {"id":70,"result":{},"sessionId":"F460A9AEDB60060C9D283E421EB52C37"}
00:19:00.600 [main] DEBUG c.i.k.driver.chrome_1752427137766 - >> {"id":71,"sessionId":"F460A9AEDB60060C9D283E421EB52C37","method":"Input.dispatchKeyEvent","params":{"modifiers":0,"type":"char","text":"s","windowsVirtualKeyCode":115}}
00:19:00.604 [nioEventLoopGroup-7-1] DEBUG c.i.k.driver.chrome_1752427137766 - << {"id":71,"result":{},"sessionId":"F460A9AEDB60060C9D283E421EB52C37"}
00:19:00.605 [main] DEBUG c.i.k.driver.chrome_1752427137766 - >> {"id":72,"sessionId":"F460A9AEDB60060C9D283E421EB52C37","method":"Input.dispatchKeyEvent","params":{"modifiers":0,"type":"keyUp","text":"s","windowsVirtualKeyCode":115}}
00:19:00.606 [nioEventLoopGroup-7-1] DEBUG c.i.k.driver.chrome_1752427137766 - << {"id":72,"result":{},"sessionId":"F460A9AEDB60060C9D283E421EB52C37"}
00:19:00.606 [main] DEBUG c.i.k.driver.chrome_1752427137766 - >> {"id":73,"sessionId":"F460A9AEDB60060C9D283E421EB52C37","method":"Input.dispatchKeyEvent","params":{"modifiers":0,"type":"rawKeyDown","text":"a","windowsVirtualKeyCode":97}}
00:19:00.608 [nioEventLoopGroup-7-1] DEBUG c.i.k.driver.chrome_1752427137766 - << {"id":73,"result":{},"sessionId":"F460A9AEDB60060C9D283E421EB52C37"}
00:19:00.608 [main] DEBUG c.i.k.driver.chrome_1752427137766 - >> {"id":74,"sessionId":"F460A9AEDB60060C9D283E421EB52C37","method":"Input.dispatchKeyEvent","params":{"modifiers":0,"type":"char","text":"a","windowsVirtualKeyCode":97}}
00:19:00.613 [nioEventLoopGroup-7-1] DEBUG c.i.k.driver.chrome_1752427137766 - << {"id":74,"result":{},"sessionId":"F460A9AEDB60060C9D283E421EB52C37"}
00:19:00.614 [main] DEBUG c.i.k.driver.chrome_1752427137766 - >> {"id":75,"sessionId":"F460A9AEDB60060C9D283E421EB52C37","method":"Input.dispatchKeyEvent","params":{"modifiers":0,"type":"keyUp","text":"a","windowsVirtualKeyCode":97}}
00:19:00.615 [nioEventLoopGroup-7-1] DEBUG c.i.k.driver.chrome_1752427137766 - << {"id":75,"result":{},"sessionId":"F460A9AEDB60060C9D283E421EB52C37"}
00:19:00.615 [main] DEBUG c.i.k.driver.chrome_1752427137766 - >> {"id":76,"sessionId":"F460A9AEDB60060C9D283E421EB52C37","method":"Input.dispatchKeyEvent","params":{"modifiers":0,"type":"rawKeyDown","text":"u","windowsVirtualKeyCode":117}}
00:19:00.617 [nioEventLoopGroup-7-1] DEBUG c.i.k.driver.chrome_1752427137766 - << {"id":76,"result":{},"sessionId":"F460A9AEDB60060C9D283E421EB52C37"}
00:19:00.618 [main] DEBUG c.i.k.driver.chrome_1752427137766 - >> {"id":77,"sessionId":"F460A9AEDB60060C9D283E421EB52C37","method":"Input.dispatchKeyEvent","params":{"modifiers":0,"type":"char","text":"u","windowsVirtualKeyCode":117}}
00:19:00.621 [nioEventLoopGroup-7-1] DEBUG c.i.k.driver.chrome_1752427137766 - << {"id":77,"result":{},"sessionId":"F460A9AEDB60060C9D283E421EB52C37"}
00:19:00.621 [main] DEBUG c.i.k.driver.chrome_1752427137766 - >> {"id":78,"sessionId":"F460A9AEDB60060C9D283E421EB52C37","method":"Input.dispatchKeyEvent","params":{"modifiers":0,"type":"keyUp","text":"u","windowsVirtualKeyCode":117}}
00:19:00.623 [nioEventLoopGroup-7-1] DEBUG c.i.k.driver.chrome_1752427137766 - << {"id":78,"result":{},"sessionId":"F460A9AEDB60060C9D283E421EB52C37"}
00:19:00.623 [main] DEBUG c.i.k.driver.chrome_1752427137766 - >> {"id":79,"sessionId":"F460A9AEDB60060C9D283E421EB52C37","method":"Input.dispatchKeyEvent","params":{"modifiers":0,"type":"rawKeyDown","text":"c","windowsVirtualKeyCode":99}}
00:19:00.625 [nioEventLoopGroup-7-1] DEBUG c.i.k.driver.chrome_1752427137766 - << {"id":79,"result":{},"sessionId":"F460A9AEDB60060C9D283E421EB52C37"}
00:19:00.625 [main] DEBUG c.i.k.driver.chrome_1752427137766 - >> {"id":80,"sessionId":"F460A9AEDB60060C9D283E421EB52C37","method":"Input.dispatchKeyEvent","params":{"modifiers":0,"type":"char","text":"c","windowsVirtualKeyCode":99}}
00:19:00.631 [nioEventLoopGroup-7-1] DEBUG c.i.k.driver.chrome_1752427137766 - << {"id":80,"result":{},"sessionId":"F460A9AEDB60060C9D283E421EB52C37"}
00:19:00.631 [main] DEBUG c.i.k.driver.chrome_1752427137766 - >> {"id":81,"sessionId":"F460A9AEDB60060C9D283E421EB52C37","method":"Input.dispatchKeyEvent","params":{"modifiers":0,"type":"keyUp","text":"c","windowsVirtualKeyCode":99}}
00:19:00.633 [nioEventLoopGroup-7-1] DEBUG c.i.k.driver.chrome_1752427137766 - << {"id":81,"result":{},"sessionId":"F460A9AEDB60060C9D283E421EB52C37"}
00:19:00.634 [main] DEBUG c.i.k.driver.chrome_1752427137766 - >> {"id":82,"sessionId":"F460A9AEDB60060C9D283E421EB52C37","method":"Input.dispatchKeyEvent","params":{"modifiers":0,"type":"rawKeyDown","text":"e","windowsVirtualKeyCode":101}}
00:19:00.635 [nioEventLoopGroup-7-1] DEBUG c.i.k.driver.chrome_1752427137766 - << {"id":82,"result":{},"sessionId":"F460A9AEDB60060C9D283E421EB52C37"}
00:19:00.636 [main] DEBUG c.i.k.driver.chrome_1752427137766 - >> {"id":83,"sessionId":"F460A9AEDB60060C9D283E421EB52C37","method":"Input.dispatchKeyEvent","params":{"modifiers":0,"type":"char","text":"e","windowsVirtualKeyCode":101}}
00:19:00.640 [nioEventLoopGroup-7-1] DEBUG c.i.k.driver.chrome_1752427137766 - << {"id":83,"result":{},"sessionId":"F460A9AEDB60060C9D283E421EB52C37"}
00:19:00.640 [main] DEBUG c.i.k.driver.chrome_1752427137766 - >> {"id":84,"sessionId":"F460A9AEDB60060C9D283E421EB52C37","method":"Input.dispatchKeyEvent","params":{"modifiers":0,"type":"keyUp","text":"e","windowsVirtualKeyCode":101}}
00:19:00.642 [nioEventLoopGroup-7-1] DEBUG c.i.k.driver.chrome_1752427137766 - << {"id":84,"result":{},"sessionId":"F460A9AEDB60060C9D283E421EB52C37"}
00:19:00.644 [main] DEBUG c.i.k.driver.chrome_1752427137766 - >> {"id":85,"sessionId":"F460A9AEDB60060C9D283E421EB52C37","method":"Runtime.evaluate","params":{"expression":"document.evaluate(\"\/\/*[@id='login-button']\", document, null, 9, null).singleNodeValue.click()","returnByValue":true}}
00:19:00.655 [nioEventLoopGroup-7-1] DEBUG c.i.k.driver.chrome_1752427137766 - << {"method":"Target.targetInfoChanged","params":{"targetInfo":{"targetId":"F245E40F93B5AA8CA27A9C925607A948","type":"page","title":"Swag Labs","url":"https://www.saucedemo.com/inventory.html","attached":true,"canAccessOpener":false,"browserContextId":"935B8186C375A3363567B97827C91EF6"}},"sessionId":"F460A9AEDB60060C9D283E421EB52C37"}
00:19:00.677 [nioEventLoopGroup-7-1] DEBUG c.i.k.driver.chrome_1752427137766 - << {"method":"Page.navigatedWithinDocument","params":{"frameId":"F245E40F93B5AA8CA27A9C925607A948","url":"https://www.saucedemo.com/inventory.html","navigationType":"historyApi"},"sessionId":"F460A9AEDB60060C9D283E421EB52C37"}
00:19:00.678 [nioEventLoopGroup-7-1] DEBUG c.i.k.driver.chrome_1752427137766 - << {"id":85,"result":{"result":{"type":"undefined"}},"sessionId":"F460A9AEDB60060C9D283E421EB52C37"}
00:19:00.689 [main] DEBUG c.i.k.driver.chrome_1752427137766 - >> {"id":86,"sessionId":"F460A9AEDB60060C9D283E421EB52C37","method":"Runtime.evaluate","params":{"expression":"document.location.href","returnByValue":true}}
00:19:00.723 [nioEventLoopGroup-7-1] DEBUG c.i.k.driver.chrome_1752427137766 - << {"id":86,"result":{"result":{"type":"string","value":"https://www.saucedemo.com/inventory.html"}},"sessionId":"F460A9AEDB60060C9D283E421EB52C37"}
00:19:00.726 [main] INFO  c.intuit.karate.core.FeatureRuntime - classpath:UI/HomePageUI/HomePage.feature - call by tag at line 7: action_sortProducts
00:19:00.741 [main] DEBUG c.intuit.karate.core.ScenarioEngine - over-writing existing variable 'homePage' with new value: read('classpath:UI/HomePageUI/saucedemo-HomePage.json')
00:19:00.743 [main] DEBUG c.i.k.driver.chrome_1752427137766 - >> {"id":87,"sessionId":"F460A9AEDB60060C9D283E421EB52C37","method":"Runtime.evaluate","params":{"expression":"(document.querySelector(\".product_sort_container\") != null)","returnByValue":true}}
00:19:00.745 [nioEventLoopGroup-7-1] DEBUG c.i.k.driver.chrome_1752427137766 - << {"id":87,"result":{"result":{"type":"boolean","value":true}},"sessionId":"F460A9AEDB60060C9D283E421EB52C37"}
00:19:00.746 [main] DEBUG c.i.k.driver.chrome_1752427137766 - >> {"id":88,"sessionId":"F460A9AEDB60060C9D283E421EB52C37","method":"Runtime.evaluate","params":{"expression":"(function(){ var fun = e => { e.value = 'az'; e.dispatchEvent(new Event('change', { bubbles: true })) }; var e = document.querySelector(\".product_sort_container\"); return fun(e) })()","returnByValue":true}}
00:19:00.759 [nioEventLoopGroup-7-1] DEBUG c.i.k.driver.chrome_1752427137766 - << {"id":88,"result":{"result":{"type":"undefined"}},"sessionId":"F460A9AEDB60060C9D283E421EB52C37"}
00:19:00.772 [main] DEBUG c.i.k.driver.chrome_1752427137766 - >> {"id":89,"sessionId":"F460A9AEDB60060C9D283E421EB52C37","method":"Runtime.evaluate","params":{"expression":"(function(){ var res = []; var fun = e => e.innerText; var es = document.querySelectorAll(\".inventory_item_name\"); es.forEach(function(e){ res.push(fun(e)) }); return res })()","returnByValue":true}}
00:19:00.774 [nioEventLoopGroup-7-1] DEBUG c.i.k.driver.chrome_1752427137766 - << {"id":89,"result":{"result":{"type":"object","value":["Sauce Labs Backpack","Sauce Labs Bike Light","Sauce Labs Bolt T-Shirt","Sauce Labs Fleece Jacket","Sauce Labs Onesie","Test.allTheThings() T-Shirt (Red)"]}},"sessionId":"F460A9AEDB60060C9D283E421EB52C37"}
Sauce Labs Backpack,Sauce Labs Bike Light,Sauce Labs Bolt T-Shirt,Sauce Labs Fleece Jacket,Sauce Labs Onesie,Test.allTheThings() T-Shirt (Red)
Sauce Labs Backpack
Test.allTheThings() T-Shirt (Red)
00:19:00.779 [main] DEBUG c.i.k.driver.chrome_1752427137766 - >> {"id":90,"sessionId":"F460A9AEDB60060C9D283E421EB52C37","method":"Target.closeTarget","params":{"targetId":"F245E40F93B5AA8CA27A9C925607A948"}}
00:19:00.779 [nioEventLoopGroup-7-1] DEBUG c.i.k.http.WebSocketClientHandler - websocket closing
00:19:00.780 [nioEventLoopGroup-7-1] DEBUG c.i.k.http.WebSocketClientHandler - websocket client disconnected
00:19:00.785 [main] DEBUG com.intuit.karate.shell.Command - closing command: chrome_1752427137766
00:19:00.794 [main] INFO  com.intuit.karate - karate.env system property was: null 
00:19:00.798 [main] DEBUG com.intuit.karate.shell.Command - found / verified free local port: 64990
00:19:00.798 [main] WARN  c.intuit.karate.driver.DriverOptions - preferred port 9222 not available, will use: 64990
00:19:00.799 [main] DEBUG c.i.k.driver.chrome_1752427140797 - poll attempt #0 for port to be ready - localhost:64990
00:19:00.799 [chrome_1752427140797] DEBUG c.i.k.driver.chrome_1752427140797 - command: [C:\Program Files\Google\Chrome\Application\chrome.exe, --remote-debugging-port=64990, --remote-allow-origins=*, --no-first-run, --user-data-dir=E:\Duy\Projects\practices\karate_framework\demo\target\chrome_1752427140797, --disable-popup-blocking, --disable-features=PasswordManager, --incognito], working dir: target\chrome_1752427140797
00:19:00.851 [chrome_1752427137766] WARN  com.intuit.karate.shell.Command - exit code was non-zero: 1 - [C:\Program Files\Google\Chrome\Application\chrome.exe, --remote-debugging-port=64957, --remote-allow-origins=*, --no-first-run, --user-data-dir=E:\Duy\Projects\practices\karate_framework\demo\target\chrome_1752427137766, --disable-popup-blocking, --disable-features=PasswordManager, --incognito] working dir: target\chrome_1752427137766
00:19:01.054 [main] DEBUG c.i.k.driver.chrome_1752427140797 - poll attempt #1 for port to be ready - localhost:64990
00:19:01.193 [chrome_1752427140797-out] DEBUG c.i.k.driver.chrome_1752427140797 - 
00:19:01.193 [chrome_1752427140797-out] DEBUG c.i.k.driver.chrome_1752427140797 - DevTools listening on ws://127.0.0.1:64990/devtools/browser/ca748740-ba04-4529-9a5a-d4727366f206
00:19:01.320 [main] DEBUG c.i.k.driver.chrome_1752427140797 - poll attempt #2 for port to be ready - localhost:64990
00:19:01.335 [main] DEBUG com.intuit.karate - request:
1 > GET http://localhost:64990/json
1 > Host: localhost:64990
1 > Connection: Keep-Alive
1 > User-Agent: Apache-HttpClient/4.5.14 (Java/21.0.7)
1 > Accept-Encoding: gzip,deflate


00:19:01.440 [main] DEBUG com.intuit.karate - response time in milliseconds: 104
1 < 200
1 < Content-Security-Policy: frame-ancestors 'none'
1 < Content-Length: 1430
1 < Content-Type: application/json; charset=UTF-8
[ {
   "description": "",
   "devtoolsFrontendUrl": "https://chrome-devtools-frontend.appspot.com/serve_rev/@a2159ad9ab8037bd34a21b9903003e0964c2075b/inspector.html?ws=localhost:64990/devtools/page/452D54D9A1D42DBA8FCDC2035F19552C",
   "id": "452D54D9A1D42DBA8FCDC2035F19552C",
   "title": "Google Hangouts",
   "type": "background_page",
   "url": "chrome-extension://nkeimhogjdpnpccoofpliimaahmaaome/background.html",
   "webSocketDebuggerUrl": "ws://localhost:64990/devtools/page/452D54D9A1D42DBA8FCDC2035F19552C"
}, {
   "description": "",
   "devtoolsFrontendUrl": "https://chrome-devtools-frontend.appspot.com/serve_rev/@a2159ad9ab8037bd34a21b9903003e0964c2075b/inspector.html?ws=localhost:64990/devtools/page/EBDFBAD55C16187746C73FE3FF94F9E2",
   "id": "EBDFBAD55C16187746C73FE3FF94F9E2",
   "title": "",
   "type": "other",
   "url": "",
   "webSocketDebuggerUrl": "ws://localhost:64990/devtools/page/EBDFBAD55C16187746C73FE3FF94F9E2"
}, {
   "description": "",
   "devtoolsFrontendUrl": "https://chrome-devtools-frontend.appspot.com/serve_rev/@a2159ad9ab8037bd34a21b9903003e0964c2075b/inspector.html?ws=localhost:64990/devtools/page/46F30493D6259542F42D942F46684774",
   "id": "46F30493D6259542F42D942F46684774",
   "title": "New Incognito Tab",
   "type": "page",
   "url": "chrome://newtab/",
   "webSocketDebuggerUrl": "ws://localhost:64990/devtools/page/46F30493D6259542F42D942F46684774"
} ]


00:19:01.442 [main] DEBUG com.intuit.karate.shell.Command - ready to accept http connections after 113 ms - http://localhost:64990/json
00:19:01.444 [main] DEBUG com.intuit.karate - request:
1 > GET http://localhost:64990/json
1 > Host: localhost:64990
1 > Connection: Keep-Alive
1 > User-Agent: Apache-HttpClient/4.5.14 (Java/21.0.7)
1 > Accept-Encoding: gzip,deflate


00:19:01.480 [main] DEBUG com.intuit.karate - response time in milliseconds: 36
1 < 200
1 < Content-Security-Policy: frame-ancestors 'none'
1 < Content-Length: 1522
1 < Content-Type: application/json; charset=UTF-8
[ {
   "description": "",
   "devtoolsFrontendUrl": "https://chrome-devtools-frontend.appspot.com/serve_rev/@a2159ad9ab8037bd34a21b9903003e0964c2075b/inspector.html?ws=localhost:64990/devtools/page/452D54D9A1D42DBA8FCDC2035F19552C",
   "id": "452D54D9A1D42DBA8FCDC2035F19552C",
   "title": "Google Hangouts",
   "type": "background_page",
   "url": "chrome-extension://nkeimhogjdpnpccoofpliimaahmaaome/background.html",
   "webSocketDebuggerUrl": "ws://localhost:64990/devtools/page/452D54D9A1D42DBA8FCDC2035F19552C"
}, {
   "description": "",
   "devtoolsFrontendUrl": "https://chrome-devtools-frontend.appspot.com/serve_rev/@a2159ad9ab8037bd34a21b9903003e0964c2075b/inspector.html?ws=localhost:64990/devtools/page/EBDFBAD55C16187746C73FE3FF94F9E2",
   "id": "EBDFBAD55C16187746C73FE3FF94F9E2",
   "title": "Google Hangouts",
   "type": "background_page",
   "url": "chrome-extension://nkeimhogjdpnpccoofpliimaahmaaome/background.html",
   "webSocketDebuggerUrl": "ws://localhost:64990/devtools/page/EBDFBAD55C16187746C73FE3FF94F9E2"
}, {
   "description": "",
   "devtoolsFrontendUrl": "https://chrome-devtools-frontend.appspot.com/serve_rev/@a2159ad9ab8037bd34a21b9903003e0964c2075b/inspector.html?ws=localhost:64990/devtools/page/46F30493D6259542F42D942F46684774",
   "id": "46F30493D6259542F42D942F46684774",
   "title": "New Incognito Tab",
   "type": "page",
   "url": "chrome://newtab/",
   "webSocketDebuggerUrl": "ws://localhost:64990/devtools/page/46F30493D6259542F42D942F46684774"
} ]


00:19:01.481 [main] DEBUG c.i.k.driver.chrome_1752427140797 - root frame id: 46F30493D6259542F42D942F46684774
00:19:01.555 [nioEventLoopGroup-8-1] DEBUG c.i.k.http.WebSocketClientHandler - websocket client connected
00:19:01.556 [main] DEBUG c.i.k.driver.chrome_1752427140797 - >> {"id":1,"method":"Target.attachToTarget","params":{"targetId":"46F30493D6259542F42D942F46684774","flatten":true}}
00:19:01.559 [nioEventLoopGroup-8-1] DEBUG c.i.k.driver.chrome_1752427140797 - << {"method":"Target.attachedToTarget","params":{"sessionId":"72600F390FBA0D8D9B4EFCFEA8B5919D","targetInfo":{"targetId":"46F30493D6259542F42D942F46684774","type":"page","title":"New Incognito Tab","url":"chrome://newtab/","attached":true,"canAccessOpener":false,"browserContextId":"4A6255F17FE73F33D7B1C199F183B0E1"},"waitingForDebugger":false}}
00:19:01.560 [nioEventLoopGroup-8-1] DEBUG c.i.k.driver.chrome_1752427140797 - << {"id":1,"result":{"sessionId":"72600F390FBA0D8D9B4EFCFEA8B5919D"}}
00:19:01.560 [main] DEBUG c.i.k.driver.chrome_1752427140797 - >> {"id":2,"sessionId":"72600F390FBA0D8D9B4EFCFEA8B5919D","method":"Target.activateTarget","params":{"targetId":"46F30493D6259542F42D942F46684774"}}
00:19:01.563 [nioEventLoopGroup-8-1] DEBUG c.i.k.driver.chrome_1752427140797 - << {"id":2,"result":{},"sessionId":"72600F390FBA0D8D9B4EFCFEA8B5919D"}
00:19:01.563 [main] DEBUG c.i.k.driver.chrome_1752427140797 - >> {"id":3,"sessionId":"72600F390FBA0D8D9B4EFCFEA8B5919D","method":"Target.setDiscoverTargets","params":{"discover":true}}
00:19:01.565 [nioEventLoopGroup-8-1] DEBUG c.i.k.driver.chrome_1752427140797 - << {"method":"Target.targetCreated","params":{"targetInfo":{"targetId":"452D54D9A1D42DBA8FCDC2035F19552C","type":"background_page","title":"Google Hangouts","url":"chrome-extension://nkeimhogjdpnpccoofpliimaahmaaome/background.html","attached":false,"canAccessOpener":false,"browserContextId":"4A6255F17FE73F33D7B1C199F183B0E1"}},"sessionId":"72600F390FBA0D8D9B4EFCFEA8B5919D"}
00:19:01.565 [nioEventLoopGroup-8-1] DEBUG c.i.k.driver.chrome_1752427140797 - << {"method":"Target.targetCreated","params":{"targetInfo":{"targetId":"46F30493D6259542F42D942F46684774","type":"page","title":"New Incognito Tab","url":"chrome://newtab/","attached":true,"canAccessOpener":false,"browserContextId":"4A6255F17FE73F33D7B1C199F183B0E1"}},"sessionId":"72600F390FBA0D8D9B4EFCFEA8B5919D"}
00:19:01.566 [nioEventLoopGroup-8-1] DEBUG c.i.k.driver.chrome_1752427140797 - << {"method":"Target.targetCreated","params":{"targetInfo":{"targetId":"EBDFBAD55C16187746C73FE3FF94F9E2","type":"background_page","title":"Google Hangouts","url":"chrome-extension://nkeimhogjdpnpccoofpliimaahmaaome/background.html","attached":false,"canAccessOpener":false,"browserContextId":"38252FC75E116ABD2C3A6C3FE58FE04D"}},"sessionId":"72600F390FBA0D8D9B4EFCFEA8B5919D"}
00:19:01.566 [nioEventLoopGroup-8-1] DEBUG c.i.k.driver.chrome_1752427140797 - << {"id":3,"result":{},"sessionId":"72600F390FBA0D8D9B4EFCFEA8B5919D"}
00:19:01.571 [main] DEBUG c.i.k.driver.chrome_1752427140797 - >> {"id":4,"sessionId":"72600F390FBA0D8D9B4EFCFEA8B5919D","method":"Page.enable"}
00:19:01.575 [nioEventLoopGroup-8-1] DEBUG c.i.k.driver.chrome_1752427140797 - << {"id":4,"result":{},"sessionId":"72600F390FBA0D8D9B4EFCFEA8B5919D"}
00:19:01.577 [main] DEBUG c.i.k.driver.chrome_1752427140797 - >> {"id":5,"sessionId":"72600F390FBA0D8D9B4EFCFEA8B5919D","method":"Runtime.enable"}
00:19:01.578 [nioEventLoopGroup-8-1] DEBUG c.i.k.driver.chrome_1752427140797 - << {"method":"Runtime.executionContextCreated","params":{"context":{"id":1,"origin":"chrome://newtab","name":"","uniqueId":"8099012133104936717.-4884999973740063486","auxData":{"isDefault":true,"type":"default","frameId":"46F30493D6259542F42D942F46684774"}}},"sessionId":"72600F390FBA0D8D9B4EFCFEA8B5919D"}
00:19:01.579 [nioEventLoopGroup-8-1] DEBUG c.i.k.driver.chrome_1752427140797 - << {"id":5,"result":{},"sessionId":"72600F390FBA0D8D9B4EFCFEA8B5919D"}
00:19:01.579 [main] DEBUG c.i.k.driver.chrome_1752427140797 - >> {"id":6,"sessionId":"72600F390FBA0D8D9B4EFCFEA8B5919D","method":"Browser.getWindowForTarget","params":{"targetId":"46F30493D6259542F42D942F46684774"}}
00:19:01.581 [nioEventLoopGroup-8-1] DEBUG c.i.k.driver.chrome_1752427140797 - << {"id":6,"result":{"windowId":42385020,"bounds":{"left":10,"top":10,"width":945,"height":1060,"windowState":"normal"}},"sessionId":"72600F390FBA0D8D9B4EFCFEA8B5919D"}
00:19:01.622 [main] DEBUG c.i.k.driver.chrome_1752427140797 - >> {"id":7,"sessionId":"72600F390FBA0D8D9B4EFCFEA8B5919D","method":"Page.navigate","params":{"url":"https:\/\/saucedemo.com\/"}}
00:19:01.625 [nioEventLoopGroup-8-1] DEBUG c.i.k.driver.chrome_1752427140797 - << {"method":"Target.targetInfoChanged","params":{"targetInfo":{"targetId":"452D54D9A1D42DBA8FCDC2035F19552C","type":"background_page","title":"Google Hangouts","url":"chrome-extension://nkeimhogjdpnpccoofpliimaahmaaome/background.html","attached":false,"canAccessOpener":false,"browserContextId":"4A6255F17FE73F33D7B1C199F183B0E1"}},"sessionId":"72600F390FBA0D8D9B4EFCFEA8B5919D"}
00:19:01.654 [nioEventLoopGroup-8-1] DEBUG c.i.k.driver.chrome_1752427140797 - << {"method":"Page.frameStartedNavigating","params":{"frameId":"46F30493D6259542F42D942F46684774","url":"https://saucedemo.com/","loaderId":"90A8CA6E9981BAABCB9EBADD7BF7E6AB","navigationType":"differentDocument"},"sessionId":"72600F390FBA0D8D9B4EFCFEA8B5919D"}
00:19:01.657 [nioEventLoopGroup-8-1] DEBUG c.i.k.driver.chrome_1752427140797 - << {"method":"Page.frameStartedLoading","params":{"frameId":"46F30493D6259542F42D942F46684774"},"sessionId":"72600F390FBA0D8D9B4EFCFEA8B5919D"}
00:19:01.678 [nioEventLoopGroup-8-1] DEBUG c.i.k.driver.chrome_1752427140797 - << {"method":"Target.targetInfoChanged","params":{"targetInfo":{"targetId":"EBDFBAD55C16187746C73FE3FF94F9E2","type":"background_page","title":"Google Hangouts","url":"chrome-extension://nkeimhogjdpnpccoofpliimaahmaaome/background.html","attached":false,"canAccessOpener":false,"browserContextId":"38252FC75E116ABD2C3A6C3FE58FE04D"}},"sessionId":"72600F390FBA0D8D9B4EFCFEA8B5919D"}
00:19:01.907 [nioEventLoopGroup-8-1] DEBUG c.i.k.driver.chrome_1752427140797 - << {"method":"Page.domContentEventFired","params":{"timestamp":35084.549331},"sessionId":"72600F390FBA0D8D9B4EFCFEA8B5919D"}
00:19:01.910 [main] INFO  c.intuit.karate.core.FeatureRuntime - classpath:UI/LoginUI/LoginPage.feature - call by tag at line 7: action_attemptLogin
00:19:01.927 [main] DEBUG c.i.k.driver.chrome_1752427140797 - >> {"id":8,"sessionId":"72600F390FBA0D8D9B4EFCFEA8B5919D","method":"Runtime.evaluate","params":{"expression":"var e = document.evaluate(\"\/\/*[@id='user-name']\", document, null, 9, null).singleNodeValue; e.focus(); try { e.selectionStart = e.selectionEnd = e.value.length } catch(x) {}","returnByValue":true}}
00:19:01.962 [nioEventLoopGroup-8-1] DEBUG c.i.k.driver.chrome_1752427140797 - << {"method":"Page.loadEventFired","params":{"timestamp":35084.594671},"sessionId":"72600F390FBA0D8D9B4EFCFEA8B5919D"}
00:19:01.963 [nioEventLoopGroup-8-1] DEBUG c.i.k.driver.chrome_1752427140797 - << {"method":"Page.frameStartedLoading","params":{"frameId":"46F30493D6259542F42D942F46684774"},"sessionId":"72600F390FBA0D8D9B4EFCFEA8B5919D"}
00:19:02.123 [nioEventLoopGroup-8-1] DEBUG c.i.k.driver.chrome_1752427140797 - << {"id":7,"result":{"frameId":"46F30493D6259542F42D942F46684774","loaderId":"90A8CA6E9981BAABCB9EBADD7BF7E6AB"},"sessionId":"72600F390FBA0D8D9B4EFCFEA8B5919D"}
00:19:02.128 [nioEventLoopGroup-8-1] DEBUG c.i.k.driver.chrome_1752427140797 - << {"method":"Runtime.executionContextsCleared","params":{},"sessionId":"72600F390FBA0D8D9B4EFCFEA8B5919D"}
00:19:02.128 [nioEventLoopGroup-8-1] DEBUG c.i.k.driver.chrome_1752427140797 - << {"method":"Runtime.executionContextsCleared","params":{},"sessionId":"72600F390FBA0D8D9B4EFCFEA8B5919D"}
00:19:02.129 [nioEventLoopGroup-8-1] DEBUG c.i.k.driver.chrome_1752427140797 - << {"method":"Page.frameNavigated","params":{"frame":{"id":"46F30493D6259542F42D942F46684774","loaderId":"90A8CA6E9981BAABCB9EBADD7BF7E6AB","url":"https://www.saucedemo.com/","domainAndRegistry":"saucedemo.com","securityOrigin":"https://www.saucedemo.com","securityOriginDetails":{"isLocalhost":false},"mimeType":"text/html","adFrameStatus":{"adFrameType":"none"},"secureContextType":"Secure","crossOriginIsolatedContextType":"NotIsolated","gatedAPIFeatures":[]},"type":"Navigation"},"sessionId":"72600F390FBA0D8D9B4EFCFEA8B5919D"}
00:19:02.144 [nioEventLoopGroup-8-1] DEBUG c.i.k.driver.chrome_1752427140797 - << {"method":"Target.targetInfoChanged","params":{"targetInfo":{"targetId":"46F30493D6259542F42D942F46684774","type":"page","title":"saucedemo.com","url":"https://www.saucedemo.com/","attached":true,"canAccessOpener":false,"browserContextId":"4A6255F17FE73F33D7B1C199F183B0E1"}},"sessionId":"72600F390FBA0D8D9B4EFCFEA8B5919D"}
00:19:02.161 [nioEventLoopGroup-8-1] DEBUG c.i.k.driver.chrome_1752427140797 - << {"method":"Runtime.executionContextCreated","params":{"context":{"id":1,"origin":"https://www.saucedemo.com","name":"","uniqueId":"-6971338158632365530.3362673041399056704","auxData":{"isDefault":true,"type":"default","frameId":"46F30493D6259542F42D942F46684774"}}},"sessionId":"72600F390FBA0D8D9B4EFCFEA8B5919D"}
00:19:02.162 [nioEventLoopGroup-8-1] DEBUG c.i.k.driver.chrome_1752427140797 - << {"id":8,"result":{"result":{"type":"object","subtype":"error","className":"TypeError","description":"TypeError: Cannot read properties of null (reading 'focus')\n    at <anonymous>:1:95","objectId":"-1716465680105847297.1.1"},"exceptionDetails":{"exceptionId":1,"text":"Uncaught","lineNumber":0,"columnNumber":94,"scriptId":"5","stackTrace":{"callFrames":[{"functionName":"","scriptId":"5","url":"","lineNumber":0,"columnNumber":94}]},"exception":{"type":"object","subtype":"error","className":"TypeError","description":"TypeError: Cannot read properties of null (reading 'focus')\n    at <anonymous>:1:95","objectId":"-1716465680105847297.1.2"}}},"sessionId":"72600F390FBA0D8D9B4EFCFEA8B5919D"}
00:19:02.162 [nioEventLoopGroup-8-1] WARN  c.i.k.driver.chrome_1752427140797 - devtools error: [id: 8, sessionId: 72600F390FBA0D8D9B4EFCFEA8B5919D, result: [type: MAP, value: {type=object, subtype=error, className=TypeError, description=TypeError: Cannot read properties of null (reading 'focus')
    at <anonymous>:1:95, objectId=-1716465680105847297.1.1}]]
00:19:02.162 [main] WARN  c.i.k.driver.chrome_1752427140797 - js eval failed once:var e = document.evaluate("//*[@id='user-name']", document, null, 9, null).singleNodeValue; e.focus(); try { e.selectionStart = e.selectionEnd = e.value.length } catch(x) {}, error: [type: MAP, value: {type=object, subtype=error, className=TypeError, description=TypeError: Cannot read properties of null (reading 'focus')
    at <anonymous>:1:95, objectId=-1716465680105847297.1.1}]
00:19:03.037 [nioEventLoopGroup-8-1] DEBUG c.i.k.driver.chrome_1752427140797 - << {"method":"Target.targetCreated","params":{"targetInfo":{"targetId":"DCEA963384D71910DFCDDEE5997DD071","type":"service_worker","title":"Service Worker chrome-extension://fignfifoniblkonapihmkfakmlgkbkcf/service_worker.js","url":"chrome-extension://fignfifoniblkonapihmkfakmlgkbkcf/service_worker.js","attached":false,"canAccessOpener":false,"browserContextId":"38252FC75E116ABD2C3A6C3FE58FE04D"}},"sessionId":"72600F390FBA0D8D9B4EFCFEA8B5919D"}
00:19:03.194 [nioEventLoopGroup-8-1] DEBUG c.i.k.driver.chrome_1752427140797 - << {"method":"Page.domContentEventFired","params":{"timestamp":35085.794975},"sessionId":"72600F390FBA0D8D9B4EFCFEA8B5919D"}
00:19:03.480 [nioEventLoopGroup-8-1] DEBUG c.i.k.driver.chrome_1752427140797 - << {"method":"Target.targetCreated","params":{"targetInfo":{"targetId":"15E79F350FA9DF48C56057710F60DA73","type":"service_worker","title":"Service Worker https://www.saucedemo.com/service-worker.js","url":"https://www.saucedemo.com/service-worker.js","attached":false,"canAccessOpener":false,"browserContextId":"4A6255F17FE73F33D7B1C199F183B0E1"}},"sessionId":"72600F390FBA0D8D9B4EFCFEA8B5919D"}
00:19:03.499 [nioEventLoopGroup-8-1] DEBUG c.i.k.driver.chrome_1752427140797 - << {"method":"Page.loadEventFired","params":{"timestamp":35086.127207},"sessionId":"72600F390FBA0D8D9B4EFCFEA8B5919D"}
00:19:03.499 [nioEventLoopGroup-8-1] DEBUG c.i.k.driver.chrome_1752427140797 - << {"method":"Page.frameStoppedLoading","params":{"frameId":"46F30493D6259542F42D942F46684774"},"sessionId":"72600F390FBA0D8D9B4EFCFEA8B5919D"}
00:19:04.154 [nioEventLoopGroup-8-1] DEBUG c.i.k.driver.chrome_1752427140797 - << {"method":"Runtime.consoleAPICalled","params":{"type":"log","args":[{"type":"string","value":"Content is cached for offline use."}],"executionContextId":1,"timestamp":1.752427144153957e+12,"stackTrace":{"callFrames":[{"functionName":"console.<computed>","scriptId":"7","url":"https://www.saucedemo.com/static/js/2.84a5cbf3.chunk.js","lineNumber":1,"columnNumber":123015},{"functionName":"a.onstatechange","scriptId":"8","url":"https://www.saucedemo.com/static/js/main.018d2d1e.chunk.js","lineNumber":0,"columnNumber":58496}]}},"sessionId":"72600F390FBA0D8D9B4EFCFEA8B5919D"}
00:19:04.154 [nioEventLoopGroup-8-1] DEBUG c.i.k.driver.chrome_1752427140797 - [console] Content is cached for offline use.
00:19:05.174 [main] DEBUG c.i.k.driver.chrome_1752427140797 - >> {"id":9,"sessionId":"72600F390FBA0D8D9B4EFCFEA8B5919D","method":"Runtime.evaluate","params":{"expression":"var e = document.evaluate(\"\/\/*[@id='user-name']\", document, null, 9, null).singleNodeValue; e.focus(); try { e.selectionStart = e.selectionEnd = e.value.length } catch(x) {}","returnByValue":true}}
00:19:05.179 [nioEventLoopGroup-8-1] DEBUG c.i.k.driver.chrome_1752427140797 - << {"id":9,"result":{"result":{"type":"number","value":0,"description":"0"}},"sessionId":"72600F390FBA0D8D9B4EFCFEA8B5919D"}
00:19:05.180 [main] DEBUG c.i.k.driver.chrome_1752427140797 - >> {"id":10,"sessionId":"72600F390FBA0D8D9B4EFCFEA8B5919D","method":"Input.dispatchKeyEvent","params":{"modifiers":0,"type":"rawKeyDown","text":"s","windowsVirtualKeyCode":115}}
00:19:05.182 [nioEventLoopGroup-8-1] DEBUG c.i.k.driver.chrome_1752427140797 - << {"id":10,"result":{},"sessionId":"72600F390FBA0D8D9B4EFCFEA8B5919D"}
00:19:05.183 [main] DEBUG c.i.k.driver.chrome_1752427140797 - >> {"id":11,"sessionId":"72600F390FBA0D8D9B4EFCFEA8B5919D","method":"Input.dispatchKeyEvent","params":{"modifiers":0,"type":"char","text":"s","windowsVirtualKeyCode":115}}
00:19:05.188 [nioEventLoopGroup-8-1] DEBUG c.i.k.driver.chrome_1752427140797 - << {"id":11,"result":{},"sessionId":"72600F390FBA0D8D9B4EFCFEA8B5919D"}
00:19:05.189 [main] DEBUG c.i.k.driver.chrome_1752427140797 - >> {"id":12,"sessionId":"72600F390FBA0D8D9B4EFCFEA8B5919D","method":"Input.dispatchKeyEvent","params":{"modifiers":0,"type":"keyUp","text":"s","windowsVirtualKeyCode":115}}
00:19:05.191 [nioEventLoopGroup-8-1] DEBUG c.i.k.driver.chrome_1752427140797 - << {"id":12,"result":{},"sessionId":"72600F390FBA0D8D9B4EFCFEA8B5919D"}
00:19:05.192 [main] DEBUG c.i.k.driver.chrome_1752427140797 - >> {"id":13,"sessionId":"72600F390FBA0D8D9B4EFCFEA8B5919D","method":"Input.dispatchKeyEvent","params":{"modifiers":0,"type":"rawKeyDown","text":"t","windowsVirtualKeyCode":116}}
00:19:05.194 [nioEventLoopGroup-8-1] DEBUG c.i.k.driver.chrome_1752427140797 - << {"id":13,"result":{},"sessionId":"72600F390FBA0D8D9B4EFCFEA8B5919D"}
00:19:05.195 [main] DEBUG c.i.k.driver.chrome_1752427140797 - >> {"id":14,"sessionId":"72600F390FBA0D8D9B4EFCFEA8B5919D","method":"Input.dispatchKeyEvent","params":{"modifiers":0,"type":"char","text":"t","windowsVirtualKeyCode":116}}
00:19:05.197 [nioEventLoopGroup-8-1] DEBUG c.i.k.driver.chrome_1752427140797 - << {"id":14,"result":{},"sessionId":"72600F390FBA0D8D9B4EFCFEA8B5919D"}
00:19:05.197 [main] DEBUG c.i.k.driver.chrome_1752427140797 - >> {"id":15,"sessionId":"72600F390FBA0D8D9B4EFCFEA8B5919D","method":"Input.dispatchKeyEvent","params":{"modifiers":0,"type":"keyUp","text":"t","windowsVirtualKeyCode":116}}
00:19:05.199 [nioEventLoopGroup-8-1] DEBUG c.i.k.driver.chrome_1752427140797 - << {"id":15,"result":{},"sessionId":"72600F390FBA0D8D9B4EFCFEA8B5919D"}
00:19:05.200 [main] DEBUG c.i.k.driver.chrome_1752427140797 - >> {"id":16,"sessionId":"72600F390FBA0D8D9B4EFCFEA8B5919D","method":"Input.dispatchKeyEvent","params":{"modifiers":0,"type":"rawKeyDown","text":"a","windowsVirtualKeyCode":97}}
00:19:05.205 [nioEventLoopGroup-8-1] DEBUG c.i.k.driver.chrome_1752427140797 - << {"id":16,"result":{},"sessionId":"72600F390FBA0D8D9B4EFCFEA8B5919D"}
00:19:05.206 [main] DEBUG c.i.k.driver.chrome_1752427140797 - >> {"id":17,"sessionId":"72600F390FBA0D8D9B4EFCFEA8B5919D","method":"Input.dispatchKeyEvent","params":{"modifiers":0,"type":"char","text":"a","windowsVirtualKeyCode":97}}
00:19:05.210 [nioEventLoopGroup-8-1] DEBUG c.i.k.driver.chrome_1752427140797 - << {"id":17,"result":{},"sessionId":"72600F390FBA0D8D9B4EFCFEA8B5919D"}
00:19:05.210 [main] DEBUG c.i.k.driver.chrome_1752427140797 - >> {"id":18,"sessionId":"72600F390FBA0D8D9B4EFCFEA8B5919D","method":"Input.dispatchKeyEvent","params":{"modifiers":0,"type":"keyUp","text":"a","windowsVirtualKeyCode":97}}
00:19:05.213 [nioEventLoopGroup-8-1] DEBUG c.i.k.driver.chrome_1752427140797 - << {"id":18,"result":{},"sessionId":"72600F390FBA0D8D9B4EFCFEA8B5919D"}
00:19:05.214 [main] DEBUG c.i.k.driver.chrome_1752427140797 - >> {"id":19,"sessionId":"72600F390FBA0D8D9B4EFCFEA8B5919D","method":"Input.dispatchKeyEvent","params":{"modifiers":0,"type":"rawKeyDown","text":"n","windowsVirtualKeyCode":110}}
00:19:05.371 [nioEventLoopGroup-8-1] DEBUG c.i.k.driver.chrome_1752427140797 - << {"id":19,"result":{},"sessionId":"72600F390FBA0D8D9B4EFCFEA8B5919D"}
00:19:05.380 [main] DEBUG c.i.k.driver.chrome_1752427140797 - >> {"id":20,"sessionId":"72600F390FBA0D8D9B4EFCFEA8B5919D","method":"Input.dispatchKeyEvent","params":{"modifiers":0,"type":"char","text":"n","windowsVirtualKeyCode":110}}
00:19:05.708 [nioEventLoopGroup-8-1] DEBUG c.i.k.driver.chrome_1752427140797 - << {"id":20,"result":{},"sessionId":"72600F390FBA0D8D9B4EFCFEA8B5919D"}
00:19:05.709 [main] DEBUG c.i.k.driver.chrome_1752427140797 - >> {"id":21,"sessionId":"72600F390FBA0D8D9B4EFCFEA8B5919D","method":"Input.dispatchKeyEvent","params":{"modifiers":0,"type":"keyUp","text":"n","windowsVirtualKeyCode":110}}
00:19:05.719 [nioEventLoopGroup-8-1] DEBUG c.i.k.driver.chrome_1752427140797 - << {"id":21,"result":{},"sessionId":"72600F390FBA0D8D9B4EFCFEA8B5919D"}
00:19:05.719 [main] DEBUG c.i.k.driver.chrome_1752427140797 - >> {"id":22,"sessionId":"72600F390FBA0D8D9B4EFCFEA8B5919D","method":"Input.dispatchKeyEvent","params":{"modifiers":0,"type":"rawKeyDown","text":"d","windowsVirtualKeyCode":100}}
00:19:05.723 [nioEventLoopGroup-8-1] DEBUG c.i.k.driver.chrome_1752427140797 - << {"id":22,"result":{},"sessionId":"72600F390FBA0D8D9B4EFCFEA8B5919D"}
00:19:05.724 [main] DEBUG c.i.k.driver.chrome_1752427140797 - >> {"id":23,"sessionId":"72600F390FBA0D8D9B4EFCFEA8B5919D","method":"Input.dispatchKeyEvent","params":{"modifiers":0,"type":"char","text":"d","windowsVirtualKeyCode":100}}
00:19:05.726 [nioEventLoopGroup-8-1] DEBUG c.i.k.driver.chrome_1752427140797 - << {"id":23,"result":{},"sessionId":"72600F390FBA0D8D9B4EFCFEA8B5919D"}
00:19:05.727 [main] DEBUG c.i.k.driver.chrome_1752427140797 - >> {"id":24,"sessionId":"72600F390FBA0D8D9B4EFCFEA8B5919D","method":"Input.dispatchKeyEvent","params":{"modifiers":0,"type":"keyUp","text":"d","windowsVirtualKeyCode":100}}
00:19:05.736 [nioEventLoopGroup-8-1] DEBUG c.i.k.driver.chrome_1752427140797 - << {"id":24,"result":{},"sessionId":"72600F390FBA0D8D9B4EFCFEA8B5919D"}
00:19:05.737 [main] DEBUG c.i.k.driver.chrome_1752427140797 - >> {"id":25,"sessionId":"72600F390FBA0D8D9B4EFCFEA8B5919D","method":"Input.dispatchKeyEvent","params":{"modifiers":0,"type":"rawKeyDown","text":"a","windowsVirtualKeyCode":97}}
00:19:05.789 [nioEventLoopGroup-8-1] DEBUG c.i.k.driver.chrome_1752427140797 - << {"id":25,"result":{},"sessionId":"72600F390FBA0D8D9B4EFCFEA8B5919D"}
00:19:05.789 [main] DEBUG c.i.k.driver.chrome_1752427140797 - >> {"id":26,"sessionId":"72600F390FBA0D8D9B4EFCFEA8B5919D","method":"Input.dispatchKeyEvent","params":{"modifiers":0,"type":"char","text":"a","windowsVirtualKeyCode":97}}
00:19:05.792 [nioEventLoopGroup-8-1] DEBUG c.i.k.driver.chrome_1752427140797 - << {"id":26,"result":{},"sessionId":"72600F390FBA0D8D9B4EFCFEA8B5919D"}
00:19:05.793 [main] DEBUG c.i.k.driver.chrome_1752427140797 - >> {"id":27,"sessionId":"72600F390FBA0D8D9B4EFCFEA8B5919D","method":"Input.dispatchKeyEvent","params":{"modifiers":0,"type":"keyUp","text":"a","windowsVirtualKeyCode":97}}
00:19:05.795 [nioEventLoopGroup-8-1] DEBUG c.i.k.driver.chrome_1752427140797 - << {"id":27,"result":{},"sessionId":"72600F390FBA0D8D9B4EFCFEA8B5919D"}
00:19:05.795 [main] DEBUG c.i.k.driver.chrome_1752427140797 - >> {"id":28,"sessionId":"72600F390FBA0D8D9B4EFCFEA8B5919D","method":"Input.dispatchKeyEvent","params":{"modifiers":0,"type":"rawKeyDown","text":"r","windowsVirtualKeyCode":114}}
00:19:05.797 [nioEventLoopGroup-8-1] DEBUG c.i.k.driver.chrome_1752427140797 - << {"id":28,"result":{},"sessionId":"72600F390FBA0D8D9B4EFCFEA8B5919D"}
00:19:05.798 [main] DEBUG c.i.k.driver.chrome_1752427140797 - >> {"id":29,"sessionId":"72600F390FBA0D8D9B4EFCFEA8B5919D","method":"Input.dispatchKeyEvent","params":{"modifiers":0,"type":"char","text":"r","windowsVirtualKeyCode":114}}
00:19:05.802 [nioEventLoopGroup-8-1] DEBUG c.i.k.driver.chrome_1752427140797 - << {"id":29,"result":{},"sessionId":"72600F390FBA0D8D9B4EFCFEA8B5919D"}
00:19:05.803 [main] DEBUG c.i.k.driver.chrome_1752427140797 - >> {"id":30,"sessionId":"72600F390FBA0D8D9B4EFCFEA8B5919D","method":"Input.dispatchKeyEvent","params":{"modifiers":0,"type":"keyUp","text":"r","windowsVirtualKeyCode":114}}
00:19:05.805 [nioEventLoopGroup-8-1] DEBUG c.i.k.driver.chrome_1752427140797 - << {"id":30,"result":{},"sessionId":"72600F390FBA0D8D9B4EFCFEA8B5919D"}
00:19:05.805 [main] DEBUG c.i.k.driver.chrome_1752427140797 - >> {"id":31,"sessionId":"72600F390FBA0D8D9B4EFCFEA8B5919D","method":"Input.dispatchKeyEvent","params":{"modifiers":0,"type":"rawKeyDown","text":"d","windowsVirtualKeyCode":100}}
00:19:05.807 [nioEventLoopGroup-8-1] DEBUG c.i.k.driver.chrome_1752427140797 - << {"id":31,"result":{},"sessionId":"72600F390FBA0D8D9B4EFCFEA8B5919D"}
00:19:05.807 [main] DEBUG c.i.k.driver.chrome_1752427140797 - >> {"id":32,"sessionId":"72600F390FBA0D8D9B4EFCFEA8B5919D","method":"Input.dispatchKeyEvent","params":{"modifiers":0,"type":"char","text":"d","windowsVirtualKeyCode":100}}
00:19:05.809 [nioEventLoopGroup-8-1] DEBUG c.i.k.driver.chrome_1752427140797 - << {"id":32,"result":{},"sessionId":"72600F390FBA0D8D9B4EFCFEA8B5919D"}
00:19:05.809 [main] DEBUG c.i.k.driver.chrome_1752427140797 - >> {"id":33,"sessionId":"72600F390FBA0D8D9B4EFCFEA8B5919D","method":"Input.dispatchKeyEvent","params":{"modifiers":0,"type":"keyUp","text":"d","windowsVirtualKeyCode":100}}
00:19:05.811 [nioEventLoopGroup-8-1] DEBUG c.i.k.driver.chrome_1752427140797 - << {"id":33,"result":{},"sessionId":"72600F390FBA0D8D9B4EFCFEA8B5919D"}
00:19:05.811 [main] DEBUG c.i.k.driver.chrome_1752427140797 - >> {"id":34,"sessionId":"72600F390FBA0D8D9B4EFCFEA8B5919D","method":"Input.dispatchKeyEvent","params":{"modifiers":0,"type":"rawKeyDown","text":"_","windowsVirtualKeyCode":523}}
00:19:05.813 [nioEventLoopGroup-8-1] DEBUG c.i.k.driver.chrome_1752427140797 - << {"id":34,"result":{},"sessionId":"72600F390FBA0D8D9B4EFCFEA8B5919D"}
00:19:05.813 [main] DEBUG c.i.k.driver.chrome_1752427140797 - >> {"id":35,"sessionId":"72600F390FBA0D8D9B4EFCFEA8B5919D","method":"Input.dispatchKeyEvent","params":{"modifiers":0,"type":"char","text":"_","windowsVirtualKeyCode":523}}
00:19:05.815 [nioEventLoopGroup-8-1] DEBUG c.i.k.driver.chrome_1752427140797 - << {"id":35,"result":{},"sessionId":"72600F390FBA0D8D9B4EFCFEA8B5919D"}
00:19:05.815 [main] DEBUG c.i.k.driver.chrome_1752427140797 - >> {"id":36,"sessionId":"72600F390FBA0D8D9B4EFCFEA8B5919D","method":"Input.dispatchKeyEvent","params":{"modifiers":0,"type":"keyUp","text":"_","windowsVirtualKeyCode":523}}
00:19:05.822 [nioEventLoopGroup-8-1] DEBUG c.i.k.driver.chrome_1752427140797 - << {"id":36,"result":{},"sessionId":"72600F390FBA0D8D9B4EFCFEA8B5919D"}
00:19:05.823 [main] DEBUG c.i.k.driver.chrome_1752427140797 - >> {"id":37,"sessionId":"72600F390FBA0D8D9B4EFCFEA8B5919D","method":"Input.dispatchKeyEvent","params":{"modifiers":0,"type":"rawKeyDown","text":"u","windowsVirtualKeyCode":117}}
00:19:05.825 [nioEventLoopGroup-8-1] DEBUG c.i.k.driver.chrome_1752427140797 - << {"id":37,"result":{},"sessionId":"72600F390FBA0D8D9B4EFCFEA8B5919D"}
00:19:05.825 [main] DEBUG c.i.k.driver.chrome_1752427140797 - >> {"id":38,"sessionId":"72600F390FBA0D8D9B4EFCFEA8B5919D","method":"Input.dispatchKeyEvent","params":{"modifiers":0,"type":"char","text":"u","windowsVirtualKeyCode":117}}
00:19:05.828 [nioEventLoopGroup-8-1] DEBUG c.i.k.driver.chrome_1752427140797 - << {"id":38,"result":{},"sessionId":"72600F390FBA0D8D9B4EFCFEA8B5919D"}
00:19:05.828 [main] DEBUG c.i.k.driver.chrome_1752427140797 - >> {"id":39,"sessionId":"72600F390FBA0D8D9B4EFCFEA8B5919D","method":"Input.dispatchKeyEvent","params":{"modifiers":0,"type":"keyUp","text":"u","windowsVirtualKeyCode":117}}
00:19:05.830 [nioEventLoopGroup-8-1] DEBUG c.i.k.driver.chrome_1752427140797 - << {"id":39,"result":{},"sessionId":"72600F390FBA0D8D9B4EFCFEA8B5919D"}
00:19:05.831 [main] DEBUG c.i.k.driver.chrome_1752427140797 - >> {"id":40,"sessionId":"72600F390FBA0D8D9B4EFCFEA8B5919D","method":"Input.dispatchKeyEvent","params":{"modifiers":0,"type":"rawKeyDown","text":"s","windowsVirtualKeyCode":115}}
00:19:05.842 [nioEventLoopGroup-8-1] DEBUG c.i.k.driver.chrome_1752427140797 - << {"id":40,"result":{},"sessionId":"72600F390FBA0D8D9B4EFCFEA8B5919D"}
00:19:05.843 [main] DEBUG c.i.k.driver.chrome_1752427140797 - >> {"id":41,"sessionId":"72600F390FBA0D8D9B4EFCFEA8B5919D","method":"Input.dispatchKeyEvent","params":{"modifiers":0,"type":"char","text":"s","windowsVirtualKeyCode":115}}
00:19:05.845 [nioEventLoopGroup-8-1] DEBUG c.i.k.driver.chrome_1752427140797 - << {"id":41,"result":{},"sessionId":"72600F390FBA0D8D9B4EFCFEA8B5919D"}
00:19:05.847 [main] DEBUG c.i.k.driver.chrome_1752427140797 - >> {"id":42,"sessionId":"72600F390FBA0D8D9B4EFCFEA8B5919D","method":"Input.dispatchKeyEvent","params":{"modifiers":0,"type":"keyUp","text":"s","windowsVirtualKeyCode":115}}
00:19:05.856 [nioEventLoopGroup-8-1] DEBUG c.i.k.driver.chrome_1752427140797 - << {"id":42,"result":{},"sessionId":"72600F390FBA0D8D9B4EFCFEA8B5919D"}
00:19:05.857 [main] DEBUG c.i.k.driver.chrome_1752427140797 - >> {"id":43,"sessionId":"72600F390FBA0D8D9B4EFCFEA8B5919D","method":"Input.dispatchKeyEvent","params":{"modifiers":0,"type":"rawKeyDown","text":"e","windowsVirtualKeyCode":101}}
00:19:05.859 [nioEventLoopGroup-8-1] DEBUG c.i.k.driver.chrome_1752427140797 - << {"id":43,"result":{},"sessionId":"72600F390FBA0D8D9B4EFCFEA8B5919D"}
00:19:05.859 [main] DEBUG c.i.k.driver.chrome_1752427140797 - >> {"id":44,"sessionId":"72600F390FBA0D8D9B4EFCFEA8B5919D","method":"Input.dispatchKeyEvent","params":{"modifiers":0,"type":"char","text":"e","windowsVirtualKeyCode":101}}
00:19:05.861 [nioEventLoopGroup-8-1] DEBUG c.i.k.driver.chrome_1752427140797 - << {"id":44,"result":{},"sessionId":"72600F390FBA0D8D9B4EFCFEA8B5919D"}
00:19:05.861 [main] DEBUG c.i.k.driver.chrome_1752427140797 - >> {"id":45,"sessionId":"72600F390FBA0D8D9B4EFCFEA8B5919D","method":"Input.dispatchKeyEvent","params":{"modifiers":0,"type":"keyUp","text":"e","windowsVirtualKeyCode":101}}
00:19:05.863 [nioEventLoopGroup-8-1] DEBUG c.i.k.driver.chrome_1752427140797 - << {"id":45,"result":{},"sessionId":"72600F390FBA0D8D9B4EFCFEA8B5919D"}
00:19:05.863 [main] DEBUG c.i.k.driver.chrome_1752427140797 - >> {"id":46,"sessionId":"72600F390FBA0D8D9B4EFCFEA8B5919D","method":"Input.dispatchKeyEvent","params":{"modifiers":0,"type":"rawKeyDown","text":"r","windowsVirtualKeyCode":114}}
00:19:05.865 [nioEventLoopGroup-8-1] DEBUG c.i.k.driver.chrome_1752427140797 - << {"id":46,"result":{},"sessionId":"72600F390FBA0D8D9B4EFCFEA8B5919D"}
00:19:05.865 [main] DEBUG c.i.k.driver.chrome_1752427140797 - >> {"id":47,"sessionId":"72600F390FBA0D8D9B4EFCFEA8B5919D","method":"Input.dispatchKeyEvent","params":{"modifiers":0,"type":"char","text":"r","windowsVirtualKeyCode":114}}
00:19:05.883 [nioEventLoopGroup-8-1] DEBUG c.i.k.driver.chrome_1752427140797 - << {"id":47,"result":{},"sessionId":"72600F390FBA0D8D9B4EFCFEA8B5919D"}
00:19:05.884 [main] DEBUG c.i.k.driver.chrome_1752427140797 - >> {"id":48,"sessionId":"72600F390FBA0D8D9B4EFCFEA8B5919D","method":"Input.dispatchKeyEvent","params":{"modifiers":0,"type":"keyUp","text":"r","windowsVirtualKeyCode":114}}
00:19:05.888 [nioEventLoopGroup-8-1] DEBUG c.i.k.driver.chrome_1752427140797 - << {"id":48,"result":{},"sessionId":"72600F390FBA0D8D9B4EFCFEA8B5919D"}
00:19:05.889 [main] DEBUG c.i.k.driver.chrome_1752427140797 - >> {"id":49,"sessionId":"72600F390FBA0D8D9B4EFCFEA8B5919D","method":"Runtime.evaluate","params":{"expression":"var e = document.evaluate(\"\/\/*[@id='password']\", document, null, 9, null).singleNodeValue; e.focus(); try { e.selectionStart = e.selectionEnd = e.value.length } catch(x) {}","returnByValue":true}}
00:19:05.894 [nioEventLoopGroup-8-1] DEBUG c.i.k.driver.chrome_1752427140797 - << {"id":49,"result":{"result":{"type":"number","value":0,"description":"0"}},"sessionId":"72600F390FBA0D8D9B4EFCFEA8B5919D"}
00:19:05.895 [main] DEBUG c.i.k.driver.chrome_1752427140797 - >> {"id":50,"sessionId":"72600F390FBA0D8D9B4EFCFEA8B5919D","method":"Input.dispatchKeyEvent","params":{"modifiers":0,"type":"rawKeyDown","text":"s","windowsVirtualKeyCode":115}}
00:19:05.896 [nioEventLoopGroup-8-1] DEBUG c.i.k.driver.chrome_1752427140797 - << {"id":50,"result":{},"sessionId":"72600F390FBA0D8D9B4EFCFEA8B5919D"}
00:19:05.897 [main] DEBUG c.i.k.driver.chrome_1752427140797 - >> {"id":51,"sessionId":"72600F390FBA0D8D9B4EFCFEA8B5919D","method":"Input.dispatchKeyEvent","params":{"modifiers":0,"type":"char","text":"s","windowsVirtualKeyCode":115}}
00:19:05.898 [nioEventLoopGroup-8-1] DEBUG c.i.k.driver.chrome_1752427140797 - << {"id":51,"result":{},"sessionId":"72600F390FBA0D8D9B4EFCFEA8B5919D"}
00:19:05.899 [main] DEBUG c.i.k.driver.chrome_1752427140797 - >> {"id":52,"sessionId":"72600F390FBA0D8D9B4EFCFEA8B5919D","method":"Input.dispatchKeyEvent","params":{"modifiers":0,"type":"keyUp","text":"s","windowsVirtualKeyCode":115}}
00:19:05.902 [nioEventLoopGroup-8-1] DEBUG c.i.k.driver.chrome_1752427140797 - << {"id":52,"result":{},"sessionId":"72600F390FBA0D8D9B4EFCFEA8B5919D"}
00:19:05.902 [main] DEBUG c.i.k.driver.chrome_1752427140797 - >> {"id":53,"sessionId":"72600F390FBA0D8D9B4EFCFEA8B5919D","method":"Input.dispatchKeyEvent","params":{"modifiers":0,"type":"rawKeyDown","text":"e","windowsVirtualKeyCode":101}}
00:19:05.904 [nioEventLoopGroup-8-1] DEBUG c.i.k.driver.chrome_1752427140797 - << {"id":53,"result":{},"sessionId":"72600F390FBA0D8D9B4EFCFEA8B5919D"}
00:19:05.904 [main] DEBUG c.i.k.driver.chrome_1752427140797 - >> {"id":54,"sessionId":"72600F390FBA0D8D9B4EFCFEA8B5919D","method":"Input.dispatchKeyEvent","params":{"modifiers":0,"type":"char","text":"e","windowsVirtualKeyCode":101}}
00:19:05.906 [nioEventLoopGroup-8-1] DEBUG c.i.k.driver.chrome_1752427140797 - << {"id":54,"result":{},"sessionId":"72600F390FBA0D8D9B4EFCFEA8B5919D"}
00:19:05.907 [main] DEBUG c.i.k.driver.chrome_1752427140797 - >> {"id":55,"sessionId":"72600F390FBA0D8D9B4EFCFEA8B5919D","method":"Input.dispatchKeyEvent","params":{"modifiers":0,"type":"keyUp","text":"e","windowsVirtualKeyCode":101}}
00:19:05.908 [nioEventLoopGroup-8-1] DEBUG c.i.k.driver.chrome_1752427140797 - << {"id":55,"result":{},"sessionId":"72600F390FBA0D8D9B4EFCFEA8B5919D"}
00:19:05.909 [main] DEBUG c.i.k.driver.chrome_1752427140797 - >> {"id":56,"sessionId":"72600F390FBA0D8D9B4EFCFEA8B5919D","method":"Input.dispatchKeyEvent","params":{"modifiers":0,"type":"rawKeyDown","text":"c","windowsVirtualKeyCode":99}}
00:19:05.910 [nioEventLoopGroup-8-1] DEBUG c.i.k.driver.chrome_1752427140797 - << {"id":56,"result":{},"sessionId":"72600F390FBA0D8D9B4EFCFEA8B5919D"}
00:19:05.911 [main] DEBUG c.i.k.driver.chrome_1752427140797 - >> {"id":57,"sessionId":"72600F390FBA0D8D9B4EFCFEA8B5919D","method":"Input.dispatchKeyEvent","params":{"modifiers":0,"type":"char","text":"c","windowsVirtualKeyCode":99}}
00:19:05.913 [nioEventLoopGroup-8-1] DEBUG c.i.k.driver.chrome_1752427140797 - << {"id":57,"result":{},"sessionId":"72600F390FBA0D8D9B4EFCFEA8B5919D"}
00:19:05.913 [main] DEBUG c.i.k.driver.chrome_1752427140797 - >> {"id":58,"sessionId":"72600F390FBA0D8D9B4EFCFEA8B5919D","method":"Input.dispatchKeyEvent","params":{"modifiers":0,"type":"keyUp","text":"c","windowsVirtualKeyCode":99}}
00:19:05.915 [nioEventLoopGroup-8-1] DEBUG c.i.k.driver.chrome_1752427140797 - << {"id":58,"result":{},"sessionId":"72600F390FBA0D8D9B4EFCFEA8B5919D"}
00:19:05.916 [main] DEBUG c.i.k.driver.chrome_1752427140797 - >> {"id":59,"sessionId":"72600F390FBA0D8D9B4EFCFEA8B5919D","method":"Input.dispatchKeyEvent","params":{"modifiers":0,"type":"rawKeyDown","text":"r","windowsVirtualKeyCode":114}}
00:19:05.924 [nioEventLoopGroup-8-1] DEBUG c.i.k.driver.chrome_1752427140797 - << {"id":59,"result":{},"sessionId":"72600F390FBA0D8D9B4EFCFEA8B5919D"}
00:19:05.924 [main] DEBUG c.i.k.driver.chrome_1752427140797 - >> {"id":60,"sessionId":"72600F390FBA0D8D9B4EFCFEA8B5919D","method":"Input.dispatchKeyEvent","params":{"modifiers":0,"type":"char","text":"r","windowsVirtualKeyCode":114}}
00:19:05.926 [nioEventLoopGroup-8-1] DEBUG c.i.k.driver.chrome_1752427140797 - << {"id":60,"result":{},"sessionId":"72600F390FBA0D8D9B4EFCFEA8B5919D"}
00:19:05.927 [main] DEBUG c.i.k.driver.chrome_1752427140797 - >> {"id":61,"sessionId":"72600F390FBA0D8D9B4EFCFEA8B5919D","method":"Input.dispatchKeyEvent","params":{"modifiers":0,"type":"keyUp","text":"r","windowsVirtualKeyCode":114}}
00:19:05.929 [nioEventLoopGroup-8-1] DEBUG c.i.k.driver.chrome_1752427140797 - << {"id":61,"result":{},"sessionId":"72600F390FBA0D8D9B4EFCFEA8B5919D"}
00:19:05.930 [main] DEBUG c.i.k.driver.chrome_1752427140797 - >> {"id":62,"sessionId":"72600F390FBA0D8D9B4EFCFEA8B5919D","method":"Input.dispatchKeyEvent","params":{"modifiers":0,"type":"rawKeyDown","text":"e","windowsVirtualKeyCode":101}}
00:19:05.931 [nioEventLoopGroup-8-1] DEBUG c.i.k.driver.chrome_1752427140797 - << {"id":62,"result":{},"sessionId":"72600F390FBA0D8D9B4EFCFEA8B5919D"}
00:19:05.932 [main] DEBUG c.i.k.driver.chrome_1752427140797 - >> {"id":63,"sessionId":"72600F390FBA0D8D9B4EFCFEA8B5919D","method":"Input.dispatchKeyEvent","params":{"modifiers":0,"type":"char","text":"e","windowsVirtualKeyCode":101}}
00:19:05.936 [nioEventLoopGroup-8-1] DEBUG c.i.k.driver.chrome_1752427140797 - << {"id":63,"result":{},"sessionId":"72600F390FBA0D8D9B4EFCFEA8B5919D"}
00:19:05.937 [main] DEBUG c.i.k.driver.chrome_1752427140797 - >> {"id":64,"sessionId":"72600F390FBA0D8D9B4EFCFEA8B5919D","method":"Input.dispatchKeyEvent","params":{"modifiers":0,"type":"keyUp","text":"e","windowsVirtualKeyCode":101}}
00:19:05.938 [nioEventLoopGroup-8-1] DEBUG c.i.k.driver.chrome_1752427140797 - << {"id":64,"result":{},"sessionId":"72600F390FBA0D8D9B4EFCFEA8B5919D"}
00:19:05.938 [main] DEBUG c.i.k.driver.chrome_1752427140797 - >> {"id":65,"sessionId":"72600F390FBA0D8D9B4EFCFEA8B5919D","method":"Input.dispatchKeyEvent","params":{"modifiers":0,"type":"rawKeyDown","text":"t","windowsVirtualKeyCode":116}}
00:19:05.940 [nioEventLoopGroup-8-1] DEBUG c.i.k.driver.chrome_1752427140797 - << {"id":65,"result":{},"sessionId":"72600F390FBA0D8D9B4EFCFEA8B5919D"}
00:19:05.940 [main] DEBUG c.i.k.driver.chrome_1752427140797 - >> {"id":66,"sessionId":"72600F390FBA0D8D9B4EFCFEA8B5919D","method":"Input.dispatchKeyEvent","params":{"modifiers":0,"type":"char","text":"t","windowsVirtualKeyCode":116}}
00:19:05.942 [nioEventLoopGroup-8-1] DEBUG c.i.k.driver.chrome_1752427140797 - << {"id":66,"result":{},"sessionId":"72600F390FBA0D8D9B4EFCFEA8B5919D"}
00:19:05.942 [main] DEBUG c.i.k.driver.chrome_1752427140797 - >> {"id":67,"sessionId":"72600F390FBA0D8D9B4EFCFEA8B5919D","method":"Input.dispatchKeyEvent","params":{"modifiers":0,"type":"keyUp","text":"t","windowsVirtualKeyCode":116}}
00:19:05.944 [nioEventLoopGroup-8-1] DEBUG c.i.k.driver.chrome_1752427140797 - << {"id":67,"result":{},"sessionId":"72600F390FBA0D8D9B4EFCFEA8B5919D"}
00:19:05.944 [main] DEBUG c.i.k.driver.chrome_1752427140797 - >> {"id":68,"sessionId":"72600F390FBA0D8D9B4EFCFEA8B5919D","method":"Input.dispatchKeyEvent","params":{"modifiers":0,"type":"rawKeyDown","text":"_","windowsVirtualKeyCode":523}}
00:19:05.945 [nioEventLoopGroup-8-1] DEBUG c.i.k.driver.chrome_1752427140797 - << {"id":68,"result":{},"sessionId":"72600F390FBA0D8D9B4EFCFEA8B5919D"}
00:19:05.946 [main] DEBUG c.i.k.driver.chrome_1752427140797 - >> {"id":69,"sessionId":"72600F390FBA0D8D9B4EFCFEA8B5919D","method":"Input.dispatchKeyEvent","params":{"modifiers":0,"type":"char","text":"_","windowsVirtualKeyCode":523}}
00:19:05.947 [nioEventLoopGroup-8-1] DEBUG c.i.k.driver.chrome_1752427140797 - << {"id":69,"result":{},"sessionId":"72600F390FBA0D8D9B4EFCFEA8B5919D"}
00:19:05.948 [main] DEBUG c.i.k.driver.chrome_1752427140797 - >> {"id":70,"sessionId":"72600F390FBA0D8D9B4EFCFEA8B5919D","method":"Input.dispatchKeyEvent","params":{"modifiers":0,"type":"keyUp","text":"_","windowsVirtualKeyCode":523}}
00:19:05.953 [nioEventLoopGroup-8-1] DEBUG c.i.k.driver.chrome_1752427140797 - << {"id":70,"result":{},"sessionId":"72600F390FBA0D8D9B4EFCFEA8B5919D"}
00:19:05.954 [main] DEBUG c.i.k.driver.chrome_1752427140797 - >> {"id":71,"sessionId":"72600F390FBA0D8D9B4EFCFEA8B5919D","method":"Input.dispatchKeyEvent","params":{"modifiers":0,"type":"rawKeyDown","text":"s","windowsVirtualKeyCode":115}}
00:19:05.956 [nioEventLoopGroup-8-1] DEBUG c.i.k.driver.chrome_1752427140797 - << {"id":71,"result":{},"sessionId":"72600F390FBA0D8D9B4EFCFEA8B5919D"}
00:19:05.956 [main] DEBUG c.i.k.driver.chrome_1752427140797 - >> {"id":72,"sessionId":"72600F390FBA0D8D9B4EFCFEA8B5919D","method":"Input.dispatchKeyEvent","params":{"modifiers":0,"type":"char","text":"s","windowsVirtualKeyCode":115}}
00:19:05.958 [nioEventLoopGroup-8-1] DEBUG c.i.k.driver.chrome_1752427140797 - << {"id":72,"result":{},"sessionId":"72600F390FBA0D8D9B4EFCFEA8B5919D"}
00:19:05.958 [main] DEBUG c.i.k.driver.chrome_1752427140797 - >> {"id":73,"sessionId":"72600F390FBA0D8D9B4EFCFEA8B5919D","method":"Input.dispatchKeyEvent","params":{"modifiers":0,"type":"keyUp","text":"s","windowsVirtualKeyCode":115}}
00:19:05.960 [nioEventLoopGroup-8-1] DEBUG c.i.k.driver.chrome_1752427140797 - << {"id":73,"result":{},"sessionId":"72600F390FBA0D8D9B4EFCFEA8B5919D"}
00:19:05.961 [main] DEBUG c.i.k.driver.chrome_1752427140797 - >> {"id":74,"sessionId":"72600F390FBA0D8D9B4EFCFEA8B5919D","method":"Input.dispatchKeyEvent","params":{"modifiers":0,"type":"rawKeyDown","text":"a","windowsVirtualKeyCode":97}}
00:19:05.962 [nioEventLoopGroup-8-1] DEBUG c.i.k.driver.chrome_1752427140797 - << {"id":74,"result":{},"sessionId":"72600F390FBA0D8D9B4EFCFEA8B5919D"}
00:19:05.962 [main] DEBUG c.i.k.driver.chrome_1752427140797 - >> {"id":75,"sessionId":"72600F390FBA0D8D9B4EFCFEA8B5919D","method":"Input.dispatchKeyEvent","params":{"modifiers":0,"type":"char","text":"a","windowsVirtualKeyCode":97}}
00:19:05.964 [nioEventLoopGroup-8-1] DEBUG c.i.k.driver.chrome_1752427140797 - << {"id":75,"result":{},"sessionId":"72600F390FBA0D8D9B4EFCFEA8B5919D"}
00:19:05.965 [main] DEBUG c.i.k.driver.chrome_1752427140797 - >> {"id":76,"sessionId":"72600F390FBA0D8D9B4EFCFEA8B5919D","method":"Input.dispatchKeyEvent","params":{"modifiers":0,"type":"keyUp","text":"a","windowsVirtualKeyCode":97}}
00:19:05.966 [nioEventLoopGroup-8-1] DEBUG c.i.k.driver.chrome_1752427140797 - << {"id":76,"result":{},"sessionId":"72600F390FBA0D8D9B4EFCFEA8B5919D"}
00:19:05.967 [main] DEBUG c.i.k.driver.chrome_1752427140797 - >> {"id":77,"sessionId":"72600F390FBA0D8D9B4EFCFEA8B5919D","method":"Input.dispatchKeyEvent","params":{"modifiers":0,"type":"rawKeyDown","text":"u","windowsVirtualKeyCode":117}}
00:19:05.970 [nioEventLoopGroup-8-1] DEBUG c.i.k.driver.chrome_1752427140797 - << {"id":77,"result":{},"sessionId":"72600F390FBA0D8D9B4EFCFEA8B5919D"}
00:19:05.971 [main] DEBUG c.i.k.driver.chrome_1752427140797 - >> {"id":78,"sessionId":"72600F390FBA0D8D9B4EFCFEA8B5919D","method":"Input.dispatchKeyEvent","params":{"modifiers":0,"type":"char","text":"u","windowsVirtualKeyCode":117}}
00:19:05.972 [nioEventLoopGroup-8-1] DEBUG c.i.k.driver.chrome_1752427140797 - << {"id":78,"result":{},"sessionId":"72600F390FBA0D8D9B4EFCFEA8B5919D"}
00:19:05.973 [main] DEBUG c.i.k.driver.chrome_1752427140797 - >> {"id":79,"sessionId":"72600F390FBA0D8D9B4EFCFEA8B5919D","method":"Input.dispatchKeyEvent","params":{"modifiers":0,"type":"keyUp","text":"u","windowsVirtualKeyCode":117}}
00:19:05.978 [nioEventLoopGroup-8-1] DEBUG c.i.k.driver.chrome_1752427140797 - << {"id":79,"result":{},"sessionId":"72600F390FBA0D8D9B4EFCFEA8B5919D"}
00:19:05.979 [main] DEBUG c.i.k.driver.chrome_1752427140797 - >> {"id":80,"sessionId":"72600F390FBA0D8D9B4EFCFEA8B5919D","method":"Input.dispatchKeyEvent","params":{"modifiers":0,"type":"rawKeyDown","text":"c","windowsVirtualKeyCode":99}}
00:19:05.981 [nioEventLoopGroup-8-1] DEBUG c.i.k.driver.chrome_1752427140797 - << {"id":80,"result":{},"sessionId":"72600F390FBA0D8D9B4EFCFEA8B5919D"}
00:19:05.981 [main] DEBUG c.i.k.driver.chrome_1752427140797 - >> {"id":81,"sessionId":"72600F390FBA0D8D9B4EFCFEA8B5919D","method":"Input.dispatchKeyEvent","params":{"modifiers":0,"type":"char","text":"c","windowsVirtualKeyCode":99}}
00:19:05.984 [nioEventLoopGroup-8-1] DEBUG c.i.k.driver.chrome_1752427140797 - << {"id":81,"result":{},"sessionId":"72600F390FBA0D8D9B4EFCFEA8B5919D"}
00:19:05.985 [main] DEBUG c.i.k.driver.chrome_1752427140797 - >> {"id":82,"sessionId":"72600F390FBA0D8D9B4EFCFEA8B5919D","method":"Input.dispatchKeyEvent","params":{"modifiers":0,"type":"keyUp","text":"c","windowsVirtualKeyCode":99}}
00:19:05.987 [nioEventLoopGroup-8-1] DEBUG c.i.k.driver.chrome_1752427140797 - << {"id":82,"result":{},"sessionId":"72600F390FBA0D8D9B4EFCFEA8B5919D"}
00:19:05.988 [main] DEBUG c.i.k.driver.chrome_1752427140797 - >> {"id":83,"sessionId":"72600F390FBA0D8D9B4EFCFEA8B5919D","method":"Input.dispatchKeyEvent","params":{"modifiers":0,"type":"rawKeyDown","text":"e","windowsVirtualKeyCode":101}}
00:19:05.989 [nioEventLoopGroup-8-1] DEBUG c.i.k.driver.chrome_1752427140797 - << {"id":83,"result":{},"sessionId":"72600F390FBA0D8D9B4EFCFEA8B5919D"}
00:19:05.990 [main] DEBUG c.i.k.driver.chrome_1752427140797 - >> {"id":84,"sessionId":"72600F390FBA0D8D9B4EFCFEA8B5919D","method":"Input.dispatchKeyEvent","params":{"modifiers":0,"type":"char","text":"e","windowsVirtualKeyCode":101}}
00:19:05.991 [nioEventLoopGroup-8-1] DEBUG c.i.k.driver.chrome_1752427140797 - << {"id":84,"result":{},"sessionId":"72600F390FBA0D8D9B4EFCFEA8B5919D"}
00:19:05.991 [main] DEBUG c.i.k.driver.chrome_1752427140797 - >> {"id":85,"sessionId":"72600F390FBA0D8D9B4EFCFEA8B5919D","method":"Input.dispatchKeyEvent","params":{"modifiers":0,"type":"keyUp","text":"e","windowsVirtualKeyCode":101}}
00:19:05.993 [nioEventLoopGroup-8-1] DEBUG c.i.k.driver.chrome_1752427140797 - << {"id":85,"result":{},"sessionId":"72600F390FBA0D8D9B4EFCFEA8B5919D"}
00:19:05.994 [main] DEBUG c.i.k.driver.chrome_1752427140797 - >> {"id":86,"sessionId":"72600F390FBA0D8D9B4EFCFEA8B5919D","method":"Runtime.evaluate","params":{"expression":"document.evaluate(\"\/\/*[@id='login-button']\", document, null, 9, null).singleNodeValue.click()","returnByValue":true}}
00:19:06.014 [nioEventLoopGroup-8-1] DEBUG c.i.k.driver.chrome_1752427140797 - << {"id":86,"result":{"result":{"type":"undefined"}},"sessionId":"72600F390FBA0D8D9B4EFCFEA8B5919D"}
00:19:06.028 [chrome_1752427140797-out] DEBUG c.i.k.driver.chrome_1752427140797 - WARNING: All log messages before absl::InitializeLog() is called are written to STDERR
00:19:06.028 [chrome_1752427140797-out] DEBUG c.i.k.driver.chrome_1752427140797 - I0000 00:00:1752427146.028326   22496 voice_transcription.cc:58] Registering VoiceTranscriptionCapability
00:19:06.031 [main] DEBUG c.i.k.driver.chrome_1752427140797 - >> {"id":87,"sessionId":"72600F390FBA0D8D9B4EFCFEA8B5919D","method":"Runtime.evaluate","params":{"expression":"document.location.href","returnByValue":true}}
00:19:06.044 [nioEventLoopGroup-8-1] DEBUG c.i.k.driver.chrome_1752427140797 - << {"id":87,"result":{"result":{"type":"string","value":"https://www.saucedemo.com/"}},"sessionId":"72600F390FBA0D8D9B4EFCFEA8B5919D"}
00:19:06.050 [main] INFO  c.intuit.karate.core.FeatureRuntime - classpath:UI/HomePageUI/HomePage.feature - call by tag at line 7: action_sortProducts
00:19:06.080 [main] DEBUG c.intuit.karate.core.ScenarioEngine - over-writing existing variable 'homePage' with new value: read('classpath:UI/HomePageUI/saucedemo-HomePage.json')
00:19:06.085 [main] DEBUG c.i.k.driver.chrome_1752427140797 - >> {"id":88,"sessionId":"72600F390FBA0D8D9B4EFCFEA8B5919D","method":"Runtime.evaluate","params":{"expression":"(document.querySelector(\".product_sort_container\") != null)","returnByValue":true}}
00:19:06.091 [nioEventLoopGroup-8-1] DEBUG c.i.k.driver.chrome_1752427140797 - << {"id":88,"result":{"result":{"type":"boolean","value":false}},"sessionId":"72600F390FBA0D8D9B4EFCFEA8B5919D"}
00:19:06.092 [main] DEBUG c.intuit.karate.driver.DriverOptions - waitUntil (js) - retry #1
00:19:07.733 [chrome_1752427140797-out] DEBUG c.i.k.driver.chrome_1752427140797 - [12892:5904:0714/001907.733:ERROR:google_apis\gcm\engine\registration_request.cc:291] Registration response error message: DEPRECATED_ENDPOINT
00:19:07.997 [nioEventLoopGroup-8-1] DEBUG c.i.k.driver.chrome_1752427140797 - << {"method":"Target.targetCreated","params":{"targetInfo":{"targetId":"56E3327F381B692F67CA20F9B97D03DE","type":"other","title":"","url":"","attached":false,"canAccessOpener":false,"browserContextId":"38252FC75E116ABD2C3A6C3FE58FE04D"}},"sessionId":"72600F390FBA0D8D9B4EFCFEA8B5919D"}
00:19:08.127 [nioEventLoopGroup-8-1] DEBUG c.i.k.driver.chrome_1752427140797 - << {"method":"Target.targetInfoChanged","params":{"targetInfo":{"targetId":"56E3327F381B692F67CA20F9B97D03DE","type":"background_page","title":"Chrome Web Store Payments","url":"chrome-extension://nmmhkkegccagdldgiimedpiccmgmieda/_generated_background_page.html","attached":false,"canAccessOpener":false,"browserContextId":"38252FC75E116ABD2C3A6C3FE58FE04D"}},"sessionId":"72600F390FBA0D8D9B4EFCFEA8B5919D"}
00:19:08.389 [nioEventLoopGroup-8-1] DEBUG c.i.k.driver.chrome_1752427140797 - << {"method":"Target.targetCreated","params":{"targetInfo":{"targetId":"795C4618F1B08A7384E94DD7B0A08DF2","type":"service_worker","title":"Service Worker chrome-extension://ghbmnnjooekpmoecnnnilnnbdlolhkhi/service_worker_bin_prod.js","url":"chrome-extension://ghbmnnjooekpmoecnnnilnnbdlolhkhi/service_worker_bin_prod.js","attached":false,"canAccessOpener":false,"browserContextId":"38252FC75E116ABD2C3A6C3FE58FE04D"}},"sessionId":"72600F390FBA0D8D9B4EFCFEA8B5919D"}
00:19:09.105 [main] DEBUG c.i.k.driver.chrome_1752427140797 - >> {"id":89,"sessionId":"72600F390FBA0D8D9B4EFCFEA8B5919D","method":"Runtime.evaluate","params":{"expression":"(document.querySelector(\".product_sort_container\") != null)","returnByValue":true}}
00:19:09.108 [nioEventLoopGroup-8-1] DEBUG c.i.k.driver.chrome_1752427140797 - << {"id":89,"result":{"result":{"type":"boolean","value":false}},"sessionId":"72600F390FBA0D8D9B4EFCFEA8B5919D"}
00:19:09.108 [main] DEBUG c.intuit.karate.driver.DriverOptions - waitUntil (js) - retry #2
00:19:12.120 [main] DEBUG c.i.k.driver.chrome_1752427140797 - >> {"id":90,"sessionId":"72600F390FBA0D8D9B4EFCFEA8B5919D","method":"Runtime.evaluate","params":{"expression":"(document.querySelector(\".product_sort_container\") != null)","returnByValue":true}}
00:19:12.122 [nioEventLoopGroup-8-1] DEBUG c.i.k.driver.chrome_1752427140797 - << {"id":90,"result":{"result":{"type":"boolean","value":false}},"sessionId":"72600F390FBA0D8D9B4EFCFEA8B5919D"}
00:19:12.122 [main] DEBUG c.intuit.karate.driver.DriverOptions - waitUntil (js) - retry #3
00:19:15.129 [main] DEBUG c.i.k.driver.chrome_1752427140797 - >> {"id":91,"sessionId":"72600F390FBA0D8D9B4EFCFEA8B5919D","method":"Runtime.evaluate","params":{"expression":"(document.querySelector(\".product_sort_container\") != null)","returnByValue":true}}
00:19:15.131 [nioEventLoopGroup-8-1] DEBUG c.i.k.driver.chrome_1752427140797 - << {"id":91,"result":{"result":{"type":"boolean","value":false}},"sessionId":"72600F390FBA0D8D9B4EFCFEA8B5919D"}
00:19:15.131 [main] DEBUG c.intuit.karate.driver.DriverOptions - waitUntil (js) - retry #4
00:19:16.429 [chrome_1752427140797-out] DEBUG c.i.k.driver.chrome_1752427140797 - Created TensorFlow Lite XNNPACK delegate for CPU.
00:19:16.431 [chrome_1752427140797-out] DEBUG c.i.k.driver.chrome_1752427140797 - Attempting to use a delegate that only supports static-sized tensors with a graph that has dynamic-sized tensors (tensor#-1 is a dynamic-sized tensor).
00:19:16.689 [nioEventLoopGroup-8-1] DEBUG c.i.k.driver.chrome_1752427140797 - << {"method":"Target.targetDestroyed","params":{"targetId":"452D54D9A1D42DBA8FCDC2035F19552C"},"sessionId":"72600F390FBA0D8D9B4EFCFEA8B5919D"}
00:19:16.751 [nioEventLoopGroup-8-1] DEBUG c.i.k.driver.chrome_1752427140797 - << {"method":"Target.targetDestroyed","params":{"targetId":"EBDFBAD55C16187746C73FE3FF94F9E2"},"sessionId":"72600F390FBA0D8D9B4EFCFEA8B5919D"}
00:19:18.135 [main] DEBUG c.i.k.driver.chrome_1752427140797 - >> {"id":92,"sessionId":"72600F390FBA0D8D9B4EFCFEA8B5919D","method":"Runtime.evaluate","params":{"expression":"(document.querySelector(\".product_sort_container\") != null)","returnByValue":true}}
00:19:18.137 [nioEventLoopGroup-8-1] DEBUG c.i.k.driver.chrome_1752427140797 - << {"id":92,"result":{"result":{"type":"boolean","value":false}},"sessionId":"72600F390FBA0D8D9B4EFCFEA8B5919D"}
00:19:18.138 [main] DEBUG c.intuit.karate.driver.DriverOptions - waitUntil (js) - retry #5
00:19:21.145 [main] DEBUG c.i.k.driver.chrome_1752427140797 - >> {"id":93,"sessionId":"72600F390FBA0D8D9B4EFCFEA8B5919D","method":"Runtime.evaluate","params":{"expression":"(document.querySelector(\".product_sort_container\") != null)","returnByValue":true}}
00:19:21.147 [nioEventLoopGroup-8-1] DEBUG c.i.k.driver.chrome_1752427140797 - << {"id":93,"result":{"result":{"type":"boolean","value":false}},"sessionId":"72600F390FBA0D8D9B4EFCFEA8B5919D"}
00:19:21.148 [main] WARN  c.intuit.karate.driver.DriverOptions - waitUntil (js): failed after 5 retries and 15063 milliseconds
00:19:21.160 [main] ERROR com.intuit.karate - classpath:UI/HomePageUI/HomePage.feature:8
* waitFor(homePage.sortBtn)
js failed:
>>>>
01: waitFor(homePage.sortBtn)
<<<<
org.graalvm.polyglot.PolyglotException: waitUntil (js): failed after 5 retries and 15063 milliseconds
- com.intuit.karate.driver.DriverOptions.retry(DriverOptions.java:517)
- com.intuit.karate.driver.DevToolsDriver.waitUntil(DevToolsDriver.java:777)
- com.intuit.karate.driver.DriverOptions.waitForAny(DriverOptions.java:700)
- com.intuit.karate.driver.Driver.waitFor(Driver.java:237)
- <js>.:anonymous(Unnamed:1)

classpath:UI/HomePageUI/HomePage.feature:8
00:19:21.160 [main] DEBUG c.i.k.driver.chrome_1752427140797 - >> {"id":94,"sessionId":"72600F390FBA0D8D9B4EFCFEA8B5919D","method":"Page.captureScreenshot"}
00:19:21.361 [nioEventLoopGroup-8-1] DEBUG c.i.k.driver.chrome_1752427140797 - << {"id":94,"result":{"data":"iVBORw0KGgoAAAANSUhEUgAAA6EAAAPFCAIAAAAbXHkxAAAAAXNSR0IArs4c6QAAIABJREFUeJzs3XtclGX+//EPCsxQMrMSgyVg2wCLIBbmYTAVK6NWpFqhtcQtdbOkrTzseuigteuhUtuf1Vrppkm1arkr7paHbUm3MFNME1uVXIW+KbgrQ7jMYMwAyu+PexgGBEQFRy5fz4ePhzP33IfPfd9zeHPNdV/jU1bzgwAAAAAK6eTtAgAAAIA2RsYFAACAasi4AAAAUA0ZFwAAAKoh4wIAAEA1ZFwAAACohowLAAAA1ZBxAQAAoBoyLgAAAFRDxgUAAIBqyLgAAABQDRkXAAAAqiHjAgAAQDVkXAAAAKiGjAsAAADVkHEBAACgGjIuAAAAVEPGBQAAgGrIuAAAAFANGRcAAACqIeMCAABANWRcAAAAqIaMCwAAANWQcQEAAKAaMi4AAABUQ8YFAACAasi4AAAAUA0ZFwAAAKoh4wIAAEA1ZFwAAACohowLAAAA1ZBxAQAAoBoyLgAAAFRDxgUAAIBqyLgAAABQDRkXAAAAqiHjAgAAQDVkXAAAAKiGjAsAAADVkHEBAACgGjIuAAAAVEPGBQAAgGrIuAAAAFANGRcAAACqIeMC6IBs36ybP/6ufjdHRcdFRcdF9bt7zPwtRU5vV3VRPp8SHRcVPS2nTVeaMzUuKjpuStuuFAA6AjIugI6m8L37Bt331LtfFtqrXFPs3+56d/Jt/dIzC71cGgDgMkHGBdCxfLNowoJ9VRI4ZOafPt9z+ND+w4f27/985aM9Raq+nj9hcYG36wMAXA7IuAA6lKIvtxWLyO1zXn/QYtJp03Sm/tPfWzRERIo3Z+V7u0IAwGXA19sFAMD5cYpI6A1mXcOphtsnPXOvKV/M3ioLAHA5oR0XQIcSdkOMiBRv3ti4vVYXP3b+gpfmp8WIiBx8+c6o6LgxWaV1j26ZEh3X1JSG13g1vJSt16D0mVmFtqbrs ...
00:19:21.468 [main] ERROR com.intuit.karate - classpath:UI/HomePageUI/Home.feature:81
When call read('HomePage.feature@action_sortProducts') { sortOption: 'lohi' }
js failed:
>>>>
01: waitFor(homePage.sortBtn)
<<<<
org.graalvm.polyglot.PolyglotException: waitUntil (js): failed after 5 retries and 15063 milliseconds
- com.intuit.karate.driver.DriverOptions.retry(DriverOptions.java:517)
- com.intuit.karate.driver.DevToolsDriver.waitUntil(DevToolsDriver.java:777)
- com.intuit.karate.driver.DriverOptions.waitForAny(DriverOptions.java:700)
- com.intuit.karate.driver.Driver.waitFor(Driver.java:237)
- <js>.:anonymous(Unnamed:1)

classpath:UI/HomePageUI/HomePage.feature:8
classpath:UI/HomePageUI/Home.feature:81
00:19:21.469 [main] DEBUG c.i.k.driver.chrome_1752427140797 - >> {"id":95,"sessionId":"72600F390FBA0D8D9B4EFCFEA8B5919D","method":"Target.closeTarget","params":{"targetId":"46F30493D6259542F42D942F46684774"}}
00:19:21.471 [nioEventLoopGroup-8-1] DEBUG c.i.k.http.WebSocketClientHandler - websocket closing
00:19:21.472 [nioEventLoopGroup-8-1] DEBUG c.i.k.http.WebSocketClientHandler - websocket client disconnected
00:19:21.477 [main] DEBUG com.intuit.karate.shell.Command - closing command: chrome_1752427140797
00:19:21.497 [main] INFO  com.intuit.karate - karate.env system property was: null 
00:19:21.507 [main] DEBUG com.intuit.karate.shell.Command - found / verified free local port: 65033
00:19:21.507 [main] WARN  c.intuit.karate.driver.DriverOptions - preferred port 9222 not available, will use: 65033
00:19:21.510 [main] DEBUG c.i.k.driver.chrome_1752427161506 - poll attempt #0 for port to be ready - localhost:65033
00:19:21.511 [chrome_1752427161506] DEBUG c.i.k.driver.chrome_1752427161506 - command: [C:\Program Files\Google\Chrome\Application\chrome.exe, --remote-debugging-port=65033, --remote-allow-origins=*, --no-first-run, --user-data-dir=E:\Duy\Projects\practices\karate_framework\demo\target\chrome_1752427161506, --disable-popup-blocking, --disable-features=PasswordManager, --incognito], working dir: target\chrome_1752427161506
00:19:21.662 [chrome_1752427140797] WARN  com.intuit.karate.shell.Command - exit code was non-zero: 1 - [C:\Program Files\Google\Chrome\Application\chrome.exe, --remote-debugging-port=64990, --remote-allow-origins=*, --no-first-run, --user-data-dir=E:\Duy\Projects\practices\karate_framework\demo\target\chrome_1752427140797, --disable-popup-blocking, --disable-features=PasswordManager, --incognito] working dir: target\chrome_1752427140797
00:19:21.776 [main] DEBUG c.i.k.driver.chrome_1752427161506 - poll attempt #1 for port to be ready - localhost:65033
00:19:22.065 [main] DEBUG c.i.k.driver.chrome_1752427161506 - poll attempt #2 for port to be ready - localhost:65033
00:19:22.079 [chrome_1752427161506-out] DEBUG c.i.k.driver.chrome_1752427161506 - 
00:19:22.079 [chrome_1752427161506-out] DEBUG c.i.k.driver.chrome_1752427161506 - DevTools listening on ws://127.0.0.1:65033/devtools/browser/440cf6ba-123f-45f5-8590-8bc9ea2743c9
00:19:22.342 [main] DEBUG c.i.k.driver.chrome_1752427161506 - poll attempt #3 for port to be ready - localhost:65033
00:19:22.523 [main] DEBUG com.intuit.karate - request:
1 > GET http://localhost:65033/json
1 > Host: localhost:65033
1 > Connection: Keep-Alive
1 > User-Agent: Apache-HttpClient/4.5.14 (Java/21.0.7)
1 > Accept-Encoding: gzip,deflate


00:19:22.539 [main] DEBUG com.intuit.karate - response time in milliseconds: 15
1 < 200
1 < Content-Security-Policy: frame-ancestors 'none'
1 < Content-Length: 1522
1 < Content-Type: application/json; charset=UTF-8
[ {
   "description": "",
   "devtoolsFrontendUrl": "https://chrome-devtools-frontend.appspot.com/serve_rev/@a2159ad9ab8037bd34a21b9903003e0964c2075b/inspector.html?ws=localhost:65033/devtools/page/5CC04C903843786CD86DCCB88E9907A8",
   "id": "5CC04C903843786CD86DCCB88E9907A8",
   "title": "Google Hangouts",
   "type": "background_page",
   "url": "chrome-extension://nkeimhogjdpnpccoofpliimaahmaaome/background.html",
   "webSocketDebuggerUrl": "ws://localhost:65033/devtools/page/5CC04C903843786CD86DCCB88E9907A8"
}, {
   "description": "",
   "devtoolsFrontendUrl": "https://chrome-devtools-frontend.appspot.com/serve_rev/@a2159ad9ab8037bd34a21b9903003e0964c2075b/inspector.html?ws=localhost:65033/devtools/page/4E2558249C0C3664127A9AB145364328",
   "id": "4E2558249C0C3664127A9AB145364328",
   "title": "Google Hangouts",
   "type": "background_page",
   "url": "chrome-extension://nkeimhogjdpnpccoofpliimaahmaaome/background.html",
   "webSocketDebuggerUrl": "ws://localhost:65033/devtools/page/4E2558249C0C3664127A9AB145364328"
}, {
   "description": "",
   "devtoolsFrontendUrl": "https://chrome-devtools-frontend.appspot.com/serve_rev/@a2159ad9ab8037bd34a21b9903003e0964c2075b/inspector.html?ws=localhost:65033/devtools/page/1CE682335EAC2E3EE197FCFC1767F700",
   "id": "1CE682335EAC2E3EE197FCFC1767F700",
   "title": "New Incognito Tab",
   "type": "page",
   "url": "chrome://newtab/",
   "webSocketDebuggerUrl": "ws://localhost:65033/devtools/page/1CE682335EAC2E3EE197FCFC1767F700"
} ]


00:19:22.540 [main] DEBUG com.intuit.karate.shell.Command - ready to accept http connections after 50 ms - http://localhost:65033/json
00:19:22.542 [main] DEBUG com.intuit.karate - request:
1 > GET http://localhost:65033/json
1 > Host: localhost:65033
1 > Connection: Keep-Alive
1 > User-Agent: Apache-HttpClient/4.5.14 (Java/21.0.7)
1 > Accept-Encoding: gzip,deflate


00:19:22.552 [main] DEBUG com.intuit.karate - response time in milliseconds: 8
1 < 200
1 < Content-Security-Policy: frame-ancestors 'none'
1 < Content-Length: 1522
1 < Content-Type: application/json; charset=UTF-8
[ {
   "description": "",
   "devtoolsFrontendUrl": "https://chrome-devtools-frontend.appspot.com/serve_rev/@a2159ad9ab8037bd34a21b9903003e0964c2075b/inspector.html?ws=localhost:65033/devtools/page/5CC04C903843786CD86DCCB88E9907A8",
   "id": "5CC04C903843786CD86DCCB88E9907A8",
   "title": "Google Hangouts",
   "type": "background_page",
   "url": "chrome-extension://nkeimhogjdpnpccoofpliimaahmaaome/background.html",
   "webSocketDebuggerUrl": "ws://localhost:65033/devtools/page/5CC04C903843786CD86DCCB88E9907A8"
}, {
   "description": "",
   "devtoolsFrontendUrl": "https://chrome-devtools-frontend.appspot.com/serve_rev/@a2159ad9ab8037bd34a21b9903003e0964c2075b/inspector.html?ws=localhost:65033/devtools/page/4E2558249C0C3664127A9AB145364328",
   "id": "4E2558249C0C3664127A9AB145364328",
   "title": "Google Hangouts",
   "type": "background_page",
   "url": "chrome-extension://nkeimhogjdpnpccoofpliimaahmaaome/background.html",
   "webSocketDebuggerUrl": "ws://localhost:65033/devtools/page/4E2558249C0C3664127A9AB145364328"
}, {
   "description": "",
   "devtoolsFrontendUrl": "https://chrome-devtools-frontend.appspot.com/serve_rev/@a2159ad9ab8037bd34a21b9903003e0964c2075b/inspector.html?ws=localhost:65033/devtools/page/1CE682335EAC2E3EE197FCFC1767F700",
   "id": "1CE682335EAC2E3EE197FCFC1767F700",
   "title": "New Incognito Tab",
   "type": "page",
   "url": "chrome://newtab/",
   "webSocketDebuggerUrl": "ws://localhost:65033/devtools/page/1CE682335EAC2E3EE197FCFC1767F700"
} ]


00:19:22.553 [main] DEBUG c.i.k.driver.chrome_1752427161506 - root frame id: 1CE682335EAC2E3EE197FCFC1767F700
00:19:22.660 [nioEventLoopGroup-9-1] DEBUG c.i.k.http.WebSocketClientHandler - websocket client connected
00:19:22.660 [main] DEBUG c.i.k.driver.chrome_1752427161506 - >> {"id":1,"method":"Target.attachToTarget","params":{"targetId":"1CE682335EAC2E3EE197FCFC1767F700","flatten":true}}
00:19:22.664 [nioEventLoopGroup-9-1] DEBUG c.i.k.driver.chrome_1752427161506 - << {"method":"Target.attachedToTarget","params":{"sessionId":"DC143429E0C933F2D50B51EC9726C2CE","targetInfo":{"targetId":"1CE682335EAC2E3EE197FCFC1767F700","type":"page","title":"New Incognito Tab","url":"chrome://newtab/","attached":true,"canAccessOpener":false,"browserContextId":"CE1BE597C3F9DB505758A2F9992E31F7"},"waitingForDebugger":false}}
00:19:22.665 [nioEventLoopGroup-9-1] DEBUG c.i.k.driver.chrome_1752427161506 - << {"id":1,"result":{"sessionId":"DC143429E0C933F2D50B51EC9726C2CE"}}
00:19:22.666 [main] DEBUG c.i.k.driver.chrome_1752427161506 - >> {"id":2,"sessionId":"DC143429E0C933F2D50B51EC9726C2CE","method":"Target.activateTarget","params":{"targetId":"1CE682335EAC2E3EE197FCFC1767F700"}}
00:19:22.674 [nioEventLoopGroup-9-1] DEBUG c.i.k.driver.chrome_1752427161506 - << {"id":2,"result":{},"sessionId":"DC143429E0C933F2D50B51EC9726C2CE"}
00:19:22.675 [main] DEBUG c.i.k.driver.chrome_1752427161506 - >> {"id":3,"sessionId":"DC143429E0C933F2D50B51EC9726C2CE","method":"Target.setDiscoverTargets","params":{"discover":true}}
00:19:22.677 [nioEventLoopGroup-9-1] DEBUG c.i.k.driver.chrome_1752427161506 - << {"method":"Target.targetCreated","params":{"targetInfo":{"targetId":"1CE682335EAC2E3EE197FCFC1767F700","type":"page","title":"New Incognito Tab","url":"chrome://newtab/","attached":true,"canAccessOpener":false,"browserContextId":"CE1BE597C3F9DB505758A2F9992E31F7"}},"sessionId":"DC143429E0C933F2D50B51EC9726C2CE"}
00:19:22.679 [nioEventLoopGroup-9-1] DEBUG c.i.k.driver.chrome_1752427161506 - << {"method":"Target.targetCreated","params":{"targetInfo":{"targetId":"4E2558249C0C3664127A9AB145364328","type":"background_page","title":"Google Hangouts","url":"chrome-extension://nkeimhogjdpnpccoofpliimaahmaaome/background.html","attached":false,"canAccessOpener":false,"browserContextId":"FFC08B5C545175E8A4CB039A2FD49E9A"}},"sessionId":"DC143429E0C933F2D50B51EC9726C2CE"}
00:19:22.680 [nioEventLoopGroup-9-1] DEBUG c.i.k.driver.chrome_1752427161506 - << {"method":"Target.targetCreated","params":{"targetInfo":{"targetId":"5CC04C903843786CD86DCCB88E9907A8","type":"background_page","title":"Google Hangouts","url":"chrome-extension://nkeimhogjdpnpccoofpliimaahmaaome/background.html","attached":false,"canAccessOpener":false,"browserContextId":"CE1BE597C3F9DB505758A2F9992E31F7"}},"sessionId":"DC143429E0C933F2D50B51EC9726C2CE"}
00:19:22.680 [nioEventLoopGroup-9-1] DEBUG c.i.k.driver.chrome_1752427161506 - << {"id":3,"result":{},"sessionId":"DC143429E0C933F2D50B51EC9726C2CE"}
00:19:22.686 [main] DEBUG c.i.k.driver.chrome_1752427161506 - >> {"id":4,"sessionId":"DC143429E0C933F2D50B51EC9726C2CE","method":"Page.enable"}
00:19:22.802 [nioEventLoopGroup-9-1] DEBUG c.i.k.driver.chrome_1752427161506 - << {"id":4,"result":{},"sessionId":"DC143429E0C933F2D50B51EC9726C2CE"}
00:19:22.808 [main] DEBUG c.i.k.driver.chrome_1752427161506 - >> {"id":5,"sessionId":"DC143429E0C933F2D50B51EC9726C2CE","method":"Runtime.enable"}
00:19:22.825 [nioEventLoopGroup-9-1] DEBUG c.i.k.driver.chrome_1752427161506 - << {"method":"Runtime.executionContextCreated","params":{"context":{"id":1,"origin":"chrome://newtab","name":"","uniqueId":"-3333960372889402247.2237493175017370614","auxData":{"isDefault":true,"type":"default","frameId":"1CE682335EAC2E3EE197FCFC1767F700"}}},"sessionId":"DC143429E0C933F2D50B51EC9726C2CE"}
00:19:22.825 [nioEventLoopGroup-9-1] DEBUG c.i.k.driver.chrome_1752427161506 - << {"id":5,"result":{},"sessionId":"DC143429E0C933F2D50B51EC9726C2CE"}
00:19:22.827 [main] DEBUG c.i.k.driver.chrome_1752427161506 - >> {"id":6,"sessionId":"DC143429E0C933F2D50B51EC9726C2CE","method":"Browser.getWindowForTarget","params":{"targetId":"1CE682335EAC2E3EE197FCFC1767F700"}}
00:19:22.829 [nioEventLoopGroup-9-1] DEBUG c.i.k.driver.chrome_1752427161506 - << {"id":6,"result":{"windowId":553171608,"bounds":{"left":10,"top":10,"width":945,"height":1060,"windowState":"normal"}},"sessionId":"DC143429E0C933F2D50B51EC9726C2CE"}
00:19:22.840 [nioEventLoopGroup-9-1] DEBUG c.i.k.driver.chrome_1752427161506 - << {"method":"Target.targetInfoChanged","params":{"targetInfo":{"targetId":"5CC04C903843786CD86DCCB88E9907A8","type":"background_page","title":"Google Hangouts","url":"chrome-extension://nkeimhogjdpnpccoofpliimaahmaaome/background.html","attached":false,"canAccessOpener":false,"browserContextId":"CE1BE597C3F9DB505758A2F9992E31F7"}},"sessionId":"DC143429E0C933F2D50B51EC9726C2CE"}
00:19:22.847 [nioEventLoopGroup-9-1] DEBUG c.i.k.driver.chrome_1752427161506 - << {"method":"Page.domContentEventFired","params":{"timestamp":35105.497067},"sessionId":"DC143429E0C933F2D50B51EC9726C2CE"}
00:19:22.863 [main] DEBUG c.i.k.driver.chrome_1752427161506 - >> {"id":7,"sessionId":"DC143429E0C933F2D50B51EC9726C2CE","method":"Page.navigate","params":{"url":"https:\/\/saucedemo.com\/"}}
00:19:22.873 [nioEventLoopGroup-9-1] DEBUG c.i.k.driver.chrome_1752427161506 - << {"method":"Page.frameStartedNavigating","params":{"frameId":"1CE682335EAC2E3EE197FCFC1767F700","url":"https://saucedemo.com/","loaderId":"932064F2B8C1E39A57D8EDA027124BAB","navigationType":"differentDocument"},"sessionId":"DC143429E0C933F2D50B51EC9726C2CE"}
00:19:22.874 [nioEventLoopGroup-9-1] DEBUG c.i.k.driver.chrome_1752427161506 - << {"method":"Page.frameStartedLoading","params":{"frameId":"1CE682335EAC2E3EE197FCFC1767F700"},"sessionId":"DC143429E0C933F2D50B51EC9726C2CE"}
00:19:22.936 [nioEventLoopGroup-9-1] DEBUG c.i.k.driver.chrome_1752427161506 - << {"method":"Page.loadEventFired","params":{"timestamp":35105.586959},"sessionId":"DC143429E0C933F2D50B51EC9726C2CE"}
00:19:22.937 [nioEventLoopGroup-9-1] DEBUG c.i.k.driver.chrome_1752427161506 - << {"method":"Page.frameStartedLoading","params":{"frameId":"1CE682335EAC2E3EE197FCFC1767F700"},"sessionId":"DC143429E0C933F2D50B51EC9726C2CE"}
00:19:22.952 [nioEventLoopGroup-9-1] DEBUG c.i.k.driver.chrome_1752427161506 - << {"method":"Target.targetCreated","params":{"targetInfo":{"targetId":"F3EA08B5BB0C1C699FBE92BC9DA48065","type":"service_worker","title":"Service Worker chrome-extension://fignfifoniblkonapihmkfakmlgkbkcf/service_worker.js","url":"chrome-extension://fignfifoniblkonapihmkfakmlgkbkcf/service_worker.js","attached":false,"canAccessOpener":false,"browserContextId":"FFC08B5C545175E8A4CB039A2FD49E9A"}},"sessionId":"DC143429E0C933F2D50B51EC9726C2CE"}
00:19:22.960 [nioEventLoopGroup-9-1] DEBUG c.i.k.driver.chrome_1752427161506 - << {"method":"Target.targetInfoChanged","params":{"targetInfo":{"targetId":"4E2558249C0C3664127A9AB145364328","type":"background_page","title":"Google Hangouts","url":"chrome-extension://nkeimhogjdpnpccoofpliimaahmaaome/background.html","attached":false,"canAccessOpener":false,"browserContextId":"FFC08B5C545175E8A4CB039A2FD49E9A"}},"sessionId":"DC143429E0C933F2D50B51EC9726C2CE"}
00:19:23.110 [nioEventLoopGroup-9-1] DEBUG c.i.k.driver.chrome_1752427161506 - << {"id":7,"result":{"frameId":"1CE682335EAC2E3EE197FCFC1767F700","loaderId":"932064F2B8C1E39A57D8EDA027124BAB"},"sessionId":"DC143429E0C933F2D50B51EC9726C2CE"}
00:19:23.126 [nioEventLoopGroup-9-1] DEBUG c.i.k.driver.chrome_1752427161506 - << {"method":"Runtime.executionContextsCleared","params":{},"sessionId":"DC143429E0C933F2D50B51EC9726C2CE"}
00:19:23.129 [nioEventLoopGroup-9-1] DEBUG c.i.k.driver.chrome_1752427161506 - << {"method":"Runtime.executionContextsCleared","params":{},"sessionId":"DC143429E0C933F2D50B51EC9726C2CE"}
00:19:23.129 [nioEventLoopGroup-9-1] DEBUG c.i.k.driver.chrome_1752427161506 - << {"method":"Page.frameNavigated","params":{"frame":{"id":"1CE682335EAC2E3EE197FCFC1767F700","loaderId":"932064F2B8C1E39A57D8EDA027124BAB","url":"https://www.saucedemo.com/","domainAndRegistry":"saucedemo.com","securityOrigin":"https://www.saucedemo.com","securityOriginDetails":{"isLocalhost":false},"mimeType":"text/html","adFrameStatus":{"adFrameType":"none"},"secureContextType":"Secure","crossOriginIsolatedContextType":"NotIsolated","gatedAPIFeatures":[]},"type":"Navigation"},"sessionId":"DC143429E0C933F2D50B51EC9726C2CE"}
00:19:23.158 [nioEventLoopGroup-9-1] DEBUG c.i.k.driver.chrome_1752427161506 - << {"method":"Target.targetInfoChanged","params":{"targetInfo":{"targetId":"1CE682335EAC2E3EE197FCFC1767F700","type":"page","title":"saucedemo.com","url":"https://www.saucedemo.com/","attached":true,"canAccessOpener":false,"browserContextId":"CE1BE597C3F9DB505758A2F9992E31F7"}},"sessionId":"DC143429E0C933F2D50B51EC9726C2CE"}
00:19:23.162 [nioEventLoopGroup-9-1] DEBUG c.i.k.driver.chrome_1752427161506 - << {"method":"Runtime.executionContextCreated","params":{"context":{"id":1,"origin":"https://www.saucedemo.com","name":"","uniqueId":"1684078009856774477.-6304703615472767169","auxData":{"isDefault":true,"type":"default","frameId":"1CE682335EAC2E3EE197FCFC1767F700"}}},"sessionId":"DC143429E0C933F2D50B51EC9726C2CE"}
00:19:23.845 [nioEventLoopGroup-9-1] DEBUG c.i.k.driver.chrome_1752427161506 - << {"method":"Page.domContentEventFired","params":{"timestamp":35106.492026},"sessionId":"DC143429E0C933F2D50B51EC9726C2CE"}
00:19:23.853 [main] INFO  c.intuit.karate.core.FeatureRuntime - classpath:UI/LoginUI/LoginPage.feature - call by tag at line 7: action_attemptLogin
00:19:23.891 [main] DEBUG c.i.k.driver.chrome_1752427161506 - >> {"id":8,"sessionId":"DC143429E0C933F2D50B51EC9726C2CE","method":"Runtime.evaluate","params":{"expression":"var e = document.evaluate(\"\/\/*[@id='user-name']\", document, null, 9, null).singleNodeValue; e.focus(); try { e.selectionStart = e.selectionEnd = e.value.length } catch(x) {}","returnByValue":true}}
00:19:23.895 [nioEventLoopGroup-9-1] DEBUG c.i.k.driver.chrome_1752427161506 - << {"id":8,"result":{"result":{"type":"number","value":0,"description":"0"}},"sessionId":"DC143429E0C933F2D50B51EC9726C2CE"}
00:19:23.896 [main] DEBUG c.i.k.driver.chrome_1752427161506 - >> {"id":9,"sessionId":"DC143429E0C933F2D50B51EC9726C2CE","method":"Input.dispatchKeyEvent","params":{"modifiers":0,"type":"rawKeyDown","text":"s","windowsVirtualKeyCode":115}}
00:19:23.903 [nioEventLoopGroup-9-1] DEBUG c.i.k.driver.chrome_1752427161506 - << {"id":9,"result":{},"sessionId":"DC143429E0C933F2D50B51EC9726C2CE"}
00:19:23.904 [main] DEBUG c.i.k.driver.chrome_1752427161506 - >> {"id":10,"sessionId":"DC143429E0C933F2D50B51EC9726C2CE","method":"Input.dispatchKeyEvent","params":{"modifiers":0,"type":"char","text":"s","windowsVirtualKeyCode":115}}
00:19:23.916 [nioEventLoopGroup-9-1] DEBUG c.i.k.driver.chrome_1752427161506 - << {"id":10,"result":{},"sessionId":"DC143429E0C933F2D50B51EC9726C2CE"}
00:19:23.919 [main] DEBUG c.i.k.driver.chrome_1752427161506 - >> {"id":11,"sessionId":"DC143429E0C933F2D50B51EC9726C2CE","method":"Input.dispatchKeyEvent","params":{"modifiers":0,"type":"keyUp","text":"s","windowsVirtualKeyCode":115}}
00:19:23.923 [nioEventLoopGroup-9-1] DEBUG c.i.k.driver.chrome_1752427161506 - << {"id":11,"result":{},"sessionId":"DC143429E0C933F2D50B51EC9726C2CE"}
00:19:23.924 [main] DEBUG c.i.k.driver.chrome_1752427161506 - >> {"id":12,"sessionId":"DC143429E0C933F2D50B51EC9726C2CE","method":"Input.dispatchKeyEvent","params":{"modifiers":0,"type":"rawKeyDown","text":"t","windowsVirtualKeyCode":116}}
00:19:23.926 [nioEventLoopGroup-9-1] DEBUG c.i.k.driver.chrome_1752427161506 - << {"id":12,"result":{},"sessionId":"DC143429E0C933F2D50B51EC9726C2CE"}
00:19:23.927 [main] DEBUG c.i.k.driver.chrome_1752427161506 - >> {"id":13,"sessionId":"DC143429E0C933F2D50B51EC9726C2CE","method":"Input.dispatchKeyEvent","params":{"modifiers":0,"type":"char","text":"t","windowsVirtualKeyCode":116}}
00:19:23.931 [nioEventLoopGroup-9-1] DEBUG c.i.k.driver.chrome_1752427161506 - << {"id":13,"result":{},"sessionId":"DC143429E0C933F2D50B51EC9726C2CE"}
00:19:23.933 [main] DEBUG c.i.k.driver.chrome_1752427161506 - >> {"id":14,"sessionId":"DC143429E0C933F2D50B51EC9726C2CE","method":"Input.dispatchKeyEvent","params":{"modifiers":0,"type":"keyUp","text":"t","windowsVirtualKeyCode":116}}
00:19:23.936 [nioEventLoopGroup-9-1] DEBUG c.i.k.driver.chrome_1752427161506 - << {"id":14,"result":{},"sessionId":"DC143429E0C933F2D50B51EC9726C2CE"}
00:19:23.936 [main] DEBUG c.i.k.driver.chrome_1752427161506 - >> {"id":15,"sessionId":"DC143429E0C933F2D50B51EC9726C2CE","method":"Input.dispatchKeyEvent","params":{"modifiers":0,"type":"rawKeyDown","text":"a","windowsVirtualKeyCode":97}}
00:19:23.938 [nioEventLoopGroup-9-1] DEBUG c.i.k.driver.chrome_1752427161506 - << {"id":15,"result":{},"sessionId":"DC143429E0C933F2D50B51EC9726C2CE"}
00:19:23.939 [main] DEBUG c.i.k.driver.chrome_1752427161506 - >> {"id":16,"sessionId":"DC143429E0C933F2D50B51EC9726C2CE","method":"Input.dispatchKeyEvent","params":{"modifiers":0,"type":"char","text":"a","windowsVirtualKeyCode":97}}
00:19:23.943 [nioEventLoopGroup-9-1] DEBUG c.i.k.driver.chrome_1752427161506 - << {"id":16,"result":{},"sessionId":"DC143429E0C933F2D50B51EC9726C2CE"}
00:19:23.944 [main] DEBUG c.i.k.driver.chrome_1752427161506 - >> {"id":17,"sessionId":"DC143429E0C933F2D50B51EC9726C2CE","method":"Input.dispatchKeyEvent","params":{"modifiers":0,"type":"keyUp","text":"a","windowsVirtualKeyCode":97}}
00:19:23.945 [nioEventLoopGroup-9-1] DEBUG c.i.k.driver.chrome_1752427161506 - << {"id":17,"result":{},"sessionId":"DC143429E0C933F2D50B51EC9726C2CE"}
00:19:23.946 [main] DEBUG c.i.k.driver.chrome_1752427161506 - >> {"id":18,"sessionId":"DC143429E0C933F2D50B51EC9726C2CE","method":"Input.dispatchKeyEvent","params":{"modifiers":0,"type":"rawKeyDown","text":"n","windowsVirtualKeyCode":110}}
00:19:23.948 [nioEventLoopGroup-9-1] DEBUG c.i.k.driver.chrome_1752427161506 - << {"id":18,"result":{},"sessionId":"DC143429E0C933F2D50B51EC9726C2CE"}
00:19:23.950 [main] DEBUG c.i.k.driver.chrome_1752427161506 - >> {"id":19,"sessionId":"DC143429E0C933F2D50B51EC9726C2CE","method":"Input.dispatchKeyEvent","params":{"modifiers":0,"type":"char","text":"n","windowsVirtualKeyCode":110}}
00:19:23.956 [nioEventLoopGroup-9-1] DEBUG c.i.k.driver.chrome_1752427161506 - << {"id":19,"result":{},"sessionId":"DC143429E0C933F2D50B51EC9726C2CE"}
00:19:23.957 [main] DEBUG c.i.k.driver.chrome_1752427161506 - >> {"id":20,"sessionId":"DC143429E0C933F2D50B51EC9726C2CE","method":"Input.dispatchKeyEvent","params":{"modifiers":0,"type":"keyUp","text":"n","windowsVirtualKeyCode":110}}
00:19:23.958 [nioEventLoopGroup-9-1] DEBUG c.i.k.driver.chrome_1752427161506 - << {"id":20,"result":{},"sessionId":"DC143429E0C933F2D50B51EC9726C2CE"}
00:19:23.959 [main] DEBUG c.i.k.driver.chrome_1752427161506 - >> {"id":21,"sessionId":"DC143429E0C933F2D50B51EC9726C2CE","method":"Input.dispatchKeyEvent","params":{"modifiers":0,"type":"rawKeyDown","text":"d","windowsVirtualKeyCode":100}}
00:19:23.960 [nioEventLoopGroup-9-1] DEBUG c.i.k.driver.chrome_1752427161506 - << {"id":21,"result":{},"sessionId":"DC143429E0C933F2D50B51EC9726C2CE"}
00:19:23.960 [main] DEBUG c.i.k.driver.chrome_1752427161506 - >> {"id":22,"sessionId":"DC143429E0C933F2D50B51EC9726C2CE","method":"Input.dispatchKeyEvent","params":{"modifiers":0,"type":"char","text":"d","windowsVirtualKeyCode":100}}
00:19:23.964 [nioEventLoopGroup-9-1] DEBUG c.i.k.driver.chrome_1752427161506 - << {"id":22,"result":{},"sessionId":"DC143429E0C933F2D50B51EC9726C2CE"}
00:19:23.964 [main] DEBUG c.i.k.driver.chrome_1752427161506 - >> {"id":23,"sessionId":"DC143429E0C933F2D50B51EC9726C2CE","method":"Input.dispatchKeyEvent","params":{"modifiers":0,"type":"keyUp","text":"d","windowsVirtualKeyCode":100}}
00:19:23.967 [nioEventLoopGroup-9-1] DEBUG c.i.k.driver.chrome_1752427161506 - << {"id":23,"result":{},"sessionId":"DC143429E0C933F2D50B51EC9726C2CE"}
00:19:23.968 [main] DEBUG c.i.k.driver.chrome_1752427161506 - >> {"id":24,"sessionId":"DC143429E0C933F2D50B51EC9726C2CE","method":"Input.dispatchKeyEvent","params":{"modifiers":0,"type":"rawKeyDown","text":"a","windowsVirtualKeyCode":97}}
00:19:23.970 [nioEventLoopGroup-9-1] DEBUG c.i.k.driver.chrome_1752427161506 - << {"id":24,"result":{},"sessionId":"DC143429E0C933F2D50B51EC9726C2CE"}
00:19:23.970 [main] DEBUG c.i.k.driver.chrome_1752427161506 - >> {"id":25,"sessionId":"DC143429E0C933F2D50B51EC9726C2CE","method":"Input.dispatchKeyEvent","params":{"modifiers":0,"type":"char","text":"a","windowsVirtualKeyCode":97}}
00:19:23.974 [nioEventLoopGroup-9-1] DEBUG c.i.k.driver.chrome_1752427161506 - << {"id":25,"result":{},"sessionId":"DC143429E0C933F2D50B51EC9726C2CE"}
00:19:23.974 [main] DEBUG c.i.k.driver.chrome_1752427161506 - >> {"id":26,"sessionId":"DC143429E0C933F2D50B51EC9726C2CE","method":"Input.dispatchKeyEvent","params":{"modifiers":0,"type":"keyUp","text":"a","windowsVirtualKeyCode":97}}
00:19:23.975 [nioEventLoopGroup-9-1] DEBUG c.i.k.driver.chrome_1752427161506 - << {"id":26,"result":{},"sessionId":"DC143429E0C933F2D50B51EC9726C2CE"}
00:19:23.976 [main] DEBUG c.i.k.driver.chrome_1752427161506 - >> {"id":27,"sessionId":"DC143429E0C933F2D50B51EC9726C2CE","method":"Input.dispatchKeyEvent","params":{"modifiers":0,"type":"rawKeyDown","text":"r","windowsVirtualKeyCode":114}}
00:19:23.977 [nioEventLoopGroup-9-1] DEBUG c.i.k.driver.chrome_1752427161506 - << {"id":27,"result":{},"sessionId":"DC143429E0C933F2D50B51EC9726C2CE"}
00:19:23.977 [main] DEBUG c.i.k.driver.chrome_1752427161506 - >> {"id":28,"sessionId":"DC143429E0C933F2D50B51EC9726C2CE","method":"Input.dispatchKeyEvent","params":{"modifiers":0,"type":"char","text":"r","windowsVirtualKeyCode":114}}
00:19:23.980 [nioEventLoopGroup-9-1] DEBUG c.i.k.driver.chrome_1752427161506 - << {"id":28,"result":{},"sessionId":"DC143429E0C933F2D50B51EC9726C2CE"}
00:19:23.981 [main] DEBUG c.i.k.driver.chrome_1752427161506 - >> {"id":29,"sessionId":"DC143429E0C933F2D50B51EC9726C2CE","method":"Input.dispatchKeyEvent","params":{"modifiers":0,"type":"keyUp","text":"r","windowsVirtualKeyCode":114}}
00:19:23.984 [nioEventLoopGroup-9-1] DEBUG c.i.k.driver.chrome_1752427161506 - << {"id":29,"result":{},"sessionId":"DC143429E0C933F2D50B51EC9726C2CE"}
00:19:23.986 [main] DEBUG c.i.k.driver.chrome_1752427161506 - >> {"id":30,"sessionId":"DC143429E0C933F2D50B51EC9726C2CE","method":"Input.dispatchKeyEvent","params":{"modifiers":0,"type":"rawKeyDown","text":"d","windowsVirtualKeyCode":100}}
00:19:23.989 [nioEventLoopGroup-9-1] DEBUG c.i.k.driver.chrome_1752427161506 - << {"id":30,"result":{},"sessionId":"DC143429E0C933F2D50B51EC9726C2CE"}
00:19:23.989 [main] DEBUG c.i.k.driver.chrome_1752427161506 - >> {"id":31,"sessionId":"DC143429E0C933F2D50B51EC9726C2CE","method":"Input.dispatchKeyEvent","params":{"modifiers":0,"type":"char","text":"d","windowsVirtualKeyCode":100}}
00:19:23.993 [nioEventLoopGroup-9-1] DEBUG c.i.k.driver.chrome_1752427161506 - << {"id":31,"result":{},"sessionId":"DC143429E0C933F2D50B51EC9726C2CE"}
00:19:23.994 [main] DEBUG c.i.k.driver.chrome_1752427161506 - >> {"id":32,"sessionId":"DC143429E0C933F2D50B51EC9726C2CE","method":"Input.dispatchKeyEvent","params":{"modifiers":0,"type":"keyUp","text":"d","windowsVirtualKeyCode":100}}
00:19:23.995 [nioEventLoopGroup-9-1] DEBUG c.i.k.driver.chrome_1752427161506 - << {"id":32,"result":{},"sessionId":"DC143429E0C933F2D50B51EC9726C2CE"}
00:19:23.995 [main] DEBUG c.i.k.driver.chrome_1752427161506 - >> {"id":33,"sessionId":"DC143429E0C933F2D50B51EC9726C2CE","method":"Input.dispatchKeyEvent","params":{"modifiers":0,"type":"rawKeyDown","text":"_","windowsVirtualKeyCode":523}}
00:19:23.997 [nioEventLoopGroup-9-1] DEBUG c.i.k.driver.chrome_1752427161506 - << {"id":33,"result":{},"sessionId":"DC143429E0C933F2D50B51EC9726C2CE"}
00:19:23.997 [main] DEBUG c.i.k.driver.chrome_1752427161506 - >> {"id":34,"sessionId":"DC143429E0C933F2D50B51EC9726C2CE","method":"Input.dispatchKeyEvent","params":{"modifiers":0,"type":"char","text":"_","windowsVirtualKeyCode":523}}
00:19:24.003 [nioEventLoopGroup-9-1] DEBUG c.i.k.driver.chrome_1752427161506 - << {"id":34,"result":{},"sessionId":"DC143429E0C933F2D50B51EC9726C2CE"}
00:19:24.004 [main] DEBUG c.i.k.driver.chrome_1752427161506 - >> {"id":35,"sessionId":"DC143429E0C933F2D50B51EC9726C2CE","method":"Input.dispatchKeyEvent","params":{"modifiers":0,"type":"keyUp","text":"_","windowsVirtualKeyCode":523}}
00:19:24.006 [nioEventLoopGroup-9-1] DEBUG c.i.k.driver.chrome_1752427161506 - << {"id":35,"result":{},"sessionId":"DC143429E0C933F2D50B51EC9726C2CE"}
00:19:24.007 [main] DEBUG c.i.k.driver.chrome_1752427161506 - >> {"id":36,"sessionId":"DC143429E0C933F2D50B51EC9726C2CE","method":"Input.dispatchKeyEvent","params":{"modifiers":0,"type":"rawKeyDown","text":"u","windowsVirtualKeyCode":117}}
00:19:24.009 [nioEventLoopGroup-9-1] DEBUG c.i.k.driver.chrome_1752427161506 - << {"id":36,"result":{},"sessionId":"DC143429E0C933F2D50B51EC9726C2CE"}
00:19:24.009 [main] DEBUG c.i.k.driver.chrome_1752427161506 - >> {"id":37,"sessionId":"DC143429E0C933F2D50B51EC9726C2CE","method":"Input.dispatchKeyEvent","params":{"modifiers":0,"type":"char","text":"u","windowsVirtualKeyCode":117}}
00:19:24.013 [nioEventLoopGroup-9-1] DEBUG c.i.k.driver.chrome_1752427161506 - << {"id":37,"result":{},"sessionId":"DC143429E0C933F2D50B51EC9726C2CE"}
00:19:24.014 [main] DEBUG c.i.k.driver.chrome_1752427161506 - >> {"id":38,"sessionId":"DC143429E0C933F2D50B51EC9726C2CE","method":"Input.dispatchKeyEvent","params":{"modifiers":0,"type":"keyUp","text":"u","windowsVirtualKeyCode":117}}
00:19:24.015 [nioEventLoopGroup-9-1] DEBUG c.i.k.driver.chrome_1752427161506 - << {"id":38,"result":{},"sessionId":"DC143429E0C933F2D50B51EC9726C2CE"}
00:19:24.017 [main] DEBUG c.i.k.driver.chrome_1752427161506 - >> {"id":39,"sessionId":"DC143429E0C933F2D50B51EC9726C2CE","method":"Input.dispatchKeyEvent","params":{"modifiers":0,"type":"rawKeyDown","text":"s","windowsVirtualKeyCode":115}}
00:19:24.021 [nioEventLoopGroup-9-1] DEBUG c.i.k.driver.chrome_1752427161506 - << {"id":39,"result":{},"sessionId":"DC143429E0C933F2D50B51EC9726C2CE"}
00:19:24.021 [main] DEBUG c.i.k.driver.chrome_1752427161506 - >> {"id":40,"sessionId":"DC143429E0C933F2D50B51EC9726C2CE","method":"Input.dispatchKeyEvent","params":{"modifiers":0,"type":"char","text":"s","windowsVirtualKeyCode":115}}
00:19:24.024 [nioEventLoopGroup-9-1] DEBUG c.i.k.driver.chrome_1752427161506 - << {"id":40,"result":{},"sessionId":"DC143429E0C933F2D50B51EC9726C2CE"}
00:19:24.025 [main] DEBUG c.i.k.driver.chrome_1752427161506 - >> {"id":41,"sessionId":"DC143429E0C933F2D50B51EC9726C2CE","method":"Input.dispatchKeyEvent","params":{"modifiers":0,"type":"keyUp","text":"s","windowsVirtualKeyCode":115}}
00:19:24.026 [nioEventLoopGroup-9-1] DEBUG c.i.k.driver.chrome_1752427161506 - << {"id":41,"result":{},"sessionId":"DC143429E0C933F2D50B51EC9726C2CE"}
00:19:24.026 [main] DEBUG c.i.k.driver.chrome_1752427161506 - >> {"id":42,"sessionId":"DC143429E0C933F2D50B51EC9726C2CE","method":"Input.dispatchKeyEvent","params":{"modifiers":0,"type":"rawKeyDown","text":"e","windowsVirtualKeyCode":101}}
00:19:24.027 [nioEventLoopGroup-9-1] DEBUG c.i.k.driver.chrome_1752427161506 - << {"id":42,"result":{},"sessionId":"DC143429E0C933F2D50B51EC9726C2CE"}
00:19:24.028 [main] DEBUG c.i.k.driver.chrome_1752427161506 - >> {"id":43,"sessionId":"DC143429E0C933F2D50B51EC9726C2CE","method":"Input.dispatchKeyEvent","params":{"modifiers":0,"type":"char","text":"e","windowsVirtualKeyCode":101}}
00:19:24.030 [nioEventLoopGroup-9-1] DEBUG c.i.k.driver.chrome_1752427161506 - << {"id":43,"result":{},"sessionId":"DC143429E0C933F2D50B51EC9726C2CE"}
00:19:24.030 [main] DEBUG c.i.k.driver.chrome_1752427161506 - >> {"id":44,"sessionId":"DC143429E0C933F2D50B51EC9726C2CE","method":"Input.dispatchKeyEvent","params":{"modifiers":0,"type":"keyUp","text":"e","windowsVirtualKeyCode":101}}
00:19:24.032 [nioEventLoopGroup-9-1] DEBUG c.i.k.driver.chrome_1752427161506 - << {"id":44,"result":{},"sessionId":"DC143429E0C933F2D50B51EC9726C2CE"}
00:19:24.033 [main] DEBUG c.i.k.driver.chrome_1752427161506 - >> {"id":45,"sessionId":"DC143429E0C933F2D50B51EC9726C2CE","method":"Input.dispatchKeyEvent","params":{"modifiers":0,"type":"rawKeyDown","text":"r","windowsVirtualKeyCode":114}}
00:19:24.036 [nioEventLoopGroup-9-1] DEBUG c.i.k.driver.chrome_1752427161506 - << {"id":45,"result":{},"sessionId":"DC143429E0C933F2D50B51EC9726C2CE"}
00:19:24.036 [main] DEBUG c.i.k.driver.chrome_1752427161506 - >> {"id":46,"sessionId":"DC143429E0C933F2D50B51EC9726C2CE","method":"Input.dispatchKeyEvent","params":{"modifiers":0,"type":"char","text":"r","windowsVirtualKeyCode":114}}
00:19:24.039 [nioEventLoopGroup-9-1] DEBUG c.i.k.driver.chrome_1752427161506 - << {"id":46,"result":{},"sessionId":"DC143429E0C933F2D50B51EC9726C2CE"}
00:19:24.040 [main] DEBUG c.i.k.driver.chrome_1752427161506 - >> {"id":47,"sessionId":"DC143429E0C933F2D50B51EC9726C2CE","method":"Input.dispatchKeyEvent","params":{"modifiers":0,"type":"keyUp","text":"r","windowsVirtualKeyCode":114}}
00:19:24.041 [nioEventLoopGroup-9-1] DEBUG c.i.k.driver.chrome_1752427161506 - << {"id":47,"result":{},"sessionId":"DC143429E0C933F2D50B51EC9726C2CE"}
00:19:24.044 [main] DEBUG c.i.k.driver.chrome_1752427161506 - >> {"id":48,"sessionId":"DC143429E0C933F2D50B51EC9726C2CE","method":"Runtime.evaluate","params":{"expression":"var e = document.evaluate(\"\/\/*[@id='password']\", document, null, 9, null).singleNodeValue; e.focus(); try { e.selectionStart = e.selectionEnd = e.value.length } catch(x) {}","returnByValue":true}}
00:19:24.047 [nioEventLoopGroup-9-1] DEBUG c.i.k.driver.chrome_1752427161506 - << {"id":48,"result":{"result":{"type":"number","value":0,"description":"0"}},"sessionId":"DC143429E0C933F2D50B51EC9726C2CE"}
00:19:24.047 [main] DEBUG c.i.k.driver.chrome_1752427161506 - >> {"id":49,"sessionId":"DC143429E0C933F2D50B51EC9726C2CE","method":"Input.dispatchKeyEvent","params":{"modifiers":0,"type":"rawKeyDown","text":"s","windowsVirtualKeyCode":115}}
00:19:24.050 [nioEventLoopGroup-9-1] DEBUG c.i.k.driver.chrome_1752427161506 - << {"id":49,"result":{},"sessionId":"DC143429E0C933F2D50B51EC9726C2CE"}
00:19:24.052 [main] DEBUG c.i.k.driver.chrome_1752427161506 - >> {"id":50,"sessionId":"DC143429E0C933F2D50B51EC9726C2CE","method":"Input.dispatchKeyEvent","params":{"modifiers":0,"type":"char","text":"s","windowsVirtualKeyCode":115}}
00:19:24.057 [nioEventLoopGroup-9-1] DEBUG c.i.k.driver.chrome_1752427161506 - << {"id":50,"result":{},"sessionId":"DC143429E0C933F2D50B51EC9726C2CE"}
00:19:24.057 [main] DEBUG c.i.k.driver.chrome_1752427161506 - >> {"id":51,"sessionId":"DC143429E0C933F2D50B51EC9726C2CE","method":"Input.dispatchKeyEvent","params":{"modifiers":0,"type":"keyUp","text":"s","windowsVirtualKeyCode":115}}
00:19:24.059 [nioEventLoopGroup-9-1] DEBUG c.i.k.driver.chrome_1752427161506 - << {"id":51,"result":{},"sessionId":"DC143429E0C933F2D50B51EC9726C2CE"}
00:19:24.059 [main] DEBUG c.i.k.driver.chrome_1752427161506 - >> {"id":52,"sessionId":"DC143429E0C933F2D50B51EC9726C2CE","method":"Input.dispatchKeyEvent","params":{"modifiers":0,"type":"rawKeyDown","text":"e","windowsVirtualKeyCode":101}}
00:19:24.061 [nioEventLoopGroup-9-1] DEBUG c.i.k.driver.chrome_1752427161506 - << {"id":52,"result":{},"sessionId":"DC143429E0C933F2D50B51EC9726C2CE"}
00:19:24.061 [main] DEBUG c.i.k.driver.chrome_1752427161506 - >> {"id":53,"sessionId":"DC143429E0C933F2D50B51EC9726C2CE","method":"Input.dispatchKeyEvent","params":{"modifiers":0,"type":"char","text":"e","windowsVirtualKeyCode":101}}
00:19:24.065 [nioEventLoopGroup-9-1] DEBUG c.i.k.driver.chrome_1752427161506 - << {"id":53,"result":{},"sessionId":"DC143429E0C933F2D50B51EC9726C2CE"}
00:19:24.070 [main] DEBUG c.i.k.driver.chrome_1752427161506 - >> {"id":54,"sessionId":"DC143429E0C933F2D50B51EC9726C2CE","method":"Input.dispatchKeyEvent","params":{"modifiers":0,"type":"keyUp","text":"e","windowsVirtualKeyCode":101}}
00:19:24.079 [nioEventLoopGroup-9-1] DEBUG c.i.k.driver.chrome_1752427161506 - << {"id":54,"result":{},"sessionId":"DC143429E0C933F2D50B51EC9726C2CE"}
00:19:24.079 [main] DEBUG c.i.k.driver.chrome_1752427161506 - >> {"id":55,"sessionId":"DC143429E0C933F2D50B51EC9726C2CE","method":"Input.dispatchKeyEvent","params":{"modifiers":0,"type":"rawKeyDown","text":"c","windowsVirtualKeyCode":99}}
00:19:24.081 [nioEventLoopGroup-9-1] DEBUG c.i.k.driver.chrome_1752427161506 - << {"id":55,"result":{},"sessionId":"DC143429E0C933F2D50B51EC9726C2CE"}
00:19:24.082 [main] DEBUG c.i.k.driver.chrome_1752427161506 - >> {"id":56,"sessionId":"DC143429E0C933F2D50B51EC9726C2CE","method":"Input.dispatchKeyEvent","params":{"modifiers":0,"type":"char","text":"c","windowsVirtualKeyCode":99}}
00:19:24.087 [nioEventLoopGroup-9-1] DEBUG c.i.k.driver.chrome_1752427161506 - << {"id":56,"result":{},"sessionId":"DC143429E0C933F2D50B51EC9726C2CE"}
00:19:24.087 [main] DEBUG c.i.k.driver.chrome_1752427161506 - >> {"id":57,"sessionId":"DC143429E0C933F2D50B51EC9726C2CE","method":"Input.dispatchKeyEvent","params":{"modifiers":0,"type":"keyUp","text":"c","windowsVirtualKeyCode":99}}
00:19:24.089 [nioEventLoopGroup-9-1] DEBUG c.i.k.driver.chrome_1752427161506 - << {"id":57,"result":{},"sessionId":"DC143429E0C933F2D50B51EC9726C2CE"}
00:19:24.090 [main] DEBUG c.i.k.driver.chrome_1752427161506 - >> {"id":58,"sessionId":"DC143429E0C933F2D50B51EC9726C2CE","method":"Input.dispatchKeyEvent","params":{"modifiers":0,"type":"rawKeyDown","text":"r","windowsVirtualKeyCode":114}}
00:19:24.092 [nioEventLoopGroup-9-1] DEBUG c.i.k.driver.chrome_1752427161506 - << {"id":58,"result":{},"sessionId":"DC143429E0C933F2D50B51EC9726C2CE"}
00:19:24.092 [main] DEBUG c.i.k.driver.chrome_1752427161506 - >> {"id":59,"sessionId":"DC143429E0C933F2D50B51EC9726C2CE","method":"Input.dispatchKeyEvent","params":{"modifiers":0,"type":"char","text":"r","windowsVirtualKeyCode":114}}
00:19:24.096 [nioEventLoopGroup-9-1] DEBUG c.i.k.driver.chrome_1752427161506 - << {"id":59,"result":{},"sessionId":"DC143429E0C933F2D50B51EC9726C2CE"}
00:19:24.098 [main] DEBUG c.i.k.driver.chrome_1752427161506 - >> {"id":60,"sessionId":"DC143429E0C933F2D50B51EC9726C2CE","method":"Input.dispatchKeyEvent","params":{"modifiers":0,"type":"keyUp","text":"r","windowsVirtualKeyCode":114}}
00:19:24.099 [nioEventLoopGroup-9-1] DEBUG c.i.k.driver.chrome_1752427161506 - << {"id":60,"result":{},"sessionId":"DC143429E0C933F2D50B51EC9726C2CE"}
00:19:24.102 [main] DEBUG c.i.k.driver.chrome_1752427161506 - >> {"id":61,"sessionId":"DC143429E0C933F2D50B51EC9726C2CE","method":"Input.dispatchKeyEvent","params":{"modifiers":0,"type":"rawKeyDown","text":"e","windowsVirtualKeyCode":101}}
00:19:24.111 [nioEventLoopGroup-9-1] DEBUG c.i.k.driver.chrome_1752427161506 - << {"id":61,"result":{},"sessionId":"DC143429E0C933F2D50B51EC9726C2CE"}
00:19:24.111 [main] DEBUG c.i.k.driver.chrome_1752427161506 - >> {"id":62,"sessionId":"DC143429E0C933F2D50B51EC9726C2CE","method":"Input.dispatchKeyEvent","params":{"modifiers":0,"type":"char","text":"e","windowsVirtualKeyCode":101}}
00:19:24.114 [nioEventLoopGroup-9-1] DEBUG c.i.k.driver.chrome_1752427161506 - << {"id":62,"result":{},"sessionId":"DC143429E0C933F2D50B51EC9726C2CE"}
00:19:24.115 [main] DEBUG c.i.k.driver.chrome_1752427161506 - >> {"id":63,"sessionId":"DC143429E0C933F2D50B51EC9726C2CE","method":"Input.dispatchKeyEvent","params":{"modifiers":0,"type":"keyUp","text":"e","windowsVirtualKeyCode":101}}
00:19:24.118 [nioEventLoopGroup-9-1] DEBUG c.i.k.driver.chrome_1752427161506 - << {"id":63,"result":{},"sessionId":"DC143429E0C933F2D50B51EC9726C2CE"}
00:19:24.119 [main] DEBUG c.i.k.driver.chrome_1752427161506 - >> {"id":64,"sessionId":"DC143429E0C933F2D50B51EC9726C2CE","method":"Input.dispatchKeyEvent","params":{"modifiers":0,"type":"rawKeyDown","text":"t","windowsVirtualKeyCode":116}}
00:19:24.121 [nioEventLoopGroup-9-1] DEBUG c.i.k.driver.chrome_1752427161506 - << {"id":64,"result":{},"sessionId":"DC143429E0C933F2D50B51EC9726C2CE"}
00:19:24.122 [main] DEBUG c.i.k.driver.chrome_1752427161506 - >> {"id":65,"sessionId":"DC143429E0C933F2D50B51EC9726C2CE","method":"Input.dispatchKeyEvent","params":{"modifiers":0,"type":"char","text":"t","windowsVirtualKeyCode":116}}
00:19:24.126 [nioEventLoopGroup-9-1] DEBUG c.i.k.driver.chrome_1752427161506 - << {"id":65,"result":{},"sessionId":"DC143429E0C933F2D50B51EC9726C2CE"}
00:19:24.127 [main] DEBUG c.i.k.driver.chrome_1752427161506 - >> {"id":66,"sessionId":"DC143429E0C933F2D50B51EC9726C2CE","method":"Input.dispatchKeyEvent","params":{"modifiers":0,"type":"keyUp","text":"t","windowsVirtualKeyCode":116}}
00:19:24.129 [nioEventLoopGroup-9-1] DEBUG c.i.k.driver.chrome_1752427161506 - << {"id":66,"result":{},"sessionId":"DC143429E0C933F2D50B51EC9726C2CE"}
00:19:24.129 [main] DEBUG c.i.k.driver.chrome_1752427161506 - >> {"id":67,"sessionId":"DC143429E0C933F2D50B51EC9726C2CE","method":"Input.dispatchKeyEvent","params":{"modifiers":0,"type":"rawKeyDown","text":"_","windowsVirtualKeyCode":523}}
00:19:24.131 [nioEventLoopGroup-9-1] DEBUG c.i.k.driver.chrome_1752427161506 - << {"id":67,"result":{},"sessionId":"DC143429E0C933F2D50B51EC9726C2CE"}
00:19:24.134 [main] DEBUG c.i.k.driver.chrome_1752427161506 - >> {"id":68,"sessionId":"DC143429E0C933F2D50B51EC9726C2CE","method":"Input.dispatchKeyEvent","params":{"modifiers":0,"type":"char","text":"_","windowsVirtualKeyCode":523}}
00:19:24.138 [nioEventLoopGroup-9-1] DEBUG c.i.k.driver.chrome_1752427161506 - << {"id":68,"result":{},"sessionId":"DC143429E0C933F2D50B51EC9726C2CE"}
00:19:24.139 [main] DEBUG c.i.k.driver.chrome_1752427161506 - >> {"id":69,"sessionId":"DC143429E0C933F2D50B51EC9726C2CE","method":"Input.dispatchKeyEvent","params":{"modifiers":0,"type":"keyUp","text":"_","windowsVirtualKeyCode":523}}
00:19:24.141 [nioEventLoopGroup-9-1] DEBUG c.i.k.driver.chrome_1752427161506 - << {"id":69,"result":{},"sessionId":"DC143429E0C933F2D50B51EC9726C2CE"}
00:19:24.141 [main] DEBUG c.i.k.driver.chrome_1752427161506 - >> {"id":70,"sessionId":"DC143429E0C933F2D50B51EC9726C2CE","method":"Input.dispatchKeyEvent","params":{"modifiers":0,"type":"rawKeyDown","text":"s","windowsVirtualKeyCode":115}}
00:19:24.142 [nioEventLoopGroup-9-1] DEBUG c.i.k.driver.chrome_1752427161506 - << {"id":70,"result":{},"sessionId":"DC143429E0C933F2D50B51EC9726C2CE"}
00:19:24.143 [main] DEBUG c.i.k.driver.chrome_1752427161506 - >> {"id":71,"sessionId":"DC143429E0C933F2D50B51EC9726C2CE","method":"Input.dispatchKeyEvent","params":{"modifiers":0,"type":"char","text":"s","windowsVirtualKeyCode":115}}
00:19:24.146 [nioEventLoopGroup-9-1] DEBUG c.i.k.driver.chrome_1752427161506 - << {"id":71,"result":{},"sessionId":"DC143429E0C933F2D50B51EC9726C2CE"}
00:19:24.146 [main] DEBUG c.i.k.driver.chrome_1752427161506 - >> {"id":72,"sessionId":"DC143429E0C933F2D50B51EC9726C2CE","method":"Input.dispatchKeyEvent","params":{"modifiers":0,"type":"keyUp","text":"s","windowsVirtualKeyCode":115}}
00:19:24.148 [nioEventLoopGroup-9-1] DEBUG c.i.k.driver.chrome_1752427161506 - << {"id":72,"result":{},"sessionId":"DC143429E0C933F2D50B51EC9726C2CE"}
00:19:24.149 [main] DEBUG c.i.k.driver.chrome_1752427161506 - >> {"id":73,"sessionId":"DC143429E0C933F2D50B51EC9726C2CE","method":"Input.dispatchKeyEvent","params":{"modifiers":0,"type":"rawKeyDown","text":"a","windowsVirtualKeyCode":97}}
00:19:24.156 [nioEventLoopGroup-9-1] DEBUG c.i.k.driver.chrome_1752427161506 - << {"method":"Target.targetCreated","params":{"targetInfo":{"targetId":"7D8F71884B3FD113EB1BD099045378AC","type":"service_worker","title":"Service Worker https://www.saucedemo.com/service-worker.js","url":"https://www.saucedemo.com/service-worker.js","attached":false,"canAccessOpener":false,"browserContextId":"CE1BE597C3F9DB505758A2F9992E31F7"}},"sessionId":"DC143429E0C933F2D50B51EC9726C2CE"}
00:19:24.158 [nioEventLoopGroup-9-1] DEBUG c.i.k.driver.chrome_1752427161506 - << {"id":73,"result":{},"sessionId":"DC143429E0C933F2D50B51EC9726C2CE"}
00:19:24.159 [main] DEBUG c.i.k.driver.chrome_1752427161506 - >> {"id":74,"sessionId":"DC143429E0C933F2D50B51EC9726C2CE","method":"Input.dispatchKeyEvent","params":{"modifiers":0,"type":"char","text":"a","windowsVirtualKeyCode":97}}
00:19:24.159 [nioEventLoopGroup-9-1] DEBUG c.i.k.driver.chrome_1752427161506 - << {"method":"Page.loadEventFired","params":{"timestamp":35106.803024},"sessionId":"DC143429E0C933F2D50B51EC9726C2CE"}
00:19:24.159 [nioEventLoopGroup-9-1] DEBUG c.i.k.driver.chrome_1752427161506 - << {"method":"Page.frameStoppedLoading","params":{"frameId":"1CE682335EAC2E3EE197FCFC1767F700"},"sessionId":"DC143429E0C933F2D50B51EC9726C2CE"}
00:19:24.161 [nioEventLoopGroup-9-1] DEBUG c.i.k.driver.chrome_1752427161506 - << {"id":74,"result":{},"sessionId":"DC143429E0C933F2D50B51EC9726C2CE"}
00:19:24.162 [main] DEBUG c.i.k.driver.chrome_1752427161506 - >> {"id":75,"sessionId":"DC143429E0C933F2D50B51EC9726C2CE","method":"Input.dispatchKeyEvent","params":{"modifiers":0,"type":"keyUp","text":"a","windowsVirtualKeyCode":97}}
00:19:24.163 [nioEventLoopGroup-9-1] DEBUG c.i.k.driver.chrome_1752427161506 - << {"id":75,"result":{},"sessionId":"DC143429E0C933F2D50B51EC9726C2CE"}
00:19:24.164 [main] DEBUG c.i.k.driver.chrome_1752427161506 - >> {"id":76,"sessionId":"DC143429E0C933F2D50B51EC9726C2CE","method":"Input.dispatchKeyEvent","params":{"modifiers":0,"type":"rawKeyDown","text":"u","windowsVirtualKeyCode":117}}
00:19:24.166 [nioEventLoopGroup-9-1] DEBUG c.i.k.driver.chrome_1752427161506 - << {"id":76,"result":{},"sessionId":"DC143429E0C933F2D50B51EC9726C2CE"}
00:19:24.167 [main] DEBUG c.i.k.driver.chrome_1752427161506 - >> {"id":77,"sessionId":"DC143429E0C933F2D50B51EC9726C2CE","method":"Input.dispatchKeyEvent","params":{"modifiers":0,"type":"char","text":"u","windowsVirtualKeyCode":117}}
00:19:24.171 [nioEventLoopGroup-9-1] DEBUG c.i.k.driver.chrome_1752427161506 - << {"id":77,"result":{},"sessionId":"DC143429E0C933F2D50B51EC9726C2CE"}
00:19:24.172 [main] DEBUG c.i.k.driver.chrome_1752427161506 - >> {"id":78,"sessionId":"DC143429E0C933F2D50B51EC9726C2CE","method":"Input.dispatchKeyEvent","params":{"modifiers":0,"type":"keyUp","text":"u","windowsVirtualKeyCode":117}}
00:19:24.176 [nioEventLoopGroup-9-1] DEBUG c.i.k.driver.chrome_1752427161506 - << {"id":78,"result":{},"sessionId":"DC143429E0C933F2D50B51EC9726C2CE"}
00:19:24.177 [main] DEBUG c.i.k.driver.chrome_1752427161506 - >> {"id":79,"sessionId":"DC143429E0C933F2D50B51EC9726C2CE","method":"Input.dispatchKeyEvent","params":{"modifiers":0,"type":"rawKeyDown","text":"c","windowsVirtualKeyCode":99}}
00:19:24.179 [nioEventLoopGroup-9-1] DEBUG c.i.k.driver.chrome_1752427161506 - << {"id":79,"result":{},"sessionId":"DC143429E0C933F2D50B51EC9726C2CE"}
00:19:24.179 [main] DEBUG c.i.k.driver.chrome_1752427161506 - >> {"id":80,"sessionId":"DC143429E0C933F2D50B51EC9726C2CE","method":"Input.dispatchKeyEvent","params":{"modifiers":0,"type":"char","text":"c","windowsVirtualKeyCode":99}}
00:19:24.183 [nioEventLoopGroup-9-1] DEBUG c.i.k.driver.chrome_1752427161506 - << {"id":80,"result":{},"sessionId":"DC143429E0C933F2D50B51EC9726C2CE"}
00:19:24.186 [main] DEBUG c.i.k.driver.chrome_1752427161506 - >> {"id":81,"sessionId":"DC143429E0C933F2D50B51EC9726C2CE","method":"Input.dispatchKeyEvent","params":{"modifiers":0,"type":"keyUp","text":"c","windowsVirtualKeyCode":99}}
00:19:24.189 [nioEventLoopGroup-9-1] DEBUG c.i.k.driver.chrome_1752427161506 - << {"id":81,"result":{},"sessionId":"DC143429E0C933F2D50B51EC9726C2CE"}
00:19:24.189 [main] DEBUG c.i.k.driver.chrome_1752427161506 - >> {"id":82,"sessionId":"DC143429E0C933F2D50B51EC9726C2CE","method":"Input.dispatchKeyEvent","params":{"modifiers":0,"type":"rawKeyDown","text":"e","windowsVirtualKeyCode":101}}
00:19:24.191 [nioEventLoopGroup-9-1] DEBUG c.i.k.driver.chrome_1752427161506 - << {"id":82,"result":{},"sessionId":"DC143429E0C933F2D50B51EC9726C2CE"}
00:19:24.191 [main] DEBUG c.i.k.driver.chrome_1752427161506 - >> {"id":83,"sessionId":"DC143429E0C933F2D50B51EC9726C2CE","method":"Input.dispatchKeyEvent","params":{"modifiers":0,"type":"char","text":"e","windowsVirtualKeyCode":101}}
00:19:24.193 [nioEventLoopGroup-9-1] DEBUG c.i.k.driver.chrome_1752427161506 - << {"id":83,"result":{},"sessionId":"DC143429E0C933F2D50B51EC9726C2CE"}
00:19:24.194 [main] DEBUG c.i.k.driver.chrome_1752427161506 - >> {"id":84,"sessionId":"DC143429E0C933F2D50B51EC9726C2CE","method":"Input.dispatchKeyEvent","params":{"modifiers":0,"type":"keyUp","text":"e","windowsVirtualKeyCode":101}}
00:19:24.195 [nioEventLoopGroup-9-1] DEBUG c.i.k.driver.chrome_1752427161506 - << {"id":84,"result":{},"sessionId":"DC143429E0C933F2D50B51EC9726C2CE"}
00:19:24.197 [main] DEBUG c.i.k.driver.chrome_1752427161506 - >> {"id":85,"sessionId":"DC143429E0C933F2D50B51EC9726C2CE","method":"Runtime.evaluate","params":{"expression":"document.evaluate(\"\/\/*[@id='login-button']\", document, null, 9, null).singleNodeValue.click()","returnByValue":true}}
00:19:24.206 [nioEventLoopGroup-9-1] DEBUG c.i.k.driver.chrome_1752427161506 - << {"method":"Page.frameStartedLoading","params":{"frameId":"1CE682335EAC2E3EE197FCFC1767F700"},"sessionId":"DC143429E0C933F2D50B51EC9726C2CE"}
00:19:24.213 [nioEventLoopGroup-9-1] DEBUG c.i.k.driver.chrome_1752427161506 - << {"method":"Target.targetInfoChanged","params":{"targetInfo":{"targetId":"1CE682335EAC2E3EE197FCFC1767F700","type":"page","title":"Swag Labs","url":"https://www.saucedemo.com/inventory.html","attached":true,"canAccessOpener":false,"browserContextId":"CE1BE597C3F9DB505758A2F9992E31F7"}},"sessionId":"DC143429E0C933F2D50B51EC9726C2CE"}
00:19:24.213 [nioEventLoopGroup-9-1] DEBUG c.i.k.driver.chrome_1752427161506 - << {"method":"Page.navigatedWithinDocument","params":{"frameId":"1CE682335EAC2E3EE197FCFC1767F700","url":"https://www.saucedemo.com/inventory.html","navigationType":"historyApi"},"sessionId":"DC143429E0C933F2D50B51EC9726C2CE"}
00:19:24.213 [nioEventLoopGroup-9-1] DEBUG c.i.k.driver.chrome_1752427161506 - << {"method":"Page.frameStoppedLoading","params":{"frameId":"1CE682335EAC2E3EE197FCFC1767F700"},"sessionId":"DC143429E0C933F2D50B51EC9726C2CE"}
00:19:24.232 [nioEventLoopGroup-9-1] DEBUG c.i.k.driver.chrome_1752427161506 - << {"id":85,"result":{"result":{"type":"undefined"}},"sessionId":"DC143429E0C933F2D50B51EC9726C2CE"}
00:19:24.259 [main] DEBUG c.i.k.driver.chrome_1752427161506 - >> {"id":86,"sessionId":"DC143429E0C933F2D50B51EC9726C2CE","method":"Runtime.evaluate","params":{"expression":"document.location.href","returnByValue":true}}
00:19:24.304 [nioEventLoopGroup-9-1] DEBUG c.i.k.driver.chrome_1752427161506 - << {"id":86,"result":{"result":{"type":"string","value":"https://www.saucedemo.com/inventory.html"}},"sessionId":"DC143429E0C933F2D50B51EC9726C2CE"}
00:19:24.313 [main] INFO  c.intuit.karate.core.FeatureRuntime - classpath:UI/HomePageUI/HomePage.feature - call by tag at line 7: action_sortProducts
00:19:24.335 [main] DEBUG c.intuit.karate.core.ScenarioEngine - over-writing existing variable 'homePage' with new value: read('classpath:UI/HomePageUI/saucedemo-HomePage.json')
00:19:24.340 [main] DEBUG c.i.k.driver.chrome_1752427161506 - >> {"id":87,"sessionId":"DC143429E0C933F2D50B51EC9726C2CE","method":"Runtime.evaluate","params":{"expression":"(document.querySelector(\".product_sort_container\") != null)","returnByValue":true}}
00:19:24.342 [nioEventLoopGroup-9-1] DEBUG c.i.k.driver.chrome_1752427161506 - << {"id":87,"result":{"result":{"type":"boolean","value":true}},"sessionId":"DC143429E0C933F2D50B51EC9726C2CE"}
00:19:24.346 [main] DEBUG c.i.k.driver.chrome_1752427161506 - >> {"id":88,"sessionId":"DC143429E0C933F2D50B51EC9726C2CE","method":"Runtime.evaluate","params":{"expression":"(function(){ var fun = e => { e.value = 'hilo'; e.dispatchEvent(new Event('change', { bubbles: true })) }; var e = document.querySelector(\".product_sort_container\"); return fun(e) })()","returnByValue":true}}
00:19:24.356 [nioEventLoopGroup-9-1] DEBUG c.i.k.driver.chrome_1752427161506 - << {"id":88,"result":{"result":{"type":"undefined"}},"sessionId":"DC143429E0C933F2D50B51EC9726C2CE"}
00:19:24.420 [main] DEBUG c.i.k.driver.chrome_1752427161506 - >> {"id":89,"sessionId":"DC143429E0C933F2D50B51EC9726C2CE","method":"Runtime.evaluate","params":{"expression":"(function(){ var res = []; var fun = e => e.innerText; var es = document.querySelectorAll(\".inventory_item_name\"); es.forEach(function(e){ res.push(fun(e)) }); return res })()","returnByValue":true}}
00:19:24.423 [nioEventLoopGroup-9-1] DEBUG c.i.k.driver.chrome_1752427161506 - << {"id":89,"result":{"result":{"type":"object","value":["Sauce Labs Fleece Jacket","Sauce Labs Backpack","Sauce Labs Bolt T-Shirt","Test.allTheThings() T-Shirt (Red)","Sauce Labs Bike Light","Sauce Labs Onesie"]}},"sessionId":"DC143429E0C933F2D50B51EC9726C2CE"}
Sauce Labs Fleece Jacket,Sauce Labs Backpack,Sauce Labs Bolt T-Shirt,Test.allTheThings() T-Shirt (Red),Sauce Labs Bike Light,Sauce Labs Onesie
Sauce Labs Fleece Jacket
Sauce Labs Onesie
00:19:24.431 [main] DEBUG c.i.k.driver.chrome_1752427161506 - >> {"id":90,"sessionId":"DC143429E0C933F2D50B51EC9726C2CE","method":"Target.closeTarget","params":{"targetId":"1CE682335EAC2E3EE197FCFC1767F700"}}
00:19:24.432 [nioEventLoopGroup-9-1] DEBUG c.i.k.http.WebSocketClientHandler - websocket closing
00:19:24.432 [nioEventLoopGroup-9-1] DEBUG c.i.k.http.WebSocketClientHandler - websocket client disconnected
00:19:24.439 [main] DEBUG com.intuit.karate.shell.Command - closing command: chrome_1752427161506
00:19:24.455 [main] INFO  com.intuit.karate - karate.env system property was: null 
00:19:24.461 [main] DEBUG com.intuit.karate.shell.Command - found / verified free local port: 65067
00:19:24.461 [main] WARN  c.intuit.karate.driver.DriverOptions - preferred port 9222 not available, will use: 65067
00:19:24.463 [main] DEBUG c.i.k.driver.chrome_1752427164460 - poll attempt #0 for port to be ready - localhost:65067
00:19:24.464 [chrome_1752427164460] DEBUG c.i.k.driver.chrome_1752427164460 - command: [C:\Program Files\Google\Chrome\Application\chrome.exe, --remote-debugging-port=65067, --remote-allow-origins=*, --no-first-run, --user-data-dir=E:\Duy\Projects\practices\karate_framework\demo\target\chrome_1752427164460, --disable-popup-blocking, --disable-features=PasswordManager, --incognito], working dir: target\chrome_1752427164460
00:19:24.636 [chrome_1752427161506] WARN  com.intuit.karate.shell.Command - exit code was non-zero: 1 - [C:\Program Files\Google\Chrome\Application\chrome.exe, --remote-debugging-port=65033, --remote-allow-origins=*, --no-first-run, --user-data-dir=E:\Duy\Projects\practices\karate_framework\demo\target\chrome_1752427161506, --disable-popup-blocking, --disable-features=PasswordManager, --incognito] working dir: target\chrome_1752427161506
00:19:24.720 [main] DEBUG c.i.k.driver.chrome_1752427164460 - poll attempt #1 for port to be ready - localhost:65067
00:19:24.855 [chrome_1752427164460-out] DEBUG c.i.k.driver.chrome_1752427164460 - 
00:19:24.855 [chrome_1752427164460-out] DEBUG c.i.k.driver.chrome_1752427164460 - DevTools listening on ws://127.0.0.1:65067/devtools/browser/2678f621-9837-41ae-bdb3-c2f61838645f
00:19:24.974 [main] DEBUG c.i.k.driver.chrome_1752427164460 - poll attempt #2 for port to be ready - localhost:65067
00:19:25.022 [main] DEBUG com.intuit.karate - request:
1 > GET http://localhost:65067/json
1 > Host: localhost:65067
1 > Connection: Keep-Alive
1 > User-Agent: Apache-HttpClient/4.5.14 (Java/21.0.7)
1 > Accept-Encoding: gzip,deflate


00:19:25.052 [main] DEBUG com.intuit.karate - response time in milliseconds: 30
1 < 200
1 < Content-Security-Policy: frame-ancestors 'none'
1 < Content-Length: 1522
1 < Content-Type: application/json; charset=UTF-8
[ {
   "description": "",
   "devtoolsFrontendUrl": "https://chrome-devtools-frontend.appspot.com/serve_rev/@a2159ad9ab8037bd34a21b9903003e0964c2075b/inspector.html?ws=localhost:65067/devtools/page/C59B71B57AF6E8C406A6A176DD9BC102",
   "id": "C59B71B57AF6E8C406A6A176DD9BC102",
   "title": "Google Hangouts",
   "type": "background_page",
   "url": "chrome-extension://nkeimhogjdpnpccoofpliimaahmaaome/background.html",
   "webSocketDebuggerUrl": "ws://localhost:65067/devtools/page/C59B71B57AF6E8C406A6A176DD9BC102"
}, {
   "description": "",
   "devtoolsFrontendUrl": "https://chrome-devtools-frontend.appspot.com/serve_rev/@a2159ad9ab8037bd34a21b9903003e0964c2075b/inspector.html?ws=localhost:65067/devtools/page/A194641B729FAA0436D466820DF691C1",
   "id": "A194641B729FAA0436D466820DF691C1",
   "title": "Google Hangouts",
   "type": "background_page",
   "url": "chrome-extension://nkeimhogjdpnpccoofpliimaahmaaome/background.html",
   "webSocketDebuggerUrl": "ws://localhost:65067/devtools/page/A194641B729FAA0436D466820DF691C1"
}, {
   "description": "",
   "devtoolsFrontendUrl": "https://chrome-devtools-frontend.appspot.com/serve_rev/@a2159ad9ab8037bd34a21b9903003e0964c2075b/inspector.html?ws=localhost:65067/devtools/page/710BB3B7E80D22A0891E0FFA069F0AEE",
   "id": "710BB3B7E80D22A0891E0FFA069F0AEE",
   "title": "New Incognito Tab",
   "type": "page",
   "url": "chrome://newtab/",
   "webSocketDebuggerUrl": "ws://localhost:65067/devtools/page/710BB3B7E80D22A0891E0FFA069F0AEE"
} ]


00:19:25.053 [main] DEBUG com.intuit.karate.shell.Command - ready to accept http connections after 69 ms - http://localhost:65067/json
00:19:25.055 [main] DEBUG com.intuit.karate - request:
1 > GET http://localhost:65067/json
1 > Host: localhost:65067
1 > Connection: Keep-Alive
1 > User-Agent: Apache-HttpClient/4.5.14 (Java/21.0.7)
1 > Accept-Encoding: gzip,deflate


00:19:25.071 [main] DEBUG com.intuit.karate - response time in milliseconds: 15
1 < 200
1 < Content-Security-Policy: frame-ancestors 'none'
1 < Content-Length: 1522
1 < Content-Type: application/json; charset=UTF-8
[ {
   "description": "",
   "devtoolsFrontendUrl": "https://chrome-devtools-frontend.appspot.com/serve_rev/@a2159ad9ab8037bd34a21b9903003e0964c2075b/inspector.html?ws=localhost:65067/devtools/page/C59B71B57AF6E8C406A6A176DD9BC102",
   "id": "C59B71B57AF6E8C406A6A176DD9BC102",
   "title": "Google Hangouts",
   "type": "background_page",
   "url": "chrome-extension://nkeimhogjdpnpccoofpliimaahmaaome/background.html",
   "webSocketDebuggerUrl": "ws://localhost:65067/devtools/page/C59B71B57AF6E8C406A6A176DD9BC102"
}, {
   "description": "",
   "devtoolsFrontendUrl": "https://chrome-devtools-frontend.appspot.com/serve_rev/@a2159ad9ab8037bd34a21b9903003e0964c2075b/inspector.html?ws=localhost:65067/devtools/page/A194641B729FAA0436D466820DF691C1",
   "id": "A194641B729FAA0436D466820DF691C1",
   "title": "Google Hangouts",
   "type": "background_page",
   "url": "chrome-extension://nkeimhogjdpnpccoofpliimaahmaaome/background.html",
   "webSocketDebuggerUrl": "ws://localhost:65067/devtools/page/A194641B729FAA0436D466820DF691C1"
}, {
   "description": "",
   "devtoolsFrontendUrl": "https://chrome-devtools-frontend.appspot.com/serve_rev/@a2159ad9ab8037bd34a21b9903003e0964c2075b/inspector.html?ws=localhost:65067/devtools/page/710BB3B7E80D22A0891E0FFA069F0AEE",
   "id": "710BB3B7E80D22A0891E0FFA069F0AEE",
   "title": "New Incognito Tab",
   "type": "page",
   "url": "chrome://newtab/",
   "webSocketDebuggerUrl": "ws://localhost:65067/devtools/page/710BB3B7E80D22A0891E0FFA069F0AEE"
} ]


00:19:25.071 [main] DEBUG c.i.k.driver.chrome_1752427164460 - root frame id: 710BB3B7E80D22A0891E0FFA069F0AEE
00:19:25.123 [nioEventLoopGroup-10-1] DEBUG c.i.k.http.WebSocketClientHandler - websocket client connected
00:19:25.123 [main] DEBUG c.i.k.driver.chrome_1752427164460 - >> {"id":1,"method":"Target.attachToTarget","params":{"targetId":"710BB3B7E80D22A0891E0FFA069F0AEE","flatten":true}}
00:19:25.127 [nioEventLoopGroup-10-1] DEBUG c.i.k.driver.chrome_1752427164460 - << {"method":"Target.attachedToTarget","params":{"sessionId":"B79D3961D1F8A9753416737C5FF91814","targetInfo":{"targetId":"710BB3B7E80D22A0891E0FFA069F0AEE","type":"page","title":"New Incognito Tab","url":"chrome://newtab/","attached":true,"canAccessOpener":false,"browserContextId":"55BE54119412DF279692A764A92D7D7E"},"waitingForDebugger":false}}
00:19:25.127 [nioEventLoopGroup-10-1] DEBUG c.i.k.driver.chrome_1752427164460 - << {"id":1,"result":{"sessionId":"B79D3961D1F8A9753416737C5FF91814"}}
00:19:25.128 [main] DEBUG c.i.k.driver.chrome_1752427164460 - >> {"id":2,"sessionId":"B79D3961D1F8A9753416737C5FF91814","method":"Target.activateTarget","params":{"targetId":"710BB3B7E80D22A0891E0FFA069F0AEE"}}
00:19:25.139 [nioEventLoopGroup-10-1] DEBUG c.i.k.driver.chrome_1752427164460 - << {"id":2,"result":{},"sessionId":"B79D3961D1F8A9753416737C5FF91814"}
00:19:25.146 [main] DEBUG c.i.k.driver.chrome_1752427164460 - >> {"id":3,"sessionId":"B79D3961D1F8A9753416737C5FF91814","method":"Target.setDiscoverTargets","params":{"discover":true}}
00:19:25.147 [nioEventLoopGroup-10-1] DEBUG c.i.k.driver.chrome_1752427164460 - << {"method":"Target.targetCreated","params":{"targetInfo":{"targetId":"710BB3B7E80D22A0891E0FFA069F0AEE","type":"page","title":"New Incognito Tab","url":"chrome://newtab/","attached":true,"canAccessOpener":false,"browserContextId":"55BE54119412DF279692A764A92D7D7E"}},"sessionId":"B79D3961D1F8A9753416737C5FF91814"}
00:19:25.148 [nioEventLoopGroup-10-1] DEBUG c.i.k.driver.chrome_1752427164460 - << {"method":"Target.targetCreated","params":{"targetInfo":{"targetId":"A194641B729FAA0436D466820DF691C1","type":"background_page","title":"Google Hangouts","url":"chrome-extension://nkeimhogjdpnpccoofpliimaahmaaome/background.html","attached":false,"canAccessOpener":false,"browserContextId":"4CE2C33314E79E6BCA398D9F4B890FB4"}},"sessionId":"B79D3961D1F8A9753416737C5FF91814"}
00:19:25.148 [nioEventLoopGroup-10-1] DEBUG c.i.k.driver.chrome_1752427164460 - << {"method":"Target.targetCreated","params":{"targetInfo":{"targetId":"C59B71B57AF6E8C406A6A176DD9BC102","type":"background_page","title":"Google Hangouts","url":"chrome-extension://nkeimhogjdpnpccoofpliimaahmaaome/background.html","attached":false,"canAccessOpener":false,"browserContextId":"55BE54119412DF279692A764A92D7D7E"}},"sessionId":"B79D3961D1F8A9753416737C5FF91814"}
00:19:25.148 [nioEventLoopGroup-10-1] DEBUG c.i.k.driver.chrome_1752427164460 - << {"id":3,"result":{},"sessionId":"B79D3961D1F8A9753416737C5FF91814"}
00:19:25.157 [main] DEBUG c.i.k.driver.chrome_1752427164460 - >> {"id":4,"sessionId":"B79D3961D1F8A9753416737C5FF91814","method":"Page.enable"}
00:19:25.219 [nioEventLoopGroup-10-1] DEBUG c.i.k.driver.chrome_1752427164460 - << {"method":"Target.targetInfoChanged","params":{"targetInfo":{"targetId":"C59B71B57AF6E8C406A6A176DD9BC102","type":"background_page","title":"Google Hangouts","url":"chrome-extension://nkeimhogjdpnpccoofpliimaahmaaome/background.html","attached":false,"canAccessOpener":false,"browserContextId":"55BE54119412DF279692A764A92D7D7E"}},"sessionId":"B79D3961D1F8A9753416737C5FF91814"}
00:19:25.271 [nioEventLoopGroup-10-1] DEBUG c.i.k.driver.chrome_1752427164460 - << {"method":"Target.targetInfoChanged","params":{"targetInfo":{"targetId":"A194641B729FAA0436D466820DF691C1","type":"background_page","title":"Google Hangouts","url":"chrome-extension://nkeimhogjdpnpccoofpliimaahmaaome/background.html","attached":false,"canAccessOpener":false,"browserContextId":"4CE2C33314E79E6BCA398D9F4B890FB4"}},"sessionId":"B79D3961D1F8A9753416737C5FF91814"}
00:19:25.330 [nioEventLoopGroup-10-1] DEBUG c.i.k.driver.chrome_1752427164460 - << {"method":"Target.targetInfoChanged","params":{"targetInfo":{"targetId":"710BB3B7E80D22A0891E0FFA069F0AEE","type":"page","title":"New Incognito Tab","url":"chrome://newtab/","attached":true,"canAccessOpener":false,"browserContextId":"55BE54119412DF279692A764A92D7D7E"}},"sessionId":"B79D3961D1F8A9753416737C5FF91814"}
00:19:25.340 [nioEventLoopGroup-10-1] DEBUG c.i.k.driver.chrome_1752427164460 - << {"id":4,"result":{},"sessionId":"B79D3961D1F8A9753416737C5FF91814"}
00:19:25.340 [main] DEBUG c.i.k.driver.chrome_1752427164460 - >> {"id":5,"sessionId":"B79D3961D1F8A9753416737C5FF91814","method":"Runtime.enable"}
00:19:25.347 [nioEventLoopGroup-10-1] DEBUG c.i.k.driver.chrome_1752427164460 - << {"method":"Runtime.executionContextCreated","params":{"context":{"id":1,"origin":"chrome://newtab","name":"","uniqueId":"-6472688182425592909.6664761325798103556","auxData":{"isDefault":true,"type":"default","frameId":"710BB3B7E80D22A0891E0FFA069F0AEE"}}},"sessionId":"B79D3961D1F8A9753416737C5FF91814"}
00:19:25.347 [nioEventLoopGroup-10-1] DEBUG c.i.k.driver.chrome_1752427164460 - << {"id":5,"result":{},"sessionId":"B79D3961D1F8A9753416737C5FF91814"}
00:19:25.347 [main] DEBUG c.i.k.driver.chrome_1752427164460 - >> {"id":6,"sessionId":"B79D3961D1F8A9753416737C5FF91814","method":"Browser.getWindowForTarget","params":{"targetId":"710BB3B7E80D22A0891E0FFA069F0AEE"}}
00:19:25.349 [nioEventLoopGroup-10-1] DEBUG c.i.k.driver.chrome_1752427164460 - << {"id":6,"result":{"windowId":2001885267,"bounds":{"left":10,"top":10,"width":945,"height":1060,"windowState":"normal"}},"sessionId":"B79D3961D1F8A9753416737C5FF91814"}
00:19:25.358 [main] DEBUG c.i.k.driver.chrome_1752427164460 - >> {"id":7,"sessionId":"B79D3961D1F8A9753416737C5FF91814","method":"Page.navigate","params":{"url":"https:\/\/saucedemo.com\/"}}
00:19:25.366 [nioEventLoopGroup-10-1] DEBUG c.i.k.driver.chrome_1752427164460 - << {"method":"Page.frameStartedNavigating","params":{"frameId":"710BB3B7E80D22A0891E0FFA069F0AEE","url":"https://saucedemo.com/","loaderId":"D3DA0BD287E78807C5044926B11C34C7","navigationType":"differentDocument"},"sessionId":"B79D3961D1F8A9753416737C5FF91814"}
00:19:25.367 [nioEventLoopGroup-10-1] DEBUG c.i.k.driver.chrome_1752427164460 - << {"method":"Page.frameStartedLoading","params":{"frameId":"710BB3B7E80D22A0891E0FFA069F0AEE"},"sessionId":"B79D3961D1F8A9753416737C5FF91814"}
00:19:25.388 [nioEventLoopGroup-10-1] DEBUG c.i.k.driver.chrome_1752427164460 - << {"method":"Page.domContentEventFired","params":{"timestamp":35108.032525},"sessionId":"B79D3961D1F8A9753416737C5FF91814"}
00:19:25.390 [main] INFO  c.intuit.karate.core.FeatureRuntime - classpath:UI/LoginUI/LoginPage.feature - call by tag at line 7: action_attemptLogin
00:19:25.410 [main] DEBUG c.i.k.driver.chrome_1752427164460 - >> {"id":8,"sessionId":"B79D3961D1F8A9753416737C5FF91814","method":"Runtime.evaluate","params":{"expression":"var e = document.evaluate(\"\/\/*[@id='user-name']\", document, null, 9, null).singleNodeValue; e.focus(); try { e.selectionStart = e.selectionEnd = e.value.length } catch(x) {}","returnByValue":true}}
00:19:25.468 [nioEventLoopGroup-10-1] DEBUG c.i.k.driver.chrome_1752427164460 - << {"method":"Page.loadEventFired","params":{"timestamp":35108.118866},"sessionId":"B79D3961D1F8A9753416737C5FF91814"}
00:19:25.469 [nioEventLoopGroup-10-1] DEBUG c.i.k.driver.chrome_1752427164460 - << {"method":"Page.frameStartedLoading","params":{"frameId":"710BB3B7E80D22A0891E0FFA069F0AEE"},"sessionId":"B79D3961D1F8A9753416737C5FF91814"}
00:19:25.555 [nioEventLoopGroup-10-1] DEBUG c.i.k.driver.chrome_1752427164460 - << {"id":7,"result":{"frameId":"710BB3B7E80D22A0891E0FFA069F0AEE","loaderId":"D3DA0BD287E78807C5044926B11C34C7"},"sessionId":"B79D3961D1F8A9753416737C5FF91814"}
00:19:25.558 [nioEventLoopGroup-10-1] DEBUG c.i.k.driver.chrome_1752427164460 - << {"method":"Runtime.executionContextsCleared","params":{},"sessionId":"B79D3961D1F8A9753416737C5FF91814"}
00:19:25.560 [nioEventLoopGroup-10-1] DEBUG c.i.k.driver.chrome_1752427164460 - << {"method":"Runtime.executionContextsCleared","params":{},"sessionId":"B79D3961D1F8A9753416737C5FF91814"}
00:19:25.560 [nioEventLoopGroup-10-1] DEBUG c.i.k.driver.chrome_1752427164460 - << {"method":"Page.frameNavigated","params":{"frame":{"id":"710BB3B7E80D22A0891E0FFA069F0AEE","loaderId":"D3DA0BD287E78807C5044926B11C34C7","url":"https://www.saucedemo.com/","domainAndRegistry":"saucedemo.com","securityOrigin":"https://www.saucedemo.com","securityOriginDetails":{"isLocalhost":false},"mimeType":"text/html","adFrameStatus":{"adFrameType":"none"},"secureContextType":"Secure","crossOriginIsolatedContextType":"NotIsolated","gatedAPIFeatures":[]},"type":"Navigation"},"sessionId":"B79D3961D1F8A9753416737C5FF91814"}
00:19:25.574 [nioEventLoopGroup-10-1] DEBUG c.i.k.driver.chrome_1752427164460 - << {"method":"Target.targetInfoChanged","params":{"targetInfo":{"targetId":"710BB3B7E80D22A0891E0FFA069F0AEE","type":"page","title":"saucedemo.com","url":"https://www.saucedemo.com/","attached":true,"canAccessOpener":false,"browserContextId":"55BE54119412DF279692A764A92D7D7E"}},"sessionId":"B79D3961D1F8A9753416737C5FF91814"}
00:19:25.583 [nioEventLoopGroup-10-1] DEBUG c.i.k.driver.chrome_1752427164460 - << {"method":"Runtime.executionContextCreated","params":{"context":{"id":1,"origin":"https://www.saucedemo.com","name":"","uniqueId":"-2455541959990564369.3570794083077749056","auxData":{"isDefault":true,"type":"default","frameId":"710BB3B7E80D22A0891E0FFA069F0AEE"}}},"sessionId":"B79D3961D1F8A9753416737C5FF91814"}
00:19:25.589 [nioEventLoopGroup-10-1] DEBUG c.i.k.driver.chrome_1752427164460 - << {"id":8,"result":{"result":{"type":"object","subtype":"error","className":"TypeError","description":"TypeError: Cannot read properties of null (reading 'focus')\n    at <anonymous>:1:95","objectId":"8060201554173058442.1.1"},"exceptionDetails":{"exceptionId":1,"text":"Uncaught","lineNumber":0,"columnNumber":94,"scriptId":"6","stackTrace":{"callFrames":[{"functionName":"","scriptId":"6","url":"","lineNumber":0,"columnNumber":94}]},"exception":{"type":"object","subtype":"error","className":"TypeError","description":"TypeError: Cannot read properties of null (reading 'focus')\n    at <anonymous>:1:95","objectId":"8060201554173058442.1.2"}}},"sessionId":"B79D3961D1F8A9753416737C5FF91814"}
00:19:25.589 [nioEventLoopGroup-10-1] WARN  c.i.k.driver.chrome_1752427164460 - devtools error: [id: 8, sessionId: B79D3961D1F8A9753416737C5FF91814, result: [type: MAP, value: {type=object, subtype=error, className=TypeError, description=TypeError: Cannot read properties of null (reading 'focus')
    at <anonymous>:1:95, objectId=8060201554173058442.1.1}]]
00:19:25.590 [main] WARN  c.i.k.driver.chrome_1752427164460 - js eval failed once:var e = document.evaluate("//*[@id='user-name']", document, null, 9, null).singleNodeValue; e.focus(); try { e.selectionStart = e.selectionEnd = e.value.length } catch(x) {}, error: [type: MAP, value: {type=object, subtype=error, className=TypeError, description=TypeError: Cannot read properties of null (reading 'focus')
    at <anonymous>:1:95, objectId=8060201554173058442.1.1}]
00:19:26.913 [nioEventLoopGroup-10-1] DEBUG c.i.k.driver.chrome_1752427164460 - << {"method":"Page.domContentEventFired","params":{"timestamp":35109.526567},"sessionId":"B79D3961D1F8A9753416737C5FF91814"}
00:19:26.933 [nioEventLoopGroup-10-1] DEBUG c.i.k.driver.chrome_1752427164460 - << {"method":"Target.targetCreated","params":{"targetInfo":{"targetId":"A5264D676B127FF34807565DC4952F7C","type":"service_worker","title":"Service Worker chrome-extension://fignfifoniblkonapihmkfakmlgkbkcf/service_worker.js","url":"chrome-extension://fignfifoniblkonapihmkfakmlgkbkcf/service_worker.js","attached":false,"canAccessOpener":false,"browserContextId":"4CE2C33314E79E6BCA398D9F4B890FB4"}},"sessionId":"B79D3961D1F8A9753416737C5FF91814"}
00:19:27.221 [nioEventLoopGroup-10-1] DEBUG c.i.k.driver.chrome_1752427164460 - << {"method":"Target.targetCreated","params":{"targetInfo":{"targetId":"4981019062F5BF1CEFD2FE5470D6A04E","type":"service_worker","title":"Service Worker https://www.saucedemo.com/service-worker.js","url":"https://www.saucedemo.com/service-worker.js","attached":false,"canAccessOpener":false,"browserContextId":"55BE54119412DF279692A764A92D7D7E"}},"sessionId":"B79D3961D1F8A9753416737C5FF91814"}
00:19:27.240 [nioEventLoopGroup-10-1] DEBUG c.i.k.driver.chrome_1752427164460 - << {"method":"Page.loadEventFired","params":{"timestamp":35109.866113},"sessionId":"B79D3961D1F8A9753416737C5FF91814"}
00:19:27.241 [nioEventLoopGroup-10-1] DEBUG c.i.k.driver.chrome_1752427164460 - << {"method":"Page.frameStoppedLoading","params":{"frameId":"710BB3B7E80D22A0891E0FFA069F0AEE"},"sessionId":"B79D3961D1F8A9753416737C5FF91814"}
00:19:27.956 [nioEventLoopGroup-10-1] DEBUG c.i.k.driver.chrome_1752427164460 - << {"method":"Runtime.consoleAPICalled","params":{"type":"log","args":[{"type":"string","value":"Content is cached for offline use."}],"executionContextId":1,"timestamp":1.752427167955609e+12,"stackTrace":{"callFrames":[{"functionName":"console.<computed>","scriptId":"7","url":"https://www.saucedemo.com/static/js/2.84a5cbf3.chunk.js","lineNumber":1,"columnNumber":123015},{"functionName":"a.onstatechange","scriptId":"8","url":"https://www.saucedemo.com/static/js/main.018d2d1e.chunk.js","lineNumber":0,"columnNumber":58496}]}},"sessionId":"B79D3961D1F8A9753416737C5FF91814"}
00:19:27.957 [nioEventLoopGroup-10-1] DEBUG c.i.k.driver.chrome_1752427164460 - [console] Content is cached for offline use.
00:19:28.604 [main] DEBUG c.i.k.driver.chrome_1752427164460 - >> {"id":9,"sessionId":"B79D3961D1F8A9753416737C5FF91814","method":"Runtime.evaluate","params":{"expression":"var e = document.evaluate(\"\/\/*[@id='user-name']\", document, null, 9, null).singleNodeValue; e.focus(); try { e.selectionStart = e.selectionEnd = e.value.length } catch(x) {}","returnByValue":true}}
00:19:28.610 [nioEventLoopGroup-10-1] DEBUG c.i.k.driver.chrome_1752427164460 - << {"id":9,"result":{"result":{"type":"number","value":0,"description":"0"}},"sessionId":"B79D3961D1F8A9753416737C5FF91814"}
00:19:28.611 [main] DEBUG c.i.k.driver.chrome_1752427164460 - >> {"id":10,"sessionId":"B79D3961D1F8A9753416737C5FF91814","method":"Input.dispatchKeyEvent","params":{"modifiers":0,"type":"rawKeyDown","text":"s","windowsVirtualKeyCode":115}}
00:19:28.614 [nioEventLoopGroup-10-1] DEBUG c.i.k.driver.chrome_1752427164460 - << {"id":10,"result":{},"sessionId":"B79D3961D1F8A9753416737C5FF91814"}
00:19:28.615 [main] DEBUG c.i.k.driver.chrome_1752427164460 - >> {"id":11,"sessionId":"B79D3961D1F8A9753416737C5FF91814","method":"Input.dispatchKeyEvent","params":{"modifiers":0,"type":"char","text":"s","windowsVirtualKeyCode":115}}
00:19:28.617 [nioEventLoopGroup-10-1] DEBUG c.i.k.driver.chrome_1752427164460 - << {"id":11,"result":{},"sessionId":"B79D3961D1F8A9753416737C5FF91814"}
00:19:28.617 [main] DEBUG c.i.k.driver.chrome_1752427164460 - >> {"id":12,"sessionId":"B79D3961D1F8A9753416737C5FF91814","method":"Input.dispatchKeyEvent","params":{"modifiers":0,"type":"keyUp","text":"s","windowsVirtualKeyCode":115}}
00:19:28.619 [nioEventLoopGroup-10-1] DEBUG c.i.k.driver.chrome_1752427164460 - << {"id":12,"result":{},"sessionId":"B79D3961D1F8A9753416737C5FF91814"}
00:19:28.620 [main] DEBUG c.i.k.driver.chrome_1752427164460 - >> {"id":13,"sessionId":"B79D3961D1F8A9753416737C5FF91814","method":"Input.dispatchKeyEvent","params":{"modifiers":0,"type":"rawKeyDown","text":"t","windowsVirtualKeyCode":116}}
00:19:28.622 [nioEventLoopGroup-10-1] DEBUG c.i.k.driver.chrome_1752427164460 - << {"id":13,"result":{},"sessionId":"B79D3961D1F8A9753416737C5FF91814"}
00:19:28.622 [main] DEBUG c.i.k.driver.chrome_1752427164460 - >> {"id":14,"sessionId":"B79D3961D1F8A9753416737C5FF91814","method":"Input.dispatchKeyEvent","params":{"modifiers":0,"type":"char","text":"t","windowsVirtualKeyCode":116}}
00:19:28.624 [nioEventLoopGroup-10-1] DEBUG c.i.k.driver.chrome_1752427164460 - << {"id":14,"result":{},"sessionId":"B79D3961D1F8A9753416737C5FF91814"}
00:19:28.624 [main] DEBUG c.i.k.driver.chrome_1752427164460 - >> {"id":15,"sessionId":"B79D3961D1F8A9753416737C5FF91814","method":"Input.dispatchKeyEvent","params":{"modifiers":0,"type":"keyUp","text":"t","windowsVirtualKeyCode":116}}
00:19:28.626 [nioEventLoopGroup-10-1] DEBUG c.i.k.driver.chrome_1752427164460 - << {"id":15,"result":{},"sessionId":"B79D3961D1F8A9753416737C5FF91814"}
00:19:28.626 [main] DEBUG c.i.k.driver.chrome_1752427164460 - >> {"id":16,"sessionId":"B79D3961D1F8A9753416737C5FF91814","method":"Input.dispatchKeyEvent","params":{"modifiers":0,"type":"rawKeyDown","text":"a","windowsVirtualKeyCode":97}}
00:19:28.628 [nioEventLoopGroup-10-1] DEBUG c.i.k.driver.chrome_1752427164460 - << {"id":16,"result":{},"sessionId":"B79D3961D1F8A9753416737C5FF91814"}
00:19:28.628 [main] DEBUG c.i.k.driver.chrome_1752427164460 - >> {"id":17,"sessionId":"B79D3961D1F8A9753416737C5FF91814","method":"Input.dispatchKeyEvent","params":{"modifiers":0,"type":"char","text":"a","windowsVirtualKeyCode":97}}
00:19:28.630 [nioEventLoopGroup-10-1] DEBUG c.i.k.driver.chrome_1752427164460 - << {"id":17,"result":{},"sessionId":"B79D3961D1F8A9753416737C5FF91814"}
00:19:28.631 [main] DEBUG c.i.k.driver.chrome_1752427164460 - >> {"id":18,"sessionId":"B79D3961D1F8A9753416737C5FF91814","method":"Input.dispatchKeyEvent","params":{"modifiers":0,"type":"keyUp","text":"a","windowsVirtualKeyCode":97}}
00:19:28.635 [nioEventLoopGroup-10-1] DEBUG c.i.k.driver.chrome_1752427164460 - << {"id":18,"result":{},"sessionId":"B79D3961D1F8A9753416737C5FF91814"}
00:19:28.636 [main] DEBUG c.i.k.driver.chrome_1752427164460 - >> {"id":19,"sessionId":"B79D3961D1F8A9753416737C5FF91814","method":"Input.dispatchKeyEvent","params":{"modifiers":0,"type":"rawKeyDown","text":"n","windowsVirtualKeyCode":110}}
00:19:28.638 [nioEventLoopGroup-10-1] DEBUG c.i.k.driver.chrome_1752427164460 - << {"id":19,"result":{},"sessionId":"B79D3961D1F8A9753416737C5FF91814"}
00:19:28.639 [main] DEBUG c.i.k.driver.chrome_1752427164460 - >> {"id":20,"sessionId":"B79D3961D1F8A9753416737C5FF91814","method":"Input.dispatchKeyEvent","params":{"modifiers":0,"type":"char","text":"n","windowsVirtualKeyCode":110}}
00:19:28.641 [nioEventLoopGroup-10-1] DEBUG c.i.k.driver.chrome_1752427164460 - << {"id":20,"result":{},"sessionId":"B79D3961D1F8A9753416737C5FF91814"}
00:19:28.641 [main] DEBUG c.i.k.driver.chrome_1752427164460 - >> {"id":21,"sessionId":"B79D3961D1F8A9753416737C5FF91814","method":"Input.dispatchKeyEvent","params":{"modifiers":0,"type":"keyUp","text":"n","windowsVirtualKeyCode":110}}
00:19:28.643 [nioEventLoopGroup-10-1] DEBUG c.i.k.driver.chrome_1752427164460 - << {"id":21,"result":{},"sessionId":"B79D3961D1F8A9753416737C5FF91814"}
00:19:28.643 [main] DEBUG c.i.k.driver.chrome_1752427164460 - >> {"id":22,"sessionId":"B79D3961D1F8A9753416737C5FF91814","method":"Input.dispatchKeyEvent","params":{"modifiers":0,"type":"rawKeyDown","text":"d","windowsVirtualKeyCode":100}}
00:19:28.644 [nioEventLoopGroup-10-1] DEBUG c.i.k.driver.chrome_1752427164460 - << {"id":22,"result":{},"sessionId":"B79D3961D1F8A9753416737C5FF91814"}
00:19:28.645 [main] DEBUG c.i.k.driver.chrome_1752427164460 - >> {"id":23,"sessionId":"B79D3961D1F8A9753416737C5FF91814","method":"Input.dispatchKeyEvent","params":{"modifiers":0,"type":"char","text":"d","windowsVirtualKeyCode":100}}
00:19:28.646 [nioEventLoopGroup-10-1] DEBUG c.i.k.driver.chrome_1752427164460 - << {"id":23,"result":{},"sessionId":"B79D3961D1F8A9753416737C5FF91814"}
00:19:28.647 [main] DEBUG c.i.k.driver.chrome_1752427164460 - >> {"id":24,"sessionId":"B79D3961D1F8A9753416737C5FF91814","method":"Input.dispatchKeyEvent","params":{"modifiers":0,"type":"keyUp","text":"d","windowsVirtualKeyCode":100}}
00:19:28.651 [nioEventLoopGroup-10-1] DEBUG c.i.k.driver.chrome_1752427164460 - << {"id":24,"result":{},"sessionId":"B79D3961D1F8A9753416737C5FF91814"}
00:19:28.652 [main] DEBUG c.i.k.driver.chrome_1752427164460 - >> {"id":25,"sessionId":"B79D3961D1F8A9753416737C5FF91814","method":"Input.dispatchKeyEvent","params":{"modifiers":0,"type":"rawKeyDown","text":"a","windowsVirtualKeyCode":97}}
00:19:28.654 [nioEventLoopGroup-10-1] DEBUG c.i.k.driver.chrome_1752427164460 - << {"id":25,"result":{},"sessionId":"B79D3961D1F8A9753416737C5FF91814"}
00:19:28.654 [main] DEBUG c.i.k.driver.chrome_1752427164460 - >> {"id":26,"sessionId":"B79D3961D1F8A9753416737C5FF91814","method":"Input.dispatchKeyEvent","params":{"modifiers":0,"type":"char","text":"a","windowsVirtualKeyCode":97}}
00:19:28.656 [nioEventLoopGroup-10-1] DEBUG c.i.k.driver.chrome_1752427164460 - << {"id":26,"result":{},"sessionId":"B79D3961D1F8A9753416737C5FF91814"}
00:19:28.657 [main] DEBUG c.i.k.driver.chrome_1752427164460 - >> {"id":27,"sessionId":"B79D3961D1F8A9753416737C5FF91814","method":"Input.dispatchKeyEvent","params":{"modifiers":0,"type":"keyUp","text":"a","windowsVirtualKeyCode":97}}
00:19:28.659 [nioEventLoopGroup-10-1] DEBUG c.i.k.driver.chrome_1752427164460 - << {"id":27,"result":{},"sessionId":"B79D3961D1F8A9753416737C5FF91814"}
00:19:28.660 [main] DEBUG c.i.k.driver.chrome_1752427164460 - >> {"id":28,"sessionId":"B79D3961D1F8A9753416737C5FF91814","method":"Input.dispatchKeyEvent","params":{"modifiers":0,"type":"rawKeyDown","text":"r","windowsVirtualKeyCode":114}}
00:19:28.663 [nioEventLoopGroup-10-1] DEBUG c.i.k.driver.chrome_1752427164460 - << {"id":28,"result":{},"sessionId":"B79D3961D1F8A9753416737C5FF91814"}
00:19:28.664 [main] DEBUG c.i.k.driver.chrome_1752427164460 - >> {"id":29,"sessionId":"B79D3961D1F8A9753416737C5FF91814","method":"Input.dispatchKeyEvent","params":{"modifiers":0,"type":"char","text":"r","windowsVirtualKeyCode":114}}
00:19:28.673 [nioEventLoopGroup-10-1] DEBUG c.i.k.driver.chrome_1752427164460 - << {"id":29,"result":{},"sessionId":"B79D3961D1F8A9753416737C5FF91814"}
00:19:28.674 [main] DEBUG c.i.k.driver.chrome_1752427164460 - >> {"id":30,"sessionId":"B79D3961D1F8A9753416737C5FF91814","method":"Input.dispatchKeyEvent","params":{"modifiers":0,"type":"keyUp","text":"r","windowsVirtualKeyCode":114}}
00:19:28.676 [nioEventLoopGroup-10-1] DEBUG c.i.k.driver.chrome_1752427164460 - << {"id":30,"result":{},"sessionId":"B79D3961D1F8A9753416737C5FF91814"}
00:19:28.676 [main] DEBUG c.i.k.driver.chrome_1752427164460 - >> {"id":31,"sessionId":"B79D3961D1F8A9753416737C5FF91814","method":"Input.dispatchKeyEvent","params":{"modifiers":0,"type":"rawKeyDown","text":"d","windowsVirtualKeyCode":100}}
00:19:28.678 [nioEventLoopGroup-10-1] DEBUG c.i.k.driver.chrome_1752427164460 - << {"id":31,"result":{},"sessionId":"B79D3961D1F8A9753416737C5FF91814"}
00:19:28.679 [main] DEBUG c.i.k.driver.chrome_1752427164460 - >> {"id":32,"sessionId":"B79D3961D1F8A9753416737C5FF91814","method":"Input.dispatchKeyEvent","params":{"modifiers":0,"type":"char","text":"d","windowsVirtualKeyCode":100}}
00:19:28.681 [nioEventLoopGroup-10-1] DEBUG c.i.k.driver.chrome_1752427164460 - << {"id":32,"result":{},"sessionId":"B79D3961D1F8A9753416737C5FF91814"}
00:19:28.683 [main] DEBUG c.i.k.driver.chrome_1752427164460 - >> {"id":33,"sessionId":"B79D3961D1F8A9753416737C5FF91814","method":"Input.dispatchKeyEvent","params":{"modifiers":0,"type":"keyUp","text":"d","windowsVirtualKeyCode":100}}
00:19:28.685 [nioEventLoopGroup-10-1] DEBUG c.i.k.driver.chrome_1752427164460 - << {"id":33,"result":{},"sessionId":"B79D3961D1F8A9753416737C5FF91814"}
00:19:28.685 [main] DEBUG c.i.k.driver.chrome_1752427164460 - >> {"id":34,"sessionId":"B79D3961D1F8A9753416737C5FF91814","method":"Input.dispatchKeyEvent","params":{"modifiers":0,"type":"rawKeyDown","text":"_","windowsVirtualKeyCode":523}}
00:19:28.687 [nioEventLoopGroup-10-1] DEBUG c.i.k.driver.chrome_1752427164460 - << {"id":34,"result":{},"sessionId":"B79D3961D1F8A9753416737C5FF91814"}
00:19:28.687 [main] DEBUG c.i.k.driver.chrome_1752427164460 - >> {"id":35,"sessionId":"B79D3961D1F8A9753416737C5FF91814","method":"Input.dispatchKeyEvent","params":{"modifiers":0,"type":"char","text":"_","windowsVirtualKeyCode":523}}
00:19:28.689 [nioEventLoopGroup-10-1] DEBUG c.i.k.driver.chrome_1752427164460 - << {"id":35,"result":{},"sessionId":"B79D3961D1F8A9753416737C5FF91814"}
00:19:28.690 [main] DEBUG c.i.k.driver.chrome_1752427164460 - >> {"id":36,"sessionId":"B79D3961D1F8A9753416737C5FF91814","method":"Input.dispatchKeyEvent","params":{"modifiers":0,"type":"keyUp","text":"_","windowsVirtualKeyCode":523}}
00:19:28.691 [nioEventLoopGroup-10-1] DEBUG c.i.k.driver.chrome_1752427164460 - << {"id":36,"result":{},"sessionId":"B79D3961D1F8A9753416737C5FF91814"}
00:19:28.692 [main] DEBUG c.i.k.driver.chrome_1752427164460 - >> {"id":37,"sessionId":"B79D3961D1F8A9753416737C5FF91814","method":"Input.dispatchKeyEvent","params":{"modifiers":0,"type":"rawKeyDown","text":"u","windowsVirtualKeyCode":117}}
00:19:28.693 [nioEventLoopGroup-10-1] DEBUG c.i.k.driver.chrome_1752427164460 - << {"id":37,"result":{},"sessionId":"B79D3961D1F8A9753416737C5FF91814"}
00:19:28.693 [main] DEBUG c.i.k.driver.chrome_1752427164460 - >> {"id":38,"sessionId":"B79D3961D1F8A9753416737C5FF91814","method":"Input.dispatchKeyEvent","params":{"modifiers":0,"type":"char","text":"u","windowsVirtualKeyCode":117}}
00:19:28.695 [nioEventLoopGroup-10-1] DEBUG c.i.k.driver.chrome_1752427164460 - << {"id":38,"result":{},"sessionId":"B79D3961D1F8A9753416737C5FF91814"}
00:19:28.695 [main] DEBUG c.i.k.driver.chrome_1752427164460 - >> {"id":39,"sessionId":"B79D3961D1F8A9753416737C5FF91814","method":"Input.dispatchKeyEvent","params":{"modifiers":0,"type":"keyUp","text":"u","windowsVirtualKeyCode":117}}
00:19:28.696 [nioEventLoopGroup-10-1] DEBUG c.i.k.driver.chrome_1752427164460 - << {"id":39,"result":{},"sessionId":"B79D3961D1F8A9753416737C5FF91814"}
00:19:28.697 [main] DEBUG c.i.k.driver.chrome_1752427164460 - >> {"id":40,"sessionId":"B79D3961D1F8A9753416737C5FF91814","method":"Input.dispatchKeyEvent","params":{"modifiers":0,"type":"rawKeyDown","text":"s","windowsVirtualKeyCode":115}}
00:19:28.700 [nioEventLoopGroup-10-1] DEBUG c.i.k.driver.chrome_1752427164460 - << {"id":40,"result":{},"sessionId":"B79D3961D1F8A9753416737C5FF91814"}
00:19:28.701 [main] DEBUG c.i.k.driver.chrome_1752427164460 - >> {"id":41,"sessionId":"B79D3961D1F8A9753416737C5FF91814","method":"Input.dispatchKeyEvent","params":{"modifiers":0,"type":"char","text":"s","windowsVirtualKeyCode":115}}
00:19:28.703 [nioEventLoopGroup-10-1] DEBUG c.i.k.driver.chrome_1752427164460 - << {"id":41,"result":{},"sessionId":"B79D3961D1F8A9753416737C5FF91814"}
00:19:28.703 [main] DEBUG c.i.k.driver.chrome_1752427164460 - >> {"id":42,"sessionId":"B79D3961D1F8A9753416737C5FF91814","method":"Input.dispatchKeyEvent","params":{"modifiers":0,"type":"keyUp","text":"s","windowsVirtualKeyCode":115}}
00:19:28.705 [nioEventLoopGroup-10-1] DEBUG c.i.k.driver.chrome_1752427164460 - << {"id":42,"result":{},"sessionId":"B79D3961D1F8A9753416737C5FF91814"}
00:19:28.705 [main] DEBUG c.i.k.driver.chrome_1752427164460 - >> {"id":43,"sessionId":"B79D3961D1F8A9753416737C5FF91814","method":"Input.dispatchKeyEvent","params":{"modifiers":0,"type":"rawKeyDown","text":"e","windowsVirtualKeyCode":101}}
00:19:28.707 [nioEventLoopGroup-10-1] DEBUG c.i.k.driver.chrome_1752427164460 - << {"id":43,"result":{},"sessionId":"B79D3961D1F8A9753416737C5FF91814"}
00:19:28.707 [main] DEBUG c.i.k.driver.chrome_1752427164460 - >> {"id":44,"sessionId":"B79D3961D1F8A9753416737C5FF91814","method":"Input.dispatchKeyEvent","params":{"modifiers":0,"type":"char","text":"e","windowsVirtualKeyCode":101}}
00:19:28.709 [nioEventLoopGroup-10-1] DEBUG c.i.k.driver.chrome_1752427164460 - << {"id":44,"result":{},"sessionId":"B79D3961D1F8A9753416737C5FF91814"}
00:19:28.709 [main] DEBUG c.i.k.driver.chrome_1752427164460 - >> {"id":45,"sessionId":"B79D3961D1F8A9753416737C5FF91814","method":"Input.dispatchKeyEvent","params":{"modifiers":0,"type":"keyUp","text":"e","windowsVirtualKeyCode":101}}
00:19:28.710 [nioEventLoopGroup-10-1] DEBUG c.i.k.driver.chrome_1752427164460 - << {"id":45,"result":{},"sessionId":"B79D3961D1F8A9753416737C5FF91814"}
00:19:28.711 [main] DEBUG c.i.k.driver.chrome_1752427164460 - >> {"id":46,"sessionId":"B79D3961D1F8A9753416737C5FF91814","method":"Input.dispatchKeyEvent","params":{"modifiers":0,"type":"rawKeyDown","text":"r","windowsVirtualKeyCode":114}}
00:19:28.712 [nioEventLoopGroup-10-1] DEBUG c.i.k.driver.chrome_1752427164460 - << {"id":46,"result":{},"sessionId":"B79D3961D1F8A9753416737C5FF91814"}
00:19:28.713 [main] DEBUG c.i.k.driver.chrome_1752427164460 - >> {"id":47,"sessionId":"B79D3961D1F8A9753416737C5FF91814","method":"Input.dispatchKeyEvent","params":{"modifiers":0,"type":"char","text":"r","windowsVirtualKeyCode":114}}
00:19:28.714 [nioEventLoopGroup-10-1] DEBUG c.i.k.driver.chrome_1752427164460 - << {"id":47,"result":{},"sessionId":"B79D3961D1F8A9753416737C5FF91814"}
00:19:28.715 [main] DEBUG c.i.k.driver.chrome_1752427164460 - >> {"id":48,"sessionId":"B79D3961D1F8A9753416737C5FF91814","method":"Input.dispatchKeyEvent","params":{"modifiers":0,"type":"keyUp","text":"r","windowsVirtualKeyCode":114}}
00:19:28.717 [nioEventLoopGroup-10-1] DEBUG c.i.k.driver.chrome_1752427164460 - << {"id":48,"result":{},"sessionId":"B79D3961D1F8A9753416737C5FF91814"}
00:19:28.720 [main] DEBUG c.i.k.driver.chrome_1752427164460 - >> {"id":49,"sessionId":"B79D3961D1F8A9753416737C5FF91814","method":"Runtime.evaluate","params":{"expression":"var e = document.evaluate(\"\/\/*[@id='password']\", document, null, 9, null).singleNodeValue; e.focus(); try { e.selectionStart = e.selectionEnd = e.value.length } catch(x) {}","returnByValue":true}}
00:19:28.724 [nioEventLoopGroup-10-1] DEBUG c.i.k.driver.chrome_1752427164460 - << {"id":49,"result":{"result":{"type":"number","value":0,"description":"0"}},"sessionId":"B79D3961D1F8A9753416737C5FF91814"}
00:19:28.725 [main] DEBUG c.i.k.driver.chrome_1752427164460 - >> {"id":50,"sessionId":"B79D3961D1F8A9753416737C5FF91814","method":"Input.dispatchKeyEvent","params":{"modifiers":0,"type":"rawKeyDown","text":"s","windowsVirtualKeyCode":115}}
00:19:28.726 [nioEventLoopGroup-10-1] DEBUG c.i.k.driver.chrome_1752427164460 - << {"id":50,"result":{},"sessionId":"B79D3961D1F8A9753416737C5FF91814"}
00:19:28.727 [main] DEBUG c.i.k.driver.chrome_1752427164460 - >> {"id":51,"sessionId":"B79D3961D1F8A9753416737C5FF91814","method":"Input.dispatchKeyEvent","params":{"modifiers":0,"type":"char","text":"s","windowsVirtualKeyCode":115}}
00:19:28.728 [nioEventLoopGroup-10-1] DEBUG c.i.k.driver.chrome_1752427164460 - << {"id":51,"result":{},"sessionId":"B79D3961D1F8A9753416737C5FF91814"}
00:19:28.729 [main] DEBUG c.i.k.driver.chrome_1752427164460 - >> {"id":52,"sessionId":"B79D3961D1F8A9753416737C5FF91814","method":"Input.dispatchKeyEvent","params":{"modifiers":0,"type":"keyUp","text":"s","windowsVirtualKeyCode":115}}
00:19:28.730 [nioEventLoopGroup-10-1] DEBUG c.i.k.driver.chrome_1752427164460 - << {"id":52,"result":{},"sessionId":"B79D3961D1F8A9753416737C5FF91814"}
00:19:28.730 [main] DEBUG c.i.k.driver.chrome_1752427164460 - >> {"id":53,"sessionId":"B79D3961D1F8A9753416737C5FF91814","method":"Input.dispatchKeyEvent","params":{"modifiers":0,"type":"rawKeyDown","text":"e","windowsVirtualKeyCode":101}}
00:19:28.733 [nioEventLoopGroup-10-1] DEBUG c.i.k.driver.chrome_1752427164460 - << {"id":53,"result":{},"sessionId":"B79D3961D1F8A9753416737C5FF91814"}
00:19:28.734 [main] DEBUG c.i.k.driver.chrome_1752427164460 - >> {"id":54,"sessionId":"B79D3961D1F8A9753416737C5FF91814","method":"Input.dispatchKeyEvent","params":{"modifiers":0,"type":"char","text":"e","windowsVirtualKeyCode":101}}
00:19:28.735 [nioEventLoopGroup-10-1] DEBUG c.i.k.driver.chrome_1752427164460 - << {"id":54,"result":{},"sessionId":"B79D3961D1F8A9753416737C5FF91814"}
00:19:28.736 [main] DEBUG c.i.k.driver.chrome_1752427164460 - >> {"id":55,"sessionId":"B79D3961D1F8A9753416737C5FF91814","method":"Input.dispatchKeyEvent","params":{"modifiers":0,"type":"keyUp","text":"e","windowsVirtualKeyCode":101}}
00:19:28.737 [nioEventLoopGroup-10-1] DEBUG c.i.k.driver.chrome_1752427164460 - << {"id":55,"result":{},"sessionId":"B79D3961D1F8A9753416737C5FF91814"}
00:19:28.738 [main] DEBUG c.i.k.driver.chrome_1752427164460 - >> {"id":56,"sessionId":"B79D3961D1F8A9753416737C5FF91814","method":"Input.dispatchKeyEvent","params":{"modifiers":0,"type":"rawKeyDown","text":"c","windowsVirtualKeyCode":99}}
00:19:28.739 [nioEventLoopGroup-10-1] DEBUG c.i.k.driver.chrome_1752427164460 - << {"id":56,"result":{},"sessionId":"B79D3961D1F8A9753416737C5FF91814"}
00:19:28.740 [main] DEBUG c.i.k.driver.chrome_1752427164460 - >> {"id":57,"sessionId":"B79D3961D1F8A9753416737C5FF91814","method":"Input.dispatchKeyEvent","params":{"modifiers":0,"type":"char","text":"c","windowsVirtualKeyCode":99}}
00:19:28.741 [nioEventLoopGroup-10-1] DEBUG c.i.k.driver.chrome_1752427164460 - << {"id":57,"result":{},"sessionId":"B79D3961D1F8A9753416737C5FF91814"}
00:19:28.741 [main] DEBUG c.i.k.driver.chrome_1752427164460 - >> {"id":58,"sessionId":"B79D3961D1F8A9753416737C5FF91814","method":"Input.dispatchKeyEvent","params":{"modifiers":0,"type":"keyUp","text":"c","windowsVirtualKeyCode":99}}
00:19:28.742 [nioEventLoopGroup-10-1] DEBUG c.i.k.driver.chrome_1752427164460 - << {"id":58,"result":{},"sessionId":"B79D3961D1F8A9753416737C5FF91814"}
00:19:28.743 [main] DEBUG c.i.k.driver.chrome_1752427164460 - >> {"id":59,"sessionId":"B79D3961D1F8A9753416737C5FF91814","method":"Input.dispatchKeyEvent","params":{"modifiers":0,"type":"rawKeyDown","text":"r","windowsVirtualKeyCode":114}}
00:19:28.745 [nioEventLoopGroup-10-1] DEBUG c.i.k.driver.chrome_1752427164460 - << {"id":59,"result":{},"sessionId":"B79D3961D1F8A9753416737C5FF91814"}
00:19:28.745 [main] DEBUG c.i.k.driver.chrome_1752427164460 - >> {"id":60,"sessionId":"B79D3961D1F8A9753416737C5FF91814","method":"Input.dispatchKeyEvent","params":{"modifiers":0,"type":"char","text":"r","windowsVirtualKeyCode":114}}
00:19:28.750 [nioEventLoopGroup-10-1] DEBUG c.i.k.driver.chrome_1752427164460 - << {"id":60,"result":{},"sessionId":"B79D3961D1F8A9753416737C5FF91814"}
00:19:28.750 [main] DEBUG c.i.k.driver.chrome_1752427164460 - >> {"id":61,"sessionId":"B79D3961D1F8A9753416737C5FF91814","method":"Input.dispatchKeyEvent","params":{"modifiers":0,"type":"keyUp","text":"r","windowsVirtualKeyCode":114}}
00:19:28.752 [nioEventLoopGroup-10-1] DEBUG c.i.k.driver.chrome_1752427164460 - << {"id":61,"result":{},"sessionId":"B79D3961D1F8A9753416737C5FF91814"}
00:19:28.752 [main] DEBUG c.i.k.driver.chrome_1752427164460 - >> {"id":62,"sessionId":"B79D3961D1F8A9753416737C5FF91814","method":"Input.dispatchKeyEvent","params":{"modifiers":0,"type":"rawKeyDown","text":"e","windowsVirtualKeyCode":101}}
00:19:28.754 [nioEventLoopGroup-10-1] DEBUG c.i.k.driver.chrome_1752427164460 - << {"id":62,"result":{},"sessionId":"B79D3961D1F8A9753416737C5FF91814"}
00:19:28.754 [main] DEBUG c.i.k.driver.chrome_1752427164460 - >> {"id":63,"sessionId":"B79D3961D1F8A9753416737C5FF91814","method":"Input.dispatchKeyEvent","params":{"modifiers":0,"type":"char","text":"e","windowsVirtualKeyCode":101}}
00:19:28.756 [nioEventLoopGroup-10-1] DEBUG c.i.k.driver.chrome_1752427164460 - << {"id":63,"result":{},"sessionId":"B79D3961D1F8A9753416737C5FF91814"}
00:19:28.756 [main] DEBUG c.i.k.driver.chrome_1752427164460 - >> {"id":64,"sessionId":"B79D3961D1F8A9753416737C5FF91814","method":"Input.dispatchKeyEvent","params":{"modifiers":0,"type":"keyUp","text":"e","windowsVirtualKeyCode":101}}
00:19:28.758 [nioEventLoopGroup-10-1] DEBUG c.i.k.driver.chrome_1752427164460 - << {"id":64,"result":{},"sessionId":"B79D3961D1F8A9753416737C5FF91814"}
00:19:28.759 [main] DEBUG c.i.k.driver.chrome_1752427164460 - >> {"id":65,"sessionId":"B79D3961D1F8A9753416737C5FF91814","method":"Input.dispatchKeyEvent","params":{"modifiers":0,"type":"rawKeyDown","text":"t","windowsVirtualKeyCode":116}}
00:19:28.761 [nioEventLoopGroup-10-1] DEBUG c.i.k.driver.chrome_1752427164460 - << {"id":65,"result":{},"sessionId":"B79D3961D1F8A9753416737C5FF91814"}
00:19:28.761 [main] DEBUG c.i.k.driver.chrome_1752427164460 - >> {"id":66,"sessionId":"B79D3961D1F8A9753416737C5FF91814","method":"Input.dispatchKeyEvent","params":{"modifiers":0,"type":"char","text":"t","windowsVirtualKeyCode":116}}
00:19:28.763 [nioEventLoopGroup-10-1] DEBUG c.i.k.driver.chrome_1752427164460 - << {"id":66,"result":{},"sessionId":"B79D3961D1F8A9753416737C5FF91814"}
00:19:28.763 [main] DEBUG c.i.k.driver.chrome_1752427164460 - >> {"id":67,"sessionId":"B79D3961D1F8A9753416737C5FF91814","method":"Input.dispatchKeyEvent","params":{"modifiers":0,"type":"keyUp","text":"t","windowsVirtualKeyCode":116}}
00:19:28.765 [nioEventLoopGroup-10-1] DEBUG c.i.k.driver.chrome_1752427164460 - << {"id":67,"result":{},"sessionId":"B79D3961D1F8A9753416737C5FF91814"}
00:19:28.766 [main] DEBUG c.i.k.driver.chrome_1752427164460 - >> {"id":68,"sessionId":"B79D3961D1F8A9753416737C5FF91814","method":"Input.dispatchKeyEvent","params":{"modifiers":0,"type":"rawKeyDown","text":"_","windowsVirtualKeyCode":523}}
00:19:28.768 [nioEventLoopGroup-10-1] DEBUG c.i.k.driver.chrome_1752427164460 - << {"id":68,"result":{},"sessionId":"B79D3961D1F8A9753416737C5FF91814"}
00:19:28.768 [main] DEBUG c.i.k.driver.chrome_1752427164460 - >> {"id":69,"sessionId":"B79D3961D1F8A9753416737C5FF91814","method":"Input.dispatchKeyEvent","params":{"modifiers":0,"type":"char","text":"_","windowsVirtualKeyCode":523}}
00:19:28.770 [nioEventLoopGroup-10-1] DEBUG c.i.k.driver.chrome_1752427164460 - << {"id":69,"result":{},"sessionId":"B79D3961D1F8A9753416737C5FF91814"}
00:19:28.770 [main] DEBUG c.i.k.driver.chrome_1752427164460 - >> {"id":70,"sessionId":"B79D3961D1F8A9753416737C5FF91814","method":"Input.dispatchKeyEvent","params":{"modifiers":0,"type":"keyUp","text":"_","windowsVirtualKeyCode":523}}
00:19:28.771 [nioEventLoopGroup-10-1] DEBUG c.i.k.driver.chrome_1752427164460 - << {"id":70,"result":{},"sessionId":"B79D3961D1F8A9753416737C5FF91814"}
00:19:28.772 [main] DEBUG c.i.k.driver.chrome_1752427164460 - >> {"id":71,"sessionId":"B79D3961D1F8A9753416737C5FF91814","method":"Input.dispatchKeyEvent","params":{"modifiers":0,"type":"rawKeyDown","text":"s","windowsVirtualKeyCode":115}}
00:19:28.774 [nioEventLoopGroup-10-1] DEBUG c.i.k.driver.chrome_1752427164460 - << {"id":71,"result":{},"sessionId":"B79D3961D1F8A9753416737C5FF91814"}
00:19:28.774 [main] DEBUG c.i.k.driver.chrome_1752427164460 - >> {"id":72,"sessionId":"B79D3961D1F8A9753416737C5FF91814","method":"Input.dispatchKeyEvent","params":{"modifiers":0,"type":"char","text":"s","windowsVirtualKeyCode":115}}
00:19:28.777 [nioEventLoopGroup-10-1] DEBUG c.i.k.driver.chrome_1752427164460 - << {"id":72,"result":{},"sessionId":"B79D3961D1F8A9753416737C5FF91814"}
00:19:28.778 [main] DEBUG c.i.k.driver.chrome_1752427164460 - >> {"id":73,"sessionId":"B79D3961D1F8A9753416737C5FF91814","method":"Input.dispatchKeyEvent","params":{"modifiers":0,"type":"keyUp","text":"s","windowsVirtualKeyCode":115}}
00:19:28.779 [nioEventLoopGroup-10-1] DEBUG c.i.k.driver.chrome_1752427164460 - << {"id":73,"result":{},"sessionId":"B79D3961D1F8A9753416737C5FF91814"}
00:19:28.780 [main] DEBUG c.i.k.driver.chrome_1752427164460 - >> {"id":74,"sessionId":"B79D3961D1F8A9753416737C5FF91814","method":"Input.dispatchKeyEvent","params":{"modifiers":0,"type":"rawKeyDown","text":"a","windowsVirtualKeyCode":97}}
00:19:28.785 [nioEventLoopGroup-10-1] DEBUG c.i.k.driver.chrome_1752427164460 - << {"id":74,"result":{},"sessionId":"B79D3961D1F8A9753416737C5FF91814"}
00:19:28.786 [main] DEBUG c.i.k.driver.chrome_1752427164460 - >> {"id":75,"sessionId":"B79D3961D1F8A9753416737C5FF91814","method":"Input.dispatchKeyEvent","params":{"modifiers":0,"type":"char","text":"a","windowsVirtualKeyCode":97}}
00:19:28.787 [nioEventLoopGroup-10-1] DEBUG c.i.k.driver.chrome_1752427164460 - << {"id":75,"result":{},"sessionId":"B79D3961D1F8A9753416737C5FF91814"}
00:19:28.788 [main] DEBUG c.i.k.driver.chrome_1752427164460 - >> {"id":76,"sessionId":"B79D3961D1F8A9753416737C5FF91814","method":"Input.dispatchKeyEvent","params":{"modifiers":0,"type":"keyUp","text":"a","windowsVirtualKeyCode":97}}
00:19:28.789 [nioEventLoopGroup-10-1] DEBUG c.i.k.driver.chrome_1752427164460 - << {"id":76,"result":{},"sessionId":"B79D3961D1F8A9753416737C5FF91814"}
00:19:28.790 [main] DEBUG c.i.k.driver.chrome_1752427164460 - >> {"id":77,"sessionId":"B79D3961D1F8A9753416737C5FF91814","method":"Input.dispatchKeyEvent","params":{"modifiers":0,"type":"rawKeyDown","text":"u","windowsVirtualKeyCode":117}}
00:19:28.791 [nioEventLoopGroup-10-1] DEBUG c.i.k.driver.chrome_1752427164460 - << {"id":77,"result":{},"sessionId":"B79D3961D1F8A9753416737C5FF91814"}
00:19:28.791 [main] DEBUG c.i.k.driver.chrome_1752427164460 - >> {"id":78,"sessionId":"B79D3961D1F8A9753416737C5FF91814","method":"Input.dispatchKeyEvent","params":{"modifiers":0,"type":"char","text":"u","windowsVirtualKeyCode":117}}
00:19:28.792 [nioEventLoopGroup-10-1] DEBUG c.i.k.driver.chrome_1752427164460 - << {"id":78,"result":{},"sessionId":"B79D3961D1F8A9753416737C5FF91814"}
00:19:28.793 [main] DEBUG c.i.k.driver.chrome_1752427164460 - >> {"id":79,"sessionId":"B79D3961D1F8A9753416737C5FF91814","method":"Input.dispatchKeyEvent","params":{"modifiers":0,"type":"keyUp","text":"u","windowsVirtualKeyCode":117}}
00:19:28.794 [nioEventLoopGroup-10-1] DEBUG c.i.k.driver.chrome_1752427164460 - << {"id":79,"result":{},"sessionId":"B79D3961D1F8A9753416737C5FF91814"}
00:19:28.795 [main] DEBUG c.i.k.driver.chrome_1752427164460 - >> {"id":80,"sessionId":"B79D3961D1F8A9753416737C5FF91814","method":"Input.dispatchKeyEvent","params":{"modifiers":0,"type":"rawKeyDown","text":"c","windowsVirtualKeyCode":99}}
00:19:28.796 [nioEventLoopGroup-10-1] DEBUG c.i.k.driver.chrome_1752427164460 - << {"id":80,"result":{},"sessionId":"B79D3961D1F8A9753416737C5FF91814"}
00:19:28.797 [main] DEBUG c.i.k.driver.chrome_1752427164460 - >> {"id":81,"sessionId":"B79D3961D1F8A9753416737C5FF91814","method":"Input.dispatchKeyEvent","params":{"modifiers":0,"type":"char","text":"c","windowsVirtualKeyCode":99}}
00:19:28.799 [nioEventLoopGroup-10-1] DEBUG c.i.k.driver.chrome_1752427164460 - << {"id":81,"result":{},"sessionId":"B79D3961D1F8A9753416737C5FF91814"}
00:19:28.799 [main] DEBUG c.i.k.driver.chrome_1752427164460 - >> {"id":82,"sessionId":"B79D3961D1F8A9753416737C5FF91814","method":"Input.dispatchKeyEvent","params":{"modifiers":0,"type":"keyUp","text":"c","windowsVirtualKeyCode":99}}
00:19:28.802 [nioEventLoopGroup-10-1] DEBUG c.i.k.driver.chrome_1752427164460 - << {"id":82,"result":{},"sessionId":"B79D3961D1F8A9753416737C5FF91814"}
00:19:28.802 [main] DEBUG c.i.k.driver.chrome_1752427164460 - >> {"id":83,"sessionId":"B79D3961D1F8A9753416737C5FF91814","method":"Input.dispatchKeyEvent","params":{"modifiers":0,"type":"rawKeyDown","text":"e","windowsVirtualKeyCode":101}}
00:19:28.808 [nioEventLoopGroup-10-1] DEBUG c.i.k.driver.chrome_1752427164460 - << {"id":83,"result":{},"sessionId":"B79D3961D1F8A9753416737C5FF91814"}
00:19:28.808 [main] DEBUG c.i.k.driver.chrome_1752427164460 - >> {"id":84,"sessionId":"B79D3961D1F8A9753416737C5FF91814","method":"Input.dispatchKeyEvent","params":{"modifiers":0,"type":"char","text":"e","windowsVirtualKeyCode":101}}
00:19:28.810 [nioEventLoopGroup-10-1] DEBUG c.i.k.driver.chrome_1752427164460 - << {"id":84,"result":{},"sessionId":"B79D3961D1F8A9753416737C5FF91814"}
00:19:28.811 [main] DEBUG c.i.k.driver.chrome_1752427164460 - >> {"id":85,"sessionId":"B79D3961D1F8A9753416737C5FF91814","method":"Input.dispatchKeyEvent","params":{"modifiers":0,"type":"keyUp","text":"e","windowsVirtualKeyCode":101}}
00:19:28.813 [nioEventLoopGroup-10-1] DEBUG c.i.k.driver.chrome_1752427164460 - << {"id":85,"result":{},"sessionId":"B79D3961D1F8A9753416737C5FF91814"}
00:19:28.814 [main] DEBUG c.i.k.driver.chrome_1752427164460 - >> {"id":86,"sessionId":"B79D3961D1F8A9753416737C5FF91814","method":"Runtime.evaluate","params":{"expression":"document.evaluate(\"\/\/*[@id='login-button']\", document, null, 9, null).singleNodeValue.click()","returnByValue":true}}
00:19:28.856 [nioEventLoopGroup-10-1] DEBUG c.i.k.driver.chrome_1752427164460 - << {"id":86,"result":{"result":{"type":"undefined"}},"sessionId":"B79D3961D1F8A9753416737C5FF91814"}
00:19:28.871 [main] DEBUG c.i.k.driver.chrome_1752427164460 - >> {"id":87,"sessionId":"B79D3961D1F8A9753416737C5FF91814","method":"Runtime.evaluate","params":{"expression":"document.location.href","returnByValue":true}}
00:19:28.873 [nioEventLoopGroup-10-1] DEBUG c.i.k.driver.chrome_1752427164460 - << {"id":87,"result":{"result":{"type":"string","value":"https://www.saucedemo.com/"}},"sessionId":"B79D3961D1F8A9753416737C5FF91814"}
00:19:28.878 [main] INFO  c.intuit.karate.core.FeatureRuntime - classpath:UI/HomePageUI/HomePage.feature - call by tag at line 29: action_openBurgerMenu
00:19:28.903 [main] DEBUG c.intuit.karate.core.ScenarioEngine - over-writing existing variable 'homePage' with new value: read('classpath:UI/HomePageUI/saucedemo-HomePage.json')
00:19:28.907 [main] DEBUG c.i.k.driver.chrome_1752427164460 - >> {"id":88,"sessionId":"B79D3961D1F8A9753416737C5FF91814","method":"Runtime.evaluate","params":{"expression":"(function(){ var fun = function(_){ return !_.disabled }; var e = document.querySelector(\"#react-burger-menu-btn\"); return fun(e) })()","returnByValue":true}}
00:19:28.911 [nioEventLoopGroup-10-1] DEBUG c.i.k.driver.chrome_1752427164460 - << {"id":88,"result":{"result":{"type":"object","subtype":"error","className":"TypeError","description":"TypeError: Cannot read properties of null (reading 'disabled')\n    at fun (<anonymous>:1:47)\n    at <anonymous>:1:124\n    at <anonymous>:1:133","objectId":"8060201554173058442.1.3"},"exceptionDetails":{"exceptionId":2,"text":"Uncaught","lineNumber":0,"columnNumber":46,"scriptId":"13","stackTrace":{"callFrames":[{"functionName":"fun","scriptId":"13","url":"","lineNumber":0,"columnNumber":46},{"functionName":"","scriptId":"13","url":"","lineNumber":0,"columnNumber":123},{"functionName":"","scriptId":"13","url":"","lineNumber":0,"columnNumber":132}]},"exception":{"type":"object","subtype":"error","className":"TypeError","description":"TypeError: Cannot read properties of null (reading 'disabled')\n    at fun (<anonymous>:1:47)\n    at <anonymous>:1:124\n    at <anonymous>:1:133","objectId":"8060201554173058442.1.4"}}},"sessionId":"B79D3961D1F8A9753416737C5FF91814"}
00:19:28.911 [nioEventLoopGroup-10-1] WARN  c.i.k.driver.chrome_1752427164460 - devtools error: [id: 88, sessionId: B79D3961D1F8A9753416737C5FF91814, result: [type: MAP, value: {type=object, subtype=error, className=TypeError, description=TypeError: Cannot read properties of null (reading 'disabled')
    at fun (<anonymous>:1:47)
    at <anonymous>:1:124
    at <anonymous>:1:133, objectId=8060201554173058442.1.3}]]
00:19:28.911 [main] WARN  c.i.k.driver.chrome_1752427164460 - js eval failed once:(function(){ var fun = function(_){ return !_.disabled }; var e = document.querySelector("#react-burger-menu-btn"); return fun(e) })(), error: [type: MAP, value: {type=object, subtype=error, className=TypeError, description=TypeError: Cannot read properties of null (reading 'disabled')
    at fun (<anonymous>:1:47)
    at <anonymous>:1:124
    at <anonymous>:1:133, objectId=8060201554173058442.1.3}]
00:19:29.694 [chrome_1752427164460-out] DEBUG c.i.k.driver.chrome_1752427164460 - WARNING: All log messages before absl::InitializeLog() is called are written to STDERR
00:19:29.694 [chrome_1752427164460-out] DEBUG c.i.k.driver.chrome_1752427164460 - I0000 00:00:1752427169.694425   10376 voice_transcription.cc:58] Registering VoiceTranscriptionCapability
00:19:30.992 [chrome_1752427164460-out] DEBUG c.i.k.driver.chrome_1752427164460 - [4104:6028:0714/001930.992:ERROR:google_apis\gcm\engine\registration_request.cc:291] Registration response error message: DEPRECATED_ENDPOINT
00:19:31.919 [main] DEBUG c.i.k.driver.chrome_1752427164460 - >> {"id":89,"sessionId":"B79D3961D1F8A9753416737C5FF91814","method":"Runtime.evaluate","params":{"expression":"(function(){ var fun = function(_){ return !_.disabled }; var e = document.querySelector(\"#react-burger-menu-btn\"); return fun(e) })()","returnByValue":true}}
00:19:31.922 [nioEventLoopGroup-10-1] DEBUG c.i.k.driver.chrome_1752427164460 - << {"id":89,"result":{"result":{"type":"object","subtype":"error","className":"TypeError","description":"TypeError: Cannot read properties of null (reading 'disabled')\n    at fun (<anonymous>:1:47)\n    at <anonymous>:1:124\n    at <anonymous>:1:133","objectId":"8060201554173058442.1.5"},"exceptionDetails":{"exceptionId":3,"text":"Uncaught","lineNumber":0,"columnNumber":46,"scriptId":"13","stackTrace":{"callFrames":[{"functionName":"fun","scriptId":"13","url":"","lineNumber":0,"columnNumber":46},{"functionName":"","scriptId":"13","url":"","lineNumber":0,"columnNumber":123},{"functionName":"","scriptId":"13","url":"","lineNumber":0,"columnNumber":132}]},"exception":{"type":"object","subtype":"error","className":"TypeError","description":"TypeError: Cannot read properties of null (reading 'disabled')\n    at fun (<anonymous>:1:47)\n    at <anonymous>:1:124\n    at <anonymous>:1:133","objectId":"8060201554173058442.1.6"}}},"sessionId":"B79D3961D1F8A9753416737C5FF91814"}
00:19:31.922 [nioEventLoopGroup-10-1] WARN  c.i.k.driver.chrome_1752427164460 - devtools error: [id: 89, sessionId: B79D3961D1F8A9753416737C5FF91814, result: [type: MAP, value: {type=object, subtype=error, className=TypeError, description=TypeError: Cannot read properties of null (reading 'disabled')
    at fun (<anonymous>:1:47)
    at <anonymous>:1:124
    at <anonymous>:1:133, objectId=8060201554173058442.1.5}]]
00:19:31.922 [main] ERROR c.i.k.driver.chrome_1752427164460 - js eval failed twice:(function(){ var fun = function(_){ return !_.disabled }; var e = document.querySelector("#react-burger-menu-btn"); return fun(e) })(), error: [type: MAP, value: {type=object, subtype=error, className=TypeError, description=TypeError: Cannot read properties of null (reading 'disabled')
    at fun (<anonymous>:1:47)
    at <anonymous>:1:124
    at <anonymous>:1:133, objectId=8060201554173058442.1.5}]
00:19:31.923 [main] WARN  c.i.k.driver.chrome_1752427164460 - waitUntil evaluate failed: js eval failed twice:(function(){ var fun = function(_){ return !_.disabled }; var e = document.querySelector("#react-burger-menu-btn"); return fun(e) })(), error: [type: MAP, value: {type=object, subtype=error, className=TypeError, description=TypeError: Cannot read properties of null (reading 'disabled')
    at fun (<anonymous>:1:47)
    at <anonymous>:1:124
    at <anonymous>:1:133, objectId=8060201554173058442.1.5}]
00:19:31.923 [main] DEBUG c.intuit.karate.driver.DriverOptions - waitUntil (js) - retry #1
00:19:32.268 [nioEventLoopGroup-10-1] DEBUG c.i.k.driver.chrome_1752427164460 - << {"method":"Target.targetCreated","params":{"targetInfo":{"targetId":"8D4A840F0B9F11BEB8B47657ACC0160F","type":"other","title":"","url":"","attached":false,"canAccessOpener":false,"browserContextId":"4CE2C33314E79E6BCA398D9F4B890FB4"}},"sessionId":"B79D3961D1F8A9753416737C5FF91814"}
00:19:32.397 [nioEventLoopGroup-10-1] DEBUG c.i.k.driver.chrome_1752427164460 - << {"method":"Target.targetInfoChanged","params":{"targetInfo":{"targetId":"8D4A840F0B9F11BEB8B47657ACC0160F","type":"background_page","title":"Chrome Web Store Payments","url":"chrome-extension://nmmhkkegccagdldgiimedpiccmgmieda/_generated_background_page.html","attached":false,"canAccessOpener":false,"browserContextId":"4CE2C33314E79E6BCA398D9F4B890FB4"}},"sessionId":"B79D3961D1F8A9753416737C5FF91814"}
00:19:32.729 [nioEventLoopGroup-10-1] DEBUG c.i.k.driver.chrome_1752427164460 - << {"method":"Target.targetCreated","params":{"targetInfo":{"targetId":"D5C1B073B1CF5B0F10905CD9B0E91306","type":"service_worker","title":"Service Worker chrome-extension://ghbmnnjooekpmoecnnnilnnbdlolhkhi/service_worker_bin_prod.js","url":"chrome-extension://ghbmnnjooekpmoecnnnilnnbdlolhkhi/service_worker_bin_prod.js","attached":false,"canAccessOpener":false,"browserContextId":"4CE2C33314E79E6BCA398D9F4B890FB4"}},"sessionId":"B79D3961D1F8A9753416737C5FF91814"}
00:19:34.932 [main] DEBUG c.i.k.driver.chrome_1752427164460 - >> {"id":90,"sessionId":"B79D3961D1F8A9753416737C5FF91814","method":"Runtime.evaluate","params":{"expression":"(function(){ var fun = function(_){ return !_.disabled }; var e = document.querySelector(\"#react-burger-menu-btn\"); return fun(e) })()","returnByValue":true}}
00:19:34.936 [nioEventLoopGroup-10-1] DEBUG c.i.k.driver.chrome_1752427164460 - << {"id":90,"result":{"result":{"type":"object","subtype":"error","className":"TypeError","description":"TypeError: Cannot read properties of null (reading 'disabled')\n    at fun (<anonymous>:1:47)\n    at <anonymous>:1:124\n    at <anonymous>:1:133","objectId":"8060201554173058442.1.7"},"exceptionDetails":{"exceptionId":4,"text":"Uncaught","lineNumber":0,"columnNumber":46,"scriptId":"13","stackTrace":{"callFrames":[{"functionName":"fun","scriptId":"13","url":"","lineNumber":0,"columnNumber":46},{"functionName":"","scriptId":"13","url":"","lineNumber":0,"columnNumber":123},{"functionName":"","scriptId":"13","url":"","lineNumber":0,"columnNumber":132}]},"exception":{"type":"object","subtype":"error","className":"TypeError","description":"TypeError: Cannot read properties of null (reading 'disabled')\n    at fun (<anonymous>:1:47)\n    at <anonymous>:1:124\n    at <anonymous>:1:133","objectId":"8060201554173058442.1.8"}}},"sessionId":"B79D3961D1F8A9753416737C5FF91814"}
00:19:34.936 [nioEventLoopGroup-10-1] WARN  c.i.k.driver.chrome_1752427164460 - devtools error: [id: 90, sessionId: B79D3961D1F8A9753416737C5FF91814, result: [type: MAP, value: {type=object, subtype=error, className=TypeError, description=TypeError: Cannot read properties of null (reading 'disabled')
    at fun (<anonymous>:1:47)
    at <anonymous>:1:124
    at <anonymous>:1:133, objectId=8060201554173058442.1.7}]]
00:19:34.937 [main] WARN  c.i.k.driver.chrome_1752427164460 - js eval failed once:(function(){ var fun = function(_){ return !_.disabled }; var e = document.querySelector("#react-burger-menu-btn"); return fun(e) })(), error: [type: MAP, value: {type=object, subtype=error, className=TypeError, description=TypeError: Cannot read properties of null (reading 'disabled')
    at fun (<anonymous>:1:47)
    at <anonymous>:1:124
    at <anonymous>:1:133, objectId=8060201554173058442.1.7}]
00:19:37.942 [main] DEBUG c.i.k.driver.chrome_1752427164460 - >> {"id":91,"sessionId":"B79D3961D1F8A9753416737C5FF91814","method":"Runtime.evaluate","params":{"expression":"(function(){ var fun = function(_){ return !_.disabled }; var e = document.querySelector(\"#react-burger-menu-btn\"); return fun(e) })()","returnByValue":true}}
00:19:37.949 [nioEventLoopGroup-10-1] DEBUG c.i.k.driver.chrome_1752427164460 - << {"id":91,"result":{"result":{"type":"object","subtype":"error","className":"TypeError","description":"TypeError: Cannot read properties of null (reading 'disabled')\n    at fun (<anonymous>:1:47)\n    at <anonymous>:1:124\n    at <anonymous>:1:133","objectId":"8060201554173058442.1.9"},"exceptionDetails":{"exceptionId":5,"text":"Uncaught","lineNumber":0,"columnNumber":46,"scriptId":"13","stackTrace":{"callFrames":[{"functionName":"fun","scriptId":"13","url":"","lineNumber":0,"columnNumber":46},{"functionName":"","scriptId":"13","url":"","lineNumber":0,"columnNumber":123},{"functionName":"","scriptId":"13","url":"","lineNumber":0,"columnNumber":132}]},"exception":{"type":"object","subtype":"error","className":"TypeError","description":"TypeError: Cannot read properties of null (reading 'disabled')\n    at fun (<anonymous>:1:47)\n    at <anonymous>:1:124\n    at <anonymous>:1:133","objectId":"8060201554173058442.1.10"}}},"sessionId":"B79D3961D1F8A9753416737C5FF91814"}
00:19:37.949 [nioEventLoopGroup-10-1] WARN  c.i.k.driver.chrome_1752427164460 - devtools error: [id: 91, sessionId: B79D3961D1F8A9753416737C5FF91814, result: [type: MAP, value: {type=object, subtype=error, className=TypeError, description=TypeError: Cannot read properties of null (reading 'disabled')
    at fun (<anonymous>:1:47)
    at <anonymous>:1:124
    at <anonymous>:1:133, objectId=8060201554173058442.1.9}]]
00:19:37.952 [main] ERROR c.i.k.driver.chrome_1752427164460 - js eval failed twice:(function(){ var fun = function(_){ return !_.disabled }; var e = document.querySelector("#react-burger-menu-btn"); return fun(e) })(), error: [type: MAP, value: {type=object, subtype=error, className=TypeError, description=TypeError: Cannot read properties of null (reading 'disabled')
    at fun (<anonymous>:1:47)
    at <anonymous>:1:124
    at <anonymous>:1:133, objectId=8060201554173058442.1.9}]
00:19:37.952 [main] WARN  c.i.k.driver.chrome_1752427164460 - waitUntil evaluate failed: js eval failed twice:(function(){ var fun = function(_){ return !_.disabled }; var e = document.querySelector("#react-burger-menu-btn"); return fun(e) })(), error: [type: MAP, value: {type=object, subtype=error, className=TypeError, description=TypeError: Cannot read properties of null (reading 'disabled')
    at fun (<anonymous>:1:47)
    at <anonymous>:1:124
    at <anonymous>:1:133, objectId=8060201554173058442.1.9}]
00:19:37.952 [main] DEBUG c.intuit.karate.driver.DriverOptions - waitUntil (js) - retry #2
00:19:40.272 [nioEventLoopGroup-10-1] DEBUG c.i.k.driver.chrome_1752427164460 - << {"method":"Target.targetDestroyed","params":{"targetId":"C59B71B57AF6E8C406A6A176DD9BC102"},"sessionId":"B79D3961D1F8A9753416737C5FF91814"}
00:19:40.316 [nioEventLoopGroup-10-1] DEBUG c.i.k.driver.chrome_1752427164460 - << {"method":"Target.targetDestroyed","params":{"targetId":"A194641B729FAA0436D466820DF691C1"},"sessionId":"B79D3961D1F8A9753416737C5FF91814"}
00:19:40.965 [main] DEBUG c.i.k.driver.chrome_1752427164460 - >> {"id":92,"sessionId":"B79D3961D1F8A9753416737C5FF91814","method":"Runtime.evaluate","params":{"expression":"(function(){ var fun = function(_){ return !_.disabled }; var e = document.querySelector(\"#react-burger-menu-btn\"); return fun(e) })()","returnByValue":true}}
00:19:40.967 [nioEventLoopGroup-10-1] DEBUG c.i.k.driver.chrome_1752427164460 - << {"id":92,"result":{"result":{"type":"object","subtype":"error","className":"TypeError","description":"TypeError: Cannot read properties of null (reading 'disabled')\n    at fun (<anonymous>:1:47)\n    at <anonymous>:1:124\n    at <anonymous>:1:133","objectId":"8060201554173058442.1.11"},"exceptionDetails":{"exceptionId":6,"text":"Uncaught","lineNumber":0,"columnNumber":46,"scriptId":"13","stackTrace":{"callFrames":[{"functionName":"fun","scriptId":"13","url":"","lineNumber":0,"columnNumber":46},{"functionName":"","scriptId":"13","url":"","lineNumber":0,"columnNumber":123},{"functionName":"","scriptId":"13","url":"","lineNumber":0,"columnNumber":132}]},"exception":{"type":"object","subtype":"error","className":"TypeError","description":"TypeError: Cannot read properties of null (reading 'disabled')\n    at fun (<anonymous>:1:47)\n    at <anonymous>:1:124\n    at <anonymous>:1:133","objectId":"8060201554173058442.1.12"}}},"sessionId":"B79D3961D1F8A9753416737C5FF91814"}
00:19:40.968 [nioEventLoopGroup-10-1] WARN  c.i.k.driver.chrome_1752427164460 - devtools error: [id: 92, sessionId: B79D3961D1F8A9753416737C5FF91814, result: [type: MAP, value: {type=object, subtype=error, className=TypeError, description=TypeError: Cannot read properties of null (reading 'disabled')
    at fun (<anonymous>:1:47)
    at <anonymous>:1:124
    at <anonymous>:1:133, objectId=8060201554173058442.1.11}]]
00:19:40.968 [main] WARN  c.i.k.driver.chrome_1752427164460 - js eval failed once:(function(){ var fun = function(_){ return !_.disabled }; var e = document.querySelector("#react-burger-menu-btn"); return fun(e) })(), error: [type: MAP, value: {type=object, subtype=error, className=TypeError, description=TypeError: Cannot read properties of null (reading 'disabled')
    at fun (<anonymous>:1:47)
    at <anonymous>:1:124
    at <anonymous>:1:133, objectId=8060201554173058442.1.11}]
00:19:41.105 [chrome_1752427164460-out] DEBUG c.i.k.driver.chrome_1752427164460 - Created TensorFlow Lite XNNPACK delegate for CPU.
00:19:41.105 [chrome_1752427164460-out] DEBUG c.i.k.driver.chrome_1752427164460 - Attempting to use a delegate that only supports static-sized tensors with a graph that has dynamic-sized tensors (tensor#-1 is a dynamic-sized tensor).
00:19:43.981 [main] DEBUG c.i.k.driver.chrome_1752427164460 - >> {"id":93,"sessionId":"B79D3961D1F8A9753416737C5FF91814","method":"Runtime.evaluate","params":{"expression":"(function(){ var fun = function(_){ return !_.disabled }; var e = document.querySelector(\"#react-burger-menu-btn\"); return fun(e) })()","returnByValue":true}}
00:19:43.984 [nioEventLoopGroup-10-1] DEBUG c.i.k.driver.chrome_1752427164460 - << {"id":93,"result":{"result":{"type":"object","subtype":"error","className":"TypeError","description":"TypeError: Cannot read properties of null (reading 'disabled')\n    at fun (<anonymous>:1:47)\n    at <anonymous>:1:124\n    at <anonymous>:1:133","objectId":"8060201554173058442.1.13"},"exceptionDetails":{"exceptionId":7,"text":"Uncaught","lineNumber":0,"columnNumber":46,"scriptId":"13","stackTrace":{"callFrames":[{"functionName":"fun","scriptId":"13","url":"","lineNumber":0,"columnNumber":46},{"functionName":"","scriptId":"13","url":"","lineNumber":0,"columnNumber":123},{"functionName":"","scriptId":"13","url":"","lineNumber":0,"columnNumber":132}]},"exception":{"type":"object","subtype":"error","className":"TypeError","description":"TypeError: Cannot read properties of null (reading 'disabled')\n    at fun (<anonymous>:1:47)\n    at <anonymous>:1:124\n    at <anonymous>:1:133","objectId":"8060201554173058442.1.14"}}},"sessionId":"B79D3961D1F8A9753416737C5FF91814"}
00:19:43.984 [nioEventLoopGroup-10-1] WARN  c.i.k.driver.chrome_1752427164460 - devtools error: [id: 93, sessionId: B79D3961D1F8A9753416737C5FF91814, result: [type: MAP, value: {type=object, subtype=error, className=TypeError, description=TypeError: Cannot read properties of null (reading 'disabled')
    at fun (<anonymous>:1:47)
    at <anonymous>:1:124
    at <anonymous>:1:133, objectId=8060201554173058442.1.13}]]
00:19:43.985 [main] ERROR c.i.k.driver.chrome_1752427164460 - js eval failed twice:(function(){ var fun = function(_){ return !_.disabled }; var e = document.querySelector("#react-burger-menu-btn"); return fun(e) })(), error: [type: MAP, value: {type=object, subtype=error, className=TypeError, description=TypeError: Cannot read properties of null (reading 'disabled')
    at fun (<anonymous>:1:47)
    at <anonymous>:1:124
    at <anonymous>:1:133, objectId=8060201554173058442.1.13}]
00:19:43.985 [main] WARN  c.i.k.driver.chrome_1752427164460 - waitUntil evaluate failed: js eval failed twice:(function(){ var fun = function(_){ return !_.disabled }; var e = document.querySelector("#react-burger-menu-btn"); return fun(e) })(), error: [type: MAP, value: {type=object, subtype=error, className=TypeError, description=TypeError: Cannot read properties of null (reading 'disabled')
    at fun (<anonymous>:1:47)
    at <anonymous>:1:124
    at <anonymous>:1:133, objectId=8060201554173058442.1.13}]
00:19:43.985 [main] DEBUG c.intuit.karate.driver.DriverOptions - waitUntil (js) - retry #3
00:19:47.002 [main] DEBUG c.i.k.driver.chrome_1752427164460 - >> {"id":94,"sessionId":"B79D3961D1F8A9753416737C5FF91814","method":"Runtime.evaluate","params":{"expression":"(function(){ var fun = function(_){ return !_.disabled }; var e = document.querySelector(\"#react-burger-menu-btn\"); return fun(e) })()","returnByValue":true}}
00:19:47.005 [nioEventLoopGroup-10-1] DEBUG c.i.k.driver.chrome_1752427164460 - << {"id":94,"result":{"result":{"type":"object","subtype":"error","className":"TypeError","description":"TypeError: Cannot read properties of null (reading 'disabled')\n    at fun (<anonymous>:1:47)\n    at <anonymous>:1:124\n    at <anonymous>:1:133","objectId":"8060201554173058442.1.15"},"exceptionDetails":{"exceptionId":8,"text":"Uncaught","lineNumber":0,"columnNumber":46,"scriptId":"13","stackTrace":{"callFrames":[{"functionName":"fun","scriptId":"13","url":"","lineNumber":0,"columnNumber":46},{"functionName":"","scriptId":"13","url":"","lineNumber":0,"columnNumber":123},{"functionName":"","scriptId":"13","url":"","lineNumber":0,"columnNumber":132}]},"exception":{"type":"object","subtype":"error","className":"TypeError","description":"TypeError: Cannot read properties of null (reading 'disabled')\n    at fun (<anonymous>:1:47)\n    at <anonymous>:1:124\n    at <anonymous>:1:133","objectId":"8060201554173058442.1.16"}}},"sessionId":"B79D3961D1F8A9753416737C5FF91814"}
00:19:47.005 [nioEventLoopGroup-10-1] WARN  c.i.k.driver.chrome_1752427164460 - devtools error: [id: 94, sessionId: B79D3961D1F8A9753416737C5FF91814, result: [type: MAP, value: {type=object, subtype=error, className=TypeError, description=TypeError: Cannot read properties of null (reading 'disabled')
    at fun (<anonymous>:1:47)
    at <anonymous>:1:124
    at <anonymous>:1:133, objectId=8060201554173058442.1.15}]]
00:19:47.006 [main] WARN  c.i.k.driver.chrome_1752427164460 - js eval failed once:(function(){ var fun = function(_){ return !_.disabled }; var e = document.querySelector("#react-burger-menu-btn"); return fun(e) })(), error: [type: MAP, value: {type=object, subtype=error, className=TypeError, description=TypeError: Cannot read properties of null (reading 'disabled')
    at fun (<anonymous>:1:47)
    at <anonymous>:1:124
    at <anonymous>:1:133, objectId=8060201554173058442.1.15}]
00:19:47.523 [nioEventLoopGroup-10-1] DEBUG c.i.k.driver.chrome_1752427164460 - << {"method":"Target.targetDestroyed","params":{"targetId":"8D4A840F0B9F11BEB8B47657ACC0160F"},"sessionId":"B79D3961D1F8A9753416737C5FF91814"}
00:19:50.007 [main] DEBUG c.i.k.driver.chrome_1752427164460 - >> {"id":95,"sessionId":"B79D3961D1F8A9753416737C5FF91814","method":"Runtime.evaluate","params":{"expression":"(function(){ var fun = function(_){ return !_.disabled }; var e = document.querySelector(\"#react-burger-menu-btn\"); return fun(e) })()","returnByValue":true}}
00:19:50.010 [nioEventLoopGroup-10-1] DEBUG c.i.k.driver.chrome_1752427164460 - << {"id":95,"result":{"result":{"type":"object","subtype":"error","className":"TypeError","description":"TypeError: Cannot read properties of null (reading 'disabled')\n    at fun (<anonymous>:1:47)\n    at <anonymous>:1:124\n    at <anonymous>:1:133","objectId":"8060201554173058442.1.17"},"exceptionDetails":{"exceptionId":9,"text":"Uncaught","lineNumber":0,"columnNumber":46,"scriptId":"13","stackTrace":{"callFrames":[{"functionName":"fun","scriptId":"13","url":"","lineNumber":0,"columnNumber":46},{"functionName":"","scriptId":"13","url":"","lineNumber":0,"columnNumber":123},{"functionName":"","scriptId":"13","url":"","lineNumber":0,"columnNumber":132}]},"exception":{"type":"object","subtype":"error","className":"TypeError","description":"TypeError: Cannot read properties of null (reading 'disabled')\n    at fun (<anonymous>:1:47)\n    at <anonymous>:1:124\n    at <anonymous>:1:133","objectId":"8060201554173058442.1.18"}}},"sessionId":"B79D3961D1F8A9753416737C5FF91814"}
00:19:50.011 [nioEventLoopGroup-10-1] WARN  c.i.k.driver.chrome_1752427164460 - devtools error: [id: 95, sessionId: B79D3961D1F8A9753416737C5FF91814, result: [type: MAP, value: {type=object, subtype=error, className=TypeError, description=TypeError: Cannot read properties of null (reading 'disabled')
    at fun (<anonymous>:1:47)
    at <anonymous>:1:124
    at <anonymous>:1:133, objectId=8060201554173058442.1.17}]]
00:19:50.011 [main] ERROR c.i.k.driver.chrome_1752427164460 - js eval failed twice:(function(){ var fun = function(_){ return !_.disabled }; var e = document.querySelector("#react-burger-menu-btn"); return fun(e) })(), error: [type: MAP, value: {type=object, subtype=error, className=TypeError, description=TypeError: Cannot read properties of null (reading 'disabled')
    at fun (<anonymous>:1:47)
    at <anonymous>:1:124
    at <anonymous>:1:133, objectId=8060201554173058442.1.17}]
00:19:50.012 [main] WARN  c.i.k.driver.chrome_1752427164460 - waitUntil evaluate failed: js eval failed twice:(function(){ var fun = function(_){ return !_.disabled }; var e = document.querySelector("#react-burger-menu-btn"); return fun(e) })(), error: [type: MAP, value: {type=object, subtype=error, className=TypeError, description=TypeError: Cannot read properties of null (reading 'disabled')
    at fun (<anonymous>:1:47)
    at <anonymous>:1:124
    at <anonymous>:1:133, objectId=8060201554173058442.1.17}]
00:19:50.012 [main] DEBUG c.intuit.karate.driver.DriverOptions - waitUntil (js) - retry #4
00:19:53.016 [main] DEBUG c.i.k.driver.chrome_1752427164460 - >> {"id":96,"sessionId":"B79D3961D1F8A9753416737C5FF91814","method":"Runtime.evaluate","params":{"expression":"(function(){ var fun = function(_){ return !_.disabled }; var e = document.querySelector(\"#react-burger-menu-btn\"); return fun(e) })()","returnByValue":true}}
00:19:53.018 [nioEventLoopGroup-10-1] DEBUG c.i.k.driver.chrome_1752427164460 - << {"id":96,"result":{"result":{"type":"object","subtype":"error","className":"TypeError","description":"TypeError: Cannot read properties of null (reading 'disabled')\n    at fun (<anonymous>:1:47)\n    at <anonymous>:1:124\n    at <anonymous>:1:133","objectId":"8060201554173058442.1.19"},"exceptionDetails":{"exceptionId":10,"text":"Uncaught","lineNumber":0,"columnNumber":46,"scriptId":"13","stackTrace":{"callFrames":[{"functionName":"fun","scriptId":"13","url":"","lineNumber":0,"columnNumber":46},{"functionName":"","scriptId":"13","url":"","lineNumber":0,"columnNumber":123},{"functionName":"","scriptId":"13","url":"","lineNumber":0,"columnNumber":132}]},"exception":{"type":"object","subtype":"error","className":"TypeError","description":"TypeError: Cannot read properties of null (reading 'disabled')\n    at fun (<anonymous>:1:47)\n    at <anonymous>:1:124\n    at <anonymous>:1:133","objectId":"8060201554173058442.1.20"}}},"sessionId":"B79D3961D1F8A9753416737C5FF91814"}
00:19:53.019 [nioEventLoopGroup-10-1] WARN  c.i.k.driver.chrome_1752427164460 - devtools error: [id: 96, sessionId: B79D3961D1F8A9753416737C5FF91814, result: [type: MAP, value: {type=object, subtype=error, className=TypeError, description=TypeError: Cannot read properties of null (reading 'disabled')
    at fun (<anonymous>:1:47)
    at <anonymous>:1:124
    at <anonymous>:1:133, objectId=8060201554173058442.1.19}]]
00:19:53.019 [main] WARN  c.i.k.driver.chrome_1752427164460 - js eval failed once:(function(){ var fun = function(_){ return !_.disabled }; var e = document.querySelector("#react-burger-menu-btn"); return fun(e) })(), error: [type: MAP, value: {type=object, subtype=error, className=TypeError, description=TypeError: Cannot read properties of null (reading 'disabled')
    at fun (<anonymous>:1:47)
    at <anonymous>:1:124
    at <anonymous>:1:133, objectId=8060201554173058442.1.19}]
00:19:56.031 [main] DEBUG c.i.k.driver.chrome_1752427164460 - >> {"id":97,"sessionId":"B79D3961D1F8A9753416737C5FF91814","method":"Runtime.evaluate","params":{"expression":"(function(){ var fun = function(_){ return !_.disabled }; var e = document.querySelector(\"#react-burger-menu-btn\"); return fun(e) })()","returnByValue":true}}
00:19:56.034 [nioEventLoopGroup-10-1] DEBUG c.i.k.driver.chrome_1752427164460 - << {"id":97,"result":{"result":{"type":"object","subtype":"error","className":"TypeError","description":"TypeError: Cannot read properties of null (reading 'disabled')\n    at fun (<anonymous>:1:47)\n    at <anonymous>:1:124\n    at <anonymous>:1:133","objectId":"8060201554173058442.1.21"},"exceptionDetails":{"exceptionId":11,"text":"Uncaught","lineNumber":0,"columnNumber":46,"scriptId":"13","stackTrace":{"callFrames":[{"functionName":"fun","scriptId":"13","url":"","lineNumber":0,"columnNumber":46},{"functionName":"","scriptId":"13","url":"","lineNumber":0,"columnNumber":123},{"functionName":"","scriptId":"13","url":"","lineNumber":0,"columnNumber":132}]},"exception":{"type":"object","subtype":"error","className":"TypeError","description":"TypeError: Cannot read properties of null (reading 'disabled')\n    at fun (<anonymous>:1:47)\n    at <anonymous>:1:124\n    at <anonymous>:1:133","objectId":"8060201554173058442.1.22"}}},"sessionId":"B79D3961D1F8A9753416737C5FF91814"}
00:19:56.035 [nioEventLoopGroup-10-1] WARN  c.i.k.driver.chrome_1752427164460 - devtools error: [id: 97, sessionId: B79D3961D1F8A9753416737C5FF91814, result: [type: MAP, value: {type=object, subtype=error, className=TypeError, description=TypeError: Cannot read properties of null (reading 'disabled')
    at fun (<anonymous>:1:47)
    at <anonymous>:1:124
    at <anonymous>:1:133, objectId=8060201554173058442.1.21}]]
00:19:56.035 [main] ERROR c.i.k.driver.chrome_1752427164460 - js eval failed twice:(function(){ var fun = function(_){ return !_.disabled }; var e = document.querySelector("#react-burger-menu-btn"); return fun(e) })(), error: [type: MAP, value: {type=object, subtype=error, className=TypeError, description=TypeError: Cannot read properties of null (reading 'disabled')
    at fun (<anonymous>:1:47)
    at <anonymous>:1:124
    at <anonymous>:1:133, objectId=8060201554173058442.1.21}]
00:19:56.035 [main] WARN  c.i.k.driver.chrome_1752427164460 - waitUntil evaluate failed: js eval failed twice:(function(){ var fun = function(_){ return !_.disabled }; var e = document.querySelector("#react-burger-menu-btn"); return fun(e) })(), error: [type: MAP, value: {type=object, subtype=error, className=TypeError, description=TypeError: Cannot read properties of null (reading 'disabled')
    at fun (<anonymous>:1:47)
    at <anonymous>:1:124
    at <anonymous>:1:133, objectId=8060201554173058442.1.21}]
00:19:56.036 [main] DEBUG c.intuit.karate.driver.DriverOptions - waitUntil (js) - retry #5
00:19:57.594 [nioEventLoopGroup-10-1] DEBUG c.i.k.driver.chrome_1752427164460 - << {"method":"Target.targetDestroyed","params":{"targetId":"A5264D676B127FF34807565DC4952F7C"},"sessionId":"B79D3961D1F8A9753416737C5FF91814"}
00:19:57.984 [nioEventLoopGroup-10-1] DEBUG c.i.k.driver.chrome_1752427164460 - << {"method":"Target.targetDestroyed","params":{"targetId":"4981019062F5BF1CEFD2FE5470D6A04E"},"sessionId":"B79D3961D1F8A9753416737C5FF91814"}
00:19:59.051 [main] DEBUG c.i.k.driver.chrome_1752427164460 - >> {"id":98,"sessionId":"B79D3961D1F8A9753416737C5FF91814","method":"Runtime.evaluate","params":{"expression":"(function(){ var fun = function(_){ return !_.disabled }; var e = document.querySelector(\"#react-burger-menu-btn\"); return fun(e) })()","returnByValue":true}}
00:19:59.053 [nioEventLoopGroup-10-1] DEBUG c.i.k.driver.chrome_1752427164460 - << {"id":98,"result":{"result":{"type":"object","subtype":"error","className":"TypeError","description":"TypeError: Cannot read properties of null (reading 'disabled')\n    at fun (<anonymous>:1:47)\n    at <anonymous>:1:124\n    at <anonymous>:1:133","objectId":"8060201554173058442.1.23"},"exceptionDetails":{"exceptionId":12,"text":"Uncaught","lineNumber":0,"columnNumber":46,"scriptId":"13","stackTrace":{"callFrames":[{"functionName":"fun","scriptId":"13","url":"","lineNumber":0,"columnNumber":46},{"functionName":"","scriptId":"13","url":"","lineNumber":0,"columnNumber":123},{"functionName":"","scriptId":"13","url":"","lineNumber":0,"columnNumber":132}]},"exception":{"type":"object","subtype":"error","className":"TypeError","description":"TypeError: Cannot read properties of null (reading 'disabled')\n    at fun (<anonymous>:1:47)\n    at <anonymous>:1:124\n    at <anonymous>:1:133","objectId":"8060201554173058442.1.24"}}},"sessionId":"B79D3961D1F8A9753416737C5FF91814"}
00:19:59.054 [nioEventLoopGroup-10-1] WARN  c.i.k.driver.chrome_1752427164460 - devtools error: [id: 98, sessionId: B79D3961D1F8A9753416737C5FF91814, result: [type: MAP, value: {type=object, subtype=error, className=TypeError, description=TypeError: Cannot read properties of null (reading 'disabled')
    at fun (<anonymous>:1:47)
    at <anonymous>:1:124
    at <anonymous>:1:133, objectId=8060201554173058442.1.23}]]
00:19:59.054 [main] WARN  c.i.k.driver.chrome_1752427164460 - js eval failed once:(function(){ var fun = function(_){ return !_.disabled }; var e = document.querySelector("#react-burger-menu-btn"); return fun(e) })(), error: [type: MAP, value: {type=object, subtype=error, className=TypeError, description=TypeError: Cannot read properties of null (reading 'disabled')
    at fun (<anonymous>:1:47)
    at <anonymous>:1:124
    at <anonymous>:1:133, objectId=8060201554173058442.1.23}]
00:20:01.023 [chrome_1752427164460-out] DEBUG c.i.k.driver.chrome_1752427164460 - [4104:6028:0714/002001.023:ERROR:google_apis\gcm\engine\registration_request.cc:291] Registration response error message: DEPRECATED_ENDPOINT
00:20:02.069 [main] DEBUG c.i.k.driver.chrome_1752427164460 - >> {"id":99,"sessionId":"B79D3961D1F8A9753416737C5FF91814","method":"Runtime.evaluate","params":{"expression":"(function(){ var fun = function(_){ return !_.disabled }; var e = document.querySelector(\"#react-burger-menu-btn\"); return fun(e) })()","returnByValue":true}}
00:20:02.071 [nioEventLoopGroup-10-1] DEBUG c.i.k.driver.chrome_1752427164460 - << {"id":99,"result":{"result":{"type":"object","subtype":"error","className":"TypeError","description":"TypeError: Cannot read properties of null (reading 'disabled')\n    at fun (<anonymous>:1:47)\n    at <anonymous>:1:124\n    at <anonymous>:1:133","objectId":"8060201554173058442.1.25"},"exceptionDetails":{"exceptionId":13,"text":"Uncaught","lineNumber":0,"columnNumber":46,"scriptId":"13","stackTrace":{"callFrames":[{"functionName":"fun","scriptId":"13","url":"","lineNumber":0,"columnNumber":46},{"functionName":"","scriptId":"13","url":"","lineNumber":0,"columnNumber":123},{"functionName":"","scriptId":"13","url":"","lineNumber":0,"columnNumber":132}]},"exception":{"type":"object","subtype":"error","className":"TypeError","description":"TypeError: Cannot read properties of null (reading 'disabled')\n    at fun (<anonymous>:1:47)\n    at <anonymous>:1:124\n    at <anonymous>:1:133","objectId":"8060201554173058442.1.26"}}},"sessionId":"B79D3961D1F8A9753416737C5FF91814"}
00:20:02.072 [nioEventLoopGroup-10-1] WARN  c.i.k.driver.chrome_1752427164460 - devtools error: [id: 99, sessionId: B79D3961D1F8A9753416737C5FF91814, result: [type: MAP, value: {type=object, subtype=error, className=TypeError, description=TypeError: Cannot read properties of null (reading 'disabled')
    at fun (<anonymous>:1:47)
    at <anonymous>:1:124
    at <anonymous>:1:133, objectId=8060201554173058442.1.25}]]
00:20:02.072 [main] ERROR c.i.k.driver.chrome_1752427164460 - js eval failed twice:(function(){ var fun = function(_){ return !_.disabled }; var e = document.querySelector("#react-burger-menu-btn"); return fun(e) })(), error: [type: MAP, value: {type=object, subtype=error, className=TypeError, description=TypeError: Cannot read properties of null (reading 'disabled')
    at fun (<anonymous>:1:47)
    at <anonymous>:1:124
    at <anonymous>:1:133, objectId=8060201554173058442.1.25}]
00:20:02.073 [main] WARN  c.i.k.driver.chrome_1752427164460 - waitUntil evaluate failed: js eval failed twice:(function(){ var fun = function(_){ return !_.disabled }; var e = document.querySelector("#react-burger-menu-btn"); return fun(e) })(), error: [type: MAP, value: {type=object, subtype=error, className=TypeError, description=TypeError: Cannot read properties of null (reading 'disabled')
    at fun (<anonymous>:1:47)
    at <anonymous>:1:124
    at <anonymous>:1:133, objectId=8060201554173058442.1.25}]
00:20:02.073 [main] WARN  c.intuit.karate.driver.DriverOptions - waitUntil (js): failed after 5 retries and 33166 milliseconds
00:20:02.082 [main] ERROR com.intuit.karate - classpath:UI/HomePageUI/HomePage.feature:30
* waitForEnabled(homePage.burgerMenuBtn).click()
js failed:
>>>>
01: waitForEnabled(homePage.burgerMenuBtn).click()
<<<<
org.graalvm.polyglot.PolyglotException: waitUntil (js): failed after 5 retries and 33166 milliseconds
- com.intuit.karate.driver.DriverOptions.retry(DriverOptions.java:517)
- com.intuit.karate.driver.DevToolsDriver.waitUntil(DevToolsDriver.java:777)
- com.intuit.karate.driver.DriverOptions.waitUntil(DriverOptions.java:674)
- com.intuit.karate.driver.Driver.waitUntil(Driver.java:283)
- com.intuit.karate.driver.Driver.waitForEnabled(Driver.java:252)
- <js>.:anonymous(Unnamed:1)

classpath:UI/HomePageUI/HomePage.feature:30
00:20:02.082 [main] DEBUG c.i.k.driver.chrome_1752427164460 - >> {"id":100,"sessionId":"B79D3961D1F8A9753416737C5FF91814","method":"Page.captureScreenshot"}
00:20:02.332 [nioEventLoopGroup-10-1] DEBUG c.i.k.driver.chrome_1752427164460 - << {"id":100,"result":{"data":"iVBORw0KGgoAAAANSUhEUgAAA6EAAAPFCAIAAAAbXHkxAAAAAXNSR0IArs4c6QAAIABJREFUeJzs3XtclGX+//EPCsxQMrMSgyVg2wCLIBbmYTAVK6NWpFqhtcQtdbOkrTzseuigteuhUtuf1Vrppkm1arkr7paHbUm3MFNME1uVXIW+KbgrQ7jMYMwAyu+PexgGBEQFRy5fz4ePhzP33IfPfd9zeHPNdV/jU1bzgwAAAAAK6eTtAgAAAIA2RsYFAACAasi4AAAAUA0ZFwAAAKoh4wIAAEA1ZFwAAACohowLAAAA1ZBxAQAAoBoyLgAAAFRDxgUAAIBqyLgAAABQDRkXAAAAqiHjAgAAQDVkXAAAAKiGjAsAAADVkHEBAACgGjIuAAAAVEPGBQAAgGrIuAAAAFANGRcAAACqIeMCAABANWRcAAAAqIaMCwAAANWQcQEAAKAaMi4AAABUQ8YFAACAasi4AAAAUA0ZFwAAAKoh4wIAAEA1ZFwAAACohowLAAAA1ZBxAQAAoBoyLgAAAFRDxgUAAIBqyLgAAABQDRkXAAAAqiHjAgAAQDVkXAAAAKiGjAsAAADVkHEBAACgGjIuAAAAVEPGBQAAgGrIuAAAAFANGRcAAACqIeMC6IBs36ybP/6ufjdHRcdFRcdF9bt7zPwtRU5vV3VRPp8SHRcVPS2nTVeaMzUuKjpuStuuFAA6AjIugI6m8L37Bt331LtfFtqrXFPs3+56d/Jt/dIzC71cGgDgMkHGBdCxfLNowoJ9VRI4ZOafPt9z+ND+w4f27/985aM9Raq+nj9hcYG36wMAXA7IuAA6lKIvtxWLyO1zXn/QYtJp03Sm/tPfWzRERIo3Z+V7u0IAwGXA19sFAMD5cYpI6A1mXcOphtsnPXOvKV/M3ioLAHA5oR0XQIcSdkOMiBRv3ti4vVYXP3b+gpfmp8WIiBx8+c6o6LgxWaV1j26ZEh3X1JSG13g1vJSt16D0mVmFtqbr ...
00:20:02.348 [main] ERROR com.intuit.karate - classpath:UI/HomePageUI/Home.feature:106
When call read('HomePage.feature@action_openBurgerMenu')
js failed:
>>>>
01: waitForEnabled(homePage.burgerMenuBtn).click()
<<<<
org.graalvm.polyglot.PolyglotException: waitUntil (js): failed after 5 retries and 33166 milliseconds
- com.intuit.karate.driver.DriverOptions.retry(DriverOptions.java:517)
- com.intuit.karate.driver.DevToolsDriver.waitUntil(DevToolsDriver.java:777)
- com.intuit.karate.driver.DriverOptions.waitUntil(DriverOptions.java:674)
- com.intuit.karate.driver.Driver.waitUntil(Driver.java:283)
- com.intuit.karate.driver.Driver.waitForEnabled(Driver.java:252)
- <js>.:anonymous(Unnamed:1)

classpath:UI/HomePageUI/HomePage.feature:30
classpath:UI/HomePageUI/Home.feature:106
00:20:02.349 [main] DEBUG c.i.k.driver.chrome_1752427164460 - >> {"id":101,"sessionId":"B79D3961D1F8A9753416737C5FF91814","method":"Target.closeTarget","params":{"targetId":"710BB3B7E80D22A0891E0FFA069F0AEE"}}
00:20:02.354 [nioEventLoopGroup-10-1] DEBUG c.i.k.http.WebSocketClientHandler - websocket closing
00:20:02.355 [nioEventLoopGroup-10-1] DEBUG c.i.k.http.WebSocketClientHandler - websocket client disconnected
00:20:02.360 [main] DEBUG com.intuit.karate.shell.Command - closing command: chrome_1752427164460
00:20:02.377 [main] INFO  com.intuit.karate - karate.env system property was: null 
00:20:02.392 [main] DEBUG com.intuit.karate.shell.Command - found / verified free local port: 65138
00:20:02.392 [main] WARN  c.intuit.karate.driver.DriverOptions - preferred port 9222 not available, will use: 65138
00:20:02.400 [chrome_1752427202391] DEBUG c.i.k.driver.chrome_1752427202391 - command: [C:\Program Files\Google\Chrome\Application\chrome.exe, --remote-debugging-port=65138, --remote-allow-origins=*, --no-first-run, --user-data-dir=E:\Duy\Projects\practices\karate_framework\demo\target\chrome_1752427202391, --disable-popup-blocking, --disable-features=PasswordManager, --incognito], working dir: target\chrome_1752427202391
00:20:02.400 [main] DEBUG c.i.k.driver.chrome_1752427202391 - poll attempt #0 for port to be ready - localhost:65138
00:20:02.664 [main] DEBUG c.i.k.driver.chrome_1752427202391 - poll attempt #1 for port to be ready - localhost:65138
00:20:02.700 [chrome_1752427164460] WARN  com.intuit.karate.shell.Command - exit code was non-zero: 1 - [C:\Program Files\Google\Chrome\Application\chrome.exe, --remote-debugging-port=65067, --remote-allow-origins=*, --no-first-run, --user-data-dir=E:\Duy\Projects\practices\karate_framework\demo\target\chrome_1752427164460, --disable-popup-blocking, --disable-features=PasswordManager, --incognito] working dir: target\chrome_1752427164460
00:20:02.917 [main] DEBUG c.i.k.driver.chrome_1752427202391 - poll attempt #2 for port to be ready - localhost:65138
00:20:03.070 [chrome_1752427202391-out] DEBUG c.i.k.driver.chrome_1752427202391 - 
00:20:03.070 [chrome_1752427202391-out] DEBUG c.i.k.driver.chrome_1752427202391 - DevTools listening on ws://127.0.0.1:65138/devtools/browser/112ff0ce-3238-4152-ba50-711c151df8b9
00:20:03.190 [main] DEBUG c.i.k.driver.chrome_1752427202391 - poll attempt #3 for port to be ready - localhost:65138
00:20:03.221 [main] DEBUG com.intuit.karate - request:
1 > GET http://localhost:65138/json
1 > Host: localhost:65138
1 > Connection: Keep-Alive
1 > User-Agent: Apache-HttpClient/4.5.14 (Java/21.0.7)
1 > Accept-Encoding: gzip,deflate


00:20:03.415 [main] DEBUG com.intuit.karate - response time in milliseconds: 194
1 < 200
1 < Content-Security-Policy: frame-ancestors 'none'
1 < Content-Length: 1430
1 < Content-Type: application/json; charset=UTF-8
[ {
   "description": "",
   "devtoolsFrontendUrl": "https://chrome-devtools-frontend.appspot.com/serve_rev/@a2159ad9ab8037bd34a21b9903003e0964c2075b/inspector.html?ws=localhost:65138/devtools/page/1C34A1AD6B18B4B4BB3ACA2D7D066D47",
   "id": "1C34A1AD6B18B4B4BB3ACA2D7D066D47",
   "title": "Google Hangouts",
   "type": "background_page",
   "url": "chrome-extension://nkeimhogjdpnpccoofpliimaahmaaome/background.html",
   "webSocketDebuggerUrl": "ws://localhost:65138/devtools/page/1C34A1AD6B18B4B4BB3ACA2D7D066D47"
}, {
   "description": "",
   "devtoolsFrontendUrl": "https://chrome-devtools-frontend.appspot.com/serve_rev/@a2159ad9ab8037bd34a21b9903003e0964c2075b/inspector.html?ws=localhost:65138/devtools/page/54F4AFB391D2B6C831B82CC1FC1AC017",
   "id": "54F4AFB391D2B6C831B82CC1FC1AC017",
   "title": "",
   "type": "other",
   "url": "",
   "webSocketDebuggerUrl": "ws://localhost:65138/devtools/page/54F4AFB391D2B6C831B82CC1FC1AC017"
}, {
   "description": "",
   "devtoolsFrontendUrl": "https://chrome-devtools-frontend.appspot.com/serve_rev/@a2159ad9ab8037bd34a21b9903003e0964c2075b/inspector.html?ws=localhost:65138/devtools/page/CA3C8A4CE263528FDCC467BD0D1C198F",
   "id": "CA3C8A4CE263528FDCC467BD0D1C198F",
   "title": "New Incognito Tab",
   "type": "page",
   "url": "chrome://newtab/",
   "webSocketDebuggerUrl": "ws://localhost:65138/devtools/page/CA3C8A4CE263528FDCC467BD0D1C198F"
} ]


00:20:03.416 [main] DEBUG com.intuit.karate.shell.Command - ready to accept http connections after 206 ms - http://localhost:65138/json
00:20:03.419 [main] DEBUG com.intuit.karate - request:
1 > GET http://localhost:65138/json
1 > Host: localhost:65138
1 > Connection: Keep-Alive
1 > User-Agent: Apache-HttpClient/4.5.14 (Java/21.0.7)
1 > Accept-Encoding: gzip,deflate


00:20:03.461 [main] DEBUG com.intuit.karate - response time in milliseconds: 41
1 < 200
1 < Content-Security-Policy: frame-ancestors 'none'
1 < Content-Length: 1522
1 < Content-Type: application/json; charset=UTF-8
[ {
   "description": "",
   "devtoolsFrontendUrl": "https://chrome-devtools-frontend.appspot.com/serve_rev/@a2159ad9ab8037bd34a21b9903003e0964c2075b/inspector.html?ws=localhost:65138/devtools/page/1C34A1AD6B18B4B4BB3ACA2D7D066D47",
   "id": "1C34A1AD6B18B4B4BB3ACA2D7D066D47",
   "title": "Google Hangouts",
   "type": "background_page",
   "url": "chrome-extension://nkeimhogjdpnpccoofpliimaahmaaome/background.html",
   "webSocketDebuggerUrl": "ws://localhost:65138/devtools/page/1C34A1AD6B18B4B4BB3ACA2D7D066D47"
}, {
   "description": "",
   "devtoolsFrontendUrl": "https://chrome-devtools-frontend.appspot.com/serve_rev/@a2159ad9ab8037bd34a21b9903003e0964c2075b/inspector.html?ws=localhost:65138/devtools/page/54F4AFB391D2B6C831B82CC1FC1AC017",
   "id": "54F4AFB391D2B6C831B82CC1FC1AC017",
   "title": "Google Hangouts",
   "type": "background_page",
   "url": "chrome-extension://nkeimhogjdpnpccoofpliimaahmaaome/background.html",
   "webSocketDebuggerUrl": "ws://localhost:65138/devtools/page/54F4AFB391D2B6C831B82CC1FC1AC017"
}, {
   "description": "",
   "devtoolsFrontendUrl": "https://chrome-devtools-frontend.appspot.com/serve_rev/@a2159ad9ab8037bd34a21b9903003e0964c2075b/inspector.html?ws=localhost:65138/devtools/page/CA3C8A4CE263528FDCC467BD0D1C198F",
   "id": "CA3C8A4CE263528FDCC467BD0D1C198F",
   "title": "New Incognito Tab",
   "type": "page",
   "url": "chrome://newtab/",
   "webSocketDebuggerUrl": "ws://localhost:65138/devtools/page/CA3C8A4CE263528FDCC467BD0D1C198F"
} ]


00:20:03.466 [main] DEBUG c.i.k.driver.chrome_1752427202391 - root frame id: CA3C8A4CE263528FDCC467BD0D1C198F
00:20:03.630 [nioEventLoopGroup-11-1] DEBUG c.i.k.http.WebSocketClientHandler - websocket client connected
00:20:03.634 [main] DEBUG c.i.k.driver.chrome_1752427202391 - >> {"id":1,"method":"Target.attachToTarget","params":{"targetId":"CA3C8A4CE263528FDCC467BD0D1C198F","flatten":true}}
00:20:03.637 [nioEventLoopGroup-11-1] DEBUG c.i.k.driver.chrome_1752427202391 - << {"method":"Target.attachedToTarget","params":{"sessionId":"9940F3F1926B4B41A92C0246E7352B65","targetInfo":{"targetId":"CA3C8A4CE263528FDCC467BD0D1C198F","type":"page","title":"New Incognito Tab","url":"chrome://newtab/","attached":true,"canAccessOpener":false,"browserContextId":"E2FCB86D4F54843C621E1E95FBD7371C"},"waitingForDebugger":false}}
00:20:03.638 [nioEventLoopGroup-11-1] DEBUG c.i.k.driver.chrome_1752427202391 - << {"id":1,"result":{"sessionId":"9940F3F1926B4B41A92C0246E7352B65"}}
00:20:03.653 [main] DEBUG c.i.k.driver.chrome_1752427202391 - >> {"id":2,"sessionId":"9940F3F1926B4B41A92C0246E7352B65","method":"Target.activateTarget","params":{"targetId":"CA3C8A4CE263528FDCC467BD0D1C198F"}}
00:20:03.657 [nioEventLoopGroup-11-1] DEBUG c.i.k.driver.chrome_1752427202391 - << {"id":2,"result":{},"sessionId":"9940F3F1926B4B41A92C0246E7352B65"}
00:20:03.661 [main] DEBUG c.i.k.driver.chrome_1752427202391 - >> {"id":3,"sessionId":"9940F3F1926B4B41A92C0246E7352B65","method":"Target.setDiscoverTargets","params":{"discover":true}}
00:20:03.663 [nioEventLoopGroup-11-1] DEBUG c.i.k.driver.chrome_1752427202391 - << {"method":"Target.targetCreated","params":{"targetInfo":{"targetId":"1C34A1AD6B18B4B4BB3ACA2D7D066D47","type":"background_page","title":"Google Hangouts","url":"chrome-extension://nkeimhogjdpnpccoofpliimaahmaaome/background.html","attached":false,"canAccessOpener":false,"browserContextId":"E2FCB86D4F54843C621E1E95FBD7371C"}},"sessionId":"9940F3F1926B4B41A92C0246E7352B65"}
00:20:03.663 [nioEventLoopGroup-11-1] DEBUG c.i.k.driver.chrome_1752427202391 - << {"method":"Target.targetCreated","params":{"targetInfo":{"targetId":"54F4AFB391D2B6C831B82CC1FC1AC017","type":"background_page","title":"Google Hangouts","url":"chrome-extension://nkeimhogjdpnpccoofpliimaahmaaome/background.html","attached":false,"canAccessOpener":false,"browserContextId":"0C1C41D8C6F1555EFCA3FFAD7590A387"}},"sessionId":"9940F3F1926B4B41A92C0246E7352B65"}
00:20:03.664 [nioEventLoopGroup-11-1] DEBUG c.i.k.driver.chrome_1752427202391 - << {"method":"Target.targetCreated","params":{"targetInfo":{"targetId":"CA3C8A4CE263528FDCC467BD0D1C198F","type":"page","title":"New Incognito Tab","url":"chrome://newtab/","attached":true,"canAccessOpener":false,"browserContextId":"E2FCB86D4F54843C621E1E95FBD7371C"}},"sessionId":"9940F3F1926B4B41A92C0246E7352B65"}
00:20:03.664 [nioEventLoopGroup-11-1] DEBUG c.i.k.driver.chrome_1752427202391 - << {"id":3,"result":{},"sessionId":"9940F3F1926B4B41A92C0246E7352B65"}
00:20:03.675 [main] DEBUG c.i.k.driver.chrome_1752427202391 - >> {"id":4,"sessionId":"9940F3F1926B4B41A92C0246E7352B65","method":"Page.enable"}
00:20:03.722 [nioEventLoopGroup-11-1] DEBUG c.i.k.driver.chrome_1752427202391 - << {"id":4,"result":{},"sessionId":"9940F3F1926B4B41A92C0246E7352B65"}
00:20:03.738 [main] DEBUG c.i.k.driver.chrome_1752427202391 - >> {"id":5,"sessionId":"9940F3F1926B4B41A92C0246E7352B65","method":"Runtime.enable"}
00:20:03.750 [nioEventLoopGroup-11-1] DEBUG c.i.k.driver.chrome_1752427202391 - << {"method":"Runtime.executionContextCreated","params":{"context":{"id":1,"origin":"chrome://newtab","name":"","uniqueId":"8598941624533463.-6026125510306878393","auxData":{"isDefault":true,"type":"default","frameId":"CA3C8A4CE263528FDCC467BD0D1C198F"}}},"sessionId":"9940F3F1926B4B41A92C0246E7352B65"}
00:20:03.751 [nioEventLoopGroup-11-1] DEBUG c.i.k.driver.chrome_1752427202391 - << {"id":5,"result":{},"sessionId":"9940F3F1926B4B41A92C0246E7352B65"}
00:20:03.751 [main] DEBUG c.i.k.driver.chrome_1752427202391 - >> {"id":6,"sessionId":"9940F3F1926B4B41A92C0246E7352B65","method":"Browser.getWindowForTarget","params":{"targetId":"CA3C8A4CE263528FDCC467BD0D1C198F"}}
00:20:03.753 [nioEventLoopGroup-11-1] DEBUG c.i.k.driver.chrome_1752427202391 - << {"id":6,"result":{"windowId":1856293383,"bounds":{"left":10,"top":10,"width":945,"height":1060,"windowState":"normal"}},"sessionId":"9940F3F1926B4B41A92C0246E7352B65"}
00:20:03.758 [nioEventLoopGroup-11-1] DEBUG c.i.k.driver.chrome_1752427202391 - << {"method":"Page.domContentEventFired","params":{"timestamp":35146.407511},"sessionId":"9940F3F1926B4B41A92C0246E7352B65"}
00:20:03.772 [main] DEBUG c.i.k.driver.chrome_1752427202391 - >> {"id":7,"sessionId":"9940F3F1926B4B41A92C0246E7352B65","method":"Page.navigate","params":{"url":"https:\/\/saucedemo.com\/"}}
00:20:03.784 [nioEventLoopGroup-11-1] DEBUG c.i.k.driver.chrome_1752427202391 - << {"method":"Page.frameStartedNavigating","params":{"frameId":"CA3C8A4CE263528FDCC467BD0D1C198F","url":"https://saucedemo.com/","loaderId":"BF7CD98CB32BAD574BAC63123D28CC8F","navigationType":"differentDocument"},"sessionId":"9940F3F1926B4B41A92C0246E7352B65"}
00:20:03.784 [nioEventLoopGroup-11-1] DEBUG c.i.k.driver.chrome_1752427202391 - << {"method":"Page.frameStartedLoading","params":{"frameId":"CA3C8A4CE263528FDCC467BD0D1C198F"},"sessionId":"9940F3F1926B4B41A92C0246E7352B65"}
00:20:03.809 [nioEventLoopGroup-11-1] DEBUG c.i.k.driver.chrome_1752427202391 - << {"method":"Page.loadEventFired","params":{"timestamp":35146.45946},"sessionId":"9940F3F1926B4B41A92C0246E7352B65"}
00:20:03.810 [nioEventLoopGroup-11-1] DEBUG c.i.k.driver.chrome_1752427202391 - << {"method":"Page.frameStartedLoading","params":{"frameId":"CA3C8A4CE263528FDCC467BD0D1C198F"},"sessionId":"9940F3F1926B4B41A92C0246E7352B65"}
00:20:03.843 [nioEventLoopGroup-11-1] DEBUG c.i.k.driver.chrome_1752427202391 - << {"method":"Target.targetInfoChanged","params":{"targetInfo":{"targetId":"1C34A1AD6B18B4B4BB3ACA2D7D066D47","type":"background_page","title":"Google Hangouts","url":"chrome-extension://nkeimhogjdpnpccoofpliimaahmaaome/background.html","attached":false,"canAccessOpener":false,"browserContextId":"E2FCB86D4F54843C621E1E95FBD7371C"}},"sessionId":"9940F3F1926B4B41A92C0246E7352B65"}
00:20:04.015 [nioEventLoopGroup-11-1] DEBUG c.i.k.driver.chrome_1752427202391 - << {"method":"Target.targetInfoChanged","params":{"targetInfo":{"targetId":"54F4AFB391D2B6C831B82CC1FC1AC017","type":"background_page","title":"Google Hangouts","url":"chrome-extension://nkeimhogjdpnpccoofpliimaahmaaome/background.html","attached":false,"canAccessOpener":false,"browserContextId":"0C1C41D8C6F1555EFCA3FFAD7590A387"}},"sessionId":"9940F3F1926B4B41A92C0246E7352B65"}
00:20:04.162 [nioEventLoopGroup-11-1] DEBUG c.i.k.driver.chrome_1752427202391 - << {"id":7,"result":{"frameId":"CA3C8A4CE263528FDCC467BD0D1C198F","loaderId":"BF7CD98CB32BAD574BAC63123D28CC8F"},"sessionId":"9940F3F1926B4B41A92C0246E7352B65"}
00:20:04.169 [nioEventLoopGroup-11-1] DEBUG c.i.k.driver.chrome_1752427202391 - << {"method":"Runtime.executionContextsCleared","params":{},"sessionId":"9940F3F1926B4B41A92C0246E7352B65"}
00:20:04.172 [nioEventLoopGroup-11-1] DEBUG c.i.k.driver.chrome_1752427202391 - << {"method":"Runtime.executionContextsCleared","params":{},"sessionId":"9940F3F1926B4B41A92C0246E7352B65"}
00:20:04.174 [nioEventLoopGroup-11-1] DEBUG c.i.k.driver.chrome_1752427202391 - << {"method":"Page.frameNavigated","params":{"frame":{"id":"CA3C8A4CE263528FDCC467BD0D1C198F","loaderId":"BF7CD98CB32BAD574BAC63123D28CC8F","url":"https://www.saucedemo.com/","domainAndRegistry":"saucedemo.com","securityOrigin":"https://www.saucedemo.com","securityOriginDetails":{"isLocalhost":false},"mimeType":"text/html","adFrameStatus":{"adFrameType":"none"},"secureContextType":"Secure","crossOriginIsolatedContextType":"NotIsolated","gatedAPIFeatures":[]},"type":"Navigation"},"sessionId":"9940F3F1926B4B41A92C0246E7352B65"}
00:20:04.196 [nioEventLoopGroup-11-1] DEBUG c.i.k.driver.chrome_1752427202391 - << {"method":"Target.targetInfoChanged","params":{"targetInfo":{"targetId":"CA3C8A4CE263528FDCC467BD0D1C198F","type":"page","title":"saucedemo.com","url":"https://www.saucedemo.com/","attached":true,"canAccessOpener":false,"browserContextId":"E2FCB86D4F54843C621E1E95FBD7371C"}},"sessionId":"9940F3F1926B4B41A92C0246E7352B65"}
00:20:04.200 [nioEventLoopGroup-11-1] DEBUG c.i.k.driver.chrome_1752427202391 - << {"method":"Runtime.executionContextCreated","params":{"context":{"id":1,"origin":"https://www.saucedemo.com","name":"","uniqueId":"-1301678847771579603.-4512870168237447565","auxData":{"isDefault":true,"type":"default","frameId":"CA3C8A4CE263528FDCC467BD0D1C198F"}}},"sessionId":"9940F3F1926B4B41A92C0246E7352B65"}
00:20:04.201 [nioEventLoopGroup-11-1] DEBUG c.i.k.driver.chrome_1752427202391 - << {"method":"Target.targetCreated","params":{"targetInfo":{"targetId":"C9A4F398AF6A46B0BB54121009F25862","type":"service_worker","title":"Service Worker chrome-extension://fignfifoniblkonapihmkfakmlgkbkcf/service_worker.js","url":"chrome-extension://fignfifoniblkonapihmkfakmlgkbkcf/service_worker.js","attached":false,"canAccessOpener":false,"browserContextId":"0C1C41D8C6F1555EFCA3FFAD7590A387"}},"sessionId":"9940F3F1926B4B41A92C0246E7352B65"}
00:20:04.835 [nioEventLoopGroup-11-1] DEBUG c.i.k.driver.chrome_1752427202391 - << {"method":"Page.domContentEventFired","params":{"timestamp":35147.482985},"sessionId":"9940F3F1926B4B41A92C0246E7352B65"}
00:20:04.838 [main] INFO  c.intuit.karate.core.FeatureRuntime - classpath:UI/LoginUI/LoginPage.feature - call by tag at line 7: action_attemptLogin
00:20:04.856 [main] DEBUG c.i.k.driver.chrome_1752427202391 - >> {"id":8,"sessionId":"9940F3F1926B4B41A92C0246E7352B65","method":"Runtime.evaluate","params":{"expression":"var e = document.evaluate(\"\/\/*[@id='user-name']\", document, null, 9, null).singleNodeValue; e.focus(); try { e.selectionStart = e.selectionEnd = e.value.length } catch(x) {}","returnByValue":true}}
00:20:04.859 [nioEventLoopGroup-11-1] DEBUG c.i.k.driver.chrome_1752427202391 - << {"id":8,"result":{"result":{"type":"number","value":0,"description":"0"}},"sessionId":"9940F3F1926B4B41A92C0246E7352B65"}
00:20:04.860 [main] DEBUG c.i.k.driver.chrome_1752427202391 - >> {"id":9,"sessionId":"9940F3F1926B4B41A92C0246E7352B65","method":"Input.dispatchKeyEvent","params":{"modifiers":0,"type":"rawKeyDown","text":"s","windowsVirtualKeyCode":115}}
00:20:04.865 [nioEventLoopGroup-11-1] DEBUG c.i.k.driver.chrome_1752427202391 - << {"id":9,"result":{},"sessionId":"9940F3F1926B4B41A92C0246E7352B65"}
00:20:04.866 [main] DEBUG c.i.k.driver.chrome_1752427202391 - >> {"id":10,"sessionId":"9940F3F1926B4B41A92C0246E7352B65","method":"Input.dispatchKeyEvent","params":{"modifiers":0,"type":"char","text":"s","windowsVirtualKeyCode":115}}
00:20:04.876 [nioEventLoopGroup-11-1] DEBUG c.i.k.driver.chrome_1752427202391 - << {"id":10,"result":{},"sessionId":"9940F3F1926B4B41A92C0246E7352B65"}
00:20:04.876 [main] DEBUG c.i.k.driver.chrome_1752427202391 - >> {"id":11,"sessionId":"9940F3F1926B4B41A92C0246E7352B65","method":"Input.dispatchKeyEvent","params":{"modifiers":0,"type":"keyUp","text":"s","windowsVirtualKeyCode":115}}
00:20:04.878 [nioEventLoopGroup-11-1] DEBUG c.i.k.driver.chrome_1752427202391 - << {"id":11,"result":{},"sessionId":"9940F3F1926B4B41A92C0246E7352B65"}
00:20:04.879 [main] DEBUG c.i.k.driver.chrome_1752427202391 - >> {"id":12,"sessionId":"9940F3F1926B4B41A92C0246E7352B65","method":"Input.dispatchKeyEvent","params":{"modifiers":0,"type":"rawKeyDown","text":"t","windowsVirtualKeyCode":116}}
00:20:04.886 [nioEventLoopGroup-11-1] DEBUG c.i.k.driver.chrome_1752427202391 - << {"id":12,"result":{},"sessionId":"9940F3F1926B4B41A92C0246E7352B65"}
00:20:04.886 [main] DEBUG c.i.k.driver.chrome_1752427202391 - >> {"id":13,"sessionId":"9940F3F1926B4B41A92C0246E7352B65","method":"Input.dispatchKeyEvent","params":{"modifiers":0,"type":"char","text":"t","windowsVirtualKeyCode":116}}
00:20:04.890 [nioEventLoopGroup-11-1] DEBUG c.i.k.driver.chrome_1752427202391 - << {"id":13,"result":{},"sessionId":"9940F3F1926B4B41A92C0246E7352B65"}
00:20:04.890 [main] DEBUG c.i.k.driver.chrome_1752427202391 - >> {"id":14,"sessionId":"9940F3F1926B4B41A92C0246E7352B65","method":"Input.dispatchKeyEvent","params":{"modifiers":0,"type":"keyUp","text":"t","windowsVirtualKeyCode":116}}
00:20:04.891 [nioEventLoopGroup-11-1] DEBUG c.i.k.driver.chrome_1752427202391 - << {"id":14,"result":{},"sessionId":"9940F3F1926B4B41A92C0246E7352B65"}
00:20:04.892 [main] DEBUG c.i.k.driver.chrome_1752427202391 - >> {"id":15,"sessionId":"9940F3F1926B4B41A92C0246E7352B65","method":"Input.dispatchKeyEvent","params":{"modifiers":0,"type":"rawKeyDown","text":"a","windowsVirtualKeyCode":97}}
00:20:04.893 [nioEventLoopGroup-11-1] DEBUG c.i.k.driver.chrome_1752427202391 - << {"id":15,"result":{},"sessionId":"9940F3F1926B4B41A92C0246E7352B65"}
00:20:04.893 [main] DEBUG c.i.k.driver.chrome_1752427202391 - >> {"id":16,"sessionId":"9940F3F1926B4B41A92C0246E7352B65","method":"Input.dispatchKeyEvent","params":{"modifiers":0,"type":"char","text":"a","windowsVirtualKeyCode":97}}
00:20:04.899 [nioEventLoopGroup-11-1] DEBUG c.i.k.driver.chrome_1752427202391 - << {"id":16,"result":{},"sessionId":"9940F3F1926B4B41A92C0246E7352B65"}
00:20:04.900 [main] DEBUG c.i.k.driver.chrome_1752427202391 - >> {"id":17,"sessionId":"9940F3F1926B4B41A92C0246E7352B65","method":"Input.dispatchKeyEvent","params":{"modifiers":0,"type":"keyUp","text":"a","windowsVirtualKeyCode":97}}
00:20:04.901 [nioEventLoopGroup-11-1] DEBUG c.i.k.driver.chrome_1752427202391 - << {"id":17,"result":{},"sessionId":"9940F3F1926B4B41A92C0246E7352B65"}
00:20:04.902 [main] DEBUG c.i.k.driver.chrome_1752427202391 - >> {"id":18,"sessionId":"9940F3F1926B4B41A92C0246E7352B65","method":"Input.dispatchKeyEvent","params":{"modifiers":0,"type":"rawKeyDown","text":"n","windowsVirtualKeyCode":110}}
00:20:04.903 [nioEventLoopGroup-11-1] DEBUG c.i.k.driver.chrome_1752427202391 - << {"id":18,"result":{},"sessionId":"9940F3F1926B4B41A92C0246E7352B65"}
00:20:04.903 [main] DEBUG c.i.k.driver.chrome_1752427202391 - >> {"id":19,"sessionId":"9940F3F1926B4B41A92C0246E7352B65","method":"Input.dispatchKeyEvent","params":{"modifiers":0,"type":"char","text":"n","windowsVirtualKeyCode":110}}
00:20:04.906 [nioEventLoopGroup-11-1] DEBUG c.i.k.driver.chrome_1752427202391 - << {"id":19,"result":{},"sessionId":"9940F3F1926B4B41A92C0246E7352B65"}
00:20:04.907 [main] DEBUG c.i.k.driver.chrome_1752427202391 - >> {"id":20,"sessionId":"9940F3F1926B4B41A92C0246E7352B65","method":"Input.dispatchKeyEvent","params":{"modifiers":0,"type":"keyUp","text":"n","windowsVirtualKeyCode":110}}
00:20:04.908 [nioEventLoopGroup-11-1] DEBUG c.i.k.driver.chrome_1752427202391 - << {"id":20,"result":{},"sessionId":"9940F3F1926B4B41A92C0246E7352B65"}
00:20:04.908 [main] DEBUG c.i.k.driver.chrome_1752427202391 - >> {"id":21,"sessionId":"9940F3F1926B4B41A92C0246E7352B65","method":"Input.dispatchKeyEvent","params":{"modifiers":0,"type":"rawKeyDown","text":"d","windowsVirtualKeyCode":100}}
00:20:04.909 [nioEventLoopGroup-11-1] DEBUG c.i.k.driver.chrome_1752427202391 - << {"id":21,"result":{},"sessionId":"9940F3F1926B4B41A92C0246E7352B65"}
00:20:04.909 [main] DEBUG c.i.k.driver.chrome_1752427202391 - >> {"id":22,"sessionId":"9940F3F1926B4B41A92C0246E7352B65","method":"Input.dispatchKeyEvent","params":{"modifiers":0,"type":"char","text":"d","windowsVirtualKeyCode":100}}
00:20:04.912 [nioEventLoopGroup-11-1] DEBUG c.i.k.driver.chrome_1752427202391 - << {"id":22,"result":{},"sessionId":"9940F3F1926B4B41A92C0246E7352B65"}
00:20:04.913 [main] DEBUG c.i.k.driver.chrome_1752427202391 - >> {"id":23,"sessionId":"9940F3F1926B4B41A92C0246E7352B65","method":"Input.dispatchKeyEvent","params":{"modifiers":0,"type":"keyUp","text":"d","windowsVirtualKeyCode":100}}
00:20:04.915 [nioEventLoopGroup-11-1] DEBUG c.i.k.driver.chrome_1752427202391 - << {"id":23,"result":{},"sessionId":"9940F3F1926B4B41A92C0246E7352B65"}
00:20:04.915 [main] DEBUG c.i.k.driver.chrome_1752427202391 - >> {"id":24,"sessionId":"9940F3F1926B4B41A92C0246E7352B65","method":"Input.dispatchKeyEvent","params":{"modifiers":0,"type":"rawKeyDown","text":"a","windowsVirtualKeyCode":97}}
00:20:04.917 [nioEventLoopGroup-11-1] DEBUG c.i.k.driver.chrome_1752427202391 - << {"id":24,"result":{},"sessionId":"9940F3F1926B4B41A92C0246E7352B65"}
00:20:04.917 [main] DEBUG c.i.k.driver.chrome_1752427202391 - >> {"id":25,"sessionId":"9940F3F1926B4B41A92C0246E7352B65","method":"Input.dispatchKeyEvent","params":{"modifiers":0,"type":"char","text":"a","windowsVirtualKeyCode":97}}
00:20:04.920 [nioEventLoopGroup-11-1] DEBUG c.i.k.driver.chrome_1752427202391 - << {"id":25,"result":{},"sessionId":"9940F3F1926B4B41A92C0246E7352B65"}
00:20:04.920 [main] DEBUG c.i.k.driver.chrome_1752427202391 - >> {"id":26,"sessionId":"9940F3F1926B4B41A92C0246E7352B65","method":"Input.dispatchKeyEvent","params":{"modifiers":0,"type":"keyUp","text":"a","windowsVirtualKeyCode":97}}
00:20:04.922 [nioEventLoopGroup-11-1] DEBUG c.i.k.driver.chrome_1752427202391 - << {"id":26,"result":{},"sessionId":"9940F3F1926B4B41A92C0246E7352B65"}
00:20:04.922 [main] DEBUG c.i.k.driver.chrome_1752427202391 - >> {"id":27,"sessionId":"9940F3F1926B4B41A92C0246E7352B65","method":"Input.dispatchKeyEvent","params":{"modifiers":0,"type":"rawKeyDown","text":"r","windowsVirtualKeyCode":114}}
00:20:04.923 [nioEventLoopGroup-11-1] DEBUG c.i.k.driver.chrome_1752427202391 - << {"id":27,"result":{},"sessionId":"9940F3F1926B4B41A92C0246E7352B65"}
00:20:04.923 [main] DEBUG c.i.k.driver.chrome_1752427202391 - >> {"id":28,"sessionId":"9940F3F1926B4B41A92C0246E7352B65","method":"Input.dispatchKeyEvent","params":{"modifiers":0,"type":"char","text":"r","windowsVirtualKeyCode":114}}
00:20:04.926 [nioEventLoopGroup-11-1] DEBUG c.i.k.driver.chrome_1752427202391 - << {"id":28,"result":{},"sessionId":"9940F3F1926B4B41A92C0246E7352B65"}
00:20:04.927 [main] DEBUG c.i.k.driver.chrome_1752427202391 - >> {"id":29,"sessionId":"9940F3F1926B4B41A92C0246E7352B65","method":"Input.dispatchKeyEvent","params":{"modifiers":0,"type":"keyUp","text":"r","windowsVirtualKeyCode":114}}
00:20:04.929 [nioEventLoopGroup-11-1] DEBUG c.i.k.driver.chrome_1752427202391 - << {"id":29,"result":{},"sessionId":"9940F3F1926B4B41A92C0246E7352B65"}
00:20:04.930 [main] DEBUG c.i.k.driver.chrome_1752427202391 - >> {"id":30,"sessionId":"9940F3F1926B4B41A92C0246E7352B65","method":"Input.dispatchKeyEvent","params":{"modifiers":0,"type":"rawKeyDown","text":"d","windowsVirtualKeyCode":100}}
00:20:04.936 [nioEventLoopGroup-11-1] DEBUG c.i.k.driver.chrome_1752427202391 - << {"id":30,"result":{},"sessionId":"9940F3F1926B4B41A92C0246E7352B65"}
00:20:04.937 [main] DEBUG c.i.k.driver.chrome_1752427202391 - >> {"id":31,"sessionId":"9940F3F1926B4B41A92C0246E7352B65","method":"Input.dispatchKeyEvent","params":{"modifiers":0,"type":"char","text":"d","windowsVirtualKeyCode":100}}
00:20:04.944 [nioEventLoopGroup-11-1] DEBUG c.i.k.driver.chrome_1752427202391 - << {"id":31,"result":{},"sessionId":"9940F3F1926B4B41A92C0246E7352B65"}
00:20:04.944 [main] DEBUG c.i.k.driver.chrome_1752427202391 - >> {"id":32,"sessionId":"9940F3F1926B4B41A92C0246E7352B65","method":"Input.dispatchKeyEvent","params":{"modifiers":0,"type":"keyUp","text":"d","windowsVirtualKeyCode":100}}
00:20:04.946 [nioEventLoopGroup-11-1] DEBUG c.i.k.driver.chrome_1752427202391 - << {"id":32,"result":{},"sessionId":"9940F3F1926B4B41A92C0246E7352B65"}
00:20:04.947 [main] DEBUG c.i.k.driver.chrome_1752427202391 - >> {"id":33,"sessionId":"9940F3F1926B4B41A92C0246E7352B65","method":"Input.dispatchKeyEvent","params":{"modifiers":0,"type":"rawKeyDown","text":"_","windowsVirtualKeyCode":523}}
00:20:04.950 [nioEventLoopGroup-11-1] DEBUG c.i.k.driver.chrome_1752427202391 - << {"id":33,"result":{},"sessionId":"9940F3F1926B4B41A92C0246E7352B65"}
00:20:04.950 [main] DEBUG c.i.k.driver.chrome_1752427202391 - >> {"id":34,"sessionId":"9940F3F1926B4B41A92C0246E7352B65","method":"Input.dispatchKeyEvent","params":{"modifiers":0,"type":"char","text":"_","windowsVirtualKeyCode":523}}
00:20:04.955 [nioEventLoopGroup-11-1] DEBUG c.i.k.driver.chrome_1752427202391 - << {"id":34,"result":{},"sessionId":"9940F3F1926B4B41A92C0246E7352B65"}
00:20:04.955 [main] DEBUG c.i.k.driver.chrome_1752427202391 - >> {"id":35,"sessionId":"9940F3F1926B4B41A92C0246E7352B65","method":"Input.dispatchKeyEvent","params":{"modifiers":0,"type":"keyUp","text":"_","windowsVirtualKeyCode":523}}
00:20:04.957 [nioEventLoopGroup-11-1] DEBUG c.i.k.driver.chrome_1752427202391 - << {"id":35,"result":{},"sessionId":"9940F3F1926B4B41A92C0246E7352B65"}
00:20:04.957 [main] DEBUG c.i.k.driver.chrome_1752427202391 - >> {"id":36,"sessionId":"9940F3F1926B4B41A92C0246E7352B65","method":"Input.dispatchKeyEvent","params":{"modifiers":0,"type":"rawKeyDown","text":"u","windowsVirtualKeyCode":117}}
00:20:04.958 [nioEventLoopGroup-11-1] DEBUG c.i.k.driver.chrome_1752427202391 - << {"id":36,"result":{},"sessionId":"9940F3F1926B4B41A92C0246E7352B65"}
00:20:04.959 [main] DEBUG c.i.k.driver.chrome_1752427202391 - >> {"id":37,"sessionId":"9940F3F1926B4B41A92C0246E7352B65","method":"Input.dispatchKeyEvent","params":{"modifiers":0,"type":"char","text":"u","windowsVirtualKeyCode":117}}
00:20:04.963 [nioEventLoopGroup-11-1] DEBUG c.i.k.driver.chrome_1752427202391 - << {"id":37,"result":{},"sessionId":"9940F3F1926B4B41A92C0246E7352B65"}
00:20:04.963 [main] DEBUG c.i.k.driver.chrome_1752427202391 - >> {"id":38,"sessionId":"9940F3F1926B4B41A92C0246E7352B65","method":"Input.dispatchKeyEvent","params":{"modifiers":0,"type":"keyUp","text":"u","windowsVirtualKeyCode":117}}
00:20:04.972 [nioEventLoopGroup-11-1] DEBUG c.i.k.driver.chrome_1752427202391 - << {"id":38,"result":{},"sessionId":"9940F3F1926B4B41A92C0246E7352B65"}
00:20:04.972 [main] DEBUG c.i.k.driver.chrome_1752427202391 - >> {"id":39,"sessionId":"9940F3F1926B4B41A92C0246E7352B65","method":"Input.dispatchKeyEvent","params":{"modifiers":0,"type":"rawKeyDown","text":"s","windowsVirtualKeyCode":115}}
00:20:04.974 [nioEventLoopGroup-11-1] DEBUG c.i.k.driver.chrome_1752427202391 - << {"id":39,"result":{},"sessionId":"9940F3F1926B4B41A92C0246E7352B65"}
00:20:04.974 [main] DEBUG c.i.k.driver.chrome_1752427202391 - >> {"id":40,"sessionId":"9940F3F1926B4B41A92C0246E7352B65","method":"Input.dispatchKeyEvent","params":{"modifiers":0,"type":"char","text":"s","windowsVirtualKeyCode":115}}
00:20:04.978 [nioEventLoopGroup-11-1] DEBUG c.i.k.driver.chrome_1752427202391 - << {"id":40,"result":{},"sessionId":"9940F3F1926B4B41A92C0246E7352B65"}
00:20:04.978 [main] DEBUG c.i.k.driver.chrome_1752427202391 - >> {"id":41,"sessionId":"9940F3F1926B4B41A92C0246E7352B65","method":"Input.dispatchKeyEvent","params":{"modifiers":0,"type":"keyUp","text":"s","windowsVirtualKeyCode":115}}
00:20:04.983 [nioEventLoopGroup-11-1] DEBUG c.i.k.driver.chrome_1752427202391 - << {"id":41,"result":{},"sessionId":"9940F3F1926B4B41A92C0246E7352B65"}
00:20:04.983 [main] DEBUG c.i.k.driver.chrome_1752427202391 - >> {"id":42,"sessionId":"9940F3F1926B4B41A92C0246E7352B65","method":"Input.dispatchKeyEvent","params":{"modifiers":0,"type":"rawKeyDown","text":"e","windowsVirtualKeyCode":101}}
00:20:04.986 [nioEventLoopGroup-11-1] DEBUG c.i.k.driver.chrome_1752427202391 - << {"id":42,"result":{},"sessionId":"9940F3F1926B4B41A92C0246E7352B65"}
00:20:04.987 [main] DEBUG c.i.k.driver.chrome_1752427202391 - >> {"id":43,"sessionId":"9940F3F1926B4B41A92C0246E7352B65","method":"Input.dispatchKeyEvent","params":{"modifiers":0,"type":"char","text":"e","windowsVirtualKeyCode":101}}
00:20:04.991 [nioEventLoopGroup-11-1] DEBUG c.i.k.driver.chrome_1752427202391 - << {"id":43,"result":{},"sessionId":"9940F3F1926B4B41A92C0246E7352B65"}
00:20:04.991 [main] DEBUG c.i.k.driver.chrome_1752427202391 - >> {"id":44,"sessionId":"9940F3F1926B4B41A92C0246E7352B65","method":"Input.dispatchKeyEvent","params":{"modifiers":0,"type":"keyUp","text":"e","windowsVirtualKeyCode":101}}
00:20:04.992 [nioEventLoopGroup-11-1] DEBUG c.i.k.driver.chrome_1752427202391 - << {"id":44,"result":{},"sessionId":"9940F3F1926B4B41A92C0246E7352B65"}
00:20:04.993 [main] DEBUG c.i.k.driver.chrome_1752427202391 - >> {"id":45,"sessionId":"9940F3F1926B4B41A92C0246E7352B65","method":"Input.dispatchKeyEvent","params":{"modifiers":0,"type":"rawKeyDown","text":"r","windowsVirtualKeyCode":114}}
00:20:04.995 [nioEventLoopGroup-11-1] DEBUG c.i.k.driver.chrome_1752427202391 - << {"id":45,"result":{},"sessionId":"9940F3F1926B4B41A92C0246E7352B65"}
00:20:04.995 [main] DEBUG c.i.k.driver.chrome_1752427202391 - >> {"id":46,"sessionId":"9940F3F1926B4B41A92C0246E7352B65","method":"Input.dispatchKeyEvent","params":{"modifiers":0,"type":"char","text":"r","windowsVirtualKeyCode":114}}
00:20:04.999 [nioEventLoopGroup-11-1] DEBUG c.i.k.driver.chrome_1752427202391 - << {"id":46,"result":{},"sessionId":"9940F3F1926B4B41A92C0246E7352B65"}
00:20:05.000 [main] DEBUG c.i.k.driver.chrome_1752427202391 - >> {"id":47,"sessionId":"9940F3F1926B4B41A92C0246E7352B65","method":"Input.dispatchKeyEvent","params":{"modifiers":0,"type":"keyUp","text":"r","windowsVirtualKeyCode":114}}
00:20:05.002 [nioEventLoopGroup-11-1] DEBUG c.i.k.driver.chrome_1752427202391 - << {"id":47,"result":{},"sessionId":"9940F3F1926B4B41A92C0246E7352B65"}
00:20:05.003 [main] DEBUG c.i.k.driver.chrome_1752427202391 - >> {"id":48,"sessionId":"9940F3F1926B4B41A92C0246E7352B65","method":"Runtime.evaluate","params":{"expression":"var e = document.evaluate(\"\/\/*[@id='password']\", document, null, 9, null).singleNodeValue; e.focus(); try { e.selectionStart = e.selectionEnd = e.value.length } catch(x) {}","returnByValue":true}}
00:20:05.006 [nioEventLoopGroup-11-1] DEBUG c.i.k.driver.chrome_1752427202391 - << {"id":48,"result":{"result":{"type":"number","value":0,"description":"0"}},"sessionId":"9940F3F1926B4B41A92C0246E7352B65"}
00:20:05.006 [main] DEBUG c.i.k.driver.chrome_1752427202391 - >> {"id":49,"sessionId":"9940F3F1926B4B41A92C0246E7352B65","method":"Input.dispatchKeyEvent","params":{"modifiers":0,"type":"rawKeyDown","text":"s","windowsVirtualKeyCode":115}}
00:20:05.008 [nioEventLoopGroup-11-1] DEBUG c.i.k.driver.chrome_1752427202391 - << {"id":49,"result":{},"sessionId":"9940F3F1926B4B41A92C0246E7352B65"}
00:20:05.009 [main] DEBUG c.i.k.driver.chrome_1752427202391 - >> {"id":50,"sessionId":"9940F3F1926B4B41A92C0246E7352B65","method":"Input.dispatchKeyEvent","params":{"modifiers":0,"type":"char","text":"s","windowsVirtualKeyCode":115}}
00:20:05.013 [nioEventLoopGroup-11-1] DEBUG c.i.k.driver.chrome_1752427202391 - << {"id":50,"result":{},"sessionId":"9940F3F1926B4B41A92C0246E7352B65"}
00:20:05.014 [main] DEBUG c.i.k.driver.chrome_1752427202391 - >> {"id":51,"sessionId":"9940F3F1926B4B41A92C0246E7352B65","method":"Input.dispatchKeyEvent","params":{"modifiers":0,"type":"keyUp","text":"s","windowsVirtualKeyCode":115}}
00:20:05.016 [nioEventLoopGroup-11-1] DEBUG c.i.k.driver.chrome_1752427202391 - << {"id":51,"result":{},"sessionId":"9940F3F1926B4B41A92C0246E7352B65"}
00:20:05.016 [main] DEBUG c.i.k.driver.chrome_1752427202391 - >> {"id":52,"sessionId":"9940F3F1926B4B41A92C0246E7352B65","method":"Input.dispatchKeyEvent","params":{"modifiers":0,"type":"rawKeyDown","text":"e","windowsVirtualKeyCode":101}}
00:20:05.018 [nioEventLoopGroup-11-1] DEBUG c.i.k.driver.chrome_1752427202391 - << {"id":52,"result":{},"sessionId":"9940F3F1926B4B41A92C0246E7352B65"}
00:20:05.019 [main] DEBUG c.i.k.driver.chrome_1752427202391 - >> {"id":53,"sessionId":"9940F3F1926B4B41A92C0246E7352B65","method":"Input.dispatchKeyEvent","params":{"modifiers":0,"type":"char","text":"e","windowsVirtualKeyCode":101}}
00:20:05.021 [nioEventLoopGroup-11-1] DEBUG c.i.k.driver.chrome_1752427202391 - << {"id":53,"result":{},"sessionId":"9940F3F1926B4B41A92C0246E7352B65"}
00:20:05.022 [main] DEBUG c.i.k.driver.chrome_1752427202391 - >> {"id":54,"sessionId":"9940F3F1926B4B41A92C0246E7352B65","method":"Input.dispatchKeyEvent","params":{"modifiers":0,"type":"keyUp","text":"e","windowsVirtualKeyCode":101}}
00:20:05.026 [nioEventLoopGroup-11-1] DEBUG c.i.k.driver.chrome_1752427202391 - << {"id":54,"result":{},"sessionId":"9940F3F1926B4B41A92C0246E7352B65"}
00:20:05.027 [main] DEBUG c.i.k.driver.chrome_1752427202391 - >> {"id":55,"sessionId":"9940F3F1926B4B41A92C0246E7352B65","method":"Input.dispatchKeyEvent","params":{"modifiers":0,"type":"rawKeyDown","text":"c","windowsVirtualKeyCode":99}}
00:20:05.029 [nioEventLoopGroup-11-1] DEBUG c.i.k.driver.chrome_1752427202391 - << {"id":55,"result":{},"sessionId":"9940F3F1926B4B41A92C0246E7352B65"}
00:20:05.029 [main] DEBUG c.i.k.driver.chrome_1752427202391 - >> {"id":56,"sessionId":"9940F3F1926B4B41A92C0246E7352B65","method":"Input.dispatchKeyEvent","params":{"modifiers":0,"type":"char","text":"c","windowsVirtualKeyCode":99}}
00:20:05.040 [nioEventLoopGroup-11-1] DEBUG c.i.k.driver.chrome_1752427202391 - << {"id":56,"result":{},"sessionId":"9940F3F1926B4B41A92C0246E7352B65"}
00:20:05.040 [main] DEBUG c.i.k.driver.chrome_1752427202391 - >> {"id":57,"sessionId":"9940F3F1926B4B41A92C0246E7352B65","method":"Input.dispatchKeyEvent","params":{"modifiers":0,"type":"keyUp","text":"c","windowsVirtualKeyCode":99}}
00:20:05.042 [nioEventLoopGroup-11-1] DEBUG c.i.k.driver.chrome_1752427202391 - << {"id":57,"result":{},"sessionId":"9940F3F1926B4B41A92C0246E7352B65"}
00:20:05.042 [main] DEBUG c.i.k.driver.chrome_1752427202391 - >> {"id":58,"sessionId":"9940F3F1926B4B41A92C0246E7352B65","method":"Input.dispatchKeyEvent","params":{"modifiers":0,"type":"rawKeyDown","text":"r","windowsVirtualKeyCode":114}}
00:20:05.044 [nioEventLoopGroup-11-1] DEBUG c.i.k.driver.chrome_1752427202391 - << {"id":58,"result":{},"sessionId":"9940F3F1926B4B41A92C0246E7352B65"}
00:20:05.044 [main] DEBUG c.i.k.driver.chrome_1752427202391 - >> {"id":59,"sessionId":"9940F3F1926B4B41A92C0246E7352B65","method":"Input.dispatchKeyEvent","params":{"modifiers":0,"type":"char","text":"r","windowsVirtualKeyCode":114}}
00:20:05.056 [nioEventLoopGroup-11-1] DEBUG c.i.k.driver.chrome_1752427202391 - << {"id":59,"result":{},"sessionId":"9940F3F1926B4B41A92C0246E7352B65"}
00:20:05.056 [main] DEBUG c.i.k.driver.chrome_1752427202391 - >> {"id":60,"sessionId":"9940F3F1926B4B41A92C0246E7352B65","method":"Input.dispatchKeyEvent","params":{"modifiers":0,"type":"keyUp","text":"r","windowsVirtualKeyCode":114}}
00:20:05.057 [nioEventLoopGroup-11-1] DEBUG c.i.k.driver.chrome_1752427202391 - << {"id":60,"result":{},"sessionId":"9940F3F1926B4B41A92C0246E7352B65"}
00:20:05.058 [main] DEBUG c.i.k.driver.chrome_1752427202391 - >> {"id":61,"sessionId":"9940F3F1926B4B41A92C0246E7352B65","method":"Input.dispatchKeyEvent","params":{"modifiers":0,"type":"rawKeyDown","text":"e","windowsVirtualKeyCode":101}}
00:20:05.059 [nioEventLoopGroup-11-1] DEBUG c.i.k.driver.chrome_1752427202391 - << {"id":61,"result":{},"sessionId":"9940F3F1926B4B41A92C0246E7352B65"}
00:20:05.059 [main] DEBUG c.i.k.driver.chrome_1752427202391 - >> {"id":62,"sessionId":"9940F3F1926B4B41A92C0246E7352B65","method":"Input.dispatchKeyEvent","params":{"modifiers":0,"type":"char","text":"e","windowsVirtualKeyCode":101}}
00:20:05.063 [nioEventLoopGroup-11-1] DEBUG c.i.k.driver.chrome_1752427202391 - << {"id":62,"result":{},"sessionId":"9940F3F1926B4B41A92C0246E7352B65"}
00:20:05.065 [main] DEBUG c.i.k.driver.chrome_1752427202391 - >> {"id":63,"sessionId":"9940F3F1926B4B41A92C0246E7352B65","method":"Input.dispatchKeyEvent","params":{"modifiers":0,"type":"keyUp","text":"e","windowsVirtualKeyCode":101}}
00:20:05.067 [nioEventLoopGroup-11-1] DEBUG c.i.k.driver.chrome_1752427202391 - << {"id":63,"result":{},"sessionId":"9940F3F1926B4B41A92C0246E7352B65"}
00:20:05.068 [main] DEBUG c.i.k.driver.chrome_1752427202391 - >> {"id":64,"sessionId":"9940F3F1926B4B41A92C0246E7352B65","method":"Input.dispatchKeyEvent","params":{"modifiers":0,"type":"rawKeyDown","text":"t","windowsVirtualKeyCode":116}}
00:20:05.070 [nioEventLoopGroup-11-1] DEBUG c.i.k.driver.chrome_1752427202391 - << {"id":64,"result":{},"sessionId":"9940F3F1926B4B41A92C0246E7352B65"}
00:20:05.071 [main] DEBUG c.i.k.driver.chrome_1752427202391 - >> {"id":65,"sessionId":"9940F3F1926B4B41A92C0246E7352B65","method":"Input.dispatchKeyEvent","params":{"modifiers":0,"type":"char","text":"t","windowsVirtualKeyCode":116}}
00:20:05.074 [nioEventLoopGroup-11-1] DEBUG c.i.k.driver.chrome_1752427202391 - << {"id":65,"result":{},"sessionId":"9940F3F1926B4B41A92C0246E7352B65"}
00:20:05.074 [main] DEBUG c.i.k.driver.chrome_1752427202391 - >> {"id":66,"sessionId":"9940F3F1926B4B41A92C0246E7352B65","method":"Input.dispatchKeyEvent","params":{"modifiers":0,"type":"keyUp","text":"t","windowsVirtualKeyCode":116}}
00:20:05.075 [nioEventLoopGroup-11-1] DEBUG c.i.k.driver.chrome_1752427202391 - << {"id":66,"result":{},"sessionId":"9940F3F1926B4B41A92C0246E7352B65"}
00:20:05.076 [main] DEBUG c.i.k.driver.chrome_1752427202391 - >> {"id":67,"sessionId":"9940F3F1926B4B41A92C0246E7352B65","method":"Input.dispatchKeyEvent","params":{"modifiers":0,"type":"rawKeyDown","text":"_","windowsVirtualKeyCode":523}}
00:20:05.077 [nioEventLoopGroup-11-1] DEBUG c.i.k.driver.chrome_1752427202391 - << {"id":67,"result":{},"sessionId":"9940F3F1926B4B41A92C0246E7352B65"}
00:20:05.077 [main] DEBUG c.i.k.driver.chrome_1752427202391 - >> {"id":68,"sessionId":"9940F3F1926B4B41A92C0246E7352B65","method":"Input.dispatchKeyEvent","params":{"modifiers":0,"type":"char","text":"_","windowsVirtualKeyCode":523}}
00:20:05.082 [nioEventLoopGroup-11-1] DEBUG c.i.k.driver.chrome_1752427202391 - << {"id":68,"result":{},"sessionId":"9940F3F1926B4B41A92C0246E7352B65"}
00:20:05.083 [main] DEBUG c.i.k.driver.chrome_1752427202391 - >> {"id":69,"sessionId":"9940F3F1926B4B41A92C0246E7352B65","method":"Input.dispatchKeyEvent","params":{"modifiers":0,"type":"keyUp","text":"_","windowsVirtualKeyCode":523}}
00:20:05.085 [nioEventLoopGroup-11-1] DEBUG c.i.k.driver.chrome_1752427202391 - << {"id":69,"result":{},"sessionId":"9940F3F1926B4B41A92C0246E7352B65"}
00:20:05.085 [main] DEBUG c.i.k.driver.chrome_1752427202391 - >> {"id":70,"sessionId":"9940F3F1926B4B41A92C0246E7352B65","method":"Input.dispatchKeyEvent","params":{"modifiers":0,"type":"rawKeyDown","text":"s","windowsVirtualKeyCode":115}}
00:20:05.087 [nioEventLoopGroup-11-1] DEBUG c.i.k.driver.chrome_1752427202391 - << {"id":70,"result":{},"sessionId":"9940F3F1926B4B41A92C0246E7352B65"}
00:20:05.087 [main] DEBUG c.i.k.driver.chrome_1752427202391 - >> {"id":71,"sessionId":"9940F3F1926B4B41A92C0246E7352B65","method":"Input.dispatchKeyEvent","params":{"modifiers":0,"type":"char","text":"s","windowsVirtualKeyCode":115}}
00:20:05.090 [nioEventLoopGroup-11-1] DEBUG c.i.k.driver.chrome_1752427202391 - << {"id":71,"result":{},"sessionId":"9940F3F1926B4B41A92C0246E7352B65"}
00:20:05.091 [main] DEBUG c.i.k.driver.chrome_1752427202391 - >> {"id":72,"sessionId":"9940F3F1926B4B41A92C0246E7352B65","method":"Input.dispatchKeyEvent","params":{"modifiers":0,"type":"keyUp","text":"s","windowsVirtualKeyCode":115}}
00:20:05.092 [nioEventLoopGroup-11-1] DEBUG c.i.k.driver.chrome_1752427202391 - << {"id":72,"result":{},"sessionId":"9940F3F1926B4B41A92C0246E7352B65"}
00:20:05.092 [main] DEBUG c.i.k.driver.chrome_1752427202391 - >> {"id":73,"sessionId":"9940F3F1926B4B41A92C0246E7352B65","method":"Input.dispatchKeyEvent","params":{"modifiers":0,"type":"rawKeyDown","text":"a","windowsVirtualKeyCode":97}}
00:20:05.094 [nioEventLoopGroup-11-1] DEBUG c.i.k.driver.chrome_1752427202391 - << {"id":73,"result":{},"sessionId":"9940F3F1926B4B41A92C0246E7352B65"}
00:20:05.094 [main] DEBUG c.i.k.driver.chrome_1752427202391 - >> {"id":74,"sessionId":"9940F3F1926B4B41A92C0246E7352B65","method":"Input.dispatchKeyEvent","params":{"modifiers":0,"type":"char","text":"a","windowsVirtualKeyCode":97}}
00:20:05.111 [nioEventLoopGroup-11-1] DEBUG c.i.k.driver.chrome_1752427202391 - << {"id":74,"result":{},"sessionId":"9940F3F1926B4B41A92C0246E7352B65"}
00:20:05.111 [main] DEBUG c.i.k.driver.chrome_1752427202391 - >> {"id":75,"sessionId":"9940F3F1926B4B41A92C0246E7352B65","method":"Input.dispatchKeyEvent","params":{"modifiers":0,"type":"keyUp","text":"a","windowsVirtualKeyCode":97}}
00:20:05.116 [nioEventLoopGroup-11-1] DEBUG c.i.k.driver.chrome_1752427202391 - << {"id":75,"result":{},"sessionId":"9940F3F1926B4B41A92C0246E7352B65"}
00:20:05.116 [main] DEBUG c.i.k.driver.chrome_1752427202391 - >> {"id":76,"sessionId":"9940F3F1926B4B41A92C0246E7352B65","method":"Input.dispatchKeyEvent","params":{"modifiers":0,"type":"rawKeyDown","text":"u","windowsVirtualKeyCode":117}}
00:20:05.118 [nioEventLoopGroup-11-1] DEBUG c.i.k.driver.chrome_1752427202391 - << {"id":76,"result":{},"sessionId":"9940F3F1926B4B41A92C0246E7352B65"}
00:20:05.118 [main] DEBUG c.i.k.driver.chrome_1752427202391 - >> {"id":77,"sessionId":"9940F3F1926B4B41A92C0246E7352B65","method":"Input.dispatchKeyEvent","params":{"modifiers":0,"type":"char","text":"u","windowsVirtualKeyCode":117}}
00:20:05.121 [nioEventLoopGroup-11-1] DEBUG c.i.k.driver.chrome_1752427202391 - << {"id":77,"result":{},"sessionId":"9940F3F1926B4B41A92C0246E7352B65"}
00:20:05.121 [main] DEBUG c.i.k.driver.chrome_1752427202391 - >> {"id":78,"sessionId":"9940F3F1926B4B41A92C0246E7352B65","method":"Input.dispatchKeyEvent","params":{"modifiers":0,"type":"keyUp","text":"u","windowsVirtualKeyCode":117}}
00:20:05.123 [nioEventLoopGroup-11-1] DEBUG c.i.k.driver.chrome_1752427202391 - << {"id":78,"result":{},"sessionId":"9940F3F1926B4B41A92C0246E7352B65"}
00:20:05.123 [main] DEBUG c.i.k.driver.chrome_1752427202391 - >> {"id":79,"sessionId":"9940F3F1926B4B41A92C0246E7352B65","method":"Input.dispatchKeyEvent","params":{"modifiers":0,"type":"rawKeyDown","text":"c","windowsVirtualKeyCode":99}}
00:20:05.124 [nioEventLoopGroup-11-1] DEBUG c.i.k.driver.chrome_1752427202391 - << {"id":79,"result":{},"sessionId":"9940F3F1926B4B41A92C0246E7352B65"}
00:20:05.125 [main] DEBUG c.i.k.driver.chrome_1752427202391 - >> {"id":80,"sessionId":"9940F3F1926B4B41A92C0246E7352B65","method":"Input.dispatchKeyEvent","params":{"modifiers":0,"type":"char","text":"c","windowsVirtualKeyCode":99}}
00:20:05.139 [nioEventLoopGroup-11-1] DEBUG c.i.k.driver.chrome_1752427202391 - << {"id":80,"result":{},"sessionId":"9940F3F1926B4B41A92C0246E7352B65"}
00:20:05.140 [main] DEBUG c.i.k.driver.chrome_1752427202391 - >> {"id":81,"sessionId":"9940F3F1926B4B41A92C0246E7352B65","method":"Input.dispatchKeyEvent","params":{"modifiers":0,"type":"keyUp","text":"c","windowsVirtualKeyCode":99}}
00:20:05.141 [nioEventLoopGroup-11-1] DEBUG c.i.k.driver.chrome_1752427202391 - << {"id":81,"result":{},"sessionId":"9940F3F1926B4B41A92C0246E7352B65"}
00:20:05.141 [main] DEBUG c.i.k.driver.chrome_1752427202391 - >> {"id":82,"sessionId":"9940F3F1926B4B41A92C0246E7352B65","method":"Input.dispatchKeyEvent","params":{"modifiers":0,"type":"rawKeyDown","text":"e","windowsVirtualKeyCode":101}}
00:20:05.142 [nioEventLoopGroup-11-1] DEBUG c.i.k.driver.chrome_1752427202391 - << {"id":82,"result":{},"sessionId":"9940F3F1926B4B41A92C0246E7352B65"}
00:20:05.143 [main] DEBUG c.i.k.driver.chrome_1752427202391 - >> {"id":83,"sessionId":"9940F3F1926B4B41A92C0246E7352B65","method":"Input.dispatchKeyEvent","params":{"modifiers":0,"type":"char","text":"e","windowsVirtualKeyCode":101}}
00:20:05.147 [nioEventLoopGroup-11-1] DEBUG c.i.k.driver.chrome_1752427202391 - << {"id":83,"result":{},"sessionId":"9940F3F1926B4B41A92C0246E7352B65"}
00:20:05.147 [main] DEBUG c.i.k.driver.chrome_1752427202391 - >> {"id":84,"sessionId":"9940F3F1926B4B41A92C0246E7352B65","method":"Input.dispatchKeyEvent","params":{"modifiers":0,"type":"keyUp","text":"e","windowsVirtualKeyCode":101}}
00:20:05.149 [nioEventLoopGroup-11-1] DEBUG c.i.k.driver.chrome_1752427202391 - << {"id":84,"result":{},"sessionId":"9940F3F1926B4B41A92C0246E7352B65"}
00:20:05.150 [main] DEBUG c.i.k.driver.chrome_1752427202391 - >> {"id":85,"sessionId":"9940F3F1926B4B41A92C0246E7352B65","method":"Runtime.evaluate","params":{"expression":"document.evaluate(\"\/\/*[@id='login-button']\", document, null, 9, null).singleNodeValue.click()","returnByValue":true}}
00:20:05.159 [nioEventLoopGroup-11-1] DEBUG c.i.k.driver.chrome_1752427202391 - << {"method":"Target.targetInfoChanged","params":{"targetInfo":{"targetId":"CA3C8A4CE263528FDCC467BD0D1C198F","type":"page","title":"Swag Labs","url":"https://www.saucedemo.com/inventory.html","attached":true,"canAccessOpener":false,"browserContextId":"E2FCB86D4F54843C621E1E95FBD7371C"}},"sessionId":"9940F3F1926B4B41A92C0246E7352B65"}
00:20:05.205 [nioEventLoopGroup-11-1] DEBUG c.i.k.driver.chrome_1752427202391 - << {"method":"Page.navigatedWithinDocument","params":{"frameId":"CA3C8A4CE263528FDCC467BD0D1C198F","url":"https://www.saucedemo.com/inventory.html","navigationType":"historyApi"},"sessionId":"9940F3F1926B4B41A92C0246E7352B65"}
00:20:05.205 [nioEventLoopGroup-11-1] DEBUG c.i.k.driver.chrome_1752427202391 - << {"id":85,"result":{"result":{"type":"undefined"}},"sessionId":"9940F3F1926B4B41A92C0246E7352B65"}
00:20:05.215 [main] DEBUG c.i.k.driver.chrome_1752427202391 - >> {"id":86,"sessionId":"9940F3F1926B4B41A92C0246E7352B65","method":"Runtime.evaluate","params":{"expression":"document.location.href","returnByValue":true}}
00:20:05.248 [nioEventLoopGroup-11-1] DEBUG c.i.k.driver.chrome_1752427202391 - << {"id":86,"result":{"result":{"type":"string","value":"https://www.saucedemo.com/inventory.html"}},"sessionId":"9940F3F1926B4B41A92C0246E7352B65"}
00:20:05.250 [main] DEBUG c.i.k.driver.chrome_1752427202391 - >> {"id":87,"sessionId":"9940F3F1926B4B41A92C0246E7352B65","method":"Network.getAllCookies"}
00:20:05.252 [nioEventLoopGroup-11-1] DEBUG c.i.k.driver.chrome_1752427202391 - << {"id":87,"result":{"cookies":[{"name":"session-username","value":"standard_user","domain":"www.saucedemo.com","path":"/","expires":1752427805,"size":29,"httpOnly":false,"secure":false,"session":false,"priority":"Medium","sameParty":false,"sourceScheme":"Secure","sourcePort":443}]},"sessionId":"9940F3F1926B4B41A92C0246E7352B65"}
00:20:05.253 [main] INFO  com.intuit.karate - [print] [
  {
    "name": "session-username",
    "value": "standard_user",
    "domain": "www.saucedemo.com",
    "path": "/",
    "expires": 1752427805,
    "size": 29,
    "httpOnly": false,
    "secure": false,
    "session": false,
    "priority": "Medium",
    "sameParty": false,
    "sourceScheme": "Secure",
    "sourcePort": 443
  }
]
 
00:20:05.254 [main] DEBUG c.i.k.driver.chrome_1752427202391 - >> {"id":88,"sessionId":"9940F3F1926B4B41A92C0246E7352B65","method":"Network.getAllCookies"}
00:20:05.255 [nioEventLoopGroup-11-1] DEBUG c.i.k.driver.chrome_1752427202391 - << {"id":88,"result":{"cookies":[{"name":"session-username","value":"standard_user","domain":"www.saucedemo.com","path":"/","expires":1752427805,"size":29,"httpOnly":false,"secure":false,"session":false,"priority":"Medium","sameParty":false,"sourceScheme":"Secure","sourcePort":443}]},"sessionId":"9940F3F1926B4B41A92C0246E7352B65"}
00:20:05.268 [main] INFO  c.intuit.karate.core.FeatureRuntime - classpath:UI/HomePageUI/HomePage.feature - call by tag at line 35: @action_logoutBtn
00:20:05.333 [main] DEBUG c.intuit.karate.core.ScenarioEngine - over-writing existing variable 'homePage' with new value: read('classpath:UI/HomePageUI/saucedemo-HomePage.json')
00:20:05.337 [main] INFO  c.intuit.karate.core.FeatureRuntime - classpath:UI/HomePageUI/HomePage.feature - call by tag at line 29: action_openBurgerMenu
00:20:05.366 [main] DEBUG c.intuit.karate.core.ScenarioEngine - over-writing existing variable 'homePage' with new value: read('classpath:UI/HomePageUI/saucedemo-HomePage.json')
00:20:05.370 [main] DEBUG c.i.k.driver.chrome_1752427202391 - >> {"id":89,"sessionId":"9940F3F1926B4B41A92C0246E7352B65","method":"Runtime.evaluate","params":{"expression":"(function(){ var fun = function(_){ return !_.disabled }; var e = document.querySelector(\"#react-burger-menu-btn\"); return fun(e) })()","returnByValue":true}}
00:20:05.374 [nioEventLoopGroup-11-1] DEBUG c.i.k.driver.chrome_1752427202391 - << {"id":89,"result":{"result":{"type":"boolean","value":true}},"sessionId":"9940F3F1926B4B41A92C0246E7352B65"}
00:20:05.377 [main] DEBUG c.i.k.driver.chrome_1752427202391 - >> {"id":90,"sessionId":"9940F3F1926B4B41A92C0246E7352B65","method":"Runtime.evaluate","params":{"expression":"(document.querySelector(\"#react-burger-menu-btn\") != null)","returnByValue":true}}
00:20:05.378 [nioEventLoopGroup-11-1] DEBUG c.i.k.driver.chrome_1752427202391 - << {"id":90,"result":{"result":{"type":"boolean","value":true}},"sessionId":"9940F3F1926B4B41A92C0246E7352B65"}
00:20:05.379 [main] DEBUG c.i.k.driver.chrome_1752427202391 - >> {"id":91,"sessionId":"9940F3F1926B4B41A92C0246E7352B65","method":"Runtime.evaluate","params":{"expression":"document.querySelector(\"#react-burger-menu-btn\").click()","returnByValue":true}}
00:20:05.387 [nioEventLoopGroup-11-1] DEBUG c.i.k.driver.chrome_1752427202391 - << {"id":91,"result":{"result":{"type":"undefined"}},"sessionId":"9940F3F1926B4B41A92C0246E7352B65"}
00:20:05.389 [main] DEBUG c.i.k.driver.chrome_1752427202391 - >> {"id":92,"sessionId":"9940F3F1926B4B41A92C0246E7352B65","method":"Runtime.evaluate","params":{"expression":"(document.querySelector(\"div.bm-menu-wrap[aria-hidden='false']\") != null)","returnByValue":true}}
00:20:05.403 [nioEventLoopGroup-11-1] DEBUG c.i.k.driver.chrome_1752427202391 - << {"id":92,"result":{"result":{"type":"boolean","value":true}},"sessionId":"9940F3F1926B4B41A92C0246E7352B65"}
00:20:05.416 [main] DEBUG c.i.k.driver.chrome_1752427202391 - >> {"id":93,"sessionId":"9940F3F1926B4B41A92C0246E7352B65","method":"Runtime.evaluate","params":{"expression":"(document.querySelector(\"#logout_sidebar_link\") != null)","returnByValue":true}}
00:20:05.417 [nioEventLoopGroup-11-1] DEBUG c.i.k.driver.chrome_1752427202391 - << {"id":93,"result":{"result":{"type":"boolean","value":true}},"sessionId":"9940F3F1926B4B41A92C0246E7352B65"}
00:20:05.417 [main] DEBUG c.i.k.driver.chrome_1752427202391 - >> {"id":94,"sessionId":"9940F3F1926B4B41A92C0246E7352B65","method":"Runtime.evaluate","params":{"expression":"document.querySelector(\"#logout_sidebar_link\").click()","returnByValue":true}}
00:20:05.424 [nioEventLoopGroup-11-1] DEBUG c.i.k.driver.chrome_1752427202391 - << {"method":"Target.targetInfoChanged","params":{"targetInfo":{"targetId":"CA3C8A4CE263528FDCC467BD0D1C198F","type":"page","title":"Swag Labs","url":"https://www.saucedemo.com/","attached":true,"canAccessOpener":false,"browserContextId":"E2FCB86D4F54843C621E1E95FBD7371C"}},"sessionId":"9940F3F1926B4B41A92C0246E7352B65"}
00:20:05.449 [nioEventLoopGroup-11-1] DEBUG c.i.k.driver.chrome_1752427202391 - << {"method":"Page.navigatedWithinDocument","params":{"frameId":"CA3C8A4CE263528FDCC467BD0D1C198F","url":"https://www.saucedemo.com/","navigationType":"historyApi"},"sessionId":"9940F3F1926B4B41A92C0246E7352B65"}
00:20:05.449 [nioEventLoopGroup-11-1] DEBUG c.i.k.driver.chrome_1752427202391 - << {"id":94,"result":{"result":{"type":"undefined"}},"sessionId":"9940F3F1926B4B41A92C0246E7352B65"}
00:20:05.459 [main] DEBUG c.i.k.driver.chrome_1752427202391 - >> {"id":95,"sessionId":"9940F3F1926B4B41A92C0246E7352B65","method":"Network.getAllCookies"}
00:20:05.460 [nioEventLoopGroup-11-1] DEBUG c.i.k.driver.chrome_1752427202391 - << {"id":95,"result":{"cookies":[]},"sessionId":"9940F3F1926B4B41A92C0246E7352B65"}
00:20:05.464 [main] DEBUG c.i.k.driver.chrome_1752427202391 - >> {"id":96,"sessionId":"9940F3F1926B4B41A92C0246E7352B65","method":"Target.closeTarget","params":{"targetId":"CA3C8A4CE263528FDCC467BD0D1C198F"}}
00:20:05.464 [nioEventLoopGroup-11-1] DEBUG c.i.k.http.WebSocketClientHandler - websocket closing
00:20:05.465 [nioEventLoopGroup-11-1] DEBUG c.i.k.http.WebSocketClientHandler - websocket client disconnected
00:20:05.468 [main] DEBUG com.intuit.karate.shell.Command - closing command: chrome_1752427202391
00:20:05.479 [main] INFO  com.intuit.karate - karate.env system property was: null 
00:20:05.487 [main] DEBUG com.intuit.karate.shell.Command - found / verified free local port: 65171
00:20:05.488 [main] WARN  c.intuit.karate.driver.DriverOptions - preferred port 9222 not available, will use: 65171
00:20:05.490 [main] DEBUG c.i.k.driver.chrome_1752427205486 - poll attempt #0 for port to be ready - localhost:65171
00:20:05.490 [chrome_1752427205486] DEBUG c.i.k.driver.chrome_1752427205486 - command: [C:\Program Files\Google\Chrome\Application\chrome.exe, --remote-debugging-port=65171, --remote-allow-origins=*, --no-first-run, --user-data-dir=E:\Duy\Projects\practices\karate_framework\demo\target\chrome_1752427205486, --disable-popup-blocking, --disable-features=PasswordManager, --incognito], working dir: target\chrome_1752427205486
00:20:05.584 [chrome_1752427202391] WARN  com.intuit.karate.shell.Command - exit code was non-zero: 1 - [C:\Program Files\Google\Chrome\Application\chrome.exe, --remote-debugging-port=65138, --remote-allow-origins=*, --no-first-run, --user-data-dir=E:\Duy\Projects\practices\karate_framework\demo\target\chrome_1752427202391, --disable-popup-blocking, --disable-features=PasswordManager, --incognito] working dir: target\chrome_1752427202391
00:20:05.745 [main] DEBUG c.i.k.driver.chrome_1752427205486 - poll attempt #1 for port to be ready - localhost:65171
00:20:05.805 [chrome_1752427205486-out] DEBUG c.i.k.driver.chrome_1752427205486 - 
00:20:05.805 [chrome_1752427205486-out] DEBUG c.i.k.driver.chrome_1752427205486 - DevTools listening on ws://127.0.0.1:65171/devtools/browser/3e3bf03b-6e58-42b7-9775-567c3286d253
00:20:06.038 [main] DEBUG c.i.k.driver.chrome_1752427205486 - poll attempt #2 for port to be ready - localhost:65171
00:20:06.068 [main] DEBUG com.intuit.karate - request:
1 > GET http://localhost:65171/json
1 > Host: localhost:65171
1 > Connection: Keep-Alive
1 > User-Agent: Apache-HttpClient/4.5.14 (Java/21.0.7)
1 > Accept-Encoding: gzip,deflate


00:20:06.072 [main] DEBUG com.intuit.karate - response time in milliseconds: 3
1 < 200
1 < Content-Security-Policy: frame-ancestors 'none'
1 < Content-Length: 1522
1 < Content-Type: application/json; charset=UTF-8
[ {
   "description": "",
   "devtoolsFrontendUrl": "https://chrome-devtools-frontend.appspot.com/serve_rev/@a2159ad9ab8037bd34a21b9903003e0964c2075b/inspector.html?ws=localhost:65171/devtools/page/89DADC4CECF4817190DF02A353D7D614",
   "id": "89DADC4CECF4817190DF02A353D7D614",
   "title": "Google Hangouts",
   "type": "background_page",
   "url": "chrome-extension://nkeimhogjdpnpccoofpliimaahmaaome/background.html",
   "webSocketDebuggerUrl": "ws://localhost:65171/devtools/page/89DADC4CECF4817190DF02A353D7D614"
}, {
   "description": "",
   "devtoolsFrontendUrl": "https://chrome-devtools-frontend.appspot.com/serve_rev/@a2159ad9ab8037bd34a21b9903003e0964c2075b/inspector.html?ws=localhost:65171/devtools/page/6F6FBAF535044B5EE3BF3D22B3941464",
   "id": "6F6FBAF535044B5EE3BF3D22B3941464",
   "title": "Google Hangouts",
   "type": "background_page",
   "url": "chrome-extension://nkeimhogjdpnpccoofpliimaahmaaome/background.html",
   "webSocketDebuggerUrl": "ws://localhost:65171/devtools/page/6F6FBAF535044B5EE3BF3D22B3941464"
}, {
   "description": "",
   "devtoolsFrontendUrl": "https://chrome-devtools-frontend.appspot.com/serve_rev/@a2159ad9ab8037bd34a21b9903003e0964c2075b/inspector.html?ws=localhost:65171/devtools/page/9B6BF07587B96160913105144EE34CF4",
   "id": "9B6BF07587B96160913105144EE34CF4",
   "title": "New Incognito Tab",
   "type": "page",
   "url": "chrome://newtab/",
   "webSocketDebuggerUrl": "ws://localhost:65171/devtools/page/9B6BF07587B96160913105144EE34CF4"
} ]


00:20:06.073 [main] DEBUG com.intuit.karate.shell.Command - ready to accept http connections after 15 ms - http://localhost:65171/json
00:20:06.074 [main] DEBUG com.intuit.karate - request:
1 > GET http://localhost:65171/json
1 > Host: localhost:65171
1 > Connection: Keep-Alive
1 > User-Agent: Apache-HttpClient/4.5.14 (Java/21.0.7)
1 > Accept-Encoding: gzip,deflate


00:20:06.078 [main] DEBUG com.intuit.karate - response time in milliseconds: 3
1 < 200
1 < Content-Security-Policy: frame-ancestors 'none'
1 < Content-Length: 1522
1 < Content-Type: application/json; charset=UTF-8
[ {
   "description": "",
   "devtoolsFrontendUrl": "https://chrome-devtools-frontend.appspot.com/serve_rev/@a2159ad9ab8037bd34a21b9903003e0964c2075b/inspector.html?ws=localhost:65171/devtools/page/89DADC4CECF4817190DF02A353D7D614",
   "id": "89DADC4CECF4817190DF02A353D7D614",
   "title": "Google Hangouts",
   "type": "background_page",
   "url": "chrome-extension://nkeimhogjdpnpccoofpliimaahmaaome/background.html",
   "webSocketDebuggerUrl": "ws://localhost:65171/devtools/page/89DADC4CECF4817190DF02A353D7D614"
}, {
   "description": "",
   "devtoolsFrontendUrl": "https://chrome-devtools-frontend.appspot.com/serve_rev/@a2159ad9ab8037bd34a21b9903003e0964c2075b/inspector.html?ws=localhost:65171/devtools/page/6F6FBAF535044B5EE3BF3D22B3941464",
   "id": "6F6FBAF535044B5EE3BF3D22B3941464",
   "title": "Google Hangouts",
   "type": "background_page",
   "url": "chrome-extension://nkeimhogjdpnpccoofpliimaahmaaome/background.html",
   "webSocketDebuggerUrl": "ws://localhost:65171/devtools/page/6F6FBAF535044B5EE3BF3D22B3941464"
}, {
   "description": "",
   "devtoolsFrontendUrl": "https://chrome-devtools-frontend.appspot.com/serve_rev/@a2159ad9ab8037bd34a21b9903003e0964c2075b/inspector.html?ws=localhost:65171/devtools/page/9B6BF07587B96160913105144EE34CF4",
   "id": "9B6BF07587B96160913105144EE34CF4",
   "title": "New Incognito Tab",
   "type": "page",
   "url": "chrome://newtab/",
   "webSocketDebuggerUrl": "ws://localhost:65171/devtools/page/9B6BF07587B96160913105144EE34CF4"
} ]


00:20:06.079 [main] DEBUG c.i.k.driver.chrome_1752427205486 - root frame id: 9B6BF07587B96160913105144EE34CF4
00:20:06.156 [nioEventLoopGroup-12-1] DEBUG c.i.k.http.WebSocketClientHandler - websocket client connected
00:20:06.157 [main] DEBUG c.i.k.driver.chrome_1752427205486 - >> {"id":1,"method":"Target.attachToTarget","params":{"targetId":"9B6BF07587B96160913105144EE34CF4","flatten":true}}
00:20:06.159 [nioEventLoopGroup-12-1] DEBUG c.i.k.driver.chrome_1752427205486 - << {"method":"Target.attachedToTarget","params":{"sessionId":"7AA3A7328E0EB8C4F6573FAD4D845375","targetInfo":{"targetId":"9B6BF07587B96160913105144EE34CF4","type":"page","title":"New Incognito Tab","url":"chrome://newtab/","attached":true,"canAccessOpener":false,"browserContextId":"1064FC6D8782EAAD964736B2B6748F5C"},"waitingForDebugger":false}}
00:20:06.159 [nioEventLoopGroup-12-1] DEBUG c.i.k.driver.chrome_1752427205486 - << {"id":1,"result":{"sessionId":"7AA3A7328E0EB8C4F6573FAD4D845375"}}
00:20:06.160 [main] DEBUG c.i.k.driver.chrome_1752427205486 - >> {"id":2,"sessionId":"7AA3A7328E0EB8C4F6573FAD4D845375","method":"Target.activateTarget","params":{"targetId":"9B6BF07587B96160913105144EE34CF4"}}
00:20:06.162 [nioEventLoopGroup-12-1] DEBUG c.i.k.driver.chrome_1752427205486 - << {"id":2,"result":{},"sessionId":"7AA3A7328E0EB8C4F6573FAD4D845375"}
00:20:06.177 [main] DEBUG c.i.k.driver.chrome_1752427205486 - >> {"id":3,"sessionId":"7AA3A7328E0EB8C4F6573FAD4D845375","method":"Target.setDiscoverTargets","params":{"discover":true}}
00:20:06.184 [nioEventLoopGroup-12-1] DEBUG c.i.k.driver.chrome_1752427205486 - << {"method":"Target.targetCreated","params":{"targetInfo":{"targetId":"6F6FBAF535044B5EE3BF3D22B3941464","type":"background_page","title":"Google Hangouts","url":"chrome-extension://nkeimhogjdpnpccoofpliimaahmaaome/background.html","attached":false,"canAccessOpener":false,"browserContextId":"E29E91D4551DA9103358F6B87896EC13"}},"sessionId":"7AA3A7328E0EB8C4F6573FAD4D845375"}
00:20:06.184 [nioEventLoopGroup-12-1] DEBUG c.i.k.driver.chrome_1752427205486 - << {"method":"Target.targetCreated","params":{"targetInfo":{"targetId":"89DADC4CECF4817190DF02A353D7D614","type":"background_page","title":"Google Hangouts","url":"chrome-extension://nkeimhogjdpnpccoofpliimaahmaaome/background.html","attached":false,"canAccessOpener":false,"browserContextId":"1064FC6D8782EAAD964736B2B6748F5C"}},"sessionId":"7AA3A7328E0EB8C4F6573FAD4D845375"}
00:20:06.185 [nioEventLoopGroup-12-1] DEBUG c.i.k.driver.chrome_1752427205486 - << {"method":"Target.targetCreated","params":{"targetInfo":{"targetId":"9B6BF07587B96160913105144EE34CF4","type":"page","title":"New Incognito Tab","url":"chrome://newtab/","attached":true,"canAccessOpener":false,"browserContextId":"1064FC6D8782EAAD964736B2B6748F5C"}},"sessionId":"7AA3A7328E0EB8C4F6573FAD4D845375"}
00:20:06.185 [nioEventLoopGroup-12-1] DEBUG c.i.k.driver.chrome_1752427205486 - << {"id":3,"result":{},"sessionId":"7AA3A7328E0EB8C4F6573FAD4D845375"}
00:20:06.192 [main] DEBUG c.i.k.driver.chrome_1752427205486 - >> {"id":4,"sessionId":"7AA3A7328E0EB8C4F6573FAD4D845375","method":"Page.enable"}
00:20:06.269 [nioEventLoopGroup-12-1] DEBUG c.i.k.driver.chrome_1752427205486 - << {"id":4,"result":{},"sessionId":"7AA3A7328E0EB8C4F6573FAD4D845375"}
00:20:06.271 [main] DEBUG c.i.k.driver.chrome_1752427205486 - >> {"id":5,"sessionId":"7AA3A7328E0EB8C4F6573FAD4D845375","method":"Runtime.enable"}
00:20:06.279 [nioEventLoopGroup-12-1] DEBUG c.i.k.driver.chrome_1752427205486 - << {"method":"Runtime.executionContextCreated","params":{"context":{"id":1,"origin":"chrome://newtab","name":"","uniqueId":"-6417417223679503645.7426702693848681117","auxData":{"isDefault":true,"type":"default","frameId":"9B6BF07587B96160913105144EE34CF4"}}},"sessionId":"7AA3A7328E0EB8C4F6573FAD4D845375"}
00:20:06.279 [nioEventLoopGroup-12-1] DEBUG c.i.k.driver.chrome_1752427205486 - << {"id":5,"result":{},"sessionId":"7AA3A7328E0EB8C4F6573FAD4D845375"}
00:20:06.287 [main] DEBUG c.i.k.driver.chrome_1752427205486 - >> {"id":6,"sessionId":"7AA3A7328E0EB8C4F6573FAD4D845375","method":"Browser.getWindowForTarget","params":{"targetId":"9B6BF07587B96160913105144EE34CF4"}}
00:20:06.289 [nioEventLoopGroup-12-1] DEBUG c.i.k.driver.chrome_1752427205486 - << {"id":6,"result":{"windowId":2009276774,"bounds":{"left":10,"top":10,"width":945,"height":1060,"windowState":"normal"}},"sessionId":"7AA3A7328E0EB8C4F6573FAD4D845375"}
00:20:06.289 [nioEventLoopGroup-12-1] DEBUG c.i.k.driver.chrome_1752427205486 - << {"method":"Page.domContentEventFired","params":{"timestamp":35148.939421},"sessionId":"7AA3A7328E0EB8C4F6573FAD4D845375"}
00:20:06.305 [nioEventLoopGroup-12-1] DEBUG c.i.k.driver.chrome_1752427205486 - << {"method":"Target.targetInfoChanged","params":{"targetInfo":{"targetId":"6F6FBAF535044B5EE3BF3D22B3941464","type":"background_page","title":"Google Hangouts","url":"chrome-extension://nkeimhogjdpnpccoofpliimaahmaaome/background.html","attached":false,"canAccessOpener":false,"browserContextId":"E29E91D4551DA9103358F6B87896EC13"}},"sessionId":"7AA3A7328E0EB8C4F6573FAD4D845375"}
00:20:06.318 [main] DEBUG c.i.k.driver.chrome_1752427205486 - >> {"id":7,"sessionId":"7AA3A7328E0EB8C4F6573FAD4D845375","method":"Page.navigate","params":{"url":"https:\/\/saucedemo.com\/"}}
00:20:06.325 [nioEventLoopGroup-12-1] DEBUG c.i.k.driver.chrome_1752427205486 - << {"method":"Page.frameStartedNavigating","params":{"frameId":"9B6BF07587B96160913105144EE34CF4","url":"https://saucedemo.com/","loaderId":"0686B9CB0FF7B6790BF6AD85D8E99D36","navigationType":"differentDocument"},"sessionId":"7AA3A7328E0EB8C4F6573FAD4D845375"}
00:20:06.325 [nioEventLoopGroup-12-1] DEBUG c.i.k.driver.chrome_1752427205486 - << {"method":"Page.frameStartedLoading","params":{"frameId":"9B6BF07587B96160913105144EE34CF4"},"sessionId":"7AA3A7328E0EB8C4F6573FAD4D845375"}
00:20:06.351 [nioEventLoopGroup-12-1] DEBUG c.i.k.driver.chrome_1752427205486 - << {"method":"Page.loadEventFired","params":{"timestamp":35149.001988},"sessionId":"7AA3A7328E0EB8C4F6573FAD4D845375"}
00:20:06.351 [nioEventLoopGroup-12-1] DEBUG c.i.k.driver.chrome_1752427205486 - << {"method":"Page.frameStartedLoading","params":{"frameId":"9B6BF07587B96160913105144EE34CF4"},"sessionId":"7AA3A7328E0EB8C4F6573FAD4D845375"}
00:20:06.513 [nioEventLoopGroup-12-1] DEBUG c.i.k.driver.chrome_1752427205486 - << {"id":7,"result":{"frameId":"9B6BF07587B96160913105144EE34CF4","loaderId":"0686B9CB0FF7B6790BF6AD85D8E99D36"},"sessionId":"7AA3A7328E0EB8C4F6573FAD4D845375"}
00:20:06.516 [nioEventLoopGroup-12-1] DEBUG c.i.k.driver.chrome_1752427205486 - << {"method":"Runtime.executionContextsCleared","params":{},"sessionId":"7AA3A7328E0EB8C4F6573FAD4D845375"}
00:20:06.518 [nioEventLoopGroup-12-1] DEBUG c.i.k.driver.chrome_1752427205486 - << {"method":"Runtime.executionContextsCleared","params":{},"sessionId":"7AA3A7328E0EB8C4F6573FAD4D845375"}
00:20:06.518 [nioEventLoopGroup-12-1] DEBUG c.i.k.driver.chrome_1752427205486 - << {"method":"Page.frameNavigated","params":{"frame":{"id":"9B6BF07587B96160913105144EE34CF4","loaderId":"0686B9CB0FF7B6790BF6AD85D8E99D36","url":"https://www.saucedemo.com/","domainAndRegistry":"saucedemo.com","securityOrigin":"https://www.saucedemo.com","securityOriginDetails":{"isLocalhost":false},"mimeType":"text/html","adFrameStatus":{"adFrameType":"none"},"secureContextType":"Secure","crossOriginIsolatedContextType":"NotIsolated","gatedAPIFeatures":[]},"type":"Navigation"},"sessionId":"7AA3A7328E0EB8C4F6573FAD4D845375"}
00:20:06.532 [nioEventLoopGroup-12-1] DEBUG c.i.k.driver.chrome_1752427205486 - << {"method":"Target.targetInfoChanged","params":{"targetInfo":{"targetId":"9B6BF07587B96160913105144EE34CF4","type":"page","title":"saucedemo.com","url":"https://www.saucedemo.com/","attached":true,"canAccessOpener":false,"browserContextId":"1064FC6D8782EAAD964736B2B6748F5C"}},"sessionId":"7AA3A7328E0EB8C4F6573FAD4D845375"}
00:20:06.536 [nioEventLoopGroup-12-1] DEBUG c.i.k.driver.chrome_1752427205486 - << {"method":"Runtime.executionContextCreated","params":{"context":{"id":1,"origin":"https://www.saucedemo.com","name":"","uniqueId":"-5735335105071754102.-6787116241094222123","auxData":{"isDefault":true,"type":"default","frameId":"9B6BF07587B96160913105144EE34CF4"}}},"sessionId":"7AA3A7328E0EB8C4F6573FAD4D845375"}
00:20:06.872 [nioEventLoopGroup-12-1] DEBUG c.i.k.driver.chrome_1752427205486 - << {"method":"Target.targetCreated","params":{"targetInfo":{"targetId":"735ED6E0131504DB4ABEE77C68B46C73","type":"service_worker","title":"Service Worker chrome-extension://fignfifoniblkonapihmkfakmlgkbkcf/service_worker.js","url":"chrome-extension://fignfifoniblkonapihmkfakmlgkbkcf/service_worker.js","attached":false,"canAccessOpener":false,"browserContextId":"E29E91D4551DA9103358F6B87896EC13"}},"sessionId":"7AA3A7328E0EB8C4F6573FAD4D845375"}
00:20:08.013 [nioEventLoopGroup-12-1] DEBUG c.i.k.driver.chrome_1752427205486 - << {"method":"Page.domContentEventFired","params":{"timestamp":35150.659487},"sessionId":"7AA3A7328E0EB8C4F6573FAD4D845375"}
00:20:08.018 [main] INFO  c.intuit.karate.core.FeatureRuntime - classpath:UI/LoginUI/LoginPage.feature - call by tag at line 7: action_attemptLogin
00:20:08.044 [main] DEBUG c.i.k.driver.chrome_1752427205486 - >> {"id":8,"sessionId":"7AA3A7328E0EB8C4F6573FAD4D845375","method":"Runtime.evaluate","params":{"expression":"var e = document.evaluate(\"\/\/*[@id='user-name']\", document, null, 9, null).singleNodeValue; e.focus(); try { e.selectionStart = e.selectionEnd = e.value.length } catch(x) {}","returnByValue":true}}
00:20:08.053 [nioEventLoopGroup-12-1] DEBUG c.i.k.driver.chrome_1752427205486 - << {"id":8,"result":{"result":{"type":"number","value":0,"description":"0"}},"sessionId":"7AA3A7328E0EB8C4F6573FAD4D845375"}
00:20:08.053 [main] DEBUG c.i.k.driver.chrome_1752427205486 - >> {"id":9,"sessionId":"7AA3A7328E0EB8C4F6573FAD4D845375","method":"Input.dispatchKeyEvent","params":{"modifiers":0,"type":"rawKeyDown","text":"s","windowsVirtualKeyCode":115}}
00:20:08.061 [nioEventLoopGroup-12-1] DEBUG c.i.k.driver.chrome_1752427205486 - << {"id":9,"result":{},"sessionId":"7AA3A7328E0EB8C4F6573FAD4D845375"}
00:20:08.062 [main] DEBUG c.i.k.driver.chrome_1752427205486 - >> {"id":10,"sessionId":"7AA3A7328E0EB8C4F6573FAD4D845375","method":"Input.dispatchKeyEvent","params":{"modifiers":0,"type":"char","text":"s","windowsVirtualKeyCode":115}}
00:20:08.073 [nioEventLoopGroup-12-1] DEBUG c.i.k.driver.chrome_1752427205486 - << {"id":10,"result":{},"sessionId":"7AA3A7328E0EB8C4F6573FAD4D845375"}
00:20:08.074 [main] DEBUG c.i.k.driver.chrome_1752427205486 - >> {"id":11,"sessionId":"7AA3A7328E0EB8C4F6573FAD4D845375","method":"Input.dispatchKeyEvent","params":{"modifiers":0,"type":"keyUp","text":"s","windowsVirtualKeyCode":115}}
00:20:08.077 [nioEventLoopGroup-12-1] DEBUG c.i.k.driver.chrome_1752427205486 - << {"id":11,"result":{},"sessionId":"7AA3A7328E0EB8C4F6573FAD4D845375"}
00:20:08.077 [main] DEBUG c.i.k.driver.chrome_1752427205486 - >> {"id":12,"sessionId":"7AA3A7328E0EB8C4F6573FAD4D845375","method":"Input.dispatchKeyEvent","params":{"modifiers":0,"type":"rawKeyDown","text":"t","windowsVirtualKeyCode":116}}
00:20:08.080 [nioEventLoopGroup-12-1] DEBUG c.i.k.driver.chrome_1752427205486 - << {"id":12,"result":{},"sessionId":"7AA3A7328E0EB8C4F6573FAD4D845375"}
00:20:08.080 [main] DEBUG c.i.k.driver.chrome_1752427205486 - >> {"id":13,"sessionId":"7AA3A7328E0EB8C4F6573FAD4D845375","method":"Input.dispatchKeyEvent","params":{"modifiers":0,"type":"char","text":"t","windowsVirtualKeyCode":116}}
00:20:08.087 [nioEventLoopGroup-12-1] DEBUG c.i.k.driver.chrome_1752427205486 - << {"id":13,"result":{},"sessionId":"7AA3A7328E0EB8C4F6573FAD4D845375"}
00:20:08.088 [main] DEBUG c.i.k.driver.chrome_1752427205486 - >> {"id":14,"sessionId":"7AA3A7328E0EB8C4F6573FAD4D845375","method":"Input.dispatchKeyEvent","params":{"modifiers":0,"type":"keyUp","text":"t","windowsVirtualKeyCode":116}}
00:20:08.090 [nioEventLoopGroup-12-1] DEBUG c.i.k.driver.chrome_1752427205486 - << {"id":14,"result":{},"sessionId":"7AA3A7328E0EB8C4F6573FAD4D845375"}
00:20:08.091 [main] DEBUG c.i.k.driver.chrome_1752427205486 - >> {"id":15,"sessionId":"7AA3A7328E0EB8C4F6573FAD4D845375","method":"Input.dispatchKeyEvent","params":{"modifiers":0,"type":"rawKeyDown","text":"a","windowsVirtualKeyCode":97}}
00:20:08.093 [nioEventLoopGroup-12-1] DEBUG c.i.k.driver.chrome_1752427205486 - << {"id":15,"result":{},"sessionId":"7AA3A7328E0EB8C4F6573FAD4D845375"}
00:20:08.093 [main] DEBUG c.i.k.driver.chrome_1752427205486 - >> {"id":16,"sessionId":"7AA3A7328E0EB8C4F6573FAD4D845375","method":"Input.dispatchKeyEvent","params":{"modifiers":0,"type":"char","text":"a","windowsVirtualKeyCode":97}}
00:20:08.109 [nioEventLoopGroup-12-1] DEBUG c.i.k.driver.chrome_1752427205486 - << {"id":16,"result":{},"sessionId":"7AA3A7328E0EB8C4F6573FAD4D845375"}
00:20:08.109 [main] DEBUG c.i.k.driver.chrome_1752427205486 - >> {"id":17,"sessionId":"7AA3A7328E0EB8C4F6573FAD4D845375","method":"Input.dispatchKeyEvent","params":{"modifiers":0,"type":"keyUp","text":"a","windowsVirtualKeyCode":97}}
00:20:08.112 [nioEventLoopGroup-12-1] DEBUG c.i.k.driver.chrome_1752427205486 - << {"id":17,"result":{},"sessionId":"7AA3A7328E0EB8C4F6573FAD4D845375"}
00:20:08.114 [main] DEBUG c.i.k.driver.chrome_1752427205486 - >> {"id":18,"sessionId":"7AA3A7328E0EB8C4F6573FAD4D845375","method":"Input.dispatchKeyEvent","params":{"modifiers":0,"type":"rawKeyDown","text":"n","windowsVirtualKeyCode":110}}
00:20:08.117 [nioEventLoopGroup-12-1] DEBUG c.i.k.driver.chrome_1752427205486 - << {"id":18,"result":{},"sessionId":"7AA3A7328E0EB8C4F6573FAD4D845375"}
00:20:08.118 [main] DEBUG c.i.k.driver.chrome_1752427205486 - >> {"id":19,"sessionId":"7AA3A7328E0EB8C4F6573FAD4D845375","method":"Input.dispatchKeyEvent","params":{"modifiers":0,"type":"char","text":"n","windowsVirtualKeyCode":110}}
00:20:08.128 [nioEventLoopGroup-12-1] DEBUG c.i.k.driver.chrome_1752427205486 - << {"id":19,"result":{},"sessionId":"7AA3A7328E0EB8C4F6573FAD4D845375"}
00:20:08.128 [main] DEBUG c.i.k.driver.chrome_1752427205486 - >> {"id":20,"sessionId":"7AA3A7328E0EB8C4F6573FAD4D845375","method":"Input.dispatchKeyEvent","params":{"modifiers":0,"type":"keyUp","text":"n","windowsVirtualKeyCode":110}}
00:20:08.141 [nioEventLoopGroup-12-1] DEBUG c.i.k.driver.chrome_1752427205486 - << {"id":20,"result":{},"sessionId":"7AA3A7328E0EB8C4F6573FAD4D845375"}
00:20:08.142 [main] DEBUG c.i.k.driver.chrome_1752427205486 - >> {"id":21,"sessionId":"7AA3A7328E0EB8C4F6573FAD4D845375","method":"Input.dispatchKeyEvent","params":{"modifiers":0,"type":"rawKeyDown","text":"d","windowsVirtualKeyCode":100}}
00:20:08.144 [nioEventLoopGroup-12-1] DEBUG c.i.k.driver.chrome_1752427205486 - << {"id":21,"result":{},"sessionId":"7AA3A7328E0EB8C4F6573FAD4D845375"}
00:20:08.145 [main] DEBUG c.i.k.driver.chrome_1752427205486 - >> {"id":22,"sessionId":"7AA3A7328E0EB8C4F6573FAD4D845375","method":"Input.dispatchKeyEvent","params":{"modifiers":0,"type":"char","text":"d","windowsVirtualKeyCode":100}}
00:20:08.158 [nioEventLoopGroup-12-1] DEBUG c.i.k.driver.chrome_1752427205486 - << {"id":22,"result":{},"sessionId":"7AA3A7328E0EB8C4F6573FAD4D845375"}
00:20:08.158 [main] DEBUG c.i.k.driver.chrome_1752427205486 - >> {"id":23,"sessionId":"7AA3A7328E0EB8C4F6573FAD4D845375","method":"Input.dispatchKeyEvent","params":{"modifiers":0,"type":"keyUp","text":"d","windowsVirtualKeyCode":100}}
00:20:08.160 [nioEventLoopGroup-12-1] DEBUG c.i.k.driver.chrome_1752427205486 - << {"id":23,"result":{},"sessionId":"7AA3A7328E0EB8C4F6573FAD4D845375"}
00:20:08.160 [main] DEBUG c.i.k.driver.chrome_1752427205486 - >> {"id":24,"sessionId":"7AA3A7328E0EB8C4F6573FAD4D845375","method":"Input.dispatchKeyEvent","params":{"modifiers":0,"type":"rawKeyDown","text":"a","windowsVirtualKeyCode":97}}
00:20:08.162 [nioEventLoopGroup-12-1] DEBUG c.i.k.driver.chrome_1752427205486 - << {"id":24,"result":{},"sessionId":"7AA3A7328E0EB8C4F6573FAD4D845375"}
00:20:08.163 [main] DEBUG c.i.k.driver.chrome_1752427205486 - >> {"id":25,"sessionId":"7AA3A7328E0EB8C4F6573FAD4D845375","method":"Input.dispatchKeyEvent","params":{"modifiers":0,"type":"char","text":"a","windowsVirtualKeyCode":97}}
00:20:08.167 [nioEventLoopGroup-12-1] DEBUG c.i.k.driver.chrome_1752427205486 - << {"id":25,"result":{},"sessionId":"7AA3A7328E0EB8C4F6573FAD4D845375"}
00:20:08.168 [main] DEBUG c.i.k.driver.chrome_1752427205486 - >> {"id":26,"sessionId":"7AA3A7328E0EB8C4F6573FAD4D845375","method":"Input.dispatchKeyEvent","params":{"modifiers":0,"type":"keyUp","text":"a","windowsVirtualKeyCode":97}}
00:20:08.169 [nioEventLoopGroup-12-1] DEBUG c.i.k.driver.chrome_1752427205486 - << {"id":26,"result":{},"sessionId":"7AA3A7328E0EB8C4F6573FAD4D845375"}
00:20:08.169 [main] DEBUG c.i.k.driver.chrome_1752427205486 - >> {"id":27,"sessionId":"7AA3A7328E0EB8C4F6573FAD4D845375","method":"Input.dispatchKeyEvent","params":{"modifiers":0,"type":"rawKeyDown","text":"r","windowsVirtualKeyCode":114}}
00:20:08.171 [nioEventLoopGroup-12-1] DEBUG c.i.k.driver.chrome_1752427205486 - << {"id":27,"result":{},"sessionId":"7AA3A7328E0EB8C4F6573FAD4D845375"}
00:20:08.171 [main] DEBUG c.i.k.driver.chrome_1752427205486 - >> {"id":28,"sessionId":"7AA3A7328E0EB8C4F6573FAD4D845375","method":"Input.dispatchKeyEvent","params":{"modifiers":0,"type":"char","text":"r","windowsVirtualKeyCode":114}}
00:20:08.175 [nioEventLoopGroup-12-1] DEBUG c.i.k.driver.chrome_1752427205486 - << {"id":28,"result":{},"sessionId":"7AA3A7328E0EB8C4F6573FAD4D845375"}
00:20:08.175 [main] DEBUG c.i.k.driver.chrome_1752427205486 - >> {"id":29,"sessionId":"7AA3A7328E0EB8C4F6573FAD4D845375","method":"Input.dispatchKeyEvent","params":{"modifiers":0,"type":"keyUp","text":"r","windowsVirtualKeyCode":114}}
00:20:08.177 [nioEventLoopGroup-12-1] DEBUG c.i.k.driver.chrome_1752427205486 - << {"id":29,"result":{},"sessionId":"7AA3A7328E0EB8C4F6573FAD4D845375"}
00:20:08.177 [main] DEBUG c.i.k.driver.chrome_1752427205486 - >> {"id":30,"sessionId":"7AA3A7328E0EB8C4F6573FAD4D845375","method":"Input.dispatchKeyEvent","params":{"modifiers":0,"type":"rawKeyDown","text":"d","windowsVirtualKeyCode":100}}
00:20:08.178 [nioEventLoopGroup-12-1] DEBUG c.i.k.driver.chrome_1752427205486 - << {"id":30,"result":{},"sessionId":"7AA3A7328E0EB8C4F6573FAD4D845375"}
00:20:08.179 [main] DEBUG c.i.k.driver.chrome_1752427205486 - >> {"id":31,"sessionId":"7AA3A7328E0EB8C4F6573FAD4D845375","method":"Input.dispatchKeyEvent","params":{"modifiers":0,"type":"char","text":"d","windowsVirtualKeyCode":100}}
00:20:08.185 [nioEventLoopGroup-12-1] DEBUG c.i.k.driver.chrome_1752427205486 - << {"id":31,"result":{},"sessionId":"7AA3A7328E0EB8C4F6573FAD4D845375"}
00:20:08.185 [main] DEBUG c.i.k.driver.chrome_1752427205486 - >> {"id":32,"sessionId":"7AA3A7328E0EB8C4F6573FAD4D845375","method":"Input.dispatchKeyEvent","params":{"modifiers":0,"type":"keyUp","text":"d","windowsVirtualKeyCode":100}}
00:20:08.186 [nioEventLoopGroup-12-1] DEBUG c.i.k.driver.chrome_1752427205486 - << {"id":32,"result":{},"sessionId":"7AA3A7328E0EB8C4F6573FAD4D845375"}
00:20:08.187 [main] DEBUG c.i.k.driver.chrome_1752427205486 - >> {"id":33,"sessionId":"7AA3A7328E0EB8C4F6573FAD4D845375","method":"Input.dispatchKeyEvent","params":{"modifiers":0,"type":"rawKeyDown","text":"_","windowsVirtualKeyCode":523}}
00:20:08.188 [nioEventLoopGroup-12-1] DEBUG c.i.k.driver.chrome_1752427205486 - << {"id":33,"result":{},"sessionId":"7AA3A7328E0EB8C4F6573FAD4D845375"}
00:20:08.188 [main] DEBUG c.i.k.driver.chrome_1752427205486 - >> {"id":34,"sessionId":"7AA3A7328E0EB8C4F6573FAD4D845375","method":"Input.dispatchKeyEvent","params":{"modifiers":0,"type":"char","text":"_","windowsVirtualKeyCode":523}}
00:20:08.192 [nioEventLoopGroup-12-1] DEBUG c.i.k.driver.chrome_1752427205486 - << {"id":34,"result":{},"sessionId":"7AA3A7328E0EB8C4F6573FAD4D845375"}
00:20:08.192 [main] DEBUG c.i.k.driver.chrome_1752427205486 - >> {"id":35,"sessionId":"7AA3A7328E0EB8C4F6573FAD4D845375","method":"Input.dispatchKeyEvent","params":{"modifiers":0,"type":"keyUp","text":"_","windowsVirtualKeyCode":523}}
00:20:08.194 [nioEventLoopGroup-12-1] DEBUG c.i.k.driver.chrome_1752427205486 - << {"id":35,"result":{},"sessionId":"7AA3A7328E0EB8C4F6573FAD4D845375"}
00:20:08.194 [main] DEBUG c.i.k.driver.chrome_1752427205486 - >> {"id":36,"sessionId":"7AA3A7328E0EB8C4F6573FAD4D845375","method":"Input.dispatchKeyEvent","params":{"modifiers":0,"type":"rawKeyDown","text":"u","windowsVirtualKeyCode":117}}
00:20:08.196 [nioEventLoopGroup-12-1] DEBUG c.i.k.driver.chrome_1752427205486 - << {"id":36,"result":{},"sessionId":"7AA3A7328E0EB8C4F6573FAD4D845375"}
00:20:08.196 [main] DEBUG c.i.k.driver.chrome_1752427205486 - >> {"id":37,"sessionId":"7AA3A7328E0EB8C4F6573FAD4D845375","method":"Input.dispatchKeyEvent","params":{"modifiers":0,"type":"char","text":"u","windowsVirtualKeyCode":117}}
00:20:08.203 [nioEventLoopGroup-12-1] DEBUG c.i.k.driver.chrome_1752427205486 - << {"id":37,"result":{},"sessionId":"7AA3A7328E0EB8C4F6573FAD4D845375"}
00:20:08.203 [main] DEBUG c.i.k.driver.chrome_1752427205486 - >> {"id":38,"sessionId":"7AA3A7328E0EB8C4F6573FAD4D845375","method":"Input.dispatchKeyEvent","params":{"modifiers":0,"type":"keyUp","text":"u","windowsVirtualKeyCode":117}}
00:20:08.205 [nioEventLoopGroup-12-1] DEBUG c.i.k.driver.chrome_1752427205486 - << {"id":38,"result":{},"sessionId":"7AA3A7328E0EB8C4F6573FAD4D845375"}
00:20:08.206 [main] DEBUG c.i.k.driver.chrome_1752427205486 - >> {"id":39,"sessionId":"7AA3A7328E0EB8C4F6573FAD4D845375","method":"Input.dispatchKeyEvent","params":{"modifiers":0,"type":"rawKeyDown","text":"s","windowsVirtualKeyCode":115}}
00:20:08.208 [nioEventLoopGroup-12-1] DEBUG c.i.k.driver.chrome_1752427205486 - << {"id":39,"result":{},"sessionId":"7AA3A7328E0EB8C4F6573FAD4D845375"}
00:20:08.208 [main] DEBUG c.i.k.driver.chrome_1752427205486 - >> {"id":40,"sessionId":"7AA3A7328E0EB8C4F6573FAD4D845375","method":"Input.dispatchKeyEvent","params":{"modifiers":0,"type":"char","text":"s","windowsVirtualKeyCode":115}}
00:20:08.212 [nioEventLoopGroup-12-1] DEBUG c.i.k.driver.chrome_1752427205486 - << {"id":40,"result":{},"sessionId":"7AA3A7328E0EB8C4F6573FAD4D845375"}
00:20:08.213 [main] DEBUG c.i.k.driver.chrome_1752427205486 - >> {"id":41,"sessionId":"7AA3A7328E0EB8C4F6573FAD4D845375","method":"Input.dispatchKeyEvent","params":{"modifiers":0,"type":"keyUp","text":"s","windowsVirtualKeyCode":115}}
00:20:08.217 [nioEventLoopGroup-12-1] DEBUG c.i.k.driver.chrome_1752427205486 - << {"id":41,"result":{},"sessionId":"7AA3A7328E0EB8C4F6573FAD4D845375"}
00:20:08.217 [main] DEBUG c.i.k.driver.chrome_1752427205486 - >> {"id":42,"sessionId":"7AA3A7328E0EB8C4F6573FAD4D845375","method":"Input.dispatchKeyEvent","params":{"modifiers":0,"type":"rawKeyDown","text":"e","windowsVirtualKeyCode":101}}
00:20:08.219 [nioEventLoopGroup-12-1] DEBUG c.i.k.driver.chrome_1752427205486 - << {"id":42,"result":{},"sessionId":"7AA3A7328E0EB8C4F6573FAD4D845375"}
00:20:08.219 [main] DEBUG c.i.k.driver.chrome_1752427205486 - >> {"id":43,"sessionId":"7AA3A7328E0EB8C4F6573FAD4D845375","method":"Input.dispatchKeyEvent","params":{"modifiers":0,"type":"char","text":"e","windowsVirtualKeyCode":101}}
00:20:08.223 [nioEventLoopGroup-12-1] DEBUG c.i.k.driver.chrome_1752427205486 - << {"id":43,"result":{},"sessionId":"7AA3A7328E0EB8C4F6573FAD4D845375"}
00:20:08.224 [main] DEBUG c.i.k.driver.chrome_1752427205486 - >> {"id":44,"sessionId":"7AA3A7328E0EB8C4F6573FAD4D845375","method":"Input.dispatchKeyEvent","params":{"modifiers":0,"type":"keyUp","text":"e","windowsVirtualKeyCode":101}}
00:20:08.225 [nioEventLoopGroup-12-1] DEBUG c.i.k.driver.chrome_1752427205486 - << {"id":44,"result":{},"sessionId":"7AA3A7328E0EB8C4F6573FAD4D845375"}
00:20:08.226 [main] DEBUG c.i.k.driver.chrome_1752427205486 - >> {"id":45,"sessionId":"7AA3A7328E0EB8C4F6573FAD4D845375","method":"Input.dispatchKeyEvent","params":{"modifiers":0,"type":"rawKeyDown","text":"r","windowsVirtualKeyCode":114}}
00:20:08.227 [nioEventLoopGroup-12-1] DEBUG c.i.k.driver.chrome_1752427205486 - << {"id":45,"result":{},"sessionId":"7AA3A7328E0EB8C4F6573FAD4D845375"}
00:20:08.227 [main] DEBUG c.i.k.driver.chrome_1752427205486 - >> {"id":46,"sessionId":"7AA3A7328E0EB8C4F6573FAD4D845375","method":"Input.dispatchKeyEvent","params":{"modifiers":0,"type":"char","text":"r","windowsVirtualKeyCode":114}}
00:20:08.232 [nioEventLoopGroup-12-1] DEBUG c.i.k.driver.chrome_1752427205486 - << {"id":46,"result":{},"sessionId":"7AA3A7328E0EB8C4F6573FAD4D845375"}
00:20:08.232 [main] DEBUG c.i.k.driver.chrome_1752427205486 - >> {"id":47,"sessionId":"7AA3A7328E0EB8C4F6573FAD4D845375","method":"Input.dispatchKeyEvent","params":{"modifiers":0,"type":"keyUp","text":"r","windowsVirtualKeyCode":114}}
00:20:08.234 [nioEventLoopGroup-12-1] DEBUG c.i.k.driver.chrome_1752427205486 - << {"id":47,"result":{},"sessionId":"7AA3A7328E0EB8C4F6573FAD4D845375"}
00:20:08.235 [main] DEBUG c.i.k.driver.chrome_1752427205486 - >> {"id":48,"sessionId":"7AA3A7328E0EB8C4F6573FAD4D845375","method":"Runtime.evaluate","params":{"expression":"var e = document.evaluate(\"\/\/*[@id='password']\", document, null, 9, null).singleNodeValue; e.focus(); try { e.selectionStart = e.selectionEnd = e.value.length } catch(x) {}","returnByValue":true}}
00:20:08.239 [nioEventLoopGroup-12-1] DEBUG c.i.k.driver.chrome_1752427205486 - << {"id":48,"result":{"result":{"type":"number","value":0,"description":"0"}},"sessionId":"7AA3A7328E0EB8C4F6573FAD4D845375"}
00:20:08.239 [main] DEBUG c.i.k.driver.chrome_1752427205486 - >> {"id":49,"sessionId":"7AA3A7328E0EB8C4F6573FAD4D845375","method":"Input.dispatchKeyEvent","params":{"modifiers":0,"type":"rawKeyDown","text":"s","windowsVirtualKeyCode":115}}
00:20:08.241 [nioEventLoopGroup-12-1] DEBUG c.i.k.driver.chrome_1752427205486 - << {"id":49,"result":{},"sessionId":"7AA3A7328E0EB8C4F6573FAD4D845375"}
00:20:08.241 [main] DEBUG c.i.k.driver.chrome_1752427205486 - >> {"id":50,"sessionId":"7AA3A7328E0EB8C4F6573FAD4D845375","method":"Input.dispatchKeyEvent","params":{"modifiers":0,"type":"char","text":"s","windowsVirtualKeyCode":115}}
00:20:08.245 [nioEventLoopGroup-12-1] DEBUG c.i.k.driver.chrome_1752427205486 - << {"id":50,"result":{},"sessionId":"7AA3A7328E0EB8C4F6573FAD4D845375"}
00:20:08.246 [main] DEBUG c.i.k.driver.chrome_1752427205486 - >> {"id":51,"sessionId":"7AA3A7328E0EB8C4F6573FAD4D845375","method":"Input.dispatchKeyEvent","params":{"modifiers":0,"type":"keyUp","text":"s","windowsVirtualKeyCode":115}}
00:20:08.248 [nioEventLoopGroup-12-1] DEBUG c.i.k.driver.chrome_1752427205486 - << {"id":51,"result":{},"sessionId":"7AA3A7328E0EB8C4F6573FAD4D845375"}
00:20:08.248 [main] DEBUG c.i.k.driver.chrome_1752427205486 - >> {"id":52,"sessionId":"7AA3A7328E0EB8C4F6573FAD4D845375","method":"Input.dispatchKeyEvent","params":{"modifiers":0,"type":"rawKeyDown","text":"e","windowsVirtualKeyCode":101}}
00:20:08.250 [nioEventLoopGroup-12-1] DEBUG c.i.k.driver.chrome_1752427205486 - << {"id":52,"result":{},"sessionId":"7AA3A7328E0EB8C4F6573FAD4D845375"}
00:20:08.250 [main] DEBUG c.i.k.driver.chrome_1752427205486 - >> {"id":53,"sessionId":"7AA3A7328E0EB8C4F6573FAD4D845375","method":"Input.dispatchKeyEvent","params":{"modifiers":0,"type":"char","text":"e","windowsVirtualKeyCode":101}}
00:20:08.254 [nioEventLoopGroup-12-1] DEBUG c.i.k.driver.chrome_1752427205486 - << {"id":53,"result":{},"sessionId":"7AA3A7328E0EB8C4F6573FAD4D845375"}
00:20:08.254 [main] DEBUG c.i.k.driver.chrome_1752427205486 - >> {"id":54,"sessionId":"7AA3A7328E0EB8C4F6573FAD4D845375","method":"Input.dispatchKeyEvent","params":{"modifiers":0,"type":"keyUp","text":"e","windowsVirtualKeyCode":101}}
00:20:08.256 [nioEventLoopGroup-12-1] DEBUG c.i.k.driver.chrome_1752427205486 - << {"id":54,"result":{},"sessionId":"7AA3A7328E0EB8C4F6573FAD4D845375"}
00:20:08.256 [main] DEBUG c.i.k.driver.chrome_1752427205486 - >> {"id":55,"sessionId":"7AA3A7328E0EB8C4F6573FAD4D845375","method":"Input.dispatchKeyEvent","params":{"modifiers":0,"type":"rawKeyDown","text":"c","windowsVirtualKeyCode":99}}
00:20:08.258 [nioEventLoopGroup-12-1] DEBUG c.i.k.driver.chrome_1752427205486 - << {"id":55,"result":{},"sessionId":"7AA3A7328E0EB8C4F6573FAD4D845375"}
00:20:08.258 [main] DEBUG c.i.k.driver.chrome_1752427205486 - >> {"id":56,"sessionId":"7AA3A7328E0EB8C4F6573FAD4D845375","method":"Input.dispatchKeyEvent","params":{"modifiers":0,"type":"char","text":"c","windowsVirtualKeyCode":99}}
00:20:08.262 [nioEventLoopGroup-12-1] DEBUG c.i.k.driver.chrome_1752427205486 - << {"id":56,"result":{},"sessionId":"7AA3A7328E0EB8C4F6573FAD4D845375"}
00:20:08.262 [main] DEBUG c.i.k.driver.chrome_1752427205486 - >> {"id":57,"sessionId":"7AA3A7328E0EB8C4F6573FAD4D845375","method":"Input.dispatchKeyEvent","params":{"modifiers":0,"type":"keyUp","text":"c","windowsVirtualKeyCode":99}}
00:20:08.267 [nioEventLoopGroup-12-1] DEBUG c.i.k.driver.chrome_1752427205486 - << {"id":57,"result":{},"sessionId":"7AA3A7328E0EB8C4F6573FAD4D845375"}
00:20:08.267 [main] DEBUG c.i.k.driver.chrome_1752427205486 - >> {"id":58,"sessionId":"7AA3A7328E0EB8C4F6573FAD4D845375","method":"Input.dispatchKeyEvent","params":{"modifiers":0,"type":"rawKeyDown","text":"r","windowsVirtualKeyCode":114}}
00:20:08.270 [nioEventLoopGroup-12-1] DEBUG c.i.k.driver.chrome_1752427205486 - << {"id":58,"result":{},"sessionId":"7AA3A7328E0EB8C4F6573FAD4D845375"}
00:20:08.270 [main] DEBUG c.i.k.driver.chrome_1752427205486 - >> {"id":59,"sessionId":"7AA3A7328E0EB8C4F6573FAD4D845375","method":"Input.dispatchKeyEvent","params":{"modifiers":0,"type":"char","text":"r","windowsVirtualKeyCode":114}}
00:20:08.275 [nioEventLoopGroup-12-1] DEBUG c.i.k.driver.chrome_1752427205486 - << {"id":59,"result":{},"sessionId":"7AA3A7328E0EB8C4F6573FAD4D845375"}
00:20:08.276 [main] DEBUG c.i.k.driver.chrome_1752427205486 - >> {"id":60,"sessionId":"7AA3A7328E0EB8C4F6573FAD4D845375","method":"Input.dispatchKeyEvent","params":{"modifiers":0,"type":"keyUp","text":"r","windowsVirtualKeyCode":114}}
00:20:08.277 [nioEventLoopGroup-12-1] DEBUG c.i.k.driver.chrome_1752427205486 - << {"id":60,"result":{},"sessionId":"7AA3A7328E0EB8C4F6573FAD4D845375"}
00:20:08.278 [main] DEBUG c.i.k.driver.chrome_1752427205486 - >> {"id":61,"sessionId":"7AA3A7328E0EB8C4F6573FAD4D845375","method":"Input.dispatchKeyEvent","params":{"modifiers":0,"type":"rawKeyDown","text":"e","windowsVirtualKeyCode":101}}
00:20:08.281 [nioEventLoopGroup-12-1] DEBUG c.i.k.driver.chrome_1752427205486 - << {"id":61,"result":{},"sessionId":"7AA3A7328E0EB8C4F6573FAD4D845375"}
00:20:08.281 [main] DEBUG c.i.k.driver.chrome_1752427205486 - >> {"id":62,"sessionId":"7AA3A7328E0EB8C4F6573FAD4D845375","method":"Input.dispatchKeyEvent","params":{"modifiers":0,"type":"char","text":"e","windowsVirtualKeyCode":101}}
00:20:08.286 [nioEventLoopGroup-12-1] DEBUG c.i.k.driver.chrome_1752427205486 - << {"id":62,"result":{},"sessionId":"7AA3A7328E0EB8C4F6573FAD4D845375"}
00:20:08.286 [main] DEBUG c.i.k.driver.chrome_1752427205486 - >> {"id":63,"sessionId":"7AA3A7328E0EB8C4F6573FAD4D845375","method":"Input.dispatchKeyEvent","params":{"modifiers":0,"type":"keyUp","text":"e","windowsVirtualKeyCode":101}}
00:20:08.288 [nioEventLoopGroup-12-1] DEBUG c.i.k.driver.chrome_1752427205486 - << {"id":63,"result":{},"sessionId":"7AA3A7328E0EB8C4F6573FAD4D845375"}
00:20:08.288 [main] DEBUG c.i.k.driver.chrome_1752427205486 - >> {"id":64,"sessionId":"7AA3A7328E0EB8C4F6573FAD4D845375","method":"Input.dispatchKeyEvent","params":{"modifiers":0,"type":"rawKeyDown","text":"t","windowsVirtualKeyCode":116}}
00:20:08.289 [nioEventLoopGroup-12-1] DEBUG c.i.k.driver.chrome_1752427205486 - << {"id":64,"result":{},"sessionId":"7AA3A7328E0EB8C4F6573FAD4D845375"}
00:20:08.290 [main] DEBUG c.i.k.driver.chrome_1752427205486 - >> {"id":65,"sessionId":"7AA3A7328E0EB8C4F6573FAD4D845375","method":"Input.dispatchKeyEvent","params":{"modifiers":0,"type":"char","text":"t","windowsVirtualKeyCode":116}}
00:20:08.293 [nioEventLoopGroup-12-1] DEBUG c.i.k.driver.chrome_1752427205486 - << {"id":65,"result":{},"sessionId":"7AA3A7328E0EB8C4F6573FAD4D845375"}
00:20:08.293 [main] DEBUG c.i.k.driver.chrome_1752427205486 - >> {"id":66,"sessionId":"7AA3A7328E0EB8C4F6573FAD4D845375","method":"Input.dispatchKeyEvent","params":{"modifiers":0,"type":"keyUp","text":"t","windowsVirtualKeyCode":116}}
00:20:08.295 [nioEventLoopGroup-12-1] DEBUG c.i.k.driver.chrome_1752427205486 - << {"id":66,"result":{},"sessionId":"7AA3A7328E0EB8C4F6573FAD4D845375"}
00:20:08.295 [main] DEBUG c.i.k.driver.chrome_1752427205486 - >> {"id":67,"sessionId":"7AA3A7328E0EB8C4F6573FAD4D845375","method":"Input.dispatchKeyEvent","params":{"modifiers":0,"type":"rawKeyDown","text":"_","windowsVirtualKeyCode":523}}
00:20:08.300 [nioEventLoopGroup-12-1] DEBUG c.i.k.driver.chrome_1752427205486 - << {"id":67,"result":{},"sessionId":"7AA3A7328E0EB8C4F6573FAD4D845375"}
00:20:08.300 [main] DEBUG c.i.k.driver.chrome_1752427205486 - >> {"id":68,"sessionId":"7AA3A7328E0EB8C4F6573FAD4D845375","method":"Input.dispatchKeyEvent","params":{"modifiers":0,"type":"char","text":"_","windowsVirtualKeyCode":523}}
00:20:08.304 [nioEventLoopGroup-12-1] DEBUG c.i.k.driver.chrome_1752427205486 - << {"id":68,"result":{},"sessionId":"7AA3A7328E0EB8C4F6573FAD4D845375"}
00:20:08.305 [main] DEBUG c.i.k.driver.chrome_1752427205486 - >> {"id":69,"sessionId":"7AA3A7328E0EB8C4F6573FAD4D845375","method":"Input.dispatchKeyEvent","params":{"modifiers":0,"type":"keyUp","text":"_","windowsVirtualKeyCode":523}}
00:20:08.306 [nioEventLoopGroup-12-1] DEBUG c.i.k.driver.chrome_1752427205486 - << {"id":69,"result":{},"sessionId":"7AA3A7328E0EB8C4F6573FAD4D845375"}
00:20:08.307 [main] DEBUG c.i.k.driver.chrome_1752427205486 - >> {"id":70,"sessionId":"7AA3A7328E0EB8C4F6573FAD4D845375","method":"Input.dispatchKeyEvent","params":{"modifiers":0,"type":"rawKeyDown","text":"s","windowsVirtualKeyCode":115}}
00:20:08.309 [nioEventLoopGroup-12-1] DEBUG c.i.k.driver.chrome_1752427205486 - << {"id":70,"result":{},"sessionId":"7AA3A7328E0EB8C4F6573FAD4D845375"}
00:20:08.309 [main] DEBUG c.i.k.driver.chrome_1752427205486 - >> {"id":71,"sessionId":"7AA3A7328E0EB8C4F6573FAD4D845375","method":"Input.dispatchKeyEvent","params":{"modifiers":0,"type":"char","text":"s","windowsVirtualKeyCode":115}}
00:20:08.316 [nioEventLoopGroup-12-1] DEBUG c.i.k.driver.chrome_1752427205486 - << {"id":71,"result":{},"sessionId":"7AA3A7328E0EB8C4F6573FAD4D845375"}
00:20:08.317 [main] DEBUG c.i.k.driver.chrome_1752427205486 - >> {"id":72,"sessionId":"7AA3A7328E0EB8C4F6573FAD4D845375","method":"Input.dispatchKeyEvent","params":{"modifiers":0,"type":"keyUp","text":"s","windowsVirtualKeyCode":115}}
00:20:08.318 [nioEventLoopGroup-12-1] DEBUG c.i.k.driver.chrome_1752427205486 - << {"id":72,"result":{},"sessionId":"7AA3A7328E0EB8C4F6573FAD4D845375"}
00:20:08.319 [main] DEBUG c.i.k.driver.chrome_1752427205486 - >> {"id":73,"sessionId":"7AA3A7328E0EB8C4F6573FAD4D845375","method":"Input.dispatchKeyEvent","params":{"modifiers":0,"type":"rawKeyDown","text":"a","windowsVirtualKeyCode":97}}
00:20:08.320 [nioEventLoopGroup-12-1] DEBUG c.i.k.driver.chrome_1752427205486 - << {"id":73,"result":{},"sessionId":"7AA3A7328E0EB8C4F6573FAD4D845375"}
00:20:08.321 [main] DEBUG c.i.k.driver.chrome_1752427205486 - >> {"id":74,"sessionId":"7AA3A7328E0EB8C4F6573FAD4D845375","method":"Input.dispatchKeyEvent","params":{"modifiers":0,"type":"char","text":"a","windowsVirtualKeyCode":97}}
00:20:08.327 [nioEventLoopGroup-12-1] DEBUG c.i.k.driver.chrome_1752427205486 - << {"id":74,"result":{},"sessionId":"7AA3A7328E0EB8C4F6573FAD4D845375"}
00:20:08.327 [main] DEBUG c.i.k.driver.chrome_1752427205486 - >> {"id":75,"sessionId":"7AA3A7328E0EB8C4F6573FAD4D845375","method":"Input.dispatchKeyEvent","params":{"modifiers":0,"type":"keyUp","text":"a","windowsVirtualKeyCode":97}}
00:20:08.328 [nioEventLoopGroup-12-1] DEBUG c.i.k.driver.chrome_1752427205486 - << {"id":75,"result":{},"sessionId":"7AA3A7328E0EB8C4F6573FAD4D845375"}
00:20:08.330 [main] DEBUG c.i.k.driver.chrome_1752427205486 - >> {"id":76,"sessionId":"7AA3A7328E0EB8C4F6573FAD4D845375","method":"Input.dispatchKeyEvent","params":{"modifiers":0,"type":"rawKeyDown","text":"u","windowsVirtualKeyCode":117}}
00:20:08.332 [nioEventLoopGroup-12-1] DEBUG c.i.k.driver.chrome_1752427205486 - << {"id":76,"result":{},"sessionId":"7AA3A7328E0EB8C4F6573FAD4D845375"}
00:20:08.332 [main] DEBUG c.i.k.driver.chrome_1752427205486 - >> {"id":77,"sessionId":"7AA3A7328E0EB8C4F6573FAD4D845375","method":"Input.dispatchKeyEvent","params":{"modifiers":0,"type":"char","text":"u","windowsVirtualKeyCode":117}}
00:20:08.335 [nioEventLoopGroup-12-1] DEBUG c.i.k.driver.chrome_1752427205486 - << {"id":77,"result":{},"sessionId":"7AA3A7328E0EB8C4F6573FAD4D845375"}
00:20:08.336 [main] DEBUG c.i.k.driver.chrome_1752427205486 - >> {"id":78,"sessionId":"7AA3A7328E0EB8C4F6573FAD4D845375","method":"Input.dispatchKeyEvent","params":{"modifiers":0,"type":"keyUp","text":"u","windowsVirtualKeyCode":117}}
00:20:08.337 [nioEventLoopGroup-12-1] DEBUG c.i.k.driver.chrome_1752427205486 - << {"id":78,"result":{},"sessionId":"7AA3A7328E0EB8C4F6573FAD4D845375"}
00:20:08.338 [main] DEBUG c.i.k.driver.chrome_1752427205486 - >> {"id":79,"sessionId":"7AA3A7328E0EB8C4F6573FAD4D845375","method":"Input.dispatchKeyEvent","params":{"modifiers":0,"type":"rawKeyDown","text":"c","windowsVirtualKeyCode":99}}
00:20:08.340 [nioEventLoopGroup-12-1] DEBUG c.i.k.driver.chrome_1752427205486 - << {"id":79,"result":{},"sessionId":"7AA3A7328E0EB8C4F6573FAD4D845375"}
00:20:08.340 [main] DEBUG c.i.k.driver.chrome_1752427205486 - >> {"id":80,"sessionId":"7AA3A7328E0EB8C4F6573FAD4D845375","method":"Input.dispatchKeyEvent","params":{"modifiers":0,"type":"char","text":"c","windowsVirtualKeyCode":99}}
00:20:08.348 [nioEventLoopGroup-12-1] DEBUG c.i.k.driver.chrome_1752427205486 - << {"id":80,"result":{},"sessionId":"7AA3A7328E0EB8C4F6573FAD4D845375"}
00:20:08.348 [main] DEBUG c.i.k.driver.chrome_1752427205486 - >> {"id":81,"sessionId":"7AA3A7328E0EB8C4F6573FAD4D845375","method":"Input.dispatchKeyEvent","params":{"modifiers":0,"type":"keyUp","text":"c","windowsVirtualKeyCode":99}}
00:20:08.350 [nioEventLoopGroup-12-1] DEBUG c.i.k.driver.chrome_1752427205486 - << {"id":81,"result":{},"sessionId":"7AA3A7328E0EB8C4F6573FAD4D845375"}
00:20:08.350 [main] DEBUG c.i.k.driver.chrome_1752427205486 - >> {"id":82,"sessionId":"7AA3A7328E0EB8C4F6573FAD4D845375","method":"Input.dispatchKeyEvent","params":{"modifiers":0,"type":"rawKeyDown","text":"e","windowsVirtualKeyCode":101}}
00:20:08.352 [nioEventLoopGroup-12-1] DEBUG c.i.k.driver.chrome_1752427205486 - << {"id":82,"result":{},"sessionId":"7AA3A7328E0EB8C4F6573FAD4D845375"}
00:20:08.352 [main] DEBUG c.i.k.driver.chrome_1752427205486 - >> {"id":83,"sessionId":"7AA3A7328E0EB8C4F6573FAD4D845375","method":"Input.dispatchKeyEvent","params":{"modifiers":0,"type":"char","text":"e","windowsVirtualKeyCode":101}}
00:20:08.355 [nioEventLoopGroup-12-1] DEBUG c.i.k.driver.chrome_1752427205486 - << {"id":83,"result":{},"sessionId":"7AA3A7328E0EB8C4F6573FAD4D845375"}
00:20:08.355 [main] DEBUG c.i.k.driver.chrome_1752427205486 - >> {"id":84,"sessionId":"7AA3A7328E0EB8C4F6573FAD4D845375","method":"Input.dispatchKeyEvent","params":{"modifiers":0,"type":"keyUp","text":"e","windowsVirtualKeyCode":101}}
00:20:08.356 [nioEventLoopGroup-12-1] DEBUG c.i.k.driver.chrome_1752427205486 - << {"id":84,"result":{},"sessionId":"7AA3A7328E0EB8C4F6573FAD4D845375"}
00:20:08.358 [main] DEBUG c.i.k.driver.chrome_1752427205486 - >> {"id":85,"sessionId":"7AA3A7328E0EB8C4F6573FAD4D845375","method":"Runtime.evaluate","params":{"expression":"document.evaluate(\"\/\/*[@id='login-button']\", document, null, 9, null).singleNodeValue.click()","returnByValue":true}}
00:20:08.373 [nioEventLoopGroup-12-1] DEBUG c.i.k.driver.chrome_1752427205486 - << {"method":"Target.targetInfoChanged","params":{"targetInfo":{"targetId":"9B6BF07587B96160913105144EE34CF4","type":"page","title":"Swag Labs","url":"https://www.saucedemo.com/inventory.html","attached":true,"canAccessOpener":false,"browserContextId":"1064FC6D8782EAAD964736B2B6748F5C"}},"sessionId":"7AA3A7328E0EB8C4F6573FAD4D845375"}
00:20:08.397 [nioEventLoopGroup-12-1] DEBUG c.i.k.driver.chrome_1752427205486 - << {"method":"Page.navigatedWithinDocument","params":{"frameId":"9B6BF07587B96160913105144EE34CF4","url":"https://www.saucedemo.com/inventory.html","navigationType":"historyApi"},"sessionId":"7AA3A7328E0EB8C4F6573FAD4D845375"}
00:20:08.398 [nioEventLoopGroup-12-1] DEBUG c.i.k.driver.chrome_1752427205486 - << {"id":85,"result":{"result":{"type":"undefined"}},"sessionId":"7AA3A7328E0EB8C4F6573FAD4D845375"}
00:20:08.411 [main] DEBUG c.i.k.driver.chrome_1752427205486 - >> {"id":86,"sessionId":"7AA3A7328E0EB8C4F6573FAD4D845375","method":"Runtime.evaluate","params":{"expression":"document.location.href","returnByValue":true}}
00:20:08.491 [nioEventLoopGroup-12-1] DEBUG c.i.k.driver.chrome_1752427205486 - << {"id":86,"result":{"result":{"type":"string","value":"https://www.saucedemo.com/inventory.html"}},"sessionId":"7AA3A7328E0EB8C4F6573FAD4D845375"}
00:20:08.500 [main] INFO  c.intuit.karate.core.FeatureRuntime - classpath:UI/HomePageUI/HomePage.feature - call by tag at line 41: action_aboutBtn
00:20:08.521 [main] DEBUG c.intuit.karate.core.ScenarioEngine - over-writing existing variable 'homePage' with new value: read('classpath:UI/HomePageUI/saucedemo-HomePage.json')
00:20:08.527 [main] INFO  c.intuit.karate.core.FeatureRuntime - classpath:UI/HomePageUI/HomePage.feature - call by tag at line 29: action_openBurgerMenu
00:20:08.559 [main] DEBUG c.intuit.karate.core.ScenarioEngine - over-writing existing variable 'homePage' with new value: read('classpath:UI/HomePageUI/saucedemo-HomePage.json')
00:20:08.562 [main] DEBUG c.i.k.driver.chrome_1752427205486 - >> {"id":87,"sessionId":"7AA3A7328E0EB8C4F6573FAD4D845375","method":"Runtime.evaluate","params":{"expression":"(function(){ var fun = function(_){ return !_.disabled }; var e = document.querySelector(\"#react-burger-menu-btn\"); return fun(e) })()","returnByValue":true}}
00:20:08.567 [nioEventLoopGroup-12-1] DEBUG c.i.k.driver.chrome_1752427205486 - << {"id":87,"result":{"result":{"type":"boolean","value":true}},"sessionId":"7AA3A7328E0EB8C4F6573FAD4D845375"}
00:20:08.568 [main] DEBUG c.i.k.driver.chrome_1752427205486 - >> {"id":88,"sessionId":"7AA3A7328E0EB8C4F6573FAD4D845375","method":"Runtime.evaluate","params":{"expression":"(document.querySelector(\"#react-burger-menu-btn\") != null)","returnByValue":true}}
00:20:08.573 [nioEventLoopGroup-12-1] DEBUG c.i.k.driver.chrome_1752427205486 - << {"id":88,"result":{"result":{"type":"boolean","value":true}},"sessionId":"7AA3A7328E0EB8C4F6573FAD4D845375"}
00:20:08.574 [main] DEBUG c.i.k.driver.chrome_1752427205486 - >> {"id":89,"sessionId":"7AA3A7328E0EB8C4F6573FAD4D845375","method":"Runtime.evaluate","params":{"expression":"document.querySelector(\"#react-burger-menu-btn\").click()","returnByValue":true}}
00:20:08.581 [nioEventLoopGroup-12-1] DEBUG c.i.k.driver.chrome_1752427205486 - << {"id":89,"result":{"result":{"type":"undefined"}},"sessionId":"7AA3A7328E0EB8C4F6573FAD4D845375"}
00:20:08.582 [main] DEBUG c.i.k.driver.chrome_1752427205486 - >> {"id":90,"sessionId":"7AA3A7328E0EB8C4F6573FAD4D845375","method":"Runtime.evaluate","params":{"expression":"(document.querySelector(\"div.bm-menu-wrap[aria-hidden='false']\") != null)","returnByValue":true}}
00:20:08.610 [nioEventLoopGroup-12-1] DEBUG c.i.k.driver.chrome_1752427205486 - << {"id":90,"result":{"result":{"type":"boolean","value":true}},"sessionId":"7AA3A7328E0EB8C4F6573FAD4D845375"}
00:20:08.627 [main] DEBUG c.i.k.driver.chrome_1752427205486 - >> {"id":91,"sessionId":"7AA3A7328E0EB8C4F6573FAD4D845375","method":"Runtime.evaluate","params":{"expression":"(document.querySelector(\"#about_sidebar_link\") != null)","returnByValue":true}}
00:20:08.629 [nioEventLoopGroup-12-1] DEBUG c.i.k.driver.chrome_1752427205486 - << {"id":91,"result":{"result":{"type":"boolean","value":true}},"sessionId":"7AA3A7328E0EB8C4F6573FAD4D845375"}
00:20:08.631 [main] DEBUG c.i.k.driver.chrome_1752427205486 - >> {"id":92,"sessionId":"7AA3A7328E0EB8C4F6573FAD4D845375","method":"Runtime.evaluate","params":{"expression":"document.querySelector(\"#about_sidebar_link\").click()","returnByValue":true}}
00:20:08.636 [nioEventLoopGroup-12-1] DEBUG c.i.k.driver.chrome_1752427205486 - << {"method":"Page.frameScheduledNavigation","params":{"frameId":"9B6BF07587B96160913105144EE34CF4","delay":0,"reason":"anchorClick","url":"https://saucelabs.com/"},"sessionId":"7AA3A7328E0EB8C4F6573FAD4D845375"}
00:20:08.636 [nioEventLoopGroup-12-1] DEBUG c.i.k.driver.chrome_1752427205486 - << {"method":"Page.frameRequestedNavigation","params":{"frameId":"9B6BF07587B96160913105144EE34CF4","reason":"anchorClick","url":"https://saucelabs.com/","disposition":"currentTab"},"sessionId":"7AA3A7328E0EB8C4F6573FAD4D845375"}
00:20:08.637 [nioEventLoopGroup-12-1] DEBUG c.i.k.driver.chrome_1752427205486 - << {"method":"Page.frameClearedScheduledNavigation","params":{"frameId":"9B6BF07587B96160913105144EE34CF4"},"sessionId":"7AA3A7328E0EB8C4F6573FAD4D845375"}
00:20:08.638 [nioEventLoopGroup-12-1] DEBUG c.i.k.driver.chrome_1752427205486 - << {"id":92,"result":{"result":{"type":"undefined"}},"sessionId":"7AA3A7328E0EB8C4F6573FAD4D845375"}
00:20:08.648 [nioEventLoopGroup-12-1] DEBUG c.i.k.driver.chrome_1752427205486 - << {"method":"Page.frameStartedNavigating","params":{"frameId":"9B6BF07587B96160913105144EE34CF4","url":"https://saucelabs.com/","loaderId":"3E295B670C20C5841238D7F8C3F13E1A","navigationType":"differentDocument"},"sessionId":"7AA3A7328E0EB8C4F6573FAD4D845375"}
00:20:08.649 [nioEventLoopGroup-12-1] DEBUG c.i.k.driver.chrome_1752427205486 - << {"method":"Page.frameStartedLoading","params":{"frameId":"9B6BF07587B96160913105144EE34CF4"},"sessionId":"7AA3A7328E0EB8C4F6573FAD4D845375"}
00:20:08.667 [main] DEBUG c.i.k.driver.chrome_1752427205486 - >> {"id":93,"sessionId":"7AA3A7328E0EB8C4F6573FAD4D845375","method":"Runtime.evaluate","params":{"expression":"document.location.href","returnByValue":true}}
00:20:08.953 [nioEventLoopGroup-12-1] DEBUG c.i.k.driver.chrome_1752427205486 - << {"method":"Runtime.executionContextsCleared","params":{},"sessionId":"7AA3A7328E0EB8C4F6573FAD4D845375"}
00:20:08.959 [nioEventLoopGroup-12-1] DEBUG c.i.k.driver.chrome_1752427205486 - << {"method":"Runtime.executionContextsCleared","params":{},"sessionId":"7AA3A7328E0EB8C4F6573FAD4D845375"}
00:20:08.960 [nioEventLoopGroup-12-1] DEBUG c.i.k.driver.chrome_1752427205486 - << {"method":"Page.frameNavigated","params":{"frame":{"id":"9B6BF07587B96160913105144EE34CF4","loaderId":"3E295B670C20C5841238D7F8C3F13E1A","url":"https://saucelabs.com/","domainAndRegistry":"saucelabs.com","securityOrigin":"https://saucelabs.com","securityOriginDetails":{"isLocalhost":false},"mimeType":"text/html","adFrameStatus":{"adFrameType":"none"},"secureContextType":"Secure","crossOriginIsolatedContextType":"NotIsolated","gatedAPIFeatures":[]},"type":"Navigation"},"sessionId":"7AA3A7328E0EB8C4F6573FAD4D845375"}
00:20:08.967 [nioEventLoopGroup-12-1] DEBUG c.i.k.driver.chrome_1752427205486 - << {"method":"Target.targetInfoChanged","params":{"targetInfo":{"targetId":"9B6BF07587B96160913105144EE34CF4","type":"page","title":"saucelabs.com","url":"https://saucelabs.com/","attached":true,"canAccessOpener":false,"browserContextId":"1064FC6D8782EAAD964736B2B6748F5C"}},"sessionId":"7AA3A7328E0EB8C4F6573FAD4D845375"}
00:20:08.983 [nioEventLoopGroup-12-1] DEBUG c.i.k.driver.chrome_1752427205486 - << {"method":"Runtime.executionContextCreated","params":{"context":{"id":1,"origin":"https://saucelabs.com","name":"","uniqueId":"8818469069468006269.-1323773137791802118","auxData":{"isDefault":true,"type":"default","frameId":"9B6BF07587B96160913105144EE34CF4"}}},"sessionId":"7AA3A7328E0EB8C4F6573FAD4D845375"}
00:20:08.983 [nioEventLoopGroup-12-1] DEBUG c.i.k.driver.chrome_1752427205486 - << {"id":93,"result":{"result":{"type":"string","value":"https://saucelabs.com/"}},"sessionId":"7AA3A7328E0EB8C4F6573FAD4D845375"}
00:20:08.985 [main] DEBUG c.i.k.driver.chrome_1752427205486 - >> {"id":94,"sessionId":"7AA3A7328E0EB8C4F6573FAD4D845375","method":"Target.closeTarget","params":{"targetId":"9B6BF07587B96160913105144EE34CF4"}}
00:20:08.986 [nioEventLoopGroup-12-1] DEBUG c.i.k.http.WebSocketClientHandler - websocket closing
00:20:08.987 [nioEventLoopGroup-12-1] DEBUG c.i.k.http.WebSocketClientHandler - websocket client disconnected
00:20:08.991 [main] DEBUG com.intuit.karate.shell.Command - closing command: chrome_1752427205486
00:20:08.998 [main] INFO  com.intuit.karate - karate.env system property was: null 
00:20:09.005 [main] DEBUG com.intuit.karate.shell.Command - found / verified free local port: 65204
00:20:09.005 [main] WARN  c.intuit.karate.driver.DriverOptions - preferred port 9222 not available, will use: 65204
00:20:09.006 [main] DEBUG c.i.k.driver.chrome_1752427209004 - poll attempt #0 for port to be ready - localhost:65204
00:20:09.009 [chrome_1752427209004] DEBUG c.i.k.driver.chrome_1752427209004 - command: [C:\Program Files\Google\Chrome\Application\chrome.exe, --remote-debugging-port=65204, --remote-allow-origins=*, --no-first-run, --user-data-dir=E:\Duy\Projects\practices\karate_framework\demo\target\chrome_1752427209004, --disable-popup-blocking, --disable-features=PasswordManager, --incognito], working dir: target\chrome_1752427209004
00:20:09.161 [chrome_1752427205486] WARN  com.intuit.karate.shell.Command - exit code was non-zero: 1 - [C:\Program Files\Google\Chrome\Application\chrome.exe, --remote-debugging-port=65171, --remote-allow-origins=*, --no-first-run, --user-data-dir=E:\Duy\Projects\practices\karate_framework\demo\target\chrome_1752427205486, --disable-popup-blocking, --disable-features=PasswordManager, --incognito] working dir: target\chrome_1752427205486
00:20:09.272 [main] DEBUG c.i.k.driver.chrome_1752427209004 - poll attempt #1 for port to be ready - localhost:65204
00:20:09.457 [chrome_1752427209004-out] DEBUG c.i.k.driver.chrome_1752427209004 - 
00:20:09.457 [chrome_1752427209004-out] DEBUG c.i.k.driver.chrome_1752427209004 - DevTools listening on ws://127.0.0.1:65204/devtools/browser/156c43e8-c2a0-4ab5-ba61-6bc4e64e954e
00:20:09.535 [main] DEBUG c.i.k.driver.chrome_1752427209004 - poll attempt #2 for port to be ready - localhost:65204
00:20:09.543 [main] DEBUG com.intuit.karate - request:
1 > GET http://localhost:65204/json
1 > Host: localhost:65204
1 > Connection: Keep-Alive
1 > User-Agent: Apache-HttpClient/4.5.14 (Java/21.0.7)
1 > Accept-Encoding: gzip,deflate


00:20:09.690 [main] DEBUG com.intuit.karate - response time in milliseconds: 146
1 < 200
1 < Content-Security-Policy: frame-ancestors 'none'
1 < Content-Length: 1430
1 < Content-Type: application/json; charset=UTF-8
[ {
   "description": "",
   "devtoolsFrontendUrl": "https://chrome-devtools-frontend.appspot.com/serve_rev/@a2159ad9ab8037bd34a21b9903003e0964c2075b/inspector.html?ws=localhost:65204/devtools/page/735A4BA2B6BB7412803B859739D2C28B",
   "id": "735A4BA2B6BB7412803B859739D2C28B",
   "title": "Google Hangouts",
   "type": "background_page",
   "url": "chrome-extension://nkeimhogjdpnpccoofpliimaahmaaome/background.html",
   "webSocketDebuggerUrl": "ws://localhost:65204/devtools/page/735A4BA2B6BB7412803B859739D2C28B"
}, {
   "description": "",
   "devtoolsFrontendUrl": "https://chrome-devtools-frontend.appspot.com/serve_rev/@a2159ad9ab8037bd34a21b9903003e0964c2075b/inspector.html?ws=localhost:65204/devtools/page/7890B098898B3DEE9B6A985C222CB200",
   "id": "7890B098898B3DEE9B6A985C222CB200",
   "title": "",
   "type": "other",
   "url": "",
   "webSocketDebuggerUrl": "ws://localhost:65204/devtools/page/7890B098898B3DEE9B6A985C222CB200"
}, {
   "description": "",
   "devtoolsFrontendUrl": "https://chrome-devtools-frontend.appspot.com/serve_rev/@a2159ad9ab8037bd34a21b9903003e0964c2075b/inspector.html?ws=localhost:65204/devtools/page/8CC5DE25E81659FF0402CD49A71AFE2D",
   "id": "8CC5DE25E81659FF0402CD49A71AFE2D",
   "title": "New Incognito Tab",
   "type": "page",
   "url": "chrome://newtab/",
   "webSocketDebuggerUrl": "ws://localhost:65204/devtools/page/8CC5DE25E81659FF0402CD49A71AFE2D"
} ]


00:20:09.691 [main] DEBUG com.intuit.karate.shell.Command - ready to accept http connections after 152 ms - http://localhost:65204/json
00:20:09.692 [main] DEBUG com.intuit.karate - request:
1 > GET http://localhost:65204/json
1 > Host: localhost:65204
1 > Connection: Keep-Alive
1 > User-Agent: Apache-HttpClient/4.5.14 (Java/21.0.7)
1 > Accept-Encoding: gzip,deflate


00:20:09.720 [main] DEBUG com.intuit.karate - response time in milliseconds: 26
1 < 200
1 < Content-Security-Policy: frame-ancestors 'none'
1 < Content-Length: 1522
1 < Content-Type: application/json; charset=UTF-8
[ {
   "description": "",
   "devtoolsFrontendUrl": "https://chrome-devtools-frontend.appspot.com/serve_rev/@a2159ad9ab8037bd34a21b9903003e0964c2075b/inspector.html?ws=localhost:65204/devtools/page/735A4BA2B6BB7412803B859739D2C28B",
   "id": "735A4BA2B6BB7412803B859739D2C28B",
   "title": "Google Hangouts",
   "type": "background_page",
   "url": "chrome-extension://nkeimhogjdpnpccoofpliimaahmaaome/background.html",
   "webSocketDebuggerUrl": "ws://localhost:65204/devtools/page/735A4BA2B6BB7412803B859739D2C28B"
}, {
   "description": "",
   "devtoolsFrontendUrl": "https://chrome-devtools-frontend.appspot.com/serve_rev/@a2159ad9ab8037bd34a21b9903003e0964c2075b/inspector.html?ws=localhost:65204/devtools/page/7890B098898B3DEE9B6A985C222CB200",
   "id": "7890B098898B3DEE9B6A985C222CB200",
   "title": "Google Hangouts",
   "type": "background_page",
   "url": "chrome-extension://nkeimhogjdpnpccoofpliimaahmaaome/background.html",
   "webSocketDebuggerUrl": "ws://localhost:65204/devtools/page/7890B098898B3DEE9B6A985C222CB200"
}, {
   "description": "",
   "devtoolsFrontendUrl": "https://chrome-devtools-frontend.appspot.com/serve_rev/@a2159ad9ab8037bd34a21b9903003e0964c2075b/inspector.html?ws=localhost:65204/devtools/page/8CC5DE25E81659FF0402CD49A71AFE2D",
   "id": "8CC5DE25E81659FF0402CD49A71AFE2D",
   "title": "New Incognito Tab",
   "type": "page",
   "url": "chrome://newtab/",
   "webSocketDebuggerUrl": "ws://localhost:65204/devtools/page/8CC5DE25E81659FF0402CD49A71AFE2D"
} ]


00:20:09.721 [main] DEBUG c.i.k.driver.chrome_1752427209004 - root frame id: 8CC5DE25E81659FF0402CD49A71AFE2D
00:20:09.777 [nioEventLoopGroup-13-1] DEBUG c.i.k.http.WebSocketClientHandler - websocket client connected
00:20:09.777 [main] DEBUG c.i.k.driver.chrome_1752427209004 - >> {"id":1,"method":"Target.attachToTarget","params":{"targetId":"8CC5DE25E81659FF0402CD49A71AFE2D","flatten":true}}
00:20:09.785 [nioEventLoopGroup-13-1] DEBUG c.i.k.driver.chrome_1752427209004 - << {"method":"Target.attachedToTarget","params":{"sessionId":"574E21FD8AF790309598E2B03DBDC995","targetInfo":{"targetId":"8CC5DE25E81659FF0402CD49A71AFE2D","type":"page","title":"New Incognito Tab","url":"chrome://newtab/","attached":true,"canAccessOpener":false,"browserContextId":"0FB86FC59A8EB2896EBFF2EBC29674FC"},"waitingForDebugger":false}}
00:20:09.785 [nioEventLoopGroup-13-1] DEBUG c.i.k.driver.chrome_1752427209004 - << {"id":1,"result":{"sessionId":"574E21FD8AF790309598E2B03DBDC995"}}
00:20:09.786 [main] DEBUG c.i.k.driver.chrome_1752427209004 - >> {"id":2,"sessionId":"574E21FD8AF790309598E2B03DBDC995","method":"Target.activateTarget","params":{"targetId":"8CC5DE25E81659FF0402CD49A71AFE2D"}}
00:20:09.788 [nioEventLoopGroup-13-1] DEBUG c.i.k.driver.chrome_1752427209004 - << {"id":2,"result":{},"sessionId":"574E21FD8AF790309598E2B03DBDC995"}
00:20:09.789 [main] DEBUG c.i.k.driver.chrome_1752427209004 - >> {"id":3,"sessionId":"574E21FD8AF790309598E2B03DBDC995","method":"Target.setDiscoverTargets","params":{"discover":true}}
00:20:09.790 [nioEventLoopGroup-13-1] DEBUG c.i.k.driver.chrome_1752427209004 - << {"method":"Target.targetCreated","params":{"targetInfo":{"targetId":"735A4BA2B6BB7412803B859739D2C28B","type":"background_page","title":"Google Hangouts","url":"chrome-extension://nkeimhogjdpnpccoofpliimaahmaaome/background.html","attached":false,"canAccessOpener":false,"browserContextId":"0FB86FC59A8EB2896EBFF2EBC29674FC"}},"sessionId":"574E21FD8AF790309598E2B03DBDC995"}
00:20:09.790 [nioEventLoopGroup-13-1] DEBUG c.i.k.driver.chrome_1752427209004 - << {"method":"Target.targetCreated","params":{"targetInfo":{"targetId":"7890B098898B3DEE9B6A985C222CB200","type":"background_page","title":"Google Hangouts","url":"chrome-extension://nkeimhogjdpnpccoofpliimaahmaaome/background.html","attached":false,"canAccessOpener":false,"browserContextId":"4148C8DB9C54E051C2641ECA0EA54CC8"}},"sessionId":"574E21FD8AF790309598E2B03DBDC995"}
00:20:09.790 [nioEventLoopGroup-13-1] DEBUG c.i.k.driver.chrome_1752427209004 - << {"method":"Target.targetCreated","params":{"targetInfo":{"targetId":"8CC5DE25E81659FF0402CD49A71AFE2D","type":"page","title":"New Incognito Tab","url":"chrome://newtab/","attached":true,"canAccessOpener":false,"browserContextId":"0FB86FC59A8EB2896EBFF2EBC29674FC"}},"sessionId":"574E21FD8AF790309598E2B03DBDC995"}
00:20:09.790 [nioEventLoopGroup-13-1] DEBUG c.i.k.driver.chrome_1752427209004 - << {"id":3,"result":{},"sessionId":"574E21FD8AF790309598E2B03DBDC995"}
00:20:09.791 [main] DEBUG c.i.k.driver.chrome_1752427209004 - >> {"id":4,"sessionId":"574E21FD8AF790309598E2B03DBDC995","method":"Page.enable"}
00:20:09.792 [nioEventLoopGroup-13-1] DEBUG c.i.k.driver.chrome_1752427209004 - << {"id":4,"result":{},"sessionId":"574E21FD8AF790309598E2B03DBDC995"}
00:20:09.792 [main] DEBUG c.i.k.driver.chrome_1752427209004 - >> {"id":5,"sessionId":"574E21FD8AF790309598E2B03DBDC995","method":"Runtime.enable"}
00:20:09.793 [nioEventLoopGroup-13-1] DEBUG c.i.k.driver.chrome_1752427209004 - << {"method":"Runtime.executionContextCreated","params":{"context":{"id":1,"origin":"chrome://newtab","name":"","uniqueId":"-871158100588590206.-7377274132708118997","auxData":{"isDefault":true,"type":"default","frameId":"8CC5DE25E81659FF0402CD49A71AFE2D"}}},"sessionId":"574E21FD8AF790309598E2B03DBDC995"}
00:20:09.793 [nioEventLoopGroup-13-1] DEBUG c.i.k.driver.chrome_1752427209004 - << {"id":5,"result":{},"sessionId":"574E21FD8AF790309598E2B03DBDC995"}
00:20:09.793 [main] DEBUG c.i.k.driver.chrome_1752427209004 - >> {"id":6,"sessionId":"574E21FD8AF790309598E2B03DBDC995","method":"Browser.getWindowForTarget","params":{"targetId":"8CC5DE25E81659FF0402CD49A71AFE2D"}}
00:20:09.794 [nioEventLoopGroup-13-1] DEBUG c.i.k.driver.chrome_1752427209004 - << {"id":6,"result":{"windowId":1072390994,"bounds":{"left":10,"top":10,"width":945,"height":1060,"windowState":"normal"}},"sessionId":"574E21FD8AF790309598E2B03DBDC995"}
00:20:09.808 [main] DEBUG c.i.k.driver.chrome_1752427209004 - >> {"id":7,"sessionId":"574E21FD8AF790309598E2B03DBDC995","method":"Page.navigate","params":{"url":"https:\/\/saucedemo.com\/"}}
00:20:09.820 [nioEventLoopGroup-13-1] DEBUG c.i.k.driver.chrome_1752427209004 - << {"method":"Page.frameStartedNavigating","params":{"frameId":"8CC5DE25E81659FF0402CD49A71AFE2D","url":"https://saucedemo.com/","loaderId":"70093CA28356BF94F863CB5EB5093505","navigationType":"differentDocument"},"sessionId":"574E21FD8AF790309598E2B03DBDC995"}
00:20:09.820 [nioEventLoopGroup-13-1] DEBUG c.i.k.driver.chrome_1752427209004 - << {"method":"Page.frameStartedLoading","params":{"frameId":"8CC5DE25E81659FF0402CD49A71AFE2D"},"sessionId":"574E21FD8AF790309598E2B03DBDC995"}
00:20:09.919 [nioEventLoopGroup-13-1] DEBUG c.i.k.driver.chrome_1752427209004 - << {"method":"Target.targetInfoChanged","params":{"targetInfo":{"targetId":"7890B098898B3DEE9B6A985C222CB200","type":"background_page","title":"Google Hangouts","url":"chrome-extension://nkeimhogjdpnpccoofpliimaahmaaome/background.html","attached":false,"canAccessOpener":false,"browserContextId":"4148C8DB9C54E051C2641ECA0EA54CC8"}},"sessionId":"574E21FD8AF790309598E2B03DBDC995"}
00:20:09.991 [nioEventLoopGroup-13-1] DEBUG c.i.k.driver.chrome_1752427209004 - << {"method":"Page.domContentEventFired","params":{"timestamp":35152.641588},"sessionId":"574E21FD8AF790309598E2B03DBDC995"}
00:20:09.998 [nioEventLoopGroup-13-1] DEBUG c.i.k.driver.chrome_1752427209004 - << {"method":"Target.targetInfoChanged","params":{"targetInfo":{"targetId":"735A4BA2B6BB7412803B859739D2C28B","type":"background_page","title":"Google Hangouts","url":"chrome-extension://nkeimhogjdpnpccoofpliimaahmaaome/background.html","attached":false,"canAccessOpener":false,"browserContextId":"0FB86FC59A8EB2896EBFF2EBC29674FC"}},"sessionId":"574E21FD8AF790309598E2B03DBDC995"}
00:20:10.009 [main] INFO  c.intuit.karate.core.FeatureRuntime - classpath:UI/LoginUI/LoginPage.feature - call by tag at line 7: action_attemptLogin
00:20:10.036 [main] DEBUG c.i.k.driver.chrome_1752427209004 - >> {"id":8,"sessionId":"574E21FD8AF790309598E2B03DBDC995","method":"Runtime.evaluate","params":{"expression":"var e = document.evaluate(\"\/\/*[@id='user-name']\", document, null, 9, null).singleNodeValue; e.focus(); try { e.selectionStart = e.selectionEnd = e.value.length } catch(x) {}","returnByValue":true}}
00:20:10.056 [nioEventLoopGroup-13-1] DEBUG c.i.k.driver.chrome_1752427209004 - << {"method":"Page.loadEventFired","params":{"timestamp":35152.706108},"sessionId":"574E21FD8AF790309598E2B03DBDC995"}
00:20:10.056 [nioEventLoopGroup-13-1] DEBUG c.i.k.driver.chrome_1752427209004 - << {"method":"Page.frameStartedLoading","params":{"frameId":"8CC5DE25E81659FF0402CD49A71AFE2D"},"sessionId":"574E21FD8AF790309598E2B03DBDC995"}
00:20:10.459 [nioEventLoopGroup-13-1] DEBUG c.i.k.driver.chrome_1752427209004 - << {"id":7,"result":{"frameId":"8CC5DE25E81659FF0402CD49A71AFE2D","loaderId":"70093CA28356BF94F863CB5EB5093505"},"sessionId":"574E21FD8AF790309598E2B03DBDC995"}
00:20:10.464 [nioEventLoopGroup-13-1] DEBUG c.i.k.driver.chrome_1752427209004 - << {"method":"Runtime.executionContextsCleared","params":{},"sessionId":"574E21FD8AF790309598E2B03DBDC995"}
00:20:10.466 [nioEventLoopGroup-13-1] DEBUG c.i.k.driver.chrome_1752427209004 - << {"method":"Runtime.executionContextsCleared","params":{},"sessionId":"574E21FD8AF790309598E2B03DBDC995"}
00:20:10.466 [nioEventLoopGroup-13-1] DEBUG c.i.k.driver.chrome_1752427209004 - << {"method":"Page.frameNavigated","params":{"frame":{"id":"8CC5DE25E81659FF0402CD49A71AFE2D","loaderId":"70093CA28356BF94F863CB5EB5093505","url":"https://www.saucedemo.com/","domainAndRegistry":"saucedemo.com","securityOrigin":"https://www.saucedemo.com","securityOriginDetails":{"isLocalhost":false},"mimeType":"text/html","adFrameStatus":{"adFrameType":"none"},"secureContextType":"Secure","crossOriginIsolatedContextType":"NotIsolated","gatedAPIFeatures":[]},"type":"Navigation"},"sessionId":"574E21FD8AF790309598E2B03DBDC995"}
00:20:10.483 [nioEventLoopGroup-13-1] DEBUG c.i.k.driver.chrome_1752427209004 - << {"method":"Target.targetInfoChanged","params":{"targetInfo":{"targetId":"8CC5DE25E81659FF0402CD49A71AFE2D","type":"page","title":"saucedemo.com","url":"https://www.saucedemo.com/","attached":true,"canAccessOpener":false,"browserContextId":"0FB86FC59A8EB2896EBFF2EBC29674FC"}},"sessionId":"574E21FD8AF790309598E2B03DBDC995"}
00:20:10.486 [nioEventLoopGroup-13-1] DEBUG c.i.k.driver.chrome_1752427209004 - << {"method":"Runtime.executionContextCreated","params":{"context":{"id":1,"origin":"https://www.saucedemo.com","name":"","uniqueId":"7736283337566833689.8483628587329874772","auxData":{"isDefault":true,"type":"default","frameId":"8CC5DE25E81659FF0402CD49A71AFE2D"}}},"sessionId":"574E21FD8AF790309598E2B03DBDC995"}
00:20:10.496 [nioEventLoopGroup-13-1] DEBUG c.i.k.driver.chrome_1752427209004 - << {"id":8,"result":{"result":{"type":"object","subtype":"error","className":"TypeError","description":"TypeError: Cannot read properties of null (reading 'focus')\n    at <anonymous>:1:95","objectId":"-9164296434789482777.1.1"},"exceptionDetails":{"exceptionId":1,"text":"Uncaught","lineNumber":0,"columnNumber":94,"scriptId":"6","stackTrace":{"callFrames":[{"functionName":"","scriptId":"6","url":"","lineNumber":0,"columnNumber":94}]},"exception":{"type":"object","subtype":"error","className":"TypeError","description":"TypeError: Cannot read properties of null (reading 'focus')\n    at <anonymous>:1:95","objectId":"-9164296434789482777.1.2"}}},"sessionId":"574E21FD8AF790309598E2B03DBDC995"}
00:20:10.496 [nioEventLoopGroup-13-1] WARN  c.i.k.driver.chrome_1752427209004 - devtools error: [id: 8, sessionId: 574E21FD8AF790309598E2B03DBDC995, result: [type: MAP, value: {type=object, subtype=error, className=TypeError, description=TypeError: Cannot read properties of null (reading 'focus')
    at <anonymous>:1:95, objectId=-9164296434789482777.1.1}]]
00:20:10.500 [main] WARN  c.i.k.driver.chrome_1752427209004 - js eval failed once:var e = document.evaluate("//*[@id='user-name']", document, null, 9, null).singleNodeValue; e.focus(); try { e.selectionStart = e.selectionEnd = e.value.length } catch(x) {}, error: [type: MAP, value: {type=object, subtype=error, className=TypeError, description=TypeError: Cannot read properties of null (reading 'focus')
    at <anonymous>:1:95, objectId=-9164296434789482777.1.1}]
00:20:10.911 [nioEventLoopGroup-13-1] DEBUG c.i.k.driver.chrome_1752427209004 - << {"method":"Target.targetCreated","params":{"targetInfo":{"targetId":"754D20FDA9EB44BBC617DB252F986FA7","type":"service_worker","title":"Service Worker chrome-extension://fignfifoniblkonapihmkfakmlgkbkcf/service_worker.js","url":"chrome-extension://fignfifoniblkonapihmkfakmlgkbkcf/service_worker.js","attached":false,"canAccessOpener":false,"browserContextId":"4148C8DB9C54E051C2641ECA0EA54CC8"}},"sessionId":"574E21FD8AF790309598E2B03DBDC995"}
00:20:11.110 [nioEventLoopGroup-13-1] DEBUG c.i.k.driver.chrome_1752427209004 - << {"method":"Page.domContentEventFired","params":{"timestamp":35153.751514},"sessionId":"574E21FD8AF790309598E2B03DBDC995"}
00:20:11.454 [nioEventLoopGroup-13-1] DEBUG c.i.k.driver.chrome_1752427209004 - << {"method":"Target.targetCreated","params":{"targetInfo":{"targetId":"DB2038348E2ECB19CCF93CA8548B291E","type":"service_worker","title":"Service Worker https://www.saucedemo.com/service-worker.js","url":"https://www.saucedemo.com/service-worker.js","attached":false,"canAccessOpener":false,"browserContextId":"0FB86FC59A8EB2896EBFF2EBC29674FC"}},"sessionId":"574E21FD8AF790309598E2B03DBDC995"}
00:20:11.500 [nioEventLoopGroup-13-1] DEBUG c.i.k.driver.chrome_1752427209004 - << {"method":"Page.loadEventFired","params":{"timestamp":35154.094773},"sessionId":"574E21FD8AF790309598E2B03DBDC995"}
00:20:11.501 [nioEventLoopGroup-13-1] DEBUG c.i.k.driver.chrome_1752427209004 - << {"method":"Page.frameStoppedLoading","params":{"frameId":"8CC5DE25E81659FF0402CD49A71AFE2D"},"sessionId":"574E21FD8AF790309598E2B03DBDC995"}
00:20:12.192 [nioEventLoopGroup-13-1] DEBUG c.i.k.driver.chrome_1752427209004 - << {"method":"Runtime.consoleAPICalled","params":{"type":"log","args":[{"type":"string","value":"Content is cached for offline use."}],"executionContextId":1,"timestamp":1.752427212191374e+12,"stackTrace":{"callFrames":[{"functionName":"console.<computed>","scriptId":"8","url":"https://www.saucedemo.com/static/js/2.84a5cbf3.chunk.js","lineNumber":1,"columnNumber":123015},{"functionName":"a.onstatechange","scriptId":"7","url":"https://www.saucedemo.com/static/js/main.018d2d1e.chunk.js","lineNumber":0,"columnNumber":58496}]}},"sessionId":"574E21FD8AF790309598E2B03DBDC995"}
00:20:12.192 [nioEventLoopGroup-13-1] DEBUG c.i.k.driver.chrome_1752427209004 - [console] Content is cached for offline use.
00:20:13.295 [chrome_1752427209004-out] DEBUG c.i.k.driver.chrome_1752427209004 - WARNING: All log messages before absl::InitializeLog() is called are written to STDERR
00:20:13.295 [chrome_1752427209004-out] DEBUG c.i.k.driver.chrome_1752427209004 - I0000 00:00:1752427213.295489   20412 voice_transcription.cc:58] Registering VoiceTranscriptionCapability
00:20:13.504 [main] DEBUG c.i.k.driver.chrome_1752427209004 - >> {"id":9,"sessionId":"574E21FD8AF790309598E2B03DBDC995","method":"Runtime.evaluate","params":{"expression":"var e = document.evaluate(\"\/\/*[@id='user-name']\", document, null, 9, null).singleNodeValue; e.focus(); try { e.selectionStart = e.selectionEnd = e.value.length } catch(x) {}","returnByValue":true}}
00:20:13.508 [nioEventLoopGroup-13-1] DEBUG c.i.k.driver.chrome_1752427209004 - << {"id":9,"result":{"result":{"type":"number","value":0,"description":"0"}},"sessionId":"574E21FD8AF790309598E2B03DBDC995"}
00:20:13.508 [main] DEBUG c.i.k.driver.chrome_1752427209004 - >> {"id":10,"sessionId":"574E21FD8AF790309598E2B03DBDC995","method":"Input.dispatchKeyEvent","params":{"modifiers":0,"type":"rawKeyDown","text":"s","windowsVirtualKeyCode":115}}
00:20:13.524 [nioEventLoopGroup-13-1] DEBUG c.i.k.driver.chrome_1752427209004 - << {"id":10,"result":{},"sessionId":"574E21FD8AF790309598E2B03DBDC995"}
00:20:13.524 [main] DEBUG c.i.k.driver.chrome_1752427209004 - >> {"id":11,"sessionId":"574E21FD8AF790309598E2B03DBDC995","method":"Input.dispatchKeyEvent","params":{"modifiers":0,"type":"char","text":"s","windowsVirtualKeyCode":115}}
00:20:13.539 [nioEventLoopGroup-13-1] DEBUG c.i.k.driver.chrome_1752427209004 - << {"id":11,"result":{},"sessionId":"574E21FD8AF790309598E2B03DBDC995"}
00:20:13.539 [main] DEBUG c.i.k.driver.chrome_1752427209004 - >> {"id":12,"sessionId":"574E21FD8AF790309598E2B03DBDC995","method":"Input.dispatchKeyEvent","params":{"modifiers":0,"type":"keyUp","text":"s","windowsVirtualKeyCode":115}}
00:20:13.542 [nioEventLoopGroup-13-1] DEBUG c.i.k.driver.chrome_1752427209004 - << {"id":12,"result":{},"sessionId":"574E21FD8AF790309598E2B03DBDC995"}
00:20:13.543 [main] DEBUG c.i.k.driver.chrome_1752427209004 - >> {"id":13,"sessionId":"574E21FD8AF790309598E2B03DBDC995","method":"Input.dispatchKeyEvent","params":{"modifiers":0,"type":"rawKeyDown","text":"t","windowsVirtualKeyCode":116}}
00:20:13.544 [nioEventLoopGroup-13-1] DEBUG c.i.k.driver.chrome_1752427209004 - << {"id":13,"result":{},"sessionId":"574E21FD8AF790309598E2B03DBDC995"}
00:20:13.545 [main] DEBUG c.i.k.driver.chrome_1752427209004 - >> {"id":14,"sessionId":"574E21FD8AF790309598E2B03DBDC995","method":"Input.dispatchKeyEvent","params":{"modifiers":0,"type":"char","text":"t","windowsVirtualKeyCode":116}}
00:20:13.559 [nioEventLoopGroup-13-1] DEBUG c.i.k.driver.chrome_1752427209004 - << {"id":14,"result":{},"sessionId":"574E21FD8AF790309598E2B03DBDC995"}
00:20:13.559 [main] DEBUG c.i.k.driver.chrome_1752427209004 - >> {"id":15,"sessionId":"574E21FD8AF790309598E2B03DBDC995","method":"Input.dispatchKeyEvent","params":{"modifiers":0,"type":"keyUp","text":"t","windowsVirtualKeyCode":116}}
00:20:13.561 [nioEventLoopGroup-13-1] DEBUG c.i.k.driver.chrome_1752427209004 - << {"id":15,"result":{},"sessionId":"574E21FD8AF790309598E2B03DBDC995"}
00:20:13.561 [main] DEBUG c.i.k.driver.chrome_1752427209004 - >> {"id":16,"sessionId":"574E21FD8AF790309598E2B03DBDC995","method":"Input.dispatchKeyEvent","params":{"modifiers":0,"type":"rawKeyDown","text":"a","windowsVirtualKeyCode":97}}
00:20:13.565 [nioEventLoopGroup-13-1] DEBUG c.i.k.driver.chrome_1752427209004 - << {"id":16,"result":{},"sessionId":"574E21FD8AF790309598E2B03DBDC995"}
00:20:13.566 [main] DEBUG c.i.k.driver.chrome_1752427209004 - >> {"id":17,"sessionId":"574E21FD8AF790309598E2B03DBDC995","method":"Input.dispatchKeyEvent","params":{"modifiers":0,"type":"char","text":"a","windowsVirtualKeyCode":97}}
00:20:13.574 [nioEventLoopGroup-13-1] DEBUG c.i.k.driver.chrome_1752427209004 - << {"id":17,"result":{},"sessionId":"574E21FD8AF790309598E2B03DBDC995"}
00:20:13.574 [main] DEBUG c.i.k.driver.chrome_1752427209004 - >> {"id":18,"sessionId":"574E21FD8AF790309598E2B03DBDC995","method":"Input.dispatchKeyEvent","params":{"modifiers":0,"type":"keyUp","text":"a","windowsVirtualKeyCode":97}}
00:20:13.576 [nioEventLoopGroup-13-1] DEBUG c.i.k.driver.chrome_1752427209004 - << {"id":18,"result":{},"sessionId":"574E21FD8AF790309598E2B03DBDC995"}
00:20:13.576 [main] DEBUG c.i.k.driver.chrome_1752427209004 - >> {"id":19,"sessionId":"574E21FD8AF790309598E2B03DBDC995","method":"Input.dispatchKeyEvent","params":{"modifiers":0,"type":"rawKeyDown","text":"n","windowsVirtualKeyCode":110}}
00:20:13.578 [nioEventLoopGroup-13-1] DEBUG c.i.k.driver.chrome_1752427209004 - << {"id":19,"result":{},"sessionId":"574E21FD8AF790309598E2B03DBDC995"}
00:20:13.581 [main] DEBUG c.i.k.driver.chrome_1752427209004 - >> {"id":20,"sessionId":"574E21FD8AF790309598E2B03DBDC995","method":"Input.dispatchKeyEvent","params":{"modifiers":0,"type":"char","text":"n","windowsVirtualKeyCode":110}}
00:20:13.586 [nioEventLoopGroup-13-1] DEBUG c.i.k.driver.chrome_1752427209004 - << {"id":20,"result":{},"sessionId":"574E21FD8AF790309598E2B03DBDC995"}
00:20:13.587 [main] DEBUG c.i.k.driver.chrome_1752427209004 - >> {"id":21,"sessionId":"574E21FD8AF790309598E2B03DBDC995","method":"Input.dispatchKeyEvent","params":{"modifiers":0,"type":"keyUp","text":"n","windowsVirtualKeyCode":110}}
00:20:13.589 [nioEventLoopGroup-13-1] DEBUG c.i.k.driver.chrome_1752427209004 - << {"id":21,"result":{},"sessionId":"574E21FD8AF790309598E2B03DBDC995"}
00:20:13.589 [main] DEBUG c.i.k.driver.chrome_1752427209004 - >> {"id":22,"sessionId":"574E21FD8AF790309598E2B03DBDC995","method":"Input.dispatchKeyEvent","params":{"modifiers":0,"type":"rawKeyDown","text":"d","windowsVirtualKeyCode":100}}
00:20:13.591 [nioEventLoopGroup-13-1] DEBUG c.i.k.driver.chrome_1752427209004 - << {"id":22,"result":{},"sessionId":"574E21FD8AF790309598E2B03DBDC995"}
00:20:13.591 [main] DEBUG c.i.k.driver.chrome_1752427209004 - >> {"id":23,"sessionId":"574E21FD8AF790309598E2B03DBDC995","method":"Input.dispatchKeyEvent","params":{"modifiers":0,"type":"char","text":"d","windowsVirtualKeyCode":100}}
00:20:13.596 [nioEventLoopGroup-13-1] DEBUG c.i.k.driver.chrome_1752427209004 - << {"id":23,"result":{},"sessionId":"574E21FD8AF790309598E2B03DBDC995"}
00:20:13.597 [main] DEBUG c.i.k.driver.chrome_1752427209004 - >> {"id":24,"sessionId":"574E21FD8AF790309598E2B03DBDC995","method":"Input.dispatchKeyEvent","params":{"modifiers":0,"type":"keyUp","text":"d","windowsVirtualKeyCode":100}}
00:20:13.607 [nioEventLoopGroup-13-1] DEBUG c.i.k.driver.chrome_1752427209004 - << {"id":24,"result":{},"sessionId":"574E21FD8AF790309598E2B03DBDC995"}
00:20:13.608 [main] DEBUG c.i.k.driver.chrome_1752427209004 - >> {"id":25,"sessionId":"574E21FD8AF790309598E2B03DBDC995","method":"Input.dispatchKeyEvent","params":{"modifiers":0,"type":"rawKeyDown","text":"a","windowsVirtualKeyCode":97}}
00:20:13.609 [nioEventLoopGroup-13-1] DEBUG c.i.k.driver.chrome_1752427209004 - << {"id":25,"result":{},"sessionId":"574E21FD8AF790309598E2B03DBDC995"}
00:20:13.610 [main] DEBUG c.i.k.driver.chrome_1752427209004 - >> {"id":26,"sessionId":"574E21FD8AF790309598E2B03DBDC995","method":"Input.dispatchKeyEvent","params":{"modifiers":0,"type":"char","text":"a","windowsVirtualKeyCode":97}}
00:20:13.616 [nioEventLoopGroup-13-1] DEBUG c.i.k.driver.chrome_1752427209004 - << {"id":26,"result":{},"sessionId":"574E21FD8AF790309598E2B03DBDC995"}
00:20:13.617 [main] DEBUG c.i.k.driver.chrome_1752427209004 - >> {"id":27,"sessionId":"574E21FD8AF790309598E2B03DBDC995","method":"Input.dispatchKeyEvent","params":{"modifiers":0,"type":"keyUp","text":"a","windowsVirtualKeyCode":97}}
00:20:13.618 [nioEventLoopGroup-13-1] DEBUG c.i.k.driver.chrome_1752427209004 - << {"id":27,"result":{},"sessionId":"574E21FD8AF790309598E2B03DBDC995"}
00:20:13.619 [main] DEBUG c.i.k.driver.chrome_1752427209004 - >> {"id":28,"sessionId":"574E21FD8AF790309598E2B03DBDC995","method":"Input.dispatchKeyEvent","params":{"modifiers":0,"type":"rawKeyDown","text":"r","windowsVirtualKeyCode":114}}
00:20:13.621 [nioEventLoopGroup-13-1] DEBUG c.i.k.driver.chrome_1752427209004 - << {"id":28,"result":{},"sessionId":"574E21FD8AF790309598E2B03DBDC995"}
00:20:13.622 [main] DEBUG c.i.k.driver.chrome_1752427209004 - >> {"id":29,"sessionId":"574E21FD8AF790309598E2B03DBDC995","method":"Input.dispatchKeyEvent","params":{"modifiers":0,"type":"char","text":"r","windowsVirtualKeyCode":114}}
00:20:13.626 [nioEventLoopGroup-13-1] DEBUG c.i.k.driver.chrome_1752427209004 - << {"id":29,"result":{},"sessionId":"574E21FD8AF790309598E2B03DBDC995"}
00:20:13.627 [main] DEBUG c.i.k.driver.chrome_1752427209004 - >> {"id":30,"sessionId":"574E21FD8AF790309598E2B03DBDC995","method":"Input.dispatchKeyEvent","params":{"modifiers":0,"type":"keyUp","text":"r","windowsVirtualKeyCode":114}}
00:20:13.629 [nioEventLoopGroup-13-1] DEBUG c.i.k.driver.chrome_1752427209004 - << {"id":30,"result":{},"sessionId":"574E21FD8AF790309598E2B03DBDC995"}
00:20:13.629 [main] DEBUG c.i.k.driver.chrome_1752427209004 - >> {"id":31,"sessionId":"574E21FD8AF790309598E2B03DBDC995","method":"Input.dispatchKeyEvent","params":{"modifiers":0,"type":"rawKeyDown","text":"d","windowsVirtualKeyCode":100}}
00:20:13.634 [nioEventLoopGroup-13-1] DEBUG c.i.k.driver.chrome_1752427209004 - << {"id":31,"result":{},"sessionId":"574E21FD8AF790309598E2B03DBDC995"}
00:20:13.634 [main] DEBUG c.i.k.driver.chrome_1752427209004 - >> {"id":32,"sessionId":"574E21FD8AF790309598E2B03DBDC995","method":"Input.dispatchKeyEvent","params":{"modifiers":0,"type":"char","text":"d","windowsVirtualKeyCode":100}}
00:20:13.644 [nioEventLoopGroup-13-1] DEBUG c.i.k.driver.chrome_1752427209004 - << {"id":32,"result":{},"sessionId":"574E21FD8AF790309598E2B03DBDC995"}
00:20:13.645 [main] DEBUG c.i.k.driver.chrome_1752427209004 - >> {"id":33,"sessionId":"574E21FD8AF790309598E2B03DBDC995","method":"Input.dispatchKeyEvent","params":{"modifiers":0,"type":"keyUp","text":"d","windowsVirtualKeyCode":100}}
00:20:13.650 [nioEventLoopGroup-13-1] DEBUG c.i.k.driver.chrome_1752427209004 - << {"id":33,"result":{},"sessionId":"574E21FD8AF790309598E2B03DBDC995"}
00:20:13.651 [main] DEBUG c.i.k.driver.chrome_1752427209004 - >> {"id":34,"sessionId":"574E21FD8AF790309598E2B03DBDC995","method":"Input.dispatchKeyEvent","params":{"modifiers":0,"type":"rawKeyDown","text":"_","windowsVirtualKeyCode":523}}
00:20:13.653 [nioEventLoopGroup-13-1] DEBUG c.i.k.driver.chrome_1752427209004 - << {"id":34,"result":{},"sessionId":"574E21FD8AF790309598E2B03DBDC995"}
00:20:13.653 [main] DEBUG c.i.k.driver.chrome_1752427209004 - >> {"id":35,"sessionId":"574E21FD8AF790309598E2B03DBDC995","method":"Input.dispatchKeyEvent","params":{"modifiers":0,"type":"char","text":"_","windowsVirtualKeyCode":523}}
00:20:13.659 [nioEventLoopGroup-13-1] DEBUG c.i.k.driver.chrome_1752427209004 - << {"id":35,"result":{},"sessionId":"574E21FD8AF790309598E2B03DBDC995"}
00:20:13.659 [main] DEBUG c.i.k.driver.chrome_1752427209004 - >> {"id":36,"sessionId":"574E21FD8AF790309598E2B03DBDC995","method":"Input.dispatchKeyEvent","params":{"modifiers":0,"type":"keyUp","text":"_","windowsVirtualKeyCode":523}}
00:20:13.661 [nioEventLoopGroup-13-1] DEBUG c.i.k.driver.chrome_1752427209004 - << {"id":36,"result":{},"sessionId":"574E21FD8AF790309598E2B03DBDC995"}
00:20:13.661 [main] DEBUG c.i.k.driver.chrome_1752427209004 - >> {"id":37,"sessionId":"574E21FD8AF790309598E2B03DBDC995","method":"Input.dispatchKeyEvent","params":{"modifiers":0,"type":"rawKeyDown","text":"u","windowsVirtualKeyCode":117}}
00:20:13.666 [nioEventLoopGroup-13-1] DEBUG c.i.k.driver.chrome_1752427209004 - << {"id":37,"result":{},"sessionId":"574E21FD8AF790309598E2B03DBDC995"}
00:20:13.666 [main] DEBUG c.i.k.driver.chrome_1752427209004 - >> {"id":38,"sessionId":"574E21FD8AF790309598E2B03DBDC995","method":"Input.dispatchKeyEvent","params":{"modifiers":0,"type":"char","text":"u","windowsVirtualKeyCode":117}}
00:20:13.672 [nioEventLoopGroup-13-1] DEBUG c.i.k.driver.chrome_1752427209004 - << {"id":38,"result":{},"sessionId":"574E21FD8AF790309598E2B03DBDC995"}
00:20:13.673 [main] DEBUG c.i.k.driver.chrome_1752427209004 - >> {"id":39,"sessionId":"574E21FD8AF790309598E2B03DBDC995","method":"Input.dispatchKeyEvent","params":{"modifiers":0,"type":"keyUp","text":"u","windowsVirtualKeyCode":117}}
00:20:13.676 [nioEventLoopGroup-13-1] DEBUG c.i.k.driver.chrome_1752427209004 - << {"id":39,"result":{},"sessionId":"574E21FD8AF790309598E2B03DBDC995"}
00:20:13.677 [main] DEBUG c.i.k.driver.chrome_1752427209004 - >> {"id":40,"sessionId":"574E21FD8AF790309598E2B03DBDC995","method":"Input.dispatchKeyEvent","params":{"modifiers":0,"type":"rawKeyDown","text":"s","windowsVirtualKeyCode":115}}
00:20:13.700 [nioEventLoopGroup-13-1] DEBUG c.i.k.driver.chrome_1752427209004 - << {"id":40,"result":{},"sessionId":"574E21FD8AF790309598E2B03DBDC995"}
00:20:13.701 [main] DEBUG c.i.k.driver.chrome_1752427209004 - >> {"id":41,"sessionId":"574E21FD8AF790309598E2B03DBDC995","method":"Input.dispatchKeyEvent","params":{"modifiers":0,"type":"char","text":"s","windowsVirtualKeyCode":115}}
00:20:13.708 [nioEventLoopGroup-13-1] DEBUG c.i.k.driver.chrome_1752427209004 - << {"id":41,"result":{},"sessionId":"574E21FD8AF790309598E2B03DBDC995"}
00:20:13.708 [main] DEBUG c.i.k.driver.chrome_1752427209004 - >> {"id":42,"sessionId":"574E21FD8AF790309598E2B03DBDC995","method":"Input.dispatchKeyEvent","params":{"modifiers":0,"type":"keyUp","text":"s","windowsVirtualKeyCode":115}}
00:20:13.710 [nioEventLoopGroup-13-1] DEBUG c.i.k.driver.chrome_1752427209004 - << {"id":42,"result":{},"sessionId":"574E21FD8AF790309598E2B03DBDC995"}
00:20:13.711 [main] DEBUG c.i.k.driver.chrome_1752427209004 - >> {"id":43,"sessionId":"574E21FD8AF790309598E2B03DBDC995","method":"Input.dispatchKeyEvent","params":{"modifiers":0,"type":"rawKeyDown","text":"e","windowsVirtualKeyCode":101}}
00:20:13.719 [nioEventLoopGroup-13-1] DEBUG c.i.k.driver.chrome_1752427209004 - << {"id":43,"result":{},"sessionId":"574E21FD8AF790309598E2B03DBDC995"}
00:20:13.720 [main] DEBUG c.i.k.driver.chrome_1752427209004 - >> {"id":44,"sessionId":"574E21FD8AF790309598E2B03DBDC995","method":"Input.dispatchKeyEvent","params":{"modifiers":0,"type":"char","text":"e","windowsVirtualKeyCode":101}}
00:20:13.725 [nioEventLoopGroup-13-1] DEBUG c.i.k.driver.chrome_1752427209004 - << {"id":44,"result":{},"sessionId":"574E21FD8AF790309598E2B03DBDC995"}
00:20:13.725 [main] DEBUG c.i.k.driver.chrome_1752427209004 - >> {"id":45,"sessionId":"574E21FD8AF790309598E2B03DBDC995","method":"Input.dispatchKeyEvent","params":{"modifiers":0,"type":"keyUp","text":"e","windowsVirtualKeyCode":101}}
00:20:13.727 [nioEventLoopGroup-13-1] DEBUG c.i.k.driver.chrome_1752427209004 - << {"id":45,"result":{},"sessionId":"574E21FD8AF790309598E2B03DBDC995"}
00:20:13.727 [main] DEBUG c.i.k.driver.chrome_1752427209004 - >> {"id":46,"sessionId":"574E21FD8AF790309598E2B03DBDC995","method":"Input.dispatchKeyEvent","params":{"modifiers":0,"type":"rawKeyDown","text":"r","windowsVirtualKeyCode":114}}
00:20:13.741 [nioEventLoopGroup-13-1] DEBUG c.i.k.driver.chrome_1752427209004 - << {"id":46,"result":{},"sessionId":"574E21FD8AF790309598E2B03DBDC995"}
00:20:13.742 [main] DEBUG c.i.k.driver.chrome_1752427209004 - >> {"id":47,"sessionId":"574E21FD8AF790309598E2B03DBDC995","method":"Input.dispatchKeyEvent","params":{"modifiers":0,"type":"char","text":"r","windowsVirtualKeyCode":114}}
00:20:13.749 [nioEventLoopGroup-13-1] DEBUG c.i.k.driver.chrome_1752427209004 - << {"id":47,"result":{},"sessionId":"574E21FD8AF790309598E2B03DBDC995"}
00:20:13.750 [main] DEBUG c.i.k.driver.chrome_1752427209004 - >> {"id":48,"sessionId":"574E21FD8AF790309598E2B03DBDC995","method":"Input.dispatchKeyEvent","params":{"modifiers":0,"type":"keyUp","text":"r","windowsVirtualKeyCode":114}}
00:20:13.752 [nioEventLoopGroup-13-1] DEBUG c.i.k.driver.chrome_1752427209004 - << {"id":48,"result":{},"sessionId":"574E21FD8AF790309598E2B03DBDC995"}
00:20:13.754 [main] DEBUG c.i.k.driver.chrome_1752427209004 - >> {"id":49,"sessionId":"574E21FD8AF790309598E2B03DBDC995","method":"Runtime.evaluate","params":{"expression":"var e = document.evaluate(\"\/\/*[@id='password']\", document, null, 9, null).singleNodeValue; e.focus(); try { e.selectionStart = e.selectionEnd = e.value.length } catch(x) {}","returnByValue":true}}
00:20:13.758 [nioEventLoopGroup-13-1] DEBUG c.i.k.driver.chrome_1752427209004 - << {"id":49,"result":{"result":{"type":"number","value":0,"description":"0"}},"sessionId":"574E21FD8AF790309598E2B03DBDC995"}
00:20:13.759 [main] DEBUG c.i.k.driver.chrome_1752427209004 - >> {"id":50,"sessionId":"574E21FD8AF790309598E2B03DBDC995","method":"Input.dispatchKeyEvent","params":{"modifiers":0,"type":"rawKeyDown","text":"s","windowsVirtualKeyCode":115}}
00:20:13.761 [nioEventLoopGroup-13-1] DEBUG c.i.k.driver.chrome_1752427209004 - << {"id":50,"result":{},"sessionId":"574E21FD8AF790309598E2B03DBDC995"}
00:20:13.761 [main] DEBUG c.i.k.driver.chrome_1752427209004 - >> {"id":51,"sessionId":"574E21FD8AF790309598E2B03DBDC995","method":"Input.dispatchKeyEvent","params":{"modifiers":0,"type":"char","text":"s","windowsVirtualKeyCode":115}}
00:20:13.778 [nioEventLoopGroup-13-1] DEBUG c.i.k.driver.chrome_1752427209004 - << {"id":51,"result":{},"sessionId":"574E21FD8AF790309598E2B03DBDC995"}
00:20:13.780 [main] DEBUG c.i.k.driver.chrome_1752427209004 - >> {"id":52,"sessionId":"574E21FD8AF790309598E2B03DBDC995","method":"Input.dispatchKeyEvent","params":{"modifiers":0,"type":"keyUp","text":"s","windowsVirtualKeyCode":115}}
00:20:13.783 [nioEventLoopGroup-13-1] DEBUG c.i.k.driver.chrome_1752427209004 - << {"id":52,"result":{},"sessionId":"574E21FD8AF790309598E2B03DBDC995"}
00:20:13.783 [main] DEBUG c.i.k.driver.chrome_1752427209004 - >> {"id":53,"sessionId":"574E21FD8AF790309598E2B03DBDC995","method":"Input.dispatchKeyEvent","params":{"modifiers":0,"type":"rawKeyDown","text":"e","windowsVirtualKeyCode":101}}
00:20:13.785 [nioEventLoopGroup-13-1] DEBUG c.i.k.driver.chrome_1752427209004 - << {"id":53,"result":{},"sessionId":"574E21FD8AF790309598E2B03DBDC995"}
00:20:13.786 [main] DEBUG c.i.k.driver.chrome_1752427209004 - >> {"id":54,"sessionId":"574E21FD8AF790309598E2B03DBDC995","method":"Input.dispatchKeyEvent","params":{"modifiers":0,"type":"char","text":"e","windowsVirtualKeyCode":101}}
00:20:13.790 [nioEventLoopGroup-13-1] DEBUG c.i.k.driver.chrome_1752427209004 - << {"id":54,"result":{},"sessionId":"574E21FD8AF790309598E2B03DBDC995"}
00:20:13.791 [main] DEBUG c.i.k.driver.chrome_1752427209004 - >> {"id":55,"sessionId":"574E21FD8AF790309598E2B03DBDC995","method":"Input.dispatchKeyEvent","params":{"modifiers":0,"type":"keyUp","text":"e","windowsVirtualKeyCode":101}}
00:20:13.793 [nioEventLoopGroup-13-1] DEBUG c.i.k.driver.chrome_1752427209004 - << {"id":55,"result":{},"sessionId":"574E21FD8AF790309598E2B03DBDC995"}
00:20:13.793 [main] DEBUG c.i.k.driver.chrome_1752427209004 - >> {"id":56,"sessionId":"574E21FD8AF790309598E2B03DBDC995","method":"Input.dispatchKeyEvent","params":{"modifiers":0,"type":"rawKeyDown","text":"c","windowsVirtualKeyCode":99}}
00:20:13.795 [nioEventLoopGroup-13-1] DEBUG c.i.k.driver.chrome_1752427209004 - << {"id":56,"result":{},"sessionId":"574E21FD8AF790309598E2B03DBDC995"}
00:20:13.795 [main] DEBUG c.i.k.driver.chrome_1752427209004 - >> {"id":57,"sessionId":"574E21FD8AF790309598E2B03DBDC995","method":"Input.dispatchKeyEvent","params":{"modifiers":0,"type":"char","text":"c","windowsVirtualKeyCode":99}}
00:20:13.811 [nioEventLoopGroup-13-1] DEBUG c.i.k.driver.chrome_1752427209004 - << {"id":57,"result":{},"sessionId":"574E21FD8AF790309598E2B03DBDC995"}
00:20:13.812 [main] DEBUG c.i.k.driver.chrome_1752427209004 - >> {"id":58,"sessionId":"574E21FD8AF790309598E2B03DBDC995","method":"Input.dispatchKeyEvent","params":{"modifiers":0,"type":"keyUp","text":"c","windowsVirtualKeyCode":99}}
00:20:13.816 [nioEventLoopGroup-13-1] DEBUG c.i.k.driver.chrome_1752427209004 - << {"id":58,"result":{},"sessionId":"574E21FD8AF790309598E2B03DBDC995"}
00:20:13.816 [main] DEBUG c.i.k.driver.chrome_1752427209004 - >> {"id":59,"sessionId":"574E21FD8AF790309598E2B03DBDC995","method":"Input.dispatchKeyEvent","params":{"modifiers":0,"type":"rawKeyDown","text":"r","windowsVirtualKeyCode":114}}
00:20:13.822 [nioEventLoopGroup-13-1] DEBUG c.i.k.driver.chrome_1752427209004 - << {"id":59,"result":{},"sessionId":"574E21FD8AF790309598E2B03DBDC995"}
00:20:13.822 [main] DEBUG c.i.k.driver.chrome_1752427209004 - >> {"id":60,"sessionId":"574E21FD8AF790309598E2B03DBDC995","method":"Input.dispatchKeyEvent","params":{"modifiers":0,"type":"char","text":"r","windowsVirtualKeyCode":114}}
00:20:13.828 [nioEventLoopGroup-13-1] DEBUG c.i.k.driver.chrome_1752427209004 - << {"id":60,"result":{},"sessionId":"574E21FD8AF790309598E2B03DBDC995"}
00:20:13.828 [main] DEBUG c.i.k.driver.chrome_1752427209004 - >> {"id":61,"sessionId":"574E21FD8AF790309598E2B03DBDC995","method":"Input.dispatchKeyEvent","params":{"modifiers":0,"type":"keyUp","text":"r","windowsVirtualKeyCode":114}}
00:20:13.833 [nioEventLoopGroup-13-1] DEBUG c.i.k.driver.chrome_1752427209004 - << {"id":61,"result":{},"sessionId":"574E21FD8AF790309598E2B03DBDC995"}
00:20:13.834 [main] DEBUG c.i.k.driver.chrome_1752427209004 - >> {"id":62,"sessionId":"574E21FD8AF790309598E2B03DBDC995","method":"Input.dispatchKeyEvent","params":{"modifiers":0,"type":"rawKeyDown","text":"e","windowsVirtualKeyCode":101}}
00:20:13.836 [nioEventLoopGroup-13-1] DEBUG c.i.k.driver.chrome_1752427209004 - << {"id":62,"result":{},"sessionId":"574E21FD8AF790309598E2B03DBDC995"}
00:20:13.836 [main] DEBUG c.i.k.driver.chrome_1752427209004 - >> {"id":63,"sessionId":"574E21FD8AF790309598E2B03DBDC995","method":"Input.dispatchKeyEvent","params":{"modifiers":0,"type":"char","text":"e","windowsVirtualKeyCode":101}}
00:20:13.841 [nioEventLoopGroup-13-1] DEBUG c.i.k.driver.chrome_1752427209004 - << {"id":63,"result":{},"sessionId":"574E21FD8AF790309598E2B03DBDC995"}
00:20:13.842 [main] DEBUG c.i.k.driver.chrome_1752427209004 - >> {"id":64,"sessionId":"574E21FD8AF790309598E2B03DBDC995","method":"Input.dispatchKeyEvent","params":{"modifiers":0,"type":"keyUp","text":"e","windowsVirtualKeyCode":101}}
00:20:13.844 [nioEventLoopGroup-13-1] DEBUG c.i.k.driver.chrome_1752427209004 - << {"id":64,"result":{},"sessionId":"574E21FD8AF790309598E2B03DBDC995"}
00:20:13.844 [main] DEBUG c.i.k.driver.chrome_1752427209004 - >> {"id":65,"sessionId":"574E21FD8AF790309598E2B03DBDC995","method":"Input.dispatchKeyEvent","params":{"modifiers":0,"type":"rawKeyDown","text":"t","windowsVirtualKeyCode":116}}
00:20:13.847 [nioEventLoopGroup-13-1] DEBUG c.i.k.driver.chrome_1752427209004 - << {"id":65,"result":{},"sessionId":"574E21FD8AF790309598E2B03DBDC995"}
00:20:13.848 [main] DEBUG c.i.k.driver.chrome_1752427209004 - >> {"id":66,"sessionId":"574E21FD8AF790309598E2B03DBDC995","method":"Input.dispatchKeyEvent","params":{"modifiers":0,"type":"char","text":"t","windowsVirtualKeyCode":116}}
00:20:13.857 [nioEventLoopGroup-13-1] DEBUG c.i.k.driver.chrome_1752427209004 - << {"id":66,"result":{},"sessionId":"574E21FD8AF790309598E2B03DBDC995"}
00:20:13.857 [main] DEBUG c.i.k.driver.chrome_1752427209004 - >> {"id":67,"sessionId":"574E21FD8AF790309598E2B03DBDC995","method":"Input.dispatchKeyEvent","params":{"modifiers":0,"type":"keyUp","text":"t","windowsVirtualKeyCode":116}}
00:20:13.859 [nioEventLoopGroup-13-1] DEBUG c.i.k.driver.chrome_1752427209004 - << {"id":67,"result":{},"sessionId":"574E21FD8AF790309598E2B03DBDC995"}
00:20:13.859 [main] DEBUG c.i.k.driver.chrome_1752427209004 - >> {"id":68,"sessionId":"574E21FD8AF790309598E2B03DBDC995","method":"Input.dispatchKeyEvent","params":{"modifiers":0,"type":"rawKeyDown","text":"_","windowsVirtualKeyCode":523}}
00:20:13.868 [nioEventLoopGroup-13-1] DEBUG c.i.k.driver.chrome_1752427209004 - << {"id":68,"result":{},"sessionId":"574E21FD8AF790309598E2B03DBDC995"}
00:20:13.868 [main] DEBUG c.i.k.driver.chrome_1752427209004 - >> {"id":69,"sessionId":"574E21FD8AF790309598E2B03DBDC995","method":"Input.dispatchKeyEvent","params":{"modifiers":0,"type":"char","text":"_","windowsVirtualKeyCode":523}}
00:20:13.916 [nioEventLoopGroup-13-1] DEBUG c.i.k.driver.chrome_1752427209004 - << {"id":69,"result":{},"sessionId":"574E21FD8AF790309598E2B03DBDC995"}
00:20:13.917 [main] DEBUG c.i.k.driver.chrome_1752427209004 - >> {"id":70,"sessionId":"574E21FD8AF790309598E2B03DBDC995","method":"Input.dispatchKeyEvent","params":{"modifiers":0,"type":"keyUp","text":"_","windowsVirtualKeyCode":523}}
00:20:13.920 [nioEventLoopGroup-13-1] DEBUG c.i.k.driver.chrome_1752427209004 - << {"id":70,"result":{},"sessionId":"574E21FD8AF790309598E2B03DBDC995"}
00:20:13.921 [main] DEBUG c.i.k.driver.chrome_1752427209004 - >> {"id":71,"sessionId":"574E21FD8AF790309598E2B03DBDC995","method":"Input.dispatchKeyEvent","params":{"modifiers":0,"type":"rawKeyDown","text":"s","windowsVirtualKeyCode":115}}
00:20:13.923 [nioEventLoopGroup-13-1] DEBUG c.i.k.driver.chrome_1752427209004 - << {"id":71,"result":{},"sessionId":"574E21FD8AF790309598E2B03DBDC995"}
00:20:13.923 [main] DEBUG c.i.k.driver.chrome_1752427209004 - >> {"id":72,"sessionId":"574E21FD8AF790309598E2B03DBDC995","method":"Input.dispatchKeyEvent","params":{"modifiers":0,"type":"char","text":"s","windowsVirtualKeyCode":115}}
00:20:13.930 [nioEventLoopGroup-13-1] DEBUG c.i.k.driver.chrome_1752427209004 - << {"id":72,"result":{},"sessionId":"574E21FD8AF790309598E2B03DBDC995"}
00:20:13.941 [main] DEBUG c.i.k.driver.chrome_1752427209004 - >> {"id":73,"sessionId":"574E21FD8AF790309598E2B03DBDC995","method":"Input.dispatchKeyEvent","params":{"modifiers":0,"type":"keyUp","text":"s","windowsVirtualKeyCode":115}}
00:20:13.943 [nioEventLoopGroup-13-1] DEBUG c.i.k.driver.chrome_1752427209004 - << {"id":73,"result":{},"sessionId":"574E21FD8AF790309598E2B03DBDC995"}
00:20:13.943 [main] DEBUG c.i.k.driver.chrome_1752427209004 - >> {"id":74,"sessionId":"574E21FD8AF790309598E2B03DBDC995","method":"Input.dispatchKeyEvent","params":{"modifiers":0,"type":"rawKeyDown","text":"a","windowsVirtualKeyCode":97}}
00:20:13.947 [nioEventLoopGroup-13-1] DEBUG c.i.k.driver.chrome_1752427209004 - << {"id":74,"result":{},"sessionId":"574E21FD8AF790309598E2B03DBDC995"}
00:20:13.948 [main] DEBUG c.i.k.driver.chrome_1752427209004 - >> {"id":75,"sessionId":"574E21FD8AF790309598E2B03DBDC995","method":"Input.dispatchKeyEvent","params":{"modifiers":0,"type":"char","text":"a","windowsVirtualKeyCode":97}}
00:20:13.975 [nioEventLoopGroup-13-1] DEBUG c.i.k.driver.chrome_1752427209004 - << {"id":75,"result":{},"sessionId":"574E21FD8AF790309598E2B03DBDC995"}
00:20:13.976 [main] DEBUG c.i.k.driver.chrome_1752427209004 - >> {"id":76,"sessionId":"574E21FD8AF790309598E2B03DBDC995","method":"Input.dispatchKeyEvent","params":{"modifiers":0,"type":"keyUp","text":"a","windowsVirtualKeyCode":97}}
00:20:13.984 [nioEventLoopGroup-13-1] DEBUG c.i.k.driver.chrome_1752427209004 - << {"id":76,"result":{},"sessionId":"574E21FD8AF790309598E2B03DBDC995"}
00:20:13.984 [main] DEBUG c.i.k.driver.chrome_1752427209004 - >> {"id":77,"sessionId":"574E21FD8AF790309598E2B03DBDC995","method":"Input.dispatchKeyEvent","params":{"modifiers":0,"type":"rawKeyDown","text":"u","windowsVirtualKeyCode":117}}
00:20:13.987 [nioEventLoopGroup-13-1] DEBUG c.i.k.driver.chrome_1752427209004 - << {"id":77,"result":{},"sessionId":"574E21FD8AF790309598E2B03DBDC995"}
00:20:13.987 [main] DEBUG c.i.k.driver.chrome_1752427209004 - >> {"id":78,"sessionId":"574E21FD8AF790309598E2B03DBDC995","method":"Input.dispatchKeyEvent","params":{"modifiers":0,"type":"char","text":"u","windowsVirtualKeyCode":117}}
00:20:13.992 [nioEventLoopGroup-13-1] DEBUG c.i.k.driver.chrome_1752427209004 - << {"id":78,"result":{},"sessionId":"574E21FD8AF790309598E2B03DBDC995"}
00:20:13.993 [main] DEBUG c.i.k.driver.chrome_1752427209004 - >> {"id":79,"sessionId":"574E21FD8AF790309598E2B03DBDC995","method":"Input.dispatchKeyEvent","params":{"modifiers":0,"type":"keyUp","text":"u","windowsVirtualKeyCode":117}}
00:20:13.994 [nioEventLoopGroup-13-1] DEBUG c.i.k.driver.chrome_1752427209004 - << {"id":79,"result":{},"sessionId":"574E21FD8AF790309598E2B03DBDC995"}
00:20:13.995 [main] DEBUG c.i.k.driver.chrome_1752427209004 - >> {"id":80,"sessionId":"574E21FD8AF790309598E2B03DBDC995","method":"Input.dispatchKeyEvent","params":{"modifiers":0,"type":"rawKeyDown","text":"c","windowsVirtualKeyCode":99}}
00:20:13.999 [nioEventLoopGroup-13-1] DEBUG c.i.k.driver.chrome_1752427209004 - << {"id":80,"result":{},"sessionId":"574E21FD8AF790309598E2B03DBDC995"}
00:20:14.000 [main] DEBUG c.i.k.driver.chrome_1752427209004 - >> {"id":81,"sessionId":"574E21FD8AF790309598E2B03DBDC995","method":"Input.dispatchKeyEvent","params":{"modifiers":0,"type":"char","text":"c","windowsVirtualKeyCode":99}}
00:20:14.016 [nioEventLoopGroup-13-1] DEBUG c.i.k.driver.chrome_1752427209004 - << {"id":81,"result":{},"sessionId":"574E21FD8AF790309598E2B03DBDC995"}
00:20:14.016 [main] DEBUG c.i.k.driver.chrome_1752427209004 - >> {"id":82,"sessionId":"574E21FD8AF790309598E2B03DBDC995","method":"Input.dispatchKeyEvent","params":{"modifiers":0,"type":"keyUp","text":"c","windowsVirtualKeyCode":99}}
00:20:14.019 [nioEventLoopGroup-13-1] DEBUG c.i.k.driver.chrome_1752427209004 - << {"id":82,"result":{},"sessionId":"574E21FD8AF790309598E2B03DBDC995"}
00:20:14.019 [main] DEBUG c.i.k.driver.chrome_1752427209004 - >> {"id":83,"sessionId":"574E21FD8AF790309598E2B03DBDC995","method":"Input.dispatchKeyEvent","params":{"modifiers":0,"type":"rawKeyDown","text":"e","windowsVirtualKeyCode":101}}
00:20:14.021 [nioEventLoopGroup-13-1] DEBUG c.i.k.driver.chrome_1752427209004 - << {"id":83,"result":{},"sessionId":"574E21FD8AF790309598E2B03DBDC995"}
00:20:14.021 [main] DEBUG c.i.k.driver.chrome_1752427209004 - >> {"id":84,"sessionId":"574E21FD8AF790309598E2B03DBDC995","method":"Input.dispatchKeyEvent","params":{"modifiers":0,"type":"char","text":"e","windowsVirtualKeyCode":101}}
00:20:14.025 [nioEventLoopGroup-13-1] DEBUG c.i.k.driver.chrome_1752427209004 - << {"id":84,"result":{},"sessionId":"574E21FD8AF790309598E2B03DBDC995"}
00:20:14.026 [main] DEBUG c.i.k.driver.chrome_1752427209004 - >> {"id":85,"sessionId":"574E21FD8AF790309598E2B03DBDC995","method":"Input.dispatchKeyEvent","params":{"modifiers":0,"type":"keyUp","text":"e","windowsVirtualKeyCode":101}}
00:20:14.027 [nioEventLoopGroup-13-1] DEBUG c.i.k.driver.chrome_1752427209004 - << {"id":85,"result":{},"sessionId":"574E21FD8AF790309598E2B03DBDC995"}
00:20:14.029 [main] DEBUG c.i.k.driver.chrome_1752427209004 - >> {"id":86,"sessionId":"574E21FD8AF790309598E2B03DBDC995","method":"Runtime.evaluate","params":{"expression":"document.evaluate(\"\/\/*[@id='login-button']\", document, null, 9, null).singleNodeValue.click()","returnByValue":true}}
00:20:14.040 [nioEventLoopGroup-13-1] DEBUG c.i.k.driver.chrome_1752427209004 - << {"method":"Page.frameStartedLoading","params":{"frameId":"8CC5DE25E81659FF0402CD49A71AFE2D"},"sessionId":"574E21FD8AF790309598E2B03DBDC995"}
00:20:14.057 [nioEventLoopGroup-13-1] DEBUG c.i.k.driver.chrome_1752427209004 - << {"method":"Target.targetInfoChanged","params":{"targetInfo":{"targetId":"8CC5DE25E81659FF0402CD49A71AFE2D","type":"page","title":"Swag Labs","url":"https://www.saucedemo.com/inventory.html","attached":true,"canAccessOpener":false,"browserContextId":"0FB86FC59A8EB2896EBFF2EBC29674FC"}},"sessionId":"574E21FD8AF790309598E2B03DBDC995"}
00:20:14.058 [nioEventLoopGroup-13-1] DEBUG c.i.k.driver.chrome_1752427209004 - << {"method":"Page.navigatedWithinDocument","params":{"frameId":"8CC5DE25E81659FF0402CD49A71AFE2D","url":"https://www.saucedemo.com/inventory.html","navigationType":"historyApi"},"sessionId":"574E21FD8AF790309598E2B03DBDC995"}
00:20:14.058 [nioEventLoopGroup-13-1] DEBUG c.i.k.driver.chrome_1752427209004 - << {"method":"Page.frameStoppedLoading","params":{"frameId":"8CC5DE25E81659FF0402CD49A71AFE2D"},"sessionId":"574E21FD8AF790309598E2B03DBDC995"}
00:20:14.105 [nioEventLoopGroup-13-1] DEBUG c.i.k.driver.chrome_1752427209004 - << {"id":86,"result":{"result":{"type":"undefined"}},"sessionId":"574E21FD8AF790309598E2B03DBDC995"}
00:20:14.121 [main] DEBUG c.i.k.driver.chrome_1752427209004 - >> {"id":87,"sessionId":"574E21FD8AF790309598E2B03DBDC995","method":"Runtime.evaluate","params":{"expression":"document.location.href","returnByValue":true}}
00:20:14.250 [nioEventLoopGroup-13-1] DEBUG c.i.k.driver.chrome_1752427209004 - << {"id":87,"result":{"result":{"type":"string","value":"https://www.saucedemo.com/inventory.html"}},"sessionId":"574E21FD8AF790309598E2B03DBDC995"}
00:20:14.265 [main] INFO  c.intuit.karate.core.FeatureRuntime - classpath:UI/HomePageUI/HomePage.feature - call by tag at line 12: action_addProductToCart
00:20:14.284 [main] DEBUG c.intuit.karate.core.ScenarioEngine - over-writing existing variable 'homePage' with new value: read('classpath:UI/HomePageUI/saucedemo-HomePage.json')
00:20:14.317 [main] DEBUG c.i.k.driver.chrome_1752427209004 - >> {"id":88,"sessionId":"574E21FD8AF790309598E2B03DBDC995","method":"Runtime.evaluate","params":{"expression":"(function(){ var fun = function(_){ return !_.disabled }; var e = document.evaluate(\"\/\/*[@id='add-to-cart-sauce-labs-backpack']\", document, null, 9, null).singleNodeValue; return fun(e) })()","returnByValue":true}}
00:20:14.328 [nioEventLoopGroup-13-1] DEBUG c.i.k.driver.chrome_1752427209004 - << {"id":88,"result":{"result":{"type":"boolean","value":true}},"sessionId":"574E21FD8AF790309598E2B03DBDC995"}
00:20:14.329 [main] DEBUG c.i.k.driver.chrome_1752427209004 - >> {"id":89,"sessionId":"574E21FD8AF790309598E2B03DBDC995","method":"Runtime.evaluate","params":{"expression":"(document.evaluate(\"\/\/*[@id='add-to-cart-sauce-labs-backpack']\", document, null, 9, null).singleNodeValue != null)","returnByValue":true}}
00:20:14.343 [nioEventLoopGroup-13-1] DEBUG c.i.k.driver.chrome_1752427209004 - << {"id":89,"result":{"result":{"type":"boolean","value":true}},"sessionId":"574E21FD8AF790309598E2B03DBDC995"}
00:20:14.343 [main] DEBUG c.i.k.driver.chrome_1752427209004 - >> {"id":90,"sessionId":"574E21FD8AF790309598E2B03DBDC995","method":"Runtime.evaluate","params":{"expression":"document.evaluate(\"\/\/*[@id='add-to-cart-sauce-labs-backpack']\", document, null, 9, null).singleNodeValue.click()","returnByValue":true}}
00:20:14.361 [nioEventLoopGroup-13-1] DEBUG c.i.k.driver.chrome_1752427209004 - << {"id":90,"result":{"result":{"type":"undefined"}},"sessionId":"574E21FD8AF790309598E2B03DBDC995"}
00:20:14.386 [main] DEBUG c.i.k.driver.chrome_1752427209004 - >> {"id":91,"sessionId":"574E21FD8AF790309598E2B03DBDC995","method":"Runtime.evaluate","params":{"expression":"document.querySelector(\".shopping_cart_badge\") != null","returnByValue":true}}
00:20:14.388 [nioEventLoopGroup-13-1] DEBUG c.i.k.driver.chrome_1752427209004 - << {"id":91,"result":{"result":{"type":"boolean","value":true}},"sessionId":"574E21FD8AF790309598E2B03DBDC995"}
00:20:14.400 [main] INFO  c.intuit.karate.core.FeatureRuntime - classpath:UI/HomePageUI/HomePage.feature - call by tag at line 48: action_resetStateLink
00:20:14.442 [main] DEBUG c.intuit.karate.core.ScenarioEngine - over-writing existing variable 'homePage' with new value: read('classpath:UI/HomePageUI/saucedemo-HomePage.json')
00:20:14.464 [main] INFO  c.intuit.karate.core.FeatureRuntime - classpath:UI/HomePageUI/HomePage.feature - call by tag at line 29: action_openBurgerMenu
00:20:14.504 [main] DEBUG c.intuit.karate.core.ScenarioEngine - over-writing existing variable 'homePage' with new value: read('classpath:UI/HomePageUI/saucedemo-HomePage.json')
00:20:14.509 [main] DEBUG c.i.k.driver.chrome_1752427209004 - >> {"id":92,"sessionId":"574E21FD8AF790309598E2B03DBDC995","method":"Runtime.evaluate","params":{"expression":"(function(){ var fun = function(_){ return !_.disabled }; var e = document.querySelector(\"#react-burger-menu-btn\"); return fun(e) })()","returnByValue":true}}
00:20:14.523 [nioEventLoopGroup-13-1] DEBUG c.i.k.driver.chrome_1752427209004 - << {"id":92,"result":{"result":{"type":"boolean","value":true}},"sessionId":"574E21FD8AF790309598E2B03DBDC995"}
00:20:14.523 [main] DEBUG c.i.k.driver.chrome_1752427209004 - >> {"id":93,"sessionId":"574E21FD8AF790309598E2B03DBDC995","method":"Runtime.evaluate","params":{"expression":"document.querySelector(\"#react-burger-menu-btn\").click()","returnByValue":true}}
00:20:14.538 [nioEventLoopGroup-13-1] DEBUG c.i.k.driver.chrome_1752427209004 - << {"id":93,"result":{"result":{"type":"undefined"}},"sessionId":"574E21FD8AF790309598E2B03DBDC995"}
00:20:14.540 [main] DEBUG c.i.k.driver.chrome_1752427209004 - >> {"id":94,"sessionId":"574E21FD8AF790309598E2B03DBDC995","method":"Runtime.evaluate","params":{"expression":"(document.querySelector(\"div.bm-menu-wrap[aria-hidden='false']\") != null)","returnByValue":true}}
00:20:14.576 [nioEventLoopGroup-13-1] DEBUG c.i.k.driver.chrome_1752427209004 - << {"id":94,"result":{"result":{"type":"boolean","value":true}},"sessionId":"574E21FD8AF790309598E2B03DBDC995"}
00:20:14.591 [main] DEBUG c.i.k.driver.chrome_1752427209004 - >> {"id":95,"sessionId":"574E21FD8AF790309598E2B03DBDC995","method":"Runtime.evaluate","params":{"expression":"(document.querySelector(\"#reset_sidebar_link\") != null)","returnByValue":true}}
00:20:14.606 [nioEventLoopGroup-13-1] DEBUG c.i.k.driver.chrome_1752427209004 - << {"id":95,"result":{"result":{"type":"boolean","value":true}},"sessionId":"574E21FD8AF790309598E2B03DBDC995"}
00:20:14.607 [main] DEBUG c.i.k.driver.chrome_1752427209004 - >> {"id":96,"sessionId":"574E21FD8AF790309598E2B03DBDC995","method":"Runtime.evaluate","params":{"expression":"document.querySelector(\"#reset_sidebar_link\").click()","returnByValue":true}}
00:20:14.627 [nioEventLoopGroup-13-1] DEBUG c.i.k.driver.chrome_1752427209004 - << {"id":96,"result":{"result":{"type":"undefined"}},"sessionId":"574E21FD8AF790309598E2B03DBDC995"}
00:20:14.644 [main] DEBUG c.i.k.driver.chrome_1752427209004 - >> {"id":97,"sessionId":"574E21FD8AF790309598E2B03DBDC995","method":"Runtime.evaluate","params":{"expression":"document.querySelector(\".shopping_cart_badge\") != null","returnByValue":true}}
00:20:14.702 [nioEventLoopGroup-13-1] DEBUG c.i.k.driver.chrome_1752427209004 - << {"id":97,"result":{"result":{"type":"boolean","value":false}},"sessionId":"574E21FD8AF790309598E2B03DBDC995"}
00:20:14.716 [main] DEBUG c.i.k.driver.chrome_1752427209004 - >> {"id":98,"sessionId":"574E21FD8AF790309598E2B03DBDC995","method":"Target.closeTarget","params":{"targetId":"8CC5DE25E81659FF0402CD49A71AFE2D"}}
00:20:14.719 [nioEventLoopGroup-13-1] DEBUG c.i.k.http.WebSocketClientHandler - websocket closing
00:20:14.720 [nioEventLoopGroup-13-1] DEBUG c.i.k.http.WebSocketClientHandler - websocket client disconnected
00:20:14.726 [main] DEBUG com.intuit.karate.shell.Command - closing command: chrome_1752427209004
00:20:15.144 [chrome_1752427209004] WARN  com.intuit.karate.shell.Command - exit code was non-zero: 1 - [C:\Program Files\Google\Chrome\Application\chrome.exe, --remote-debugging-port=65204, --remote-allow-origins=*, --no-first-run, --user-data-dir=E:\Duy\Projects\practices\karate_framework\demo\target\chrome_1752427209004, --disable-popup-blocking, --disable-features=PasswordManager, --incognito] working dir: target\chrome_1752427209004
---------------------------------------------------------
feature: classpath:UI/HomePageUI/Home.feature
scenarios: 12 | passed:  7 | failed:  5 | time: 210.9859
---------------------------------------------------------

00:20:18.006 [main] INFO  com.intuit.karate.Suite - <<fail>> feature 1 of 4 (0 remaining) classpath:UI/HomePageUI/Home.feature
00:20:18.024 [main] INFO  com.intuit.karate - karate.env system property was: null 
00:20:18.041 [main] DEBUG com.intuit.karate.shell.Command - found / verified free local port: 65243
00:20:18.041 [main] WARN  c.intuit.karate.driver.DriverOptions - preferred port 9222 not available, will use: 65243
00:20:18.042 [main] DEBUG c.i.k.driver.chrome_1752427218040 - poll attempt #0 for port to be ready - localhost:65243
00:20:18.043 [chrome_1752427218040] DEBUG c.i.k.driver.chrome_1752427218040 - command: [C:\Program Files\Google\Chrome\Application\chrome.exe, --remote-debugging-port=65243, --remote-allow-origins=*, --no-first-run, --user-data-dir=E:\Duy\Projects\practices\karate_framework\demo\target\chrome_1752427218040, --disable-popup-blocking], working dir: target\chrome_1752427218040
00:20:18.309 [main] DEBUG c.i.k.driver.chrome_1752427218040 - poll attempt #1 for port to be ready - localhost:65243
00:20:18.384 [chrome_1752427218040-out] DEBUG c.i.k.driver.chrome_1752427218040 - 
00:20:18.384 [chrome_1752427218040-out] DEBUG c.i.k.driver.chrome_1752427218040 - DevTools listening on ws://127.0.0.1:65243/devtools/browser/a5cbc4b4-e9ec-4b75-a1f0-c43bfa3d6fc4
00:20:18.571 [main] DEBUG c.i.k.driver.chrome_1752427218040 - poll attempt #2 for port to be ready - localhost:65243
00:20:18.596 [main] DEBUG com.intuit.karate - request:
1 > GET http://localhost:65243/json
1 > Host: localhost:65243
1 > Connection: Keep-Alive
1 > User-Agent: Apache-HttpClient/4.5.14 (Java/21.0.7)
1 > Accept-Encoding: gzip,deflate


00:20:18.609 [main] DEBUG com.intuit.karate - response time in milliseconds: 11
1 < 200
1 < Content-Security-Policy: frame-ancestors 'none'
1 < Content-Length: 986
1 < Content-Type: application/json; charset=UTF-8
[ {
   "description": "",
   "devtoolsFrontendUrl": "https://chrome-devtools-frontend.appspot.com/serve_rev/@a2159ad9ab8037bd34a21b9903003e0964c2075b/inspector.html?ws=localhost:65243/devtools/page/FCA6E6C1E847921DD303B0D295467F44",
   "id": "FCA6E6C1E847921DD303B0D295467F44",
   "title": "Google Hangouts",
   "type": "background_page",
   "url": "chrome-extension://nkeimhogjdpnpccoofpliimaahmaaome/background.html",
   "webSocketDebuggerUrl": "ws://localhost:65243/devtools/page/FCA6E6C1E847921DD303B0D295467F44"
}, {
   "description": "",
   "devtoolsFrontendUrl": "https://chrome-devtools-frontend.appspot.com/serve_rev/@a2159ad9ab8037bd34a21b9903003e0964c2075b/inspector.html?ws=localhost:65243/devtools/page/676F458E1B72FEDA947651A8ED288F15",
   "id": "676F458E1B72FEDA947651A8ED288F15",
   "title": "New Tab",
   "type": "page",
   "url": "chrome://newtab/",
   "webSocketDebuggerUrl": "ws://localhost:65243/devtools/page/676F458E1B72FEDA947651A8ED288F15"
} ]


00:20:18.610 [main] DEBUG com.intuit.karate.shell.Command - ready to accept http connections after 26 ms - http://localhost:65243/json
00:20:18.612 [main] DEBUG com.intuit.karate - request:
1 > GET http://localhost:65243/json
1 > Host: localhost:65243
1 > Connection: Keep-Alive
1 > User-Agent: Apache-HttpClient/4.5.14 (Java/21.0.7)
1 > Accept-Encoding: gzip,deflate


00:20:18.621 [main] DEBUG com.intuit.karate - response time in milliseconds: 8
1 < 200
1 < Content-Security-Policy: frame-ancestors 'none'
1 < Content-Length: 986
1 < Content-Type: application/json; charset=UTF-8
[ {
   "description": "",
   "devtoolsFrontendUrl": "https://chrome-devtools-frontend.appspot.com/serve_rev/@a2159ad9ab8037bd34a21b9903003e0964c2075b/inspector.html?ws=localhost:65243/devtools/page/FCA6E6C1E847921DD303B0D295467F44",
   "id": "FCA6E6C1E847921DD303B0D295467F44",
   "title": "Google Hangouts",
   "type": "background_page",
   "url": "chrome-extension://nkeimhogjdpnpccoofpliimaahmaaome/background.html",
   "webSocketDebuggerUrl": "ws://localhost:65243/devtools/page/FCA6E6C1E847921DD303B0D295467F44"
}, {
   "description": "",
   "devtoolsFrontendUrl": "https://chrome-devtools-frontend.appspot.com/serve_rev/@a2159ad9ab8037bd34a21b9903003e0964c2075b/inspector.html?ws=localhost:65243/devtools/page/676F458E1B72FEDA947651A8ED288F15",
   "id": "676F458E1B72FEDA947651A8ED288F15",
   "title": "New Tab",
   "type": "page",
   "url": "chrome://newtab/",
   "webSocketDebuggerUrl": "ws://localhost:65243/devtools/page/676F458E1B72FEDA947651A8ED288F15"
} ]


00:20:18.621 [main] DEBUG c.i.k.driver.chrome_1752427218040 - root frame id: 676F458E1B72FEDA947651A8ED288F15
00:20:18.672 [nioEventLoopGroup-14-1] DEBUG c.i.k.http.WebSocketClientHandler - websocket client connected
00:20:18.673 [main] DEBUG c.i.k.driver.chrome_1752427218040 - >> {"id":1,"method":"Target.attachToTarget","params":{"targetId":"676F458E1B72FEDA947651A8ED288F15","flatten":true}}
00:20:18.678 [nioEventLoopGroup-14-1] DEBUG c.i.k.driver.chrome_1752427218040 - << {"method":"Target.attachedToTarget","params":{"sessionId":"E53E53DFC6480D8EEB3CF8D3809067BF","targetInfo":{"targetId":"676F458E1B72FEDA947651A8ED288F15","type":"page","title":"New Tab","url":"chrome://newtab/","attached":true,"canAccessOpener":false,"browserContextId":"E8B597DEBCE597C21B19B0808E63F9CF"},"waitingForDebugger":false}}
00:20:18.678 [nioEventLoopGroup-14-1] DEBUG c.i.k.driver.chrome_1752427218040 - << {"id":1,"result":{"sessionId":"E53E53DFC6480D8EEB3CF8D3809067BF"}}
00:20:18.679 [main] DEBUG c.i.k.driver.chrome_1752427218040 - >> {"id":2,"sessionId":"E53E53DFC6480D8EEB3CF8D3809067BF","method":"Target.activateTarget","params":{"targetId":"676F458E1B72FEDA947651A8ED288F15"}}
00:20:18.689 [nioEventLoopGroup-14-1] DEBUG c.i.k.driver.chrome_1752427218040 - << {"id":2,"result":{},"sessionId":"E53E53DFC6480D8EEB3CF8D3809067BF"}
00:20:18.689 [main] DEBUG c.i.k.driver.chrome_1752427218040 - >> {"id":3,"sessionId":"E53E53DFC6480D8EEB3CF8D3809067BF","method":"Target.setDiscoverTargets","params":{"discover":true}}
00:20:18.700 [nioEventLoopGroup-14-1] DEBUG c.i.k.driver.chrome_1752427218040 - << {"method":"Target.targetCreated","params":{"targetInfo":{"targetId":"676F458E1B72FEDA947651A8ED288F15","type":"page","title":"New Tab","url":"chrome://newtab/","attached":true,"canAccessOpener":false,"browserContextId":"E8B597DEBCE597C21B19B0808E63F9CF"}},"sessionId":"E53E53DFC6480D8EEB3CF8D3809067BF"}
00:20:18.700 [nioEventLoopGroup-14-1] DEBUG c.i.k.driver.chrome_1752427218040 - << {"method":"Target.targetCreated","params":{"targetInfo":{"targetId":"FCA6E6C1E847921DD303B0D295467F44","type":"background_page","title":"Google Hangouts","url":"chrome-extension://nkeimhogjdpnpccoofpliimaahmaaome/background.html","attached":false,"canAccessOpener":false,"browserContextId":"E8B597DEBCE597C21B19B0808E63F9CF"}},"sessionId":"E53E53DFC6480D8EEB3CF8D3809067BF"}
00:20:18.700 [nioEventLoopGroup-14-1] DEBUG c.i.k.driver.chrome_1752427218040 - << {"id":3,"result":{},"sessionId":"E53E53DFC6480D8EEB3CF8D3809067BF"}
00:20:18.703 [main] DEBUG c.i.k.driver.chrome_1752427218040 - >> {"id":4,"sessionId":"E53E53DFC6480D8EEB3CF8D3809067BF","method":"Page.enable"}
00:20:18.819 [nioEventLoopGroup-14-1] DEBUG c.i.k.driver.chrome_1752427218040 - << {"method":"Target.targetInfoChanged","params":{"targetInfo":{"targetId":"676F458E1B72FEDA947651A8ED288F15","type":"page","title":"New Tab","url":"chrome://newtab/","attached":true,"canAccessOpener":false,"browserContextId":"E8B597DEBCE597C21B19B0808E63F9CF"}},"sessionId":"E53E53DFC6480D8EEB3CF8D3809067BF"}
00:20:18.833 [nioEventLoopGroup-14-1] DEBUG c.i.k.driver.chrome_1752427218040 - << {"id":4,"result":{},"sessionId":"E53E53DFC6480D8EEB3CF8D3809067BF"}
00:20:18.834 [main] DEBUG c.i.k.driver.chrome_1752427218040 - >> {"id":5,"sessionId":"E53E53DFC6480D8EEB3CF8D3809067BF","method":"Runtime.enable"}
00:20:18.834 [nioEventLoopGroup-14-1] DEBUG c.i.k.driver.chrome_1752427218040 - << {"method":"Page.frameAttached","params":{"frameId":"F4FB0C804498F4855D120D19D8397C27","parentFrameId":"676F458E1B72FEDA947651A8ED288F15"},"sessionId":"E53E53DFC6480D8EEB3CF8D3809067BF"}
00:20:18.835 [nioEventLoopGroup-14-1] DEBUG c.i.k.driver.chrome_1752427218040 - << {"method":"Page.frameRequestedNavigation","params":{"frameId":"F4FB0C804498F4855D120D19D8397C27","reason":"initialFrameNavigation","url":"about:blank","disposition":"currentTab"},"sessionId":"E53E53DFC6480D8EEB3CF8D3809067BF"}
00:20:18.835 [nioEventLoopGroup-14-1] DEBUG c.i.k.driver.chrome_1752427218040 - << {"method":"Page.frameNavigated","params":{"frame":{"id":"F4FB0C804498F4855D120D19D8397C27","parentId":"676F458E1B72FEDA947651A8ED288F15","loaderId":"04B0E6026976BE3939BCA2C60DC7244A","name":"backgroundImage","url":"about:blank","domainAndRegistry":"","securityOrigin":"://","securityOriginDetails":{"isLocalhost":false},"mimeType":"text/html","adFrameStatus":{"adFrameType":"none","explanations":[]},"secureContextType":"Secure","crossOriginIsolatedContextType":"NotIsolated","gatedAPIFeatures":[]},"type":"Navigation"},"sessionId":"E53E53DFC6480D8EEB3CF8D3809067BF"}
00:20:18.835 [nioEventLoopGroup-14-1] DEBUG c.i.k.driver.chrome_1752427218040 - << {"method":"Page.frameStartedLoading","params":{"frameId":"F4FB0C804498F4855D120D19D8397C27"},"sessionId":"E53E53DFC6480D8EEB3CF8D3809067BF"}
00:20:18.838 [nioEventLoopGroup-14-1] DEBUG c.i.k.driver.chrome_1752427218040 - << {"method":"Page.frameStoppedLoading","params":{"frameId":"F4FB0C804498F4855D120D19D8397C27"},"sessionId":"E53E53DFC6480D8EEB3CF8D3809067BF"}
00:20:18.851 [nioEventLoopGroup-14-1] DEBUG c.i.k.driver.chrome_1752427218040 - << {"method":"Runtime.executionContextCreated","params":{"context":{"id":2,"origin":"chrome://new-tab-page","name":"","uniqueId":"-116494826968061754.621356780329231498","auxData":{"isDefault":true,"type":"default","frameId":"F4FB0C804498F4855D120D19D8397C27"}}},"sessionId":"E53E53DFC6480D8EEB3CF8D3809067BF"}
00:20:18.851 [nioEventLoopGroup-14-1] DEBUG c.i.k.driver.chrome_1752427218040 - << {"method":"Runtime.executionContextCreated","params":{"context":{"id":1,"origin":"chrome://new-tab-page","name":"","uniqueId":"1795765822469074745.3869144546642050636","auxData":{"isDefault":true,"type":"default","frameId":"676F458E1B72FEDA947651A8ED288F15"}}},"sessionId":"E53E53DFC6480D8EEB3CF8D3809067BF"}
00:20:18.851 [nioEventLoopGroup-14-1] DEBUG c.i.k.driver.chrome_1752427218040 - << {"id":5,"result":{},"sessionId":"E53E53DFC6480D8EEB3CF8D3809067BF"}
00:20:18.851 [main] DEBUG c.i.k.driver.chrome_1752427218040 - >> {"id":6,"sessionId":"E53E53DFC6480D8EEB3CF8D3809067BF","method":"Browser.getWindowForTarget","params":{"targetId":"676F458E1B72FEDA947651A8ED288F15"}}
00:20:18.852 [nioEventLoopGroup-14-1] DEBUG c.i.k.driver.chrome_1752427218040 - << {"id":6,"result":{"windowId":1671995260,"bounds":{"left":10,"top":10,"width":945,"height":1060,"windowState":"normal"}},"sessionId":"E53E53DFC6480D8EEB3CF8D3809067BF"}
00:20:18.887 [main] DEBUG c.i.k.driver.chrome_1752427218040 - >> {"id":7,"sessionId":"E53E53DFC6480D8EEB3CF8D3809067BF","method":"Page.navigate","params":{"url":"https:\/\/saucedemo.com\/"}}
00:20:18.895 [nioEventLoopGroup-14-1] DEBUG c.i.k.driver.chrome_1752427218040 - << {"method":"Page.frameStartedNavigating","params":{"frameId":"676F458E1B72FEDA947651A8ED288F15","url":"https://saucedemo.com/","loaderId":"FCC50E03E7F58F681850F40E6902255C","navigationType":"differentDocument"},"sessionId":"E53E53DFC6480D8EEB3CF8D3809067BF"}
00:20:18.896 [nioEventLoopGroup-14-1] DEBUG c.i.k.driver.chrome_1752427218040 - << {"method":"Page.frameStartedLoading","params":{"frameId":"676F458E1B72FEDA947651A8ED288F15"},"sessionId":"E53E53DFC6480D8EEB3CF8D3809067BF"}
00:20:18.987 [nioEventLoopGroup-14-1] DEBUG c.i.k.driver.chrome_1752427218040 - << {"method":"Target.targetCreated","params":{"targetInfo":{"targetId":"5D016EB1B02FA72E8509DE4818AF4506","type":"service_worker","title":"Service Worker chrome-extension://fignfifoniblkonapihmkfakmlgkbkcf/service_worker.js","url":"chrome-extension://fignfifoniblkonapihmkfakmlgkbkcf/service_worker.js","attached":false,"canAccessOpener":false,"browserContextId":"E8B597DEBCE597C21B19B0808E63F9CF"}},"sessionId":"E53E53DFC6480D8EEB3CF8D3809067BF"}
00:20:19.048 [nioEventLoopGroup-14-1] DEBUG c.i.k.driver.chrome_1752427218040 - << {"method":"Page.domContentEventFired","params":{"timestamp":35161.691012},"sessionId":"E53E53DFC6480D8EEB3CF8D3809067BF"}
00:20:19.052 [main] DEBUG c.i.k.driver.chrome_1752427218040 - >> {"id":8,"sessionId":"E53E53DFC6480D8EEB3CF8D3809067BF","method":"Runtime.evaluate","params":{"expression":"var e = document.evaluate(\"\/\/*[@id='user-name']\", document, null, 9, null).singleNodeValue; e.focus(); try { e.selectionStart = e.selectionEnd = e.value.length } catch(x) {}","returnByValue":true}}
00:20:19.065 [nioEventLoopGroup-14-1] DEBUG c.i.k.driver.chrome_1752427218040 - << {"method":"Page.loadEventFired","params":{"timestamp":35161.711851},"sessionId":"E53E53DFC6480D8EEB3CF8D3809067BF"}
00:20:19.065 [nioEventLoopGroup-14-1] DEBUG c.i.k.driver.chrome_1752427218040 - << {"method":"Page.frameStartedLoading","params":{"frameId":"676F458E1B72FEDA947651A8ED288F15"},"sessionId":"E53E53DFC6480D8EEB3CF8D3809067BF"}
00:20:19.075 [nioEventLoopGroup-14-1] DEBUG c.i.k.driver.chrome_1752427218040 - << {"method":"Page.frameAttached","params":{"frameId":"E75153D7A3976DB5557BB609B65A7BDF","parentFrameId":"676F458E1B72FEDA947651A8ED288F15","stack":{"callFrames":[{"functionName":"O","scriptId":"8","url":"chrome://resources/lit/v3_0/lit.rollup.js","lineNumber":15,"columnNumber":4320},{"functionName":"T","scriptId":"8","url":"chrome://resources/lit/v3_0/lit.rollup.js","lineNumber":15,"columnNumber":4394},{"functionName":"$","scriptId":"8","url":"chrome://resources/lit/v3_0/lit.rollup.js","lineNumber":15,"columnNumber":4743},{"functionName":"_$AI","scriptId":"8","url":"chrome://resources/lit/v3_0/lit.rollup.js","lineNumber":15,"columnNumber":4227},{"functionName":"B","scriptId":"8","url":"chrome://resources/lit/v3_0/lit.rollup.js","lineNumber":15,"columnNumber":7111},{"functionName":"update","scriptId":"8","url":"chrome://resources/lit/v3_0/lit.rollup.js","lineNumber":20,"columnNumber":369},{"functionName":"performUpdate","scriptId":"8","url":"chrome://resources/lit/v3_0/lit.rollup.js","lineNumber":10,"columnNumbe ...
00:20:19.076 [nioEventLoopGroup-14-1] DEBUG c.i.k.driver.chrome_1752427218040 - << {"method":"Page.frameRequestedNavigation","params":{"frameId":"E75153D7A3976DB5557BB609B65A7BDF","reason":"initialFrameNavigation","url":"chrome-untrusted://new-tab-page/one-google-bar?paramsencoded=","disposition":"currentTab"},"sessionId":"E53E53DFC6480D8EEB3CF8D3809067BF"}
00:20:19.080 [nioEventLoopGroup-14-1] DEBUG c.i.k.driver.chrome_1752427218040 - << {"method":"Page.frameStartedNavigating","params":{"frameId":"E75153D7A3976DB5557BB609B65A7BDF","url":"chrome-untrusted://new-tab-page/one-google-bar?paramsencoded=","loaderId":"5D16703ED7F883D0ECA33AC720501F15","navigationType":"differentDocument"},"sessionId":"E53E53DFC6480D8EEB3CF8D3809067BF"}
00:20:19.081 [nioEventLoopGroup-14-1] DEBUG c.i.k.driver.chrome_1752427218040 - << {"method":"Page.frameStartedLoading","params":{"frameId":"E75153D7A3976DB5557BB609B65A7BDF"},"sessionId":"E53E53DFC6480D8EEB3CF8D3809067BF"}
00:20:19.619 [nioEventLoopGroup-14-1] DEBUG c.i.k.driver.chrome_1752427218040 - << {"id":7,"result":{"frameId":"676F458E1B72FEDA947651A8ED288F15","loaderId":"FCC50E03E7F58F681850F40E6902255C"},"sessionId":"E53E53DFC6480D8EEB3CF8D3809067BF"}
00:20:19.623 [nioEventLoopGroup-14-1] DEBUG c.i.k.driver.chrome_1752427218040 - << {"method":"Runtime.executionContextsCleared","params":{},"sessionId":"E53E53DFC6480D8EEB3CF8D3809067BF"}
00:20:19.626 [nioEventLoopGroup-14-1] DEBUG c.i.k.driver.chrome_1752427218040 - << {"method":"Runtime.executionContextsCleared","params":{},"sessionId":"E53E53DFC6480D8EEB3CF8D3809067BF"}
00:20:19.627 [nioEventLoopGroup-14-1] DEBUG c.i.k.driver.chrome_1752427218040 - << {"method":"Page.frameNavigated","params":{"frame":{"id":"676F458E1B72FEDA947651A8ED288F15","loaderId":"FCC50E03E7F58F681850F40E6902255C","url":"https://www.saucedemo.com/","domainAndRegistry":"saucedemo.com","securityOrigin":"https://www.saucedemo.com","securityOriginDetails":{"isLocalhost":false},"mimeType":"text/html","adFrameStatus":{"adFrameType":"none"},"secureContextType":"Secure","crossOriginIsolatedContextType":"NotIsolated","gatedAPIFeatures":[]},"type":"Navigation"},"sessionId":"E53E53DFC6480D8EEB3CF8D3809067BF"}
00:20:19.635 [nioEventLoopGroup-14-1] DEBUG c.i.k.driver.chrome_1752427218040 - << {"method":"Page.frameStoppedLoading","params":{"frameId":"E75153D7A3976DB5557BB609B65A7BDF"},"sessionId":"E53E53DFC6480D8EEB3CF8D3809067BF"}
00:20:19.660 [nioEventLoopGroup-14-1] DEBUG c.i.k.driver.chrome_1752427218040 - << {"method":"Target.targetInfoChanged","params":{"targetInfo":{"targetId":"676F458E1B72FEDA947651A8ED288F15","type":"page","title":"saucedemo.com","url":"https://www.saucedemo.com/","attached":true,"canAccessOpener":false,"browserContextId":"E8B597DEBCE597C21B19B0808E63F9CF"}},"sessionId":"E53E53DFC6480D8EEB3CF8D3809067BF"}
00:20:19.680 [nioEventLoopGroup-14-1] DEBUG c.i.k.driver.chrome_1752427218040 - << {"method":"Runtime.executionContextCreated","params":{"context":{"id":1,"origin":"https://www.saucedemo.com","name":"","uniqueId":"-5820173853379675578.3987333990600974237","auxData":{"isDefault":true,"type":"default","frameId":"676F458E1B72FEDA947651A8ED288F15"}}},"sessionId":"E53E53DFC6480D8EEB3CF8D3809067BF"}
00:20:19.696 [nioEventLoopGroup-14-1] DEBUG c.i.k.driver.chrome_1752427218040 - << {"id":8,"result":{"result":{"type":"object","subtype":"error","className":"TypeError","description":"TypeError: Cannot read properties of null (reading 'focus')\n    at <anonymous>:1:95","objectId":"585587855793625889.1.1"},"exceptionDetails":{"exceptionId":1,"text":"Uncaught","lineNumber":0,"columnNumber":94,"scriptId":"6","stackTrace":{"callFrames":[{"functionName":"","scriptId":"6","url":"","lineNumber":0,"columnNumber":94}]},"exception":{"type":"object","subtype":"error","className":"TypeError","description":"TypeError: Cannot read properties of null (reading 'focus')\n    at <anonymous>:1:95","objectId":"585587855793625889.1.2"}}},"sessionId":"E53E53DFC6480D8EEB3CF8D3809067BF"}
00:20:19.696 [nioEventLoopGroup-14-1] WARN  c.i.k.driver.chrome_1752427218040 - devtools error: [id: 8, sessionId: E53E53DFC6480D8EEB3CF8D3809067BF, result: [type: MAP, value: {type=object, subtype=error, className=TypeError, description=TypeError: Cannot read properties of null (reading 'focus')
    at <anonymous>:1:95, objectId=585587855793625889.1.1}]]
00:20:19.700 [main] WARN  c.i.k.driver.chrome_1752427218040 - js eval failed once:var e = document.evaluate("//*[@id='user-name']", document, null, 9, null).singleNodeValue; e.focus(); try { e.selectionStart = e.selectionEnd = e.value.length } catch(x) {}, error: [type: MAP, value: {type=object, subtype=error, className=TypeError, description=TypeError: Cannot read properties of null (reading 'focus')
    at <anonymous>:1:95, objectId=585587855793625889.1.1}]
00:20:20.343 [nioEventLoopGroup-14-1] DEBUG c.i.k.driver.chrome_1752427218040 - << {"method":"Page.domContentEventFired","params":{"timestamp":35162.986706},"sessionId":"E53E53DFC6480D8EEB3CF8D3809067BF"}
00:20:20.557 [nioEventLoopGroup-14-1] DEBUG c.i.k.driver.chrome_1752427218040 - << {"method":"Page.loadEventFired","params":{"timestamp":35163.1975},"sessionId":"E53E53DFC6480D8EEB3CF8D3809067BF"}
00:20:20.558 [nioEventLoopGroup-14-1] DEBUG c.i.k.driver.chrome_1752427218040 - << {"method":"Page.frameStoppedLoading","params":{"frameId":"676F458E1B72FEDA947651A8ED288F15"},"sessionId":"E53E53DFC6480D8EEB3CF8D3809067BF"}
00:20:20.641 [nioEventLoopGroup-14-1] DEBUG c.i.k.driver.chrome_1752427218040 - << {"method":"Target.targetCreated","params":{"targetInfo":{"targetId":"C0CD95293BE639C6EAEE4EF84E993E38","type":"service_worker","title":"Service Worker https://www.saucedemo.com/service-worker.js","url":"https://www.saucedemo.com/service-worker.js","attached":false,"canAccessOpener":false,"browserContextId":"E8B597DEBCE597C21B19B0808E63F9CF"}},"sessionId":"E53E53DFC6480D8EEB3CF8D3809067BF"}
00:20:21.825 [chrome_1752427218040-out] DEBUG c.i.k.driver.chrome_1752427218040 - WARNING: All log messages before absl::InitializeLog() is called are written to STDERR
00:20:21.825 [chrome_1752427218040-out] DEBUG c.i.k.driver.chrome_1752427218040 - I0000 00:00:1752427221.825511   16832 voice_transcription.cc:58] Registering VoiceTranscriptionCapability
00:20:22.178 [nioEventLoopGroup-14-1] DEBUG c.i.k.driver.chrome_1752427218040 - << {"method":"Runtime.consoleAPICalled","params":{"type":"log","args":[{"type":"string","value":"Content is cached for offline use."}],"executionContextId":1,"timestamp":1.752427222171647e+12,"stackTrace":{"callFrames":[{"functionName":"console.<computed>","scriptId":"8","url":"https://www.saucedemo.com/static/js/2.84a5cbf3.chunk.js","lineNumber":1,"columnNumber":123015},{"functionName":"a.onstatechange","scriptId":"7","url":"https://www.saucedemo.com/static/js/main.018d2d1e.chunk.js","lineNumber":0,"columnNumber":58496}]}},"sessionId":"E53E53DFC6480D8EEB3CF8D3809067BF"}
00:20:22.179 [nioEventLoopGroup-14-1] DEBUG c.i.k.driver.chrome_1752427218040 - [console] Content is cached for offline use.
00:20:22.706 [main] DEBUG c.i.k.driver.chrome_1752427218040 - >> {"id":9,"sessionId":"E53E53DFC6480D8EEB3CF8D3809067BF","method":"Runtime.evaluate","params":{"expression":"var e = document.evaluate(\"\/\/*[@id='user-name']\", document, null, 9, null).singleNodeValue; e.focus(); try { e.selectionStart = e.selectionEnd = e.value.length } catch(x) {}","returnByValue":true}}
00:20:22.709 [nioEventLoopGroup-14-1] DEBUG c.i.k.driver.chrome_1752427218040 - << {"id":9,"result":{"result":{"type":"number","value":0,"description":"0"}},"sessionId":"E53E53DFC6480D8EEB3CF8D3809067BF"}
00:20:22.710 [main] DEBUG c.i.k.driver.chrome_1752427218040 - >> {"id":10,"sessionId":"E53E53DFC6480D8EEB3CF8D3809067BF","method":"Input.dispatchKeyEvent","params":{"modifiers":0,"type":"rawKeyDown","text":"s","windowsVirtualKeyCode":115}}
00:20:22.716 [nioEventLoopGroup-14-1] DEBUG c.i.k.driver.chrome_1752427218040 - << {"id":10,"result":{},"sessionId":"E53E53DFC6480D8EEB3CF8D3809067BF"}
00:20:22.716 [main] DEBUG c.i.k.driver.chrome_1752427218040 - >> {"id":11,"sessionId":"E53E53DFC6480D8EEB3CF8D3809067BF","method":"Input.dispatchKeyEvent","params":{"modifiers":0,"type":"char","text":"s","windowsVirtualKeyCode":115}}
00:20:22.727 [nioEventLoopGroup-14-1] DEBUG c.i.k.driver.chrome_1752427218040 - << {"id":11,"result":{},"sessionId":"E53E53DFC6480D8EEB3CF8D3809067BF"}
00:20:22.729 [main] DEBUG c.i.k.driver.chrome_1752427218040 - >> {"id":12,"sessionId":"E53E53DFC6480D8EEB3CF8D3809067BF","method":"Input.dispatchKeyEvent","params":{"modifiers":0,"type":"keyUp","text":"s","windowsVirtualKeyCode":115}}
00:20:22.731 [nioEventLoopGroup-14-1] DEBUG c.i.k.driver.chrome_1752427218040 - << {"id":12,"result":{},"sessionId":"E53E53DFC6480D8EEB3CF8D3809067BF"}
00:20:22.738 [main] DEBUG c.i.k.driver.chrome_1752427218040 - >> {"id":13,"sessionId":"E53E53DFC6480D8EEB3CF8D3809067BF","method":"Input.dispatchKeyEvent","params":{"modifiers":0,"type":"rawKeyDown","text":"t","windowsVirtualKeyCode":116}}
00:20:22.740 [nioEventLoopGroup-14-1] DEBUG c.i.k.driver.chrome_1752427218040 - << {"id":13,"result":{},"sessionId":"E53E53DFC6480D8EEB3CF8D3809067BF"}
00:20:22.741 [main] DEBUG c.i.k.driver.chrome_1752427218040 - >> {"id":14,"sessionId":"E53E53DFC6480D8EEB3CF8D3809067BF","method":"Input.dispatchKeyEvent","params":{"modifiers":0,"type":"char","text":"t","windowsVirtualKeyCode":116}}
00:20:22.748 [nioEventLoopGroup-14-1] DEBUG c.i.k.driver.chrome_1752427218040 - << {"id":14,"result":{},"sessionId":"E53E53DFC6480D8EEB3CF8D3809067BF"}
00:20:22.749 [main] DEBUG c.i.k.driver.chrome_1752427218040 - >> {"id":15,"sessionId":"E53E53DFC6480D8EEB3CF8D3809067BF","method":"Input.dispatchKeyEvent","params":{"modifiers":0,"type":"keyUp","text":"t","windowsVirtualKeyCode":116}}
00:20:22.751 [nioEventLoopGroup-14-1] DEBUG c.i.k.driver.chrome_1752427218040 - << {"id":15,"result":{},"sessionId":"E53E53DFC6480D8EEB3CF8D3809067BF"}
00:20:22.751 [chrome_1752427218040-out] DEBUG c.i.k.driver.chrome_1752427218040 - [23776:10260:0714/002022.751:ERROR:google_apis\gcm\engine\registration_request.cc:291] Registration response error message: DEPRECATED_ENDPOINT
00:20:22.752 [main] DEBUG c.i.k.driver.chrome_1752427218040 - >> {"id":16,"sessionId":"E53E53DFC6480D8EEB3CF8D3809067BF","method":"Input.dispatchKeyEvent","params":{"modifiers":0,"type":"rawKeyDown","text":"a","windowsVirtualKeyCode":97}}
00:20:22.753 [nioEventLoopGroup-14-1] DEBUG c.i.k.driver.chrome_1752427218040 - << {"id":16,"result":{},"sessionId":"E53E53DFC6480D8EEB3CF8D3809067BF"}
00:20:22.754 [main] DEBUG c.i.k.driver.chrome_1752427218040 - >> {"id":17,"sessionId":"E53E53DFC6480D8EEB3CF8D3809067BF","method":"Input.dispatchKeyEvent","params":{"modifiers":0,"type":"char","text":"a","windowsVirtualKeyCode":97}}
00:20:22.759 [nioEventLoopGroup-14-1] DEBUG c.i.k.driver.chrome_1752427218040 - << {"id":17,"result":{},"sessionId":"E53E53DFC6480D8EEB3CF8D3809067BF"}
00:20:22.760 [main] DEBUG c.i.k.driver.chrome_1752427218040 - >> {"id":18,"sessionId":"E53E53DFC6480D8EEB3CF8D3809067BF","method":"Input.dispatchKeyEvent","params":{"modifiers":0,"type":"keyUp","text":"a","windowsVirtualKeyCode":97}}
00:20:22.761 [nioEventLoopGroup-14-1] DEBUG c.i.k.driver.chrome_1752427218040 - << {"id":18,"result":{},"sessionId":"E53E53DFC6480D8EEB3CF8D3809067BF"}
00:20:22.762 [main] DEBUG c.i.k.driver.chrome_1752427218040 - >> {"id":19,"sessionId":"E53E53DFC6480D8EEB3CF8D3809067BF","method":"Input.dispatchKeyEvent","params":{"modifiers":0,"type":"rawKeyDown","text":"n","windowsVirtualKeyCode":110}}
00:20:22.764 [nioEventLoopGroup-14-1] DEBUG c.i.k.driver.chrome_1752427218040 - << {"id":19,"result":{},"sessionId":"E53E53DFC6480D8EEB3CF8D3809067BF"}
00:20:22.765 [main] DEBUG c.i.k.driver.chrome_1752427218040 - >> {"id":20,"sessionId":"E53E53DFC6480D8EEB3CF8D3809067BF","method":"Input.dispatchKeyEvent","params":{"modifiers":0,"type":"char","text":"n","windowsVirtualKeyCode":110}}
00:20:22.769 [nioEventLoopGroup-14-1] DEBUG c.i.k.driver.chrome_1752427218040 - << {"id":20,"result":{},"sessionId":"E53E53DFC6480D8EEB3CF8D3809067BF"}
00:20:22.770 [main] DEBUG c.i.k.driver.chrome_1752427218040 - >> {"id":21,"sessionId":"E53E53DFC6480D8EEB3CF8D3809067BF","method":"Input.dispatchKeyEvent","params":{"modifiers":0,"type":"keyUp","text":"n","windowsVirtualKeyCode":110}}
00:20:22.772 [nioEventLoopGroup-14-1] DEBUG c.i.k.driver.chrome_1752427218040 - << {"id":21,"result":{},"sessionId":"E53E53DFC6480D8EEB3CF8D3809067BF"}
00:20:22.772 [main] DEBUG c.i.k.driver.chrome_1752427218040 - >> {"id":22,"sessionId":"E53E53DFC6480D8EEB3CF8D3809067BF","method":"Input.dispatchKeyEvent","params":{"modifiers":0,"type":"rawKeyDown","text":"d","windowsVirtualKeyCode":100}}
00:20:22.774 [nioEventLoopGroup-14-1] DEBUG c.i.k.driver.chrome_1752427218040 - << {"id":22,"result":{},"sessionId":"E53E53DFC6480D8EEB3CF8D3809067BF"}
00:20:22.774 [main] DEBUG c.i.k.driver.chrome_1752427218040 - >> {"id":23,"sessionId":"E53E53DFC6480D8EEB3CF8D3809067BF","method":"Input.dispatchKeyEvent","params":{"modifiers":0,"type":"char","text":"d","windowsVirtualKeyCode":100}}
00:20:22.779 [nioEventLoopGroup-14-1] DEBUG c.i.k.driver.chrome_1752427218040 - << {"id":23,"result":{},"sessionId":"E53E53DFC6480D8EEB3CF8D3809067BF"}
00:20:22.780 [main] DEBUG c.i.k.driver.chrome_1752427218040 - >> {"id":24,"sessionId":"E53E53DFC6480D8EEB3CF8D3809067BF","method":"Input.dispatchKeyEvent","params":{"modifiers":0,"type":"keyUp","text":"d","windowsVirtualKeyCode":100}}
00:20:22.782 [nioEventLoopGroup-14-1] DEBUG c.i.k.driver.chrome_1752427218040 - << {"id":24,"result":{},"sessionId":"E53E53DFC6480D8EEB3CF8D3809067BF"}
00:20:22.782 [main] DEBUG c.i.k.driver.chrome_1752427218040 - >> {"id":25,"sessionId":"E53E53DFC6480D8EEB3CF8D3809067BF","method":"Input.dispatchKeyEvent","params":{"modifiers":0,"type":"rawKeyDown","text":"a","windowsVirtualKeyCode":97}}
00:20:22.784 [nioEventLoopGroup-14-1] DEBUG c.i.k.driver.chrome_1752427218040 - << {"id":25,"result":{},"sessionId":"E53E53DFC6480D8EEB3CF8D3809067BF"}
00:20:22.784 [main] DEBUG c.i.k.driver.chrome_1752427218040 - >> {"id":26,"sessionId":"E53E53DFC6480D8EEB3CF8D3809067BF","method":"Input.dispatchKeyEvent","params":{"modifiers":0,"type":"char","text":"a","windowsVirtualKeyCode":97}}
00:20:22.788 [nioEventLoopGroup-14-1] DEBUG c.i.k.driver.chrome_1752427218040 - << {"id":26,"result":{},"sessionId":"E53E53DFC6480D8EEB3CF8D3809067BF"}
00:20:22.789 [main] DEBUG c.i.k.driver.chrome_1752427218040 - >> {"id":27,"sessionId":"E53E53DFC6480D8EEB3CF8D3809067BF","method":"Input.dispatchKeyEvent","params":{"modifiers":0,"type":"keyUp","text":"a","windowsVirtualKeyCode":97}}
00:20:22.790 [nioEventLoopGroup-14-1] DEBUG c.i.k.driver.chrome_1752427218040 - << {"id":27,"result":{},"sessionId":"E53E53DFC6480D8EEB3CF8D3809067BF"}
00:20:22.791 [main] DEBUG c.i.k.driver.chrome_1752427218040 - >> {"id":28,"sessionId":"E53E53DFC6480D8EEB3CF8D3809067BF","method":"Input.dispatchKeyEvent","params":{"modifiers":0,"type":"rawKeyDown","text":"r","windowsVirtualKeyCode":114}}
00:20:22.792 [nioEventLoopGroup-14-1] DEBUG c.i.k.driver.chrome_1752427218040 - << {"id":28,"result":{},"sessionId":"E53E53DFC6480D8EEB3CF8D3809067BF"}
00:20:22.793 [main] DEBUG c.i.k.driver.chrome_1752427218040 - >> {"id":29,"sessionId":"E53E53DFC6480D8EEB3CF8D3809067BF","method":"Input.dispatchKeyEvent","params":{"modifiers":0,"type":"char","text":"r","windowsVirtualKeyCode":114}}
00:20:22.798 [nioEventLoopGroup-14-1] DEBUG c.i.k.driver.chrome_1752427218040 - << {"id":29,"result":{},"sessionId":"E53E53DFC6480D8EEB3CF8D3809067BF"}
00:20:22.798 [main] DEBUG c.i.k.driver.chrome_1752427218040 - >> {"id":30,"sessionId":"E53E53DFC6480D8EEB3CF8D3809067BF","method":"Input.dispatchKeyEvent","params":{"modifiers":0,"type":"keyUp","text":"r","windowsVirtualKeyCode":114}}
00:20:22.801 [nioEventLoopGroup-14-1] DEBUG c.i.k.driver.chrome_1752427218040 - << {"id":30,"result":{},"sessionId":"E53E53DFC6480D8EEB3CF8D3809067BF"}
00:20:22.802 [main] DEBUG c.i.k.driver.chrome_1752427218040 - >> {"id":31,"sessionId":"E53E53DFC6480D8EEB3CF8D3809067BF","method":"Input.dispatchKeyEvent","params":{"modifiers":0,"type":"rawKeyDown","text":"d","windowsVirtualKeyCode":100}}
00:20:22.803 [nioEventLoopGroup-14-1] DEBUG c.i.k.driver.chrome_1752427218040 - << {"id":31,"result":{},"sessionId":"E53E53DFC6480D8EEB3CF8D3809067BF"}
00:20:22.803 [main] DEBUG c.i.k.driver.chrome_1752427218040 - >> {"id":32,"sessionId":"E53E53DFC6480D8EEB3CF8D3809067BF","method":"Input.dispatchKeyEvent","params":{"modifiers":0,"type":"char","text":"d","windowsVirtualKeyCode":100}}
00:20:22.807 [nioEventLoopGroup-14-1] DEBUG c.i.k.driver.chrome_1752427218040 - << {"id":32,"result":{},"sessionId":"E53E53DFC6480D8EEB3CF8D3809067BF"}
00:20:22.808 [main] DEBUG c.i.k.driver.chrome_1752427218040 - >> {"id":33,"sessionId":"E53E53DFC6480D8EEB3CF8D3809067BF","method":"Input.dispatchKeyEvent","params":{"modifiers":0,"type":"keyUp","text":"d","windowsVirtualKeyCode":100}}
00:20:22.810 [nioEventLoopGroup-14-1] DEBUG c.i.k.driver.chrome_1752427218040 - << {"id":33,"result":{},"sessionId":"E53E53DFC6480D8EEB3CF8D3809067BF"}
00:20:22.810 [main] DEBUG c.i.k.driver.chrome_1752427218040 - >> {"id":34,"sessionId":"E53E53DFC6480D8EEB3CF8D3809067BF","method":"Input.dispatchKeyEvent","params":{"modifiers":0,"type":"rawKeyDown","text":"_","windowsVirtualKeyCode":523}}
00:20:22.820 [nioEventLoopGroup-14-1] DEBUG c.i.k.driver.chrome_1752427218040 - << {"id":34,"result":{},"sessionId":"E53E53DFC6480D8EEB3CF8D3809067BF"}
00:20:22.825 [main] DEBUG c.i.k.driver.chrome_1752427218040 - >> {"id":35,"sessionId":"E53E53DFC6480D8EEB3CF8D3809067BF","method":"Input.dispatchKeyEvent","params":{"modifiers":0,"type":"char","text":"_","windowsVirtualKeyCode":523}}
00:20:22.834 [nioEventLoopGroup-14-1] DEBUG c.i.k.driver.chrome_1752427218040 - << {"id":35,"result":{},"sessionId":"E53E53DFC6480D8EEB3CF8D3809067BF"}
00:20:22.835 [main] DEBUG c.i.k.driver.chrome_1752427218040 - >> {"id":36,"sessionId":"E53E53DFC6480D8EEB3CF8D3809067BF","method":"Input.dispatchKeyEvent","params":{"modifiers":0,"type":"keyUp","text":"_","windowsVirtualKeyCode":523}}
00:20:22.837 [nioEventLoopGroup-14-1] DEBUG c.i.k.driver.chrome_1752427218040 - << {"id":36,"result":{},"sessionId":"E53E53DFC6480D8EEB3CF8D3809067BF"}
00:20:22.838 [main] DEBUG c.i.k.driver.chrome_1752427218040 - >> {"id":37,"sessionId":"E53E53DFC6480D8EEB3CF8D3809067BF","method":"Input.dispatchKeyEvent","params":{"modifiers":0,"type":"rawKeyDown","text":"u","windowsVirtualKeyCode":117}}
00:20:22.839 [nioEventLoopGroup-14-1] DEBUG c.i.k.driver.chrome_1752427218040 - << {"id":37,"result":{},"sessionId":"E53E53DFC6480D8EEB3CF8D3809067BF"}
00:20:22.840 [main] DEBUG c.i.k.driver.chrome_1752427218040 - >> {"id":38,"sessionId":"E53E53DFC6480D8EEB3CF8D3809067BF","method":"Input.dispatchKeyEvent","params":{"modifiers":0,"type":"char","text":"u","windowsVirtualKeyCode":117}}
00:20:22.844 [nioEventLoopGroup-14-1] DEBUG c.i.k.driver.chrome_1752427218040 - << {"id":38,"result":{},"sessionId":"E53E53DFC6480D8EEB3CF8D3809067BF"}
00:20:22.845 [main] DEBUG c.i.k.driver.chrome_1752427218040 - >> {"id":39,"sessionId":"E53E53DFC6480D8EEB3CF8D3809067BF","method":"Input.dispatchKeyEvent","params":{"modifiers":0,"type":"keyUp","text":"u","windowsVirtualKeyCode":117}}
00:20:22.847 [nioEventLoopGroup-14-1] DEBUG c.i.k.driver.chrome_1752427218040 - << {"id":39,"result":{},"sessionId":"E53E53DFC6480D8EEB3CF8D3809067BF"}
00:20:22.852 [main] DEBUG c.i.k.driver.chrome_1752427218040 - >> {"id":40,"sessionId":"E53E53DFC6480D8EEB3CF8D3809067BF","method":"Input.dispatchKeyEvent","params":{"modifiers":0,"type":"rawKeyDown","text":"s","windowsVirtualKeyCode":115}}
00:20:22.855 [nioEventLoopGroup-14-1] DEBUG c.i.k.driver.chrome_1752427218040 - << {"id":40,"result":{},"sessionId":"E53E53DFC6480D8EEB3CF8D3809067BF"}
00:20:22.855 [main] DEBUG c.i.k.driver.chrome_1752427218040 - >> {"id":41,"sessionId":"E53E53DFC6480D8EEB3CF8D3809067BF","method":"Input.dispatchKeyEvent","params":{"modifiers":0,"type":"char","text":"s","windowsVirtualKeyCode":115}}
00:20:22.860 [nioEventLoopGroup-14-1] DEBUG c.i.k.driver.chrome_1752427218040 - << {"id":41,"result":{},"sessionId":"E53E53DFC6480D8EEB3CF8D3809067BF"}
00:20:22.861 [main] DEBUG c.i.k.driver.chrome_1752427218040 - >> {"id":42,"sessionId":"E53E53DFC6480D8EEB3CF8D3809067BF","method":"Input.dispatchKeyEvent","params":{"modifiers":0,"type":"keyUp","text":"s","windowsVirtualKeyCode":115}}
00:20:22.864 [nioEventLoopGroup-14-1] DEBUG c.i.k.driver.chrome_1752427218040 - << {"id":42,"result":{},"sessionId":"E53E53DFC6480D8EEB3CF8D3809067BF"}
00:20:22.865 [main] DEBUG c.i.k.driver.chrome_1752427218040 - >> {"id":43,"sessionId":"E53E53DFC6480D8EEB3CF8D3809067BF","method":"Input.dispatchKeyEvent","params":{"modifiers":0,"type":"rawKeyDown","text":"e","windowsVirtualKeyCode":101}}
00:20:22.867 [nioEventLoopGroup-14-1] DEBUG c.i.k.driver.chrome_1752427218040 - << {"id":43,"result":{},"sessionId":"E53E53DFC6480D8EEB3CF8D3809067BF"}
00:20:22.870 [main] DEBUG c.i.k.driver.chrome_1752427218040 - >> {"id":44,"sessionId":"E53E53DFC6480D8EEB3CF8D3809067BF","method":"Input.dispatchKeyEvent","params":{"modifiers":0,"type":"char","text":"e","windowsVirtualKeyCode":101}}
00:20:22.875 [nioEventLoopGroup-14-1] DEBUG c.i.k.driver.chrome_1752427218040 - << {"id":44,"result":{},"sessionId":"E53E53DFC6480D8EEB3CF8D3809067BF"}
00:20:22.876 [main] DEBUG c.i.k.driver.chrome_1752427218040 - >> {"id":45,"sessionId":"E53E53DFC6480D8EEB3CF8D3809067BF","method":"Input.dispatchKeyEvent","params":{"modifiers":0,"type":"keyUp","text":"e","windowsVirtualKeyCode":101}}
00:20:22.877 [nioEventLoopGroup-14-1] DEBUG c.i.k.driver.chrome_1752427218040 - << {"id":45,"result":{},"sessionId":"E53E53DFC6480D8EEB3CF8D3809067BF"}
00:20:22.881 [main] DEBUG c.i.k.driver.chrome_1752427218040 - >> {"id":46,"sessionId":"E53E53DFC6480D8EEB3CF8D3809067BF","method":"Input.dispatchKeyEvent","params":{"modifiers":0,"type":"rawKeyDown","text":"r","windowsVirtualKeyCode":114}}
00:20:22.883 [nioEventLoopGroup-14-1] DEBUG c.i.k.driver.chrome_1752427218040 - << {"id":46,"result":{},"sessionId":"E53E53DFC6480D8EEB3CF8D3809067BF"}
00:20:22.884 [main] DEBUG c.i.k.driver.chrome_1752427218040 - >> {"id":47,"sessionId":"E53E53DFC6480D8EEB3CF8D3809067BF","method":"Input.dispatchKeyEvent","params":{"modifiers":0,"type":"char","text":"r","windowsVirtualKeyCode":114}}
00:20:22.888 [nioEventLoopGroup-14-1] DEBUG c.i.k.driver.chrome_1752427218040 - << {"id":47,"result":{},"sessionId":"E53E53DFC6480D8EEB3CF8D3809067BF"}
00:20:22.889 [main] DEBUG c.i.k.driver.chrome_1752427218040 - >> {"id":48,"sessionId":"E53E53DFC6480D8EEB3CF8D3809067BF","method":"Input.dispatchKeyEvent","params":{"modifiers":0,"type":"keyUp","text":"r","windowsVirtualKeyCode":114}}
00:20:22.890 [nioEventLoopGroup-14-1] DEBUG c.i.k.driver.chrome_1752427218040 - << {"id":48,"result":{},"sessionId":"E53E53DFC6480D8EEB3CF8D3809067BF"}
00:20:22.892 [main] DEBUG c.i.k.driver.chrome_1752427218040 - >> {"id":49,"sessionId":"E53E53DFC6480D8EEB3CF8D3809067BF","method":"Runtime.evaluate","params":{"expression":"var e = document.evaluate(\"\/\/*[@id='password']\", document, null, 9, null).singleNodeValue; e.focus(); try { e.selectionStart = e.selectionEnd = e.value.length } catch(x) {}","returnByValue":true}}
00:20:22.898 [nioEventLoopGroup-14-1] DEBUG c.i.k.driver.chrome_1752427218040 - << {"id":49,"result":{"result":{"type":"number","value":0,"description":"0"}},"sessionId":"E53E53DFC6480D8EEB3CF8D3809067BF"}
00:20:22.898 [main] DEBUG c.i.k.driver.chrome_1752427218040 - >> {"id":50,"sessionId":"E53E53DFC6480D8EEB3CF8D3809067BF","method":"Input.dispatchKeyEvent","params":{"modifiers":0,"type":"rawKeyDown","text":"s","windowsVirtualKeyCode":115}}
00:20:22.900 [nioEventLoopGroup-14-1] DEBUG c.i.k.driver.chrome_1752427218040 - << {"id":50,"result":{},"sessionId":"E53E53DFC6480D8EEB3CF8D3809067BF"}
00:20:22.903 [main] DEBUG c.i.k.driver.chrome_1752427218040 - >> {"id":51,"sessionId":"E53E53DFC6480D8EEB3CF8D3809067BF","method":"Input.dispatchKeyEvent","params":{"modifiers":0,"type":"char","text":"s","windowsVirtualKeyCode":115}}
00:20:22.908 [nioEventLoopGroup-14-1] DEBUG c.i.k.driver.chrome_1752427218040 - << {"id":51,"result":{},"sessionId":"E53E53DFC6480D8EEB3CF8D3809067BF"}
00:20:22.908 [main] DEBUG c.i.k.driver.chrome_1752427218040 - >> {"id":52,"sessionId":"E53E53DFC6480D8EEB3CF8D3809067BF","method":"Input.dispatchKeyEvent","params":{"modifiers":0,"type":"keyUp","text":"s","windowsVirtualKeyCode":115}}
00:20:22.923 [nioEventLoopGroup-14-1] DEBUG c.i.k.driver.chrome_1752427218040 - << {"id":52,"result":{},"sessionId":"E53E53DFC6480D8EEB3CF8D3809067BF"}
00:20:22.932 [main] DEBUG c.i.k.driver.chrome_1752427218040 - >> {"id":53,"sessionId":"E53E53DFC6480D8EEB3CF8D3809067BF","method":"Input.dispatchKeyEvent","params":{"modifiers":0,"type":"rawKeyDown","text":"e","windowsVirtualKeyCode":101}}
00:20:22.934 [nioEventLoopGroup-14-1] DEBUG c.i.k.driver.chrome_1752427218040 - << {"id":53,"result":{},"sessionId":"E53E53DFC6480D8EEB3CF8D3809067BF"}
00:20:22.935 [main] DEBUG c.i.k.driver.chrome_1752427218040 - >> {"id":54,"sessionId":"E53E53DFC6480D8EEB3CF8D3809067BF","method":"Input.dispatchKeyEvent","params":{"modifiers":0,"type":"char","text":"e","windowsVirtualKeyCode":101}}
00:20:22.938 [nioEventLoopGroup-14-1] DEBUG c.i.k.driver.chrome_1752427218040 - << {"id":54,"result":{},"sessionId":"E53E53DFC6480D8EEB3CF8D3809067BF"}
00:20:22.946 [main] DEBUG c.i.k.driver.chrome_1752427218040 - >> {"id":55,"sessionId":"E53E53DFC6480D8EEB3CF8D3809067BF","method":"Input.dispatchKeyEvent","params":{"modifiers":0,"type":"keyUp","text":"e","windowsVirtualKeyCode":101}}
00:20:22.947 [nioEventLoopGroup-14-1] DEBUG c.i.k.driver.chrome_1752427218040 - << {"id":55,"result":{},"sessionId":"E53E53DFC6480D8EEB3CF8D3809067BF"}
00:20:22.948 [main] DEBUG c.i.k.driver.chrome_1752427218040 - >> {"id":56,"sessionId":"E53E53DFC6480D8EEB3CF8D3809067BF","method":"Input.dispatchKeyEvent","params":{"modifiers":0,"type":"rawKeyDown","text":"c","windowsVirtualKeyCode":99}}
00:20:22.950 [nioEventLoopGroup-14-1] DEBUG c.i.k.driver.chrome_1752427218040 - << {"id":56,"result":{},"sessionId":"E53E53DFC6480D8EEB3CF8D3809067BF"}
00:20:22.951 [main] DEBUG c.i.k.driver.chrome_1752427218040 - >> {"id":57,"sessionId":"E53E53DFC6480D8EEB3CF8D3809067BF","method":"Input.dispatchKeyEvent","params":{"modifiers":0,"type":"char","text":"c","windowsVirtualKeyCode":99}}
00:20:22.954 [nioEventLoopGroup-14-1] DEBUG c.i.k.driver.chrome_1752427218040 - << {"id":57,"result":{},"sessionId":"E53E53DFC6480D8EEB3CF8D3809067BF"}
00:20:22.955 [main] DEBUG c.i.k.driver.chrome_1752427218040 - >> {"id":58,"sessionId":"E53E53DFC6480D8EEB3CF8D3809067BF","method":"Input.dispatchKeyEvent","params":{"modifiers":0,"type":"keyUp","text":"c","windowsVirtualKeyCode":99}}
00:20:22.961 [nioEventLoopGroup-14-1] DEBUG c.i.k.driver.chrome_1752427218040 - << {"id":58,"result":{},"sessionId":"E53E53DFC6480D8EEB3CF8D3809067BF"}
00:20:22.963 [main] DEBUG c.i.k.driver.chrome_1752427218040 - >> {"id":59,"sessionId":"E53E53DFC6480D8EEB3CF8D3809067BF","method":"Input.dispatchKeyEvent","params":{"modifiers":0,"type":"rawKeyDown","text":"r","windowsVirtualKeyCode":114}}
00:20:22.965 [nioEventLoopGroup-14-1] DEBUG c.i.k.driver.chrome_1752427218040 - << {"id":59,"result":{},"sessionId":"E53E53DFC6480D8EEB3CF8D3809067BF"}
00:20:22.966 [main] DEBUG c.i.k.driver.chrome_1752427218040 - >> {"id":60,"sessionId":"E53E53DFC6480D8EEB3CF8D3809067BF","method":"Input.dispatchKeyEvent","params":{"modifiers":0,"type":"char","text":"r","windowsVirtualKeyCode":114}}
00:20:22.969 [nioEventLoopGroup-14-1] DEBUG c.i.k.driver.chrome_1752427218040 - << {"id":60,"result":{},"sessionId":"E53E53DFC6480D8EEB3CF8D3809067BF"}
00:20:22.970 [main] DEBUG c.i.k.driver.chrome_1752427218040 - >> {"id":61,"sessionId":"E53E53DFC6480D8EEB3CF8D3809067BF","method":"Input.dispatchKeyEvent","params":{"modifiers":0,"type":"keyUp","text":"r","windowsVirtualKeyCode":114}}
00:20:22.977 [nioEventLoopGroup-14-1] DEBUG c.i.k.driver.chrome_1752427218040 - << {"id":61,"result":{},"sessionId":"E53E53DFC6480D8EEB3CF8D3809067BF"}
00:20:22.977 [main] DEBUG c.i.k.driver.chrome_1752427218040 - >> {"id":62,"sessionId":"E53E53DFC6480D8EEB3CF8D3809067BF","method":"Input.dispatchKeyEvent","params":{"modifiers":0,"type":"rawKeyDown","text":"e","windowsVirtualKeyCode":101}}
00:20:22.980 [nioEventLoopGroup-14-1] DEBUG c.i.k.driver.chrome_1752427218040 - << {"id":62,"result":{},"sessionId":"E53E53DFC6480D8EEB3CF8D3809067BF"}
00:20:22.980 [main] DEBUG c.i.k.driver.chrome_1752427218040 - >> {"id":63,"sessionId":"E53E53DFC6480D8EEB3CF8D3809067BF","method":"Input.dispatchKeyEvent","params":{"modifiers":0,"type":"char","text":"e","windowsVirtualKeyCode":101}}
00:20:22.985 [nioEventLoopGroup-14-1] DEBUG c.i.k.driver.chrome_1752427218040 - << {"id":63,"result":{},"sessionId":"E53E53DFC6480D8EEB3CF8D3809067BF"}
00:20:22.986 [main] DEBUG c.i.k.driver.chrome_1752427218040 - >> {"id":64,"sessionId":"E53E53DFC6480D8EEB3CF8D3809067BF","method":"Input.dispatchKeyEvent","params":{"modifiers":0,"type":"keyUp","text":"e","windowsVirtualKeyCode":101}}
00:20:22.993 [nioEventLoopGroup-14-1] DEBUG c.i.k.driver.chrome_1752427218040 - << {"id":64,"result":{},"sessionId":"E53E53DFC6480D8EEB3CF8D3809067BF"}
00:20:22.994 [main] DEBUG c.i.k.driver.chrome_1752427218040 - >> {"id":65,"sessionId":"E53E53DFC6480D8EEB3CF8D3809067BF","method":"Input.dispatchKeyEvent","params":{"modifiers":0,"type":"rawKeyDown","text":"t","windowsVirtualKeyCode":116}}
00:20:22.998 [nioEventLoopGroup-14-1] DEBUG c.i.k.driver.chrome_1752427218040 - << {"id":65,"result":{},"sessionId":"E53E53DFC6480D8EEB3CF8D3809067BF"}
00:20:22.999 [main] DEBUG c.i.k.driver.chrome_1752427218040 - >> {"id":66,"sessionId":"E53E53DFC6480D8EEB3CF8D3809067BF","method":"Input.dispatchKeyEvent","params":{"modifiers":0,"type":"char","text":"t","windowsVirtualKeyCode":116}}
00:20:23.004 [nioEventLoopGroup-14-1] DEBUG c.i.k.driver.chrome_1752427218040 - << {"id":66,"result":{},"sessionId":"E53E53DFC6480D8EEB3CF8D3809067BF"}
00:20:23.006 [main] DEBUG c.i.k.driver.chrome_1752427218040 - >> {"id":67,"sessionId":"E53E53DFC6480D8EEB3CF8D3809067BF","method":"Input.dispatchKeyEvent","params":{"modifiers":0,"type":"keyUp","text":"t","windowsVirtualKeyCode":116}}
00:20:23.011 [nioEventLoopGroup-14-1] DEBUG c.i.k.driver.chrome_1752427218040 - << {"id":67,"result":{},"sessionId":"E53E53DFC6480D8EEB3CF8D3809067BF"}
00:20:23.013 [main] DEBUG c.i.k.driver.chrome_1752427218040 - >> {"id":68,"sessionId":"E53E53DFC6480D8EEB3CF8D3809067BF","method":"Input.dispatchKeyEvent","params":{"modifiers":0,"type":"rawKeyDown","text":"_","windowsVirtualKeyCode":523}}
00:20:23.015 [nioEventLoopGroup-14-1] DEBUG c.i.k.driver.chrome_1752427218040 - << {"id":68,"result":{},"sessionId":"E53E53DFC6480D8EEB3CF8D3809067BF"}
00:20:23.016 [main] DEBUG c.i.k.driver.chrome_1752427218040 - >> {"id":69,"sessionId":"E53E53DFC6480D8EEB3CF8D3809067BF","method":"Input.dispatchKeyEvent","params":{"modifiers":0,"type":"char","text":"_","windowsVirtualKeyCode":523}}
00:20:23.020 [nioEventLoopGroup-14-1] DEBUG c.i.k.driver.chrome_1752427218040 - << {"id":69,"result":{},"sessionId":"E53E53DFC6480D8EEB3CF8D3809067BF"}
00:20:23.021 [main] DEBUG c.i.k.driver.chrome_1752427218040 - >> {"id":70,"sessionId":"E53E53DFC6480D8EEB3CF8D3809067BF","method":"Input.dispatchKeyEvent","params":{"modifiers":0,"type":"keyUp","text":"_","windowsVirtualKeyCode":523}}
00:20:23.027 [nioEventLoopGroup-14-1] DEBUG c.i.k.driver.chrome_1752427218040 - << {"id":70,"result":{},"sessionId":"E53E53DFC6480D8EEB3CF8D3809067BF"}
00:20:23.032 [main] DEBUG c.i.k.driver.chrome_1752427218040 - >> {"id":71,"sessionId":"E53E53DFC6480D8EEB3CF8D3809067BF","method":"Input.dispatchKeyEvent","params":{"modifiers":0,"type":"rawKeyDown","text":"s","windowsVirtualKeyCode":115}}
00:20:23.034 [nioEventLoopGroup-14-1] DEBUG c.i.k.driver.chrome_1752427218040 - << {"id":71,"result":{},"sessionId":"E53E53DFC6480D8EEB3CF8D3809067BF"}
00:20:23.034 [main] DEBUG c.i.k.driver.chrome_1752427218040 - >> {"id":72,"sessionId":"E53E53DFC6480D8EEB3CF8D3809067BF","method":"Input.dispatchKeyEvent","params":{"modifiers":0,"type":"char","text":"s","windowsVirtualKeyCode":115}}
00:20:23.038 [nioEventLoopGroup-14-1] DEBUG c.i.k.driver.chrome_1752427218040 - << {"id":72,"result":{},"sessionId":"E53E53DFC6480D8EEB3CF8D3809067BF"}
00:20:23.038 [main] DEBUG c.i.k.driver.chrome_1752427218040 - >> {"id":73,"sessionId":"E53E53DFC6480D8EEB3CF8D3809067BF","method":"Input.dispatchKeyEvent","params":{"modifiers":0,"type":"keyUp","text":"s","windowsVirtualKeyCode":115}}
00:20:23.047 [nioEventLoopGroup-14-1] DEBUG c.i.k.driver.chrome_1752427218040 - << {"id":73,"result":{},"sessionId":"E53E53DFC6480D8EEB3CF8D3809067BF"}
00:20:23.049 [main] DEBUG c.i.k.driver.chrome_1752427218040 - >> {"id":74,"sessionId":"E53E53DFC6480D8EEB3CF8D3809067BF","method":"Input.dispatchKeyEvent","params":{"modifiers":0,"type":"rawKeyDown","text":"a","windowsVirtualKeyCode":97}}
00:20:23.052 [nioEventLoopGroup-14-1] DEBUG c.i.k.driver.chrome_1752427218040 - << {"id":74,"result":{},"sessionId":"E53E53DFC6480D8EEB3CF8D3809067BF"}
00:20:23.053 [main] DEBUG c.i.k.driver.chrome_1752427218040 - >> {"id":75,"sessionId":"E53E53DFC6480D8EEB3CF8D3809067BF","method":"Input.dispatchKeyEvent","params":{"modifiers":0,"type":"char","text":"a","windowsVirtualKeyCode":97}}
00:20:23.056 [nioEventLoopGroup-14-1] DEBUG c.i.k.driver.chrome_1752427218040 - << {"id":75,"result":{},"sessionId":"E53E53DFC6480D8EEB3CF8D3809067BF"}
00:20:23.057 [main] DEBUG c.i.k.driver.chrome_1752427218040 - >> {"id":76,"sessionId":"E53E53DFC6480D8EEB3CF8D3809067BF","method":"Input.dispatchKeyEvent","params":{"modifiers":0,"type":"keyUp","text":"a","windowsVirtualKeyCode":97}}
00:20:23.064 [nioEventLoopGroup-14-1] DEBUG c.i.k.driver.chrome_1752427218040 - << {"id":76,"result":{},"sessionId":"E53E53DFC6480D8EEB3CF8D3809067BF"}
00:20:23.067 [main] DEBUG c.i.k.driver.chrome_1752427218040 - >> {"id":77,"sessionId":"E53E53DFC6480D8EEB3CF8D3809067BF","method":"Input.dispatchKeyEvent","params":{"modifiers":0,"type":"rawKeyDown","text":"u","windowsVirtualKeyCode":117}}
00:20:23.069 [nioEventLoopGroup-14-1] DEBUG c.i.k.driver.chrome_1752427218040 - << {"id":77,"result":{},"sessionId":"E53E53DFC6480D8EEB3CF8D3809067BF"}
00:20:23.070 [main] DEBUG c.i.k.driver.chrome_1752427218040 - >> {"id":78,"sessionId":"E53E53DFC6480D8EEB3CF8D3809067BF","method":"Input.dispatchKeyEvent","params":{"modifiers":0,"type":"char","text":"u","windowsVirtualKeyCode":117}}
00:20:23.074 [nioEventLoopGroup-14-1] DEBUG c.i.k.driver.chrome_1752427218040 - << {"id":78,"result":{},"sessionId":"E53E53DFC6480D8EEB3CF8D3809067BF"}
00:20:23.074 [main] DEBUG c.i.k.driver.chrome_1752427218040 - >> {"id":79,"sessionId":"E53E53DFC6480D8EEB3CF8D3809067BF","method":"Input.dispatchKeyEvent","params":{"modifiers":0,"type":"keyUp","text":"u","windowsVirtualKeyCode":117}}
00:20:23.075 [nioEventLoopGroup-14-1] DEBUG c.i.k.driver.chrome_1752427218040 - << {"id":79,"result":{},"sessionId":"E53E53DFC6480D8EEB3CF8D3809067BF"}
00:20:23.076 [main] DEBUG c.i.k.driver.chrome_1752427218040 - >> {"id":80,"sessionId":"E53E53DFC6480D8EEB3CF8D3809067BF","method":"Input.dispatchKeyEvent","params":{"modifiers":0,"type":"rawKeyDown","text":"c","windowsVirtualKeyCode":99}}
00:20:23.078 [nioEventLoopGroup-14-1] DEBUG c.i.k.driver.chrome_1752427218040 - << {"id":80,"result":{},"sessionId":"E53E53DFC6480D8EEB3CF8D3809067BF"}
00:20:23.081 [main] DEBUG c.i.k.driver.chrome_1752427218040 - >> {"id":81,"sessionId":"E53E53DFC6480D8EEB3CF8D3809067BF","method":"Input.dispatchKeyEvent","params":{"modifiers":0,"type":"char","text":"c","windowsVirtualKeyCode":99}}
00:20:23.087 [nioEventLoopGroup-14-1] DEBUG c.i.k.driver.chrome_1752427218040 - << {"id":81,"result":{},"sessionId":"E53E53DFC6480D8EEB3CF8D3809067BF"}
00:20:23.087 [main] DEBUG c.i.k.driver.chrome_1752427218040 - >> {"id":82,"sessionId":"E53E53DFC6480D8EEB3CF8D3809067BF","method":"Input.dispatchKeyEvent","params":{"modifiers":0,"type":"keyUp","text":"c","windowsVirtualKeyCode":99}}
00:20:23.089 [nioEventLoopGroup-14-1] DEBUG c.i.k.driver.chrome_1752427218040 - << {"id":82,"result":{},"sessionId":"E53E53DFC6480D8EEB3CF8D3809067BF"}
00:20:23.090 [main] DEBUG c.i.k.driver.chrome_1752427218040 - >> {"id":83,"sessionId":"E53E53DFC6480D8EEB3CF8D3809067BF","method":"Input.dispatchKeyEvent","params":{"modifiers":0,"type":"rawKeyDown","text":"e","windowsVirtualKeyCode":101}}
00:20:23.092 [nioEventLoopGroup-14-1] DEBUG c.i.k.driver.chrome_1752427218040 - << {"id":83,"result":{},"sessionId":"E53E53DFC6480D8EEB3CF8D3809067BF"}
00:20:23.092 [main] DEBUG c.i.k.driver.chrome_1752427218040 - >> {"id":84,"sessionId":"E53E53DFC6480D8EEB3CF8D3809067BF","method":"Input.dispatchKeyEvent","params":{"modifiers":0,"type":"char","text":"e","windowsVirtualKeyCode":101}}
00:20:23.095 [nioEventLoopGroup-14-1] DEBUG c.i.k.driver.chrome_1752427218040 - << {"id":84,"result":{},"sessionId":"E53E53DFC6480D8EEB3CF8D3809067BF"}
00:20:23.097 [main] DEBUG c.i.k.driver.chrome_1752427218040 - >> {"id":85,"sessionId":"E53E53DFC6480D8EEB3CF8D3809067BF","method":"Input.dispatchKeyEvent","params":{"modifiers":0,"type":"keyUp","text":"e","windowsVirtualKeyCode":101}}
00:20:23.100 [nioEventLoopGroup-14-1] DEBUG c.i.k.driver.chrome_1752427218040 - << {"id":85,"result":{},"sessionId":"E53E53DFC6480D8EEB3CF8D3809067BF"}
00:20:23.102 [main] DEBUG c.i.k.driver.chrome_1752427218040 - >> {"id":86,"sessionId":"E53E53DFC6480D8EEB3CF8D3809067BF","method":"Runtime.evaluate","params":{"expression":"document.evaluate(\"\/\/*[@id='login-button']\", document, null, 9, null).singleNodeValue.click()","returnByValue":true}}
00:20:23.109 [nioEventLoopGroup-14-1] DEBUG c.i.k.driver.chrome_1752427218040 - << {"method":"Page.frameStartedLoading","params":{"frameId":"676F458E1B72FEDA947651A8ED288F15"},"sessionId":"E53E53DFC6480D8EEB3CF8D3809067BF"}
00:20:23.117 [nioEventLoopGroup-14-1] DEBUG c.i.k.driver.chrome_1752427218040 - << {"method":"Target.targetInfoChanged","params":{"targetInfo":{"targetId":"676F458E1B72FEDA947651A8ED288F15","type":"page","title":"Swag Labs","url":"https://www.saucedemo.com/inventory.html","attached":true,"canAccessOpener":false,"browserContextId":"E8B597DEBCE597C21B19B0808E63F9CF"}},"sessionId":"E53E53DFC6480D8EEB3CF8D3809067BF"}
00:20:23.118 [nioEventLoopGroup-14-1] DEBUG c.i.k.driver.chrome_1752427218040 - << {"method":"Page.navigatedWithinDocument","params":{"frameId":"676F458E1B72FEDA947651A8ED288F15","url":"https://www.saucedemo.com/inventory.html","navigationType":"historyApi"},"sessionId":"E53E53DFC6480D8EEB3CF8D3809067BF"}
00:20:23.118 [nioEventLoopGroup-14-1] DEBUG c.i.k.driver.chrome_1752427218040 - << {"method":"Page.frameStoppedLoading","params":{"frameId":"676F458E1B72FEDA947651A8ED288F15"},"sessionId":"E53E53DFC6480D8EEB3CF8D3809067BF"}
00:20:23.181 [nioEventLoopGroup-14-1] DEBUG c.i.k.driver.chrome_1752427218040 - << {"id":86,"result":{"result":{"type":"undefined"}},"sessionId":"E53E53DFC6480D8EEB3CF8D3809067BF"}
00:20:23.184 [main] DEBUG c.i.k.driver.chrome_1752427218040 - >> {"id":87,"sessionId":"E53E53DFC6480D8EEB3CF8D3809067BF","method":"Target.closeTarget","params":{"targetId":"676F458E1B72FEDA947651A8ED288F15"}}
00:20:23.185 [nioEventLoopGroup-14-1] DEBUG c.i.k.http.WebSocketClientHandler - websocket closing
00:20:23.186 [nioEventLoopGroup-14-1] DEBUG c.i.k.http.WebSocketClientHandler - websocket client disconnected
00:20:23.189 [main] DEBUG com.intuit.karate.shell.Command - closing command: chrome_1752427218040
00:20:23.202 [main] INFO  com.intuit.karate - karate.env system property was: null 
00:20:23.210 [main] DEBUG com.intuit.karate.shell.Command - found / verified free local port: 65279
00:20:23.210 [main] WARN  c.intuit.karate.driver.DriverOptions - preferred port 9222 not available, will use: 65279
00:20:23.211 [main] DEBUG c.i.k.driver.chrome_1752427223209 - poll attempt #0 for port to be ready - localhost:65279
00:20:23.222 [chrome_1752427223209] DEBUG c.i.k.driver.chrome_1752427223209 - command: [C:\Program Files\Google\Chrome\Application\chrome.exe, --remote-debugging-port=65279, --remote-allow-origins=*, --no-first-run, --user-data-dir=E:\Duy\Projects\practices\karate_framework\demo\target\chrome_1752427223209, --disable-popup-blocking], working dir: target\chrome_1752427223209
00:20:23.476 [chrome_1752427218040] WARN  com.intuit.karate.shell.Command - exit code was non-zero: 1 - [C:\Program Files\Google\Chrome\Application\chrome.exe, --remote-debugging-port=65243, --remote-allow-origins=*, --no-first-run, --user-data-dir=E:\Duy\Projects\practices\karate_framework\demo\target\chrome_1752427218040, --disable-popup-blocking] working dir: target\chrome_1752427218040
00:20:23.485 [main] DEBUG c.i.k.driver.chrome_1752427223209 - poll attempt #1 for port to be ready - localhost:65279
00:20:23.707 [chrome_1752427223209-out] DEBUG c.i.k.driver.chrome_1752427223209 - 
00:20:23.708 [chrome_1752427223209-out] DEBUG c.i.k.driver.chrome_1752427223209 - DevTools listening on ws://127.0.0.1:65279/devtools/browser/f3e68365-8a11-4dcd-a2dc-7f573bfc3e91
00:20:23.743 [main] DEBUG c.i.k.driver.chrome_1752427223209 - poll attempt #2 for port to be ready - localhost:65279
00:20:23.756 [main] DEBUG com.intuit.karate - request:
1 > GET http://localhost:65279/json
1 > Host: localhost:65279
1 > Connection: Keep-Alive
1 > User-Agent: Apache-HttpClient/4.5.14 (Java/21.0.7)
1 > Accept-Encoding: gzip,deflate


00:20:23.899 [main] DEBUG com.intuit.karate - response time in milliseconds: 141
1 < 200
1 < Content-Security-Policy: frame-ancestors 'none'
1 < Content-Length: 986
1 < Content-Type: application/json; charset=UTF-8
[ {
   "description": "",
   "devtoolsFrontendUrl": "https://chrome-devtools-frontend.appspot.com/serve_rev/@a2159ad9ab8037bd34a21b9903003e0964c2075b/inspector.html?ws=localhost:65279/devtools/page/A02B5F33800343BD494BD7B58BCB19F5",
   "id": "A02B5F33800343BD494BD7B58BCB19F5",
   "title": "Google Hangouts",
   "type": "background_page",
   "url": "chrome-extension://nkeimhogjdpnpccoofpliimaahmaaome/background.html",
   "webSocketDebuggerUrl": "ws://localhost:65279/devtools/page/A02B5F33800343BD494BD7B58BCB19F5"
}, {
   "description": "",
   "devtoolsFrontendUrl": "https://chrome-devtools-frontend.appspot.com/serve_rev/@a2159ad9ab8037bd34a21b9903003e0964c2075b/inspector.html?ws=localhost:65279/devtools/page/DED9686573883DADBF53ACC04336C744",
   "id": "DED9686573883DADBF53ACC04336C744",
   "title": "New Tab",
   "type": "page",
   "url": "chrome://newtab/",
   "webSocketDebuggerUrl": "ws://localhost:65279/devtools/page/DED9686573883DADBF53ACC04336C744"
} ]


00:20:23.901 [main] DEBUG com.intuit.karate.shell.Command - ready to accept http connections after 151 ms - http://localhost:65279/json
00:20:23.903 [main] DEBUG com.intuit.karate - request:
1 > GET http://localhost:65279/json
1 > Host: localhost:65279
1 > Connection: Keep-Alive
1 > User-Agent: Apache-HttpClient/4.5.14 (Java/21.0.7)
1 > Accept-Encoding: gzip,deflate


00:20:23.915 [main] DEBUG com.intuit.karate - response time in milliseconds: 12
1 < 200
1 < Content-Security-Policy: frame-ancestors 'none'
1 < Content-Length: 986
1 < Content-Type: application/json; charset=UTF-8
[ {
   "description": "",
   "devtoolsFrontendUrl": "https://chrome-devtools-frontend.appspot.com/serve_rev/@a2159ad9ab8037bd34a21b9903003e0964c2075b/inspector.html?ws=localhost:65279/devtools/page/A02B5F33800343BD494BD7B58BCB19F5",
   "id": "A02B5F33800343BD494BD7B58BCB19F5",
   "title": "Google Hangouts",
   "type": "background_page",
   "url": "chrome-extension://nkeimhogjdpnpccoofpliimaahmaaome/background.html",
   "webSocketDebuggerUrl": "ws://localhost:65279/devtools/page/A02B5F33800343BD494BD7B58BCB19F5"
}, {
   "description": "",
   "devtoolsFrontendUrl": "https://chrome-devtools-frontend.appspot.com/serve_rev/@a2159ad9ab8037bd34a21b9903003e0964c2075b/inspector.html?ws=localhost:65279/devtools/page/DED9686573883DADBF53ACC04336C744",
   "id": "DED9686573883DADBF53ACC04336C744",
   "title": "New Tab",
   "type": "page",
   "url": "chrome://newtab/",
   "webSocketDebuggerUrl": "ws://localhost:65279/devtools/page/DED9686573883DADBF53ACC04336C744"
} ]


00:20:23.916 [main] DEBUG c.i.k.driver.chrome_1752427223209 - root frame id: DED9686573883DADBF53ACC04336C744
00:20:23.978 [nioEventLoopGroup-15-1] DEBUG c.i.k.http.WebSocketClientHandler - websocket client connected
00:20:23.985 [main] DEBUG c.i.k.driver.chrome_1752427223209 - >> {"id":1,"method":"Target.attachToTarget","params":{"targetId":"DED9686573883DADBF53ACC04336C744","flatten":true}}
00:20:23.989 [nioEventLoopGroup-15-1] DEBUG c.i.k.driver.chrome_1752427223209 - << {"method":"Target.attachedToTarget","params":{"sessionId":"C48173F500BAB7F930C303849137FD33","targetInfo":{"targetId":"DED9686573883DADBF53ACC04336C744","type":"page","title":"New Tab","url":"chrome://newtab/","attached":true,"canAccessOpener":false,"browserContextId":"D3F64C66A07B770E698D5250128214A2"},"waitingForDebugger":false}}
00:20:23.989 [nioEventLoopGroup-15-1] DEBUG c.i.k.driver.chrome_1752427223209 - << {"id":1,"result":{"sessionId":"C48173F500BAB7F930C303849137FD33"}}
00:20:23.990 [main] DEBUG c.i.k.driver.chrome_1752427223209 - >> {"id":2,"sessionId":"C48173F500BAB7F930C303849137FD33","method":"Target.activateTarget","params":{"targetId":"DED9686573883DADBF53ACC04336C744"}}
00:20:23.994 [nioEventLoopGroup-15-1] DEBUG c.i.k.driver.chrome_1752427223209 - << {"id":2,"result":{},"sessionId":"C48173F500BAB7F930C303849137FD33"}
00:20:24.000 [main] DEBUG c.i.k.driver.chrome_1752427223209 - >> {"id":3,"sessionId":"C48173F500BAB7F930C303849137FD33","method":"Target.setDiscoverTargets","params":{"discover":true}}
00:20:24.009 [nioEventLoopGroup-15-1] DEBUG c.i.k.driver.chrome_1752427223209 - << {"method":"Target.targetCreated","params":{"targetInfo":{"targetId":"A02B5F33800343BD494BD7B58BCB19F5","type":"background_page","title":"Google Hangouts","url":"chrome-extension://nkeimhogjdpnpccoofpliimaahmaaome/background.html","attached":false,"canAccessOpener":false,"browserContextId":"D3F64C66A07B770E698D5250128214A2"}},"sessionId":"C48173F500BAB7F930C303849137FD33"}
00:20:24.010 [nioEventLoopGroup-15-1] DEBUG c.i.k.driver.chrome_1752427223209 - << {"method":"Target.targetCreated","params":{"targetInfo":{"targetId":"DED9686573883DADBF53ACC04336C744","type":"page","title":"New Tab","url":"chrome://newtab/","attached":true,"canAccessOpener":false,"browserContextId":"D3F64C66A07B770E698D5250128214A2"}},"sessionId":"C48173F500BAB7F930C303849137FD33"}
00:20:24.010 [nioEventLoopGroup-15-1] DEBUG c.i.k.driver.chrome_1752427223209 - << {"id":3,"result":{},"sessionId":"C48173F500BAB7F930C303849137FD33"}
00:20:24.010 [main] DEBUG c.i.k.driver.chrome_1752427223209 - >> {"id":4,"sessionId":"C48173F500BAB7F930C303849137FD33","method":"Page.enable"}
00:20:24.113 [nioEventLoopGroup-15-1] DEBUG c.i.k.driver.chrome_1752427223209 - << {"method":"Target.targetInfoChanged","params":{"targetInfo":{"targetId":"DED9686573883DADBF53ACC04336C744","type":"page","title":"New Tab","url":"chrome://newtab/","attached":true,"canAccessOpener":false,"browserContextId":"D3F64C66A07B770E698D5250128214A2"}},"sessionId":"C48173F500BAB7F930C303849137FD33"}
00:20:24.119 [nioEventLoopGroup-15-1] DEBUG c.i.k.driver.chrome_1752427223209 - << {"id":4,"result":{},"sessionId":"C48173F500BAB7F930C303849137FD33"}
00:20:24.120 [main] DEBUG c.i.k.driver.chrome_1752427223209 - >> {"id":5,"sessionId":"C48173F500BAB7F930C303849137FD33","method":"Runtime.enable"}
00:20:24.132 [nioEventLoopGroup-15-1] DEBUG c.i.k.driver.chrome_1752427223209 - << {"method":"Target.targetInfoChanged","params":{"targetInfo":{"targetId":"A02B5F33800343BD494BD7B58BCB19F5","type":"background_page","title":"Google Hangouts","url":"chrome-extension://nkeimhogjdpnpccoofpliimaahmaaome/background.html","attached":false,"canAccessOpener":false,"browserContextId":"D3F64C66A07B770E698D5250128214A2"}},"sessionId":"C48173F500BAB7F930C303849137FD33"}
00:20:24.134 [nioEventLoopGroup-15-1] DEBUG c.i.k.driver.chrome_1752427223209 - << {"method":"Page.frameAttached","params":{"frameId":"E2D3B4B109BD94339ACC6FE7D6861FAE","parentFrameId":"DED9686573883DADBF53ACC04336C744"},"sessionId":"C48173F500BAB7F930C303849137FD33"}
00:20:24.134 [nioEventLoopGroup-15-1] DEBUG c.i.k.driver.chrome_1752427223209 - << {"method":"Page.frameRequestedNavigation","params":{"frameId":"E2D3B4B109BD94339ACC6FE7D6861FAE","reason":"initialFrameNavigation","url":"about:blank","disposition":"currentTab"},"sessionId":"C48173F500BAB7F930C303849137FD33"}
00:20:24.134 [nioEventLoopGroup-15-1] DEBUG c.i.k.driver.chrome_1752427223209 - << {"method":"Page.frameNavigated","params":{"frame":{"id":"E2D3B4B109BD94339ACC6FE7D6861FAE","parentId":"DED9686573883DADBF53ACC04336C744","loaderId":"C672E6E87A142BAE193F99E7FD116027","name":"backgroundImage","url":"about:blank","domainAndRegistry":"","securityOrigin":"://","securityOriginDetails":{"isLocalhost":false},"mimeType":"text/html","adFrameStatus":{"adFrameType":"none","explanations":[]},"secureContextType":"Secure","crossOriginIsolatedContextType":"NotIsolated","gatedAPIFeatures":[]},"type":"Navigation"},"sessionId":"C48173F500BAB7F930C303849137FD33"}
00:20:24.134 [nioEventLoopGroup-15-1] DEBUG c.i.k.driver.chrome_1752427223209 - << {"method":"Page.frameStartedLoading","params":{"frameId":"E2D3B4B109BD94339ACC6FE7D6861FAE"},"sessionId":"C48173F500BAB7F930C303849137FD33"}
00:20:24.135 [nioEventLoopGroup-15-1] DEBUG c.i.k.driver.chrome_1752427223209 - << {"method":"Page.frameStoppedLoading","params":{"frameId":"E2D3B4B109BD94339ACC6FE7D6861FAE"},"sessionId":"C48173F500BAB7F930C303849137FD33"}
00:20:24.136 [nioEventLoopGroup-15-1] DEBUG c.i.k.driver.chrome_1752427223209 - << {"method":"Runtime.executionContextCreated","params":{"context":{"id":2,"origin":"chrome://new-tab-page","name":"","uniqueId":"4843826870221808407.-4429427189809809172","auxData":{"isDefault":true,"type":"default","frameId":"E2D3B4B109BD94339ACC6FE7D6861FAE"}}},"sessionId":"C48173F500BAB7F930C303849137FD33"}
00:20:24.136 [nioEventLoopGroup-15-1] DEBUG c.i.k.driver.chrome_1752427223209 - << {"method":"Runtime.executionContextCreated","params":{"context":{"id":1,"origin":"chrome://new-tab-page","name":"","uniqueId":"-5911513662899881074.2795780485069631798","auxData":{"isDefault":true,"type":"default","frameId":"DED9686573883DADBF53ACC04336C744"}}},"sessionId":"C48173F500BAB7F930C303849137FD33"}
00:20:24.136 [nioEventLoopGroup-15-1] DEBUG c.i.k.driver.chrome_1752427223209 - << {"id":5,"result":{},"sessionId":"C48173F500BAB7F930C303849137FD33"}
00:20:24.136 [main] DEBUG c.i.k.driver.chrome_1752427223209 - >> {"id":6,"sessionId":"C48173F500BAB7F930C303849137FD33","method":"Browser.getWindowForTarget","params":{"targetId":"DED9686573883DADBF53ACC04336C744"}}
00:20:24.137 [nioEventLoopGroup-15-1] DEBUG c.i.k.driver.chrome_1752427223209 - << {"id":6,"result":{"windowId":81503413,"bounds":{"left":10,"top":10,"width":945,"height":1060,"windowState":"normal"}},"sessionId":"C48173F500BAB7F930C303849137FD33"}
00:20:24.152 [main] DEBUG c.i.k.driver.chrome_1752427223209 - >> {"id":7,"sessionId":"C48173F500BAB7F930C303849137FD33","method":"Page.navigate","params":{"url":"https:\/\/saucedemo.com\/"}}
00:20:24.160 [nioEventLoopGroup-15-1] DEBUG c.i.k.driver.chrome_1752427223209 - << {"method":"Page.frameStartedNavigating","params":{"frameId":"DED9686573883DADBF53ACC04336C744","url":"https://saucedemo.com/","loaderId":"1AFC7EC940FC11E2711624D00C60303C","navigationType":"differentDocument"},"sessionId":"C48173F500BAB7F930C303849137FD33"}
00:20:24.160 [nioEventLoopGroup-15-1] DEBUG c.i.k.driver.chrome_1752427223209 - << {"method":"Page.frameStartedLoading","params":{"frameId":"DED9686573883DADBF53ACC04336C744"},"sessionId":"C48173F500BAB7F930C303849137FD33"}
00:20:24.398 [nioEventLoopGroup-15-1] DEBUG c.i.k.driver.chrome_1752427223209 - << {"method":"Page.domContentEventFired","params":{"timestamp":35167.038517},"sessionId":"C48173F500BAB7F930C303849137FD33"}
00:20:24.401 [main] DEBUG c.i.k.driver.chrome_1752427223209 - >> {"id":8,"sessionId":"C48173F500BAB7F930C303849137FD33","method":"Runtime.evaluate","params":{"expression":"var e = document.evaluate(\"\/\/*[@id='user-name']\", document, null, 9, null).singleNodeValue; e.focus(); try { e.selectionStart = e.selectionEnd = e.value.length } catch(x) {}","returnByValue":true}}
00:20:24.414 [nioEventLoopGroup-15-1] DEBUG c.i.k.driver.chrome_1752427223209 - << {"method":"Page.loadEventFired","params":{"timestamp":35167.061663},"sessionId":"C48173F500BAB7F930C303849137FD33"}
00:20:24.414 [nioEventLoopGroup-15-1] DEBUG c.i.k.driver.chrome_1752427223209 - << {"method":"Page.frameStartedLoading","params":{"frameId":"DED9686573883DADBF53ACC04336C744"},"sessionId":"C48173F500BAB7F930C303849137FD33"}
00:20:24.425 [nioEventLoopGroup-15-1] DEBUG c.i.k.driver.chrome_1752427223209 - << {"method":"Page.frameAttached","params":{"frameId":"D48EC6186E75768A0823A7A251C37C72","parentFrameId":"DED9686573883DADBF53ACC04336C744","stack":{"callFrames":[{"functionName":"O","scriptId":"8","url":"chrome://resources/lit/v3_0/lit.rollup.js","lineNumber":15,"columnNumber":4320},{"functionName":"T","scriptId":"8","url":"chrome://resources/lit/v3_0/lit.rollup.js","lineNumber":15,"columnNumber":4394},{"functionName":"$","scriptId":"8","url":"chrome://resources/lit/v3_0/lit.rollup.js","lineNumber":15,"columnNumber":4743},{"functionName":"_$AI","scriptId":"8","url":"chrome://resources/lit/v3_0/lit.rollup.js","lineNumber":15,"columnNumber":4227},{"functionName":"B","scriptId":"8","url":"chrome://resources/lit/v3_0/lit.rollup.js","lineNumber":15,"columnNumber":7111},{"functionName":"update","scriptId":"8","url":"chrome://resources/lit/v3_0/lit.rollup.js","lineNumber":20,"columnNumber":369},{"functionName":"performUpdate","scriptId":"8","url":"chrome://resources/lit/v3_0/lit.rollup.js","lineNumber":10,"columnNumbe ...
00:20:24.426 [nioEventLoopGroup-15-1] DEBUG c.i.k.driver.chrome_1752427223209 - << {"method":"Page.frameRequestedNavigation","params":{"frameId":"D48EC6186E75768A0823A7A251C37C72","reason":"initialFrameNavigation","url":"chrome-untrusted://new-tab-page/one-google-bar?paramsencoded=","disposition":"currentTab"},"sessionId":"C48173F500BAB7F930C303849137FD33"}
00:20:24.431 [nioEventLoopGroup-15-1] DEBUG c.i.k.driver.chrome_1752427223209 - << {"method":"Page.frameStartedNavigating","params":{"frameId":"D48EC6186E75768A0823A7A251C37C72","url":"chrome-untrusted://new-tab-page/one-google-bar?paramsencoded=","loaderId":"5B8730CF8D7C101F0E9206148EDEF74A","navigationType":"differentDocument"},"sessionId":"C48173F500BAB7F930C303849137FD33"}
00:20:24.431 [nioEventLoopGroup-15-1] DEBUG c.i.k.driver.chrome_1752427223209 - << {"method":"Page.frameStartedLoading","params":{"frameId":"D48EC6186E75768A0823A7A251C37C72"},"sessionId":"C48173F500BAB7F930C303849137FD33"}
00:20:25.348 [nioEventLoopGroup-15-1] DEBUG c.i.k.driver.chrome_1752427223209 - << {"method":"Target.targetCreated","params":{"targetInfo":{"targetId":"76DEE56D76D4F4539678DB7BF0E7B0AE","type":"service_worker","title":"Service Worker chrome-extension://fignfifoniblkonapihmkfakmlgkbkcf/service_worker.js","url":"chrome-extension://fignfifoniblkonapihmkfakmlgkbkcf/service_worker.js","attached":false,"canAccessOpener":false,"browserContextId":"D3F64C66A07B770E698D5250128214A2"}},"sessionId":"C48173F500BAB7F930C303849137FD33"}
00:20:26.489 [nioEventLoopGroup-15-1] DEBUG c.i.k.driver.chrome_1752427223209 - << {"id":7,"result":{"frameId":"DED9686573883DADBF53ACC04336C744","loaderId":"1AFC7EC940FC11E2711624D00C60303C"},"sessionId":"C48173F500BAB7F930C303849137FD33"}
00:20:26.493 [nioEventLoopGroup-15-1] DEBUG c.i.k.driver.chrome_1752427223209 - << {"method":"Runtime.executionContextsCleared","params":{},"sessionId":"C48173F500BAB7F930C303849137FD33"}
00:20:26.501 [nioEventLoopGroup-15-1] DEBUG c.i.k.driver.chrome_1752427223209 - << {"method":"Runtime.executionContextsCleared","params":{},"sessionId":"C48173F500BAB7F930C303849137FD33"}
00:20:26.502 [nioEventLoopGroup-15-1] DEBUG c.i.k.driver.chrome_1752427223209 - << {"method":"Page.frameNavigated","params":{"frame":{"id":"DED9686573883DADBF53ACC04336C744","loaderId":"1AFC7EC940FC11E2711624D00C60303C","url":"https://www.saucedemo.com/","domainAndRegistry":"saucedemo.com","securityOrigin":"https://www.saucedemo.com","securityOriginDetails":{"isLocalhost":false},"mimeType":"text/html","adFrameStatus":{"adFrameType":"none"},"secureContextType":"Secure","crossOriginIsolatedContextType":"NotIsolated","gatedAPIFeatures":[]},"type":"Navigation"},"sessionId":"C48173F500BAB7F930C303849137FD33"}
00:20:26.502 [nioEventLoopGroup-15-1] DEBUG c.i.k.driver.chrome_1752427223209 - << {"method":"Page.frameStoppedLoading","params":{"frameId":"D48EC6186E75768A0823A7A251C37C72"},"sessionId":"C48173F500BAB7F930C303849137FD33"}
00:20:26.521 [nioEventLoopGroup-15-1] DEBUG c.i.k.driver.chrome_1752427223209 - << {"method":"Target.targetInfoChanged","params":{"targetInfo":{"targetId":"DED9686573883DADBF53ACC04336C744","type":"page","title":"saucedemo.com","url":"https://www.saucedemo.com/","attached":true,"canAccessOpener":false,"browserContextId":"D3F64C66A07B770E698D5250128214A2"}},"sessionId":"C48173F500BAB7F930C303849137FD33"}
00:20:26.534 [nioEventLoopGroup-15-1] DEBUG c.i.k.driver.chrome_1752427223209 - << {"method":"Runtime.executionContextCreated","params":{"context":{"id":1,"origin":"https://www.saucedemo.com","name":"","uniqueId":"-13309299158694091.938648507319879656","auxData":{"isDefault":true,"type":"default","frameId":"DED9686573883DADBF53ACC04336C744"}}},"sessionId":"C48173F500BAB7F930C303849137FD33"}
00:20:26.535 [nioEventLoopGroup-15-1] DEBUG c.i.k.driver.chrome_1752427223209 - << {"id":8,"result":{"result":{"type":"object","subtype":"error","className":"TypeError","description":"TypeError: Cannot read properties of null (reading 'focus')\n    at <anonymous>:1:95","objectId":"3357189980789895417.1.1"},"exceptionDetails":{"exceptionId":1,"text":"Uncaught","lineNumber":0,"columnNumber":94,"scriptId":"5","stackTrace":{"callFrames":[{"functionName":"","scriptId":"5","url":"","lineNumber":0,"columnNumber":94}]},"exception":{"type":"object","subtype":"error","className":"TypeError","description":"TypeError: Cannot read properties of null (reading 'focus')\n    at <anonymous>:1:95","objectId":"3357189980789895417.1.2"}}},"sessionId":"C48173F500BAB7F930C303849137FD33"}
00:20:26.535 [nioEventLoopGroup-15-1] WARN  c.i.k.driver.chrome_1752427223209 - devtools error: [id: 8, sessionId: C48173F500BAB7F930C303849137FD33, result: [type: MAP, value: {type=object, subtype=error, className=TypeError, description=TypeError: Cannot read properties of null (reading 'focus')
    at <anonymous>:1:95, objectId=3357189980789895417.1.1}]]
00:20:26.536 [main] WARN  c.i.k.driver.chrome_1752427223209 - js eval failed once:var e = document.evaluate("//*[@id='user-name']", document, null, 9, null).singleNodeValue; e.focus(); try { e.selectionStart = e.selectionEnd = e.value.length } catch(x) {}, error: [type: MAP, value: {type=object, subtype=error, className=TypeError, description=TypeError: Cannot read properties of null (reading 'focus')
    at <anonymous>:1:95, objectId=3357189980789895417.1.1}]
00:20:27.281 [nioEventLoopGroup-15-1] DEBUG c.i.k.driver.chrome_1752427223209 - << {"method":"Page.domContentEventFired","params":{"timestamp":35169.875074},"sessionId":"C48173F500BAB7F930C303849137FD33"}
00:20:27.640 [nioEventLoopGroup-15-1] DEBUG c.i.k.driver.chrome_1752427223209 - << {"method":"Page.loadEventFired","params":{"timestamp":35170.268898},"sessionId":"C48173F500BAB7F930C303849137FD33"}
00:20:27.641 [nioEventLoopGroup-15-1] DEBUG c.i.k.driver.chrome_1752427223209 - << {"method":"Page.frameStoppedLoading","params":{"frameId":"DED9686573883DADBF53ACC04336C744"},"sessionId":"C48173F500BAB7F930C303849137FD33"}
00:20:27.884 [nioEventLoopGroup-15-1] DEBUG c.i.k.driver.chrome_1752427223209 - << {"method":"Target.targetCreated","params":{"targetInfo":{"targetId":"8949AD5621993D440638FA47DB706663","type":"service_worker","title":"Service Worker https://www.saucedemo.com/service-worker.js","url":"https://www.saucedemo.com/service-worker.js","attached":false,"canAccessOpener":false,"browserContextId":"D3F64C66A07B770E698D5250128214A2"}},"sessionId":"C48173F500BAB7F930C303849137FD33"}
00:20:28.856 [nioEventLoopGroup-15-1] DEBUG c.i.k.driver.chrome_1752427223209 - << {"method":"Runtime.consoleAPICalled","params":{"type":"log","args":[{"type":"string","value":"Content is cached for offline use."}],"executionContextId":1,"timestamp":1.752427228855269e+12,"stackTrace":{"callFrames":[{"functionName":"console.<computed>","scriptId":"7","url":"https://www.saucedemo.com/static/js/2.84a5cbf3.chunk.js","lineNumber":1,"columnNumber":123015},{"functionName":"a.onstatechange","scriptId":"8","url":"https://www.saucedemo.com/static/js/main.018d2d1e.chunk.js","lineNumber":0,"columnNumber":58496}]}},"sessionId":"C48173F500BAB7F930C303849137FD33"}
00:20:28.856 [nioEventLoopGroup-15-1] DEBUG c.i.k.driver.chrome_1752427223209 - [console] Content is cached for offline use.
00:20:29.285 [chrome_1752427223209-out] DEBUG c.i.k.driver.chrome_1752427223209 - WARNING: All log messages before absl::InitializeLog() is called are written to STDERR
00:20:29.285 [chrome_1752427223209-out] DEBUG c.i.k.driver.chrome_1752427223209 - I0000 00:00:1752427229.285298   10364 voice_transcription.cc:58] Registering VoiceTranscriptionCapability
00:20:29.554 [main] DEBUG c.i.k.driver.chrome_1752427223209 - >> {"id":9,"sessionId":"C48173F500BAB7F930C303849137FD33","method":"Runtime.evaluate","params":{"expression":"var e = document.evaluate(\"\/\/*[@id='user-name']\", document, null, 9, null).singleNodeValue; e.focus(); try { e.selectionStart = e.selectionEnd = e.value.length } catch(x) {}","returnByValue":true}}
00:20:29.606 [nioEventLoopGroup-15-1] DEBUG c.i.k.driver.chrome_1752427223209 - << {"id":9,"result":{"result":{"type":"number","value":0,"description":"0"}},"sessionId":"C48173F500BAB7F930C303849137FD33"}
00:20:29.607 [main] DEBUG c.i.k.driver.chrome_1752427223209 - >> {"id":10,"sessionId":"C48173F500BAB7F930C303849137FD33","method":"Input.dispatchKeyEvent","params":{"modifiers":0,"type":"rawKeyDown","text":"s","windowsVirtualKeyCode":115}}
00:20:29.639 [nioEventLoopGroup-15-1] DEBUG c.i.k.driver.chrome_1752427223209 - << {"id":10,"result":{},"sessionId":"C48173F500BAB7F930C303849137FD33"}
00:20:29.640 [main] DEBUG c.i.k.driver.chrome_1752427223209 - >> {"id":11,"sessionId":"C48173F500BAB7F930C303849137FD33","method":"Input.dispatchKeyEvent","params":{"modifiers":0,"type":"char","text":"s","windowsVirtualKeyCode":115}}
00:20:29.648 [nioEventLoopGroup-15-1] DEBUG c.i.k.driver.chrome_1752427223209 - << {"id":11,"result":{},"sessionId":"C48173F500BAB7F930C303849137FD33"}
00:20:29.648 [main] DEBUG c.i.k.driver.chrome_1752427223209 - >> {"id":12,"sessionId":"C48173F500BAB7F930C303849137FD33","method":"Input.dispatchKeyEvent","params":{"modifiers":0,"type":"keyUp","text":"s","windowsVirtualKeyCode":115}}
00:20:29.652 [nioEventLoopGroup-15-1] DEBUG c.i.k.driver.chrome_1752427223209 - << {"id":12,"result":{},"sessionId":"C48173F500BAB7F930C303849137FD33"}
00:20:29.652 [main] DEBUG c.i.k.driver.chrome_1752427223209 - >> {"id":13,"sessionId":"C48173F500BAB7F930C303849137FD33","method":"Input.dispatchKeyEvent","params":{"modifiers":0,"type":"rawKeyDown","text":"t","windowsVirtualKeyCode":116}}
00:20:29.657 [nioEventLoopGroup-15-1] DEBUG c.i.k.driver.chrome_1752427223209 - << {"id":13,"result":{},"sessionId":"C48173F500BAB7F930C303849137FD33"}
00:20:29.658 [main] DEBUG c.i.k.driver.chrome_1752427223209 - >> {"id":14,"sessionId":"C48173F500BAB7F930C303849137FD33","method":"Input.dispatchKeyEvent","params":{"modifiers":0,"type":"char","text":"t","windowsVirtualKeyCode":116}}
00:20:29.686 [nioEventLoopGroup-15-1] DEBUG c.i.k.driver.chrome_1752427223209 - << {"id":14,"result":{},"sessionId":"C48173F500BAB7F930C303849137FD33"}
00:20:29.687 [main] DEBUG c.i.k.driver.chrome_1752427223209 - >> {"id":15,"sessionId":"C48173F500BAB7F930C303849137FD33","method":"Input.dispatchKeyEvent","params":{"modifiers":0,"type":"keyUp","text":"t","windowsVirtualKeyCode":116}}
00:20:29.752 [nioEventLoopGroup-15-1] DEBUG c.i.k.driver.chrome_1752427223209 - << {"id":15,"result":{},"sessionId":"C48173F500BAB7F930C303849137FD33"}
00:20:29.753 [main] DEBUG c.i.k.driver.chrome_1752427223209 - >> {"id":16,"sessionId":"C48173F500BAB7F930C303849137FD33","method":"Input.dispatchKeyEvent","params":{"modifiers":0,"type":"rawKeyDown","text":"a","windowsVirtualKeyCode":97}}
00:20:29.759 [nioEventLoopGroup-15-1] DEBUG c.i.k.driver.chrome_1752427223209 - << {"id":16,"result":{},"sessionId":"C48173F500BAB7F930C303849137FD33"}
00:20:29.760 [main] DEBUG c.i.k.driver.chrome_1752427223209 - >> {"id":17,"sessionId":"C48173F500BAB7F930C303849137FD33","method":"Input.dispatchKeyEvent","params":{"modifiers":0,"type":"char","text":"a","windowsVirtualKeyCode":97}}
00:20:29.776 [nioEventLoopGroup-15-1] DEBUG c.i.k.driver.chrome_1752427223209 - << {"id":17,"result":{},"sessionId":"C48173F500BAB7F930C303849137FD33"}
00:20:29.777 [main] DEBUG c.i.k.driver.chrome_1752427223209 - >> {"id":18,"sessionId":"C48173F500BAB7F930C303849137FD33","method":"Input.dispatchKeyEvent","params":{"modifiers":0,"type":"keyUp","text":"a","windowsVirtualKeyCode":97}}
00:20:29.806 [nioEventLoopGroup-15-1] DEBUG c.i.k.driver.chrome_1752427223209 - << {"id":18,"result":{},"sessionId":"C48173F500BAB7F930C303849137FD33"}
00:20:29.806 [main] DEBUG c.i.k.driver.chrome_1752427223209 - >> {"id":19,"sessionId":"C48173F500BAB7F930C303849137FD33","method":"Input.dispatchKeyEvent","params":{"modifiers":0,"type":"rawKeyDown","text":"n","windowsVirtualKeyCode":110}}
00:20:29.821 [nioEventLoopGroup-15-1] DEBUG c.i.k.driver.chrome_1752427223209 - << {"id":19,"result":{},"sessionId":"C48173F500BAB7F930C303849137FD33"}
00:20:29.821 [main] DEBUG c.i.k.driver.chrome_1752427223209 - >> {"id":20,"sessionId":"C48173F500BAB7F930C303849137FD33","method":"Input.dispatchKeyEvent","params":{"modifiers":0,"type":"char","text":"n","windowsVirtualKeyCode":110}}
00:20:29.839 [nioEventLoopGroup-15-1] DEBUG c.i.k.driver.chrome_1752427223209 - << {"id":20,"result":{},"sessionId":"C48173F500BAB7F930C303849137FD33"}
00:20:29.840 [main] DEBUG c.i.k.driver.chrome_1752427223209 - >> {"id":21,"sessionId":"C48173F500BAB7F930C303849137FD33","method":"Input.dispatchKeyEvent","params":{"modifiers":0,"type":"keyUp","text":"n","windowsVirtualKeyCode":110}}
00:20:29.847 [nioEventLoopGroup-15-1] DEBUG c.i.k.driver.chrome_1752427223209 - << {"id":21,"result":{},"sessionId":"C48173F500BAB7F930C303849137FD33"}
00:20:29.847 [main] DEBUG c.i.k.driver.chrome_1752427223209 - >> {"id":22,"sessionId":"C48173F500BAB7F930C303849137FD33","method":"Input.dispatchKeyEvent","params":{"modifiers":0,"type":"rawKeyDown","text":"d","windowsVirtualKeyCode":100}}
00:20:29.854 [nioEventLoopGroup-15-1] DEBUG c.i.k.driver.chrome_1752427223209 - << {"id":22,"result":{},"sessionId":"C48173F500BAB7F930C303849137FD33"}
00:20:29.855 [main] DEBUG c.i.k.driver.chrome_1752427223209 - >> {"id":23,"sessionId":"C48173F500BAB7F930C303849137FD33","method":"Input.dispatchKeyEvent","params":{"modifiers":0,"type":"char","text":"d","windowsVirtualKeyCode":100}}
00:20:29.861 [nioEventLoopGroup-15-1] DEBUG c.i.k.driver.chrome_1752427223209 - << {"id":23,"result":{},"sessionId":"C48173F500BAB7F930C303849137FD33"}
00:20:29.863 [main] DEBUG c.i.k.driver.chrome_1752427223209 - >> {"id":24,"sessionId":"C48173F500BAB7F930C303849137FD33","method":"Input.dispatchKeyEvent","params":{"modifiers":0,"type":"keyUp","text":"d","windowsVirtualKeyCode":100}}
00:20:29.888 [nioEventLoopGroup-15-1] DEBUG c.i.k.driver.chrome_1752427223209 - << {"id":24,"result":{},"sessionId":"C48173F500BAB7F930C303849137FD33"}
00:20:29.889 [main] DEBUG c.i.k.driver.chrome_1752427223209 - >> {"id":25,"sessionId":"C48173F500BAB7F930C303849137FD33","method":"Input.dispatchKeyEvent","params":{"modifiers":0,"type":"rawKeyDown","text":"a","windowsVirtualKeyCode":97}}
00:20:29.894 [nioEventLoopGroup-15-1] DEBUG c.i.k.driver.chrome_1752427223209 - << {"id":25,"result":{},"sessionId":"C48173F500BAB7F930C303849137FD33"}
00:20:29.895 [main] DEBUG c.i.k.driver.chrome_1752427223209 - >> {"id":26,"sessionId":"C48173F500BAB7F930C303849137FD33","method":"Input.dispatchKeyEvent","params":{"modifiers":0,"type":"char","text":"a","windowsVirtualKeyCode":97}}
00:20:29.909 [nioEventLoopGroup-15-1] DEBUG c.i.k.driver.chrome_1752427223209 - << {"id":26,"result":{},"sessionId":"C48173F500BAB7F930C303849137FD33"}
00:20:29.910 [main] DEBUG c.i.k.driver.chrome_1752427223209 - >> {"id":27,"sessionId":"C48173F500BAB7F930C303849137FD33","method":"Input.dispatchKeyEvent","params":{"modifiers":0,"type":"keyUp","text":"a","windowsVirtualKeyCode":97}}
00:20:30.001 [nioEventLoopGroup-15-1] DEBUG c.i.k.driver.chrome_1752427223209 - << {"id":27,"result":{},"sessionId":"C48173F500BAB7F930C303849137FD33"}
00:20:30.001 [main] DEBUG c.i.k.driver.chrome_1752427223209 - >> {"id":28,"sessionId":"C48173F500BAB7F930C303849137FD33","method":"Input.dispatchKeyEvent","params":{"modifiers":0,"type":"rawKeyDown","text":"r","windowsVirtualKeyCode":114}}
00:20:30.040 [nioEventLoopGroup-15-1] DEBUG c.i.k.driver.chrome_1752427223209 - << {"id":28,"result":{},"sessionId":"C48173F500BAB7F930C303849137FD33"}
00:20:30.041 [main] DEBUG c.i.k.driver.chrome_1752427223209 - >> {"id":29,"sessionId":"C48173F500BAB7F930C303849137FD33","method":"Input.dispatchKeyEvent","params":{"modifiers":0,"type":"char","text":"r","windowsVirtualKeyCode":114}}
00:20:30.043 [nioEventLoopGroup-15-1] DEBUG c.i.k.driver.chrome_1752427223209 - << {"id":29,"result":{},"sessionId":"C48173F500BAB7F930C303849137FD33"}
00:20:30.043 [main] DEBUG c.i.k.driver.chrome_1752427223209 - >> {"id":30,"sessionId":"C48173F500BAB7F930C303849137FD33","method":"Input.dispatchKeyEvent","params":{"modifiers":0,"type":"keyUp","text":"r","windowsVirtualKeyCode":114}}
00:20:30.052 [nioEventLoopGroup-15-1] DEBUG c.i.k.driver.chrome_1752427223209 - << {"id":30,"result":{},"sessionId":"C48173F500BAB7F930C303849137FD33"}
00:20:30.052 [main] DEBUG c.i.k.driver.chrome_1752427223209 - >> {"id":31,"sessionId":"C48173F500BAB7F930C303849137FD33","method":"Input.dispatchKeyEvent","params":{"modifiers":0,"type":"rawKeyDown","text":"d","windowsVirtualKeyCode":100}}
00:20:30.054 [nioEventLoopGroup-15-1] DEBUG c.i.k.driver.chrome_1752427223209 - << {"id":31,"result":{},"sessionId":"C48173F500BAB7F930C303849137FD33"}
00:20:30.055 [main] DEBUG c.i.k.driver.chrome_1752427223209 - >> {"id":32,"sessionId":"C48173F500BAB7F930C303849137FD33","method":"Input.dispatchKeyEvent","params":{"modifiers":0,"type":"char","text":"d","windowsVirtualKeyCode":100}}
00:20:30.058 [nioEventLoopGroup-15-1] DEBUG c.i.k.driver.chrome_1752427223209 - << {"id":32,"result":{},"sessionId":"C48173F500BAB7F930C303849137FD33"}
00:20:30.058 [main] DEBUG c.i.k.driver.chrome_1752427223209 - >> {"id":33,"sessionId":"C48173F500BAB7F930C303849137FD33","method":"Input.dispatchKeyEvent","params":{"modifiers":0,"type":"keyUp","text":"d","windowsVirtualKeyCode":100}}
00:20:30.066 [nioEventLoopGroup-15-1] DEBUG c.i.k.driver.chrome_1752427223209 - << {"id":33,"result":{},"sessionId":"C48173F500BAB7F930C303849137FD33"}
00:20:30.066 [main] DEBUG c.i.k.driver.chrome_1752427223209 - >> {"id":34,"sessionId":"C48173F500BAB7F930C303849137FD33","method":"Input.dispatchKeyEvent","params":{"modifiers":0,"type":"rawKeyDown","text":"_","windowsVirtualKeyCode":523}}
00:20:30.069 [nioEventLoopGroup-15-1] DEBUG c.i.k.driver.chrome_1752427223209 - << {"id":34,"result":{},"sessionId":"C48173F500BAB7F930C303849137FD33"}
00:20:30.069 [main] DEBUG c.i.k.driver.chrome_1752427223209 - >> {"id":35,"sessionId":"C48173F500BAB7F930C303849137FD33","method":"Input.dispatchKeyEvent","params":{"modifiers":0,"type":"char","text":"_","windowsVirtualKeyCode":523}}
00:20:30.073 [nioEventLoopGroup-15-1] DEBUG c.i.k.driver.chrome_1752427223209 - << {"id":35,"result":{},"sessionId":"C48173F500BAB7F930C303849137FD33"}
00:20:30.074 [main] DEBUG c.i.k.driver.chrome_1752427223209 - >> {"id":36,"sessionId":"C48173F500BAB7F930C303849137FD33","method":"Input.dispatchKeyEvent","params":{"modifiers":0,"type":"keyUp","text":"_","windowsVirtualKeyCode":523}}
00:20:30.086 [nioEventLoopGroup-15-1] DEBUG c.i.k.driver.chrome_1752427223209 - << {"id":36,"result":{},"sessionId":"C48173F500BAB7F930C303849137FD33"}
00:20:30.086 [main] DEBUG c.i.k.driver.chrome_1752427223209 - >> {"id":37,"sessionId":"C48173F500BAB7F930C303849137FD33","method":"Input.dispatchKeyEvent","params":{"modifiers":0,"type":"rawKeyDown","text":"u","windowsVirtualKeyCode":117}}
00:20:30.088 [nioEventLoopGroup-15-1] DEBUG c.i.k.driver.chrome_1752427223209 - << {"id":37,"result":{},"sessionId":"C48173F500BAB7F930C303849137FD33"}
00:20:30.088 [main] DEBUG c.i.k.driver.chrome_1752427223209 - >> {"id":38,"sessionId":"C48173F500BAB7F930C303849137FD33","method":"Input.dispatchKeyEvent","params":{"modifiers":0,"type":"char","text":"u","windowsVirtualKeyCode":117}}
00:20:30.090 [nioEventLoopGroup-15-1] DEBUG c.i.k.driver.chrome_1752427223209 - << {"id":38,"result":{},"sessionId":"C48173F500BAB7F930C303849137FD33"}
00:20:30.091 [main] DEBUG c.i.k.driver.chrome_1752427223209 - >> {"id":39,"sessionId":"C48173F500BAB7F930C303849137FD33","method":"Input.dispatchKeyEvent","params":{"modifiers":0,"type":"keyUp","text":"u","windowsVirtualKeyCode":117}}
00:20:30.092 [nioEventLoopGroup-15-1] DEBUG c.i.k.driver.chrome_1752427223209 - << {"id":39,"result":{},"sessionId":"C48173F500BAB7F930C303849137FD33"}
00:20:30.093 [main] DEBUG c.i.k.driver.chrome_1752427223209 - >> {"id":40,"sessionId":"C48173F500BAB7F930C303849137FD33","method":"Input.dispatchKeyEvent","params":{"modifiers":0,"type":"rawKeyDown","text":"s","windowsVirtualKeyCode":115}}
00:20:30.098 [nioEventLoopGroup-15-1] DEBUG c.i.k.driver.chrome_1752427223209 - << {"id":40,"result":{},"sessionId":"C48173F500BAB7F930C303849137FD33"}
00:20:30.099 [main] DEBUG c.i.k.driver.chrome_1752427223209 - >> {"id":41,"sessionId":"C48173F500BAB7F930C303849137FD33","method":"Input.dispatchKeyEvent","params":{"modifiers":0,"type":"char","text":"s","windowsVirtualKeyCode":115}}
00:20:30.104 [nioEventLoopGroup-15-1] DEBUG c.i.k.driver.chrome_1752427223209 - << {"id":41,"result":{},"sessionId":"C48173F500BAB7F930C303849137FD33"}
00:20:30.105 [main] DEBUG c.i.k.driver.chrome_1752427223209 - >> {"id":42,"sessionId":"C48173F500BAB7F930C303849137FD33","method":"Input.dispatchKeyEvent","params":{"modifiers":0,"type":"keyUp","text":"s","windowsVirtualKeyCode":115}}
00:20:30.107 [nioEventLoopGroup-15-1] DEBUG c.i.k.driver.chrome_1752427223209 - << {"id":42,"result":{},"sessionId":"C48173F500BAB7F930C303849137FD33"}
00:20:30.107 [main] DEBUG c.i.k.driver.chrome_1752427223209 - >> {"id":43,"sessionId":"C48173F500BAB7F930C303849137FD33","method":"Input.dispatchKeyEvent","params":{"modifiers":0,"type":"rawKeyDown","text":"e","windowsVirtualKeyCode":101}}
00:20:30.109 [nioEventLoopGroup-15-1] DEBUG c.i.k.driver.chrome_1752427223209 - << {"id":43,"result":{},"sessionId":"C48173F500BAB7F930C303849137FD33"}
00:20:30.110 [main] DEBUG c.i.k.driver.chrome_1752427223209 - >> {"id":44,"sessionId":"C48173F500BAB7F930C303849137FD33","method":"Input.dispatchKeyEvent","params":{"modifiers":0,"type":"char","text":"e","windowsVirtualKeyCode":101}}
00:20:30.114 [nioEventLoopGroup-15-1] DEBUG c.i.k.driver.chrome_1752427223209 - << {"id":44,"result":{},"sessionId":"C48173F500BAB7F930C303849137FD33"}
00:20:30.115 [main] DEBUG c.i.k.driver.chrome_1752427223209 - >> {"id":45,"sessionId":"C48173F500BAB7F930C303849137FD33","method":"Input.dispatchKeyEvent","params":{"modifiers":0,"type":"keyUp","text":"e","windowsVirtualKeyCode":101}}
00:20:30.122 [nioEventLoopGroup-15-1] DEBUG c.i.k.driver.chrome_1752427223209 - << {"id":45,"result":{},"sessionId":"C48173F500BAB7F930C303849137FD33"}
00:20:30.123 [main] DEBUG c.i.k.driver.chrome_1752427223209 - >> {"id":46,"sessionId":"C48173F500BAB7F930C303849137FD33","method":"Input.dispatchKeyEvent","params":{"modifiers":0,"type":"rawKeyDown","text":"r","windowsVirtualKeyCode":114}}
00:20:30.131 [nioEventLoopGroup-15-1] DEBUG c.i.k.driver.chrome_1752427223209 - << {"id":46,"result":{},"sessionId":"C48173F500BAB7F930C303849137FD33"}
00:20:30.132 [main] DEBUG c.i.k.driver.chrome_1752427223209 - >> {"id":47,"sessionId":"C48173F500BAB7F930C303849137FD33","method":"Input.dispatchKeyEvent","params":{"modifiers":0,"type":"char","text":"r","windowsVirtualKeyCode":114}}
00:20:30.141 [nioEventLoopGroup-15-1] DEBUG c.i.k.driver.chrome_1752427223209 - << {"id":47,"result":{},"sessionId":"C48173F500BAB7F930C303849137FD33"}
00:20:30.142 [main] DEBUG c.i.k.driver.chrome_1752427223209 - >> {"id":48,"sessionId":"C48173F500BAB7F930C303849137FD33","method":"Input.dispatchKeyEvent","params":{"modifiers":0,"type":"keyUp","text":"r","windowsVirtualKeyCode":114}}
00:20:30.147 [nioEventLoopGroup-15-1] DEBUG c.i.k.driver.chrome_1752427223209 - << {"id":48,"result":{},"sessionId":"C48173F500BAB7F930C303849137FD33"}
00:20:30.149 [main] DEBUG c.i.k.driver.chrome_1752427223209 - >> {"id":49,"sessionId":"C48173F500BAB7F930C303849137FD33","method":"Runtime.evaluate","params":{"expression":"var e = document.evaluate(\"\/\/*[@id='password']\", document, null, 9, null).singleNodeValue; e.focus(); try { e.selectionStart = e.selectionEnd = e.value.length } catch(x) {}","returnByValue":true}}
00:20:30.173 [nioEventLoopGroup-15-1] DEBUG c.i.k.driver.chrome_1752427223209 - << {"id":49,"result":{"result":{"type":"number","value":0,"description":"0"}},"sessionId":"C48173F500BAB7F930C303849137FD33"}
00:20:30.174 [main] DEBUG c.i.k.driver.chrome_1752427223209 - >> {"id":50,"sessionId":"C48173F500BAB7F930C303849137FD33","method":"Input.dispatchKeyEvent","params":{"modifiers":0,"type":"rawKeyDown","text":"w","windowsVirtualKeyCode":119}}
00:20:30.176 [nioEventLoopGroup-15-1] DEBUG c.i.k.driver.chrome_1752427223209 - << {"id":50,"result":{},"sessionId":"C48173F500BAB7F930C303849137FD33"}
00:20:30.176 [main] DEBUG c.i.k.driver.chrome_1752427223209 - >> {"id":51,"sessionId":"C48173F500BAB7F930C303849137FD33","method":"Input.dispatchKeyEvent","params":{"modifiers":0,"type":"char","text":"w","windowsVirtualKeyCode":119}}
00:20:30.180 [nioEventLoopGroup-15-1] DEBUG c.i.k.driver.chrome_1752427223209 - << {"id":51,"result":{},"sessionId":"C48173F500BAB7F930C303849137FD33"}
00:20:30.181 [main] DEBUG c.i.k.driver.chrome_1752427223209 - >> {"id":52,"sessionId":"C48173F500BAB7F930C303849137FD33","method":"Input.dispatchKeyEvent","params":{"modifiers":0,"type":"keyUp","text":"w","windowsVirtualKeyCode":119}}
00:20:30.185 [nioEventLoopGroup-15-1] DEBUG c.i.k.driver.chrome_1752427223209 - << {"id":52,"result":{},"sessionId":"C48173F500BAB7F930C303849137FD33"}
00:20:30.185 [main] DEBUG c.i.k.driver.chrome_1752427223209 - >> {"id":53,"sessionId":"C48173F500BAB7F930C303849137FD33","method":"Input.dispatchKeyEvent","params":{"modifiers":0,"type":"rawKeyDown","text":"r","windowsVirtualKeyCode":114}}
00:20:30.188 [nioEventLoopGroup-15-1] DEBUG c.i.k.driver.chrome_1752427223209 - << {"id":53,"result":{},"sessionId":"C48173F500BAB7F930C303849137FD33"}
00:20:30.189 [main] DEBUG c.i.k.driver.chrome_1752427223209 - >> {"id":54,"sessionId":"C48173F500BAB7F930C303849137FD33","method":"Input.dispatchKeyEvent","params":{"modifiers":0,"type":"char","text":"r","windowsVirtualKeyCode":114}}
00:20:30.191 [nioEventLoopGroup-15-1] DEBUG c.i.k.driver.chrome_1752427223209 - << {"id":54,"result":{},"sessionId":"C48173F500BAB7F930C303849137FD33"}
00:20:30.192 [main] DEBUG c.i.k.driver.chrome_1752427223209 - >> {"id":55,"sessionId":"C48173F500BAB7F930C303849137FD33","method":"Input.dispatchKeyEvent","params":{"modifiers":0,"type":"keyUp","text":"r","windowsVirtualKeyCode":114}}
00:20:30.193 [nioEventLoopGroup-15-1] DEBUG c.i.k.driver.chrome_1752427223209 - << {"id":55,"result":{},"sessionId":"C48173F500BAB7F930C303849137FD33"}
00:20:30.193 [main] DEBUG c.i.k.driver.chrome_1752427223209 - >> {"id":56,"sessionId":"C48173F500BAB7F930C303849137FD33","method":"Input.dispatchKeyEvent","params":{"modifiers":0,"type":"rawKeyDown","text":"o","windowsVirtualKeyCode":111}}
00:20:30.200 [nioEventLoopGroup-15-1] DEBUG c.i.k.driver.chrome_1752427223209 - << {"id":56,"result":{},"sessionId":"C48173F500BAB7F930C303849137FD33"}
00:20:30.201 [main] DEBUG c.i.k.driver.chrome_1752427223209 - >> {"id":57,"sessionId":"C48173F500BAB7F930C303849137FD33","method":"Input.dispatchKeyEvent","params":{"modifiers":0,"type":"char","text":"o","windowsVirtualKeyCode":111}}
00:20:30.202 [nioEventLoopGroup-15-1] DEBUG c.i.k.driver.chrome_1752427223209 - << {"id":57,"result":{},"sessionId":"C48173F500BAB7F930C303849137FD33"}
00:20:30.202 [main] DEBUG c.i.k.driver.chrome_1752427223209 - >> {"id":58,"sessionId":"C48173F500BAB7F930C303849137FD33","method":"Input.dispatchKeyEvent","params":{"modifiers":0,"type":"keyUp","text":"o","windowsVirtualKeyCode":111}}
00:20:30.204 [nioEventLoopGroup-15-1] DEBUG c.i.k.driver.chrome_1752427223209 - << {"id":58,"result":{},"sessionId":"C48173F500BAB7F930C303849137FD33"}
00:20:30.204 [main] DEBUG c.i.k.driver.chrome_1752427223209 - >> {"id":59,"sessionId":"C48173F500BAB7F930C303849137FD33","method":"Input.dispatchKeyEvent","params":{"modifiers":0,"type":"rawKeyDown","text":"n","windowsVirtualKeyCode":110}}
00:20:30.206 [nioEventLoopGroup-15-1] DEBUG c.i.k.driver.chrome_1752427223209 - << {"id":59,"result":{},"sessionId":"C48173F500BAB7F930C303849137FD33"}
00:20:30.206 [main] DEBUG c.i.k.driver.chrome_1752427223209 - >> {"id":60,"sessionId":"C48173F500BAB7F930C303849137FD33","method":"Input.dispatchKeyEvent","params":{"modifiers":0,"type":"char","text":"n","windowsVirtualKeyCode":110}}
00:20:30.207 [nioEventLoopGroup-15-1] DEBUG c.i.k.driver.chrome_1752427223209 - << {"id":60,"result":{},"sessionId":"C48173F500BAB7F930C303849137FD33"}
00:20:30.207 [main] DEBUG c.i.k.driver.chrome_1752427223209 - >> {"id":61,"sessionId":"C48173F500BAB7F930C303849137FD33","method":"Input.dispatchKeyEvent","params":{"modifiers":0,"type":"keyUp","text":"n","windowsVirtualKeyCode":110}}
00:20:30.209 [nioEventLoopGroup-15-1] DEBUG c.i.k.driver.chrome_1752427223209 - << {"id":61,"result":{},"sessionId":"C48173F500BAB7F930C303849137FD33"}
00:20:30.209 [main] DEBUG c.i.k.driver.chrome_1752427223209 - >> {"id":62,"sessionId":"C48173F500BAB7F930C303849137FD33","method":"Input.dispatchKeyEvent","params":{"modifiers":0,"type":"rawKeyDown","text":"g","windowsVirtualKeyCode":103}}
00:20:30.213 [nioEventLoopGroup-15-1] DEBUG c.i.k.driver.chrome_1752427223209 - << {"id":62,"result":{},"sessionId":"C48173F500BAB7F930C303849137FD33"}
00:20:30.214 [main] DEBUG c.i.k.driver.chrome_1752427223209 - >> {"id":63,"sessionId":"C48173F500BAB7F930C303849137FD33","method":"Input.dispatchKeyEvent","params":{"modifiers":0,"type":"char","text":"g","windowsVirtualKeyCode":103}}
00:20:30.217 [nioEventLoopGroup-15-1] DEBUG c.i.k.driver.chrome_1752427223209 - << {"id":63,"result":{},"sessionId":"C48173F500BAB7F930C303849137FD33"}
00:20:30.217 [main] DEBUG c.i.k.driver.chrome_1752427223209 - >> {"id":64,"sessionId":"C48173F500BAB7F930C303849137FD33","method":"Input.dispatchKeyEvent","params":{"modifiers":0,"type":"keyUp","text":"g","windowsVirtualKeyCode":103}}
00:20:30.219 [nioEventLoopGroup-15-1] DEBUG c.i.k.driver.chrome_1752427223209 - << {"id":64,"result":{},"sessionId":"C48173F500BAB7F930C303849137FD33"}
00:20:30.220 [main] DEBUG c.i.k.driver.chrome_1752427223209 - >> {"id":65,"sessionId":"C48173F500BAB7F930C303849137FD33","method":"Input.dispatchKeyEvent","params":{"modifiers":0,"type":"rawKeyDown","text":"_","windowsVirtualKeyCode":523}}
00:20:30.221 [nioEventLoopGroup-15-1] DEBUG c.i.k.driver.chrome_1752427223209 - << {"id":65,"result":{},"sessionId":"C48173F500BAB7F930C303849137FD33"}
00:20:30.221 [main] DEBUG c.i.k.driver.chrome_1752427223209 - >> {"id":66,"sessionId":"C48173F500BAB7F930C303849137FD33","method":"Input.dispatchKeyEvent","params":{"modifiers":0,"type":"char","text":"_","windowsVirtualKeyCode":523}}
00:20:30.223 [nioEventLoopGroup-15-1] DEBUG c.i.k.driver.chrome_1752427223209 - << {"id":66,"result":{},"sessionId":"C48173F500BAB7F930C303849137FD33"}
00:20:30.223 [main] DEBUG c.i.k.driver.chrome_1752427223209 - >> {"id":67,"sessionId":"C48173F500BAB7F930C303849137FD33","method":"Input.dispatchKeyEvent","params":{"modifiers":0,"type":"keyUp","text":"_","windowsVirtualKeyCode":523}}
00:20:30.224 [nioEventLoopGroup-15-1] DEBUG c.i.k.driver.chrome_1752427223209 - << {"id":67,"result":{},"sessionId":"C48173F500BAB7F930C303849137FD33"}
00:20:30.224 [main] DEBUG c.i.k.driver.chrome_1752427223209 - >> {"id":68,"sessionId":"C48173F500BAB7F930C303849137FD33","method":"Input.dispatchKeyEvent","params":{"modifiers":0,"type":"rawKeyDown","text":"s","windowsVirtualKeyCode":115}}
00:20:30.226 [nioEventLoopGroup-15-1] DEBUG c.i.k.driver.chrome_1752427223209 - << {"id":68,"result":{},"sessionId":"C48173F500BAB7F930C303849137FD33"}
00:20:30.226 [main] DEBUG c.i.k.driver.chrome_1752427223209 - >> {"id":69,"sessionId":"C48173F500BAB7F930C303849137FD33","method":"Input.dispatchKeyEvent","params":{"modifiers":0,"type":"char","text":"s","windowsVirtualKeyCode":115}}
00:20:30.227 [nioEventLoopGroup-15-1] DEBUG c.i.k.driver.chrome_1752427223209 - << {"id":69,"result":{},"sessionId":"C48173F500BAB7F930C303849137FD33"}
00:20:30.228 [main] DEBUG c.i.k.driver.chrome_1752427223209 - >> {"id":70,"sessionId":"C48173F500BAB7F930C303849137FD33","method":"Input.dispatchKeyEvent","params":{"modifiers":0,"type":"keyUp","text":"s","windowsVirtualKeyCode":115}}
00:20:30.230 [nioEventLoopGroup-15-1] DEBUG c.i.k.driver.chrome_1752427223209 - << {"id":70,"result":{},"sessionId":"C48173F500BAB7F930C303849137FD33"}
00:20:30.231 [main] DEBUG c.i.k.driver.chrome_1752427223209 - >> {"id":71,"sessionId":"C48173F500BAB7F930C303849137FD33","method":"Input.dispatchKeyEvent","params":{"modifiers":0,"type":"rawKeyDown","text":"e","windowsVirtualKeyCode":101}}
00:20:30.233 [nioEventLoopGroup-15-1] DEBUG c.i.k.driver.chrome_1752427223209 - << {"id":71,"result":{},"sessionId":"C48173F500BAB7F930C303849137FD33"}
00:20:30.233 [main] DEBUG c.i.k.driver.chrome_1752427223209 - >> {"id":72,"sessionId":"C48173F500BAB7F930C303849137FD33","method":"Input.dispatchKeyEvent","params":{"modifiers":0,"type":"char","text":"e","windowsVirtualKeyCode":101}}
00:20:30.235 [nioEventLoopGroup-15-1] DEBUG c.i.k.driver.chrome_1752427223209 - << {"id":72,"result":{},"sessionId":"C48173F500BAB7F930C303849137FD33"}
00:20:30.235 [main] DEBUG c.i.k.driver.chrome_1752427223209 - >> {"id":73,"sessionId":"C48173F500BAB7F930C303849137FD33","method":"Input.dispatchKeyEvent","params":{"modifiers":0,"type":"keyUp","text":"e","windowsVirtualKeyCode":101}}
00:20:30.239 [nioEventLoopGroup-15-1] DEBUG c.i.k.driver.chrome_1752427223209 - << {"id":73,"result":{},"sessionId":"C48173F500BAB7F930C303849137FD33"}
00:20:30.239 [main] DEBUG c.i.k.driver.chrome_1752427223209 - >> {"id":74,"sessionId":"C48173F500BAB7F930C303849137FD33","method":"Input.dispatchKeyEvent","params":{"modifiers":0,"type":"rawKeyDown","text":"c","windowsVirtualKeyCode":99}}
00:20:30.241 [nioEventLoopGroup-15-1] DEBUG c.i.k.driver.chrome_1752427223209 - << {"id":74,"result":{},"sessionId":"C48173F500BAB7F930C303849137FD33"}
00:20:30.241 [main] DEBUG c.i.k.driver.chrome_1752427223209 - >> {"id":75,"sessionId":"C48173F500BAB7F930C303849137FD33","method":"Input.dispatchKeyEvent","params":{"modifiers":0,"type":"char","text":"c","windowsVirtualKeyCode":99}}
00:20:30.242 [nioEventLoopGroup-15-1] DEBUG c.i.k.driver.chrome_1752427223209 - << {"id":75,"result":{},"sessionId":"C48173F500BAB7F930C303849137FD33"}
00:20:30.242 [main] DEBUG c.i.k.driver.chrome_1752427223209 - >> {"id":76,"sessionId":"C48173F500BAB7F930C303849137FD33","method":"Input.dispatchKeyEvent","params":{"modifiers":0,"type":"keyUp","text":"c","windowsVirtualKeyCode":99}}
00:20:30.244 [nioEventLoopGroup-15-1] DEBUG c.i.k.driver.chrome_1752427223209 - << {"id":76,"result":{},"sessionId":"C48173F500BAB7F930C303849137FD33"}
00:20:30.244 [main] DEBUG c.i.k.driver.chrome_1752427223209 - >> {"id":77,"sessionId":"C48173F500BAB7F930C303849137FD33","method":"Input.dispatchKeyEvent","params":{"modifiers":0,"type":"rawKeyDown","text":"r","windowsVirtualKeyCode":114}}
00:20:30.251 [nioEventLoopGroup-15-1] DEBUG c.i.k.driver.chrome_1752427223209 - << {"id":77,"result":{},"sessionId":"C48173F500BAB7F930C303849137FD33"}
00:20:30.252 [main] DEBUG c.i.k.driver.chrome_1752427223209 - >> {"id":78,"sessionId":"C48173F500BAB7F930C303849137FD33","method":"Input.dispatchKeyEvent","params":{"modifiers":0,"type":"char","text":"r","windowsVirtualKeyCode":114}}
00:20:30.253 [nioEventLoopGroup-15-1] DEBUG c.i.k.driver.chrome_1752427223209 - << {"id":78,"result":{},"sessionId":"C48173F500BAB7F930C303849137FD33"}
00:20:30.253 [main] DEBUG c.i.k.driver.chrome_1752427223209 - >> {"id":79,"sessionId":"C48173F500BAB7F930C303849137FD33","method":"Input.dispatchKeyEvent","params":{"modifiers":0,"type":"keyUp","text":"r","windowsVirtualKeyCode":114}}
00:20:30.255 [nioEventLoopGroup-15-1] DEBUG c.i.k.driver.chrome_1752427223209 - << {"id":79,"result":{},"sessionId":"C48173F500BAB7F930C303849137FD33"}
00:20:30.255 [main] DEBUG c.i.k.driver.chrome_1752427223209 - >> {"id":80,"sessionId":"C48173F500BAB7F930C303849137FD33","method":"Input.dispatchKeyEvent","params":{"modifiers":0,"type":"rawKeyDown","text":"e","windowsVirtualKeyCode":101}}
00:20:30.256 [nioEventLoopGroup-15-1] DEBUG c.i.k.driver.chrome_1752427223209 - << {"id":80,"result":{},"sessionId":"C48173F500BAB7F930C303849137FD33"}
00:20:30.256 [main] DEBUG c.i.k.driver.chrome_1752427223209 - >> {"id":81,"sessionId":"C48173F500BAB7F930C303849137FD33","method":"Input.dispatchKeyEvent","params":{"modifiers":0,"type":"char","text":"e","windowsVirtualKeyCode":101}}
00:20:30.257 [nioEventLoopGroup-15-1] DEBUG c.i.k.driver.chrome_1752427223209 - << {"id":81,"result":{},"sessionId":"C48173F500BAB7F930C303849137FD33"}
00:20:30.258 [main] DEBUG c.i.k.driver.chrome_1752427223209 - >> {"id":82,"sessionId":"C48173F500BAB7F930C303849137FD33","method":"Input.dispatchKeyEvent","params":{"modifiers":0,"type":"keyUp","text":"e","windowsVirtualKeyCode":101}}
00:20:30.259 [nioEventLoopGroup-15-1] DEBUG c.i.k.driver.chrome_1752427223209 - << {"id":82,"result":{},"sessionId":"C48173F500BAB7F930C303849137FD33"}
00:20:30.259 [main] DEBUG c.i.k.driver.chrome_1752427223209 - >> {"id":83,"sessionId":"C48173F500BAB7F930C303849137FD33","method":"Input.dispatchKeyEvent","params":{"modifiers":0,"type":"rawKeyDown","text":"t","windowsVirtualKeyCode":116}}
00:20:30.260 [nioEventLoopGroup-15-1] DEBUG c.i.k.driver.chrome_1752427223209 - << {"id":83,"result":{},"sessionId":"C48173F500BAB7F930C303849137FD33"}
00:20:30.261 [main] DEBUG c.i.k.driver.chrome_1752427223209 - >> {"id":84,"sessionId":"C48173F500BAB7F930C303849137FD33","method":"Input.dispatchKeyEvent","params":{"modifiers":0,"type":"char","text":"t","windowsVirtualKeyCode":116}}
00:20:30.266 [nioEventLoopGroup-15-1] DEBUG c.i.k.driver.chrome_1752427223209 - << {"id":84,"result":{},"sessionId":"C48173F500BAB7F930C303849137FD33"}
00:20:30.266 [main] DEBUG c.i.k.driver.chrome_1752427223209 - >> {"id":85,"sessionId":"C48173F500BAB7F930C303849137FD33","method":"Input.dispatchKeyEvent","params":{"modifiers":0,"type":"keyUp","text":"t","windowsVirtualKeyCode":116}}
00:20:30.278 [nioEventLoopGroup-15-1] DEBUG c.i.k.driver.chrome_1752427223209 - << {"id":85,"result":{},"sessionId":"C48173F500BAB7F930C303849137FD33"}
00:20:30.278 [main] DEBUG c.i.k.driver.chrome_1752427223209 - >> {"id":86,"sessionId":"C48173F500BAB7F930C303849137FD33","method":"Input.dispatchKeyEvent","params":{"modifiers":0,"type":"rawKeyDown","text":"_","windowsVirtualKeyCode":523}}
00:20:30.281 [nioEventLoopGroup-15-1] DEBUG c.i.k.driver.chrome_1752427223209 - << {"id":86,"result":{},"sessionId":"C48173F500BAB7F930C303849137FD33"}
00:20:30.281 [main] DEBUG c.i.k.driver.chrome_1752427223209 - >> {"id":87,"sessionId":"C48173F500BAB7F930C303849137FD33","method":"Input.dispatchKeyEvent","params":{"modifiers":0,"type":"char","text":"_","windowsVirtualKeyCode":523}}
00:20:30.284 [nioEventLoopGroup-15-1] DEBUG c.i.k.driver.chrome_1752427223209 - << {"id":87,"result":{},"sessionId":"C48173F500BAB7F930C303849137FD33"}
00:20:30.284 [main] DEBUG c.i.k.driver.chrome_1752427223209 - >> {"id":88,"sessionId":"C48173F500BAB7F930C303849137FD33","method":"Input.dispatchKeyEvent","params":{"modifiers":0,"type":"keyUp","text":"_","windowsVirtualKeyCode":523}}
00:20:30.286 [nioEventLoopGroup-15-1] DEBUG c.i.k.driver.chrome_1752427223209 - << {"id":88,"result":{},"sessionId":"C48173F500BAB7F930C303849137FD33"}
00:20:30.287 [main] DEBUG c.i.k.driver.chrome_1752427223209 - >> {"id":89,"sessionId":"C48173F500BAB7F930C303849137FD33","method":"Input.dispatchKeyEvent","params":{"modifiers":0,"type":"rawKeyDown","text":"s","windowsVirtualKeyCode":115}}
00:20:30.288 [nioEventLoopGroup-15-1] DEBUG c.i.k.driver.chrome_1752427223209 - << {"id":89,"result":{},"sessionId":"C48173F500BAB7F930C303849137FD33"}
00:20:30.288 [main] DEBUG c.i.k.driver.chrome_1752427223209 - >> {"id":90,"sessionId":"C48173F500BAB7F930C303849137FD33","method":"Input.dispatchKeyEvent","params":{"modifiers":0,"type":"char","text":"s","windowsVirtualKeyCode":115}}
00:20:30.290 [nioEventLoopGroup-15-1] DEBUG c.i.k.driver.chrome_1752427223209 - << {"id":90,"result":{},"sessionId":"C48173F500BAB7F930C303849137FD33"}
00:20:30.290 [main] DEBUG c.i.k.driver.chrome_1752427223209 - >> {"id":91,"sessionId":"C48173F500BAB7F930C303849137FD33","method":"Input.dispatchKeyEvent","params":{"modifiers":0,"type":"keyUp","text":"s","windowsVirtualKeyCode":115}}
00:20:30.292 [nioEventLoopGroup-15-1] DEBUG c.i.k.driver.chrome_1752427223209 - << {"id":91,"result":{},"sessionId":"C48173F500BAB7F930C303849137FD33"}
00:20:30.292 [main] DEBUG c.i.k.driver.chrome_1752427223209 - >> {"id":92,"sessionId":"C48173F500BAB7F930C303849137FD33","method":"Input.dispatchKeyEvent","params":{"modifiers":0,"type":"rawKeyDown","text":"a","windowsVirtualKeyCode":97}}
00:20:30.293 [nioEventLoopGroup-15-1] DEBUG c.i.k.driver.chrome_1752427223209 - << {"id":92,"result":{},"sessionId":"C48173F500BAB7F930C303849137FD33"}
00:20:30.294 [main] DEBUG c.i.k.driver.chrome_1752427223209 - >> {"id":93,"sessionId":"C48173F500BAB7F930C303849137FD33","method":"Input.dispatchKeyEvent","params":{"modifiers":0,"type":"char","text":"a","windowsVirtualKeyCode":97}}
00:20:30.300 [nioEventLoopGroup-15-1] DEBUG c.i.k.driver.chrome_1752427223209 - << {"id":93,"result":{},"sessionId":"C48173F500BAB7F930C303849137FD33"}
00:20:30.301 [main] DEBUG c.i.k.driver.chrome_1752427223209 - >> {"id":94,"sessionId":"C48173F500BAB7F930C303849137FD33","method":"Input.dispatchKeyEvent","params":{"modifiers":0,"type":"keyUp","text":"a","windowsVirtualKeyCode":97}}
00:20:30.302 [nioEventLoopGroup-15-1] DEBUG c.i.k.driver.chrome_1752427223209 - << {"id":94,"result":{},"sessionId":"C48173F500BAB7F930C303849137FD33"}
00:20:30.303 [main] DEBUG c.i.k.driver.chrome_1752427223209 - >> {"id":95,"sessionId":"C48173F500BAB7F930C303849137FD33","method":"Input.dispatchKeyEvent","params":{"modifiers":0,"type":"rawKeyDown","text":"u","windowsVirtualKeyCode":117}}
00:20:30.306 [nioEventLoopGroup-15-1] DEBUG c.i.k.driver.chrome_1752427223209 - << {"id":95,"result":{},"sessionId":"C48173F500BAB7F930C303849137FD33"}
00:20:30.306 [main] DEBUG c.i.k.driver.chrome_1752427223209 - >> {"id":96,"sessionId":"C48173F500BAB7F930C303849137FD33","method":"Input.dispatchKeyEvent","params":{"modifiers":0,"type":"char","text":"u","windowsVirtualKeyCode":117}}
00:20:30.307 [nioEventLoopGroup-15-1] DEBUG c.i.k.driver.chrome_1752427223209 - << {"id":96,"result":{},"sessionId":"C48173F500BAB7F930C303849137FD33"}
00:20:30.308 [main] DEBUG c.i.k.driver.chrome_1752427223209 - >> {"id":97,"sessionId":"C48173F500BAB7F930C303849137FD33","method":"Input.dispatchKeyEvent","params":{"modifiers":0,"type":"keyUp","text":"u","windowsVirtualKeyCode":117}}
00:20:30.309 [nioEventLoopGroup-15-1] DEBUG c.i.k.driver.chrome_1752427223209 - << {"id":97,"result":{},"sessionId":"C48173F500BAB7F930C303849137FD33"}
00:20:30.309 [main] DEBUG c.i.k.driver.chrome_1752427223209 - >> {"id":98,"sessionId":"C48173F500BAB7F930C303849137FD33","method":"Input.dispatchKeyEvent","params":{"modifiers":0,"type":"rawKeyDown","text":"c","windowsVirtualKeyCode":99}}
00:20:30.311 [nioEventLoopGroup-15-1] DEBUG c.i.k.driver.chrome_1752427223209 - << {"id":98,"result":{},"sessionId":"C48173F500BAB7F930C303849137FD33"}
00:20:30.312 [main] DEBUG c.i.k.driver.chrome_1752427223209 - >> {"id":99,"sessionId":"C48173F500BAB7F930C303849137FD33","method":"Input.dispatchKeyEvent","params":{"modifiers":0,"type":"char","text":"c","windowsVirtualKeyCode":99}}
00:20:30.314 [nioEventLoopGroup-15-1] DEBUG c.i.k.driver.chrome_1752427223209 - << {"id":99,"result":{},"sessionId":"C48173F500BAB7F930C303849137FD33"}
00:20:30.314 [main] DEBUG c.i.k.driver.chrome_1752427223209 - >> {"id":100,"sessionId":"C48173F500BAB7F930C303849137FD33","method":"Input.dispatchKeyEvent","params":{"modifiers":0,"type":"keyUp","text":"c","windowsVirtualKeyCode":99}}
00:20:30.316 [nioEventLoopGroup-15-1] DEBUG c.i.k.driver.chrome_1752427223209 - << {"id":100,"result":{},"sessionId":"C48173F500BAB7F930C303849137FD33"}
00:20:30.316 [main] DEBUG c.i.k.driver.chrome_1752427223209 - >> {"id":101,"sessionId":"C48173F500BAB7F930C303849137FD33","method":"Input.dispatchKeyEvent","params":{"modifiers":0,"type":"rawKeyDown","text":"e","windowsVirtualKeyCode":101}}
00:20:30.317 [nioEventLoopGroup-15-1] DEBUG c.i.k.driver.chrome_1752427223209 - << {"id":101,"result":{},"sessionId":"C48173F500BAB7F930C303849137FD33"}
00:20:30.317 [main] DEBUG c.i.k.driver.chrome_1752427223209 - >> {"id":102,"sessionId":"C48173F500BAB7F930C303849137FD33","method":"Input.dispatchKeyEvent","params":{"modifiers":0,"type":"char","text":"e","windowsVirtualKeyCode":101}}
00:20:30.319 [nioEventLoopGroup-15-1] DEBUG c.i.k.driver.chrome_1752427223209 - << {"id":102,"result":{},"sessionId":"C48173F500BAB7F930C303849137FD33"}
00:20:30.319 [main] DEBUG c.i.k.driver.chrome_1752427223209 - >> {"id":103,"sessionId":"C48173F500BAB7F930C303849137FD33","method":"Input.dispatchKeyEvent","params":{"modifiers":0,"type":"keyUp","text":"e","windowsVirtualKeyCode":101}}
00:20:30.320 [nioEventLoopGroup-15-1] DEBUG c.i.k.driver.chrome_1752427223209 - << {"id":103,"result":{},"sessionId":"C48173F500BAB7F930C303849137FD33"}
00:20:30.322 [main] DEBUG c.i.k.driver.chrome_1752427223209 - >> {"id":104,"sessionId":"C48173F500BAB7F930C303849137FD33","method":"Runtime.evaluate","params":{"expression":"document.evaluate(\"\/\/*[@id='login-button']\", document, null, 9, null).singleNodeValue.click()","returnByValue":true}}
00:20:30.353 [nioEventLoopGroup-15-1] DEBUG c.i.k.driver.chrome_1752427223209 - << {"id":104,"result":{"result":{"type":"undefined"}},"sessionId":"C48173F500BAB7F930C303849137FD33"}
00:20:30.354 [main] DEBUG c.i.k.driver.chrome_1752427223209 - >> {"id":105,"sessionId":"C48173F500BAB7F930C303849137FD33","method":"Target.closeTarget","params":{"targetId":"DED9686573883DADBF53ACC04336C744"}}
00:20:30.355 [nioEventLoopGroup-15-1] DEBUG c.i.k.http.WebSocketClientHandler - websocket closing
00:20:30.356 [nioEventLoopGroup-15-1] DEBUG c.i.k.http.WebSocketClientHandler - websocket client disconnected
00:20:30.359 [main] DEBUG com.intuit.karate.shell.Command - closing command: chrome_1752427223209
00:20:30.373 [main] INFO  com.intuit.karate - karate.env system property was: null 
00:20:30.386 [main] DEBUG com.intuit.karate.shell.Command - found / verified free local port: 65308
00:20:30.387 [main] WARN  c.intuit.karate.driver.DriverOptions - preferred port 9222 not available, will use: 65308
00:20:30.388 [main] DEBUG c.i.k.driver.chrome_1752427230386 - poll attempt #0 for port to be ready - localhost:65308
00:20:30.389 [chrome_1752427230386] DEBUG c.i.k.driver.chrome_1752427230386 - command: [C:\Program Files\Google\Chrome\Application\chrome.exe, --remote-debugging-port=65308, --remote-allow-origins=*, --no-first-run, --user-data-dir=E:\Duy\Projects\practices\karate_framework\demo\target\chrome_1752427230386, --disable-popup-blocking], working dir: target\chrome_1752427230386
00:20:30.527 [chrome_1752427223209] WARN  com.intuit.karate.shell.Command - exit code was non-zero: 1 - [C:\Program Files\Google\Chrome\Application\chrome.exe, --remote-debugging-port=65279, --remote-allow-origins=*, --no-first-run, --user-data-dir=E:\Duy\Projects\practices\karate_framework\demo\target\chrome_1752427223209, --disable-popup-blocking] working dir: target\chrome_1752427223209
00:20:30.642 [main] DEBUG c.i.k.driver.chrome_1752427230386 - poll attempt #1 for port to be ready - localhost:65308
00:20:30.874 [chrome_1752427230386-out] DEBUG c.i.k.driver.chrome_1752427230386 - 
00:20:30.874 [chrome_1752427230386-out] DEBUG c.i.k.driver.chrome_1752427230386 - DevTools listening on ws://127.0.0.1:65308/devtools/browser/785774aa-9be4-48cb-9b8b-c9a9fa7c936d
00:20:30.933 [main] DEBUG c.i.k.driver.chrome_1752427230386 - poll attempt #2 for port to be ready - localhost:65308
00:20:30.951 [main] DEBUG com.intuit.karate - request:
1 > GET http://localhost:65308/json
1 > Host: localhost:65308
1 > Connection: Keep-Alive
1 > User-Agent: Apache-HttpClient/4.5.14 (Java/21.0.7)
1 > Accept-Encoding: gzip,deflate


00:20:31.165 [main] DEBUG com.intuit.karate - response time in milliseconds: 214
1 < 200
1 < Content-Security-Policy: frame-ancestors 'none'
1 < Content-Length: 986
1 < Content-Type: application/json; charset=UTF-8
[ {
   "description": "",
   "devtoolsFrontendUrl": "https://chrome-devtools-frontend.appspot.com/serve_rev/@a2159ad9ab8037bd34a21b9903003e0964c2075b/inspector.html?ws=localhost:65308/devtools/page/8F41EE20CAC430CA98EC0E224A4E734B",
   "id": "8F41EE20CAC430CA98EC0E224A4E734B",
   "title": "Google Hangouts",
   "type": "background_page",
   "url": "chrome-extension://nkeimhogjdpnpccoofpliimaahmaaome/background.html",
   "webSocketDebuggerUrl": "ws://localhost:65308/devtools/page/8F41EE20CAC430CA98EC0E224A4E734B"
}, {
   "description": "",
   "devtoolsFrontendUrl": "https://chrome-devtools-frontend.appspot.com/serve_rev/@a2159ad9ab8037bd34a21b9903003e0964c2075b/inspector.html?ws=localhost:65308/devtools/page/E46B69D46672C0D44F492839A26544F1",
   "id": "E46B69D46672C0D44F492839A26544F1",
   "title": "New Tab",
   "type": "page",
   "url": "chrome://newtab/",
   "webSocketDebuggerUrl": "ws://localhost:65308/devtools/page/E46B69D46672C0D44F492839A26544F1"
} ]


00:20:31.166 [main] DEBUG com.intuit.karate.shell.Command - ready to accept http connections after 223 ms - http://localhost:65308/json
00:20:31.168 [main] DEBUG com.intuit.karate - request:
1 > GET http://localhost:65308/json
1 > Host: localhost:65308
1 > Connection: Keep-Alive
1 > User-Agent: Apache-HttpClient/4.5.14 (Java/21.0.7)
1 > Accept-Encoding: gzip,deflate


00:20:31.209 [main] DEBUG com.intuit.karate - response time in milliseconds: 39
1 < 200
1 < Content-Security-Policy: frame-ancestors 'none'
1 < Content-Length: 986
1 < Content-Type: application/json; charset=UTF-8
[ {
   "description": "",
   "devtoolsFrontendUrl": "https://chrome-devtools-frontend.appspot.com/serve_rev/@a2159ad9ab8037bd34a21b9903003e0964c2075b/inspector.html?ws=localhost:65308/devtools/page/8F41EE20CAC430CA98EC0E224A4E734B",
   "id": "8F41EE20CAC430CA98EC0E224A4E734B",
   "title": "Google Hangouts",
   "type": "background_page",
   "url": "chrome-extension://nkeimhogjdpnpccoofpliimaahmaaome/background.html",
   "webSocketDebuggerUrl": "ws://localhost:65308/devtools/page/8F41EE20CAC430CA98EC0E224A4E734B"
}, {
   "description": "",
   "devtoolsFrontendUrl": "https://chrome-devtools-frontend.appspot.com/serve_rev/@a2159ad9ab8037bd34a21b9903003e0964c2075b/inspector.html?ws=localhost:65308/devtools/page/E46B69D46672C0D44F492839A26544F1",
   "id": "E46B69D46672C0D44F492839A26544F1",
   "title": "New Tab",
   "type": "page",
   "url": "chrome://newtab/",
   "webSocketDebuggerUrl": "ws://localhost:65308/devtools/page/E46B69D46672C0D44F492839A26544F1"
} ]


00:20:31.211 [main] DEBUG c.i.k.driver.chrome_1752427230386 - root frame id: E46B69D46672C0D44F492839A26544F1
00:20:31.287 [nioEventLoopGroup-16-1] DEBUG c.i.k.http.WebSocketClientHandler - websocket client connected
00:20:31.288 [main] DEBUG c.i.k.driver.chrome_1752427230386 - >> {"id":1,"method":"Target.attachToTarget","params":{"targetId":"E46B69D46672C0D44F492839A26544F1","flatten":true}}
00:20:31.290 [nioEventLoopGroup-16-1] DEBUG c.i.k.driver.chrome_1752427230386 - << {"method":"Target.attachedToTarget","params":{"sessionId":"5851A0EE2351F52E23F504634FFBE8F6","targetInfo":{"targetId":"E46B69D46672C0D44F492839A26544F1","type":"page","title":"New Tab","url":"chrome://newtab/","attached":true,"canAccessOpener":false,"browserContextId":"949D89E12065256A82C3874BDFAB5BFA"},"waitingForDebugger":false}}
00:20:31.291 [nioEventLoopGroup-16-1] DEBUG c.i.k.driver.chrome_1752427230386 - << {"id":1,"result":{"sessionId":"5851A0EE2351F52E23F504634FFBE8F6"}}
00:20:31.291 [main] DEBUG c.i.k.driver.chrome_1752427230386 - >> {"id":2,"sessionId":"5851A0EE2351F52E23F504634FFBE8F6","method":"Target.activateTarget","params":{"targetId":"E46B69D46672C0D44F492839A26544F1"}}
00:20:31.292 [nioEventLoopGroup-16-1] DEBUG c.i.k.driver.chrome_1752427230386 - << {"id":2,"result":{},"sessionId":"5851A0EE2351F52E23F504634FFBE8F6"}
00:20:31.293 [main] DEBUG c.i.k.driver.chrome_1752427230386 - >> {"id":3,"sessionId":"5851A0EE2351F52E23F504634FFBE8F6","method":"Target.setDiscoverTargets","params":{"discover":true}}
00:20:31.294 [nioEventLoopGroup-16-1] DEBUG c.i.k.driver.chrome_1752427230386 - << {"method":"Target.targetCreated","params":{"targetInfo":{"targetId":"8F41EE20CAC430CA98EC0E224A4E734B","type":"background_page","title":"Google Hangouts","url":"chrome-extension://nkeimhogjdpnpccoofpliimaahmaaome/background.html","attached":false,"canAccessOpener":false,"browserContextId":"949D89E12065256A82C3874BDFAB5BFA"}},"sessionId":"5851A0EE2351F52E23F504634FFBE8F6"}
00:20:31.294 [nioEventLoopGroup-16-1] DEBUG c.i.k.driver.chrome_1752427230386 - << {"method":"Target.targetCreated","params":{"targetInfo":{"targetId":"E46B69D46672C0D44F492839A26544F1","type":"page","title":"New Tab","url":"chrome://newtab/","attached":true,"canAccessOpener":false,"browserContextId":"949D89E12065256A82C3874BDFAB5BFA"}},"sessionId":"5851A0EE2351F52E23F504634FFBE8F6"}
00:20:31.294 [nioEventLoopGroup-16-1] DEBUG c.i.k.driver.chrome_1752427230386 - << {"id":3,"result":{},"sessionId":"5851A0EE2351F52E23F504634FFBE8F6"}
00:20:31.295 [main] DEBUG c.i.k.driver.chrome_1752427230386 - >> {"id":4,"sessionId":"5851A0EE2351F52E23F504634FFBE8F6","method":"Page.enable"}
00:20:31.350 [nioEventLoopGroup-16-1] DEBUG c.i.k.driver.chrome_1752427230386 - << {"method":"Page.frameStartedLoading","params":{"frameId":"E5C8C9C9B67BA4F2CA34B1E776EBF3A2"},"sessionId":"5851A0EE2351F52E23F504634FFBE8F6"}
00:20:31.357 [nioEventLoopGroup-16-1] DEBUG c.i.k.driver.chrome_1752427230386 - << {"method":"Page.frameStoppedLoading","params":{"frameId":"E5C8C9C9B67BA4F2CA34B1E776EBF3A2"},"sessionId":"5851A0EE2351F52E23F504634FFBE8F6"}
00:20:31.367 [nioEventLoopGroup-16-1] DEBUG c.i.k.driver.chrome_1752427230386 - << {"id":4,"result":{},"sessionId":"5851A0EE2351F52E23F504634FFBE8F6"}
00:20:31.379 [main] DEBUG c.i.k.driver.chrome_1752427230386 - >> {"id":5,"sessionId":"5851A0EE2351F52E23F504634FFBE8F6","method":"Runtime.enable"}
00:20:31.402 [nioEventLoopGroup-16-1] DEBUG c.i.k.driver.chrome_1752427230386 - << {"method":"Runtime.executionContextCreated","params":{"context":{"id":2,"origin":"chrome://new-tab-page","name":"","uniqueId":"1580000064841296115.-1728991942255608105","auxData":{"isDefault":true,"type":"default","frameId":"E5C8C9C9B67BA4F2CA34B1E776EBF3A2"}}},"sessionId":"5851A0EE2351F52E23F504634FFBE8F6"}
00:20:31.402 [nioEventLoopGroup-16-1] DEBUG c.i.k.driver.chrome_1752427230386 - << {"method":"Runtime.executionContextCreated","params":{"context":{"id":1,"origin":"chrome://new-tab-page","name":"","uniqueId":"2434854729949853926.7457358976997782272","auxData":{"isDefault":true,"type":"default","frameId":"E46B69D46672C0D44F492839A26544F1"}}},"sessionId":"5851A0EE2351F52E23F504634FFBE8F6"}
00:20:31.402 [nioEventLoopGroup-16-1] DEBUG c.i.k.driver.chrome_1752427230386 - << {"id":5,"result":{},"sessionId":"5851A0EE2351F52E23F504634FFBE8F6"}
00:20:31.403 [main] DEBUG c.i.k.driver.chrome_1752427230386 - >> {"id":6,"sessionId":"5851A0EE2351F52E23F504634FFBE8F6","method":"Browser.getWindowForTarget","params":{"targetId":"E46B69D46672C0D44F492839A26544F1"}}
00:20:31.405 [nioEventLoopGroup-16-1] DEBUG c.i.k.driver.chrome_1752427230386 - << {"id":6,"result":{"windowId":516782244,"bounds":{"left":10,"top":10,"width":945,"height":1060,"windowState":"normal"}},"sessionId":"5851A0EE2351F52E23F504634FFBE8F6"}
00:20:31.417 [main] DEBUG c.i.k.driver.chrome_1752427230386 - >> {"id":7,"sessionId":"5851A0EE2351F52E23F504634FFBE8F6","method":"Page.navigate","params":{"url":"https:\/\/saucedemo.com\/"}}
00:20:31.443 [nioEventLoopGroup-16-1] DEBUG c.i.k.driver.chrome_1752427230386 - << {"method":"Page.frameStartedNavigating","params":{"frameId":"E46B69D46672C0D44F492839A26544F1","url":"https://saucedemo.com/","loaderId":"9D0ED8BF42300E98CD9C5E7A1AE1EE3B","navigationType":"differentDocument"},"sessionId":"5851A0EE2351F52E23F504634FFBE8F6"}
00:20:31.443 [nioEventLoopGroup-16-1] DEBUG c.i.k.driver.chrome_1752427230386 - << {"method":"Page.frameStartedLoading","params":{"frameId":"E46B69D46672C0D44F492839A26544F1"},"sessionId":"5851A0EE2351F52E23F504634FFBE8F6"}
00:20:31.510 [nioEventLoopGroup-16-1] DEBUG c.i.k.driver.chrome_1752427230386 - << {"method":"Target.targetInfoChanged","params":{"targetInfo":{"targetId":"8F41EE20CAC430CA98EC0E224A4E734B","type":"background_page","title":"Google Hangouts","url":"chrome-extension://nkeimhogjdpnpccoofpliimaahmaaome/background.html","attached":false,"canAccessOpener":false,"browserContextId":"949D89E12065256A82C3874BDFAB5BFA"}},"sessionId":"5851A0EE2351F52E23F504634FFBE8F6"}
00:20:31.718 [nioEventLoopGroup-16-1] DEBUG c.i.k.driver.chrome_1752427230386 - << {"method":"Page.domContentEventFired","params":{"timestamp":35174.354436},"sessionId":"5851A0EE2351F52E23F504634FFBE8F6"}
00:20:31.723 [main] INFO  c.intuit.karate.core.FeatureRuntime - classpath:UI/LoginUI/LoginPage.feature - call by tag at line 7: action_attemptLogin
00:20:31.739 [nioEventLoopGroup-16-1] DEBUG c.i.k.driver.chrome_1752427230386 - << {"method":"Page.loadEventFired","params":{"timestamp":35174.387135},"sessionId":"5851A0EE2351F52E23F504634FFBE8F6"}
00:20:31.740 [nioEventLoopGroup-16-1] DEBUG c.i.k.driver.chrome_1752427230386 - << {"method":"Page.frameStartedLoading","params":{"frameId":"E46B69D46672C0D44F492839A26544F1"},"sessionId":"5851A0EE2351F52E23F504634FFBE8F6"}
00:20:31.741 [main] DEBUG c.intuit.karate.core.ScenarioEngine - over-writing existing variable 'loginPage' with new value: read('classpath:UI/LoginUI/saucedemo-LoginPage.json')
00:20:31.743 [main] DEBUG c.i.k.driver.chrome_1752427230386 - >> {"id":8,"sessionId":"5851A0EE2351F52E23F504634FFBE8F6","method":"Runtime.evaluate","params":{"expression":"var e = document.evaluate(\"\/\/*[@id='user-name']\", document, null, 9, null).singleNodeValue; e.focus(); try { e.selectionStart = e.selectionEnd = e.value.length } catch(x) {}","returnByValue":true}}
00:20:31.754 [nioEventLoopGroup-16-1] DEBUG c.i.k.driver.chrome_1752427230386 - << {"method":"Page.frameAttached","params":{"frameId":"DD21B639D6CDD15E9C68771534949341","parentFrameId":"E46B69D46672C0D44F492839A26544F1","stack":{"callFrames":[{"functionName":"O","scriptId":"8","url":"chrome://resources/lit/v3_0/lit.rollup.js","lineNumber":15,"columnNumber":4320},{"functionName":"T","scriptId":"8","url":"chrome://resources/lit/v3_0/lit.rollup.js","lineNumber":15,"columnNumber":4394},{"functionName":"$","scriptId":"8","url":"chrome://resources/lit/v3_0/lit.rollup.js","lineNumber":15,"columnNumber":4743},{"functionName":"_$AI","scriptId":"8","url":"chrome://resources/lit/v3_0/lit.rollup.js","lineNumber":15,"columnNumber":4227},{"functionName":"B","scriptId":"8","url":"chrome://resources/lit/v3_0/lit.rollup.js","lineNumber":15,"columnNumber":7111},{"functionName":"update","scriptId":"8","url":"chrome://resources/lit/v3_0/lit.rollup.js","lineNumber":20,"columnNumber":369},{"functionName":"performUpdate","scriptId":"8","url":"chrome://resources/lit/v3_0/lit.rollup.js","lineNumber":10,"columnNumbe ...
00:20:31.756 [nioEventLoopGroup-16-1] DEBUG c.i.k.driver.chrome_1752427230386 - << {"method":"Page.frameRequestedNavigation","params":{"frameId":"DD21B639D6CDD15E9C68771534949341","reason":"initialFrameNavigation","url":"chrome-untrusted://new-tab-page/one-google-bar?paramsencoded=","disposition":"currentTab"},"sessionId":"5851A0EE2351F52E23F504634FFBE8F6"}
00:20:31.760 [nioEventLoopGroup-16-1] DEBUG c.i.k.driver.chrome_1752427230386 - << {"method":"Page.frameStartedNavigating","params":{"frameId":"DD21B639D6CDD15E9C68771534949341","url":"chrome-untrusted://new-tab-page/one-google-bar?paramsencoded=","loaderId":"0CB0DAD1EB213CD85FB388D953E05593","navigationType":"differentDocument"},"sessionId":"5851A0EE2351F52E23F504634FFBE8F6"}
00:20:31.761 [nioEventLoopGroup-16-1] DEBUG c.i.k.driver.chrome_1752427230386 - << {"method":"Page.frameStartedLoading","params":{"frameId":"DD21B639D6CDD15E9C68771534949341"},"sessionId":"5851A0EE2351F52E23F504634FFBE8F6"}
00:20:31.976 [nioEventLoopGroup-16-1] DEBUG c.i.k.driver.chrome_1752427230386 - << {"method":"Target.targetCreated","params":{"targetInfo":{"targetId":"918894CD0A075CBBE89DDB8F5C69A2B1","type":"service_worker","title":"Service Worker chrome-extension://fignfifoniblkonapihmkfakmlgkbkcf/service_worker.js","url":"chrome-extension://fignfifoniblkonapihmkfakmlgkbkcf/service_worker.js","attached":false,"canAccessOpener":false,"browserContextId":"949D89E12065256A82C3874BDFAB5BFA"}},"sessionId":"5851A0EE2351F52E23F504634FFBE8F6"}
00:20:32.273 [nioEventLoopGroup-16-1] DEBUG c.i.k.driver.chrome_1752427230386 - << {"id":7,"result":{"frameId":"E46B69D46672C0D44F492839A26544F1","loaderId":"9D0ED8BF42300E98CD9C5E7A1AE1EE3B"},"sessionId":"5851A0EE2351F52E23F504634FFBE8F6"}
00:20:32.275 [nioEventLoopGroup-16-1] DEBUG c.i.k.driver.chrome_1752427230386 - << {"method":"Runtime.executionContextsCleared","params":{},"sessionId":"5851A0EE2351F52E23F504634FFBE8F6"}
00:20:32.277 [nioEventLoopGroup-16-1] DEBUG c.i.k.driver.chrome_1752427230386 - << {"method":"Runtime.executionContextsCleared","params":{},"sessionId":"5851A0EE2351F52E23F504634FFBE8F6"}
00:20:32.278 [nioEventLoopGroup-16-1] DEBUG c.i.k.driver.chrome_1752427230386 - << {"method":"Page.frameNavigated","params":{"frame":{"id":"E46B69D46672C0D44F492839A26544F1","loaderId":"9D0ED8BF42300E98CD9C5E7A1AE1EE3B","url":"https://www.saucedemo.com/","domainAndRegistry":"saucedemo.com","securityOrigin":"https://www.saucedemo.com","securityOriginDetails":{"isLocalhost":false},"mimeType":"text/html","adFrameStatus":{"adFrameType":"none"},"secureContextType":"Secure","crossOriginIsolatedContextType":"NotIsolated","gatedAPIFeatures":[]},"type":"Navigation"},"sessionId":"5851A0EE2351F52E23F504634FFBE8F6"}
00:20:32.280 [nioEventLoopGroup-16-1] DEBUG c.i.k.driver.chrome_1752427230386 - << {"method":"Page.frameStoppedLoading","params":{"frameId":"DD21B639D6CDD15E9C68771534949341"},"sessionId":"5851A0EE2351F52E23F504634FFBE8F6"}
00:20:32.292 [nioEventLoopGroup-16-1] DEBUG c.i.k.driver.chrome_1752427230386 - << {"method":"Target.targetInfoChanged","params":{"targetInfo":{"targetId":"E46B69D46672C0D44F492839A26544F1","type":"page","title":"saucedemo.com","url":"https://www.saucedemo.com/","attached":true,"canAccessOpener":false,"browserContextId":"949D89E12065256A82C3874BDFAB5BFA"}},"sessionId":"5851A0EE2351F52E23F504634FFBE8F6"}
00:20:32.299 [nioEventLoopGroup-16-1] DEBUG c.i.k.driver.chrome_1752427230386 - << {"method":"Runtime.executionContextCreated","params":{"context":{"id":1,"origin":"https://www.saucedemo.com","name":"","uniqueId":"-1002594128117715893.-5990638873582289280","auxData":{"isDefault":true,"type":"default","frameId":"E46B69D46672C0D44F492839A26544F1"}}},"sessionId":"5851A0EE2351F52E23F504634FFBE8F6"}
00:20:32.299 [nioEventLoopGroup-16-1] DEBUG c.i.k.driver.chrome_1752427230386 - << {"id":8,"result":{"result":{"type":"object","subtype":"error","className":"TypeError","description":"TypeError: Cannot read properties of null (reading 'focus')\n    at <anonymous>:1:95","objectId":"-1905371531986069644.1.1"},"exceptionDetails":{"exceptionId":1,"text":"Uncaught","lineNumber":0,"columnNumber":94,"scriptId":"6","stackTrace":{"callFrames":[{"functionName":"","scriptId":"6","url":"","lineNumber":0,"columnNumber":94}]},"exception":{"type":"object","subtype":"error","className":"TypeError","description":"TypeError: Cannot read properties of null (reading 'focus')\n    at <anonymous>:1:95","objectId":"-1905371531986069644.1.2"}}},"sessionId":"5851A0EE2351F52E23F504634FFBE8F6"}
00:20:32.300 [nioEventLoopGroup-16-1] WARN  c.i.k.driver.chrome_1752427230386 - devtools error: [id: 8, sessionId: 5851A0EE2351F52E23F504634FFBE8F6, result: [type: MAP, value: {type=object, subtype=error, className=TypeError, description=TypeError: Cannot read properties of null (reading 'focus')
    at <anonymous>:1:95, objectId=-1905371531986069644.1.1}]]
00:20:32.300 [main] WARN  c.i.k.driver.chrome_1752427230386 - js eval failed once:var e = document.evaluate("//*[@id='user-name']", document, null, 9, null).singleNodeValue; e.focus(); try { e.selectionStart = e.selectionEnd = e.value.length } catch(x) {}, error: [type: MAP, value: {type=object, subtype=error, className=TypeError, description=TypeError: Cannot read properties of null (reading 'focus')
    at <anonymous>:1:95, objectId=-1905371531986069644.1.1}]
00:20:33.216 [nioEventLoopGroup-16-1] DEBUG c.i.k.driver.chrome_1752427230386 - << {"method":"Page.domContentEventFired","params":{"timestamp":35175.794671},"sessionId":"5851A0EE2351F52E23F504634FFBE8F6"}
00:20:33.484 [nioEventLoopGroup-16-1] DEBUG c.i.k.driver.chrome_1752427230386 - << {"method":"Page.loadEventFired","params":{"timestamp":35176.100005},"sessionId":"5851A0EE2351F52E23F504634FFBE8F6"}
00:20:33.485 [nioEventLoopGroup-16-1] DEBUG c.i.k.driver.chrome_1752427230386 - << {"method":"Page.frameStoppedLoading","params":{"frameId":"E46B69D46672C0D44F492839A26544F1"},"sessionId":"5851A0EE2351F52E23F504634FFBE8F6"}
00:20:33.516 [nioEventLoopGroup-16-1] DEBUG c.i.k.driver.chrome_1752427230386 - << {"method":"Target.targetCreated","params":{"targetInfo":{"targetId":"8B427028C44EB3F3808C0C4F6AC97C4E","type":"service_worker","title":"Service Worker https://www.saucedemo.com/service-worker.js","url":"https://www.saucedemo.com/service-worker.js","attached":false,"canAccessOpener":false,"browserContextId":"949D89E12065256A82C3874BDFAB5BFA"}},"sessionId":"5851A0EE2351F52E23F504634FFBE8F6"}
00:20:34.258 [nioEventLoopGroup-16-1] DEBUG c.i.k.driver.chrome_1752427230386 - << {"method":"Runtime.consoleAPICalled","params":{"type":"log","args":[{"type":"string","value":"Content is cached for offline use."}],"executionContextId":1,"timestamp":1.752427234256454e+12,"stackTrace":{"callFrames":[{"functionName":"console.<computed>","scriptId":"7","url":"https://www.saucedemo.com/static/js/2.84a5cbf3.chunk.js","lineNumber":1,"columnNumber":123015},{"functionName":"a.onstatechange","scriptId":"8","url":"https://www.saucedemo.com/static/js/main.018d2d1e.chunk.js","lineNumber":0,"columnNumber":58496}]}},"sessionId":"5851A0EE2351F52E23F504634FFBE8F6"}
00:20:34.259 [nioEventLoopGroup-16-1] DEBUG c.i.k.driver.chrome_1752427230386 - [console] Content is cached for offline use.
00:20:35.304 [main] DEBUG c.i.k.driver.chrome_1752427230386 - >> {"id":9,"sessionId":"5851A0EE2351F52E23F504634FFBE8F6","method":"Runtime.evaluate","params":{"expression":"var e = document.evaluate(\"\/\/*[@id='user-name']\", document, null, 9, null).singleNodeValue; e.focus(); try { e.selectionStart = e.selectionEnd = e.value.length } catch(x) {}","returnByValue":true}}
00:20:35.315 [nioEventLoopGroup-16-1] DEBUG c.i.k.driver.chrome_1752427230386 - << {"id":9,"result":{"result":{"type":"number","value":0,"description":"0"}},"sessionId":"5851A0EE2351F52E23F504634FFBE8F6"}
00:20:35.315 [main] DEBUG c.i.k.driver.chrome_1752427230386 - >> {"id":10,"sessionId":"5851A0EE2351F52E23F504634FFBE8F6","method":"Input.dispatchKeyEvent","params":{"modifiers":0,"type":"rawKeyDown","text":"s","windowsVirtualKeyCode":115}}
00:20:35.317 [nioEventLoopGroup-16-1] DEBUG c.i.k.driver.chrome_1752427230386 - << {"id":10,"result":{},"sessionId":"5851A0EE2351F52E23F504634FFBE8F6"}
00:20:35.318 [main] DEBUG c.i.k.driver.chrome_1752427230386 - >> {"id":11,"sessionId":"5851A0EE2351F52E23F504634FFBE8F6","method":"Input.dispatchKeyEvent","params":{"modifiers":0,"type":"char","text":"s","windowsVirtualKeyCode":115}}
00:20:35.320 [nioEventLoopGroup-16-1] DEBUG c.i.k.driver.chrome_1752427230386 - << {"id":11,"result":{},"sessionId":"5851A0EE2351F52E23F504634FFBE8F6"}
00:20:35.320 [main] DEBUG c.i.k.driver.chrome_1752427230386 - >> {"id":12,"sessionId":"5851A0EE2351F52E23F504634FFBE8F6","method":"Input.dispatchKeyEvent","params":{"modifiers":0,"type":"keyUp","text":"s","windowsVirtualKeyCode":115}}
00:20:35.323 [nioEventLoopGroup-16-1] DEBUG c.i.k.driver.chrome_1752427230386 - << {"id":12,"result":{},"sessionId":"5851A0EE2351F52E23F504634FFBE8F6"}
00:20:35.323 [main] DEBUG c.i.k.driver.chrome_1752427230386 - >> {"id":13,"sessionId":"5851A0EE2351F52E23F504634FFBE8F6","method":"Input.dispatchKeyEvent","params":{"modifiers":0,"type":"rawKeyDown","text":"t","windowsVirtualKeyCode":116}}
00:20:35.325 [nioEventLoopGroup-16-1] DEBUG c.i.k.driver.chrome_1752427230386 - << {"id":13,"result":{},"sessionId":"5851A0EE2351F52E23F504634FFBE8F6"}
00:20:35.325 [main] DEBUG c.i.k.driver.chrome_1752427230386 - >> {"id":14,"sessionId":"5851A0EE2351F52E23F504634FFBE8F6","method":"Input.dispatchKeyEvent","params":{"modifiers":0,"type":"char","text":"t","windowsVirtualKeyCode":116}}
00:20:35.327 [nioEventLoopGroup-16-1] DEBUG c.i.k.driver.chrome_1752427230386 - << {"id":14,"result":{},"sessionId":"5851A0EE2351F52E23F504634FFBE8F6"}
00:20:35.327 [main] DEBUG c.i.k.driver.chrome_1752427230386 - >> {"id":15,"sessionId":"5851A0EE2351F52E23F504634FFBE8F6","method":"Input.dispatchKeyEvent","params":{"modifiers":0,"type":"keyUp","text":"t","windowsVirtualKeyCode":116}}
00:20:35.328 [nioEventLoopGroup-16-1] DEBUG c.i.k.driver.chrome_1752427230386 - << {"id":15,"result":{},"sessionId":"5851A0EE2351F52E23F504634FFBE8F6"}
00:20:35.328 [main] DEBUG c.i.k.driver.chrome_1752427230386 - >> {"id":16,"sessionId":"5851A0EE2351F52E23F504634FFBE8F6","method":"Input.dispatchKeyEvent","params":{"modifiers":0,"type":"rawKeyDown","text":"a","windowsVirtualKeyCode":97}}
00:20:35.330 [nioEventLoopGroup-16-1] DEBUG c.i.k.driver.chrome_1752427230386 - << {"id":16,"result":{},"sessionId":"5851A0EE2351F52E23F504634FFBE8F6"}
00:20:35.330 [main] DEBUG c.i.k.driver.chrome_1752427230386 - >> {"id":17,"sessionId":"5851A0EE2351F52E23F504634FFBE8F6","method":"Input.dispatchKeyEvent","params":{"modifiers":0,"type":"char","text":"a","windowsVirtualKeyCode":97}}
00:20:35.332 [nioEventLoopGroup-16-1] DEBUG c.i.k.driver.chrome_1752427230386 - << {"id":17,"result":{},"sessionId":"5851A0EE2351F52E23F504634FFBE8F6"}
00:20:35.332 [main] DEBUG c.i.k.driver.chrome_1752427230386 - >> {"id":18,"sessionId":"5851A0EE2351F52E23F504634FFBE8F6","method":"Input.dispatchKeyEvent","params":{"modifiers":0,"type":"keyUp","text":"a","windowsVirtualKeyCode":97}}
00:20:35.334 [nioEventLoopGroup-16-1] DEBUG c.i.k.driver.chrome_1752427230386 - << {"id":18,"result":{},"sessionId":"5851A0EE2351F52E23F504634FFBE8F6"}
00:20:35.334 [main] DEBUG c.i.k.driver.chrome_1752427230386 - >> {"id":19,"sessionId":"5851A0EE2351F52E23F504634FFBE8F6","method":"Input.dispatchKeyEvent","params":{"modifiers":0,"type":"rawKeyDown","text":"n","windowsVirtualKeyCode":110}}
00:20:35.336 [nioEventLoopGroup-16-1] DEBUG c.i.k.driver.chrome_1752427230386 - << {"id":19,"result":{},"sessionId":"5851A0EE2351F52E23F504634FFBE8F6"}
00:20:35.336 [main] DEBUG c.i.k.driver.chrome_1752427230386 - >> {"id":20,"sessionId":"5851A0EE2351F52E23F504634FFBE8F6","method":"Input.dispatchKeyEvent","params":{"modifiers":0,"type":"char","text":"n","windowsVirtualKeyCode":110}}
00:20:35.338 [nioEventLoopGroup-16-1] DEBUG c.i.k.driver.chrome_1752427230386 - << {"id":20,"result":{},"sessionId":"5851A0EE2351F52E23F504634FFBE8F6"}
00:20:35.339 [main] DEBUG c.i.k.driver.chrome_1752427230386 - >> {"id":21,"sessionId":"5851A0EE2351F52E23F504634FFBE8F6","method":"Input.dispatchKeyEvent","params":{"modifiers":0,"type":"keyUp","text":"n","windowsVirtualKeyCode":110}}
00:20:35.340 [nioEventLoopGroup-16-1] DEBUG c.i.k.driver.chrome_1752427230386 - << {"id":21,"result":{},"sessionId":"5851A0EE2351F52E23F504634FFBE8F6"}
00:20:35.340 [main] DEBUG c.i.k.driver.chrome_1752427230386 - >> {"id":22,"sessionId":"5851A0EE2351F52E23F504634FFBE8F6","method":"Input.dispatchKeyEvent","params":{"modifiers":0,"type":"rawKeyDown","text":"d","windowsVirtualKeyCode":100}}
00:20:35.341 [nioEventLoopGroup-16-1] DEBUG c.i.k.driver.chrome_1752427230386 - << {"id":22,"result":{},"sessionId":"5851A0EE2351F52E23F504634FFBE8F6"}
00:20:35.341 [main] DEBUG c.i.k.driver.chrome_1752427230386 - >> {"id":23,"sessionId":"5851A0EE2351F52E23F504634FFBE8F6","method":"Input.dispatchKeyEvent","params":{"modifiers":0,"type":"char","text":"d","windowsVirtualKeyCode":100}}
00:20:35.344 [nioEventLoopGroup-16-1] DEBUG c.i.k.driver.chrome_1752427230386 - << {"id":23,"result":{},"sessionId":"5851A0EE2351F52E23F504634FFBE8F6"}
00:20:35.344 [main] DEBUG c.i.k.driver.chrome_1752427230386 - >> {"id":24,"sessionId":"5851A0EE2351F52E23F504634FFBE8F6","method":"Input.dispatchKeyEvent","params":{"modifiers":0,"type":"keyUp","text":"d","windowsVirtualKeyCode":100}}
00:20:35.345 [nioEventLoopGroup-16-1] DEBUG c.i.k.driver.chrome_1752427230386 - << {"id":24,"result":{},"sessionId":"5851A0EE2351F52E23F504634FFBE8F6"}
00:20:35.346 [main] DEBUG c.i.k.driver.chrome_1752427230386 - >> {"id":25,"sessionId":"5851A0EE2351F52E23F504634FFBE8F6","method":"Input.dispatchKeyEvent","params":{"modifiers":0,"type":"rawKeyDown","text":"a","windowsVirtualKeyCode":97}}
00:20:35.347 [nioEventLoopGroup-16-1] DEBUG c.i.k.driver.chrome_1752427230386 - << {"id":25,"result":{},"sessionId":"5851A0EE2351F52E23F504634FFBE8F6"}
00:20:35.348 [main] DEBUG c.i.k.driver.chrome_1752427230386 - >> {"id":26,"sessionId":"5851A0EE2351F52E23F504634FFBE8F6","method":"Input.dispatchKeyEvent","params":{"modifiers":0,"type":"char","text":"a","windowsVirtualKeyCode":97}}
00:20:35.350 [nioEventLoopGroup-16-1] DEBUG c.i.k.driver.chrome_1752427230386 - << {"id":26,"result":{},"sessionId":"5851A0EE2351F52E23F504634FFBE8F6"}
00:20:35.350 [main] DEBUG c.i.k.driver.chrome_1752427230386 - >> {"id":27,"sessionId":"5851A0EE2351F52E23F504634FFBE8F6","method":"Input.dispatchKeyEvent","params":{"modifiers":0,"type":"keyUp","text":"a","windowsVirtualKeyCode":97}}
00:20:35.352 [nioEventLoopGroup-16-1] DEBUG c.i.k.driver.chrome_1752427230386 - << {"id":27,"result":{},"sessionId":"5851A0EE2351F52E23F504634FFBE8F6"}
00:20:35.352 [main] DEBUG c.i.k.driver.chrome_1752427230386 - >> {"id":28,"sessionId":"5851A0EE2351F52E23F504634FFBE8F6","method":"Input.dispatchKeyEvent","params":{"modifiers":0,"type":"rawKeyDown","text":"r","windowsVirtualKeyCode":114}}
00:20:35.354 [nioEventLoopGroup-16-1] DEBUG c.i.k.driver.chrome_1752427230386 - << {"id":28,"result":{},"sessionId":"5851A0EE2351F52E23F504634FFBE8F6"}
00:20:35.354 [main] DEBUG c.i.k.driver.chrome_1752427230386 - >> {"id":29,"sessionId":"5851A0EE2351F52E23F504634FFBE8F6","method":"Input.dispatchKeyEvent","params":{"modifiers":0,"type":"char","text":"r","windowsVirtualKeyCode":114}}
00:20:35.356 [nioEventLoopGroup-16-1] DEBUG c.i.k.driver.chrome_1752427230386 - << {"id":29,"result":{},"sessionId":"5851A0EE2351F52E23F504634FFBE8F6"}
00:20:35.357 [main] DEBUG c.i.k.driver.chrome_1752427230386 - >> {"id":30,"sessionId":"5851A0EE2351F52E23F504634FFBE8F6","method":"Input.dispatchKeyEvent","params":{"modifiers":0,"type":"keyUp","text":"r","windowsVirtualKeyCode":114}}
00:20:35.359 [nioEventLoopGroup-16-1] DEBUG c.i.k.driver.chrome_1752427230386 - << {"id":30,"result":{},"sessionId":"5851A0EE2351F52E23F504634FFBE8F6"}
00:20:35.360 [main] DEBUG c.i.k.driver.chrome_1752427230386 - >> {"id":31,"sessionId":"5851A0EE2351F52E23F504634FFBE8F6","method":"Input.dispatchKeyEvent","params":{"modifiers":0,"type":"rawKeyDown","text":"d","windowsVirtualKeyCode":100}}
00:20:35.361 [nioEventLoopGroup-16-1] DEBUG c.i.k.driver.chrome_1752427230386 - << {"id":31,"result":{},"sessionId":"5851A0EE2351F52E23F504634FFBE8F6"}
00:20:35.361 [main] DEBUG c.i.k.driver.chrome_1752427230386 - >> {"id":32,"sessionId":"5851A0EE2351F52E23F504634FFBE8F6","method":"Input.dispatchKeyEvent","params":{"modifiers":0,"type":"char","text":"d","windowsVirtualKeyCode":100}}
00:20:35.363 [nioEventLoopGroup-16-1] DEBUG c.i.k.driver.chrome_1752427230386 - << {"id":32,"result":{},"sessionId":"5851A0EE2351F52E23F504634FFBE8F6"}
00:20:35.364 [main] DEBUG c.i.k.driver.chrome_1752427230386 - >> {"id":33,"sessionId":"5851A0EE2351F52E23F504634FFBE8F6","method":"Input.dispatchKeyEvent","params":{"modifiers":0,"type":"keyUp","text":"d","windowsVirtualKeyCode":100}}
00:20:35.366 [nioEventLoopGroup-16-1] DEBUG c.i.k.driver.chrome_1752427230386 - << {"id":33,"result":{},"sessionId":"5851A0EE2351F52E23F504634FFBE8F6"}
00:20:35.367 [main] DEBUG c.i.k.driver.chrome_1752427230386 - >> {"id":34,"sessionId":"5851A0EE2351F52E23F504634FFBE8F6","method":"Input.dispatchKeyEvent","params":{"modifiers":0,"type":"rawKeyDown","text":"_","windowsVirtualKeyCode":523}}
00:20:35.370 [nioEventLoopGroup-16-1] DEBUG c.i.k.driver.chrome_1752427230386 - << {"id":34,"result":{},"sessionId":"5851A0EE2351F52E23F504634FFBE8F6"}
00:20:35.370 [main] DEBUG c.i.k.driver.chrome_1752427230386 - >> {"id":35,"sessionId":"5851A0EE2351F52E23F504634FFBE8F6","method":"Input.dispatchKeyEvent","params":{"modifiers":0,"type":"char","text":"_","windowsVirtualKeyCode":523}}
00:20:35.372 [nioEventLoopGroup-16-1] DEBUG c.i.k.driver.chrome_1752427230386 - << {"id":35,"result":{},"sessionId":"5851A0EE2351F52E23F504634FFBE8F6"}
00:20:35.373 [main] DEBUG c.i.k.driver.chrome_1752427230386 - >> {"id":36,"sessionId":"5851A0EE2351F52E23F504634FFBE8F6","method":"Input.dispatchKeyEvent","params":{"modifiers":0,"type":"keyUp","text":"_","windowsVirtualKeyCode":523}}
00:20:35.375 [nioEventLoopGroup-16-1] DEBUG c.i.k.driver.chrome_1752427230386 - << {"id":36,"result":{},"sessionId":"5851A0EE2351F52E23F504634FFBE8F6"}
00:20:35.375 [main] DEBUG c.i.k.driver.chrome_1752427230386 - >> {"id":37,"sessionId":"5851A0EE2351F52E23F504634FFBE8F6","method":"Input.dispatchKeyEvent","params":{"modifiers":0,"type":"rawKeyDown","text":"u","windowsVirtualKeyCode":117}}
00:20:35.377 [nioEventLoopGroup-16-1] DEBUG c.i.k.driver.chrome_1752427230386 - << {"id":37,"result":{},"sessionId":"5851A0EE2351F52E23F504634FFBE8F6"}
00:20:35.379 [main] DEBUG c.i.k.driver.chrome_1752427230386 - >> {"id":38,"sessionId":"5851A0EE2351F52E23F504634FFBE8F6","method":"Input.dispatchKeyEvent","params":{"modifiers":0,"type":"char","text":"u","windowsVirtualKeyCode":117}}
00:20:35.384 [nioEventLoopGroup-16-1] DEBUG c.i.k.driver.chrome_1752427230386 - << {"id":38,"result":{},"sessionId":"5851A0EE2351F52E23F504634FFBE8F6"}
00:20:35.384 [main] DEBUG c.i.k.driver.chrome_1752427230386 - >> {"id":39,"sessionId":"5851A0EE2351F52E23F504634FFBE8F6","method":"Input.dispatchKeyEvent","params":{"modifiers":0,"type":"keyUp","text":"u","windowsVirtualKeyCode":117}}
00:20:35.387 [nioEventLoopGroup-16-1] DEBUG c.i.k.driver.chrome_1752427230386 - << {"id":39,"result":{},"sessionId":"5851A0EE2351F52E23F504634FFBE8F6"}
00:20:35.387 [main] DEBUG c.i.k.driver.chrome_1752427230386 - >> {"id":40,"sessionId":"5851A0EE2351F52E23F504634FFBE8F6","method":"Input.dispatchKeyEvent","params":{"modifiers":0,"type":"rawKeyDown","text":"s","windowsVirtualKeyCode":115}}
00:20:35.388 [nioEventLoopGroup-16-1] DEBUG c.i.k.driver.chrome_1752427230386 - << {"id":40,"result":{},"sessionId":"5851A0EE2351F52E23F504634FFBE8F6"}
00:20:35.388 [main] DEBUG c.i.k.driver.chrome_1752427230386 - >> {"id":41,"sessionId":"5851A0EE2351F52E23F504634FFBE8F6","method":"Input.dispatchKeyEvent","params":{"modifiers":0,"type":"char","text":"s","windowsVirtualKeyCode":115}}
00:20:35.391 [nioEventLoopGroup-16-1] DEBUG c.i.k.driver.chrome_1752427230386 - << {"id":41,"result":{},"sessionId":"5851A0EE2351F52E23F504634FFBE8F6"}
00:20:35.391 [main] DEBUG c.i.k.driver.chrome_1752427230386 - >> {"id":42,"sessionId":"5851A0EE2351F52E23F504634FFBE8F6","method":"Input.dispatchKeyEvent","params":{"modifiers":0,"type":"keyUp","text":"s","windowsVirtualKeyCode":115}}
00:20:35.392 [nioEventLoopGroup-16-1] DEBUG c.i.k.driver.chrome_1752427230386 - << {"id":42,"result":{},"sessionId":"5851A0EE2351F52E23F504634FFBE8F6"}
00:20:35.392 [main] DEBUG c.i.k.driver.chrome_1752427230386 - >> {"id":43,"sessionId":"5851A0EE2351F52E23F504634FFBE8F6","method":"Input.dispatchKeyEvent","params":{"modifiers":0,"type":"rawKeyDown","text":"e","windowsVirtualKeyCode":101}}
00:20:35.397 [nioEventLoopGroup-16-1] DEBUG c.i.k.driver.chrome_1752427230386 - << {"id":43,"result":{},"sessionId":"5851A0EE2351F52E23F504634FFBE8F6"}
00:20:35.397 [main] DEBUG c.i.k.driver.chrome_1752427230386 - >> {"id":44,"sessionId":"5851A0EE2351F52E23F504634FFBE8F6","method":"Input.dispatchKeyEvent","params":{"modifiers":0,"type":"char","text":"e","windowsVirtualKeyCode":101}}
00:20:35.399 [nioEventLoopGroup-16-1] DEBUG c.i.k.driver.chrome_1752427230386 - << {"id":44,"result":{},"sessionId":"5851A0EE2351F52E23F504634FFBE8F6"}
00:20:35.400 [main] DEBUG c.i.k.driver.chrome_1752427230386 - >> {"id":45,"sessionId":"5851A0EE2351F52E23F504634FFBE8F6","method":"Input.dispatchKeyEvent","params":{"modifiers":0,"type":"keyUp","text":"e","windowsVirtualKeyCode":101}}
00:20:35.402 [nioEventLoopGroup-16-1] DEBUG c.i.k.driver.chrome_1752427230386 - << {"id":45,"result":{},"sessionId":"5851A0EE2351F52E23F504634FFBE8F6"}
00:20:35.402 [main] DEBUG c.i.k.driver.chrome_1752427230386 - >> {"id":46,"sessionId":"5851A0EE2351F52E23F504634FFBE8F6","method":"Input.dispatchKeyEvent","params":{"modifiers":0,"type":"rawKeyDown","text":"r","windowsVirtualKeyCode":114}}
00:20:35.404 [nioEventLoopGroup-16-1] DEBUG c.i.k.driver.chrome_1752427230386 - << {"id":46,"result":{},"sessionId":"5851A0EE2351F52E23F504634FFBE8F6"}
00:20:35.404 [main] DEBUG c.i.k.driver.chrome_1752427230386 - >> {"id":47,"sessionId":"5851A0EE2351F52E23F504634FFBE8F6","method":"Input.dispatchKeyEvent","params":{"modifiers":0,"type":"char","text":"r","windowsVirtualKeyCode":114}}
00:20:35.405 [nioEventLoopGroup-16-1] DEBUG c.i.k.driver.chrome_1752427230386 - << {"id":47,"result":{},"sessionId":"5851A0EE2351F52E23F504634FFBE8F6"}
00:20:35.405 [main] DEBUG c.i.k.driver.chrome_1752427230386 - >> {"id":48,"sessionId":"5851A0EE2351F52E23F504634FFBE8F6","method":"Input.dispatchKeyEvent","params":{"modifiers":0,"type":"keyUp","text":"r","windowsVirtualKeyCode":114}}
00:20:35.407 [nioEventLoopGroup-16-1] DEBUG c.i.k.driver.chrome_1752427230386 - << {"id":48,"result":{},"sessionId":"5851A0EE2351F52E23F504634FFBE8F6"}
00:20:35.409 [main] DEBUG c.i.k.driver.chrome_1752427230386 - >> {"id":49,"sessionId":"5851A0EE2351F52E23F504634FFBE8F6","method":"Runtime.evaluate","params":{"expression":"var e = document.evaluate(\"\/\/*[@id='password']\", document, null, 9, null).singleNodeValue; e.focus(); try { e.selectionStart = e.selectionEnd = e.value.length } catch(x) {}","returnByValue":true}}
00:20:35.418 [nioEventLoopGroup-16-1] DEBUG c.i.k.driver.chrome_1752427230386 - << {"id":49,"result":{"result":{"type":"number","value":0,"description":"0"}},"sessionId":"5851A0EE2351F52E23F504634FFBE8F6"}
00:20:35.418 [main] DEBUG c.i.k.driver.chrome_1752427230386 - >> {"id":50,"sessionId":"5851A0EE2351F52E23F504634FFBE8F6","method":"Input.dispatchKeyEvent","params":{"modifiers":0,"type":"rawKeyDown","text":"s","windowsVirtualKeyCode":115}}
00:20:35.419 [nioEventLoopGroup-16-1] DEBUG c.i.k.driver.chrome_1752427230386 - << {"id":50,"result":{},"sessionId":"5851A0EE2351F52E23F504634FFBE8F6"}
00:20:35.419 [main] DEBUG c.i.k.driver.chrome_1752427230386 - >> {"id":51,"sessionId":"5851A0EE2351F52E23F504634FFBE8F6","method":"Input.dispatchKeyEvent","params":{"modifiers":0,"type":"char","text":"s","windowsVirtualKeyCode":115}}
00:20:35.421 [nioEventLoopGroup-16-1] DEBUG c.i.k.driver.chrome_1752427230386 - << {"id":51,"result":{},"sessionId":"5851A0EE2351F52E23F504634FFBE8F6"}
00:20:35.421 [main] DEBUG c.i.k.driver.chrome_1752427230386 - >> {"id":52,"sessionId":"5851A0EE2351F52E23F504634FFBE8F6","method":"Input.dispatchKeyEvent","params":{"modifiers":0,"type":"keyUp","text":"s","windowsVirtualKeyCode":115}}
00:20:35.422 [nioEventLoopGroup-16-1] DEBUG c.i.k.driver.chrome_1752427230386 - << {"id":52,"result":{},"sessionId":"5851A0EE2351F52E23F504634FFBE8F6"}
00:20:35.423 [main] DEBUG c.i.k.driver.chrome_1752427230386 - >> {"id":53,"sessionId":"5851A0EE2351F52E23F504634FFBE8F6","method":"Input.dispatchKeyEvent","params":{"modifiers":0,"type":"rawKeyDown","text":"e","windowsVirtualKeyCode":101}}
00:20:35.424 [nioEventLoopGroup-16-1] DEBUG c.i.k.driver.chrome_1752427230386 - << {"id":53,"result":{},"sessionId":"5851A0EE2351F52E23F504634FFBE8F6"}
00:20:35.426 [main] DEBUG c.i.k.driver.chrome_1752427230386 - >> {"id":54,"sessionId":"5851A0EE2351F52E23F504634FFBE8F6","method":"Input.dispatchKeyEvent","params":{"modifiers":0,"type":"char","text":"e","windowsVirtualKeyCode":101}}
00:20:35.427 [nioEventLoopGroup-16-1] DEBUG c.i.k.driver.chrome_1752427230386 - << {"id":54,"result":{},"sessionId":"5851A0EE2351F52E23F504634FFBE8F6"}
00:20:35.427 [main] DEBUG c.i.k.driver.chrome_1752427230386 - >> {"id":55,"sessionId":"5851A0EE2351F52E23F504634FFBE8F6","method":"Input.dispatchKeyEvent","params":{"modifiers":0,"type":"keyUp","text":"e","windowsVirtualKeyCode":101}}
00:20:35.431 [nioEventLoopGroup-16-1] DEBUG c.i.k.driver.chrome_1752427230386 - << {"id":55,"result":{},"sessionId":"5851A0EE2351F52E23F504634FFBE8F6"}
00:20:35.431 [main] DEBUG c.i.k.driver.chrome_1752427230386 - >> {"id":56,"sessionId":"5851A0EE2351F52E23F504634FFBE8F6","method":"Input.dispatchKeyEvent","params":{"modifiers":0,"type":"rawKeyDown","text":"c","windowsVirtualKeyCode":99}}
00:20:35.434 [nioEventLoopGroup-16-1] DEBUG c.i.k.driver.chrome_1752427230386 - << {"id":56,"result":{},"sessionId":"5851A0EE2351F52E23F504634FFBE8F6"}
00:20:35.434 [main] DEBUG c.i.k.driver.chrome_1752427230386 - >> {"id":57,"sessionId":"5851A0EE2351F52E23F504634FFBE8F6","method":"Input.dispatchKeyEvent","params":{"modifiers":0,"type":"char","text":"c","windowsVirtualKeyCode":99}}
00:20:35.438 [nioEventLoopGroup-16-1] DEBUG c.i.k.driver.chrome_1752427230386 - << {"id":57,"result":{},"sessionId":"5851A0EE2351F52E23F504634FFBE8F6"}
00:20:35.438 [main] DEBUG c.i.k.driver.chrome_1752427230386 - >> {"id":58,"sessionId":"5851A0EE2351F52E23F504634FFBE8F6","method":"Input.dispatchKeyEvent","params":{"modifiers":0,"type":"keyUp","text":"c","windowsVirtualKeyCode":99}}
00:20:35.439 [nioEventLoopGroup-16-1] DEBUG c.i.k.driver.chrome_1752427230386 - << {"id":58,"result":{},"sessionId":"5851A0EE2351F52E23F504634FFBE8F6"}
00:20:35.440 [main] DEBUG c.i.k.driver.chrome_1752427230386 - >> {"id":59,"sessionId":"5851A0EE2351F52E23F504634FFBE8F6","method":"Input.dispatchKeyEvent","params":{"modifiers":0,"type":"rawKeyDown","text":"r","windowsVirtualKeyCode":114}}
00:20:35.448 [nioEventLoopGroup-16-1] DEBUG c.i.k.driver.chrome_1752427230386 - << {"id":59,"result":{},"sessionId":"5851A0EE2351F52E23F504634FFBE8F6"}
00:20:35.449 [main] DEBUG c.i.k.driver.chrome_1752427230386 - >> {"id":60,"sessionId":"5851A0EE2351F52E23F504634FFBE8F6","method":"Input.dispatchKeyEvent","params":{"modifiers":0,"type":"char","text":"r","windowsVirtualKeyCode":114}}
00:20:35.452 [nioEventLoopGroup-16-1] DEBUG c.i.k.driver.chrome_1752427230386 - << {"id":60,"result":{},"sessionId":"5851A0EE2351F52E23F504634FFBE8F6"}
00:20:35.453 [main] DEBUG c.i.k.driver.chrome_1752427230386 - >> {"id":61,"sessionId":"5851A0EE2351F52E23F504634FFBE8F6","method":"Input.dispatchKeyEvent","params":{"modifiers":0,"type":"keyUp","text":"r","windowsVirtualKeyCode":114}}
00:20:35.455 [nioEventLoopGroup-16-1] DEBUG c.i.k.driver.chrome_1752427230386 - << {"id":61,"result":{},"sessionId":"5851A0EE2351F52E23F504634FFBE8F6"}
00:20:35.456 [main] DEBUG c.i.k.driver.chrome_1752427230386 - >> {"id":62,"sessionId":"5851A0EE2351F52E23F504634FFBE8F6","method":"Input.dispatchKeyEvent","params":{"modifiers":0,"type":"rawKeyDown","text":"e","windowsVirtualKeyCode":101}}
00:20:35.458 [nioEventLoopGroup-16-1] DEBUG c.i.k.driver.chrome_1752427230386 - << {"id":62,"result":{},"sessionId":"5851A0EE2351F52E23F504634FFBE8F6"}
00:20:35.459 [main] DEBUG c.i.k.driver.chrome_1752427230386 - >> {"id":63,"sessionId":"5851A0EE2351F52E23F504634FFBE8F6","method":"Input.dispatchKeyEvent","params":{"modifiers":0,"type":"char","text":"e","windowsVirtualKeyCode":101}}
00:20:35.471 [nioEventLoopGroup-16-1] DEBUG c.i.k.driver.chrome_1752427230386 - << {"id":63,"result":{},"sessionId":"5851A0EE2351F52E23F504634FFBE8F6"}
00:20:35.472 [main] DEBUG c.i.k.driver.chrome_1752427230386 - >> {"id":64,"sessionId":"5851A0EE2351F52E23F504634FFBE8F6","method":"Input.dispatchKeyEvent","params":{"modifiers":0,"type":"keyUp","text":"e","windowsVirtualKeyCode":101}}
00:20:35.480 [nioEventLoopGroup-16-1] DEBUG c.i.k.driver.chrome_1752427230386 - << {"id":64,"result":{},"sessionId":"5851A0EE2351F52E23F504634FFBE8F6"}
00:20:35.480 [main] DEBUG c.i.k.driver.chrome_1752427230386 - >> {"id":65,"sessionId":"5851A0EE2351F52E23F504634FFBE8F6","method":"Input.dispatchKeyEvent","params":{"modifiers":0,"type":"rawKeyDown","text":"t","windowsVirtualKeyCode":116}}
00:20:35.487 [nioEventLoopGroup-16-1] DEBUG c.i.k.driver.chrome_1752427230386 - << {"id":65,"result":{},"sessionId":"5851A0EE2351F52E23F504634FFBE8F6"}
00:20:35.487 [main] DEBUG c.i.k.driver.chrome_1752427230386 - >> {"id":66,"sessionId":"5851A0EE2351F52E23F504634FFBE8F6","method":"Input.dispatchKeyEvent","params":{"modifiers":0,"type":"char","text":"t","windowsVirtualKeyCode":116}}
00:20:35.490 [nioEventLoopGroup-16-1] DEBUG c.i.k.driver.chrome_1752427230386 - << {"id":66,"result":{},"sessionId":"5851A0EE2351F52E23F504634FFBE8F6"}
00:20:35.490 [main] DEBUG c.i.k.driver.chrome_1752427230386 - >> {"id":67,"sessionId":"5851A0EE2351F52E23F504634FFBE8F6","method":"Input.dispatchKeyEvent","params":{"modifiers":0,"type":"keyUp","text":"t","windowsVirtualKeyCode":116}}
00:20:35.492 [nioEventLoopGroup-16-1] DEBUG c.i.k.driver.chrome_1752427230386 - << {"id":67,"result":{},"sessionId":"5851A0EE2351F52E23F504634FFBE8F6"}
00:20:35.493 [main] DEBUG c.i.k.driver.chrome_1752427230386 - >> {"id":68,"sessionId":"5851A0EE2351F52E23F504634FFBE8F6","method":"Input.dispatchKeyEvent","params":{"modifiers":0,"type":"rawKeyDown","text":"_","windowsVirtualKeyCode":523}}
00:20:35.509 [nioEventLoopGroup-16-1] DEBUG c.i.k.driver.chrome_1752427230386 - << {"id":68,"result":{},"sessionId":"5851A0EE2351F52E23F504634FFBE8F6"}
00:20:35.509 [main] DEBUG c.i.k.driver.chrome_1752427230386 - >> {"id":69,"sessionId":"5851A0EE2351F52E23F504634FFBE8F6","method":"Input.dispatchKeyEvent","params":{"modifiers":0,"type":"char","text":"_","windowsVirtualKeyCode":523}}
00:20:35.519 [nioEventLoopGroup-16-1] DEBUG c.i.k.driver.chrome_1752427230386 - << {"id":69,"result":{},"sessionId":"5851A0EE2351F52E23F504634FFBE8F6"}
00:20:35.519 [main] DEBUG c.i.k.driver.chrome_1752427230386 - >> {"id":70,"sessionId":"5851A0EE2351F52E23F504634FFBE8F6","method":"Input.dispatchKeyEvent","params":{"modifiers":0,"type":"keyUp","text":"_","windowsVirtualKeyCode":523}}
00:20:35.522 [nioEventLoopGroup-16-1] DEBUG c.i.k.driver.chrome_1752427230386 - << {"id":70,"result":{},"sessionId":"5851A0EE2351F52E23F504634FFBE8F6"}
00:20:35.522 [main] DEBUG c.i.k.driver.chrome_1752427230386 - >> {"id":71,"sessionId":"5851A0EE2351F52E23F504634FFBE8F6","method":"Input.dispatchKeyEvent","params":{"modifiers":0,"type":"rawKeyDown","text":"s","windowsVirtualKeyCode":115}}
00:20:35.524 [nioEventLoopGroup-16-1] DEBUG c.i.k.driver.chrome_1752427230386 - << {"id":71,"result":{},"sessionId":"5851A0EE2351F52E23F504634FFBE8F6"}
00:20:35.525 [main] DEBUG c.i.k.driver.chrome_1752427230386 - >> {"id":72,"sessionId":"5851A0EE2351F52E23F504634FFBE8F6","method":"Input.dispatchKeyEvent","params":{"modifiers":0,"type":"char","text":"s","windowsVirtualKeyCode":115}}
00:20:35.527 [nioEventLoopGroup-16-1] DEBUG c.i.k.driver.chrome_1752427230386 - << {"id":72,"result":{},"sessionId":"5851A0EE2351F52E23F504634FFBE8F6"}
00:20:35.527 [main] DEBUG c.i.k.driver.chrome_1752427230386 - >> {"id":73,"sessionId":"5851A0EE2351F52E23F504634FFBE8F6","method":"Input.dispatchKeyEvent","params":{"modifiers":0,"type":"keyUp","text":"s","windowsVirtualKeyCode":115}}
00:20:35.535 [nioEventLoopGroup-16-1] DEBUG c.i.k.driver.chrome_1752427230386 - << {"id":73,"result":{},"sessionId":"5851A0EE2351F52E23F504634FFBE8F6"}
00:20:35.535 [main] DEBUG c.i.k.driver.chrome_1752427230386 - >> {"id":74,"sessionId":"5851A0EE2351F52E23F504634FFBE8F6","method":"Input.dispatchKeyEvent","params":{"modifiers":0,"type":"rawKeyDown","text":"a","windowsVirtualKeyCode":97}}
00:20:35.539 [nioEventLoopGroup-16-1] DEBUG c.i.k.driver.chrome_1752427230386 - << {"id":74,"result":{},"sessionId":"5851A0EE2351F52E23F504634FFBE8F6"}
00:20:35.540 [main] DEBUG c.i.k.driver.chrome_1752427230386 - >> {"id":75,"sessionId":"5851A0EE2351F52E23F504634FFBE8F6","method":"Input.dispatchKeyEvent","params":{"modifiers":0,"type":"char","text":"a","windowsVirtualKeyCode":97}}
00:20:35.550 [nioEventLoopGroup-16-1] DEBUG c.i.k.driver.chrome_1752427230386 - << {"id":75,"result":{},"sessionId":"5851A0EE2351F52E23F504634FFBE8F6"}
00:20:35.550 [main] DEBUG c.i.k.driver.chrome_1752427230386 - >> {"id":76,"sessionId":"5851A0EE2351F52E23F504634FFBE8F6","method":"Input.dispatchKeyEvent","params":{"modifiers":0,"type":"keyUp","text":"a","windowsVirtualKeyCode":97}}
00:20:35.555 [nioEventLoopGroup-16-1] DEBUG c.i.k.driver.chrome_1752427230386 - << {"id":76,"result":{},"sessionId":"5851A0EE2351F52E23F504634FFBE8F6"}
00:20:35.555 [main] DEBUG c.i.k.driver.chrome_1752427230386 - >> {"id":77,"sessionId":"5851A0EE2351F52E23F504634FFBE8F6","method":"Input.dispatchKeyEvent","params":{"modifiers":0,"type":"rawKeyDown","text":"u","windowsVirtualKeyCode":117}}
00:20:35.557 [nioEventLoopGroup-16-1] DEBUG c.i.k.driver.chrome_1752427230386 - << {"id":77,"result":{},"sessionId":"5851A0EE2351F52E23F504634FFBE8F6"}
00:20:35.557 [main] DEBUG c.i.k.driver.chrome_1752427230386 - >> {"id":78,"sessionId":"5851A0EE2351F52E23F504634FFBE8F6","method":"Input.dispatchKeyEvent","params":{"modifiers":0,"type":"char","text":"u","windowsVirtualKeyCode":117}}
00:20:35.559 [nioEventLoopGroup-16-1] DEBUG c.i.k.driver.chrome_1752427230386 - << {"id":78,"result":{},"sessionId":"5851A0EE2351F52E23F504634FFBE8F6"}
00:20:35.560 [main] DEBUG c.i.k.driver.chrome_1752427230386 - >> {"id":79,"sessionId":"5851A0EE2351F52E23F504634FFBE8F6","method":"Input.dispatchKeyEvent","params":{"modifiers":0,"type":"keyUp","text":"u","windowsVirtualKeyCode":117}}
00:20:35.565 [nioEventLoopGroup-16-1] DEBUG c.i.k.driver.chrome_1752427230386 - << {"id":79,"result":{},"sessionId":"5851A0EE2351F52E23F504634FFBE8F6"}
00:20:35.566 [main] DEBUG c.i.k.driver.chrome_1752427230386 - >> {"id":80,"sessionId":"5851A0EE2351F52E23F504634FFBE8F6","method":"Input.dispatchKeyEvent","params":{"modifiers":0,"type":"rawKeyDown","text":"c","windowsVirtualKeyCode":99}}
00:20:35.571 [nioEventLoopGroup-16-1] DEBUG c.i.k.driver.chrome_1752427230386 - << {"id":80,"result":{},"sessionId":"5851A0EE2351F52E23F504634FFBE8F6"}
00:20:35.571 [main] DEBUG c.i.k.driver.chrome_1752427230386 - >> {"id":81,"sessionId":"5851A0EE2351F52E23F504634FFBE8F6","method":"Input.dispatchKeyEvent","params":{"modifiers":0,"type":"char","text":"c","windowsVirtualKeyCode":99}}
00:20:35.573 [nioEventLoopGroup-16-1] DEBUG c.i.k.driver.chrome_1752427230386 - << {"id":81,"result":{},"sessionId":"5851A0EE2351F52E23F504634FFBE8F6"}
00:20:35.573 [main] DEBUG c.i.k.driver.chrome_1752427230386 - >> {"id":82,"sessionId":"5851A0EE2351F52E23F504634FFBE8F6","method":"Input.dispatchKeyEvent","params":{"modifiers":0,"type":"keyUp","text":"c","windowsVirtualKeyCode":99}}
00:20:35.575 [nioEventLoopGroup-16-1] DEBUG c.i.k.driver.chrome_1752427230386 - << {"id":82,"result":{},"sessionId":"5851A0EE2351F52E23F504634FFBE8F6"}
00:20:35.576 [main] DEBUG c.i.k.driver.chrome_1752427230386 - >> {"id":83,"sessionId":"5851A0EE2351F52E23F504634FFBE8F6","method":"Input.dispatchKeyEvent","params":{"modifiers":0,"type":"rawKeyDown","text":"e","windowsVirtualKeyCode":101}}
00:20:35.585 [nioEventLoopGroup-16-1] DEBUG c.i.k.driver.chrome_1752427230386 - << {"id":83,"result":{},"sessionId":"5851A0EE2351F52E23F504634FFBE8F6"}
00:20:35.586 [main] DEBUG c.i.k.driver.chrome_1752427230386 - >> {"id":84,"sessionId":"5851A0EE2351F52E23F504634FFBE8F6","method":"Input.dispatchKeyEvent","params":{"modifiers":0,"type":"char","text":"e","windowsVirtualKeyCode":101}}
00:20:35.587 [nioEventLoopGroup-16-1] DEBUG c.i.k.driver.chrome_1752427230386 - << {"id":84,"result":{},"sessionId":"5851A0EE2351F52E23F504634FFBE8F6"}
00:20:35.588 [main] DEBUG c.i.k.driver.chrome_1752427230386 - >> {"id":85,"sessionId":"5851A0EE2351F52E23F504634FFBE8F6","method":"Input.dispatchKeyEvent","params":{"modifiers":0,"type":"keyUp","text":"e","windowsVirtualKeyCode":101}}
00:20:35.589 [nioEventLoopGroup-16-1] DEBUG c.i.k.driver.chrome_1752427230386 - << {"id":85,"result":{},"sessionId":"5851A0EE2351F52E23F504634FFBE8F6"}
00:20:35.591 [main] DEBUG c.i.k.driver.chrome_1752427230386 - >> {"id":86,"sessionId":"5851A0EE2351F52E23F504634FFBE8F6","method":"Runtime.evaluate","params":{"expression":"document.evaluate(\"\/\/*[@id='login-button']\", document, null, 9, null).singleNodeValue.click()","returnByValue":true}}
00:20:35.626 [nioEventLoopGroup-16-1] DEBUG c.i.k.driver.chrome_1752427230386 - << {"id":86,"result":{"result":{"type":"undefined"}},"sessionId":"5851A0EE2351F52E23F504634FFBE8F6"}
00:20:35.648 [main] ERROR com.intuit.karate - classpath:UI/LoginUI/Login.feature:33
* eval
"""
if (type == 'success') {
driver.waitForUrl(homepageURL);
} else {
karate.match(driver.text(loginPage.errorDisplay), message);
}
"""
js failed:
>>>>
01: if (type == 'success') {
02: driver.waitForUrl(homepageURL);
03: } else {
04: karate.match(driver.text(loginPage.errorDisplay), message);
05: }
<<<<
org.graalvm.polyglot.PolyglotException: ReferenceError: "homepageURL" is not defined
- <js>.:program(Unnamed:2)

classpath:UI/LoginUI/Login.feature:33
00:20:35.649 [main] DEBUG c.i.k.driver.chrome_1752427230386 - >> {"id":87,"sessionId":"5851A0EE2351F52E23F504634FFBE8F6","method":"Page.captureScreenshot"}
00:20:35.942 [nioEventLoopGroup-16-1] DEBUG c.i.k.driver.chrome_1752427230386 - << {"id":87,"result":{"data":"iVBORw0KGgoAAAANSUhEUgAAA6EAAAPFCAIAAAAbXHkxAAAAAXNSR0IArs4c6QAAIABJREFUeJzs3XtclGX+//EPCsxQMrMSgyVg2wCLIBbmYTAVK6NWpFqhtcQtdbOkrTzseuigteuhUtuf1Vrppkm1arkr7paHbUm3MFNME1uVXIW+KbgrQ7jMYMwAyu+PexgGBEQFRy5fz4ePhzP33IfPfd9zeHPNdV/jU1bzgwAAAAAK6eTtAgAAAIA2RsYFAACAasi4AAAAUA0ZFwAAAKoh4wIAAEA1ZFwAAACohowLAAAA1ZBxAQAAoBoyLgAAAFRDxgUAAIBqyLgAAABQDRkXAAAAqiHjAgAAQDVkXAAAAKiGjAsAAADVkHEBAACgGjIuAAAAVEPGBQAAgGrIuAAAAFANGRcAAACqIeMCAABANWRcAAAAqIaMCwAAANWQcQEAAKAaMi4AAABUQ8YFAACAasi4AAAAUA0ZFwAAAKoh4wIAAEA1ZFwAAACohowLAAAA1ZBxAQAAoBoyLgAAAFRDxgUAAIBqyLgAAABQDRkXAAAAqiHjAgAAQDVkXAAAAKiGjAsAAADVkHEBAACgGjIuAAAAVEPGBQAAgGrIuAAAAFANGRcAAACqIeMC6IBs36ybP/6ufjdHRcdFRcdF9bt7zPwtRU5vV3VRPp8SHRcVPS2nTVeaMzUuKjpuStuuFAA6AjIugI6m8L37Bt331LtfFtqrXFPs3+56d/Jt/dIzC71cGgDgMkHGBdCxfLNowoJ9VRI4ZOafPt9z+ND+w4f27/985aM9Raq+nj9hcYG36wMAXA7IuAA6lKIvtxWLyO1zXn/QYtJp03Sm/tPfWzRERIo3Z+V7u0IAwGXA19sFAMD5cYpI6A1mXcOphtsnPXOvKV/M3ioLAHA5oR0XQIcSdkOMiBRv3ti4vVYXP3b+gpfmp8WIiBx8+c6o6LgxWaV1j26ZEh3X1JSG13g1vJSt16D0mVmFtqbrs ...
00:20:35.949 [main] DEBUG c.i.k.driver.chrome_1752427230386 - >> {"id":88,"sessionId":"5851A0EE2351F52E23F504634FFBE8F6","method":"Target.closeTarget","params":{"targetId":"E46B69D46672C0D44F492839A26544F1"}}
00:20:35.951 [nioEventLoopGroup-16-1] DEBUG c.i.k.http.WebSocketClientHandler - websocket closing
00:20:35.952 [nioEventLoopGroup-16-1] DEBUG c.i.k.http.WebSocketClientHandler - websocket client disconnected
00:20:35.956 [main] DEBUG com.intuit.karate.shell.Command - closing command: chrome_1752427230386
00:20:35.967 [main] INFO  com.intuit.karate - karate.env system property was: null 
00:20:35.974 [main] DEBUG com.intuit.karate.shell.Command - found / verified free local port: 65340
00:20:35.975 [main] WARN  c.intuit.karate.driver.DriverOptions - preferred port 9222 not available, will use: 65340
00:20:35.977 [main] DEBUG c.i.k.driver.chrome_1752427235974 - poll attempt #0 for port to be ready - localhost:65340
00:20:35.982 [chrome_1752427235974] DEBUG c.i.k.driver.chrome_1752427235974 - command: [C:\Program Files\Google\Chrome\Application\chrome.exe, --remote-debugging-port=65340, --remote-allow-origins=*, --no-first-run, --user-data-dir=E:\Duy\Projects\practices\karate_framework\demo\target\chrome_1752427235974, --disable-popup-blocking], working dir: target\chrome_1752427235974
00:20:36.239 [main] DEBUG c.i.k.driver.chrome_1752427235974 - poll attempt #1 for port to be ready - localhost:65340
00:20:36.269 [chrome_1752427230386] WARN  com.intuit.karate.shell.Command - exit code was non-zero: 1 - [C:\Program Files\Google\Chrome\Application\chrome.exe, --remote-debugging-port=65308, --remote-allow-origins=*, --no-first-run, --user-data-dir=E:\Duy\Projects\practices\karate_framework\demo\target\chrome_1752427230386, --disable-popup-blocking] working dir: target\chrome_1752427230386
00:20:36.504 [main] DEBUG c.i.k.driver.chrome_1752427235974 - poll attempt #2 for port to be ready - localhost:65340
00:20:36.626 [chrome_1752427235974-out] DEBUG c.i.k.driver.chrome_1752427235974 - 
00:20:36.626 [chrome_1752427235974-out] DEBUG c.i.k.driver.chrome_1752427235974 - DevTools listening on ws://127.0.0.1:65340/devtools/browser/3ae52820-3c45-477b-945c-25875066183d
00:20:36.771 [main] DEBUG c.i.k.driver.chrome_1752427235974 - poll attempt #3 for port to be ready - localhost:65340
00:20:36.789 [main] DEBUG com.intuit.karate - request:
1 > GET http://localhost:65340/json
1 > Host: localhost:65340
1 > Connection: Keep-Alive
1 > User-Agent: Apache-HttpClient/4.5.14 (Java/21.0.7)
1 > Accept-Encoding: gzip,deflate


00:20:36.881 [main] DEBUG com.intuit.karate - response time in milliseconds: 92
1 < 200
1 < Content-Security-Policy: frame-ancestors 'none'
1 < Content-Length: 986
1 < Content-Type: application/json; charset=UTF-8
[ {
   "description": "",
   "devtoolsFrontendUrl": "https://chrome-devtools-frontend.appspot.com/serve_rev/@a2159ad9ab8037bd34a21b9903003e0964c2075b/inspector.html?ws=localhost:65340/devtools/page/DDC1E865FAFBF894021F124E726E0D46",
   "id": "DDC1E865FAFBF894021F124E726E0D46",
   "title": "Google Hangouts",
   "type": "background_page",
   "url": "chrome-extension://nkeimhogjdpnpccoofpliimaahmaaome/background.html",
   "webSocketDebuggerUrl": "ws://localhost:65340/devtools/page/DDC1E865FAFBF894021F124E726E0D46"
}, {
   "description": "",
   "devtoolsFrontendUrl": "https://chrome-devtools-frontend.appspot.com/serve_rev/@a2159ad9ab8037bd34a21b9903003e0964c2075b/inspector.html?ws=localhost:65340/devtools/page/491CD108B6E29FEFF39702435E9716A4",
   "id": "491CD108B6E29FEFF39702435E9716A4",
   "title": "New Tab",
   "type": "page",
   "url": "chrome://newtab/",
   "webSocketDebuggerUrl": "ws://localhost:65340/devtools/page/491CD108B6E29FEFF39702435E9716A4"
} ]


00:20:36.882 [main] DEBUG com.intuit.karate.shell.Command - ready to accept http connections after 101 ms - http://localhost:65340/json
00:20:36.884 [main] DEBUG com.intuit.karate - request:
1 > GET http://localhost:65340/json
1 > Host: localhost:65340
1 > Connection: Keep-Alive
1 > User-Agent: Apache-HttpClient/4.5.14 (Java/21.0.7)
1 > Accept-Encoding: gzip,deflate


00:20:36.916 [main] DEBUG com.intuit.karate - response time in milliseconds: 31
1 < 200
1 < Content-Security-Policy: frame-ancestors 'none'
1 < Content-Length: 986
1 < Content-Type: application/json; charset=UTF-8
[ {
   "description": "",
   "devtoolsFrontendUrl": "https://chrome-devtools-frontend.appspot.com/serve_rev/@a2159ad9ab8037bd34a21b9903003e0964c2075b/inspector.html?ws=localhost:65340/devtools/page/DDC1E865FAFBF894021F124E726E0D46",
   "id": "DDC1E865FAFBF894021F124E726E0D46",
   "title": "Google Hangouts",
   "type": "background_page",
   "url": "chrome-extension://nkeimhogjdpnpccoofpliimaahmaaome/background.html",
   "webSocketDebuggerUrl": "ws://localhost:65340/devtools/page/DDC1E865FAFBF894021F124E726E0D46"
}, {
   "description": "",
   "devtoolsFrontendUrl": "https://chrome-devtools-frontend.appspot.com/serve_rev/@a2159ad9ab8037bd34a21b9903003e0964c2075b/inspector.html?ws=localhost:65340/devtools/page/491CD108B6E29FEFF39702435E9716A4",
   "id": "491CD108B6E29FEFF39702435E9716A4",
   "title": "New Tab",
   "type": "page",
   "url": "chrome://newtab/",
   "webSocketDebuggerUrl": "ws://localhost:65340/devtools/page/491CD108B6E29FEFF39702435E9716A4"
} ]


00:20:36.918 [main] DEBUG c.i.k.driver.chrome_1752427235974 - root frame id: 491CD108B6E29FEFF39702435E9716A4
00:20:37.035 [nioEventLoopGroup-17-1] DEBUG c.i.k.http.WebSocketClientHandler - websocket client connected
00:20:37.036 [main] DEBUG c.i.k.driver.chrome_1752427235974 - >> {"id":1,"method":"Target.attachToTarget","params":{"targetId":"491CD108B6E29FEFF39702435E9716A4","flatten":true}}
00:20:37.040 [nioEventLoopGroup-17-1] DEBUG c.i.k.driver.chrome_1752427235974 - << {"method":"Target.attachedToTarget","params":{"sessionId":"AB1165356E157CDDD2AC14A98F801735","targetInfo":{"targetId":"491CD108B6E29FEFF39702435E9716A4","type":"page","title":"New Tab","url":"chrome://newtab/","attached":true,"canAccessOpener":false,"browserContextId":"288DA856699AF25EA964E0BEFDB9F404"},"waitingForDebugger":false}}
00:20:37.040 [nioEventLoopGroup-17-1] DEBUG c.i.k.driver.chrome_1752427235974 - << {"id":1,"result":{"sessionId":"AB1165356E157CDDD2AC14A98F801735"}}
00:20:37.041 [main] DEBUG c.i.k.driver.chrome_1752427235974 - >> {"id":2,"sessionId":"AB1165356E157CDDD2AC14A98F801735","method":"Target.activateTarget","params":{"targetId":"491CD108B6E29FEFF39702435E9716A4"}}
00:20:37.042 [nioEventLoopGroup-17-1] DEBUG c.i.k.driver.chrome_1752427235974 - << {"id":2,"result":{},"sessionId":"AB1165356E157CDDD2AC14A98F801735"}
00:20:37.042 [main] DEBUG c.i.k.driver.chrome_1752427235974 - >> {"id":3,"sessionId":"AB1165356E157CDDD2AC14A98F801735","method":"Target.setDiscoverTargets","params":{"discover":true}}
00:20:37.044 [nioEventLoopGroup-17-1] DEBUG c.i.k.driver.chrome_1752427235974 - << {"method":"Target.targetCreated","params":{"targetInfo":{"targetId":"491CD108B6E29FEFF39702435E9716A4","type":"page","title":"New Tab","url":"chrome://newtab/","attached":true,"canAccessOpener":false,"browserContextId":"288DA856699AF25EA964E0BEFDB9F404"}},"sessionId":"AB1165356E157CDDD2AC14A98F801735"}
00:20:37.044 [nioEventLoopGroup-17-1] DEBUG c.i.k.driver.chrome_1752427235974 - << {"method":"Target.targetCreated","params":{"targetInfo":{"targetId":"DDC1E865FAFBF894021F124E726E0D46","type":"background_page","title":"Google Hangouts","url":"chrome-extension://nkeimhogjdpnpccoofpliimaahmaaome/background.html","attached":false,"canAccessOpener":false,"browserContextId":"288DA856699AF25EA964E0BEFDB9F404"}},"sessionId":"AB1165356E157CDDD2AC14A98F801735"}
00:20:37.044 [nioEventLoopGroup-17-1] DEBUG c.i.k.driver.chrome_1752427235974 - << {"id":3,"result":{},"sessionId":"AB1165356E157CDDD2AC14A98F801735"}
00:20:37.045 [main] DEBUG c.i.k.driver.chrome_1752427235974 - >> {"id":4,"sessionId":"AB1165356E157CDDD2AC14A98F801735","method":"Page.enable"}
00:20:37.166 [nioEventLoopGroup-17-1] DEBUG c.i.k.driver.chrome_1752427235974 - << {"method":"Target.targetInfoChanged","params":{"targetInfo":{"targetId":"491CD108B6E29FEFF39702435E9716A4","type":"page","title":"New Tab","url":"chrome://newtab/","attached":true,"canAccessOpener":false,"browserContextId":"288DA856699AF25EA964E0BEFDB9F404"}},"sessionId":"AB1165356E157CDDD2AC14A98F801735"}
00:20:37.170 [nioEventLoopGroup-17-1] DEBUG c.i.k.driver.chrome_1752427235974 - << {"method":"Target.targetInfoChanged","params":{"targetInfo":{"targetId":"DDC1E865FAFBF894021F124E726E0D46","type":"background_page","title":"Google Hangouts","url":"chrome-extension://nkeimhogjdpnpccoofpliimaahmaaome/background.html","attached":false,"canAccessOpener":false,"browserContextId":"288DA856699AF25EA964E0BEFDB9F404"}},"sessionId":"AB1165356E157CDDD2AC14A98F801735"}
00:20:37.239 [nioEventLoopGroup-17-1] DEBUG c.i.k.driver.chrome_1752427235974 - << {"id":4,"result":{},"sessionId":"AB1165356E157CDDD2AC14A98F801735"}
00:20:37.239 [main] DEBUG c.i.k.driver.chrome_1752427235974 - >> {"id":5,"sessionId":"AB1165356E157CDDD2AC14A98F801735","method":"Runtime.enable"}
00:20:37.246 [nioEventLoopGroup-17-1] DEBUG c.i.k.driver.chrome_1752427235974 - << {"method":"Page.frameAttached","params":{"frameId":"99B9FAF464F270BD38821EA18A0B2C53","parentFrameId":"491CD108B6E29FEFF39702435E9716A4"},"sessionId":"AB1165356E157CDDD2AC14A98F801735"}
00:20:37.246 [nioEventLoopGroup-17-1] DEBUG c.i.k.driver.chrome_1752427235974 - << {"method":"Page.frameRequestedNavigation","params":{"frameId":"99B9FAF464F270BD38821EA18A0B2C53","reason":"initialFrameNavigation","url":"about:blank","disposition":"currentTab"},"sessionId":"AB1165356E157CDDD2AC14A98F801735"}
00:20:37.247 [nioEventLoopGroup-17-1] DEBUG c.i.k.driver.chrome_1752427235974 - << {"method":"Page.frameNavigated","params":{"frame":{"id":"99B9FAF464F270BD38821EA18A0B2C53","parentId":"491CD108B6E29FEFF39702435E9716A4","loaderId":"464ED998A0025A17EF41043F9BEC1873","name":"backgroundImage","url":"about:blank","domainAndRegistry":"","securityOrigin":"://","securityOriginDetails":{"isLocalhost":false},"mimeType":"text/html","adFrameStatus":{"adFrameType":"none","explanations":[]},"secureContextType":"Secure","crossOriginIsolatedContextType":"NotIsolated","gatedAPIFeatures":[]},"type":"Navigation"},"sessionId":"AB1165356E157CDDD2AC14A98F801735"}
00:20:37.248 [nioEventLoopGroup-17-1] DEBUG c.i.k.driver.chrome_1752427235974 - << {"method":"Page.frameStartedLoading","params":{"frameId":"99B9FAF464F270BD38821EA18A0B2C53"},"sessionId":"AB1165356E157CDDD2AC14A98F801735"}
00:20:37.252 [nioEventLoopGroup-17-1] DEBUG c.i.k.driver.chrome_1752427235974 - << {"method":"Page.frameStoppedLoading","params":{"frameId":"99B9FAF464F270BD38821EA18A0B2C53"},"sessionId":"AB1165356E157CDDD2AC14A98F801735"}
00:20:37.259 [nioEventLoopGroup-17-1] DEBUG c.i.k.driver.chrome_1752427235974 - << {"method":"Runtime.executionContextCreated","params":{"context":{"id":2,"origin":"chrome://new-tab-page","name":"","uniqueId":"-377281185749753067.8737317572042686382","auxData":{"isDefault":true,"type":"default","frameId":"99B9FAF464F270BD38821EA18A0B2C53"}}},"sessionId":"AB1165356E157CDDD2AC14A98F801735"}
00:20:37.260 [nioEventLoopGroup-17-1] DEBUG c.i.k.driver.chrome_1752427235974 - << {"method":"Runtime.executionContextCreated","params":{"context":{"id":1,"origin":"chrome://new-tab-page","name":"","uniqueId":"7200087050660610311.-626261807259980932","auxData":{"isDefault":true,"type":"default","frameId":"491CD108B6E29FEFF39702435E9716A4"}}},"sessionId":"AB1165356E157CDDD2AC14A98F801735"}
00:20:37.260 [nioEventLoopGroup-17-1] DEBUG c.i.k.driver.chrome_1752427235974 - << {"id":5,"result":{},"sessionId":"AB1165356E157CDDD2AC14A98F801735"}
00:20:37.261 [main] DEBUG c.i.k.driver.chrome_1752427235974 - >> {"id":6,"sessionId":"AB1165356E157CDDD2AC14A98F801735","method":"Browser.getWindowForTarget","params":{"targetId":"491CD108B6E29FEFF39702435E9716A4"}}
00:20:37.262 [nioEventLoopGroup-17-1] DEBUG c.i.k.driver.chrome_1752427235974 - << {"id":6,"result":{"windowId":19530427,"bounds":{"left":10,"top":10,"width":945,"height":1060,"windowState":"normal"}},"sessionId":"AB1165356E157CDDD2AC14A98F801735"}
00:20:37.270 [main] DEBUG c.i.k.driver.chrome_1752427235974 - >> {"id":7,"sessionId":"AB1165356E157CDDD2AC14A98F801735","method":"Page.navigate","params":{"url":"https:\/\/saucedemo.com\/"}}
00:20:37.282 [nioEventLoopGroup-17-1] DEBUG c.i.k.driver.chrome_1752427235974 - << {"method":"Page.frameStartedNavigating","params":{"frameId":"491CD108B6E29FEFF39702435E9716A4","url":"https://saucedemo.com/","loaderId":"E25F48C3AD4C7ECE6565555932613842","navigationType":"differentDocument"},"sessionId":"AB1165356E157CDDD2AC14A98F801735"}
00:20:37.282 [nioEventLoopGroup-17-1] DEBUG c.i.k.driver.chrome_1752427235974 - << {"method":"Page.frameStartedLoading","params":{"frameId":"491CD108B6E29FEFF39702435E9716A4"},"sessionId":"AB1165356E157CDDD2AC14A98F801735"}
00:20:37.423 [nioEventLoopGroup-17-1] DEBUG c.i.k.driver.chrome_1752427235974 - << {"method":"Target.targetCreated","params":{"targetInfo":{"targetId":"CBAD2DEC60C6FBFA4F7812886DE68B65","type":"service_worker","title":"Service Worker chrome-extension://fignfifoniblkonapihmkfakmlgkbkcf/service_worker.js","url":"chrome-extension://fignfifoniblkonapihmkfakmlgkbkcf/service_worker.js","attached":false,"canAccessOpener":false,"browserContextId":"288DA856699AF25EA964E0BEFDB9F404"}},"sessionId":"AB1165356E157CDDD2AC14A98F801735"}
00:20:37.543 [nioEventLoopGroup-17-1] DEBUG c.i.k.driver.chrome_1752427235974 - << {"method":"Page.domContentEventFired","params":{"timestamp":35180.176646},"sessionId":"AB1165356E157CDDD2AC14A98F801735"}
00:20:37.547 [main] INFO  c.intuit.karate.core.FeatureRuntime - classpath:UI/LoginUI/LoginPage.feature - call by tag at line 7: action_attemptLogin
00:20:37.561 [main] DEBUG c.intuit.karate.core.ScenarioEngine - over-writing existing variable 'loginPage' with new value: read('classpath:UI/LoginUI/saucedemo-LoginPage.json')
00:20:37.566 [main] DEBUG c.i.k.driver.chrome_1752427235974 - >> {"id":8,"sessionId":"AB1165356E157CDDD2AC14A98F801735","method":"Runtime.evaluate","params":{"expression":"var e = document.evaluate(\"\/\/*[@id='user-name']\", document, null, 9, null).singleNodeValue; e.focus(); try { e.selectionStart = e.selectionEnd = e.value.length } catch(x) {}","returnByValue":true}}
00:20:37.569 [nioEventLoopGroup-17-1] DEBUG c.i.k.driver.chrome_1752427235974 - << {"method":"Page.loadEventFired","params":{"timestamp":35180.217501},"sessionId":"AB1165356E157CDDD2AC14A98F801735"}
00:20:37.570 [nioEventLoopGroup-17-1] DEBUG c.i.k.driver.chrome_1752427235974 - << {"method":"Page.frameStartedLoading","params":{"frameId":"491CD108B6E29FEFF39702435E9716A4"},"sessionId":"AB1165356E157CDDD2AC14A98F801735"}
00:20:37.592 [nioEventLoopGroup-17-1] DEBUG c.i.k.driver.chrome_1752427235974 - << {"method":"Page.frameAttached","params":{"frameId":"19FCDAA0C37603676B064C42B46AF234","parentFrameId":"491CD108B6E29FEFF39702435E9716A4","stack":{"callFrames":[{"functionName":"O","scriptId":"8","url":"chrome://resources/lit/v3_0/lit.rollup.js","lineNumber":15,"columnNumber":4320},{"functionName":"T","scriptId":"8","url":"chrome://resources/lit/v3_0/lit.rollup.js","lineNumber":15,"columnNumber":4394},{"functionName":"$","scriptId":"8","url":"chrome://resources/lit/v3_0/lit.rollup.js","lineNumber":15,"columnNumber":4743},{"functionName":"_$AI","scriptId":"8","url":"chrome://resources/lit/v3_0/lit.rollup.js","lineNumber":15,"columnNumber":4227},{"functionName":"B","scriptId":"8","url":"chrome://resources/lit/v3_0/lit.rollup.js","lineNumber":15,"columnNumber":7111},{"functionName":"update","scriptId":"8","url":"chrome://resources/lit/v3_0/lit.rollup.js","lineNumber":20,"columnNumber":369},{"functionName":"performUpdate","scriptId":"8","url":"chrome://resources/lit/v3_0/lit.rollup.js","lineNumber":10,"columnNumbe ...
00:20:37.597 [nioEventLoopGroup-17-1] DEBUG c.i.k.driver.chrome_1752427235974 - << {"method":"Page.frameRequestedNavigation","params":{"frameId":"19FCDAA0C37603676B064C42B46AF234","reason":"initialFrameNavigation","url":"chrome-untrusted://new-tab-page/one-google-bar?paramsencoded=","disposition":"currentTab"},"sessionId":"AB1165356E157CDDD2AC14A98F801735"}
00:20:37.602 [nioEventLoopGroup-17-1] DEBUG c.i.k.driver.chrome_1752427235974 - << {"method":"Page.frameStartedNavigating","params":{"frameId":"19FCDAA0C37603676B064C42B46AF234","url":"chrome-untrusted://new-tab-page/one-google-bar?paramsencoded=","loaderId":"8207A6C4943FB5E73C013D655FD64183","navigationType":"differentDocument"},"sessionId":"AB1165356E157CDDD2AC14A98F801735"}
00:20:37.602 [nioEventLoopGroup-17-1] DEBUG c.i.k.driver.chrome_1752427235974 - << {"method":"Page.frameStartedLoading","params":{"frameId":"19FCDAA0C37603676B064C42B46AF234"},"sessionId":"AB1165356E157CDDD2AC14A98F801735"}
00:20:38.774 [nioEventLoopGroup-17-1] DEBUG c.i.k.driver.chrome_1752427235974 - << {"method":"Target.targetCreated","params":{"targetInfo":{"targetId":"19FCDAA0C37603676B064C42B46AF234","type":"iframe","title":"","url":"","attached":false,"canAccessOpener":false,"browserContextId":"288DA856699AF25EA964E0BEFDB9F404"}},"sessionId":"AB1165356E157CDDD2AC14A98F801735"}
00:20:38.783 [nioEventLoopGroup-17-1] DEBUG c.i.k.driver.chrome_1752427235974 - << {"method":"Target.targetInfoChanged","params":{"targetInfo":{"targetId":"19FCDAA0C37603676B064C42B46AF234","type":"iframe","title":"chrome-untrusted://new-tab-page/one-google-bar?paramsencoded=","url":"chrome-untrusted://new-tab-page/one-google-bar?paramsencoded=","attached":false,"canAccessOpener":false,"browserContextId":"288DA856699AF25EA964E0BEFDB9F404"}},"sessionId":"AB1165356E157CDDD2AC14A98F801735"}
00:20:38.785 [nioEventLoopGroup-17-1] DEBUG c.i.k.driver.chrome_1752427235974 - << {"method":"Page.frameDetached","params":{"frameId":"19FCDAA0C37603676B064C42B46AF234","reason":"swap"},"sessionId":"AB1165356E157CDDD2AC14A98F801735"}
00:20:38.839 [nioEventLoopGroup-17-1] DEBUG c.i.k.driver.chrome_1752427235974 - << {"id":7,"result":{"frameId":"491CD108B6E29FEFF39702435E9716A4","loaderId":"E25F48C3AD4C7ECE6565555932613842"},"sessionId":"AB1165356E157CDDD2AC14A98F801735"}
00:20:38.845 [nioEventLoopGroup-17-1] DEBUG c.i.k.driver.chrome_1752427235974 - << {"method":"Runtime.executionContextsCleared","params":{},"sessionId":"AB1165356E157CDDD2AC14A98F801735"}
00:20:38.856 [nioEventLoopGroup-17-1] DEBUG c.i.k.driver.chrome_1752427235974 - << {"method":"Runtime.executionContextsCleared","params":{},"sessionId":"AB1165356E157CDDD2AC14A98F801735"}
00:20:38.857 [nioEventLoopGroup-17-1] DEBUG c.i.k.driver.chrome_1752427235974 - << {"method":"Page.frameNavigated","params":{"frame":{"id":"491CD108B6E29FEFF39702435E9716A4","loaderId":"E25F48C3AD4C7ECE6565555932613842","url":"https://www.saucedemo.com/","domainAndRegistry":"saucedemo.com","securityOrigin":"https://www.saucedemo.com","securityOriginDetails":{"isLocalhost":false},"mimeType":"text/html","adFrameStatus":{"adFrameType":"none"},"secureContextType":"Secure","crossOriginIsolatedContextType":"NotIsolated","gatedAPIFeatures":[]},"type":"Navigation"},"sessionId":"AB1165356E157CDDD2AC14A98F801735"}
00:20:38.857 [nioEventLoopGroup-17-1] DEBUG c.i.k.driver.chrome_1752427235974 - << {"method":"Page.frameDetached","params":{"frameId":"19FCDAA0C37603676B064C42B46AF234","reason":"remove"},"sessionId":"AB1165356E157CDDD2AC14A98F801735"}
00:20:38.858 [nioEventLoopGroup-17-1] DEBUG c.i.k.driver.chrome_1752427235974 - << {"method":"Target.targetDestroyed","params":{"targetId":"19FCDAA0C37603676B064C42B46AF234"},"sessionId":"AB1165356E157CDDD2AC14A98F801735"}
00:20:38.893 [nioEventLoopGroup-17-1] DEBUG c.i.k.driver.chrome_1752427235974 - << {"method":"Target.targetInfoChanged","params":{"targetInfo":{"targetId":"491CD108B6E29FEFF39702435E9716A4","type":"page","title":"saucedemo.com","url":"https://www.saucedemo.com/","attached":true,"canAccessOpener":false,"browserContextId":"288DA856699AF25EA964E0BEFDB9F404"}},"sessionId":"AB1165356E157CDDD2AC14A98F801735"}
00:20:38.922 [nioEventLoopGroup-17-1] DEBUG c.i.k.driver.chrome_1752427235974 - << {"method":"Runtime.executionContextCreated","params":{"context":{"id":1,"origin":"https://www.saucedemo.com","name":"","uniqueId":"-58143408553308874.-2543453906128788993","auxData":{"isDefault":true,"type":"default","frameId":"491CD108B6E29FEFF39702435E9716A4"}}},"sessionId":"AB1165356E157CDDD2AC14A98F801735"}
00:20:38.926 [nioEventLoopGroup-17-1] DEBUG c.i.k.driver.chrome_1752427235974 - << {"id":8,"result":{"result":{"type":"object","subtype":"error","className":"TypeError","description":"TypeError: Cannot read properties of null (reading 'focus')\n    at <anonymous>:1:95","objectId":"-264115845721851585.1.1"},"exceptionDetails":{"exceptionId":1,"text":"Uncaught","lineNumber":0,"columnNumber":94,"scriptId":"5","stackTrace":{"callFrames":[{"functionName":"","scriptId":"5","url":"","lineNumber":0,"columnNumber":94}]},"exception":{"type":"object","subtype":"error","className":"TypeError","description":"TypeError: Cannot read properties of null (reading 'focus')\n    at <anonymous>:1:95","objectId":"-264115845721851585.1.2"}}},"sessionId":"AB1165356E157CDDD2AC14A98F801735"}
00:20:38.926 [nioEventLoopGroup-17-1] WARN  c.i.k.driver.chrome_1752427235974 - devtools error: [id: 8, sessionId: AB1165356E157CDDD2AC14A98F801735, result: [type: MAP, value: {type=object, subtype=error, className=TypeError, description=TypeError: Cannot read properties of null (reading 'focus')
    at <anonymous>:1:95, objectId=-264115845721851585.1.1}]]
00:20:38.927 [main] WARN  c.i.k.driver.chrome_1752427235974 - js eval failed once:var e = document.evaluate("//*[@id='user-name']", document, null, 9, null).singleNodeValue; e.focus(); try { e.selectionStart = e.selectionEnd = e.value.length } catch(x) {}, error: [type: MAP, value: {type=object, subtype=error, className=TypeError, description=TypeError: Cannot read properties of null (reading 'focus')
    at <anonymous>:1:95, objectId=-264115845721851585.1.1}]
00:20:39.897 [nioEventLoopGroup-17-1] DEBUG c.i.k.driver.chrome_1752427235974 - << {"method":"Page.domContentEventFired","params":{"timestamp":35182.475771},"sessionId":"AB1165356E157CDDD2AC14A98F801735"}
00:20:40.109 [nioEventLoopGroup-17-1] DEBUG c.i.k.driver.chrome_1752427235974 - << {"method":"Page.loadEventFired","params":{"timestamp":35182.722572},"sessionId":"AB1165356E157CDDD2AC14A98F801735"}
00:20:40.111 [nioEventLoopGroup-17-1] DEBUG c.i.k.driver.chrome_1752427235974 - << {"method":"Page.frameStoppedLoading","params":{"frameId":"491CD108B6E29FEFF39702435E9716A4"},"sessionId":"AB1165356E157CDDD2AC14A98F801735"}
00:20:40.333 [nioEventLoopGroup-17-1] DEBUG c.i.k.driver.chrome_1752427235974 - << {"method":"Target.targetCreated","params":{"targetInfo":{"targetId":"3B9B16E490B7DC15B11EA8B02B3BA077","type":"service_worker","title":"Service Worker https://www.saucedemo.com/service-worker.js","url":"https://www.saucedemo.com/service-worker.js","attached":false,"canAccessOpener":false,"browserContextId":"288DA856699AF25EA964E0BEFDB9F404"}},"sessionId":"AB1165356E157CDDD2AC14A98F801735"}
00:20:41.364 [chrome_1752427235974-out] DEBUG c.i.k.driver.chrome_1752427235974 - WARNING: All log messages before absl::InitializeLog() is called are written to STDERR
00:20:41.365 [chrome_1752427235974-out] DEBUG c.i.k.driver.chrome_1752427235974 - I0000 00:00:1752427241.364782    9172 voice_transcription.cc:58] Registering VoiceTranscriptionCapability
00:20:41.538 [nioEventLoopGroup-17-1] DEBUG c.i.k.driver.chrome_1752427235974 - << {"method":"Runtime.consoleAPICalled","params":{"type":"log","args":[{"type":"string","value":"Content is cached for offline use."}],"executionContextId":1,"timestamp":1.752427241523484e+12,"stackTrace":{"callFrames":[{"functionName":"console.<computed>","scriptId":"7","url":"https://www.saucedemo.com/static/js/2.84a5cbf3.chunk.js","lineNumber":1,"columnNumber":123015},{"functionName":"a.onstatechange","scriptId":"9","url":"https://www.saucedemo.com/static/js/main.018d2d1e.chunk.js","lineNumber":0,"columnNumber":58496}]}},"sessionId":"AB1165356E157CDDD2AC14A98F801735"}
00:20:41.539 [nioEventLoopGroup-17-1] DEBUG c.i.k.driver.chrome_1752427235974 - [console] Content is cached for offline use.
00:20:41.941 [main] DEBUG c.i.k.driver.chrome_1752427235974 - >> {"id":9,"sessionId":"AB1165356E157CDDD2AC14A98F801735","method":"Runtime.evaluate","params":{"expression":"var e = document.evaluate(\"\/\/*[@id='user-name']\", document, null, 9, null).singleNodeValue; e.focus(); try { e.selectionStart = e.selectionEnd = e.value.length } catch(x) {}","returnByValue":true}}
00:20:41.984 [nioEventLoopGroup-17-1] DEBUG c.i.k.driver.chrome_1752427235974 - << {"id":9,"result":{"result":{"type":"number","value":0,"description":"0"}},"sessionId":"AB1165356E157CDDD2AC14A98F801735"}
00:20:41.984 [main] DEBUG c.i.k.driver.chrome_1752427235974 - >> {"id":10,"sessionId":"AB1165356E157CDDD2AC14A98F801735","method":"Input.dispatchKeyEvent","params":{"modifiers":0,"type":"rawKeyDown","text":"l","windowsVirtualKeyCode":108}}
00:20:41.994 [nioEventLoopGroup-17-1] DEBUG c.i.k.driver.chrome_1752427235974 - << {"id":10,"result":{},"sessionId":"AB1165356E157CDDD2AC14A98F801735"}
00:20:41.994 [main] DEBUG c.i.k.driver.chrome_1752427235974 - >> {"id":11,"sessionId":"AB1165356E157CDDD2AC14A98F801735","method":"Input.dispatchKeyEvent","params":{"modifiers":0,"type":"char","text":"l","windowsVirtualKeyCode":108}}
00:20:41.996 [nioEventLoopGroup-17-1] DEBUG c.i.k.driver.chrome_1752427235974 - << {"id":11,"result":{},"sessionId":"AB1165356E157CDDD2AC14A98F801735"}
00:20:41.997 [main] DEBUG c.i.k.driver.chrome_1752427235974 - >> {"id":12,"sessionId":"AB1165356E157CDDD2AC14A98F801735","method":"Input.dispatchKeyEvent","params":{"modifiers":0,"type":"keyUp","text":"l","windowsVirtualKeyCode":108}}
00:20:41.998 [nioEventLoopGroup-17-1] DEBUG c.i.k.driver.chrome_1752427235974 - << {"id":12,"result":{},"sessionId":"AB1165356E157CDDD2AC14A98F801735"}
00:20:41.999 [main] DEBUG c.i.k.driver.chrome_1752427235974 - >> {"id":13,"sessionId":"AB1165356E157CDDD2AC14A98F801735","method":"Input.dispatchKeyEvent","params":{"modifiers":0,"type":"rawKeyDown","text":"o","windowsVirtualKeyCode":111}}
00:20:42.001 [nioEventLoopGroup-17-1] DEBUG c.i.k.driver.chrome_1752427235974 - << {"id":13,"result":{},"sessionId":"AB1165356E157CDDD2AC14A98F801735"}
00:20:42.001 [main] DEBUG c.i.k.driver.chrome_1752427235974 - >> {"id":14,"sessionId":"AB1165356E157CDDD2AC14A98F801735","method":"Input.dispatchKeyEvent","params":{"modifiers":0,"type":"char","text":"o","windowsVirtualKeyCode":111}}
00:20:42.006 [nioEventLoopGroup-17-1] DEBUG c.i.k.driver.chrome_1752427235974 - << {"id":14,"result":{},"sessionId":"AB1165356E157CDDD2AC14A98F801735"}
00:20:42.006 [main] DEBUG c.i.k.driver.chrome_1752427235974 - >> {"id":15,"sessionId":"AB1165356E157CDDD2AC14A98F801735","method":"Input.dispatchKeyEvent","params":{"modifiers":0,"type":"keyUp","text":"o","windowsVirtualKeyCode":111}}
00:20:42.023 [nioEventLoopGroup-17-1] DEBUG c.i.k.driver.chrome_1752427235974 - << {"id":15,"result":{},"sessionId":"AB1165356E157CDDD2AC14A98F801735"}
00:20:42.025 [main] DEBUG c.i.k.driver.chrome_1752427235974 - >> {"id":16,"sessionId":"AB1165356E157CDDD2AC14A98F801735","method":"Input.dispatchKeyEvent","params":{"modifiers":0,"type":"rawKeyDown","text":"c","windowsVirtualKeyCode":99}}
00:20:42.037 [nioEventLoopGroup-17-1] DEBUG c.i.k.driver.chrome_1752427235974 - << {"id":16,"result":{},"sessionId":"AB1165356E157CDDD2AC14A98F801735"}
00:20:42.038 [main] DEBUG c.i.k.driver.chrome_1752427235974 - >> {"id":17,"sessionId":"AB1165356E157CDDD2AC14A98F801735","method":"Input.dispatchKeyEvent","params":{"modifiers":0,"type":"char","text":"c","windowsVirtualKeyCode":99}}
00:20:42.083 [nioEventLoopGroup-17-1] DEBUG c.i.k.driver.chrome_1752427235974 - << {"id":17,"result":{},"sessionId":"AB1165356E157CDDD2AC14A98F801735"}
00:20:42.088 [main] DEBUG c.i.k.driver.chrome_1752427235974 - >> {"id":18,"sessionId":"AB1165356E157CDDD2AC14A98F801735","method":"Input.dispatchKeyEvent","params":{"modifiers":0,"type":"keyUp","text":"c","windowsVirtualKeyCode":99}}
00:20:42.092 [nioEventLoopGroup-17-1] DEBUG c.i.k.driver.chrome_1752427235974 - << {"id":18,"result":{},"sessionId":"AB1165356E157CDDD2AC14A98F801735"}
00:20:42.096 [main] DEBUG c.i.k.driver.chrome_1752427235974 - >> {"id":19,"sessionId":"AB1165356E157CDDD2AC14A98F801735","method":"Input.dispatchKeyEvent","params":{"modifiers":0,"type":"rawKeyDown","text":"k","windowsVirtualKeyCode":107}}
00:20:42.119 [nioEventLoopGroup-17-1] DEBUG c.i.k.driver.chrome_1752427235974 - << {"id":19,"result":{},"sessionId":"AB1165356E157CDDD2AC14A98F801735"}
00:20:42.119 [main] DEBUG c.i.k.driver.chrome_1752427235974 - >> {"id":20,"sessionId":"AB1165356E157CDDD2AC14A98F801735","method":"Input.dispatchKeyEvent","params":{"modifiers":0,"type":"char","text":"k","windowsVirtualKeyCode":107}}
00:20:42.123 [nioEventLoopGroup-17-1] DEBUG c.i.k.driver.chrome_1752427235974 - << {"id":20,"result":{},"sessionId":"AB1165356E157CDDD2AC14A98F801735"}
00:20:42.124 [main] DEBUG c.i.k.driver.chrome_1752427235974 - >> {"id":21,"sessionId":"AB1165356E157CDDD2AC14A98F801735","method":"Input.dispatchKeyEvent","params":{"modifiers":0,"type":"keyUp","text":"k","windowsVirtualKeyCode":107}}
00:20:42.125 [nioEventLoopGroup-17-1] DEBUG c.i.k.driver.chrome_1752427235974 - << {"id":21,"result":{},"sessionId":"AB1165356E157CDDD2AC14A98F801735"}
00:20:42.126 [main] DEBUG c.i.k.driver.chrome_1752427235974 - >> {"id":22,"sessionId":"AB1165356E157CDDD2AC14A98F801735","method":"Input.dispatchKeyEvent","params":{"modifiers":0,"type":"rawKeyDown","text":"e","windowsVirtualKeyCode":101}}
00:20:42.127 [nioEventLoopGroup-17-1] DEBUG c.i.k.driver.chrome_1752427235974 - << {"id":22,"result":{},"sessionId":"AB1165356E157CDDD2AC14A98F801735"}
00:20:42.130 [main] DEBUG c.i.k.driver.chrome_1752427235974 - >> {"id":23,"sessionId":"AB1165356E157CDDD2AC14A98F801735","method":"Input.dispatchKeyEvent","params":{"modifiers":0,"type":"char","text":"e","windowsVirtualKeyCode":101}}
00:20:42.132 [nioEventLoopGroup-17-1] DEBUG c.i.k.driver.chrome_1752427235974 - << {"id":23,"result":{},"sessionId":"AB1165356E157CDDD2AC14A98F801735"}
00:20:42.133 [main] DEBUG c.i.k.driver.chrome_1752427235974 - >> {"id":24,"sessionId":"AB1165356E157CDDD2AC14A98F801735","method":"Input.dispatchKeyEvent","params":{"modifiers":0,"type":"keyUp","text":"e","windowsVirtualKeyCode":101}}
00:20:42.135 [nioEventLoopGroup-17-1] DEBUG c.i.k.driver.chrome_1752427235974 - << {"id":24,"result":{},"sessionId":"AB1165356E157CDDD2AC14A98F801735"}
00:20:42.135 [main] DEBUG c.i.k.driver.chrome_1752427235974 - >> {"id":25,"sessionId":"AB1165356E157CDDD2AC14A98F801735","method":"Input.dispatchKeyEvent","params":{"modifiers":0,"type":"rawKeyDown","text":"d","windowsVirtualKeyCode":100}}
00:20:42.136 [nioEventLoopGroup-17-1] DEBUG c.i.k.driver.chrome_1752427235974 - << {"id":25,"result":{},"sessionId":"AB1165356E157CDDD2AC14A98F801735"}
00:20:42.137 [main] DEBUG c.i.k.driver.chrome_1752427235974 - >> {"id":26,"sessionId":"AB1165356E157CDDD2AC14A98F801735","method":"Input.dispatchKeyEvent","params":{"modifiers":0,"type":"char","text":"d","windowsVirtualKeyCode":100}}
00:20:42.140 [nioEventLoopGroup-17-1] DEBUG c.i.k.driver.chrome_1752427235974 - << {"id":26,"result":{},"sessionId":"AB1165356E157CDDD2AC14A98F801735"}
00:20:42.140 [main] DEBUG c.i.k.driver.chrome_1752427235974 - >> {"id":27,"sessionId":"AB1165356E157CDDD2AC14A98F801735","method":"Input.dispatchKeyEvent","params":{"modifiers":0,"type":"keyUp","text":"d","windowsVirtualKeyCode":100}}
00:20:42.142 [nioEventLoopGroup-17-1] DEBUG c.i.k.driver.chrome_1752427235974 - << {"id":27,"result":{},"sessionId":"AB1165356E157CDDD2AC14A98F801735"}
00:20:42.143 [main] DEBUG c.i.k.driver.chrome_1752427235974 - >> {"id":28,"sessionId":"AB1165356E157CDDD2AC14A98F801735","method":"Input.dispatchKeyEvent","params":{"modifiers":0,"type":"rawKeyDown","text":"_","windowsVirtualKeyCode":523}}
00:20:42.148 [nioEventLoopGroup-17-1] DEBUG c.i.k.driver.chrome_1752427235974 - << {"id":28,"result":{},"sessionId":"AB1165356E157CDDD2AC14A98F801735"}
00:20:42.149 [main] DEBUG c.i.k.driver.chrome_1752427235974 - >> {"id":29,"sessionId":"AB1165356E157CDDD2AC14A98F801735","method":"Input.dispatchKeyEvent","params":{"modifiers":0,"type":"char","text":"_","windowsVirtualKeyCode":523}}
00:20:42.151 [nioEventLoopGroup-17-1] DEBUG c.i.k.driver.chrome_1752427235974 - << {"id":29,"result":{},"sessionId":"AB1165356E157CDDD2AC14A98F801735"}
00:20:42.151 [main] DEBUG c.i.k.driver.chrome_1752427235974 - >> {"id":30,"sessionId":"AB1165356E157CDDD2AC14A98F801735","method":"Input.dispatchKeyEvent","params":{"modifiers":0,"type":"keyUp","text":"_","windowsVirtualKeyCode":523}}
00:20:42.164 [nioEventLoopGroup-17-1] DEBUG c.i.k.driver.chrome_1752427235974 - << {"id":30,"result":{},"sessionId":"AB1165356E157CDDD2AC14A98F801735"}
00:20:42.164 [main] DEBUG c.i.k.driver.chrome_1752427235974 - >> {"id":31,"sessionId":"AB1165356E157CDDD2AC14A98F801735","method":"Input.dispatchKeyEvent","params":{"modifiers":0,"type":"rawKeyDown","text":"o","windowsVirtualKeyCode":111}}
00:20:42.166 [nioEventLoopGroup-17-1] DEBUG c.i.k.driver.chrome_1752427235974 - << {"id":31,"result":{},"sessionId":"AB1165356E157CDDD2AC14A98F801735"}
00:20:42.167 [main] DEBUG c.i.k.driver.chrome_1752427235974 - >> {"id":32,"sessionId":"AB1165356E157CDDD2AC14A98F801735","method":"Input.dispatchKeyEvent","params":{"modifiers":0,"type":"char","text":"o","windowsVirtualKeyCode":111}}
00:20:42.171 [nioEventLoopGroup-17-1] DEBUG c.i.k.driver.chrome_1752427235974 - << {"id":32,"result":{},"sessionId":"AB1165356E157CDDD2AC14A98F801735"}
00:20:42.180 [main] DEBUG c.i.k.driver.chrome_1752427235974 - >> {"id":33,"sessionId":"AB1165356E157CDDD2AC14A98F801735","method":"Input.dispatchKeyEvent","params":{"modifiers":0,"type":"keyUp","text":"o","windowsVirtualKeyCode":111}}
00:20:42.189 [nioEventLoopGroup-17-1] DEBUG c.i.k.driver.chrome_1752427235974 - << {"id":33,"result":{},"sessionId":"AB1165356E157CDDD2AC14A98F801735"}
00:20:42.207 [main] DEBUG c.i.k.driver.chrome_1752427235974 - >> {"id":34,"sessionId":"AB1165356E157CDDD2AC14A98F801735","method":"Input.dispatchKeyEvent","params":{"modifiers":0,"type":"rawKeyDown","text":"u","windowsVirtualKeyCode":117}}
00:20:42.209 [nioEventLoopGroup-17-1] DEBUG c.i.k.driver.chrome_1752427235974 - << {"id":34,"result":{},"sessionId":"AB1165356E157CDDD2AC14A98F801735"}
00:20:42.212 [main] DEBUG c.i.k.driver.chrome_1752427235974 - >> {"id":35,"sessionId":"AB1165356E157CDDD2AC14A98F801735","method":"Input.dispatchKeyEvent","params":{"modifiers":0,"type":"char","text":"u","windowsVirtualKeyCode":117}}
00:20:42.214 [nioEventLoopGroup-17-1] DEBUG c.i.k.driver.chrome_1752427235974 - << {"id":35,"result":{},"sessionId":"AB1165356E157CDDD2AC14A98F801735"}
00:20:42.214 [main] DEBUG c.i.k.driver.chrome_1752427235974 - >> {"id":36,"sessionId":"AB1165356E157CDDD2AC14A98F801735","method":"Input.dispatchKeyEvent","params":{"modifiers":0,"type":"keyUp","text":"u","windowsVirtualKeyCode":117}}
00:20:42.215 [nioEventLoopGroup-17-1] DEBUG c.i.k.driver.chrome_1752427235974 - << {"id":36,"result":{},"sessionId":"AB1165356E157CDDD2AC14A98F801735"}
00:20:42.216 [main] DEBUG c.i.k.driver.chrome_1752427235974 - >> {"id":37,"sessionId":"AB1165356E157CDDD2AC14A98F801735","method":"Input.dispatchKeyEvent","params":{"modifiers":0,"type":"rawKeyDown","text":"t","windowsVirtualKeyCode":116}}
00:20:42.217 [nioEventLoopGroup-17-1] DEBUG c.i.k.driver.chrome_1752427235974 - << {"id":37,"result":{},"sessionId":"AB1165356E157CDDD2AC14A98F801735"}
00:20:42.217 [main] DEBUG c.i.k.driver.chrome_1752427235974 - >> {"id":38,"sessionId":"AB1165356E157CDDD2AC14A98F801735","method":"Input.dispatchKeyEvent","params":{"modifiers":0,"type":"char","text":"t","windowsVirtualKeyCode":116}}
00:20:42.219 [nioEventLoopGroup-17-1] DEBUG c.i.k.driver.chrome_1752427235974 - << {"id":38,"result":{},"sessionId":"AB1165356E157CDDD2AC14A98F801735"}
00:20:42.219 [main] DEBUG c.i.k.driver.chrome_1752427235974 - >> {"id":39,"sessionId":"AB1165356E157CDDD2AC14A98F801735","method":"Input.dispatchKeyEvent","params":{"modifiers":0,"type":"keyUp","text":"t","windowsVirtualKeyCode":116}}
00:20:42.221 [nioEventLoopGroup-17-1] DEBUG c.i.k.driver.chrome_1752427235974 - << {"id":39,"result":{},"sessionId":"AB1165356E157CDDD2AC14A98F801735"}
00:20:42.221 [main] DEBUG c.i.k.driver.chrome_1752427235974 - >> {"id":40,"sessionId":"AB1165356E157CDDD2AC14A98F801735","method":"Input.dispatchKeyEvent","params":{"modifiers":0,"type":"rawKeyDown","text":"_","windowsVirtualKeyCode":523}}
00:20:42.222 [nioEventLoopGroup-17-1] DEBUG c.i.k.driver.chrome_1752427235974 - << {"id":40,"result":{},"sessionId":"AB1165356E157CDDD2AC14A98F801735"}
00:20:42.223 [main] DEBUG c.i.k.driver.chrome_1752427235974 - >> {"id":41,"sessionId":"AB1165356E157CDDD2AC14A98F801735","method":"Input.dispatchKeyEvent","params":{"modifiers":0,"type":"char","text":"_","windowsVirtualKeyCode":523}}
00:20:42.224 [nioEventLoopGroup-17-1] DEBUG c.i.k.driver.chrome_1752427235974 - << {"id":41,"result":{},"sessionId":"AB1165356E157CDDD2AC14A98F801735"}
00:20:42.224 [main] DEBUG c.i.k.driver.chrome_1752427235974 - >> {"id":42,"sessionId":"AB1165356E157CDDD2AC14A98F801735","method":"Input.dispatchKeyEvent","params":{"modifiers":0,"type":"keyUp","text":"_","windowsVirtualKeyCode":523}}
00:20:42.225 [nioEventLoopGroup-17-1] DEBUG c.i.k.driver.chrome_1752427235974 - << {"id":42,"result":{},"sessionId":"AB1165356E157CDDD2AC14A98F801735"}
00:20:42.226 [main] DEBUG c.i.k.driver.chrome_1752427235974 - >> {"id":43,"sessionId":"AB1165356E157CDDD2AC14A98F801735","method":"Input.dispatchKeyEvent","params":{"modifiers":0,"type":"rawKeyDown","text":"u","windowsVirtualKeyCode":117}}
00:20:42.228 [nioEventLoopGroup-17-1] DEBUG c.i.k.driver.chrome_1752427235974 - << {"id":43,"result":{},"sessionId":"AB1165356E157CDDD2AC14A98F801735"}
00:20:42.229 [main] DEBUG c.i.k.driver.chrome_1752427235974 - >> {"id":44,"sessionId":"AB1165356E157CDDD2AC14A98F801735","method":"Input.dispatchKeyEvent","params":{"modifiers":0,"type":"char","text":"u","windowsVirtualKeyCode":117}}
00:20:42.240 [nioEventLoopGroup-17-1] DEBUG c.i.k.driver.chrome_1752427235974 - << {"id":44,"result":{},"sessionId":"AB1165356E157CDDD2AC14A98F801735"}
00:20:42.241 [main] DEBUG c.i.k.driver.chrome_1752427235974 - >> {"id":45,"sessionId":"AB1165356E157CDDD2AC14A98F801735","method":"Input.dispatchKeyEvent","params":{"modifiers":0,"type":"keyUp","text":"u","windowsVirtualKeyCode":117}}
00:20:42.284 [nioEventLoopGroup-17-1] DEBUG c.i.k.driver.chrome_1752427235974 - << {"id":45,"result":{},"sessionId":"AB1165356E157CDDD2AC14A98F801735"}
00:20:42.286 [main] DEBUG c.i.k.driver.chrome_1752427235974 - >> {"id":46,"sessionId":"AB1165356E157CDDD2AC14A98F801735","method":"Input.dispatchKeyEvent","params":{"modifiers":0,"type":"rawKeyDown","text":"s","windowsVirtualKeyCode":115}}
00:20:42.292 [nioEventLoopGroup-17-1] DEBUG c.i.k.driver.chrome_1752427235974 - << {"id":46,"result":{},"sessionId":"AB1165356E157CDDD2AC14A98F801735"}
00:20:42.293 [main] DEBUG c.i.k.driver.chrome_1752427235974 - >> {"id":47,"sessionId":"AB1165356E157CDDD2AC14A98F801735","method":"Input.dispatchKeyEvent","params":{"modifiers":0,"type":"char","text":"s","windowsVirtualKeyCode":115}}
00:20:42.297 [nioEventLoopGroup-17-1] DEBUG c.i.k.driver.chrome_1752427235974 - << {"id":47,"result":{},"sessionId":"AB1165356E157CDDD2AC14A98F801735"}
00:20:42.298 [main] DEBUG c.i.k.driver.chrome_1752427235974 - >> {"id":48,"sessionId":"AB1165356E157CDDD2AC14A98F801735","method":"Input.dispatchKeyEvent","params":{"modifiers":0,"type":"keyUp","text":"s","windowsVirtualKeyCode":115}}
00:20:42.302 [nioEventLoopGroup-17-1] DEBUG c.i.k.driver.chrome_1752427235974 - << {"id":48,"result":{},"sessionId":"AB1165356E157CDDD2AC14A98F801735"}
00:20:42.302 [main] DEBUG c.i.k.driver.chrome_1752427235974 - >> {"id":49,"sessionId":"AB1165356E157CDDD2AC14A98F801735","method":"Input.dispatchKeyEvent","params":{"modifiers":0,"type":"rawKeyDown","text":"e","windowsVirtualKeyCode":101}}
00:20:42.304 [nioEventLoopGroup-17-1] DEBUG c.i.k.driver.chrome_1752427235974 - << {"id":49,"result":{},"sessionId":"AB1165356E157CDDD2AC14A98F801735"}
00:20:42.304 [main] DEBUG c.i.k.driver.chrome_1752427235974 - >> {"id":50,"sessionId":"AB1165356E157CDDD2AC14A98F801735","method":"Input.dispatchKeyEvent","params":{"modifiers":0,"type":"char","text":"e","windowsVirtualKeyCode":101}}
00:20:42.306 [nioEventLoopGroup-17-1] DEBUG c.i.k.driver.chrome_1752427235974 - << {"id":50,"result":{},"sessionId":"AB1165356E157CDDD2AC14A98F801735"}
00:20:42.306 [main] DEBUG c.i.k.driver.chrome_1752427235974 - >> {"id":51,"sessionId":"AB1165356E157CDDD2AC14A98F801735","method":"Input.dispatchKeyEvent","params":{"modifiers":0,"type":"keyUp","text":"e","windowsVirtualKeyCode":101}}
00:20:42.308 [nioEventLoopGroup-17-1] DEBUG c.i.k.driver.chrome_1752427235974 - << {"id":51,"result":{},"sessionId":"AB1165356E157CDDD2AC14A98F801735"}
00:20:42.308 [main] DEBUG c.i.k.driver.chrome_1752427235974 - >> {"id":52,"sessionId":"AB1165356E157CDDD2AC14A98F801735","method":"Input.dispatchKeyEvent","params":{"modifiers":0,"type":"rawKeyDown","text":"r","windowsVirtualKeyCode":114}}
00:20:42.310 [nioEventLoopGroup-17-1] DEBUG c.i.k.driver.chrome_1752427235974 - << {"id":52,"result":{},"sessionId":"AB1165356E157CDDD2AC14A98F801735"}
00:20:42.311 [main] DEBUG c.i.k.driver.chrome_1752427235974 - >> {"id":53,"sessionId":"AB1165356E157CDDD2AC14A98F801735","method":"Input.dispatchKeyEvent","params":{"modifiers":0,"type":"char","text":"r","windowsVirtualKeyCode":114}}
00:20:42.314 [nioEventLoopGroup-17-1] DEBUG c.i.k.driver.chrome_1752427235974 - << {"id":53,"result":{},"sessionId":"AB1165356E157CDDD2AC14A98F801735"}
00:20:42.315 [main] DEBUG c.i.k.driver.chrome_1752427235974 - >> {"id":54,"sessionId":"AB1165356E157CDDD2AC14A98F801735","method":"Input.dispatchKeyEvent","params":{"modifiers":0,"type":"keyUp","text":"r","windowsVirtualKeyCode":114}}
00:20:42.318 [nioEventLoopGroup-17-1] DEBUG c.i.k.driver.chrome_1752427235974 - << {"id":54,"result":{},"sessionId":"AB1165356E157CDDD2AC14A98F801735"}
00:20:42.324 [main] DEBUG c.i.k.driver.chrome_1752427235974 - >> {"id":55,"sessionId":"AB1165356E157CDDD2AC14A98F801735","method":"Runtime.evaluate","params":{"expression":"var e = document.evaluate(\"\/\/*[@id='password']\", document, null, 9, null).singleNodeValue; e.focus(); try { e.selectionStart = e.selectionEnd = e.value.length } catch(x) {}","returnByValue":true}}
00:20:42.455 [nioEventLoopGroup-17-1] DEBUG c.i.k.driver.chrome_1752427235974 - << {"id":55,"result":{"result":{"type":"number","value":0,"description":"0"}},"sessionId":"AB1165356E157CDDD2AC14A98F801735"}
00:20:42.456 [main] DEBUG c.i.k.driver.chrome_1752427235974 - >> {"id":56,"sessionId":"AB1165356E157CDDD2AC14A98F801735","method":"Input.dispatchKeyEvent","params":{"modifiers":0,"type":"rawKeyDown","text":"s","windowsVirtualKeyCode":115}}
00:20:42.518 [nioEventLoopGroup-17-1] DEBUG c.i.k.driver.chrome_1752427235974 - << {"id":56,"result":{},"sessionId":"AB1165356E157CDDD2AC14A98F801735"}
00:20:42.519 [main] DEBUG c.i.k.driver.chrome_1752427235974 - >> {"id":57,"sessionId":"AB1165356E157CDDD2AC14A98F801735","method":"Input.dispatchKeyEvent","params":{"modifiers":0,"type":"char","text":"s","windowsVirtualKeyCode":115}}
00:20:42.522 [nioEventLoopGroup-17-1] DEBUG c.i.k.driver.chrome_1752427235974 - << {"id":57,"result":{},"sessionId":"AB1165356E157CDDD2AC14A98F801735"}
00:20:42.522 [main] DEBUG c.i.k.driver.chrome_1752427235974 - >> {"id":58,"sessionId":"AB1165356E157CDDD2AC14A98F801735","method":"Input.dispatchKeyEvent","params":{"modifiers":0,"type":"keyUp","text":"s","windowsVirtualKeyCode":115}}
00:20:42.524 [nioEventLoopGroup-17-1] DEBUG c.i.k.driver.chrome_1752427235974 - << {"id":58,"result":{},"sessionId":"AB1165356E157CDDD2AC14A98F801735"}
00:20:42.525 [main] DEBUG c.i.k.driver.chrome_1752427235974 - >> {"id":59,"sessionId":"AB1165356E157CDDD2AC14A98F801735","method":"Input.dispatchKeyEvent","params":{"modifiers":0,"type":"rawKeyDown","text":"e","windowsVirtualKeyCode":101}}
00:20:42.527 [nioEventLoopGroup-17-1] DEBUG c.i.k.driver.chrome_1752427235974 - << {"id":59,"result":{},"sessionId":"AB1165356E157CDDD2AC14A98F801735"}
00:20:42.528 [main] DEBUG c.i.k.driver.chrome_1752427235974 - >> {"id":60,"sessionId":"AB1165356E157CDDD2AC14A98F801735","method":"Input.dispatchKeyEvent","params":{"modifiers":0,"type":"char","text":"e","windowsVirtualKeyCode":101}}
00:20:42.530 [nioEventLoopGroup-17-1] DEBUG c.i.k.driver.chrome_1752427235974 - << {"id":60,"result":{},"sessionId":"AB1165356E157CDDD2AC14A98F801735"}
00:20:42.531 [main] DEBUG c.i.k.driver.chrome_1752427235974 - >> {"id":61,"sessionId":"AB1165356E157CDDD2AC14A98F801735","method":"Input.dispatchKeyEvent","params":{"modifiers":0,"type":"keyUp","text":"e","windowsVirtualKeyCode":101}}
00:20:42.540 [nioEventLoopGroup-17-1] DEBUG c.i.k.driver.chrome_1752427235974 - << {"id":61,"result":{},"sessionId":"AB1165356E157CDDD2AC14A98F801735"}
00:20:42.540 [main] DEBUG c.i.k.driver.chrome_1752427235974 - >> {"id":62,"sessionId":"AB1165356E157CDDD2AC14A98F801735","method":"Input.dispatchKeyEvent","params":{"modifiers":0,"type":"rawKeyDown","text":"c","windowsVirtualKeyCode":99}}
00:20:42.544 [nioEventLoopGroup-17-1] DEBUG c.i.k.driver.chrome_1752427235974 - << {"id":62,"result":{},"sessionId":"AB1165356E157CDDD2AC14A98F801735"}
00:20:42.544 [main] DEBUG c.i.k.driver.chrome_1752427235974 - >> {"id":63,"sessionId":"AB1165356E157CDDD2AC14A98F801735","method":"Input.dispatchKeyEvent","params":{"modifiers":0,"type":"char","text":"c","windowsVirtualKeyCode":99}}
00:20:42.547 [nioEventLoopGroup-17-1] DEBUG c.i.k.driver.chrome_1752427235974 - << {"id":63,"result":{},"sessionId":"AB1165356E157CDDD2AC14A98F801735"}
00:20:42.547 [main] DEBUG c.i.k.driver.chrome_1752427235974 - >> {"id":64,"sessionId":"AB1165356E157CDDD2AC14A98F801735","method":"Input.dispatchKeyEvent","params":{"modifiers":0,"type":"keyUp","text":"c","windowsVirtualKeyCode":99}}
00:20:42.549 [nioEventLoopGroup-17-1] DEBUG c.i.k.driver.chrome_1752427235974 - << {"id":64,"result":{},"sessionId":"AB1165356E157CDDD2AC14A98F801735"}
00:20:42.549 [main] DEBUG c.i.k.driver.chrome_1752427235974 - >> {"id":65,"sessionId":"AB1165356E157CDDD2AC14A98F801735","method":"Input.dispatchKeyEvent","params":{"modifiers":0,"type":"rawKeyDown","text":"r","windowsVirtualKeyCode":114}}
00:20:42.551 [nioEventLoopGroup-17-1] DEBUG c.i.k.driver.chrome_1752427235974 - << {"id":65,"result":{},"sessionId":"AB1165356E157CDDD2AC14A98F801735"}
00:20:42.551 [main] DEBUG c.i.k.driver.chrome_1752427235974 - >> {"id":66,"sessionId":"AB1165356E157CDDD2AC14A98F801735","method":"Input.dispatchKeyEvent","params":{"modifiers":0,"type":"char","text":"r","windowsVirtualKeyCode":114}}
00:20:42.553 [nioEventLoopGroup-17-1] DEBUG c.i.k.driver.chrome_1752427235974 - << {"id":66,"result":{},"sessionId":"AB1165356E157CDDD2AC14A98F801735"}
00:20:42.553 [main] DEBUG c.i.k.driver.chrome_1752427235974 - >> {"id":67,"sessionId":"AB1165356E157CDDD2AC14A98F801735","method":"Input.dispatchKeyEvent","params":{"modifiers":0,"type":"keyUp","text":"r","windowsVirtualKeyCode":114}}
00:20:42.554 [nioEventLoopGroup-17-1] DEBUG c.i.k.driver.chrome_1752427235974 - << {"id":67,"result":{},"sessionId":"AB1165356E157CDDD2AC14A98F801735"}
00:20:42.555 [main] DEBUG c.i.k.driver.chrome_1752427235974 - >> {"id":68,"sessionId":"AB1165356E157CDDD2AC14A98F801735","method":"Input.dispatchKeyEvent","params":{"modifiers":0,"type":"rawKeyDown","text":"e","windowsVirtualKeyCode":101}}
00:20:42.556 [nioEventLoopGroup-17-1] DEBUG c.i.k.driver.chrome_1752427235974 - << {"id":68,"result":{},"sessionId":"AB1165356E157CDDD2AC14A98F801735"}
00:20:42.556 [main] DEBUG c.i.k.driver.chrome_1752427235974 - >> {"id":69,"sessionId":"AB1165356E157CDDD2AC14A98F801735","method":"Input.dispatchKeyEvent","params":{"modifiers":0,"type":"char","text":"e","windowsVirtualKeyCode":101}}
00:20:42.558 [nioEventLoopGroup-17-1] DEBUG c.i.k.driver.chrome_1752427235974 - << {"id":69,"result":{},"sessionId":"AB1165356E157CDDD2AC14A98F801735"}
00:20:42.558 [main] DEBUG c.i.k.driver.chrome_1752427235974 - >> {"id":70,"sessionId":"AB1165356E157CDDD2AC14A98F801735","method":"Input.dispatchKeyEvent","params":{"modifiers":0,"type":"keyUp","text":"e","windowsVirtualKeyCode":101}}
00:20:42.559 [nioEventLoopGroup-17-1] DEBUG c.i.k.driver.chrome_1752427235974 - << {"id":70,"result":{},"sessionId":"AB1165356E157CDDD2AC14A98F801735"}
00:20:42.560 [main] DEBUG c.i.k.driver.chrome_1752427235974 - >> {"id":71,"sessionId":"AB1165356E157CDDD2AC14A98F801735","method":"Input.dispatchKeyEvent","params":{"modifiers":0,"type":"rawKeyDown","text":"t","windowsVirtualKeyCode":116}}
00:20:42.574 [nioEventLoopGroup-17-1] DEBUG c.i.k.driver.chrome_1752427235974 - << {"id":71,"result":{},"sessionId":"AB1165356E157CDDD2AC14A98F801735"}
00:20:42.574 [main] DEBUG c.i.k.driver.chrome_1752427235974 - >> {"id":72,"sessionId":"AB1165356E157CDDD2AC14A98F801735","method":"Input.dispatchKeyEvent","params":{"modifiers":0,"type":"char","text":"t","windowsVirtualKeyCode":116}}
00:20:42.580 [nioEventLoopGroup-17-1] DEBUG c.i.k.driver.chrome_1752427235974 - << {"id":72,"result":{},"sessionId":"AB1165356E157CDDD2AC14A98F801735"}
00:20:42.581 [main] DEBUG c.i.k.driver.chrome_1752427235974 - >> {"id":73,"sessionId":"AB1165356E157CDDD2AC14A98F801735","method":"Input.dispatchKeyEvent","params":{"modifiers":0,"type":"keyUp","text":"t","windowsVirtualKeyCode":116}}
00:20:42.584 [nioEventLoopGroup-17-1] DEBUG c.i.k.driver.chrome_1752427235974 - << {"id":73,"result":{},"sessionId":"AB1165356E157CDDD2AC14A98F801735"}
00:20:42.584 [main] DEBUG c.i.k.driver.chrome_1752427235974 - >> {"id":74,"sessionId":"AB1165356E157CDDD2AC14A98F801735","method":"Input.dispatchKeyEvent","params":{"modifiers":0,"type":"rawKeyDown","text":"_","windowsVirtualKeyCode":523}}
00:20:42.587 [nioEventLoopGroup-17-1] DEBUG c.i.k.driver.chrome_1752427235974 - << {"id":74,"result":{},"sessionId":"AB1165356E157CDDD2AC14A98F801735"}
00:20:42.587 [main] DEBUG c.i.k.driver.chrome_1752427235974 - >> {"id":75,"sessionId":"AB1165356E157CDDD2AC14A98F801735","method":"Input.dispatchKeyEvent","params":{"modifiers":0,"type":"char","text":"_","windowsVirtualKeyCode":523}}
00:20:42.588 [nioEventLoopGroup-17-1] DEBUG c.i.k.driver.chrome_1752427235974 - << {"id":75,"result":{},"sessionId":"AB1165356E157CDDD2AC14A98F801735"}
00:20:42.589 [main] DEBUG c.i.k.driver.chrome_1752427235974 - >> {"id":76,"sessionId":"AB1165356E157CDDD2AC14A98F801735","method":"Input.dispatchKeyEvent","params":{"modifiers":0,"type":"keyUp","text":"_","windowsVirtualKeyCode":523}}
00:20:42.590 [nioEventLoopGroup-17-1] DEBUG c.i.k.driver.chrome_1752427235974 - << {"id":76,"result":{},"sessionId":"AB1165356E157CDDD2AC14A98F801735"}
00:20:42.590 [main] DEBUG c.i.k.driver.chrome_1752427235974 - >> {"id":77,"sessionId":"AB1165356E157CDDD2AC14A98F801735","method":"Input.dispatchKeyEvent","params":{"modifiers":0,"type":"rawKeyDown","text":"s","windowsVirtualKeyCode":115}}
00:20:42.594 [nioEventLoopGroup-17-1] DEBUG c.i.k.driver.chrome_1752427235974 - << {"id":77,"result":{},"sessionId":"AB1165356E157CDDD2AC14A98F801735"}
00:20:42.594 [main] DEBUG c.i.k.driver.chrome_1752427235974 - >> {"id":78,"sessionId":"AB1165356E157CDDD2AC14A98F801735","method":"Input.dispatchKeyEvent","params":{"modifiers":0,"type":"char","text":"s","windowsVirtualKeyCode":115}}
00:20:42.613 [nioEventLoopGroup-17-1] DEBUG c.i.k.driver.chrome_1752427235974 - << {"id":78,"result":{},"sessionId":"AB1165356E157CDDD2AC14A98F801735"}
00:20:42.614 [main] DEBUG c.i.k.driver.chrome_1752427235974 - >> {"id":79,"sessionId":"AB1165356E157CDDD2AC14A98F801735","method":"Input.dispatchKeyEvent","params":{"modifiers":0,"type":"keyUp","text":"s","windowsVirtualKeyCode":115}}
00:20:42.616 [nioEventLoopGroup-17-1] DEBUG c.i.k.driver.chrome_1752427235974 - << {"id":79,"result":{},"sessionId":"AB1165356E157CDDD2AC14A98F801735"}
00:20:42.616 [main] DEBUG c.i.k.driver.chrome_1752427235974 - >> {"id":80,"sessionId":"AB1165356E157CDDD2AC14A98F801735","method":"Input.dispatchKeyEvent","params":{"modifiers":0,"type":"rawKeyDown","text":"a","windowsVirtualKeyCode":97}}
00:20:42.618 [nioEventLoopGroup-17-1] DEBUG c.i.k.driver.chrome_1752427235974 - << {"id":80,"result":{},"sessionId":"AB1165356E157CDDD2AC14A98F801735"}
00:20:42.618 [main] DEBUG c.i.k.driver.chrome_1752427235974 - >> {"id":81,"sessionId":"AB1165356E157CDDD2AC14A98F801735","method":"Input.dispatchKeyEvent","params":{"modifiers":0,"type":"char","text":"a","windowsVirtualKeyCode":97}}
00:20:42.626 [nioEventLoopGroup-17-1] DEBUG c.i.k.driver.chrome_1752427235974 - << {"id":81,"result":{},"sessionId":"AB1165356E157CDDD2AC14A98F801735"}
00:20:42.630 [main] DEBUG c.i.k.driver.chrome_1752427235974 - >> {"id":82,"sessionId":"AB1165356E157CDDD2AC14A98F801735","method":"Input.dispatchKeyEvent","params":{"modifiers":0,"type":"keyUp","text":"a","windowsVirtualKeyCode":97}}
00:20:42.636 [nioEventLoopGroup-17-1] DEBUG c.i.k.driver.chrome_1752427235974 - << {"id":82,"result":{},"sessionId":"AB1165356E157CDDD2AC14A98F801735"}
00:20:42.637 [main] DEBUG c.i.k.driver.chrome_1752427235974 - >> {"id":83,"sessionId":"AB1165356E157CDDD2AC14A98F801735","method":"Input.dispatchKeyEvent","params":{"modifiers":0,"type":"rawKeyDown","text":"u","windowsVirtualKeyCode":117}}
00:20:42.638 [nioEventLoopGroup-17-1] DEBUG c.i.k.driver.chrome_1752427235974 - << {"id":83,"result":{},"sessionId":"AB1165356E157CDDD2AC14A98F801735"}
00:20:42.638 [main] DEBUG c.i.k.driver.chrome_1752427235974 - >> {"id":84,"sessionId":"AB1165356E157CDDD2AC14A98F801735","method":"Input.dispatchKeyEvent","params":{"modifiers":0,"type":"char","text":"u","windowsVirtualKeyCode":117}}
00:20:42.640 [nioEventLoopGroup-17-1] DEBUG c.i.k.driver.chrome_1752427235974 - << {"id":84,"result":{},"sessionId":"AB1165356E157CDDD2AC14A98F801735"}
00:20:42.640 [main] DEBUG c.i.k.driver.chrome_1752427235974 - >> {"id":85,"sessionId":"AB1165356E157CDDD2AC14A98F801735","method":"Input.dispatchKeyEvent","params":{"modifiers":0,"type":"keyUp","text":"u","windowsVirtualKeyCode":117}}
00:20:42.642 [nioEventLoopGroup-17-1] DEBUG c.i.k.driver.chrome_1752427235974 - << {"id":85,"result":{},"sessionId":"AB1165356E157CDDD2AC14A98F801735"}
00:20:42.642 [main] DEBUG c.i.k.driver.chrome_1752427235974 - >> {"id":86,"sessionId":"AB1165356E157CDDD2AC14A98F801735","method":"Input.dispatchKeyEvent","params":{"modifiers":0,"type":"rawKeyDown","text":"c","windowsVirtualKeyCode":99}}
00:20:42.644 [nioEventLoopGroup-17-1] DEBUG c.i.k.driver.chrome_1752427235974 - << {"id":86,"result":{},"sessionId":"AB1165356E157CDDD2AC14A98F801735"}
00:20:42.645 [main] DEBUG c.i.k.driver.chrome_1752427235974 - >> {"id":87,"sessionId":"AB1165356E157CDDD2AC14A98F801735","method":"Input.dispatchKeyEvent","params":{"modifiers":0,"type":"char","text":"c","windowsVirtualKeyCode":99}}
00:20:42.651 [nioEventLoopGroup-17-1] DEBUG c.i.k.driver.chrome_1752427235974 - << {"id":87,"result":{},"sessionId":"AB1165356E157CDDD2AC14A98F801735"}
00:20:42.653 [main] DEBUG c.i.k.driver.chrome_1752427235974 - >> {"id":88,"sessionId":"AB1165356E157CDDD2AC14A98F801735","method":"Input.dispatchKeyEvent","params":{"modifiers":0,"type":"keyUp","text":"c","windowsVirtualKeyCode":99}}
00:20:42.656 [nioEventLoopGroup-17-1] DEBUG c.i.k.driver.chrome_1752427235974 - << {"id":88,"result":{},"sessionId":"AB1165356E157CDDD2AC14A98F801735"}
00:20:42.657 [main] DEBUG c.i.k.driver.chrome_1752427235974 - >> {"id":89,"sessionId":"AB1165356E157CDDD2AC14A98F801735","method":"Input.dispatchKeyEvent","params":{"modifiers":0,"type":"rawKeyDown","text":"e","windowsVirtualKeyCode":101}}
00:20:42.658 [nioEventLoopGroup-17-1] DEBUG c.i.k.driver.chrome_1752427235974 - << {"id":89,"result":{},"sessionId":"AB1165356E157CDDD2AC14A98F801735"}
00:20:42.658 [main] DEBUG c.i.k.driver.chrome_1752427235974 - >> {"id":90,"sessionId":"AB1165356E157CDDD2AC14A98F801735","method":"Input.dispatchKeyEvent","params":{"modifiers":0,"type":"char","text":"e","windowsVirtualKeyCode":101}}
00:20:42.659 [nioEventLoopGroup-17-1] DEBUG c.i.k.driver.chrome_1752427235974 - << {"id":90,"result":{},"sessionId":"AB1165356E157CDDD2AC14A98F801735"}
00:20:42.663 [main] DEBUG c.i.k.driver.chrome_1752427235974 - >> {"id":91,"sessionId":"AB1165356E157CDDD2AC14A98F801735","method":"Input.dispatchKeyEvent","params":{"modifiers":0,"type":"keyUp","text":"e","windowsVirtualKeyCode":101}}
00:20:42.665 [nioEventLoopGroup-17-1] DEBUG c.i.k.driver.chrome_1752427235974 - << {"id":91,"result":{},"sessionId":"AB1165356E157CDDD2AC14A98F801735"}
00:20:42.667 [main] DEBUG c.i.k.driver.chrome_1752427235974 - >> {"id":92,"sessionId":"AB1165356E157CDDD2AC14A98F801735","method":"Runtime.evaluate","params":{"expression":"document.evaluate(\"\/\/*[@id='login-button']\", document, null, 9, null).singleNodeValue.click()","returnByValue":true}}
00:20:42.783 [nioEventLoopGroup-17-1] DEBUG c.i.k.driver.chrome_1752427235974 - << {"id":92,"result":{"result":{"type":"undefined"}},"sessionId":"AB1165356E157CDDD2AC14A98F801735"}
00:20:42.839 [main] DEBUG c.i.k.driver.chrome_1752427235974 - >> {"id":93,"sessionId":"AB1165356E157CDDD2AC14A98F801735","method":"Runtime.evaluate","params":{"expression":"document.evaluate(\"\/\/*[@id='login_button_container']\/div\/form\/div[3]\", document, null, 9, null).singleNodeValue['textContent']","returnByValue":true}}
00:20:42.842 [nioEventLoopGroup-17-1] DEBUG c.i.k.driver.chrome_1752427235974 - << {"id":93,"result":{"result":{"type":"string","value":"Epic sadface: Username is required"}},"sessionId":"AB1165356E157CDDD2AC14A98F801735"}
00:20:42.845 [main] DEBUG c.i.k.driver.chrome_1752427235974 - >> {"id":94,"sessionId":"AB1165356E157CDDD2AC14A98F801735","method":"Target.closeTarget","params":{"targetId":"491CD108B6E29FEFF39702435E9716A4"}}
00:20:42.846 [nioEventLoopGroup-17-1] DEBUG c.i.k.http.WebSocketClientHandler - websocket closing
00:20:42.847 [nioEventLoopGroup-17-1] DEBUG c.i.k.http.WebSocketClientHandler - websocket client disconnected
00:20:42.852 [main] DEBUG com.intuit.karate.shell.Command - closing command: chrome_1752427235974
00:20:42.878 [main] INFO  com.intuit.karate - karate.env system property was: null 
00:20:42.887 [main] DEBUG com.intuit.karate.shell.Command - found / verified free local port: 65371
00:20:42.887 [main] WARN  c.intuit.karate.driver.DriverOptions - preferred port 9222 not available, will use: 65371
00:20:42.891 [main] DEBUG c.i.k.driver.chrome_1752427242886 - poll attempt #0 for port to be ready - localhost:65371
00:20:42.892 [chrome_1752427242886] DEBUG c.i.k.driver.chrome_1752427242886 - command: [C:\Program Files\Google\Chrome\Application\chrome.exe, --remote-debugging-port=65371, --remote-allow-origins=*, --no-first-run, --user-data-dir=E:\Duy\Projects\practices\karate_framework\demo\target\chrome_1752427242886, --disable-popup-blocking], working dir: target\chrome_1752427242886
00:20:43.052 [chrome_1752427235974] WARN  com.intuit.karate.shell.Command - exit code was non-zero: 1 - [C:\Program Files\Google\Chrome\Application\chrome.exe, --remote-debugging-port=65340, --remote-allow-origins=*, --no-first-run, --user-data-dir=E:\Duy\Projects\practices\karate_framework\demo\target\chrome_1752427235974, --disable-popup-blocking] working dir: target\chrome_1752427235974
00:20:43.153 [main] DEBUG c.i.k.driver.chrome_1752427242886 - poll attempt #1 for port to be ready - localhost:65371
00:20:43.406 [main] DEBUG c.i.k.driver.chrome_1752427242886 - poll attempt #2 for port to be ready - localhost:65371
00:20:43.455 [chrome_1752427242886-out] DEBUG c.i.k.driver.chrome_1752427242886 - 
00:20:43.455 [chrome_1752427242886-out] DEBUG c.i.k.driver.chrome_1752427242886 - DevTools listening on ws://127.0.0.1:65371/devtools/browser/094167b8-6408-4a80-a8bf-bf7dd72686b2
00:20:43.668 [main] DEBUG c.i.k.driver.chrome_1752427242886 - poll attempt #3 for port to be ready - localhost:65371
00:20:43.718 [main] DEBUG com.intuit.karate - request:
1 > GET http://localhost:65371/json
1 > Host: localhost:65371
1 > Connection: Keep-Alive
1 > User-Agent: Apache-HttpClient/4.5.14 (Java/21.0.7)
1 > Accept-Encoding: gzip,deflate


00:20:43.751 [main] DEBUG com.intuit.karate - response time in milliseconds: 32
1 < 200
1 < Content-Security-Policy: frame-ancestors 'none'
1 < Content-Length: 986
1 < Content-Type: application/json; charset=UTF-8
[ {
   "description": "",
   "devtoolsFrontendUrl": "https://chrome-devtools-frontend.appspot.com/serve_rev/@a2159ad9ab8037bd34a21b9903003e0964c2075b/inspector.html?ws=localhost:65371/devtools/page/337A5A4797B5B356719D712F32B417DC",
   "id": "337A5A4797B5B356719D712F32B417DC",
   "title": "Google Hangouts",
   "type": "background_page",
   "url": "chrome-extension://nkeimhogjdpnpccoofpliimaahmaaome/background.html",
   "webSocketDebuggerUrl": "ws://localhost:65371/devtools/page/337A5A4797B5B356719D712F32B417DC"
}, {
   "description": "",
   "devtoolsFrontendUrl": "https://chrome-devtools-frontend.appspot.com/serve_rev/@a2159ad9ab8037bd34a21b9903003e0964c2075b/inspector.html?ws=localhost:65371/devtools/page/74F06CBC829D0746FF7F76755A37ED01",
   "id": "74F06CBC829D0746FF7F76755A37ED01",
   "title": "New Tab",
   "type": "page",
   "url": "chrome://newtab/",
   "webSocketDebuggerUrl": "ws://localhost:65371/devtools/page/74F06CBC829D0746FF7F76755A37ED01"
} ]


00:20:43.752 [main] DEBUG com.intuit.karate.shell.Command - ready to accept http connections after 45 ms - http://localhost:65371/json
00:20:43.754 [main] DEBUG com.intuit.karate - request:
1 > GET http://localhost:65371/json
1 > Host: localhost:65371
1 > Connection: Keep-Alive
1 > User-Agent: Apache-HttpClient/4.5.14 (Java/21.0.7)
1 > Accept-Encoding: gzip,deflate


00:20:43.758 [main] DEBUG com.intuit.karate - response time in milliseconds: 4
1 < 200
1 < Content-Security-Policy: frame-ancestors 'none'
1 < Content-Length: 986
1 < Content-Type: application/json; charset=UTF-8
[ {
   "description": "",
   "devtoolsFrontendUrl": "https://chrome-devtools-frontend.appspot.com/serve_rev/@a2159ad9ab8037bd34a21b9903003e0964c2075b/inspector.html?ws=localhost:65371/devtools/page/337A5A4797B5B356719D712F32B417DC",
   "id": "337A5A4797B5B356719D712F32B417DC",
   "title": "Google Hangouts",
   "type": "background_page",
   "url": "chrome-extension://nkeimhogjdpnpccoofpliimaahmaaome/background.html",
   "webSocketDebuggerUrl": "ws://localhost:65371/devtools/page/337A5A4797B5B356719D712F32B417DC"
}, {
   "description": "",
   "devtoolsFrontendUrl": "https://chrome-devtools-frontend.appspot.com/serve_rev/@a2159ad9ab8037bd34a21b9903003e0964c2075b/inspector.html?ws=localhost:65371/devtools/page/74F06CBC829D0746FF7F76755A37ED01",
   "id": "74F06CBC829D0746FF7F76755A37ED01",
   "title": "New Tab",
   "type": "page",
   "url": "chrome://newtab/",
   "webSocketDebuggerUrl": "ws://localhost:65371/devtools/page/74F06CBC829D0746FF7F76755A37ED01"
} ]


00:20:43.760 [main] DEBUG c.i.k.driver.chrome_1752427242886 - root frame id: 74F06CBC829D0746FF7F76755A37ED01
00:20:43.823 [nioEventLoopGroup-18-1] DEBUG c.i.k.http.WebSocketClientHandler - websocket client connected
00:20:43.823 [main] DEBUG c.i.k.driver.chrome_1752427242886 - >> {"id":1,"method":"Target.attachToTarget","params":{"targetId":"74F06CBC829D0746FF7F76755A37ED01","flatten":true}}
00:20:43.827 [nioEventLoopGroup-18-1] DEBUG c.i.k.driver.chrome_1752427242886 - << {"method":"Target.attachedToTarget","params":{"sessionId":"E530ED4BFD34EDC3CA7C703448476A03","targetInfo":{"targetId":"74F06CBC829D0746FF7F76755A37ED01","type":"page","title":"New Tab","url":"chrome://newtab/","attached":true,"canAccessOpener":false,"browserContextId":"F52BF9CE30DAE174F3486C7F884B5502"},"waitingForDebugger":false}}
00:20:43.827 [nioEventLoopGroup-18-1] DEBUG c.i.k.driver.chrome_1752427242886 - << {"id":1,"result":{"sessionId":"E530ED4BFD34EDC3CA7C703448476A03"}}
00:20:43.828 [main] DEBUG c.i.k.driver.chrome_1752427242886 - >> {"id":2,"sessionId":"E530ED4BFD34EDC3CA7C703448476A03","method":"Target.activateTarget","params":{"targetId":"74F06CBC829D0746FF7F76755A37ED01"}}
00:20:43.829 [nioEventLoopGroup-18-1] DEBUG c.i.k.driver.chrome_1752427242886 - << {"id":2,"result":{},"sessionId":"E530ED4BFD34EDC3CA7C703448476A03"}
00:20:43.846 [main] DEBUG c.i.k.driver.chrome_1752427242886 - >> {"id":3,"sessionId":"E530ED4BFD34EDC3CA7C703448476A03","method":"Target.setDiscoverTargets","params":{"discover":true}}
00:20:43.847 [nioEventLoopGroup-18-1] DEBUG c.i.k.driver.chrome_1752427242886 - << {"method":"Target.targetCreated","params":{"targetInfo":{"targetId":"337A5A4797B5B356719D712F32B417DC","type":"background_page","title":"Google Hangouts","url":"chrome-extension://nkeimhogjdpnpccoofpliimaahmaaome/background.html","attached":false,"canAccessOpener":false,"browserContextId":"F52BF9CE30DAE174F3486C7F884B5502"}},"sessionId":"E530ED4BFD34EDC3CA7C703448476A03"}
00:20:43.847 [nioEventLoopGroup-18-1] DEBUG c.i.k.driver.chrome_1752427242886 - << {"method":"Target.targetCreated","params":{"targetInfo":{"targetId":"74F06CBC829D0746FF7F76755A37ED01","type":"page","title":"New Tab","url":"chrome://newtab/","attached":true,"canAccessOpener":false,"browserContextId":"F52BF9CE30DAE174F3486C7F884B5502"}},"sessionId":"E530ED4BFD34EDC3CA7C703448476A03"}
00:20:43.848 [nioEventLoopGroup-18-1] DEBUG c.i.k.driver.chrome_1752427242886 - << {"id":3,"result":{},"sessionId":"E530ED4BFD34EDC3CA7C703448476A03"}
00:20:43.848 [main] DEBUG c.i.k.driver.chrome_1752427242886 - >> {"id":4,"sessionId":"E530ED4BFD34EDC3CA7C703448476A03","method":"Page.enable"}
00:20:43.887 [nioEventLoopGroup-18-1] DEBUG c.i.k.driver.chrome_1752427242886 - << {"method":"Target.targetInfoChanged","params":{"targetInfo":{"targetId":"74F06CBC829D0746FF7F76755A37ED01","type":"page","title":"New Tab","url":"chrome://newtab/","attached":true,"canAccessOpener":false,"browserContextId":"F52BF9CE30DAE174F3486C7F884B5502"}},"sessionId":"E530ED4BFD34EDC3CA7C703448476A03"}
00:20:43.912 [nioEventLoopGroup-18-1] DEBUG c.i.k.driver.chrome_1752427242886 - << {"id":4,"result":{},"sessionId":"E530ED4BFD34EDC3CA7C703448476A03"}
00:20:43.913 [nioEventLoopGroup-18-1] DEBUG c.i.k.driver.chrome_1752427242886 - << {"method":"Page.frameAttached","params":{"frameId":"99636D374F8B0113B6A52C741D71C071","parentFrameId":"74F06CBC829D0746FF7F76755A37ED01"},"sessionId":"E530ED4BFD34EDC3CA7C703448476A03"}
00:20:43.913 [nioEventLoopGroup-18-1] DEBUG c.i.k.driver.chrome_1752427242886 - << {"method":"Page.frameRequestedNavigation","params":{"frameId":"99636D374F8B0113B6A52C741D71C071","reason":"initialFrameNavigation","url":"about:blank","disposition":"currentTab"},"sessionId":"E530ED4BFD34EDC3CA7C703448476A03"}
00:20:43.914 [nioEventLoopGroup-18-1] DEBUG c.i.k.driver.chrome_1752427242886 - << {"method":"Page.frameNavigated","params":{"frame":{"id":"99636D374F8B0113B6A52C741D71C071","parentId":"74F06CBC829D0746FF7F76755A37ED01","loaderId":"5326E0ADB9331C8B61ACE412947AAEDA","name":"backgroundImage","url":"about:blank","domainAndRegistry":"","securityOrigin":"://","securityOriginDetails":{"isLocalhost":false},"mimeType":"text/html","adFrameStatus":{"adFrameType":"none","explanations":[]},"secureContextType":"Secure","crossOriginIsolatedContextType":"NotIsolated","gatedAPIFeatures":[]},"type":"Navigation"},"sessionId":"E530ED4BFD34EDC3CA7C703448476A03"}
00:20:43.914 [nioEventLoopGroup-18-1] DEBUG c.i.k.driver.chrome_1752427242886 - << {"method":"Page.frameStartedLoading","params":{"frameId":"99636D374F8B0113B6A52C741D71C071"},"sessionId":"E530ED4BFD34EDC3CA7C703448476A03"}
00:20:43.916 [main] DEBUG c.i.k.driver.chrome_1752427242886 - >> {"id":5,"sessionId":"E530ED4BFD34EDC3CA7C703448476A03","method":"Runtime.enable"}
00:20:43.920 [nioEventLoopGroup-18-1] DEBUG c.i.k.driver.chrome_1752427242886 - << {"method":"Page.frameStoppedLoading","params":{"frameId":"99636D374F8B0113B6A52C741D71C071"},"sessionId":"E530ED4BFD34EDC3CA7C703448476A03"}
00:20:43.933 [nioEventLoopGroup-18-1] DEBUG c.i.k.driver.chrome_1752427242886 - << {"method":"Runtime.executionContextCreated","params":{"context":{"id":2,"origin":"chrome://new-tab-page","name":"","uniqueId":"2831909052310688210.-7869178348688827630","auxData":{"isDefault":true,"type":"default","frameId":"99636D374F8B0113B6A52C741D71C071"}}},"sessionId":"E530ED4BFD34EDC3CA7C703448476A03"}
00:20:43.933 [nioEventLoopGroup-18-1] DEBUG c.i.k.driver.chrome_1752427242886 - << {"method":"Runtime.executionContextCreated","params":{"context":{"id":1,"origin":"chrome://new-tab-page","name":"","uniqueId":"-4691272365110623672.9206666127143770377","auxData":{"isDefault":true,"type":"default","frameId":"74F06CBC829D0746FF7F76755A37ED01"}}},"sessionId":"E530ED4BFD34EDC3CA7C703448476A03"}
00:20:43.934 [nioEventLoopGroup-18-1] DEBUG c.i.k.driver.chrome_1752427242886 - << {"id":5,"result":{},"sessionId":"E530ED4BFD34EDC3CA7C703448476A03"}
00:20:43.935 [main] DEBUG c.i.k.driver.chrome_1752427242886 - >> {"id":6,"sessionId":"E530ED4BFD34EDC3CA7C703448476A03","method":"Browser.getWindowForTarget","params":{"targetId":"74F06CBC829D0746FF7F76755A37ED01"}}
00:20:43.936 [nioEventLoopGroup-18-1] DEBUG c.i.k.driver.chrome_1752427242886 - << {"id":6,"result":{"windowId":297215582,"bounds":{"left":10,"top":10,"width":945,"height":1060,"windowState":"normal"}},"sessionId":"E530ED4BFD34EDC3CA7C703448476A03"}
00:20:43.946 [main] DEBUG c.i.k.driver.chrome_1752427242886 - >> {"id":7,"sessionId":"E530ED4BFD34EDC3CA7C703448476A03","method":"Page.navigate","params":{"url":"https:\/\/saucedemo.com\/"}}
00:20:43.955 [nioEventLoopGroup-18-1] DEBUG c.i.k.driver.chrome_1752427242886 - << {"method":"Page.frameStartedNavigating","params":{"frameId":"74F06CBC829D0746FF7F76755A37ED01","url":"https://saucedemo.com/","loaderId":"69D179934227A9314D2522C07931C7BB","navigationType":"differentDocument"},"sessionId":"E530ED4BFD34EDC3CA7C703448476A03"}
00:20:43.956 [nioEventLoopGroup-18-1] DEBUG c.i.k.driver.chrome_1752427242886 - << {"method":"Page.frameStartedLoading","params":{"frameId":"74F06CBC829D0746FF7F76755A37ED01"},"sessionId":"E530ED4BFD34EDC3CA7C703448476A03"}
00:20:43.968 [nioEventLoopGroup-18-1] DEBUG c.i.k.driver.chrome_1752427242886 - << {"method":"Target.targetInfoChanged","params":{"targetInfo":{"targetId":"337A5A4797B5B356719D712F32B417DC","type":"background_page","title":"Google Hangouts","url":"chrome-extension://nkeimhogjdpnpccoofpliimaahmaaome/background.html","attached":false,"canAccessOpener":false,"browserContextId":"F52BF9CE30DAE174F3486C7F884B5502"}},"sessionId":"E530ED4BFD34EDC3CA7C703448476A03"}
00:20:44.230 [nioEventLoopGroup-18-1] DEBUG c.i.k.driver.chrome_1752427242886 - << {"method":"Page.domContentEventFired","params":{"timestamp":35186.868653},"sessionId":"E530ED4BFD34EDC3CA7C703448476A03"}
00:20:44.236 [main] INFO  c.intuit.karate.core.FeatureRuntime - classpath:UI/LoginUI/LoginPage.feature - call by tag at line 7: action_attemptLogin
00:20:44.250 [main] DEBUG c.intuit.karate.core.ScenarioEngine - over-writing existing variable 'loginPage' with new value: read('classpath:UI/LoginUI/saucedemo-LoginPage.json')
00:20:44.254 [main] DEBUG c.i.k.driver.chrome_1752427242886 - >> {"id":8,"sessionId":"E530ED4BFD34EDC3CA7C703448476A03","method":"Runtime.evaluate","params":{"expression":"var e = document.evaluate(\"\/\/*[@id='user-name']\", document, null, 9, null).singleNodeValue; e.focus(); try { e.selectionStart = e.selectionEnd = e.value.length } catch(x) {}","returnByValue":true}}
00:20:44.256 [nioEventLoopGroup-18-1] DEBUG c.i.k.driver.chrome_1752427242886 - << {"method":"Page.loadEventFired","params":{"timestamp":35186.9024},"sessionId":"E530ED4BFD34EDC3CA7C703448476A03"}
00:20:44.256 [nioEventLoopGroup-18-1] DEBUG c.i.k.driver.chrome_1752427242886 - << {"method":"Page.frameStartedLoading","params":{"frameId":"74F06CBC829D0746FF7F76755A37ED01"},"sessionId":"E530ED4BFD34EDC3CA7C703448476A03"}
00:20:44.284 [nioEventLoopGroup-18-1] DEBUG c.i.k.driver.chrome_1752427242886 - << {"method":"Page.frameAttached","params":{"frameId":"685ADC53D3B7D7D5C0E07E0586625969","parentFrameId":"74F06CBC829D0746FF7F76755A37ED01","stack":{"callFrames":[{"functionName":"O","scriptId":"8","url":"chrome://resources/lit/v3_0/lit.rollup.js","lineNumber":15,"columnNumber":4320},{"functionName":"T","scriptId":"8","url":"chrome://resources/lit/v3_0/lit.rollup.js","lineNumber":15,"columnNumber":4394},{"functionName":"$","scriptId":"8","url":"chrome://resources/lit/v3_0/lit.rollup.js","lineNumber":15,"columnNumber":4743},{"functionName":"_$AI","scriptId":"8","url":"chrome://resources/lit/v3_0/lit.rollup.js","lineNumber":15,"columnNumber":4227},{"functionName":"B","scriptId":"8","url":"chrome://resources/lit/v3_0/lit.rollup.js","lineNumber":15,"columnNumber":7111},{"functionName":"update","scriptId":"8","url":"chrome://resources/lit/v3_0/lit.rollup.js","lineNumber":20,"columnNumber":369},{"functionName":"performUpdate","scriptId":"8","url":"chrome://resources/lit/v3_0/lit.rollup.js","lineNumber":10,"columnNumbe ...
00:20:44.285 [nioEventLoopGroup-18-1] DEBUG c.i.k.driver.chrome_1752427242886 - << {"method":"Page.frameRequestedNavigation","params":{"frameId":"685ADC53D3B7D7D5C0E07E0586625969","reason":"initialFrameNavigation","url":"chrome-untrusted://new-tab-page/one-google-bar?paramsencoded=","disposition":"currentTab"},"sessionId":"E530ED4BFD34EDC3CA7C703448476A03"}
00:20:44.289 [nioEventLoopGroup-18-1] DEBUG c.i.k.driver.chrome_1752427242886 - << {"method":"Page.frameStartedNavigating","params":{"frameId":"685ADC53D3B7D7D5C0E07E0586625969","url":"chrome-untrusted://new-tab-page/one-google-bar?paramsencoded=","loaderId":"6F90CF00FA7AAB9CB582E12B6A723876","navigationType":"differentDocument"},"sessionId":"E530ED4BFD34EDC3CA7C703448476A03"}
00:20:44.289 [nioEventLoopGroup-18-1] DEBUG c.i.k.driver.chrome_1752427242886 - << {"method":"Page.frameStartedLoading","params":{"frameId":"685ADC53D3B7D7D5C0E07E0586625969"},"sessionId":"E530ED4BFD34EDC3CA7C703448476A03"}
00:20:44.409 [nioEventLoopGroup-18-1] DEBUG c.i.k.driver.chrome_1752427242886 - << {"method":"Target.targetCreated","params":{"targetInfo":{"targetId":"205100164327152BB0A6A6784BB60782","type":"service_worker","title":"Service Worker chrome-extension://fignfifoniblkonapihmkfakmlgkbkcf/service_worker.js","url":"chrome-extension://fignfifoniblkonapihmkfakmlgkbkcf/service_worker.js","attached":false,"canAccessOpener":false,"browserContextId":"F52BF9CE30DAE174F3486C7F884B5502"}},"sessionId":"E530ED4BFD34EDC3CA7C703448476A03"}
00:20:45.538 [nioEventLoopGroup-18-1] DEBUG c.i.k.driver.chrome_1752427242886 - << {"method":"Target.targetCreated","params":{"targetInfo":{"targetId":"685ADC53D3B7D7D5C0E07E0586625969","type":"iframe","title":"","url":"","attached":false,"canAccessOpener":false,"browserContextId":"F52BF9CE30DAE174F3486C7F884B5502"}},"sessionId":"E530ED4BFD34EDC3CA7C703448476A03"}
00:20:45.541 [nioEventLoopGroup-18-1] DEBUG c.i.k.driver.chrome_1752427242886 - << {"method":"Target.targetInfoChanged","params":{"targetInfo":{"targetId":"685ADC53D3B7D7D5C0E07E0586625969","type":"iframe","title":"chrome-untrusted://new-tab-page/one-google-bar?paramsencoded=","url":"chrome-untrusted://new-tab-page/one-google-bar?paramsencoded=","attached":false,"canAccessOpener":false,"browserContextId":"F52BF9CE30DAE174F3486C7F884B5502"}},"sessionId":"E530ED4BFD34EDC3CA7C703448476A03"}
00:20:45.556 [nioEventLoopGroup-18-1] DEBUG c.i.k.driver.chrome_1752427242886 - << {"id":7,"result":{"frameId":"74F06CBC829D0746FF7F76755A37ED01","loaderId":"69D179934227A9314D2522C07931C7BB"},"sessionId":"E530ED4BFD34EDC3CA7C703448476A03"}
00:20:45.556 [nioEventLoopGroup-18-1] DEBUG c.i.k.driver.chrome_1752427242886 - << {"method":"Runtime.executionContextsCleared","params":{},"sessionId":"E530ED4BFD34EDC3CA7C703448476A03"}
00:20:45.556 [nioEventLoopGroup-18-1] DEBUG c.i.k.driver.chrome_1752427242886 - << {"method":"Runtime.executionContextsCleared","params":{},"sessionId":"E530ED4BFD34EDC3CA7C703448476A03"}
00:20:45.557 [nioEventLoopGroup-18-1] DEBUG c.i.k.driver.chrome_1752427242886 - << {"method":"Page.frameNavigated","params":{"frame":{"id":"74F06CBC829D0746FF7F76755A37ED01","loaderId":"69D179934227A9314D2522C07931C7BB","url":"https://www.saucedemo.com/","domainAndRegistry":"saucedemo.com","securityOrigin":"https://www.saucedemo.com","securityOriginDetails":{"isLocalhost":false},"mimeType":"text/html","adFrameStatus":{"adFrameType":"none"},"secureContextType":"Secure","crossOriginIsolatedContextType":"NotIsolated","gatedAPIFeatures":[]},"type":"Navigation"},"sessionId":"E530ED4BFD34EDC3CA7C703448476A03"}
00:20:45.566 [nioEventLoopGroup-18-1] DEBUG c.i.k.driver.chrome_1752427242886 - << {"method":"Page.frameDetached","params":{"frameId":"685ADC53D3B7D7D5C0E07E0586625969","reason":"remove"},"sessionId":"E530ED4BFD34EDC3CA7C703448476A03"}
00:20:45.566 [nioEventLoopGroup-18-1] DEBUG c.i.k.driver.chrome_1752427242886 - << {"method":"Target.targetDestroyed","params":{"targetId":"685ADC53D3B7D7D5C0E07E0586625969"},"sessionId":"E530ED4BFD34EDC3CA7C703448476A03"}
00:20:45.585 [nioEventLoopGroup-18-1] DEBUG c.i.k.driver.chrome_1752427242886 - << {"method":"Target.targetInfoChanged","params":{"targetInfo":{"targetId":"74F06CBC829D0746FF7F76755A37ED01","type":"page","title":"saucedemo.com","url":"https://www.saucedemo.com/","attached":true,"canAccessOpener":false,"browserContextId":"F52BF9CE30DAE174F3486C7F884B5502"}},"sessionId":"E530ED4BFD34EDC3CA7C703448476A03"}
00:20:45.592 [nioEventLoopGroup-18-1] DEBUG c.i.k.driver.chrome_1752427242886 - << {"method":"Runtime.executionContextCreated","params":{"context":{"id":1,"origin":"https://www.saucedemo.com","name":"","uniqueId":"5501355182665020896.-9119961177307781472","auxData":{"isDefault":true,"type":"default","frameId":"74F06CBC829D0746FF7F76755A37ED01"}}},"sessionId":"E530ED4BFD34EDC3CA7C703448476A03"}
00:20:45.605 [nioEventLoopGroup-18-1] DEBUG c.i.k.driver.chrome_1752427242886 - << {"id":8,"result":{"result":{"type":"object","subtype":"error","className":"TypeError","description":"TypeError: Cannot read properties of null (reading 'focus')\n    at <anonymous>:1:95","objectId":"3254018649394196851.1.1"},"exceptionDetails":{"exceptionId":1,"text":"Uncaught","lineNumber":0,"columnNumber":94,"scriptId":"5","stackTrace":{"callFrames":[{"functionName":"","scriptId":"5","url":"","lineNumber":0,"columnNumber":94}]},"exception":{"type":"object","subtype":"error","className":"TypeError","description":"TypeError: Cannot read properties of null (reading 'focus')\n    at <anonymous>:1:95","objectId":"3254018649394196851.1.2"}}},"sessionId":"E530ED4BFD34EDC3CA7C703448476A03"}
00:20:45.605 [nioEventLoopGroup-18-1] WARN  c.i.k.driver.chrome_1752427242886 - devtools error: [id: 8, sessionId: E530ED4BFD34EDC3CA7C703448476A03, result: [type: MAP, value: {type=object, subtype=error, className=TypeError, description=TypeError: Cannot read properties of null (reading 'focus')
    at <anonymous>:1:95, objectId=3254018649394196851.1.1}]]
00:20:45.605 [main] WARN  c.i.k.driver.chrome_1752427242886 - js eval failed once:var e = document.evaluate("//*[@id='user-name']", document, null, 9, null).singleNodeValue; e.focus(); try { e.selectionStart = e.selectionEnd = e.value.length } catch(x) {}, error: [type: MAP, value: {type=object, subtype=error, className=TypeError, description=TypeError: Cannot read properties of null (reading 'focus')
    at <anonymous>:1:95, objectId=3254018649394196851.1.1}]
00:20:46.275 [nioEventLoopGroup-18-1] DEBUG c.i.k.driver.chrome_1752427242886 - << {"method":"Page.domContentEventFired","params":{"timestamp":35188.883531},"sessionId":"E530ED4BFD34EDC3CA7C703448476A03"}
00:20:46.457 [nioEventLoopGroup-18-1] DEBUG c.i.k.driver.chrome_1752427242886 - << {"method":"Page.loadEventFired","params":{"timestamp":35189.068368},"sessionId":"E530ED4BFD34EDC3CA7C703448476A03"}
00:20:46.458 [nioEventLoopGroup-18-1] DEBUG c.i.k.driver.chrome_1752427242886 - << {"method":"Page.frameStoppedLoading","params":{"frameId":"74F06CBC829D0746FF7F76755A37ED01"},"sessionId":"E530ED4BFD34EDC3CA7C703448476A03"}
00:20:46.479 [nioEventLoopGroup-18-1] DEBUG c.i.k.driver.chrome_1752427242886 - << {"method":"Target.targetCreated","params":{"targetInfo":{"targetId":"889B7E9154DA3A8C76B221FD07BACD18","type":"service_worker","title":"Service Worker https://www.saucedemo.com/service-worker.js","url":"https://www.saucedemo.com/service-worker.js","attached":false,"canAccessOpener":false,"browserContextId":"F52BF9CE30DAE174F3486C7F884B5502"}},"sessionId":"E530ED4BFD34EDC3CA7C703448476A03"}
00:20:47.707 [nioEventLoopGroup-18-1] DEBUG c.i.k.driver.chrome_1752427242886 - << {"method":"Runtime.consoleAPICalled","params":{"type":"log","args":[{"type":"string","value":"Content is cached for offline use."}],"executionContextId":1,"timestamp":1.752427247706892e+12,"stackTrace":{"callFrames":[{"functionName":"console.<computed>","scriptId":"7","url":"https://www.saucedemo.com/static/js/2.84a5cbf3.chunk.js","lineNumber":1,"columnNumber":123015},{"functionName":"a.onstatechange","scriptId":"8","url":"https://www.saucedemo.com/static/js/main.018d2d1e.chunk.js","lineNumber":0,"columnNumber":58496}]}},"sessionId":"E530ED4BFD34EDC3CA7C703448476A03"}
00:20:47.707 [nioEventLoopGroup-18-1] DEBUG c.i.k.driver.chrome_1752427242886 - [console] Content is cached for offline use.
00:20:47.770 [chrome_1752427242886-out] DEBUG c.i.k.driver.chrome_1752427242886 - WARNING: All log messages before absl::InitializeLog() is called are written to STDERR
00:20:47.770 [chrome_1752427242886-out] DEBUG c.i.k.driver.chrome_1752427242886 - I0000 00:00:1752427247.770378   20936 voice_transcription.cc:58] Registering VoiceTranscriptionCapability
00:20:48.609 [main] DEBUG c.i.k.driver.chrome_1752427242886 - >> {"id":9,"sessionId":"E530ED4BFD34EDC3CA7C703448476A03","method":"Runtime.evaluate","params":{"expression":"var e = document.evaluate(\"\/\/*[@id='user-name']\", document, null, 9, null).singleNodeValue; e.focus(); try { e.selectionStart = e.selectionEnd = e.value.length } catch(x) {}","returnByValue":true}}
00:20:48.762 [chrome_1752427242886-out] DEBUG c.i.k.driver.chrome_1752427242886 - [18544:6804:0714/002048.761:ERROR:google_apis\gcm\engine\registration_request.cc:291] Registration response error message: DEPRECATED_ENDPOINT
00:20:48.803 [nioEventLoopGroup-18-1] DEBUG c.i.k.driver.chrome_1752427242886 - << {"id":9,"result":{"result":{"type":"number","value":0,"description":"0"}},"sessionId":"E530ED4BFD34EDC3CA7C703448476A03"}
00:20:48.803 [main] DEBUG c.i.k.driver.chrome_1752427242886 - >> {"id":10,"sessionId":"E530ED4BFD34EDC3CA7C703448476A03","method":"Input.dispatchKeyEvent","params":{"modifiers":0,"type":"rawKeyDown","text":"s","windowsVirtualKeyCode":115}}
00:20:48.821 [nioEventLoopGroup-18-1] DEBUG c.i.k.driver.chrome_1752427242886 - << {"id":10,"result":{},"sessionId":"E530ED4BFD34EDC3CA7C703448476A03"}
00:20:48.821 [main] DEBUG c.i.k.driver.chrome_1752427242886 - >> {"id":11,"sessionId":"E530ED4BFD34EDC3CA7C703448476A03","method":"Input.dispatchKeyEvent","params":{"modifiers":0,"type":"char","text":"s","windowsVirtualKeyCode":115}}
00:20:48.823 [nioEventLoopGroup-18-1] DEBUG c.i.k.driver.chrome_1752427242886 - << {"id":11,"result":{},"sessionId":"E530ED4BFD34EDC3CA7C703448476A03"}
00:20:48.824 [main] DEBUG c.i.k.driver.chrome_1752427242886 - >> {"id":12,"sessionId":"E530ED4BFD34EDC3CA7C703448476A03","method":"Input.dispatchKeyEvent","params":{"modifiers":0,"type":"keyUp","text":"s","windowsVirtualKeyCode":115}}
00:20:48.826 [nioEventLoopGroup-18-1] DEBUG c.i.k.driver.chrome_1752427242886 - << {"id":12,"result":{},"sessionId":"E530ED4BFD34EDC3CA7C703448476A03"}
00:20:48.827 [main] DEBUG c.i.k.driver.chrome_1752427242886 - >> {"id":13,"sessionId":"E530ED4BFD34EDC3CA7C703448476A03","method":"Input.dispatchKeyEvent","params":{"modifiers":0,"type":"rawKeyDown","text":"t","windowsVirtualKeyCode":116}}
00:20:48.852 [nioEventLoopGroup-18-1] DEBUG c.i.k.driver.chrome_1752427242886 - << {"id":13,"result":{},"sessionId":"E530ED4BFD34EDC3CA7C703448476A03"}
00:20:48.853 [main] DEBUG c.i.k.driver.chrome_1752427242886 - >> {"id":14,"sessionId":"E530ED4BFD34EDC3CA7C703448476A03","method":"Input.dispatchKeyEvent","params":{"modifiers":0,"type":"char","text":"t","windowsVirtualKeyCode":116}}
00:20:48.869 [nioEventLoopGroup-18-1] DEBUG c.i.k.driver.chrome_1752427242886 - << {"id":14,"result":{},"sessionId":"E530ED4BFD34EDC3CA7C703448476A03"}
00:20:48.869 [main] DEBUG c.i.k.driver.chrome_1752427242886 - >> {"id":15,"sessionId":"E530ED4BFD34EDC3CA7C703448476A03","method":"Input.dispatchKeyEvent","params":{"modifiers":0,"type":"keyUp","text":"t","windowsVirtualKeyCode":116}}
00:20:48.873 [nioEventLoopGroup-18-1] DEBUG c.i.k.driver.chrome_1752427242886 - << {"id":15,"result":{},"sessionId":"E530ED4BFD34EDC3CA7C703448476A03"}
00:20:48.874 [main] DEBUG c.i.k.driver.chrome_1752427242886 - >> {"id":16,"sessionId":"E530ED4BFD34EDC3CA7C703448476A03","method":"Input.dispatchKeyEvent","params":{"modifiers":0,"type":"rawKeyDown","text":"a","windowsVirtualKeyCode":97}}
00:20:48.884 [nioEventLoopGroup-18-1] DEBUG c.i.k.driver.chrome_1752427242886 - << {"id":16,"result":{},"sessionId":"E530ED4BFD34EDC3CA7C703448476A03"}
00:20:48.884 [main] DEBUG c.i.k.driver.chrome_1752427242886 - >> {"id":17,"sessionId":"E530ED4BFD34EDC3CA7C703448476A03","method":"Input.dispatchKeyEvent","params":{"modifiers":0,"type":"char","text":"a","windowsVirtualKeyCode":97}}
00:20:48.888 [nioEventLoopGroup-18-1] DEBUG c.i.k.driver.chrome_1752427242886 - << {"id":17,"result":{},"sessionId":"E530ED4BFD34EDC3CA7C703448476A03"}
00:20:48.888 [main] DEBUG c.i.k.driver.chrome_1752427242886 - >> {"id":18,"sessionId":"E530ED4BFD34EDC3CA7C703448476A03","method":"Input.dispatchKeyEvent","params":{"modifiers":0,"type":"keyUp","text":"a","windowsVirtualKeyCode":97}}
00:20:48.902 [nioEventLoopGroup-18-1] DEBUG c.i.k.driver.chrome_1752427242886 - << {"id":18,"result":{},"sessionId":"E530ED4BFD34EDC3CA7C703448476A03"}
00:20:48.903 [main] DEBUG c.i.k.driver.chrome_1752427242886 - >> {"id":19,"sessionId":"E530ED4BFD34EDC3CA7C703448476A03","method":"Input.dispatchKeyEvent","params":{"modifiers":0,"type":"rawKeyDown","text":"n","windowsVirtualKeyCode":110}}
00:20:48.905 [nioEventLoopGroup-18-1] DEBUG c.i.k.driver.chrome_1752427242886 - << {"id":19,"result":{},"sessionId":"E530ED4BFD34EDC3CA7C703448476A03"}
00:20:48.906 [main] DEBUG c.i.k.driver.chrome_1752427242886 - >> {"id":20,"sessionId":"E530ED4BFD34EDC3CA7C703448476A03","method":"Input.dispatchKeyEvent","params":{"modifiers":0,"type":"char","text":"n","windowsVirtualKeyCode":110}}
00:20:48.938 [nioEventLoopGroup-18-1] DEBUG c.i.k.driver.chrome_1752427242886 - << {"id":20,"result":{},"sessionId":"E530ED4BFD34EDC3CA7C703448476A03"}
00:20:48.939 [main] DEBUG c.i.k.driver.chrome_1752427242886 - >> {"id":21,"sessionId":"E530ED4BFD34EDC3CA7C703448476A03","method":"Input.dispatchKeyEvent","params":{"modifiers":0,"type":"keyUp","text":"n","windowsVirtualKeyCode":110}}
00:20:48.940 [nioEventLoopGroup-18-1] DEBUG c.i.k.driver.chrome_1752427242886 - << {"id":21,"result":{},"sessionId":"E530ED4BFD34EDC3CA7C703448476A03"}
00:20:48.941 [main] DEBUG c.i.k.driver.chrome_1752427242886 - >> {"id":22,"sessionId":"E530ED4BFD34EDC3CA7C703448476A03","method":"Input.dispatchKeyEvent","params":{"modifiers":0,"type":"rawKeyDown","text":"d","windowsVirtualKeyCode":100}}
00:20:48.942 [nioEventLoopGroup-18-1] DEBUG c.i.k.driver.chrome_1752427242886 - << {"id":22,"result":{},"sessionId":"E530ED4BFD34EDC3CA7C703448476A03"}
00:20:48.942 [main] DEBUG c.i.k.driver.chrome_1752427242886 - >> {"id":23,"sessionId":"E530ED4BFD34EDC3CA7C703448476A03","method":"Input.dispatchKeyEvent","params":{"modifiers":0,"type":"char","text":"d","windowsVirtualKeyCode":100}}
00:20:48.944 [nioEventLoopGroup-18-1] DEBUG c.i.k.driver.chrome_1752427242886 - << {"id":23,"result":{},"sessionId":"E530ED4BFD34EDC3CA7C703448476A03"}
00:20:48.945 [main] DEBUG c.i.k.driver.chrome_1752427242886 - >> {"id":24,"sessionId":"E530ED4BFD34EDC3CA7C703448476A03","method":"Input.dispatchKeyEvent","params":{"modifiers":0,"type":"keyUp","text":"d","windowsVirtualKeyCode":100}}
00:20:48.954 [nioEventLoopGroup-18-1] DEBUG c.i.k.driver.chrome_1752427242886 - << {"id":24,"result":{},"sessionId":"E530ED4BFD34EDC3CA7C703448476A03"}
00:20:48.955 [main] DEBUG c.i.k.driver.chrome_1752427242886 - >> {"id":25,"sessionId":"E530ED4BFD34EDC3CA7C703448476A03","method":"Input.dispatchKeyEvent","params":{"modifiers":0,"type":"rawKeyDown","text":"a","windowsVirtualKeyCode":97}}
00:20:48.956 [nioEventLoopGroup-18-1] DEBUG c.i.k.driver.chrome_1752427242886 - << {"id":25,"result":{},"sessionId":"E530ED4BFD34EDC3CA7C703448476A03"}
00:20:48.956 [main] DEBUG c.i.k.driver.chrome_1752427242886 - >> {"id":26,"sessionId":"E530ED4BFD34EDC3CA7C703448476A03","method":"Input.dispatchKeyEvent","params":{"modifiers":0,"type":"char","text":"a","windowsVirtualKeyCode":97}}
00:20:48.957 [nioEventLoopGroup-18-1] DEBUG c.i.k.driver.chrome_1752427242886 - << {"id":26,"result":{},"sessionId":"E530ED4BFD34EDC3CA7C703448476A03"}
00:20:48.958 [main] DEBUG c.i.k.driver.chrome_1752427242886 - >> {"id":27,"sessionId":"E530ED4BFD34EDC3CA7C703448476A03","method":"Input.dispatchKeyEvent","params":{"modifiers":0,"type":"keyUp","text":"a","windowsVirtualKeyCode":97}}
00:20:48.959 [nioEventLoopGroup-18-1] DEBUG c.i.k.driver.chrome_1752427242886 - << {"id":27,"result":{},"sessionId":"E530ED4BFD34EDC3CA7C703448476A03"}
00:20:48.959 [main] DEBUG c.i.k.driver.chrome_1752427242886 - >> {"id":28,"sessionId":"E530ED4BFD34EDC3CA7C703448476A03","method":"Input.dispatchKeyEvent","params":{"modifiers":0,"type":"rawKeyDown","text":"r","windowsVirtualKeyCode":114}}
00:20:48.970 [nioEventLoopGroup-18-1] DEBUG c.i.k.driver.chrome_1752427242886 - << {"id":28,"result":{},"sessionId":"E530ED4BFD34EDC3CA7C703448476A03"}
00:20:48.970 [main] DEBUG c.i.k.driver.chrome_1752427242886 - >> {"id":29,"sessionId":"E530ED4BFD34EDC3CA7C703448476A03","method":"Input.dispatchKeyEvent","params":{"modifiers":0,"type":"char","text":"r","windowsVirtualKeyCode":114}}
00:20:48.971 [nioEventLoopGroup-18-1] DEBUG c.i.k.driver.chrome_1752427242886 - << {"id":29,"result":{},"sessionId":"E530ED4BFD34EDC3CA7C703448476A03"}
00:20:48.971 [main] DEBUG c.i.k.driver.chrome_1752427242886 - >> {"id":30,"sessionId":"E530ED4BFD34EDC3CA7C703448476A03","method":"Input.dispatchKeyEvent","params":{"modifiers":0,"type":"keyUp","text":"r","windowsVirtualKeyCode":114}}
00:20:48.972 [nioEventLoopGroup-18-1] DEBUG c.i.k.driver.chrome_1752427242886 - << {"id":30,"result":{},"sessionId":"E530ED4BFD34EDC3CA7C703448476A03"}
00:20:48.973 [main] DEBUG c.i.k.driver.chrome_1752427242886 - >> {"id":31,"sessionId":"E530ED4BFD34EDC3CA7C703448476A03","method":"Input.dispatchKeyEvent","params":{"modifiers":0,"type":"rawKeyDown","text":"d","windowsVirtualKeyCode":100}}
00:20:48.979 [nioEventLoopGroup-18-1] DEBUG c.i.k.driver.chrome_1752427242886 - << {"id":31,"result":{},"sessionId":"E530ED4BFD34EDC3CA7C703448476A03"}
00:20:48.981 [main] DEBUG c.i.k.driver.chrome_1752427242886 - >> {"id":32,"sessionId":"E530ED4BFD34EDC3CA7C703448476A03","method":"Input.dispatchKeyEvent","params":{"modifiers":0,"type":"char","text":"d","windowsVirtualKeyCode":100}}
00:20:48.991 [nioEventLoopGroup-18-1] DEBUG c.i.k.driver.chrome_1752427242886 - << {"id":32,"result":{},"sessionId":"E530ED4BFD34EDC3CA7C703448476A03"}
00:20:48.991 [main] DEBUG c.i.k.driver.chrome_1752427242886 - >> {"id":33,"sessionId":"E530ED4BFD34EDC3CA7C703448476A03","method":"Input.dispatchKeyEvent","params":{"modifiers":0,"type":"keyUp","text":"d","windowsVirtualKeyCode":100}}
00:20:49.017 [nioEventLoopGroup-18-1] DEBUG c.i.k.driver.chrome_1752427242886 - << {"id":33,"result":{},"sessionId":"E530ED4BFD34EDC3CA7C703448476A03"}
00:20:49.017 [main] DEBUG c.i.k.driver.chrome_1752427242886 - >> {"id":34,"sessionId":"E530ED4BFD34EDC3CA7C703448476A03","method":"Input.dispatchKeyEvent","params":{"modifiers":0,"type":"rawKeyDown","text":"_","windowsVirtualKeyCode":523}}
00:20:49.019 [nioEventLoopGroup-18-1] DEBUG c.i.k.driver.chrome_1752427242886 - << {"id":34,"result":{},"sessionId":"E530ED4BFD34EDC3CA7C703448476A03"}
00:20:49.019 [main] DEBUG c.i.k.driver.chrome_1752427242886 - >> {"id":35,"sessionId":"E530ED4BFD34EDC3CA7C703448476A03","method":"Input.dispatchKeyEvent","params":{"modifiers":0,"type":"char","text":"_","windowsVirtualKeyCode":523}}
00:20:49.020 [nioEventLoopGroup-18-1] DEBUG c.i.k.driver.chrome_1752427242886 - << {"id":35,"result":{},"sessionId":"E530ED4BFD34EDC3CA7C703448476A03"}
00:20:49.021 [main] DEBUG c.i.k.driver.chrome_1752427242886 - >> {"id":36,"sessionId":"E530ED4BFD34EDC3CA7C703448476A03","method":"Input.dispatchKeyEvent","params":{"modifiers":0,"type":"keyUp","text":"_","windowsVirtualKeyCode":523}}
00:20:49.022 [nioEventLoopGroup-18-1] DEBUG c.i.k.driver.chrome_1752427242886 - << {"id":36,"result":{},"sessionId":"E530ED4BFD34EDC3CA7C703448476A03"}
00:20:49.022 [main] DEBUG c.i.k.driver.chrome_1752427242886 - >> {"id":37,"sessionId":"E530ED4BFD34EDC3CA7C703448476A03","method":"Input.dispatchKeyEvent","params":{"modifiers":0,"type":"rawKeyDown","text":"u","windowsVirtualKeyCode":117}}
00:20:49.023 [nioEventLoopGroup-18-1] DEBUG c.i.k.driver.chrome_1752427242886 - << {"id":37,"result":{},"sessionId":"E530ED4BFD34EDC3CA7C703448476A03"}
00:20:49.023 [main] DEBUG c.i.k.driver.chrome_1752427242886 - >> {"id":38,"sessionId":"E530ED4BFD34EDC3CA7C703448476A03","method":"Input.dispatchKeyEvent","params":{"modifiers":0,"type":"char","text":"u","windowsVirtualKeyCode":117}}
00:20:49.024 [nioEventLoopGroup-18-1] DEBUG c.i.k.driver.chrome_1752427242886 - << {"id":38,"result":{},"sessionId":"E530ED4BFD34EDC3CA7C703448476A03"}
00:20:49.025 [main] DEBUG c.i.k.driver.chrome_1752427242886 - >> {"id":39,"sessionId":"E530ED4BFD34EDC3CA7C703448476A03","method":"Input.dispatchKeyEvent","params":{"modifiers":0,"type":"keyUp","text":"u","windowsVirtualKeyCode":117}}
00:20:49.025 [nioEventLoopGroup-18-1] DEBUG c.i.k.driver.chrome_1752427242886 - << {"id":39,"result":{},"sessionId":"E530ED4BFD34EDC3CA7C703448476A03"}
00:20:49.026 [main] DEBUG c.i.k.driver.chrome_1752427242886 - >> {"id":40,"sessionId":"E530ED4BFD34EDC3CA7C703448476A03","method":"Input.dispatchKeyEvent","params":{"modifiers":0,"type":"rawKeyDown","text":"s","windowsVirtualKeyCode":115}}
00:20:49.030 [nioEventLoopGroup-18-1] DEBUG c.i.k.driver.chrome_1752427242886 - << {"id":40,"result":{},"sessionId":"E530ED4BFD34EDC3CA7C703448476A03"}
00:20:49.030 [main] DEBUG c.i.k.driver.chrome_1752427242886 - >> {"id":41,"sessionId":"E530ED4BFD34EDC3CA7C703448476A03","method":"Input.dispatchKeyEvent","params":{"modifiers":0,"type":"char","text":"s","windowsVirtualKeyCode":115}}
00:20:49.032 [nioEventLoopGroup-18-1] DEBUG c.i.k.driver.chrome_1752427242886 - << {"id":41,"result":{},"sessionId":"E530ED4BFD34EDC3CA7C703448476A03"}
00:20:49.032 [main] DEBUG c.i.k.driver.chrome_1752427242886 - >> {"id":42,"sessionId":"E530ED4BFD34EDC3CA7C703448476A03","method":"Input.dispatchKeyEvent","params":{"modifiers":0,"type":"keyUp","text":"s","windowsVirtualKeyCode":115}}
00:20:49.033 [nioEventLoopGroup-18-1] DEBUG c.i.k.driver.chrome_1752427242886 - << {"id":42,"result":{},"sessionId":"E530ED4BFD34EDC3CA7C703448476A03"}
00:20:49.033 [main] DEBUG c.i.k.driver.chrome_1752427242886 - >> {"id":43,"sessionId":"E530ED4BFD34EDC3CA7C703448476A03","method":"Input.dispatchKeyEvent","params":{"modifiers":0,"type":"rawKeyDown","text":"e","windowsVirtualKeyCode":101}}
00:20:49.036 [nioEventLoopGroup-18-1] DEBUG c.i.k.driver.chrome_1752427242886 - << {"id":43,"result":{},"sessionId":"E530ED4BFD34EDC3CA7C703448476A03"}
00:20:49.036 [main] DEBUG c.i.k.driver.chrome_1752427242886 - >> {"id":44,"sessionId":"E530ED4BFD34EDC3CA7C703448476A03","method":"Input.dispatchKeyEvent","params":{"modifiers":0,"type":"char","text":"e","windowsVirtualKeyCode":101}}
00:20:49.038 [nioEventLoopGroup-18-1] DEBUG c.i.k.driver.chrome_1752427242886 - << {"id":44,"result":{},"sessionId":"E530ED4BFD34EDC3CA7C703448476A03"}
00:20:49.039 [main] DEBUG c.i.k.driver.chrome_1752427242886 - >> {"id":45,"sessionId":"E530ED4BFD34EDC3CA7C703448476A03","method":"Input.dispatchKeyEvent","params":{"modifiers":0,"type":"keyUp","text":"e","windowsVirtualKeyCode":101}}
00:20:49.040 [nioEventLoopGroup-18-1] DEBUG c.i.k.driver.chrome_1752427242886 - << {"id":45,"result":{},"sessionId":"E530ED4BFD34EDC3CA7C703448476A03"}
00:20:49.040 [main] DEBUG c.i.k.driver.chrome_1752427242886 - >> {"id":46,"sessionId":"E530ED4BFD34EDC3CA7C703448476A03","method":"Input.dispatchKeyEvent","params":{"modifiers":0,"type":"rawKeyDown","text":"r","windowsVirtualKeyCode":114}}
00:20:49.041 [nioEventLoopGroup-18-1] DEBUG c.i.k.driver.chrome_1752427242886 - << {"id":46,"result":{},"sessionId":"E530ED4BFD34EDC3CA7C703448476A03"}
00:20:49.042 [main] DEBUG c.i.k.driver.chrome_1752427242886 - >> {"id":47,"sessionId":"E530ED4BFD34EDC3CA7C703448476A03","method":"Input.dispatchKeyEvent","params":{"modifiers":0,"type":"char","text":"r","windowsVirtualKeyCode":114}}
00:20:49.043 [nioEventLoopGroup-18-1] DEBUG c.i.k.driver.chrome_1752427242886 - << {"id":47,"result":{},"sessionId":"E530ED4BFD34EDC3CA7C703448476A03"}
00:20:49.045 [main] DEBUG c.i.k.driver.chrome_1752427242886 - >> {"id":48,"sessionId":"E530ED4BFD34EDC3CA7C703448476A03","method":"Input.dispatchKeyEvent","params":{"modifiers":0,"type":"keyUp","text":"r","windowsVirtualKeyCode":114}}
00:20:49.047 [nioEventLoopGroup-18-1] DEBUG c.i.k.driver.chrome_1752427242886 - << {"id":48,"result":{},"sessionId":"E530ED4BFD34EDC3CA7C703448476A03"}
00:20:49.048 [main] DEBUG c.i.k.driver.chrome_1752427242886 - >> {"id":49,"sessionId":"E530ED4BFD34EDC3CA7C703448476A03","method":"Runtime.evaluate","params":{"expression":"var e = document.evaluate(\"\/\/*[@id='password']\", document, null, 9, null).singleNodeValue; e.focus(); try { e.selectionStart = e.selectionEnd = e.value.length } catch(x) {}","returnByValue":true}}
00:20:49.052 [nioEventLoopGroup-18-1] DEBUG c.i.k.driver.chrome_1752427242886 - << {"id":49,"result":{"result":{"type":"number","value":0,"description":"0"}},"sessionId":"E530ED4BFD34EDC3CA7C703448476A03"}
00:20:49.052 [main] DEBUG c.i.k.driver.chrome_1752427242886 - >> {"id":50,"sessionId":"E530ED4BFD34EDC3CA7C703448476A03","method":"Input.dispatchKeyEvent","params":{"modifiers":0,"type":"rawKeyDown","text":"w","windowsVirtualKeyCode":119}}
00:20:49.053 [nioEventLoopGroup-18-1] DEBUG c.i.k.driver.chrome_1752427242886 - << {"id":50,"result":{},"sessionId":"E530ED4BFD34EDC3CA7C703448476A03"}
00:20:49.053 [main] DEBUG c.i.k.driver.chrome_1752427242886 - >> {"id":51,"sessionId":"E530ED4BFD34EDC3CA7C703448476A03","method":"Input.dispatchKeyEvent","params":{"modifiers":0,"type":"char","text":"w","windowsVirtualKeyCode":119}}
00:20:49.054 [nioEventLoopGroup-18-1] DEBUG c.i.k.driver.chrome_1752427242886 - << {"id":51,"result":{},"sessionId":"E530ED4BFD34EDC3CA7C703448476A03"}
00:20:49.055 [main] DEBUG c.i.k.driver.chrome_1752427242886 - >> {"id":52,"sessionId":"E530ED4BFD34EDC3CA7C703448476A03","method":"Input.dispatchKeyEvent","params":{"modifiers":0,"type":"keyUp","text":"w","windowsVirtualKeyCode":119}}
00:20:49.056 [nioEventLoopGroup-18-1] DEBUG c.i.k.driver.chrome_1752427242886 - << {"id":52,"result":{},"sessionId":"E530ED4BFD34EDC3CA7C703448476A03"}
00:20:49.057 [main] DEBUG c.i.k.driver.chrome_1752427242886 - >> {"id":53,"sessionId":"E530ED4BFD34EDC3CA7C703448476A03","method":"Input.dispatchKeyEvent","params":{"modifiers":0,"type":"rawKeyDown","text":"r","windowsVirtualKeyCode":114}}
00:20:49.059 [nioEventLoopGroup-18-1] DEBUG c.i.k.driver.chrome_1752427242886 - << {"id":53,"result":{},"sessionId":"E530ED4BFD34EDC3CA7C703448476A03"}
00:20:49.059 [main] DEBUG c.i.k.driver.chrome_1752427242886 - >> {"id":54,"sessionId":"E530ED4BFD34EDC3CA7C703448476A03","method":"Input.dispatchKeyEvent","params":{"modifiers":0,"type":"char","text":"r","windowsVirtualKeyCode":114}}
00:20:49.062 [nioEventLoopGroup-18-1] DEBUG c.i.k.driver.chrome_1752427242886 - << {"id":54,"result":{},"sessionId":"E530ED4BFD34EDC3CA7C703448476A03"}
00:20:49.062 [main] DEBUG c.i.k.driver.chrome_1752427242886 - >> {"id":55,"sessionId":"E530ED4BFD34EDC3CA7C703448476A03","method":"Input.dispatchKeyEvent","params":{"modifiers":0,"type":"keyUp","text":"r","windowsVirtualKeyCode":114}}
00:20:49.064 [nioEventLoopGroup-18-1] DEBUG c.i.k.driver.chrome_1752427242886 - << {"id":55,"result":{},"sessionId":"E530ED4BFD34EDC3CA7C703448476A03"}
00:20:49.064 [main] DEBUG c.i.k.driver.chrome_1752427242886 - >> {"id":56,"sessionId":"E530ED4BFD34EDC3CA7C703448476A03","method":"Input.dispatchKeyEvent","params":{"modifiers":0,"type":"rawKeyDown","text":"o","windowsVirtualKeyCode":111}}
00:20:49.066 [nioEventLoopGroup-18-1] DEBUG c.i.k.driver.chrome_1752427242886 - << {"id":56,"result":{},"sessionId":"E530ED4BFD34EDC3CA7C703448476A03"}
00:20:49.067 [main] DEBUG c.i.k.driver.chrome_1752427242886 - >> {"id":57,"sessionId":"E530ED4BFD34EDC3CA7C703448476A03","method":"Input.dispatchKeyEvent","params":{"modifiers":0,"type":"char","text":"o","windowsVirtualKeyCode":111}}
00:20:49.068 [nioEventLoopGroup-18-1] DEBUG c.i.k.driver.chrome_1752427242886 - << {"id":57,"result":{},"sessionId":"E530ED4BFD34EDC3CA7C703448476A03"}
00:20:49.068 [main] DEBUG c.i.k.driver.chrome_1752427242886 - >> {"id":58,"sessionId":"E530ED4BFD34EDC3CA7C703448476A03","method":"Input.dispatchKeyEvent","params":{"modifiers":0,"type":"keyUp","text":"o","windowsVirtualKeyCode":111}}
00:20:49.070 [nioEventLoopGroup-18-1] DEBUG c.i.k.driver.chrome_1752427242886 - << {"id":58,"result":{},"sessionId":"E530ED4BFD34EDC3CA7C703448476A03"}
00:20:49.070 [main] DEBUG c.i.k.driver.chrome_1752427242886 - >> {"id":59,"sessionId":"E530ED4BFD34EDC3CA7C703448476A03","method":"Input.dispatchKeyEvent","params":{"modifiers":0,"type":"rawKeyDown","text":"n","windowsVirtualKeyCode":110}}
00:20:49.071 [nioEventLoopGroup-18-1] DEBUG c.i.k.driver.chrome_1752427242886 - << {"id":59,"result":{},"sessionId":"E530ED4BFD34EDC3CA7C703448476A03"}
00:20:49.071 [main] DEBUG c.i.k.driver.chrome_1752427242886 - >> {"id":60,"sessionId":"E530ED4BFD34EDC3CA7C703448476A03","method":"Input.dispatchKeyEvent","params":{"modifiers":0,"type":"char","text":"n","windowsVirtualKeyCode":110}}
00:20:49.072 [nioEventLoopGroup-18-1] DEBUG c.i.k.driver.chrome_1752427242886 - << {"id":60,"result":{},"sessionId":"E530ED4BFD34EDC3CA7C703448476A03"}
00:20:49.073 [main] DEBUG c.i.k.driver.chrome_1752427242886 - >> {"id":61,"sessionId":"E530ED4BFD34EDC3CA7C703448476A03","method":"Input.dispatchKeyEvent","params":{"modifiers":0,"type":"keyUp","text":"n","windowsVirtualKeyCode":110}}
00:20:49.085 [nioEventLoopGroup-18-1] DEBUG c.i.k.driver.chrome_1752427242886 - << {"id":61,"result":{},"sessionId":"E530ED4BFD34EDC3CA7C703448476A03"}
00:20:49.085 [main] DEBUG c.i.k.driver.chrome_1752427242886 - >> {"id":62,"sessionId":"E530ED4BFD34EDC3CA7C703448476A03","method":"Input.dispatchKeyEvent","params":{"modifiers":0,"type":"rawKeyDown","text":"g","windowsVirtualKeyCode":103}}
00:20:49.087 [nioEventLoopGroup-18-1] DEBUG c.i.k.driver.chrome_1752427242886 - << {"id":62,"result":{},"sessionId":"E530ED4BFD34EDC3CA7C703448476A03"}
00:20:49.088 [main] DEBUG c.i.k.driver.chrome_1752427242886 - >> {"id":63,"sessionId":"E530ED4BFD34EDC3CA7C703448476A03","method":"Input.dispatchKeyEvent","params":{"modifiers":0,"type":"char","text":"g","windowsVirtualKeyCode":103}}
00:20:49.089 [nioEventLoopGroup-18-1] DEBUG c.i.k.driver.chrome_1752427242886 - << {"id":63,"result":{},"sessionId":"E530ED4BFD34EDC3CA7C703448476A03"}
00:20:49.089 [main] DEBUG c.i.k.driver.chrome_1752427242886 - >> {"id":64,"sessionId":"E530ED4BFD34EDC3CA7C703448476A03","method":"Input.dispatchKeyEvent","params":{"modifiers":0,"type":"keyUp","text":"g","windowsVirtualKeyCode":103}}
00:20:49.090 [nioEventLoopGroup-18-1] DEBUG c.i.k.driver.chrome_1752427242886 - << {"id":64,"result":{},"sessionId":"E530ED4BFD34EDC3CA7C703448476A03"}
00:20:49.090 [main] DEBUG c.i.k.driver.chrome_1752427242886 - >> {"id":65,"sessionId":"E530ED4BFD34EDC3CA7C703448476A03","method":"Input.dispatchKeyEvent","params":{"modifiers":0,"type":"rawKeyDown","text":"_","windowsVirtualKeyCode":523}}
00:20:49.091 [nioEventLoopGroup-18-1] DEBUG c.i.k.driver.chrome_1752427242886 - << {"id":65,"result":{},"sessionId":"E530ED4BFD34EDC3CA7C703448476A03"}
00:20:49.091 [main] DEBUG c.i.k.driver.chrome_1752427242886 - >> {"id":66,"sessionId":"E530ED4BFD34EDC3CA7C703448476A03","method":"Input.dispatchKeyEvent","params":{"modifiers":0,"type":"char","text":"_","windowsVirtualKeyCode":523}}
00:20:49.092 [nioEventLoopGroup-18-1] DEBUG c.i.k.driver.chrome_1752427242886 - << {"id":66,"result":{},"sessionId":"E530ED4BFD34EDC3CA7C703448476A03"}
00:20:49.093 [main] DEBUG c.i.k.driver.chrome_1752427242886 - >> {"id":67,"sessionId":"E530ED4BFD34EDC3CA7C703448476A03","method":"Input.dispatchKeyEvent","params":{"modifiers":0,"type":"keyUp","text":"_","windowsVirtualKeyCode":523}}
00:20:49.097 [nioEventLoopGroup-18-1] DEBUG c.i.k.driver.chrome_1752427242886 - << {"id":67,"result":{},"sessionId":"E530ED4BFD34EDC3CA7C703448476A03"}
00:20:49.098 [main] DEBUG c.i.k.driver.chrome_1752427242886 - >> {"id":68,"sessionId":"E530ED4BFD34EDC3CA7C703448476A03","method":"Input.dispatchKeyEvent","params":{"modifiers":0,"type":"rawKeyDown","text":"p","windowsVirtualKeyCode":112}}
00:20:49.099 [nioEventLoopGroup-18-1] DEBUG c.i.k.driver.chrome_1752427242886 - << {"id":68,"result":{},"sessionId":"E530ED4BFD34EDC3CA7C703448476A03"}
00:20:49.099 [main] DEBUG c.i.k.driver.chrome_1752427242886 - >> {"id":69,"sessionId":"E530ED4BFD34EDC3CA7C703448476A03","method":"Input.dispatchKeyEvent","params":{"modifiers":0,"type":"char","text":"p","windowsVirtualKeyCode":112}}
00:20:49.100 [nioEventLoopGroup-18-1] DEBUG c.i.k.driver.chrome_1752427242886 - << {"id":69,"result":{},"sessionId":"E530ED4BFD34EDC3CA7C703448476A03"}
00:20:49.100 [main] DEBUG c.i.k.driver.chrome_1752427242886 - >> {"id":70,"sessionId":"E530ED4BFD34EDC3CA7C703448476A03","method":"Input.dispatchKeyEvent","params":{"modifiers":0,"type":"keyUp","text":"p","windowsVirtualKeyCode":112}}
00:20:49.102 [nioEventLoopGroup-18-1] DEBUG c.i.k.driver.chrome_1752427242886 - << {"id":70,"result":{},"sessionId":"E530ED4BFD34EDC3CA7C703448476A03"}
00:20:49.102 [main] DEBUG c.i.k.driver.chrome_1752427242886 - >> {"id":71,"sessionId":"E530ED4BFD34EDC3CA7C703448476A03","method":"Input.dispatchKeyEvent","params":{"modifiers":0,"type":"rawKeyDown","text":"a","windowsVirtualKeyCode":97}}
00:20:49.104 [nioEventLoopGroup-18-1] DEBUG c.i.k.driver.chrome_1752427242886 - << {"id":71,"result":{},"sessionId":"E530ED4BFD34EDC3CA7C703448476A03"}
00:20:49.104 [main] DEBUG c.i.k.driver.chrome_1752427242886 - >> {"id":72,"sessionId":"E530ED4BFD34EDC3CA7C703448476A03","method":"Input.dispatchKeyEvent","params":{"modifiers":0,"type":"char","text":"a","windowsVirtualKeyCode":97}}
00:20:49.105 [nioEventLoopGroup-18-1] DEBUG c.i.k.driver.chrome_1752427242886 - << {"id":72,"result":{},"sessionId":"E530ED4BFD34EDC3CA7C703448476A03"}
00:20:49.106 [main] DEBUG c.i.k.driver.chrome_1752427242886 - >> {"id":73,"sessionId":"E530ED4BFD34EDC3CA7C703448476A03","method":"Input.dispatchKeyEvent","params":{"modifiers":0,"type":"keyUp","text":"a","windowsVirtualKeyCode":97}}
00:20:49.107 [nioEventLoopGroup-18-1] DEBUG c.i.k.driver.chrome_1752427242886 - << {"id":73,"result":{},"sessionId":"E530ED4BFD34EDC3CA7C703448476A03"}
00:20:49.107 [main] DEBUG c.i.k.driver.chrome_1752427242886 - >> {"id":74,"sessionId":"E530ED4BFD34EDC3CA7C703448476A03","method":"Input.dispatchKeyEvent","params":{"modifiers":0,"type":"rawKeyDown","text":"s","windowsVirtualKeyCode":115}}
00:20:49.108 [nioEventLoopGroup-18-1] DEBUG c.i.k.driver.chrome_1752427242886 - << {"id":74,"result":{},"sessionId":"E530ED4BFD34EDC3CA7C703448476A03"}
00:20:49.109 [main] DEBUG c.i.k.driver.chrome_1752427242886 - >> {"id":75,"sessionId":"E530ED4BFD34EDC3CA7C703448476A03","method":"Input.dispatchKeyEvent","params":{"modifiers":0,"type":"char","text":"s","windowsVirtualKeyCode":115}}
00:20:49.114 [nioEventLoopGroup-18-1] DEBUG c.i.k.driver.chrome_1752427242886 - << {"id":75,"result":{},"sessionId":"E530ED4BFD34EDC3CA7C703448476A03"}
00:20:49.114 [main] DEBUG c.i.k.driver.chrome_1752427242886 - >> {"id":76,"sessionId":"E530ED4BFD34EDC3CA7C703448476A03","method":"Input.dispatchKeyEvent","params":{"modifiers":0,"type":"keyUp","text":"s","windowsVirtualKeyCode":115}}
00:20:49.115 [nioEventLoopGroup-18-1] DEBUG c.i.k.driver.chrome_1752427242886 - << {"id":76,"result":{},"sessionId":"E530ED4BFD34EDC3CA7C703448476A03"}
00:20:49.115 [main] DEBUG c.i.k.driver.chrome_1752427242886 - >> {"id":77,"sessionId":"E530ED4BFD34EDC3CA7C703448476A03","method":"Input.dispatchKeyEvent","params":{"modifiers":0,"type":"rawKeyDown","text":"s","windowsVirtualKeyCode":115}}
00:20:49.116 [nioEventLoopGroup-18-1] DEBUG c.i.k.driver.chrome_1752427242886 - << {"id":77,"result":{},"sessionId":"E530ED4BFD34EDC3CA7C703448476A03"}
00:20:49.117 [main] DEBUG c.i.k.driver.chrome_1752427242886 - >> {"id":78,"sessionId":"E530ED4BFD34EDC3CA7C703448476A03","method":"Input.dispatchKeyEvent","params":{"modifiers":0,"type":"char","text":"s","windowsVirtualKeyCode":115}}
00:20:49.117 [nioEventLoopGroup-18-1] DEBUG c.i.k.driver.chrome_1752427242886 - << {"id":78,"result":{},"sessionId":"E530ED4BFD34EDC3CA7C703448476A03"}
00:20:49.118 [main] DEBUG c.i.k.driver.chrome_1752427242886 - >> {"id":79,"sessionId":"E530ED4BFD34EDC3CA7C703448476A03","method":"Input.dispatchKeyEvent","params":{"modifiers":0,"type":"keyUp","text":"s","windowsVirtualKeyCode":115}}
00:20:49.119 [nioEventLoopGroup-18-1] DEBUG c.i.k.driver.chrome_1752427242886 - << {"id":79,"result":{},"sessionId":"E530ED4BFD34EDC3CA7C703448476A03"}
00:20:49.120 [main] DEBUG c.i.k.driver.chrome_1752427242886 - >> {"id":80,"sessionId":"E530ED4BFD34EDC3CA7C703448476A03","method":"Runtime.evaluate","params":{"expression":"document.evaluate(\"\/\/*[@id='login-button']\", document, null, 9, null).singleNodeValue.click()","returnByValue":true}}
00:20:49.140 [nioEventLoopGroup-18-1] DEBUG c.i.k.driver.chrome_1752427242886 - << {"id":80,"result":{"result":{"type":"undefined"}},"sessionId":"E530ED4BFD34EDC3CA7C703448476A03"}
00:20:49.146 [main] DEBUG c.i.k.driver.chrome_1752427242886 - >> {"id":81,"sessionId":"E530ED4BFD34EDC3CA7C703448476A03","method":"Runtime.evaluate","params":{"expression":"document.evaluate(\"\/\/*[@id='login_button_container']\/div\/form\/div[3]\", document, null, 9, null).singleNodeValue['textContent']","returnByValue":true}}
00:20:49.147 [nioEventLoopGroup-18-1] DEBUG c.i.k.driver.chrome_1752427242886 - << {"id":81,"result":{"result":{"type":"string","value":"Epic sadface: Username is required"}},"sessionId":"E530ED4BFD34EDC3CA7C703448476A03"}
00:20:49.148 [main] DEBUG c.i.k.driver.chrome_1752427242886 - >> {"id":82,"sessionId":"E530ED4BFD34EDC3CA7C703448476A03","method":"Target.closeTarget","params":{"targetId":"74F06CBC829D0746FF7F76755A37ED01"}}
00:20:49.149 [nioEventLoopGroup-18-1] DEBUG c.i.k.http.WebSocketClientHandler - websocket closing
00:20:49.149 [nioEventLoopGroup-18-1] DEBUG c.i.k.http.WebSocketClientHandler - websocket client disconnected
00:20:49.152 [main] DEBUG com.intuit.karate.shell.Command - closing command: chrome_1752427242886
00:20:49.157 [main] INFO  com.intuit.karate - karate.env system property was: null 
00:20:49.161 [main] DEBUG com.intuit.karate.shell.Command - found / verified free local port: 65404
00:20:49.162 [main] WARN  c.intuit.karate.driver.DriverOptions - preferred port 9222 not available, will use: 65404
00:20:49.162 [main] DEBUG c.i.k.driver.chrome_1752427249161 - poll attempt #0 for port to be ready - localhost:65404
00:20:49.168 [chrome_1752427249161] DEBUG c.i.k.driver.chrome_1752427249161 - command: [C:\Program Files\Google\Chrome\Application\chrome.exe, --remote-debugging-port=65404, --remote-allow-origins=*, --no-first-run, --user-data-dir=E:\Duy\Projects\practices\karate_framework\demo\target\chrome_1752427249161, --disable-popup-blocking], working dir: target\chrome_1752427249161
00:20:49.312 [chrome_1752427242886] WARN  com.intuit.karate.shell.Command - exit code was non-zero: 1 - [C:\Program Files\Google\Chrome\Application\chrome.exe, --remote-debugging-port=65371, --remote-allow-origins=*, --no-first-run, --user-data-dir=E:\Duy\Projects\practices\karate_framework\demo\target\chrome_1752427242886, --disable-popup-blocking] working dir: target\chrome_1752427242886
00:20:49.415 [main] DEBUG c.i.k.driver.chrome_1752427249161 - poll attempt #1 for port to be ready - localhost:65404
00:20:49.487 [chrome_1752427249161-out] DEBUG c.i.k.driver.chrome_1752427249161 - 
00:20:49.487 [chrome_1752427249161-out] DEBUG c.i.k.driver.chrome_1752427249161 - DevTools listening on ws://127.0.0.1:65404/devtools/browser/df078948-92ad-4716-9505-e0c572dea7f2
00:20:49.687 [main] DEBUG c.i.k.driver.chrome_1752427249161 - poll attempt #2 for port to be ready - localhost:65404
00:20:49.733 [main] DEBUG com.intuit.karate - request:
1 > GET http://localhost:65404/json
1 > Host: localhost:65404
1 > Connection: Keep-Alive
1 > User-Agent: Apache-HttpClient/4.5.14 (Java/21.0.7)
1 > Accept-Encoding: gzip,deflate


00:20:49.737 [main] DEBUG com.intuit.karate - response time in milliseconds: 3
1 < 200
1 < Content-Security-Policy: frame-ancestors 'none'
1 < Content-Length: 986
1 < Content-Type: application/json; charset=UTF-8
[ {
   "description": "",
   "devtoolsFrontendUrl": "https://chrome-devtools-frontend.appspot.com/serve_rev/@a2159ad9ab8037bd34a21b9903003e0964c2075b/inspector.html?ws=localhost:65404/devtools/page/E0C434B04D8A6FA464BE6A29C94244CC",
   "id": "E0C434B04D8A6FA464BE6A29C94244CC",
   "title": "Google Hangouts",
   "type": "background_page",
   "url": "chrome-extension://nkeimhogjdpnpccoofpliimaahmaaome/background.html",
   "webSocketDebuggerUrl": "ws://localhost:65404/devtools/page/E0C434B04D8A6FA464BE6A29C94244CC"
}, {
   "description": "",
   "devtoolsFrontendUrl": "https://chrome-devtools-frontend.appspot.com/serve_rev/@a2159ad9ab8037bd34a21b9903003e0964c2075b/inspector.html?ws=localhost:65404/devtools/page/CF26A8CC249B0E9EFBAAB6B9426C1B53",
   "id": "CF26A8CC249B0E9EFBAAB6B9426C1B53",
   "title": "New Tab",
   "type": "page",
   "url": "chrome://newtab/",
   "webSocketDebuggerUrl": "ws://localhost:65404/devtools/page/CF26A8CC249B0E9EFBAAB6B9426C1B53"
} ]


00:20:49.739 [main] DEBUG com.intuit.karate.shell.Command - ready to accept http connections after 16 ms - http://localhost:65404/json
00:20:49.746 [main] DEBUG com.intuit.karate - request:
1 > GET http://localhost:65404/json
1 > Host: localhost:65404
1 > Connection: Keep-Alive
1 > User-Agent: Apache-HttpClient/4.5.14 (Java/21.0.7)
1 > Accept-Encoding: gzip,deflate


00:20:49.756 [main] DEBUG com.intuit.karate - response time in milliseconds: 10
1 < 200
1 < Content-Security-Policy: frame-ancestors 'none'
1 < Content-Length: 986
1 < Content-Type: application/json; charset=UTF-8
[ {
   "description": "",
   "devtoolsFrontendUrl": "https://chrome-devtools-frontend.appspot.com/serve_rev/@a2159ad9ab8037bd34a21b9903003e0964c2075b/inspector.html?ws=localhost:65404/devtools/page/E0C434B04D8A6FA464BE6A29C94244CC",
   "id": "E0C434B04D8A6FA464BE6A29C94244CC",
   "title": "Google Hangouts",
   "type": "background_page",
   "url": "chrome-extension://nkeimhogjdpnpccoofpliimaahmaaome/background.html",
   "webSocketDebuggerUrl": "ws://localhost:65404/devtools/page/E0C434B04D8A6FA464BE6A29C94244CC"
}, {
   "description": "",
   "devtoolsFrontendUrl": "https://chrome-devtools-frontend.appspot.com/serve_rev/@a2159ad9ab8037bd34a21b9903003e0964c2075b/inspector.html?ws=localhost:65404/devtools/page/CF26A8CC249B0E9EFBAAB6B9426C1B53",
   "id": "CF26A8CC249B0E9EFBAAB6B9426C1B53",
   "title": "New Tab",
   "type": "page",
   "url": "chrome://newtab/",
   "webSocketDebuggerUrl": "ws://localhost:65404/devtools/page/CF26A8CC249B0E9EFBAAB6B9426C1B53"
} ]


00:20:49.757 [main] DEBUG c.i.k.driver.chrome_1752427249161 - root frame id: CF26A8CC249B0E9EFBAAB6B9426C1B53
00:20:49.826 [nioEventLoopGroup-19-1] DEBUG c.i.k.http.WebSocketClientHandler - websocket client connected
00:20:49.835 [main] DEBUG c.i.k.driver.chrome_1752427249161 - >> {"id":1,"method":"Target.attachToTarget","params":{"targetId":"CF26A8CC249B0E9EFBAAB6B9426C1B53","flatten":true}}
00:20:49.838 [nioEventLoopGroup-19-1] DEBUG c.i.k.driver.chrome_1752427249161 - << {"method":"Target.attachedToTarget","params":{"sessionId":"94038A7DFA67B75A75E72D8289D2000D","targetInfo":{"targetId":"CF26A8CC249B0E9EFBAAB6B9426C1B53","type":"page","title":"New Tab","url":"chrome://newtab/","attached":true,"canAccessOpener":false,"browserContextId":"F4F289F29290CAD5D04A19DB39D2D6F2"},"waitingForDebugger":false}}
00:20:49.838 [nioEventLoopGroup-19-1] DEBUG c.i.k.driver.chrome_1752427249161 - << {"id":1,"result":{"sessionId":"94038A7DFA67B75A75E72D8289D2000D"}}
00:20:49.845 [main] DEBUG c.i.k.driver.chrome_1752427249161 - >> {"id":2,"sessionId":"94038A7DFA67B75A75E72D8289D2000D","method":"Target.activateTarget","params":{"targetId":"CF26A8CC249B0E9EFBAAB6B9426C1B53"}}
00:20:49.848 [nioEventLoopGroup-19-1] DEBUG c.i.k.driver.chrome_1752427249161 - << {"id":2,"result":{},"sessionId":"94038A7DFA67B75A75E72D8289D2000D"}
00:20:49.848 [main] DEBUG c.i.k.driver.chrome_1752427249161 - >> {"id":3,"sessionId":"94038A7DFA67B75A75E72D8289D2000D","method":"Target.setDiscoverTargets","params":{"discover":true}}
00:20:49.849 [nioEventLoopGroup-19-1] DEBUG c.i.k.driver.chrome_1752427249161 - << {"method":"Target.targetCreated","params":{"targetInfo":{"targetId":"CF26A8CC249B0E9EFBAAB6B9426C1B53","type":"page","title":"New Tab","url":"chrome://newtab/","attached":true,"canAccessOpener":false,"browserContextId":"F4F289F29290CAD5D04A19DB39D2D6F2"}},"sessionId":"94038A7DFA67B75A75E72D8289D2000D"}
00:20:49.849 [nioEventLoopGroup-19-1] DEBUG c.i.k.driver.chrome_1752427249161 - << {"method":"Target.targetCreated","params":{"targetInfo":{"targetId":"E0C434B04D8A6FA464BE6A29C94244CC","type":"background_page","title":"Google Hangouts","url":"chrome-extension://nkeimhogjdpnpccoofpliimaahmaaome/background.html","attached":false,"canAccessOpener":false,"browserContextId":"F4F289F29290CAD5D04A19DB39D2D6F2"}},"sessionId":"94038A7DFA67B75A75E72D8289D2000D"}
00:20:49.849 [nioEventLoopGroup-19-1] DEBUG c.i.k.driver.chrome_1752427249161 - << {"id":3,"result":{},"sessionId":"94038A7DFA67B75A75E72D8289D2000D"}
00:20:49.850 [main] DEBUG c.i.k.driver.chrome_1752427249161 - >> {"id":4,"sessionId":"94038A7DFA67B75A75E72D8289D2000D","method":"Page.enable"}
00:20:49.869 [nioEventLoopGroup-19-1] DEBUG c.i.k.driver.chrome_1752427249161 - << {"id":4,"result":{},"sessionId":"94038A7DFA67B75A75E72D8289D2000D"}
00:20:49.886 [main] DEBUG c.i.k.driver.chrome_1752427249161 - >> {"id":5,"sessionId":"94038A7DFA67B75A75E72D8289D2000D","method":"Runtime.enable"}
00:20:49.900 [nioEventLoopGroup-19-1] DEBUG c.i.k.driver.chrome_1752427249161 - << {"method":"Target.targetInfoChanged","params":{"targetInfo":{"targetId":"E0C434B04D8A6FA464BE6A29C94244CC","type":"background_page","title":"Google Hangouts","url":"chrome-extension://nkeimhogjdpnpccoofpliimaahmaaome/background.html","attached":false,"canAccessOpener":false,"browserContextId":"F4F289F29290CAD5D04A19DB39D2D6F2"}},"sessionId":"94038A7DFA67B75A75E72D8289D2000D"}
00:20:49.918 [nioEventLoopGroup-19-1] DEBUG c.i.k.driver.chrome_1752427249161 - << {"method":"Runtime.executionContextCreated","params":{"context":{"id":2,"origin":"chrome://new-tab-page","name":"","uniqueId":"-2592337524199541465.-9141995975026645749","auxData":{"isDefault":true,"type":"default","frameId":"95B460B9DD89315BB25F988F8120B7FE"}}},"sessionId":"94038A7DFA67B75A75E72D8289D2000D"}
00:20:49.919 [nioEventLoopGroup-19-1] DEBUG c.i.k.driver.chrome_1752427249161 - << {"method":"Runtime.executionContextCreated","params":{"context":{"id":1,"origin":"chrome://new-tab-page","name":"","uniqueId":"623052576053552441.-1083778867917340164","auxData":{"isDefault":true,"type":"default","frameId":"CF26A8CC249B0E9EFBAAB6B9426C1B53"}}},"sessionId":"94038A7DFA67B75A75E72D8289D2000D"}
00:20:49.919 [nioEventLoopGroup-19-1] DEBUG c.i.k.driver.chrome_1752427249161 - << {"id":5,"result":{},"sessionId":"94038A7DFA67B75A75E72D8289D2000D"}
00:20:49.919 [main] DEBUG c.i.k.driver.chrome_1752427249161 - >> {"id":6,"sessionId":"94038A7DFA67B75A75E72D8289D2000D","method":"Browser.getWindowForTarget","params":{"targetId":"CF26A8CC249B0E9EFBAAB6B9426C1B53"}}
00:20:49.920 [nioEventLoopGroup-19-1] DEBUG c.i.k.driver.chrome_1752427249161 - << {"id":6,"result":{"windowId":930717503,"bounds":{"left":10,"top":10,"width":945,"height":1060,"windowState":"normal"}},"sessionId":"94038A7DFA67B75A75E72D8289D2000D"}
00:20:49.930 [main] DEBUG c.i.k.driver.chrome_1752427249161 - >> {"id":7,"sessionId":"94038A7DFA67B75A75E72D8289D2000D","method":"Page.navigate","params":{"url":"https:\/\/saucedemo.com\/"}}
00:20:49.939 [nioEventLoopGroup-19-1] DEBUG c.i.k.driver.chrome_1752427249161 - << {"method":"Page.frameStartedNavigating","params":{"frameId":"CF26A8CC249B0E9EFBAAB6B9426C1B53","url":"https://saucedemo.com/","loaderId":"6BEC84CEB1D2EE6D16ECF864EE93662A","navigationType":"differentDocument"},"sessionId":"94038A7DFA67B75A75E72D8289D2000D"}
00:20:49.940 [nioEventLoopGroup-19-1] DEBUG c.i.k.driver.chrome_1752427249161 - << {"method":"Page.frameStartedLoading","params":{"frameId":"CF26A8CC249B0E9EFBAAB6B9426C1B53"},"sessionId":"94038A7DFA67B75A75E72D8289D2000D"}
00:20:50.062 [nioEventLoopGroup-19-1] DEBUG c.i.k.driver.chrome_1752427249161 - << {"method":"Page.domContentEventFired","params":{"timestamp":35192.702368},"sessionId":"94038A7DFA67B75A75E72D8289D2000D"}
00:20:50.065 [main] INFO  c.intuit.karate.core.FeatureRuntime - classpath:UI/LoginUI/LoginPage.feature - call by tag at line 7: action_attemptLogin
00:20:50.075 [main] DEBUG c.intuit.karate.core.ScenarioEngine - over-writing existing variable 'loginPage' with new value: read('classpath:UI/LoginUI/saucedemo-LoginPage.json')
00:20:50.077 [nioEventLoopGroup-19-1] DEBUG c.i.k.driver.chrome_1752427249161 - << {"method":"Page.loadEventFired","params":{"timestamp":35192.72546},"sessionId":"94038A7DFA67B75A75E72D8289D2000D"}
00:20:50.077 [main] DEBUG c.i.k.driver.chrome_1752427249161 - >> {"id":8,"sessionId":"94038A7DFA67B75A75E72D8289D2000D","method":"Runtime.evaluate","params":{"expression":"var e = document.evaluate(\"\/\/*[@id='user-name']\", document, null, 9, null).singleNodeValue; e.focus(); try { e.selectionStart = e.selectionEnd = e.value.length } catch(x) {}","returnByValue":true}}
00:20:50.077 [nioEventLoopGroup-19-1] DEBUG c.i.k.driver.chrome_1752427249161 - << {"method":"Page.frameStartedLoading","params":{"frameId":"CF26A8CC249B0E9EFBAAB6B9426C1B53"},"sessionId":"94038A7DFA67B75A75E72D8289D2000D"}
00:20:50.091 [nioEventLoopGroup-19-1] DEBUG c.i.k.driver.chrome_1752427249161 - << {"method":"Page.frameAttached","params":{"frameId":"6F518C74DD0C331497CD3E0C5B9FD8F7","parentFrameId":"CF26A8CC249B0E9EFBAAB6B9426C1B53","stack":{"callFrames":[{"functionName":"O","scriptId":"8","url":"chrome://resources/lit/v3_0/lit.rollup.js","lineNumber":15,"columnNumber":4320},{"functionName":"T","scriptId":"8","url":"chrome://resources/lit/v3_0/lit.rollup.js","lineNumber":15,"columnNumber":4394},{"functionName":"$","scriptId":"8","url":"chrome://resources/lit/v3_0/lit.rollup.js","lineNumber":15,"columnNumber":4743},{"functionName":"_$AI","scriptId":"8","url":"chrome://resources/lit/v3_0/lit.rollup.js","lineNumber":15,"columnNumber":4227},{"functionName":"B","scriptId":"8","url":"chrome://resources/lit/v3_0/lit.rollup.js","lineNumber":15,"columnNumber":7111},{"functionName":"update","scriptId":"8","url":"chrome://resources/lit/v3_0/lit.rollup.js","lineNumber":20,"columnNumber":369},{"functionName":"performUpdate","scriptId":"8","url":"chrome://resources/lit/v3_0/lit.rollup.js","lineNumber":10,"columnNumbe ...
00:20:50.092 [nioEventLoopGroup-19-1] DEBUG c.i.k.driver.chrome_1752427249161 - << {"method":"Page.frameRequestedNavigation","params":{"frameId":"6F518C74DD0C331497CD3E0C5B9FD8F7","reason":"initialFrameNavigation","url":"chrome-untrusted://new-tab-page/one-google-bar?paramsencoded=","disposition":"currentTab"},"sessionId":"94038A7DFA67B75A75E72D8289D2000D"}
00:20:50.097 [nioEventLoopGroup-19-1] DEBUG c.i.k.driver.chrome_1752427249161 - << {"method":"Page.frameStartedNavigating","params":{"frameId":"6F518C74DD0C331497CD3E0C5B9FD8F7","url":"chrome-untrusted://new-tab-page/one-google-bar?paramsencoded=","loaderId":"3ED1CD7BD8FEE8AA7227EF179150D7D5","navigationType":"differentDocument"},"sessionId":"94038A7DFA67B75A75E72D8289D2000D"}
00:20:50.097 [nioEventLoopGroup-19-1] DEBUG c.i.k.driver.chrome_1752427249161 - << {"method":"Page.frameStartedLoading","params":{"frameId":"6F518C74DD0C331497CD3E0C5B9FD8F7"},"sessionId":"94038A7DFA67B75A75E72D8289D2000D"}
00:20:50.213 [nioEventLoopGroup-19-1] DEBUG c.i.k.driver.chrome_1752427249161 - << {"method":"Target.targetCreated","params":{"targetInfo":{"targetId":"6EEBBD2165F9D91DC81DA7837CAB0562","type":"service_worker","title":"Service Worker chrome-extension://fignfifoniblkonapihmkfakmlgkbkcf/service_worker.js","url":"chrome-extension://fignfifoniblkonapihmkfakmlgkbkcf/service_worker.js","attached":false,"canAccessOpener":false,"browserContextId":"F4F289F29290CAD5D04A19DB39D2D6F2"}},"sessionId":"94038A7DFA67B75A75E72D8289D2000D"}
00:20:50.784 [nioEventLoopGroup-19-1] DEBUG c.i.k.driver.chrome_1752427249161 - << {"id":7,"result":{"frameId":"CF26A8CC249B0E9EFBAAB6B9426C1B53","loaderId":"6BEC84CEB1D2EE6D16ECF864EE93662A"},"sessionId":"94038A7DFA67B75A75E72D8289D2000D"}
00:20:50.788 [nioEventLoopGroup-19-1] DEBUG c.i.k.driver.chrome_1752427249161 - << {"method":"Runtime.executionContextsCleared","params":{},"sessionId":"94038A7DFA67B75A75E72D8289D2000D"}
00:20:50.792 [nioEventLoopGroup-19-1] DEBUG c.i.k.driver.chrome_1752427249161 - << {"method":"Runtime.executionContextsCleared","params":{},"sessionId":"94038A7DFA67B75A75E72D8289D2000D"}
00:20:50.792 [nioEventLoopGroup-19-1] DEBUG c.i.k.driver.chrome_1752427249161 - << {"method":"Page.frameNavigated","params":{"frame":{"id":"CF26A8CC249B0E9EFBAAB6B9426C1B53","loaderId":"6BEC84CEB1D2EE6D16ECF864EE93662A","url":"https://www.saucedemo.com/","domainAndRegistry":"saucedemo.com","securityOrigin":"https://www.saucedemo.com","securityOriginDetails":{"isLocalhost":false},"mimeType":"text/html","adFrameStatus":{"adFrameType":"none"},"secureContextType":"Secure","crossOriginIsolatedContextType":"NotIsolated","gatedAPIFeatures":[]},"type":"Navigation"},"sessionId":"94038A7DFA67B75A75E72D8289D2000D"}
00:20:50.799 [nioEventLoopGroup-19-1] DEBUG c.i.k.driver.chrome_1752427249161 - << {"method":"Page.frameStoppedLoading","params":{"frameId":"6F518C74DD0C331497CD3E0C5B9FD8F7"},"sessionId":"94038A7DFA67B75A75E72D8289D2000D"}
00:20:50.824 [nioEventLoopGroup-19-1] DEBUG c.i.k.driver.chrome_1752427249161 - << {"method":"Target.targetInfoChanged","params":{"targetInfo":{"targetId":"CF26A8CC249B0E9EFBAAB6B9426C1B53","type":"page","title":"saucedemo.com","url":"https://www.saucedemo.com/","attached":true,"canAccessOpener":false,"browserContextId":"F4F289F29290CAD5D04A19DB39D2D6F2"}},"sessionId":"94038A7DFA67B75A75E72D8289D2000D"}
00:20:50.845 [nioEventLoopGroup-19-1] DEBUG c.i.k.driver.chrome_1752427249161 - << {"method":"Runtime.executionContextCreated","params":{"context":{"id":1,"origin":"https://www.saucedemo.com","name":"","uniqueId":"4806479919755719582.-955801057977356646","auxData":{"isDefault":true,"type":"default","frameId":"CF26A8CC249B0E9EFBAAB6B9426C1B53"}}},"sessionId":"94038A7DFA67B75A75E72D8289D2000D"}
00:20:50.857 [nioEventLoopGroup-19-1] DEBUG c.i.k.driver.chrome_1752427249161 - << {"id":8,"result":{"result":{"type":"object","subtype":"error","className":"TypeError","description":"TypeError: Cannot read properties of null (reading 'focus')\n    at <anonymous>:1:95","objectId":"328996170895173191.1.1"},"exceptionDetails":{"exceptionId":1,"text":"Uncaught","lineNumber":0,"columnNumber":94,"scriptId":"6","stackTrace":{"callFrames":[{"functionName":"","scriptId":"6","url":"","lineNumber":0,"columnNumber":94}]},"exception":{"type":"object","subtype":"error","className":"TypeError","description":"TypeError: Cannot read properties of null (reading 'focus')\n    at <anonymous>:1:95","objectId":"328996170895173191.1.2"}}},"sessionId":"94038A7DFA67B75A75E72D8289D2000D"}
00:20:50.857 [nioEventLoopGroup-19-1] WARN  c.i.k.driver.chrome_1752427249161 - devtools error: [id: 8, sessionId: 94038A7DFA67B75A75E72D8289D2000D, result: [type: MAP, value: {type=object, subtype=error, className=TypeError, description=TypeError: Cannot read properties of null (reading 'focus')
    at <anonymous>:1:95, objectId=328996170895173191.1.1}]]
00:20:50.858 [main] WARN  c.i.k.driver.chrome_1752427249161 - js eval failed once:var e = document.evaluate("//*[@id='user-name']", document, null, 9, null).singleNodeValue; e.focus(); try { e.selectionStart = e.selectionEnd = e.value.length } catch(x) {}, error: [type: MAP, value: {type=object, subtype=error, className=TypeError, description=TypeError: Cannot read properties of null (reading 'focus')
    at <anonymous>:1:95, objectId=328996170895173191.1.1}]
00:20:51.673 [nioEventLoopGroup-19-1] DEBUG c.i.k.driver.chrome_1752427249161 - << {"method":"Page.domContentEventFired","params":{"timestamp":35194.317703},"sessionId":"94038A7DFA67B75A75E72D8289D2000D"}
00:20:51.902 [nioEventLoopGroup-19-1] DEBUG c.i.k.driver.chrome_1752427249161 - << {"method":"Page.loadEventFired","params":{"timestamp":35194.524843},"sessionId":"94038A7DFA67B75A75E72D8289D2000D"}
00:20:51.903 [nioEventLoopGroup-19-1] DEBUG c.i.k.driver.chrome_1752427249161 - << {"method":"Page.frameStoppedLoading","params":{"frameId":"CF26A8CC249B0E9EFBAAB6B9426C1B53"},"sessionId":"94038A7DFA67B75A75E72D8289D2000D"}
00:20:52.016 [nioEventLoopGroup-19-1] DEBUG c.i.k.driver.chrome_1752427249161 - << {"method":"Target.targetCreated","params":{"targetInfo":{"targetId":"9B6DACCE8FB1D66026F2B811D006DD7E","type":"service_worker","title":"Service Worker https://www.saucedemo.com/service-worker.js","url":"https://www.saucedemo.com/service-worker.js","attached":false,"canAccessOpener":false,"browserContextId":"F4F289F29290CAD5D04A19DB39D2D6F2"}},"sessionId":"94038A7DFA67B75A75E72D8289D2000D"}
00:20:53.173 [nioEventLoopGroup-19-1] DEBUG c.i.k.driver.chrome_1752427249161 - << {"method":"Runtime.consoleAPICalled","params":{"type":"log","args":[{"type":"string","value":"Content is cached for offline use."}],"executionContextId":1,"timestamp":1.752427253172905e+12,"stackTrace":{"callFrames":[{"functionName":"console.<computed>","scriptId":"8","url":"https://www.saucedemo.com/static/js/2.84a5cbf3.chunk.js","lineNumber":1,"columnNumber":123015},{"functionName":"a.onstatechange","scriptId":"7","url":"https://www.saucedemo.com/static/js/main.018d2d1e.chunk.js","lineNumber":0,"columnNumber":58496}]}},"sessionId":"94038A7DFA67B75A75E72D8289D2000D"}
00:20:53.174 [nioEventLoopGroup-19-1] DEBUG c.i.k.driver.chrome_1752427249161 - [console] Content is cached for offline use.
00:20:53.476 [chrome_1752427249161-out] DEBUG c.i.k.driver.chrome_1752427249161 - WARNING: All log messages before absl::InitializeLog() is called are written to STDERR
00:20:53.476 [chrome_1752427249161-out] DEBUG c.i.k.driver.chrome_1752427249161 - I0000 00:00:1752427253.476456     148 voice_transcription.cc:58] Registering VoiceTranscriptionCapability
00:20:53.859 [main] DEBUG c.i.k.driver.chrome_1752427249161 - >> {"id":9,"sessionId":"94038A7DFA67B75A75E72D8289D2000D","method":"Runtime.evaluate","params":{"expression":"var e = document.evaluate(\"\/\/*[@id='user-name']\", document, null, 9, null).singleNodeValue; e.focus(); try { e.selectionStart = e.selectionEnd = e.value.length } catch(x) {}","returnByValue":true}}
00:20:53.863 [nioEventLoopGroup-19-1] DEBUG c.i.k.driver.chrome_1752427249161 - << {"id":9,"result":{"result":{"type":"number","value":0,"description":"0"}},"sessionId":"94038A7DFA67B75A75E72D8289D2000D"}
00:20:53.863 [main] DEBUG c.i.k.driver.chrome_1752427249161 - >> {"id":10,"sessionId":"94038A7DFA67B75A75E72D8289D2000D","method":"Input.dispatchKeyEvent","params":{"modifiers":0,"type":"rawKeyDown","text":"s","windowsVirtualKeyCode":115}}
00:20:53.868 [nioEventLoopGroup-19-1] DEBUG c.i.k.driver.chrome_1752427249161 - << {"id":10,"result":{},"sessionId":"94038A7DFA67B75A75E72D8289D2000D"}
00:20:53.869 [main] DEBUG c.i.k.driver.chrome_1752427249161 - >> {"id":11,"sessionId":"94038A7DFA67B75A75E72D8289D2000D","method":"Input.dispatchKeyEvent","params":{"modifiers":0,"type":"char","text":"s","windowsVirtualKeyCode":115}}
00:20:53.882 [nioEventLoopGroup-19-1] DEBUG c.i.k.driver.chrome_1752427249161 - << {"id":11,"result":{},"sessionId":"94038A7DFA67B75A75E72D8289D2000D"}
00:20:53.882 [main] DEBUG c.i.k.driver.chrome_1752427249161 - >> {"id":12,"sessionId":"94038A7DFA67B75A75E72D8289D2000D","method":"Input.dispatchKeyEvent","params":{"modifiers":0,"type":"keyUp","text":"s","windowsVirtualKeyCode":115}}
00:20:53.885 [nioEventLoopGroup-19-1] DEBUG c.i.k.driver.chrome_1752427249161 - << {"id":12,"result":{},"sessionId":"94038A7DFA67B75A75E72D8289D2000D"}
00:20:53.885 [main] DEBUG c.i.k.driver.chrome_1752427249161 - >> {"id":13,"sessionId":"94038A7DFA67B75A75E72D8289D2000D","method":"Input.dispatchKeyEvent","params":{"modifiers":0,"type":"rawKeyDown","text":"t","windowsVirtualKeyCode":116}}
00:20:53.887 [nioEventLoopGroup-19-1] DEBUG c.i.k.driver.chrome_1752427249161 - << {"id":13,"result":{},"sessionId":"94038A7DFA67B75A75E72D8289D2000D"}
00:20:53.887 [main] DEBUG c.i.k.driver.chrome_1752427249161 - >> {"id":14,"sessionId":"94038A7DFA67B75A75E72D8289D2000D","method":"Input.dispatchKeyEvent","params":{"modifiers":0,"type":"char","text":"t","windowsVirtualKeyCode":116}}
00:20:53.891 [nioEventLoopGroup-19-1] DEBUG c.i.k.driver.chrome_1752427249161 - << {"id":14,"result":{},"sessionId":"94038A7DFA67B75A75E72D8289D2000D"}
00:20:53.891 [main] DEBUG c.i.k.driver.chrome_1752427249161 - >> {"id":15,"sessionId":"94038A7DFA67B75A75E72D8289D2000D","method":"Input.dispatchKeyEvent","params":{"modifiers":0,"type":"keyUp","text":"t","windowsVirtualKeyCode":116}}
00:20:53.893 [nioEventLoopGroup-19-1] DEBUG c.i.k.driver.chrome_1752427249161 - << {"id":15,"result":{},"sessionId":"94038A7DFA67B75A75E72D8289D2000D"}
00:20:53.895 [main] DEBUG c.i.k.driver.chrome_1752427249161 - >> {"id":16,"sessionId":"94038A7DFA67B75A75E72D8289D2000D","method":"Input.dispatchKeyEvent","params":{"modifiers":0,"type":"rawKeyDown","text":"a","windowsVirtualKeyCode":97}}
00:20:53.897 [nioEventLoopGroup-19-1] DEBUG c.i.k.driver.chrome_1752427249161 - << {"id":16,"result":{},"sessionId":"94038A7DFA67B75A75E72D8289D2000D"}
00:20:53.897 [main] DEBUG c.i.k.driver.chrome_1752427249161 - >> {"id":17,"sessionId":"94038A7DFA67B75A75E72D8289D2000D","method":"Input.dispatchKeyEvent","params":{"modifiers":0,"type":"char","text":"a","windowsVirtualKeyCode":97}}
00:20:53.902 [nioEventLoopGroup-19-1] DEBUG c.i.k.driver.chrome_1752427249161 - << {"id":17,"result":{},"sessionId":"94038A7DFA67B75A75E72D8289D2000D"}
00:20:53.903 [main] DEBUG c.i.k.driver.chrome_1752427249161 - >> {"id":18,"sessionId":"94038A7DFA67B75A75E72D8289D2000D","method":"Input.dispatchKeyEvent","params":{"modifiers":0,"type":"keyUp","text":"a","windowsVirtualKeyCode":97}}
00:20:53.904 [nioEventLoopGroup-19-1] DEBUG c.i.k.driver.chrome_1752427249161 - << {"id":18,"result":{},"sessionId":"94038A7DFA67B75A75E72D8289D2000D"}
00:20:53.904 [main] DEBUG c.i.k.driver.chrome_1752427249161 - >> {"id":19,"sessionId":"94038A7DFA67B75A75E72D8289D2000D","method":"Input.dispatchKeyEvent","params":{"modifiers":0,"type":"rawKeyDown","text":"n","windowsVirtualKeyCode":110}}
00:20:53.906 [nioEventLoopGroup-19-1] DEBUG c.i.k.driver.chrome_1752427249161 - << {"id":19,"result":{},"sessionId":"94038A7DFA67B75A75E72D8289D2000D"}
00:20:53.906 [main] DEBUG c.i.k.driver.chrome_1752427249161 - >> {"id":20,"sessionId":"94038A7DFA67B75A75E72D8289D2000D","method":"Input.dispatchKeyEvent","params":{"modifiers":0,"type":"char","text":"n","windowsVirtualKeyCode":110}}
00:20:53.911 [nioEventLoopGroup-19-1] DEBUG c.i.k.driver.chrome_1752427249161 - << {"id":20,"result":{},"sessionId":"94038A7DFA67B75A75E72D8289D2000D"}
00:20:53.914 [main] DEBUG c.i.k.driver.chrome_1752427249161 - >> {"id":21,"sessionId":"94038A7DFA67B75A75E72D8289D2000D","method":"Input.dispatchKeyEvent","params":{"modifiers":0,"type":"keyUp","text":"n","windowsVirtualKeyCode":110}}
00:20:53.916 [nioEventLoopGroup-19-1] DEBUG c.i.k.driver.chrome_1752427249161 - << {"id":21,"result":{},"sessionId":"94038A7DFA67B75A75E72D8289D2000D"}
00:20:53.916 [main] DEBUG c.i.k.driver.chrome_1752427249161 - >> {"id":22,"sessionId":"94038A7DFA67B75A75E72D8289D2000D","method":"Input.dispatchKeyEvent","params":{"modifiers":0,"type":"rawKeyDown","text":"d","windowsVirtualKeyCode":100}}
00:20:53.918 [nioEventLoopGroup-19-1] DEBUG c.i.k.driver.chrome_1752427249161 - << {"id":22,"result":{},"sessionId":"94038A7DFA67B75A75E72D8289D2000D"}
00:20:53.918 [main] DEBUG c.i.k.driver.chrome_1752427249161 - >> {"id":23,"sessionId":"94038A7DFA67B75A75E72D8289D2000D","method":"Input.dispatchKeyEvent","params":{"modifiers":0,"type":"char","text":"d","windowsVirtualKeyCode":100}}
00:20:53.923 [nioEventLoopGroup-19-1] DEBUG c.i.k.driver.chrome_1752427249161 - << {"id":23,"result":{},"sessionId":"94038A7DFA67B75A75E72D8289D2000D"}
00:20:53.924 [main] DEBUG c.i.k.driver.chrome_1752427249161 - >> {"id":24,"sessionId":"94038A7DFA67B75A75E72D8289D2000D","method":"Input.dispatchKeyEvent","params":{"modifiers":0,"type":"keyUp","text":"d","windowsVirtualKeyCode":100}}
00:20:53.925 [nioEventLoopGroup-19-1] DEBUG c.i.k.driver.chrome_1752427249161 - << {"id":24,"result":{},"sessionId":"94038A7DFA67B75A75E72D8289D2000D"}
00:20:53.926 [main] DEBUG c.i.k.driver.chrome_1752427249161 - >> {"id":25,"sessionId":"94038A7DFA67B75A75E72D8289D2000D","method":"Input.dispatchKeyEvent","params":{"modifiers":0,"type":"rawKeyDown","text":"a","windowsVirtualKeyCode":97}}
00:20:53.928 [nioEventLoopGroup-19-1] DEBUG c.i.k.driver.chrome_1752427249161 - << {"id":25,"result":{},"sessionId":"94038A7DFA67B75A75E72D8289D2000D"}
00:20:53.929 [main] DEBUG c.i.k.driver.chrome_1752427249161 - >> {"id":26,"sessionId":"94038A7DFA67B75A75E72D8289D2000D","method":"Input.dispatchKeyEvent","params":{"modifiers":0,"type":"char","text":"a","windowsVirtualKeyCode":97}}
00:20:53.934 [nioEventLoopGroup-19-1] DEBUG c.i.k.driver.chrome_1752427249161 - << {"id":26,"result":{},"sessionId":"94038A7DFA67B75A75E72D8289D2000D"}
00:20:53.934 [main] DEBUG c.i.k.driver.chrome_1752427249161 - >> {"id":27,"sessionId":"94038A7DFA67B75A75E72D8289D2000D","method":"Input.dispatchKeyEvent","params":{"modifiers":0,"type":"keyUp","text":"a","windowsVirtualKeyCode":97}}
00:20:53.936 [nioEventLoopGroup-19-1] DEBUG c.i.k.driver.chrome_1752427249161 - << {"id":27,"result":{},"sessionId":"94038A7DFA67B75A75E72D8289D2000D"}
00:20:53.936 [main] DEBUG c.i.k.driver.chrome_1752427249161 - >> {"id":28,"sessionId":"94038A7DFA67B75A75E72D8289D2000D","method":"Input.dispatchKeyEvent","params":{"modifiers":0,"type":"rawKeyDown","text":"r","windowsVirtualKeyCode":114}}
00:20:53.938 [nioEventLoopGroup-19-1] DEBUG c.i.k.driver.chrome_1752427249161 - << {"id":28,"result":{},"sessionId":"94038A7DFA67B75A75E72D8289D2000D"}
00:20:53.938 [main] DEBUG c.i.k.driver.chrome_1752427249161 - >> {"id":29,"sessionId":"94038A7DFA67B75A75E72D8289D2000D","method":"Input.dispatchKeyEvent","params":{"modifiers":0,"type":"char","text":"r","windowsVirtualKeyCode":114}}
00:20:53.941 [nioEventLoopGroup-19-1] DEBUG c.i.k.driver.chrome_1752427249161 - << {"id":29,"result":{},"sessionId":"94038A7DFA67B75A75E72D8289D2000D"}
00:20:53.941 [main] DEBUG c.i.k.driver.chrome_1752427249161 - >> {"id":30,"sessionId":"94038A7DFA67B75A75E72D8289D2000D","method":"Input.dispatchKeyEvent","params":{"modifiers":0,"type":"keyUp","text":"r","windowsVirtualKeyCode":114}}
00:20:53.943 [nioEventLoopGroup-19-1] DEBUG c.i.k.driver.chrome_1752427249161 - << {"id":30,"result":{},"sessionId":"94038A7DFA67B75A75E72D8289D2000D"}
00:20:53.943 [main] DEBUG c.i.k.driver.chrome_1752427249161 - >> {"id":31,"sessionId":"94038A7DFA67B75A75E72D8289D2000D","method":"Input.dispatchKeyEvent","params":{"modifiers":0,"type":"rawKeyDown","text":"d","windowsVirtualKeyCode":100}}
00:20:53.946 [nioEventLoopGroup-19-1] DEBUG c.i.k.driver.chrome_1752427249161 - << {"id":31,"result":{},"sessionId":"94038A7DFA67B75A75E72D8289D2000D"}
00:20:53.947 [main] DEBUG c.i.k.driver.chrome_1752427249161 - >> {"id":32,"sessionId":"94038A7DFA67B75A75E72D8289D2000D","method":"Input.dispatchKeyEvent","params":{"modifiers":0,"type":"char","text":"d","windowsVirtualKeyCode":100}}
00:20:53.953 [nioEventLoopGroup-19-1] DEBUG c.i.k.driver.chrome_1752427249161 - << {"id":32,"result":{},"sessionId":"94038A7DFA67B75A75E72D8289D2000D"}
00:20:53.954 [main] DEBUG c.i.k.driver.chrome_1752427249161 - >> {"id":33,"sessionId":"94038A7DFA67B75A75E72D8289D2000D","method":"Input.dispatchKeyEvent","params":{"modifiers":0,"type":"keyUp","text":"d","windowsVirtualKeyCode":100}}
00:20:53.956 [nioEventLoopGroup-19-1] DEBUG c.i.k.driver.chrome_1752427249161 - << {"id":33,"result":{},"sessionId":"94038A7DFA67B75A75E72D8289D2000D"}
00:20:53.956 [main] DEBUG c.i.k.driver.chrome_1752427249161 - >> {"id":34,"sessionId":"94038A7DFA67B75A75E72D8289D2000D","method":"Input.dispatchKeyEvent","params":{"modifiers":0,"type":"rawKeyDown","text":"_","windowsVirtualKeyCode":523}}
00:20:53.958 [nioEventLoopGroup-19-1] DEBUG c.i.k.driver.chrome_1752427249161 - << {"id":34,"result":{},"sessionId":"94038A7DFA67B75A75E72D8289D2000D"}
00:20:53.959 [main] DEBUG c.i.k.driver.chrome_1752427249161 - >> {"id":35,"sessionId":"94038A7DFA67B75A75E72D8289D2000D","method":"Input.dispatchKeyEvent","params":{"modifiers":0,"type":"char","text":"_","windowsVirtualKeyCode":523}}
00:20:53.974 [nioEventLoopGroup-19-1] DEBUG c.i.k.driver.chrome_1752427249161 - << {"id":35,"result":{},"sessionId":"94038A7DFA67B75A75E72D8289D2000D"}
00:20:53.974 [main] DEBUG c.i.k.driver.chrome_1752427249161 - >> {"id":36,"sessionId":"94038A7DFA67B75A75E72D8289D2000D","method":"Input.dispatchKeyEvent","params":{"modifiers":0,"type":"keyUp","text":"_","windowsVirtualKeyCode":523}}
00:20:53.977 [nioEventLoopGroup-19-1] DEBUG c.i.k.driver.chrome_1752427249161 - << {"id":36,"result":{},"sessionId":"94038A7DFA67B75A75E72D8289D2000D"}
00:20:53.977 [main] DEBUG c.i.k.driver.chrome_1752427249161 - >> {"id":37,"sessionId":"94038A7DFA67B75A75E72D8289D2000D","method":"Input.dispatchKeyEvent","params":{"modifiers":0,"type":"rawKeyDown","text":"u","windowsVirtualKeyCode":117}}
00:20:53.980 [nioEventLoopGroup-19-1] DEBUG c.i.k.driver.chrome_1752427249161 - << {"id":37,"result":{},"sessionId":"94038A7DFA67B75A75E72D8289D2000D"}
00:20:53.980 [main] DEBUG c.i.k.driver.chrome_1752427249161 - >> {"id":38,"sessionId":"94038A7DFA67B75A75E72D8289D2000D","method":"Input.dispatchKeyEvent","params":{"modifiers":0,"type":"char","text":"u","windowsVirtualKeyCode":117}}
00:20:53.985 [nioEventLoopGroup-19-1] DEBUG c.i.k.driver.chrome_1752427249161 - << {"id":38,"result":{},"sessionId":"94038A7DFA67B75A75E72D8289D2000D"}
00:20:53.986 [main] DEBUG c.i.k.driver.chrome_1752427249161 - >> {"id":39,"sessionId":"94038A7DFA67B75A75E72D8289D2000D","method":"Input.dispatchKeyEvent","params":{"modifiers":0,"type":"keyUp","text":"u","windowsVirtualKeyCode":117}}
00:20:53.988 [nioEventLoopGroup-19-1] DEBUG c.i.k.driver.chrome_1752427249161 - << {"id":39,"result":{},"sessionId":"94038A7DFA67B75A75E72D8289D2000D"}
00:20:53.989 [main] DEBUG c.i.k.driver.chrome_1752427249161 - >> {"id":40,"sessionId":"94038A7DFA67B75A75E72D8289D2000D","method":"Input.dispatchKeyEvent","params":{"modifiers":0,"type":"rawKeyDown","text":"s","windowsVirtualKeyCode":115}}
00:20:53.992 [nioEventLoopGroup-19-1] DEBUG c.i.k.driver.chrome_1752427249161 - << {"id":40,"result":{},"sessionId":"94038A7DFA67B75A75E72D8289D2000D"}
00:20:53.992 [main] DEBUG c.i.k.driver.chrome_1752427249161 - >> {"id":41,"sessionId":"94038A7DFA67B75A75E72D8289D2000D","method":"Input.dispatchKeyEvent","params":{"modifiers":0,"type":"char","text":"s","windowsVirtualKeyCode":115}}
00:20:53.997 [nioEventLoopGroup-19-1] DEBUG c.i.k.driver.chrome_1752427249161 - << {"id":41,"result":{},"sessionId":"94038A7DFA67B75A75E72D8289D2000D"}
00:20:54.003 [main] DEBUG c.i.k.driver.chrome_1752427249161 - >> {"id":42,"sessionId":"94038A7DFA67B75A75E72D8289D2000D","method":"Input.dispatchKeyEvent","params":{"modifiers":0,"type":"keyUp","text":"s","windowsVirtualKeyCode":115}}
00:20:54.004 [nioEventLoopGroup-19-1] DEBUG c.i.k.driver.chrome_1752427249161 - << {"id":42,"result":{},"sessionId":"94038A7DFA67B75A75E72D8289D2000D"}
00:20:54.005 [main] DEBUG c.i.k.driver.chrome_1752427249161 - >> {"id":43,"sessionId":"94038A7DFA67B75A75E72D8289D2000D","method":"Input.dispatchKeyEvent","params":{"modifiers":0,"type":"rawKeyDown","text":"e","windowsVirtualKeyCode":101}}
00:20:54.006 [nioEventLoopGroup-19-1] DEBUG c.i.k.driver.chrome_1752427249161 - << {"id":43,"result":{},"sessionId":"94038A7DFA67B75A75E72D8289D2000D"}
00:20:54.007 [main] DEBUG c.i.k.driver.chrome_1752427249161 - >> {"id":44,"sessionId":"94038A7DFA67B75A75E72D8289D2000D","method":"Input.dispatchKeyEvent","params":{"modifiers":0,"type":"char","text":"e","windowsVirtualKeyCode":101}}
00:20:54.011 [nioEventLoopGroup-19-1] DEBUG c.i.k.driver.chrome_1752427249161 - << {"id":44,"result":{},"sessionId":"94038A7DFA67B75A75E72D8289D2000D"}
00:20:54.014 [main] DEBUG c.i.k.driver.chrome_1752427249161 - >> {"id":45,"sessionId":"94038A7DFA67B75A75E72D8289D2000D","method":"Input.dispatchKeyEvent","params":{"modifiers":0,"type":"keyUp","text":"e","windowsVirtualKeyCode":101}}
00:20:54.016 [nioEventLoopGroup-19-1] DEBUG c.i.k.driver.chrome_1752427249161 - << {"id":45,"result":{},"sessionId":"94038A7DFA67B75A75E72D8289D2000D"}
00:20:54.017 [main] DEBUG c.i.k.driver.chrome_1752427249161 - >> {"id":46,"sessionId":"94038A7DFA67B75A75E72D8289D2000D","method":"Input.dispatchKeyEvent","params":{"modifiers":0,"type":"rawKeyDown","text":"r","windowsVirtualKeyCode":114}}
00:20:54.019 [nioEventLoopGroup-19-1] DEBUG c.i.k.driver.chrome_1752427249161 - << {"id":46,"result":{},"sessionId":"94038A7DFA67B75A75E72D8289D2000D"}
00:20:54.020 [main] DEBUG c.i.k.driver.chrome_1752427249161 - >> {"id":47,"sessionId":"94038A7DFA67B75A75E72D8289D2000D","method":"Input.dispatchKeyEvent","params":{"modifiers":0,"type":"char","text":"r","windowsVirtualKeyCode":114}}
00:20:54.023 [nioEventLoopGroup-19-1] DEBUG c.i.k.driver.chrome_1752427249161 - << {"id":47,"result":{},"sessionId":"94038A7DFA67B75A75E72D8289D2000D"}
00:20:54.024 [main] DEBUG c.i.k.driver.chrome_1752427249161 - >> {"id":48,"sessionId":"94038A7DFA67B75A75E72D8289D2000D","method":"Input.dispatchKeyEvent","params":{"modifiers":0,"type":"keyUp","text":"r","windowsVirtualKeyCode":114}}
00:20:54.025 [nioEventLoopGroup-19-1] DEBUG c.i.k.driver.chrome_1752427249161 - << {"id":48,"result":{},"sessionId":"94038A7DFA67B75A75E72D8289D2000D"}
00:20:54.027 [main] DEBUG c.i.k.driver.chrome_1752427249161 - >> {"id":49,"sessionId":"94038A7DFA67B75A75E72D8289D2000D","method":"Runtime.evaluate","params":{"expression":"var e = document.evaluate(\"\/\/*[@id='password']\", document, null, 9, null).singleNodeValue; e.focus(); try { e.selectionStart = e.selectionEnd = e.value.length } catch(x) {}","returnByValue":true}}
00:20:54.031 [nioEventLoopGroup-19-1] DEBUG c.i.k.driver.chrome_1752427249161 - << {"id":49,"result":{"result":{"type":"number","value":0,"description":"0"}},"sessionId":"94038A7DFA67B75A75E72D8289D2000D"}
00:20:54.033 [main] DEBUG c.i.k.driver.chrome_1752427249161 - >> {"id":50,"sessionId":"94038A7DFA67B75A75E72D8289D2000D","method":"Runtime.evaluate","params":{"expression":"document.evaluate(\"\/\/*[@id='login-button']\", document, null, 9, null).singleNodeValue.click()","returnByValue":true}}
00:20:54.054 [nioEventLoopGroup-19-1] DEBUG c.i.k.driver.chrome_1752427249161 - << {"id":50,"result":{"result":{"type":"undefined"}},"sessionId":"94038A7DFA67B75A75E72D8289D2000D"}
00:20:54.062 [main] DEBUG c.i.k.driver.chrome_1752427249161 - >> {"id":51,"sessionId":"94038A7DFA67B75A75E72D8289D2000D","method":"Runtime.evaluate","params":{"expression":"document.evaluate(\"\/\/*[@id='login_button_container']\/div\/form\/div[3]\", document, null, 9, null).singleNodeValue['textContent']","returnByValue":true}}
00:20:54.065 [nioEventLoopGroup-19-1] DEBUG c.i.k.driver.chrome_1752427249161 - << {"id":51,"result":{"result":{"type":"string","value":"Epic sadface: Password is required"}},"sessionId":"94038A7DFA67B75A75E72D8289D2000D"}
00:20:54.069 [main] DEBUG c.i.k.driver.chrome_1752427249161 - >> {"id":52,"sessionId":"94038A7DFA67B75A75E72D8289D2000D","method":"Target.closeTarget","params":{"targetId":"CF26A8CC249B0E9EFBAAB6B9426C1B53"}}
00:20:54.070 [nioEventLoopGroup-19-1] DEBUG c.i.k.http.WebSocketClientHandler - websocket closing
00:20:54.070 [nioEventLoopGroup-19-1] DEBUG c.i.k.http.WebSocketClientHandler - websocket client disconnected
00:20:54.077 [main] DEBUG com.intuit.karate.shell.Command - closing command: chrome_1752427249161
00:20:54.473 [chrome_1752427249161] WARN  com.intuit.karate.shell.Command - exit code was non-zero: 1 - [C:\Program Files\Google\Chrome\Application\chrome.exe, --remote-debugging-port=65404, --remote-allow-origins=*, --no-first-run, --user-data-dir=E:\Duy\Projects\practices\karate_framework\demo\target\chrome_1752427249161, --disable-popup-blocking] working dir: target\chrome_1752427249161
---------------------------------------------------------
feature: classpath:UI/LoginUI/Login.feature
scenarios:  6 | passed:  5 | failed:  1 | time: 35.6257
---------------------------------------------------------

00:20:54.887 [main] INFO  com.intuit.karate.Suite - <<fail>> feature 3 of 4 (0 remaining) classpath:UI/LoginUI/Login.feature
00:20:54.889 [main] DEBUG com.intuit.karate.Suite - waiting for 4 features to complete
Karate version: 1.4.0
======================================================
elapsed: 257.02 | threads:    1 | thread time: 246.61 
features:     2 | skipped:    2 | efficiency: 0.96
scenarios:   18 | passed:    12 | failed: 6
======================================================
>>> failed features:
js failed:
>>>>
01: retry(5, 10000).waitForEnabled(buttonXpath).click()
<<<<
org.graalvm.polyglot.PolyglotException: waitUntil (js): failed after 5 retries and 110298 milliseconds
- com.intuit.karate.driver.DriverOptions.retry(DriverOptions.java:517)
- com.intuit.karate.driver.DevToolsDriver.waitUntil(DevToolsDriver.java:777)
- com.intuit.karate.driver.DriverOptions.waitUntil(DriverOptions.java:674)
- com.intuit.karate.driver.Driver.waitUntil(Driver.java:283)
- com.intuit.karate.driver.Driver.waitForEnabled(Driver.java:252)
- <js>.:program(Unnamed:1)

classpath:UI/HomePageUI/HomePage.feature:17
classpath:UI/HomePageUI/Home.feature:18
match failed: EQUALS
  $ | not equal | actual array length is not equal to expected - 0:6 (LIST:LIST)
  []
  ["Test.allTheThings() T-Shirt (Red)","Sauce Labs Onesie","Sauce Labs Fleece Jacket","Sauce Labs Bolt T-Shirt","Sauce Labs Bike Light","Sauce Labs Backpack"]


classpath:UI/HomePageUI/Home.feature:53
match failed: EQUALS
  $ | not equal | actual array length is not equal to expected - 0:6 (LIST:LIST)
  []
  [7.99,9.99,15.99,15.99,29.99,49.99]


classpath:UI/HomePageUI/Home.feature:76
js failed:
>>>>
01: waitFor(homePage.sortBtn)
<<<<
org.graalvm.polyglot.PolyglotException: waitUntil (js): failed after 5 retries and 15063 milliseconds
- com.intuit.karate.driver.DriverOptions.retry(DriverOptions.java:517)
- com.intuit.karate.driver.DevToolsDriver.waitUntil(DevToolsDriver.java:777)
- com.intuit.karate.driver.DriverOptions.waitForAny(DriverOptions.java:700)
- com.intuit.karate.driver.Driver.waitFor(Driver.java:237)
- <js>.:anonymous(Unnamed:1)

classpath:UI/HomePageUI/HomePage.feature:8
classpath:UI/HomePageUI/Home.feature:81
js failed:
>>>>
01: waitForEnabled(homePage.burgerMenuBtn).click()
<<<<
org.graalvm.polyglot.PolyglotException: waitUntil (js): failed after 5 retries and 33166 milliseconds
- com.intuit.karate.driver.DriverOptions.retry(DriverOptions.java:517)
- com.intuit.karate.driver.DevToolsDriver.waitUntil(DevToolsDriver.java:777)
- com.intuit.karate.driver.DriverOptions.waitUntil(DriverOptions.java:674)
- com.intuit.karate.driver.Driver.waitUntil(Driver.java:283)
- com.intuit.karate.driver.Driver.waitForEnabled(Driver.java:252)
- <js>.:anonymous(Unnamed:1)

classpath:UI/HomePageUI/HomePage.feature:30
classpath:UI/HomePageUI/Home.feature:106
js failed:
>>>>
01: if (type == 'success') {
02: driver.waitForUrl(homepageURL);
03: } else {
04: karate.match(driver.text(loginPage.errorDisplay), message);
05: }
<<<<
org.graalvm.polyglot.PolyglotException: ReferenceError: "homepageURL" is not defined
- <js>.:program(Unnamed:2)

classpath:UI/LoginUI/Login.feature:33
<<<

HTML report: (paste into browser to view) | Karate version: 1.4.0
file:///E:/Duy/Projects/practices/karate_framework/demo/target/karate-reports/karate-summary.html
===================================================================

]]></system-out>
  </testcase>
</testsuite>