<?xml version="1.0" encoding="UTF-8"?>
<testsuite xmlns:xsi="http://www.w3.org/2001/XMLSchema-instance" xsi:noNamespaceSchemaLocation="https://maven.apache.org/surefire/maven-surefire-plugin/xsd/surefire-test-report.xsd" name="UI.UIsTest" time="86.243" tests="1" errors="0" skipped="0" failures="1">
  <properties>
    <property name="java.specification.version" value="21"/>
    <property name="sun.cpu.isalist" value="amd64"/>
    <property name="sun.jnu.encoding" value="Cp1252"/>
    <property name="java.class.path" value="E:\Duy\Projects\practices\karate_framework\demo\target\test-classes;E:\Duy\Projects\practices\karate_framework\demo\target\classes;C:\Users\My IDS\.m2\repository\com\intuit\karate\karate-junit5\1.4.0\karate-junit5-1.4.0.jar;C:\Users\My IDS\.m2\repository\com\intuit\karate\karate-core\1.4.0\karate-core-1.4.0.jar;C:\Users\My IDS\.m2\repository\org\graalvm\js\js-scriptengine\22.3.0\js-scriptengine-22.3.0.jar;C:\Users\My IDS\.m2\repository\org\graalvm\sdk\graal-sdk\22.3.0\graal-sdk-22.3.0.jar;C:\Users\My IDS\.m2\repository\org\graalvm\js\js\22.3.0\js-22.3.0.jar;C:\Users\My IDS\.m2\repository\org\graalvm\regex\regex\22.3.0\regex-22.3.0.jar;C:\Users\My IDS\.m2\repository\org\graalvm\truffle\truffle-api\22.3.0\truffle-api-22.3.0.jar;C:\Users\My IDS\.m2\repository\com\ibm\icu\icu4j\71.1\icu4j-71.1.jar;C:\Users\My IDS\.m2\repository\org\thymeleaf\thymeleaf\3.0.14.RELEASE\thymeleaf-3.0.14.RELEASE.jar;C:\Users\My IDS\.m2\repository\ognl\ognl\3.1.26\ognl-3.1.26.jar;C:\Users\My IDS\.m2\repository\org\javassist\javassist\3.20.0-GA\javassist-3.20.0-GA.jar;C:\Users\My IDS\.m2\repository\org\attoparser\attoparser\2.0.5.RELEASE\attoparser-2.0.5.RELEASE.jar;C:\Users\My IDS\.m2\repository\org\unbescape\unbescape\1.1.6.RELEASE\unbescape-1.1.6.RELEASE.jar;C:\Users\My IDS\.m2\repository\org\slf4j\slf4j-api\1.7.25\slf4j-api-1.7.25.jar;C:\Users\My IDS\.m2\repository\com\linecorp\armeria\armeria\1.22.0\armeria-1.22.0.jar;C:\Users\My IDS\.m2\repository\com\fasterxml\jackson\core\jackson-core\2.14.2\jackson-core-2.14.2.jar;C:\Users\My IDS\.m2\repository\com\fasterxml\jackson\core\jackson-annotations\2.14.2\jackson-annotations-2.14.2.jar;C:\Users\My IDS\.m2\repository\com\fasterxml\jackson\core\jackson-databind\2.14.2\jackson-databind-2.14.2.jar;C:\Users\My IDS\.m2\repository\com\fasterxml\jackson\datatype\jackson-datatype-jdk8\2.14.2\jackson-datatype-jdk8-2.14.2.jar;C:\Users\My IDS\.m2\repository\com\fasterxml\jackson\datatype\jackson-datatype-jsr310\2.14.2\jackson-datatype-jsr310-2.14.2.jar;C:\Users\My IDS\.m2\repository\io\micrometer\micrometer-core\1.10.3\micrometer-core-1.10.3.jar;C:\Users\My IDS\.m2\repository\io\micrometer\micrometer-commons\1.10.3\micrometer-commons-1.10.3.jar;C:\Users\My IDS\.m2\repository\io\micrometer\micrometer-observation\1.10.3\micrometer-observation-1.10.3.jar;C:\Users\My IDS\.m2\repository\org\hdrhistogram\HdrHistogram\2.1.12\HdrHistogram-2.1.12.jar;C:\Users\My IDS\.m2\repository\org\latencyutils\LatencyUtils\2.0.3\LatencyUtils-2.0.3.jar;C:\Users\My IDS\.m2\repository\io\netty\netty-transport\4.1.87.Final\netty-transport-4.1.87.Final.jar;C:\Users\My IDS\.m2\repository\io\netty\netty-common\4.1.87.Final\netty-common-4.1.87.Final.jar;C:\Users\My IDS\.m2\repository\io\netty\netty-buffer\4.1.87.Final\netty-buffer-4.1.87.Final.jar;C:\Users\My IDS\.m2\repository\io\netty\netty-resolver\4.1.87.Final\netty-resolver-4.1.87.Final.jar;C:\Users\My IDS\.m2\repository\io\netty\netty-codec-haproxy\4.1.87.Final\netty-codec-haproxy-4.1.87.Final.jar;C:\Users\My IDS\.m2\repository\io\netty\netty-codec\4.1.87.Final\netty-codec-4.1.87.Final.jar;C:\Users\My IDS\.m2\repository\io\netty\netty-codec-http2\4.1.87.Final\netty-codec-http2-4.1.87.Final.jar;C:\Users\My IDS\.m2\repository\io\netty\netty-handler\4.1.87.Final\netty-handler-4.1.87.Final.jar;C:\Users\My IDS\.m2\repository\io\netty\netty-codec-http\4.1.87.Final\netty-codec-http-4.1.87.Final.jar;C:\Users\My IDS\.m2\repository\io\netty\netty-resolver-dns\4.1.87.Final\netty-resolver-dns-4.1.87.Final.jar;C:\Users\My IDS\.m2\repository\io\netty\netty-codec-dns\4.1.87.Final\netty-codec-dns-4.1.87.Final.jar;C:\Users\My IDS\.m2\repository\org\reactivestreams\reactive-streams\1.0.4\reactive-streams-1.0.4.jar;C:\Users\My IDS\.m2\repository\com\google\code\findbugs\jsr305\3.0.2\jsr305-3.0.2.jar;C:\Users\My IDS\.m2\repository\io\netty\netty-transport-native-unix-common\4.1.87.Final\netty-transport-native-unix-common-4.1.87.Final-linux-x86_64.jar;C:\Users\My IDS\.m2\repository\io\netty\netty-transport-native-epoll\4.1.87.Final\netty-transport-native-epoll-4.1.87.Final-linux-x86_64.jar;C:\Users\My IDS\.m2\repository\io\netty\netty-transport-native-unix-common\4.1.87.Final\netty-transport-native-unix-common-4.1.87.Final.jar;C:\Users\My IDS\.m2\repository\io\netty\netty-transport-classes-epoll\4.1.87.Final\netty-transport-classes-epoll-4.1.87.Final.jar;C:\Users\My IDS\.m2\repository\io\netty\netty-resolver-dns-native-macos\4.1.87.Final\netty-resolver-dns-native-macos-4.1.87.Final-osx-x86_64.jar;C:\Users\My IDS\.m2\repository\io\netty\netty-resolver-dns-classes-macos\4.1.87.Final\netty-resolver-dns-classes-macos-4.1.87.Final.jar;C:\Users\My IDS\.m2\repository\io\netty\netty-resolver-dns-native-macos\4.1.87.Final\netty-resolver-dns-native-macos-4.1.87.Final-osx-aarch_64.jar;C:\Users\My IDS\.m2\repository\io\netty\netty-tcnative-boringssl-static\2.0.56.Final\netty-tcnative-boringssl-static-2.0.56.Final-linux-x86_64.jar;C:\Users\My IDS\.m2\repository\io\netty\netty-tcnative-classes\2.0.56.Final\netty-tcnative-classes-2.0.56.Final.jar;C:\Users\My IDS\.m2\repository\io\netty\netty-tcnative-boringssl-static\2.0.56.Final\netty-tcnative-boringssl-static-2.0.56.Final-linux-aarch_64.jar;C:\Users\My IDS\.m2\repository\io\netty\netty-tcnative-boringssl-static\2.0.56.Final\netty-tcnative-boringssl-static-2.0.56.Final-osx-x86_64.jar;C:\Users\My IDS\.m2\repository\io\netty\netty-tcnative-boringssl-static\2.0.56.Final\netty-tcnative-boringssl-static-2.0.56.Final-osx-aarch_64.jar;C:\Users\My IDS\.m2\repository\io\netty\netty-tcnative-boringssl-static\2.0.56.Final\netty-tcnative-boringssl-static-2.0.56.Final-windows-x86_64.jar;C:\Users\My IDS\.m2\repository\io\netty\netty-handler-proxy\4.1.87.Final\netty-handler-proxy-4.1.87.Final.jar;C:\Users\My IDS\.m2\repository\io\netty\netty-codec-socks\4.1.87.Final\netty-codec-socks-4.1.87.Final.jar;C:\Users\My IDS\.m2\repository\com\aayushatharva\brotli4j\brotli4j\1.9.0\brotli4j-1.9.0.jar;C:\Users\My IDS\.m2\repository\org\apache\httpcomponents\httpclient\4.5.14\httpclient-4.5.14.jar;C:\Users\My IDS\.m2\repository\org\apache\httpcomponents\httpcore\4.4.16\httpcore-4.4.16.jar;C:\Users\My IDS\.m2\repository\commons-codec\commons-codec\1.11\commons-codec-1.11.jar;C:\Users\My IDS\.m2\repository\ch\qos\logback\logback-classic\1.2.9\logback-classic-1.2.9.jar;C:\Users\My IDS\.m2\repository\ch\qos\logback\logback-core\1.2.9\logback-core-1.2.9.jar;C:\Users\My IDS\.m2\repository\org\slf4j\jcl-over-slf4j\1.7.32\jcl-over-slf4j-1.7.32.jar;C:\Users\My IDS\.m2\repository\org\antlr\antlr4-runtime\4.11.1\antlr4-runtime-4.11.1.jar;C:\Users\My IDS\.m2\repository\com\jayway\jsonpath\json-path\2.8.0\json-path-2.8.0.jar;C:\Users\My IDS\.m2\repository\net\minidev\json-smart\2.4.10\json-smart-2.4.10.jar;C:\Users\My IDS\.m2\repository\net\minidev\accessors-smart\2.4.9\accessors-smart-2.4.9.jar;C:\Users\My IDS\.m2\repository\org\ow2\asm\asm\9.3\asm-9.3.jar;C:\Users\My IDS\.m2\repository\org\yaml\snakeyaml\2.0\snakeyaml-2.0.jar;C:\Users\My IDS\.m2\repository\de\siegmar\fastcsv\2.2.1\fastcsv-2.2.1.jar;C:\Users\My IDS\.m2\repository\info\picocli\picocli\4.7.1\picocli-4.7.1.jar;C:\Users\My IDS\.m2\repository\io\github\classgraph\classgraph\4.8.152\classgraph-4.8.152.jar;C:\Users\My IDS\.m2\repository\io\github\t12y\resemble\1.0.2\resemble-1.0.2.jar;C:\Users\My IDS\.m2\repository\io\github\t12y\ssim\1.0.0\ssim-1.0.0.jar;C:\Users\My IDS\.m2\repository\org\junit\jupiter\junit-jupiter-api\5.9.1\junit-jupiter-api-5.9.1.jar;C:\Users\My IDS\.m2\repository\org\opentest4j\opentest4j\1.2.0\opentest4j-1.2.0.jar;C:\Users\My IDS\.m2\repository\org\junit\platform\junit-platform-commons\1.9.1\junit-platform-commons-1.9.1.jar;C:\Users\My IDS\.m2\repository\org\apiguardian\apiguardian-api\1.1.2\apiguardian-api-1.1.2.jar;C:\Users\My IDS\.m2\repository\org\junit\jupiter\junit-jupiter-engine\5.9.1\junit-jupiter-engine-5.9.1.jar;C:\Users\My IDS\.m2\repository\org\junit\platform\junit-platform-engine\1.9.1\junit-platform-engine-1.9.1.jar;"/>
    <property name="java.vm.vendor" value="Oracle Corporation"/>
    <property name="sun.arch.data.model" value="64"/>
    <property name="user.variant" value=""/>
    <property name="java.vendor.url" value="https://java.oracle.com/"/>
    <property name="user.timezone" value="Asia/Saigon"/>
    <property name="os.name" value="Windows 10"/>
    <property name="java.vm.specification.version" value="21"/>
    <property name="sun.java.launcher" value="SUN_STANDARD"/>
    <property name="user.country" value="US"/>
    <property name="sun.boot.library.path" value="E:\Program Files\Java\jdk-21\bin"/>
    <property name="sun.java.command" value="C:\Users\MYIDS~1\AppData\Local\Temp\surefire11531881275367972601\surefirebooter7798850198558166821.jar C:\Users\My IDS\AppData\Local\Temp\surefire11531881275367972601 2025-07-13T08-50-06_357-jvmRun1 surefire4043303205507510647tmp surefire_015201994854461415635tmp"/>
    <property name="jdk.debug" value="release"/>
    <property name="surefire.test.class.path" value="E:\Duy\Projects\practices\karate_framework\demo\target\test-classes;E:\Duy\Projects\practices\karate_framework\demo\target\classes;C:\Users\My IDS\.m2\repository\com\intuit\karate\karate-junit5\1.4.0\karate-junit5-1.4.0.jar;C:\Users\My IDS\.m2\repository\com\intuit\karate\karate-core\1.4.0\karate-core-1.4.0.jar;C:\Users\My IDS\.m2\repository\org\graalvm\js\js-scriptengine\22.3.0\js-scriptengine-22.3.0.jar;C:\Users\My IDS\.m2\repository\org\graalvm\sdk\graal-sdk\22.3.0\graal-sdk-22.3.0.jar;C:\Users\My IDS\.m2\repository\org\graalvm\js\js\22.3.0\js-22.3.0.jar;C:\Users\My IDS\.m2\repository\org\graalvm\regex\regex\22.3.0\regex-22.3.0.jar;C:\Users\My IDS\.m2\repository\org\graalvm\truffle\truffle-api\22.3.0\truffle-api-22.3.0.jar;C:\Users\My IDS\.m2\repository\com\ibm\icu\icu4j\71.1\icu4j-71.1.jar;C:\Users\My IDS\.m2\repository\org\thymeleaf\thymeleaf\3.0.14.RELEASE\thymeleaf-3.0.14.RELEASE.jar;C:\Users\My IDS\.m2\repository\ognl\ognl\3.1.26\ognl-3.1.26.jar;C:\Users\My IDS\.m2\repository\org\javassist\javassist\3.20.0-GA\javassist-3.20.0-GA.jar;C:\Users\My IDS\.m2\repository\org\attoparser\attoparser\2.0.5.RELEASE\attoparser-2.0.5.RELEASE.jar;C:\Users\My IDS\.m2\repository\org\unbescape\unbescape\1.1.6.RELEASE\unbescape-1.1.6.RELEASE.jar;C:\Users\My IDS\.m2\repository\org\slf4j\slf4j-api\1.7.25\slf4j-api-1.7.25.jar;C:\Users\My IDS\.m2\repository\com\linecorp\armeria\armeria\1.22.0\armeria-1.22.0.jar;C:\Users\My IDS\.m2\repository\com\fasterxml\jackson\core\jackson-core\2.14.2\jackson-core-2.14.2.jar;C:\Users\My IDS\.m2\repository\com\fasterxml\jackson\core\jackson-annotations\2.14.2\jackson-annotations-2.14.2.jar;C:\Users\My IDS\.m2\repository\com\fasterxml\jackson\core\jackson-databind\2.14.2\jackson-databind-2.14.2.jar;C:\Users\My IDS\.m2\repository\com\fasterxml\jackson\datatype\jackson-datatype-jdk8\2.14.2\jackson-datatype-jdk8-2.14.2.jar;C:\Users\My IDS\.m2\repository\com\fasterxml\jackson\datatype\jackson-datatype-jsr310\2.14.2\jackson-datatype-jsr310-2.14.2.jar;C:\Users\My IDS\.m2\repository\io\micrometer\micrometer-core\1.10.3\micrometer-core-1.10.3.jar;C:\Users\My IDS\.m2\repository\io\micrometer\micrometer-commons\1.10.3\micrometer-commons-1.10.3.jar;C:\Users\My IDS\.m2\repository\io\micrometer\micrometer-observation\1.10.3\micrometer-observation-1.10.3.jar;C:\Users\My IDS\.m2\repository\org\hdrhistogram\HdrHistogram\2.1.12\HdrHistogram-2.1.12.jar;C:\Users\My IDS\.m2\repository\org\latencyutils\LatencyUtils\2.0.3\LatencyUtils-2.0.3.jar;C:\Users\My IDS\.m2\repository\io\netty\netty-transport\4.1.87.Final\netty-transport-4.1.87.Final.jar;C:\Users\My IDS\.m2\repository\io\netty\netty-common\4.1.87.Final\netty-common-4.1.87.Final.jar;C:\Users\My IDS\.m2\repository\io\netty\netty-buffer\4.1.87.Final\netty-buffer-4.1.87.Final.jar;C:\Users\My IDS\.m2\repository\io\netty\netty-resolver\4.1.87.Final\netty-resolver-4.1.87.Final.jar;C:\Users\My IDS\.m2\repository\io\netty\netty-codec-haproxy\4.1.87.Final\netty-codec-haproxy-4.1.87.Final.jar;C:\Users\My IDS\.m2\repository\io\netty\netty-codec\4.1.87.Final\netty-codec-4.1.87.Final.jar;C:\Users\My IDS\.m2\repository\io\netty\netty-codec-http2\4.1.87.Final\netty-codec-http2-4.1.87.Final.jar;C:\Users\My IDS\.m2\repository\io\netty\netty-handler\4.1.87.Final\netty-handler-4.1.87.Final.jar;C:\Users\My IDS\.m2\repository\io\netty\netty-codec-http\4.1.87.Final\netty-codec-http-4.1.87.Final.jar;C:\Users\My IDS\.m2\repository\io\netty\netty-resolver-dns\4.1.87.Final\netty-resolver-dns-4.1.87.Final.jar;C:\Users\My IDS\.m2\repository\io\netty\netty-codec-dns\4.1.87.Final\netty-codec-dns-4.1.87.Final.jar;C:\Users\My IDS\.m2\repository\org\reactivestreams\reactive-streams\1.0.4\reactive-streams-1.0.4.jar;C:\Users\My IDS\.m2\repository\com\google\code\findbugs\jsr305\3.0.2\jsr305-3.0.2.jar;C:\Users\My IDS\.m2\repository\io\netty\netty-transport-native-unix-common\4.1.87.Final\netty-transport-native-unix-common-4.1.87.Final-linux-x86_64.jar;C:\Users\My IDS\.m2\repository\io\netty\netty-transport-native-epoll\4.1.87.Final\netty-transport-native-epoll-4.1.87.Final-linux-x86_64.jar;C:\Users\My IDS\.m2\repository\io\netty\netty-transport-native-unix-common\4.1.87.Final\netty-transport-native-unix-common-4.1.87.Final.jar;C:\Users\My IDS\.m2\repository\io\netty\netty-transport-classes-epoll\4.1.87.Final\netty-transport-classes-epoll-4.1.87.Final.jar;C:\Users\My IDS\.m2\repository\io\netty\netty-resolver-dns-native-macos\4.1.87.Final\netty-resolver-dns-native-macos-4.1.87.Final-osx-x86_64.jar;C:\Users\My IDS\.m2\repository\io\netty\netty-resolver-dns-classes-macos\4.1.87.Final\netty-resolver-dns-classes-macos-4.1.87.Final.jar;C:\Users\My IDS\.m2\repository\io\netty\netty-resolver-dns-native-macos\4.1.87.Final\netty-resolver-dns-native-macos-4.1.87.Final-osx-aarch_64.jar;C:\Users\My IDS\.m2\repository\io\netty\netty-tcnative-boringssl-static\2.0.56.Final\netty-tcnative-boringssl-static-2.0.56.Final-linux-x86_64.jar;C:\Users\My IDS\.m2\repository\io\netty\netty-tcnative-classes\2.0.56.Final\netty-tcnative-classes-2.0.56.Final.jar;C:\Users\My IDS\.m2\repository\io\netty\netty-tcnative-boringssl-static\2.0.56.Final\netty-tcnative-boringssl-static-2.0.56.Final-linux-aarch_64.jar;C:\Users\My IDS\.m2\repository\io\netty\netty-tcnative-boringssl-static\2.0.56.Final\netty-tcnative-boringssl-static-2.0.56.Final-osx-x86_64.jar;C:\Users\My IDS\.m2\repository\io\netty\netty-tcnative-boringssl-static\2.0.56.Final\netty-tcnative-boringssl-static-2.0.56.Final-osx-aarch_64.jar;C:\Users\My IDS\.m2\repository\io\netty\netty-tcnative-boringssl-static\2.0.56.Final\netty-tcnative-boringssl-static-2.0.56.Final-windows-x86_64.jar;C:\Users\My IDS\.m2\repository\io\netty\netty-handler-proxy\4.1.87.Final\netty-handler-proxy-4.1.87.Final.jar;C:\Users\My IDS\.m2\repository\io\netty\netty-codec-socks\4.1.87.Final\netty-codec-socks-4.1.87.Final.jar;C:\Users\My IDS\.m2\repository\com\aayushatharva\brotli4j\brotli4j\1.9.0\brotli4j-1.9.0.jar;C:\Users\My IDS\.m2\repository\org\apache\httpcomponents\httpclient\4.5.14\httpclient-4.5.14.jar;C:\Users\My IDS\.m2\repository\org\apache\httpcomponents\httpcore\4.4.16\httpcore-4.4.16.jar;C:\Users\My IDS\.m2\repository\commons-codec\commons-codec\1.11\commons-codec-1.11.jar;C:\Users\My IDS\.m2\repository\ch\qos\logback\logback-classic\1.2.9\logback-classic-1.2.9.jar;C:\Users\My IDS\.m2\repository\ch\qos\logback\logback-core\1.2.9\logback-core-1.2.9.jar;C:\Users\My IDS\.m2\repository\org\slf4j\jcl-over-slf4j\1.7.32\jcl-over-slf4j-1.7.32.jar;C:\Users\My IDS\.m2\repository\org\antlr\antlr4-runtime\4.11.1\antlr4-runtime-4.11.1.jar;C:\Users\My IDS\.m2\repository\com\jayway\jsonpath\json-path\2.8.0\json-path-2.8.0.jar;C:\Users\My IDS\.m2\repository\net\minidev\json-smart\2.4.10\json-smart-2.4.10.jar;C:\Users\My IDS\.m2\repository\net\minidev\accessors-smart\2.4.9\accessors-smart-2.4.9.jar;C:\Users\My IDS\.m2\repository\org\ow2\asm\asm\9.3\asm-9.3.jar;C:\Users\My IDS\.m2\repository\org\yaml\snakeyaml\2.0\snakeyaml-2.0.jar;C:\Users\My IDS\.m2\repository\de\siegmar\fastcsv\2.2.1\fastcsv-2.2.1.jar;C:\Users\My IDS\.m2\repository\info\picocli\picocli\4.7.1\picocli-4.7.1.jar;C:\Users\My IDS\.m2\repository\io\github\classgraph\classgraph\4.8.152\classgraph-4.8.152.jar;C:\Users\My IDS\.m2\repository\io\github\t12y\resemble\1.0.2\resemble-1.0.2.jar;C:\Users\My IDS\.m2\repository\io\github\t12y\ssim\1.0.0\ssim-1.0.0.jar;C:\Users\My IDS\.m2\repository\org\junit\jupiter\junit-jupiter-api\5.9.1\junit-jupiter-api-5.9.1.jar;C:\Users\My IDS\.m2\repository\org\opentest4j\opentest4j\1.2.0\opentest4j-1.2.0.jar;C:\Users\My IDS\.m2\repository\org\junit\platform\junit-platform-commons\1.9.1\junit-platform-commons-1.9.1.jar;C:\Users\My IDS\.m2\repository\org\apiguardian\apiguardian-api\1.1.2\apiguardian-api-1.1.2.jar;C:\Users\My IDS\.m2\repository\org\junit\jupiter\junit-jupiter-engine\5.9.1\junit-jupiter-engine-5.9.1.jar;C:\Users\My IDS\.m2\repository\org\junit\platform\junit-platform-engine\1.9.1\junit-platform-engine-1.9.1.jar;"/>
    <property name="sun.cpu.endian" value="little"/>
    <property name="user.home" value="C:\Users\My IDS"/>
    <property name="user.language" value="en"/>
    <property name="java.specification.vendor" value="Oracle Corporation"/>
    <property name="java.version.date" value="2025-04-15"/>
    <property name="java.home" value="E:\Program Files\Java\jdk-21"/>
    <property name="file.separator" value="\"/>
    <property name="basedir" value="E:\Duy\Projects\practices\karate_framework\demo"/>
    <property name="java.vm.compressedOopsMode" value="Zero based"/>
    <property name="line.separator" value="&#10;"/>
    <property name="java.vm.specification.vendor" value="Oracle Corporation"/>
    <property name="java.specification.name" value="Java Platform API Specification"/>
    <property name="surefire.real.class.path" value="C:\Users\MYIDS~1\AppData\Local\Temp\surefire11531881275367972601\surefirebooter7798850198558166821.jar"/>
    <property name="user.script" value=""/>
    <property name="sun.management.compiler" value="HotSpot 64-Bit Tiered Compilers"/>
    <property name="java.runtime.version" value="21.0.7+8-LTS-245"/>
    <property name="user.name" value="My IDS"/>
    <property name="stdout.encoding" value="Cp1252"/>
    <property name="path.separator" value=";"/>
    <property name="os.version" value="10.0"/>
    <property name="java.runtime.name" value="Java(TM) SE Runtime Environment"/>
    <property name="file.encoding" value="UTF-8"/>
    <property name="java.vm.name" value="Java HotSpot(TM) 64-Bit Server VM"/>
    <property name="localRepository" value="C:\Users\My IDS\.m2\repository"/>
    <property name="java.vendor.url.bug" value="https://bugreport.java.com/bugreport/"/>
    <property name="java.io.tmpdir" value="C:\Users\MYIDS~1\AppData\Local\Temp\"/>
    <property name="java.version" value="21.0.7"/>
    <property name="user.dir" value="E:\Duy\Projects\practices\karate_framework\demo"/>
    <property name="os.arch" value="amd64"/>
    <property name="java.vm.specification.name" value="Java Virtual Machine Specification"/>
    <property name="sun.os.patch.level" value=""/>
    <property name="native.encoding" value="Cp1252"/>
    <property name="java.library.path" value="E:\Program Files\Java\jdk-21\bin;C:\WINDOWS\Sun\Java\bin;C:\WINDOWS\system32;C:\WINDOWS;E:\Duy\ProgramFiles\anaconda3;E:\Duy\ProgramFiles\anaconda3\Library\mingw-w64\bin;E:\Duy\ProgramFiles\anaconda3\Library\usr\bin;E:\Duy\ProgramFiles\anaconda3\Library\bin;E:\Duy\ProgramFiles\anaconda3\Scripts;E:\Duy\ProgramFiles\anaconda3\bin;E:\Duy\ProgramFiles\anaconda3\condabin;C:\Program Files\Common Files\Oracle\Java\javapath;C:\WINDOWS\system32;C:\WINDOWS;C:\WINDOWS\System32\Wbem;C:\WINDOWS\System32\WindowsPowerShell\v1.0;C:\WINDOWS\System32\OpenSSH;C:\Program Files\Common Files\Autodesk Shared;C:\ProgramData\chocolatey\bin;C:\Program Files\Docker\Docker\resources\bin;C:\Program Files\dotnet;C:\Program Files\CMake\bin;C:\Program Files\Git\cmd;c:\Users\My IDS\AppData\Local\Programs\cursor\resources\app\bin;E:\Duy\ProgramFiles\nodejs;E:\Program Files\Java\jdk-21\bin;E:\Program Files\apache-maven-3.9.10\bin;C:\Users\My IDS\AppData\Local\Programs\Python\Python313\Scripts;C:\Users\My IDS\AppData\Local\Programs\Python\Python313;C:\Users\My IDS\.cargo\bin;C:\Users\My IDS\AppData\Local\Microsoft\WindowsApps;E:\Duy\ProgramFiles\Microsoft VS Code\bin;C:\Users\My IDS\.dotnet\tools;C:\Users\My IDS\AppData\Roaming\npm;E:\Program Files (x86)\Windsurf\bin;."/>
    <property name="java.vm.info" value="mixed mode, sharing"/>
    <property name="stderr.encoding" value="Cp1252"/>
    <property name="java.vendor" value="Oracle Corporation"/>
    <property name="java.vm.version" value="21.0.7+8-LTS-245"/>
    <property name="sun.io.unicode.encoding" value="UnicodeLittle"/>
    <property name="java.class.version" value="65.0"/>
  </properties>
  <testcase name="testParallel" classname="UI.UIsTest" time="86.216">
    <failure message="js failed:&#10;&gt;&gt;&gt;&gt;&#10;01: waitFor(saucedemoURL)&#10;&lt;&lt;&lt;&lt;&#10;org.graalvm.polyglot.PolyglotException: waitUntil (js): failed after 3 retries and 21144 milliseconds&#10;- com.intuit.karate.driver.DriverOptions.retry(DriverOptions.java:517)&#10;- com.intuit.karate.driver.DevToolsDriver.waitUntil(DevToolsDriver.java:777)&#10;- com.intuit.karate.driver.DriverOptions.waitForAny(DriverOptions.java:700)&#10;- com.intuit.karate.driver.Driver.waitFor(Driver.java:237)&#10;- &lt;js&gt;.:anonymous(Unnamed:1)&#10;&#10;classpath:UI/HomePageUI/Home.feature:73 ==&gt; expected: &lt;0&gt; but was: &lt;1&gt;" type="org.opentest4j.AssertionFailedError"><![CDATA[org.opentest4j.AssertionFailedError: 
js failed:
>>>>
01: waitFor(saucedemoURL)
<<<<
org.graalvm.polyglot.PolyglotException: waitUntil (js): failed after 3 retries and 21144 milliseconds
- com.intuit.karate.driver.DriverOptions.retry(DriverOptions.java:517)
- com.intuit.karate.driver.DevToolsDriver.waitUntil(DevToolsDriver.java:777)
- com.intuit.karate.driver.DriverOptions.waitForAny(DriverOptions.java:700)
- com.intuit.karate.driver.Driver.waitFor(Driver.java:237)
- <js>.:anonymous(Unnamed:1)

classpath:UI/HomePageUI/Home.feature:73 ==> expected: <0> but was: <1>
	at UI.UIsTest.testParallel(UIsTest.java:17)
]]></failure>
    <system-out><![CDATA[08:50:10.029 [main] DEBUG com.intuit.karate.Suite - [config] classpath:karate-config.js
08:50:11.864 [main] INFO  com.intuit.karate - karate.env system property was: null 
08:50:12.000 [main] DEBUG com.intuit.karate.shell.Command - found / verified free local port: 9222
08:50:12.003 [chrome_1752371411986] DEBUG c.i.k.driver.chrome_1752371411986 - command: [C:\Program Files\Google\Chrome\Application\chrome.exe, --remote-debugging-port=9222, --remote-allow-origins=*, --no-first-run, --user-data-dir=E:\Duy\Projects\practices\karate_framework\demo\target\chrome_1752371411986, --disable-popup-blocking, --disable-features=PasswordManager, --incognito], working dir: target\chrome_1752371411986
08:50:12.011 [main] DEBUG c.i.k.driver.chrome_1752371411986 - poll attempt #0 for port to be ready - localhost:9222
08:50:12.273 [main] DEBUG c.i.k.driver.chrome_1752371411986 - poll attempt #1 for port to be ready - localhost:9222
08:50:12.363 [chrome_1752371411986-out] DEBUG c.i.k.driver.chrome_1752371411986 - 
08:50:12.364 [chrome_1752371411986-out] DEBUG c.i.k.driver.chrome_1752371411986 - DevTools listening on ws://127.0.0.1:9222/devtools/browser/7a9d17bc-e3bb-4dea-9975-530bf0230d9a
08:50:12.527 [main] DEBUG c.i.k.driver.chrome_1752371411986 - poll attempt #2 for port to be ready - localhost:9222
08:50:13.835 [main] DEBUG com.intuit.karate - request:
1 > GET http://localhost:9222/json
1 > Host: localhost:9222
1 > Connection: Keep-Alive
1 > User-Agent: Apache-HttpClient/4.5.14 (Java/21.0.7)
1 > Accept-Encoding: gzip,deflate


08:50:13.880 [main] DEBUG com.intuit.karate - response time in milliseconds: 42
1 < 200
1 < Content-Security-Policy: frame-ancestors 'none'
1 < Content-Length: 2340
1 < Content-Type: application/json; charset=UTF-8
[ {
   "description": "",
   "devtoolsFrontendUrl": "https://chrome-devtools-frontend.appspot.com/serve_rev/@a2159ad9ab8037bd34a21b9903003e0964c2075b/inspector.html?ws=localhost:9222/devtools/page/FC039FB5C9B03F8D46517331BE1B50D0",
   "id": "FC039FB5C9B03F8D46517331BE1B50D0",
   "title": "Google Hangouts",
   "type": "background_page",
   "url": "chrome-extension://nkeimhogjdpnpccoofpliimaahmaaome/background.html",
   "webSocketDebuggerUrl": "ws://localhost:9222/devtools/page/FC039FB5C9B03F8D46517331BE1B50D0"
}, {
   "description": "",
   "devtoolsFrontendUrl": "https://chrome-devtools-frontend.appspot.com/serve_rev/@a2159ad9ab8037bd34a21b9903003e0964c2075b/inspector.html?ws=localhost:9222/devtools/page/3C5BDB55ECF69502BDF17316E347EB59",
   "id": "3C5BDB55ECF69502BDF17316E347EB59",
   "title": "Google Hangouts",
   "type": "background_page",
   "url": "chrome-extension://nkeimhogjdpnpccoofpliimaahmaaome/background.html",
   "webSocketDebuggerUrl": "ws://localhost:9222/devtools/page/3C5BDB55ECF69502BDF17316E347EB59"
}, {
   "description": "",
   "devtoolsFrontendUrl": "https://chrome-devtools-frontend.appspot.com/serve_rev/@a2159ad9ab8037bd34a21b9903003e0964c2075b/inspector.html?ws=localhost:9222/devtools/page/BBF93B2B4D5D3BE89B5E9A61ADCFD8B2",
   "faviconUrl": "data:image/svg+xml;base64,PHN2ZyB4bWxucz0iaHR0cDovL3d3dy53My5vcmcvMjAwMC9zdmciIGhlaWdodD0iMjQiIHZpZXdCb3g9IjAgMCAyNCAyNCIgd2lkdGg9IjI0IiBmaWxsPSIjNDU1QTY0Ij48cGF0aCBmaWxsPSJub25lIiBkPSJNMCAwaDI0djI0SDB6Ii8+PHBhdGggZD0iTTMgMTFoMTh2MUgzem0xNC42Mi0xLTIuMjktNi4xYy0uMTktLjUtLjc0LS43Ny0xLjI1LS42TDEyIDRsLTIuMDktLjdjLS41MS0uMTctMS4wNi4xLTEuMjUuNkw2LjM4IDEwaDExLjI0em0tMS4xMiAzYy0xLjY2IDAtMy4wNCAxLjE2LTMuNCAyLjcxLS44NC0uMzYtMS42Mi0uMjYtMi4yLS4wMUEzLjUwMyAzLjUwMyAwIDAgMCA3LjUgMTNDNS41NyAxMyA0IDE0LjU3IDQgMTYuNVM1LjU3IDIwIDcuNSAyMGMxLjg0IDAgMy4zMy0xLjQyIDMuNDctMy4yMi4zLS4yMSAxLjA5LS42IDIuMDYuMDIuMTYgMS43OSAxLjY0IDMuMiAzLjQ3IDMuMiAxLjkzIDAgMy41LTEuNTcgMy41LTMuNVMxOC40MyAxMyAxNi41IDEzem0tOSA2YTIuNSAyLjUgMCAwIDEgMC01IDIuNSAyLjUgMCAwIDEgMCA1em05IDBhMi41IDIuNSAwIDAgMSAwLTUgMi41IDIuNSAwIDAgMSAwIDV6Ii8+PC9zdmc+",
   "id": "BBF93B2B4D5D3BE89B5E9A61ADCFD8B2",
   "title": "New Incognito Tab",
   "type": "page",
   "url": "chrome://newtab/",
   "webSocketDebuggerUrl": "ws://localhost:9222/devtools/page/BBF93B2B4D5D3BE89B5E9A61ADCFD8B2"
} ]


08:50:13.894 [main] DEBUG com.intuit.karate.shell.Command - ready to accept http connections after 1280 ms - http://localhost:9222/json
08:50:13.897 [main] DEBUG com.intuit.karate - request:
1 > GET http://localhost:9222/json
1 > Host: localhost:9222
1 > Connection: Keep-Alive
1 > User-Agent: Apache-HttpClient/4.5.14 (Java/21.0.7)
1 > Accept-Encoding: gzip,deflate


08:50:13.901 [main] DEBUG com.intuit.karate - response time in milliseconds: 3
1 < 200
1 < Content-Security-Policy: frame-ancestors 'none'
1 < Content-Length: 2340
1 < Content-Type: application/json; charset=UTF-8
[ {
   "description": "",
   "devtoolsFrontendUrl": "https://chrome-devtools-frontend.appspot.com/serve_rev/@a2159ad9ab8037bd34a21b9903003e0964c2075b/inspector.html?ws=localhost:9222/devtools/page/FC039FB5C9B03F8D46517331BE1B50D0",
   "id": "FC039FB5C9B03F8D46517331BE1B50D0",
   "title": "Google Hangouts",
   "type": "background_page",
   "url": "chrome-extension://nkeimhogjdpnpccoofpliimaahmaaome/background.html",
   "webSocketDebuggerUrl": "ws://localhost:9222/devtools/page/FC039FB5C9B03F8D46517331BE1B50D0"
}, {
   "description": "",
   "devtoolsFrontendUrl": "https://chrome-devtools-frontend.appspot.com/serve_rev/@a2159ad9ab8037bd34a21b9903003e0964c2075b/inspector.html?ws=localhost:9222/devtools/page/3C5BDB55ECF69502BDF17316E347EB59",
   "id": "3C5BDB55ECF69502BDF17316E347EB59",
   "title": "Google Hangouts",
   "type": "background_page",
   "url": "chrome-extension://nkeimhogjdpnpccoofpliimaahmaaome/background.html",
   "webSocketDebuggerUrl": "ws://localhost:9222/devtools/page/3C5BDB55ECF69502BDF17316E347EB59"
}, {
   "description": "",
   "devtoolsFrontendUrl": "https://chrome-devtools-frontend.appspot.com/serve_rev/@a2159ad9ab8037bd34a21b9903003e0964c2075b/inspector.html?ws=localhost:9222/devtools/page/BBF93B2B4D5D3BE89B5E9A61ADCFD8B2",
   "faviconUrl": "data:image/svg+xml;base64,PHN2ZyB4bWxucz0iaHR0cDovL3d3dy53My5vcmcvMjAwMC9zdmciIGhlaWdodD0iMjQiIHZpZXdCb3g9IjAgMCAyNCAyNCIgd2lkdGg9IjI0IiBmaWxsPSIjNDU1QTY0Ij48cGF0aCBmaWxsPSJub25lIiBkPSJNMCAwaDI0djI0SDB6Ii8+PHBhdGggZD0iTTMgMTFoMTh2MUgzem0xNC42Mi0xLTIuMjktNi4xYy0uMTktLjUtLjc0LS43Ny0xLjI1LS42TDEyIDRsLTIuMDktLjdjLS41MS0uMTctMS4wNi4xLTEuMjUuNkw2LjM4IDEwaDExLjI0em0tMS4xMiAzYy0xLjY2IDAtMy4wNCAxLjE2LTMuNCAyLjcxLS44NC0uMzYtMS42Mi0uMjYtMi4yLS4wMUEzLjUwMyAzLjUwMyAwIDAgMCA3LjUgMTNDNS41NyAxMyA0IDE0LjU3IDQgMTYuNVM1LjU3IDIwIDcuNSAyMGMxLjg0IDAgMy4zMy0xLjQyIDMuNDctMy4yMi4zLS4yMSAxLjA5LS42IDIuMDYuMDIuMTYgMS43OSAxLjY0IDMuMiAzLjQ3IDMuMiAxLjkzIDAgMy41LTEuNTcgMy41LTMuNVMxOC40MyAxMyAxNi41IDEzem0tOSA2YTIuNSAyLjUgMCAwIDEgMC01IDIuNSAyLjUgMCAwIDEgMCA1em05IDBhMi41IDIuNSAwIDAgMSAwLTUgMi41IDIuNSAwIDAgMSAwIDV6Ii8+PC9zdmc+",
   "id": "BBF93B2B4D5D3BE89B5E9A61ADCFD8B2",
   "title": "New Incognito Tab",
   "type": "page",
   "url": "chrome://newtab/",
   "webSocketDebuggerUrl": "ws://localhost:9222/devtools/page/BBF93B2B4D5D3BE89B5E9A61ADCFD8B2"
} ]


08:50:13.913 [main] DEBUG c.i.k.driver.chrome_1752371411986 - root frame id: BBF93B2B4D5D3BE89B5E9A61ADCFD8B2
08:50:14.428 [nioEventLoopGroup-2-1] DEBUG c.i.k.http.WebSocketClientHandler - websocket client connected
08:50:14.434 [main] DEBUG c.i.k.driver.chrome_1752371411986 - >> {"id":1,"method":"Target.attachToTarget","params":{"targetId":"BBF93B2B4D5D3BE89B5E9A61ADCFD8B2","flatten":true}}
08:50:14.461 [nioEventLoopGroup-2-1] DEBUG c.i.k.driver.chrome_1752371411986 - << {"method":"Target.attachedToTarget","params":{"sessionId":"60B56135D27872497838622C60201F00","targetInfo":{"targetId":"BBF93B2B4D5D3BE89B5E9A61ADCFD8B2","type":"page","title":"New Incognito Tab","url":"chrome://newtab/","attached":true,"canAccessOpener":false,"browserContextId":"FE02727F5A1443356FEA5D63B90C5B1A"},"waitingForDebugger":false}}
08:50:14.464 [nioEventLoopGroup-2-1] DEBUG c.i.k.driver.chrome_1752371411986 - << {"id":1,"result":{"sessionId":"60B56135D27872497838622C60201F00"}}
08:50:14.465 [main] DEBUG c.i.k.driver.chrome_1752371411986 - >> {"id":2,"sessionId":"60B56135D27872497838622C60201F00","method":"Target.activateTarget","params":{"targetId":"BBF93B2B4D5D3BE89B5E9A61ADCFD8B2"}}
08:50:14.470 [nioEventLoopGroup-2-1] DEBUG c.i.k.driver.chrome_1752371411986 - << {"id":2,"result":{},"sessionId":"60B56135D27872497838622C60201F00"}
08:50:14.472 [main] DEBUG c.i.k.driver.chrome_1752371411986 - >> {"id":3,"sessionId":"60B56135D27872497838622C60201F00","method":"Target.setDiscoverTargets","params":{"discover":true}}
08:50:14.476 [nioEventLoopGroup-2-1] DEBUG c.i.k.driver.chrome_1752371411986 - << {"method":"Target.targetCreated","params":{"targetInfo":{"targetId":"3C5BDB55ECF69502BDF17316E347EB59","type":"background_page","title":"Google Hangouts","url":"chrome-extension://nkeimhogjdpnpccoofpliimaahmaaome/background.html","attached":false,"canAccessOpener":false,"browserContextId":"455BEFEA6B62E5D0DBD25C0651FE0146"}},"sessionId":"60B56135D27872497838622C60201F00"}
08:50:14.479 [nioEventLoopGroup-2-1] DEBUG c.i.k.driver.chrome_1752371411986 - << {"method":"Target.targetCreated","params":{"targetInfo":{"targetId":"BBF93B2B4D5D3BE89B5E9A61ADCFD8B2","type":"page","title":"New Incognito Tab","url":"chrome://newtab/","attached":true,"canAccessOpener":false,"browserContextId":"FE02727F5A1443356FEA5D63B90C5B1A"}},"sessionId":"60B56135D27872497838622C60201F00"}
08:50:14.481 [nioEventLoopGroup-2-1] DEBUG c.i.k.driver.chrome_1752371411986 - << {"method":"Target.targetCreated","params":{"targetInfo":{"targetId":"D2BF904727714ADE0E9099494A9271F8","type":"service_worker","title":"Service Worker chrome-extension://fignfifoniblkonapihmkfakmlgkbkcf/service_worker.js","url":"chrome-extension://fignfifoniblkonapihmkfakmlgkbkcf/service_worker.js","attached":false,"canAccessOpener":false,"browserContextId":"455BEFEA6B62E5D0DBD25C0651FE0146"}},"sessionId":"60B56135D27872497838622C60201F00"}
08:50:14.482 [nioEventLoopGroup-2-1] DEBUG c.i.k.driver.chrome_1752371411986 - << {"method":"Target.targetCreated","params":{"targetInfo":{"targetId":"FC039FB5C9B03F8D46517331BE1B50D0","type":"background_page","title":"Google Hangouts","url":"chrome-extension://nkeimhogjdpnpccoofpliimaahmaaome/background.html","attached":false,"canAccessOpener":false,"browserContextId":"FE02727F5A1443356FEA5D63B90C5B1A"}},"sessionId":"60B56135D27872497838622C60201F00"}
08:50:14.484 [nioEventLoopGroup-2-1] DEBUG c.i.k.driver.chrome_1752371411986 - << {"id":3,"result":{},"sessionId":"60B56135D27872497838622C60201F00"}
08:50:14.485 [main] DEBUG c.i.k.driver.chrome_1752371411986 - >> {"id":4,"sessionId":"60B56135D27872497838622C60201F00","method":"Page.enable"}
08:50:14.494 [nioEventLoopGroup-2-1] DEBUG c.i.k.driver.chrome_1752371411986 - << {"id":4,"result":{},"sessionId":"60B56135D27872497838622C60201F00"}
08:50:14.495 [main] DEBUG c.i.k.driver.chrome_1752371411986 - >> {"id":5,"sessionId":"60B56135D27872497838622C60201F00","method":"Runtime.enable"}
08:50:14.499 [nioEventLoopGroup-2-1] DEBUG c.i.k.driver.chrome_1752371411986 - << {"method":"Runtime.executionContextCreated","params":{"context":{"id":1,"origin":"chrome://newtab","name":"","uniqueId":"-3335458148511359182.2827462291162891171","auxData":{"isDefault":true,"type":"default","frameId":"BBF93B2B4D5D3BE89B5E9A61ADCFD8B2"}}},"sessionId":"60B56135D27872497838622C60201F00"}
08:50:14.501 [nioEventLoopGroup-2-1] DEBUG c.i.k.driver.chrome_1752371411986 - << {"id":5,"result":{},"sessionId":"60B56135D27872497838622C60201F00"}
08:50:14.502 [main] DEBUG c.i.k.driver.chrome_1752371411986 - >> {"id":6,"sessionId":"60B56135D27872497838622C60201F00","method":"Browser.getWindowForTarget","params":{"targetId":"BBF93B2B4D5D3BE89B5E9A61ADCFD8B2"}}
08:50:14.506 [nioEventLoopGroup-2-1] DEBUG c.i.k.driver.chrome_1752371411986 - << {"id":6,"result":{"windowId":1708044568,"bounds":{"left":10,"top":10,"width":945,"height":1060,"windowState":"normal"}},"sessionId":"60B56135D27872497838622C60201F00"}
08:50:14.812 [main] DEBUG c.i.k.driver.chrome_1752371411986 - >> {"id":7,"sessionId":"60B56135D27872497838622C60201F00","method":"Page.navigate","params":{"url":"https:\/\/saucedemo.com\/"}}
08:50:14.828 [nioEventLoopGroup-2-1] DEBUG c.i.k.driver.chrome_1752371411986 - << {"method":"Page.frameStartedNavigating","params":{"frameId":"BBF93B2B4D5D3BE89B5E9A61ADCFD8B2","url":"https://saucedemo.com/","loaderId":"A00021D6E008F2D4F21D8E0503F292AD","navigationType":"differentDocument"},"sessionId":"60B56135D27872497838622C60201F00"}
08:50:14.830 [nioEventLoopGroup-2-1] DEBUG c.i.k.driver.chrome_1752371411986 - << {"method":"Page.frameStartedLoading","params":{"frameId":"BBF93B2B4D5D3BE89B5E9A61ADCFD8B2"},"sessionId":"60B56135D27872497838622C60201F00"}
08:50:15.021 [nioEventLoopGroup-2-1] DEBUG c.i.k.driver.chrome_1752371411986 - << {"id":7,"result":{"frameId":"BBF93B2B4D5D3BE89B5E9A61ADCFD8B2","loaderId":"A00021D6E008F2D4F21D8E0503F292AD"},"sessionId":"60B56135D27872497838622C60201F00"}
08:50:15.028 [nioEventLoopGroup-2-1] DEBUG c.i.k.driver.chrome_1752371411986 - << {"method":"Runtime.executionContextsCleared","params":{},"sessionId":"60B56135D27872497838622C60201F00"}
08:50:15.032 [nioEventLoopGroup-2-1] DEBUG c.i.k.driver.chrome_1752371411986 - << {"method":"Runtime.executionContextsCleared","params":{},"sessionId":"60B56135D27872497838622C60201F00"}
08:50:15.034 [nioEventLoopGroup-2-1] DEBUG c.i.k.driver.chrome_1752371411986 - << {"method":"Page.frameNavigated","params":{"frame":{"id":"BBF93B2B4D5D3BE89B5E9A61ADCFD8B2","loaderId":"A00021D6E008F2D4F21D8E0503F292AD","url":"https://www.saucedemo.com/","domainAndRegistry":"saucedemo.com","securityOrigin":"https://www.saucedemo.com","securityOriginDetails":{"isLocalhost":false},"mimeType":"text/html","adFrameStatus":{"adFrameType":"none"},"secureContextType":"Secure","crossOriginIsolatedContextType":"NotIsolated","gatedAPIFeatures":[]},"type":"Navigation"},"sessionId":"60B56135D27872497838622C60201F00"}
08:50:15.059 [nioEventLoopGroup-2-1] DEBUG c.i.k.driver.chrome_1752371411986 - << {"method":"Target.targetInfoChanged","params":{"targetInfo":{"targetId":"BBF93B2B4D5D3BE89B5E9A61ADCFD8B2","type":"page","title":"saucedemo.com","url":"https://www.saucedemo.com/","attached":true,"canAccessOpener":false,"browserContextId":"FE02727F5A1443356FEA5D63B90C5B1A"}},"sessionId":"60B56135D27872497838622C60201F00"}
08:50:15.068 [nioEventLoopGroup-2-1] DEBUG c.i.k.driver.chrome_1752371411986 - << {"method":"Runtime.executionContextCreated","params":{"context":{"id":1,"origin":"https://www.saucedemo.com","name":"","uniqueId":"-5122702561425669446.-943688720268627179","auxData":{"isDefault":true,"type":"default","frameId":"BBF93B2B4D5D3BE89B5E9A61ADCFD8B2"}}},"sessionId":"60B56135D27872497838622C60201F00"}
08:50:15.713 [nioEventLoopGroup-2-1] DEBUG c.i.k.driver.chrome_1752371411986 - << {"method":"Page.domContentEventFired","params":{"timestamp":251467.250787},"sessionId":"60B56135D27872497838622C60201F00"}
08:50:15.750 [main] INFO  c.intuit.karate.core.FeatureRuntime - classpath:UI/LoginUI/LoginPage.feature - call by tag at line 7: action_attemptLogin
08:50:16.036 [main] DEBUG c.i.k.driver.chrome_1752371411986 - >> {"id":8,"sessionId":"60B56135D27872497838622C60201F00","method":"Runtime.evaluate","params":{"expression":"var e = document.evaluate(\"\/\/*[@id='user-name']\", document, null, 9, null).singleNodeValue; e.focus(); try { e.selectionStart = e.selectionEnd = e.value.length } catch(x) {}","returnByValue":true}}
08:50:16.048 [nioEventLoopGroup-2-1] DEBUG c.i.k.driver.chrome_1752371411986 - << {"method":"Target.targetCreated","params":{"targetInfo":{"targetId":"FB0F5435C80C74564713C2D481CFA560","type":"service_worker","title":"Service Worker https://www.saucedemo.com/service-worker.js","url":"https://www.saucedemo.com/service-worker.js","attached":false,"canAccessOpener":false,"browserContextId":"FE02727F5A1443356FEA5D63B90C5B1A"}},"sessionId":"60B56135D27872497838622C60201F00"}
08:50:16.054 [nioEventLoopGroup-2-1] DEBUG c.i.k.driver.chrome_1752371411986 - << {"method":"Page.loadEventFired","params":{"timestamp":251467.586685},"sessionId":"60B56135D27872497838622C60201F00"}
08:50:16.056 [nioEventLoopGroup-2-1] DEBUG c.i.k.driver.chrome_1752371411986 - << {"method":"Page.frameStoppedLoading","params":{"frameId":"BBF93B2B4D5D3BE89B5E9A61ADCFD8B2"},"sessionId":"60B56135D27872497838622C60201F00"}
08:50:16.058 [nioEventLoopGroup-2-1] DEBUG c.i.k.driver.chrome_1752371411986 - << {"id":8,"result":{"result":{"type":"number","value":0,"description":"0"}},"sessionId":"60B56135D27872497838622C60201F00"}
08:50:16.068 [main] DEBUG c.i.k.driver.chrome_1752371411986 - >> {"id":9,"sessionId":"60B56135D27872497838622C60201F00","method":"Input.dispatchKeyEvent","params":{"modifiers":0,"type":"rawKeyDown","text":"s","windowsVirtualKeyCode":115}}
08:50:16.078 [nioEventLoopGroup-2-1] DEBUG c.i.k.driver.chrome_1752371411986 - << {"id":9,"result":{},"sessionId":"60B56135D27872497838622C60201F00"}
08:50:16.082 [main] DEBUG c.i.k.driver.chrome_1752371411986 - >> {"id":10,"sessionId":"60B56135D27872497838622C60201F00","method":"Input.dispatchKeyEvent","params":{"modifiers":0,"type":"char","text":"s","windowsVirtualKeyCode":115}}
08:50:16.097 [nioEventLoopGroup-2-1] DEBUG c.i.k.driver.chrome_1752371411986 - << {"id":10,"result":{},"sessionId":"60B56135D27872497838622C60201F00"}
08:50:16.100 [main] DEBUG c.i.k.driver.chrome_1752371411986 - >> {"id":11,"sessionId":"60B56135D27872497838622C60201F00","method":"Input.dispatchKeyEvent","params":{"modifiers":0,"type":"keyUp","text":"s","windowsVirtualKeyCode":115}}
08:50:16.106 [nioEventLoopGroup-2-1] DEBUG c.i.k.driver.chrome_1752371411986 - << {"id":11,"result":{},"sessionId":"60B56135D27872497838622C60201F00"}
08:50:16.109 [main] DEBUG c.i.k.driver.chrome_1752371411986 - >> {"id":12,"sessionId":"60B56135D27872497838622C60201F00","method":"Input.dispatchKeyEvent","params":{"modifiers":0,"type":"rawKeyDown","text":"t","windowsVirtualKeyCode":116}}
08:50:16.114 [nioEventLoopGroup-2-1] DEBUG c.i.k.driver.chrome_1752371411986 - << {"id":12,"result":{},"sessionId":"60B56135D27872497838622C60201F00"}
08:50:16.117 [main] DEBUG c.i.k.driver.chrome_1752371411986 - >> {"id":13,"sessionId":"60B56135D27872497838622C60201F00","method":"Input.dispatchKeyEvent","params":{"modifiers":0,"type":"char","text":"t","windowsVirtualKeyCode":116}}
08:50:16.126 [nioEventLoopGroup-2-1] DEBUG c.i.k.driver.chrome_1752371411986 - << {"id":13,"result":{},"sessionId":"60B56135D27872497838622C60201F00"}
08:50:16.129 [main] DEBUG c.i.k.driver.chrome_1752371411986 - >> {"id":14,"sessionId":"60B56135D27872497838622C60201F00","method":"Input.dispatchKeyEvent","params":{"modifiers":0,"type":"keyUp","text":"t","windowsVirtualKeyCode":116}}
08:50:16.134 [nioEventLoopGroup-2-1] DEBUG c.i.k.driver.chrome_1752371411986 - << {"id":14,"result":{},"sessionId":"60B56135D27872497838622C60201F00"}
08:50:16.136 [main] DEBUG c.i.k.driver.chrome_1752371411986 - >> {"id":15,"sessionId":"60B56135D27872497838622C60201F00","method":"Input.dispatchKeyEvent","params":{"modifiers":0,"type":"rawKeyDown","text":"a","windowsVirtualKeyCode":97}}
08:50:16.143 [nioEventLoopGroup-2-1] DEBUG c.i.k.driver.chrome_1752371411986 - << {"id":15,"result":{},"sessionId":"60B56135D27872497838622C60201F00"}
08:50:16.145 [main] DEBUG c.i.k.driver.chrome_1752371411986 - >> {"id":16,"sessionId":"60B56135D27872497838622C60201F00","method":"Input.dispatchKeyEvent","params":{"modifiers":0,"type":"char","text":"a","windowsVirtualKeyCode":97}}
08:50:16.154 [nioEventLoopGroup-2-1] DEBUG c.i.k.driver.chrome_1752371411986 - << {"id":16,"result":{},"sessionId":"60B56135D27872497838622C60201F00"}
08:50:16.158 [main] DEBUG c.i.k.driver.chrome_1752371411986 - >> {"id":17,"sessionId":"60B56135D27872497838622C60201F00","method":"Input.dispatchKeyEvent","params":{"modifiers":0,"type":"keyUp","text":"a","windowsVirtualKeyCode":97}}
08:50:16.161 [nioEventLoopGroup-2-1] DEBUG c.i.k.driver.chrome_1752371411986 - << {"id":17,"result":{},"sessionId":"60B56135D27872497838622C60201F00"}
08:50:16.165 [main] DEBUG c.i.k.driver.chrome_1752371411986 - >> {"id":18,"sessionId":"60B56135D27872497838622C60201F00","method":"Input.dispatchKeyEvent","params":{"modifiers":0,"type":"rawKeyDown","text":"n","windowsVirtualKeyCode":110}}
08:50:16.170 [nioEventLoopGroup-2-1] DEBUG c.i.k.driver.chrome_1752371411986 - << {"id":18,"result":{},"sessionId":"60B56135D27872497838622C60201F00"}
08:50:16.172 [main] DEBUG c.i.k.driver.chrome_1752371411986 - >> {"id":19,"sessionId":"60B56135D27872497838622C60201F00","method":"Input.dispatchKeyEvent","params":{"modifiers":0,"type":"char","text":"n","windowsVirtualKeyCode":110}}
08:50:16.182 [nioEventLoopGroup-2-1] DEBUG c.i.k.driver.chrome_1752371411986 - << {"id":19,"result":{},"sessionId":"60B56135D27872497838622C60201F00"}
08:50:16.185 [main] DEBUG c.i.k.driver.chrome_1752371411986 - >> {"id":20,"sessionId":"60B56135D27872497838622C60201F00","method":"Input.dispatchKeyEvent","params":{"modifiers":0,"type":"keyUp","text":"n","windowsVirtualKeyCode":110}}
08:50:16.192 [nioEventLoopGroup-2-1] DEBUG c.i.k.driver.chrome_1752371411986 - << {"id":20,"result":{},"sessionId":"60B56135D27872497838622C60201F00"}
08:50:16.196 [main] DEBUG c.i.k.driver.chrome_1752371411986 - >> {"id":21,"sessionId":"60B56135D27872497838622C60201F00","method":"Input.dispatchKeyEvent","params":{"modifiers":0,"type":"rawKeyDown","text":"d","windowsVirtualKeyCode":100}}
08:50:16.202 [nioEventLoopGroup-2-1] DEBUG c.i.k.driver.chrome_1752371411986 - << {"id":21,"result":{},"sessionId":"60B56135D27872497838622C60201F00"}
08:50:16.207 [main] DEBUG c.i.k.driver.chrome_1752371411986 - >> {"id":22,"sessionId":"60B56135D27872497838622C60201F00","method":"Input.dispatchKeyEvent","params":{"modifiers":0,"type":"char","text":"d","windowsVirtualKeyCode":100}}
08:50:16.215 [nioEventLoopGroup-2-1] DEBUG c.i.k.driver.chrome_1752371411986 - << {"id":22,"result":{},"sessionId":"60B56135D27872497838622C60201F00"}
08:50:16.219 [main] DEBUG c.i.k.driver.chrome_1752371411986 - >> {"id":23,"sessionId":"60B56135D27872497838622C60201F00","method":"Input.dispatchKeyEvent","params":{"modifiers":0,"type":"keyUp","text":"d","windowsVirtualKeyCode":100}}
08:50:16.224 [nioEventLoopGroup-2-1] DEBUG c.i.k.driver.chrome_1752371411986 - << {"id":23,"result":{},"sessionId":"60B56135D27872497838622C60201F00"}
08:50:16.227 [main] DEBUG c.i.k.driver.chrome_1752371411986 - >> {"id":24,"sessionId":"60B56135D27872497838622C60201F00","method":"Input.dispatchKeyEvent","params":{"modifiers":0,"type":"rawKeyDown","text":"a","windowsVirtualKeyCode":97}}
08:50:16.231 [nioEventLoopGroup-2-1] DEBUG c.i.k.driver.chrome_1752371411986 - << {"id":24,"result":{},"sessionId":"60B56135D27872497838622C60201F00"}
08:50:16.234 [main] DEBUG c.i.k.driver.chrome_1752371411986 - >> {"id":25,"sessionId":"60B56135D27872497838622C60201F00","method":"Input.dispatchKeyEvent","params":{"modifiers":0,"type":"char","text":"a","windowsVirtualKeyCode":97}}
08:50:16.243 [nioEventLoopGroup-2-1] DEBUG c.i.k.driver.chrome_1752371411986 - << {"id":25,"result":{},"sessionId":"60B56135D27872497838622C60201F00"}
08:50:16.247 [main] DEBUG c.i.k.driver.chrome_1752371411986 - >> {"id":26,"sessionId":"60B56135D27872497838622C60201F00","method":"Input.dispatchKeyEvent","params":{"modifiers":0,"type":"keyUp","text":"a","windowsVirtualKeyCode":97}}
08:50:16.250 [nioEventLoopGroup-2-1] DEBUG c.i.k.driver.chrome_1752371411986 - << {"id":26,"result":{},"sessionId":"60B56135D27872497838622C60201F00"}
08:50:16.253 [main] DEBUG c.i.k.driver.chrome_1752371411986 - >> {"id":27,"sessionId":"60B56135D27872497838622C60201F00","method":"Input.dispatchKeyEvent","params":{"modifiers":0,"type":"rawKeyDown","text":"r","windowsVirtualKeyCode":114}}
08:50:16.258 [nioEventLoopGroup-2-1] DEBUG c.i.k.driver.chrome_1752371411986 - << {"id":27,"result":{},"sessionId":"60B56135D27872497838622C60201F00"}
08:50:16.262 [main] DEBUG c.i.k.driver.chrome_1752371411986 - >> {"id":28,"sessionId":"60B56135D27872497838622C60201F00","method":"Input.dispatchKeyEvent","params":{"modifiers":0,"type":"char","text":"r","windowsVirtualKeyCode":114}}
08:50:16.270 [nioEventLoopGroup-2-1] DEBUG c.i.k.driver.chrome_1752371411986 - << {"id":28,"result":{},"sessionId":"60B56135D27872497838622C60201F00"}
08:50:16.272 [main] DEBUG c.i.k.driver.chrome_1752371411986 - >> {"id":29,"sessionId":"60B56135D27872497838622C60201F00","method":"Input.dispatchKeyEvent","params":{"modifiers":0,"type":"keyUp","text":"r","windowsVirtualKeyCode":114}}
08:50:16.279 [nioEventLoopGroup-2-1] DEBUG c.i.k.driver.chrome_1752371411986 - << {"id":29,"result":{},"sessionId":"60B56135D27872497838622C60201F00"}
08:50:16.281 [main] DEBUG c.i.k.driver.chrome_1752371411986 - >> {"id":30,"sessionId":"60B56135D27872497838622C60201F00","method":"Input.dispatchKeyEvent","params":{"modifiers":0,"type":"rawKeyDown","text":"d","windowsVirtualKeyCode":100}}
08:50:16.285 [nioEventLoopGroup-2-1] DEBUG c.i.k.driver.chrome_1752371411986 - << {"id":30,"result":{},"sessionId":"60B56135D27872497838622C60201F00"}
08:50:16.287 [main] DEBUG c.i.k.driver.chrome_1752371411986 - >> {"id":31,"sessionId":"60B56135D27872497838622C60201F00","method":"Input.dispatchKeyEvent","params":{"modifiers":0,"type":"char","text":"d","windowsVirtualKeyCode":100}}
08:50:16.295 [nioEventLoopGroup-2-1] DEBUG c.i.k.driver.chrome_1752371411986 - << {"id":31,"result":{},"sessionId":"60B56135D27872497838622C60201F00"}
08:50:16.298 [main] DEBUG c.i.k.driver.chrome_1752371411986 - >> {"id":32,"sessionId":"60B56135D27872497838622C60201F00","method":"Input.dispatchKeyEvent","params":{"modifiers":0,"type":"keyUp","text":"d","windowsVirtualKeyCode":100}}
08:50:16.302 [nioEventLoopGroup-2-1] DEBUG c.i.k.driver.chrome_1752371411986 - << {"id":32,"result":{},"sessionId":"60B56135D27872497838622C60201F00"}
08:50:16.304 [main] DEBUG c.i.k.driver.chrome_1752371411986 - >> {"id":33,"sessionId":"60B56135D27872497838622C60201F00","method":"Input.dispatchKeyEvent","params":{"modifiers":0,"type":"rawKeyDown","text":"_","windowsVirtualKeyCode":523}}
08:50:16.314 [nioEventLoopGroup-2-1] DEBUG c.i.k.driver.chrome_1752371411986 - << {"id":33,"result":{},"sessionId":"60B56135D27872497838622C60201F00"}
08:50:16.316 [main] DEBUG c.i.k.driver.chrome_1752371411986 - >> {"id":34,"sessionId":"60B56135D27872497838622C60201F00","method":"Input.dispatchKeyEvent","params":{"modifiers":0,"type":"char","text":"_","windowsVirtualKeyCode":523}}
08:50:16.325 [nioEventLoopGroup-2-1] DEBUG c.i.k.driver.chrome_1752371411986 - << {"id":34,"result":{},"sessionId":"60B56135D27872497838622C60201F00"}
08:50:16.330 [main] DEBUG c.i.k.driver.chrome_1752371411986 - >> {"id":35,"sessionId":"60B56135D27872497838622C60201F00","method":"Input.dispatchKeyEvent","params":{"modifiers":0,"type":"keyUp","text":"_","windowsVirtualKeyCode":523}}
08:50:16.334 [nioEventLoopGroup-2-1] DEBUG c.i.k.driver.chrome_1752371411986 - << {"id":35,"result":{},"sessionId":"60B56135D27872497838622C60201F00"}
08:50:16.336 [main] DEBUG c.i.k.driver.chrome_1752371411986 - >> {"id":36,"sessionId":"60B56135D27872497838622C60201F00","method":"Input.dispatchKeyEvent","params":{"modifiers":0,"type":"rawKeyDown","text":"u","windowsVirtualKeyCode":117}}
08:50:16.341 [nioEventLoopGroup-2-1] DEBUG c.i.k.driver.chrome_1752371411986 - << {"id":36,"result":{},"sessionId":"60B56135D27872497838622C60201F00"}
08:50:16.344 [main] DEBUG c.i.k.driver.chrome_1752371411986 - >> {"id":37,"sessionId":"60B56135D27872497838622C60201F00","method":"Input.dispatchKeyEvent","params":{"modifiers":0,"type":"char","text":"u","windowsVirtualKeyCode":117}}
08:50:16.351 [nioEventLoopGroup-2-1] DEBUG c.i.k.driver.chrome_1752371411986 - << {"id":37,"result":{},"sessionId":"60B56135D27872497838622C60201F00"}
08:50:16.354 [main] DEBUG c.i.k.driver.chrome_1752371411986 - >> {"id":38,"sessionId":"60B56135D27872497838622C60201F00","method":"Input.dispatchKeyEvent","params":{"modifiers":0,"type":"keyUp","text":"u","windowsVirtualKeyCode":117}}
08:50:16.359 [nioEventLoopGroup-2-1] DEBUG c.i.k.driver.chrome_1752371411986 - << {"id":38,"result":{},"sessionId":"60B56135D27872497838622C60201F00"}
08:50:16.361 [main] DEBUG c.i.k.driver.chrome_1752371411986 - >> {"id":39,"sessionId":"60B56135D27872497838622C60201F00","method":"Input.dispatchKeyEvent","params":{"modifiers":0,"type":"rawKeyDown","text":"s","windowsVirtualKeyCode":115}}
08:50:16.365 [nioEventLoopGroup-2-1] DEBUG c.i.k.driver.chrome_1752371411986 - << {"id":39,"result":{},"sessionId":"60B56135D27872497838622C60201F00"}
08:50:16.367 [main] DEBUG c.i.k.driver.chrome_1752371411986 - >> {"id":40,"sessionId":"60B56135D27872497838622C60201F00","method":"Input.dispatchKeyEvent","params":{"modifiers":0,"type":"char","text":"s","windowsVirtualKeyCode":115}}
08:50:16.374 [nioEventLoopGroup-2-1] DEBUG c.i.k.driver.chrome_1752371411986 - << {"id":40,"result":{},"sessionId":"60B56135D27872497838622C60201F00"}
08:50:16.378 [main] DEBUG c.i.k.driver.chrome_1752371411986 - >> {"id":41,"sessionId":"60B56135D27872497838622C60201F00","method":"Input.dispatchKeyEvent","params":{"modifiers":0,"type":"keyUp","text":"s","windowsVirtualKeyCode":115}}
08:50:16.382 [nioEventLoopGroup-2-1] DEBUG c.i.k.driver.chrome_1752371411986 - << {"id":41,"result":{},"sessionId":"60B56135D27872497838622C60201F00"}
08:50:16.384 [main] DEBUG c.i.k.driver.chrome_1752371411986 - >> {"id":42,"sessionId":"60B56135D27872497838622C60201F00","method":"Input.dispatchKeyEvent","params":{"modifiers":0,"type":"rawKeyDown","text":"e","windowsVirtualKeyCode":101}}
08:50:16.388 [nioEventLoopGroup-2-1] DEBUG c.i.k.driver.chrome_1752371411986 - << {"id":42,"result":{},"sessionId":"60B56135D27872497838622C60201F00"}
08:50:16.391 [main] DEBUG c.i.k.driver.chrome_1752371411986 - >> {"id":43,"sessionId":"60B56135D27872497838622C60201F00","method":"Input.dispatchKeyEvent","params":{"modifiers":0,"type":"char","text":"e","windowsVirtualKeyCode":101}}
08:50:16.399 [nioEventLoopGroup-2-1] DEBUG c.i.k.driver.chrome_1752371411986 - << {"id":43,"result":{},"sessionId":"60B56135D27872497838622C60201F00"}
08:50:16.402 [main] DEBUG c.i.k.driver.chrome_1752371411986 - >> {"id":44,"sessionId":"60B56135D27872497838622C60201F00","method":"Input.dispatchKeyEvent","params":{"modifiers":0,"type":"keyUp","text":"e","windowsVirtualKeyCode":101}}
08:50:16.406 [nioEventLoopGroup-2-1] DEBUG c.i.k.driver.chrome_1752371411986 - << {"id":44,"result":{},"sessionId":"60B56135D27872497838622C60201F00"}
08:50:16.408 [main] DEBUG c.i.k.driver.chrome_1752371411986 - >> {"id":45,"sessionId":"60B56135D27872497838622C60201F00","method":"Input.dispatchKeyEvent","params":{"modifiers":0,"type":"rawKeyDown","text":"r","windowsVirtualKeyCode":114}}
08:50:16.413 [nioEventLoopGroup-2-1] DEBUG c.i.k.driver.chrome_1752371411986 - << {"id":45,"result":{},"sessionId":"60B56135D27872497838622C60201F00"}
08:50:16.414 [main] DEBUG c.i.k.driver.chrome_1752371411986 - >> {"id":46,"sessionId":"60B56135D27872497838622C60201F00","method":"Input.dispatchKeyEvent","params":{"modifiers":0,"type":"char","text":"r","windowsVirtualKeyCode":114}}
08:50:16.421 [nioEventLoopGroup-2-1] DEBUG c.i.k.driver.chrome_1752371411986 - << {"id":46,"result":{},"sessionId":"60B56135D27872497838622C60201F00"}
08:50:16.425 [main] DEBUG c.i.k.driver.chrome_1752371411986 - >> {"id":47,"sessionId":"60B56135D27872497838622C60201F00","method":"Input.dispatchKeyEvent","params":{"modifiers":0,"type":"keyUp","text":"r","windowsVirtualKeyCode":114}}
08:50:16.429 [nioEventLoopGroup-2-1] DEBUG c.i.k.driver.chrome_1752371411986 - << {"id":47,"result":{},"sessionId":"60B56135D27872497838622C60201F00"}
08:50:16.440 [main] DEBUG c.i.k.driver.chrome_1752371411986 - >> {"id":48,"sessionId":"60B56135D27872497838622C60201F00","method":"Runtime.evaluate","params":{"expression":"var e = document.evaluate(\"\/\/*[@id='password']\", document, null, 9, null).singleNodeValue; e.focus(); try { e.selectionStart = e.selectionEnd = e.value.length } catch(x) {}","returnByValue":true}}
08:50:16.446 [nioEventLoopGroup-2-1] DEBUG c.i.k.driver.chrome_1752371411986 - << {"id":48,"result":{"result":{"type":"number","value":0,"description":"0"}},"sessionId":"60B56135D27872497838622C60201F00"}
08:50:16.448 [main] DEBUG c.i.k.driver.chrome_1752371411986 - >> {"id":49,"sessionId":"60B56135D27872497838622C60201F00","method":"Input.dispatchKeyEvent","params":{"modifiers":0,"type":"rawKeyDown","text":"s","windowsVirtualKeyCode":115}}
08:50:16.452 [nioEventLoopGroup-2-1] DEBUG c.i.k.driver.chrome_1752371411986 - << {"id":49,"result":{},"sessionId":"60B56135D27872497838622C60201F00"}
08:50:16.454 [main] DEBUG c.i.k.driver.chrome_1752371411986 - >> {"id":50,"sessionId":"60B56135D27872497838622C60201F00","method":"Input.dispatchKeyEvent","params":{"modifiers":0,"type":"char","text":"s","windowsVirtualKeyCode":115}}
08:50:16.462 [nioEventLoopGroup-2-1] DEBUG c.i.k.driver.chrome_1752371411986 - << {"id":50,"result":{},"sessionId":"60B56135D27872497838622C60201F00"}
08:50:16.467 [main] DEBUG c.i.k.driver.chrome_1752371411986 - >> {"id":51,"sessionId":"60B56135D27872497838622C60201F00","method":"Input.dispatchKeyEvent","params":{"modifiers":0,"type":"keyUp","text":"s","windowsVirtualKeyCode":115}}
08:50:16.470 [nioEventLoopGroup-2-1] DEBUG c.i.k.driver.chrome_1752371411986 - << {"id":51,"result":{},"sessionId":"60B56135D27872497838622C60201F00"}
08:50:16.472 [main] DEBUG c.i.k.driver.chrome_1752371411986 - >> {"id":52,"sessionId":"60B56135D27872497838622C60201F00","method":"Input.dispatchKeyEvent","params":{"modifiers":0,"type":"rawKeyDown","text":"e","windowsVirtualKeyCode":101}}
08:50:16.476 [nioEventLoopGroup-2-1] DEBUG c.i.k.driver.chrome_1752371411986 - << {"id":52,"result":{},"sessionId":"60B56135D27872497838622C60201F00"}
08:50:16.477 [main] DEBUG c.i.k.driver.chrome_1752371411986 - >> {"id":53,"sessionId":"60B56135D27872497838622C60201F00","method":"Input.dispatchKeyEvent","params":{"modifiers":0,"type":"char","text":"e","windowsVirtualKeyCode":101}}
08:50:16.487 [nioEventLoopGroup-2-1] DEBUG c.i.k.driver.chrome_1752371411986 - << {"id":53,"result":{},"sessionId":"60B56135D27872497838622C60201F00"}
08:50:16.491 [main] DEBUG c.i.k.driver.chrome_1752371411986 - >> {"id":54,"sessionId":"60B56135D27872497838622C60201F00","method":"Input.dispatchKeyEvent","params":{"modifiers":0,"type":"keyUp","text":"e","windowsVirtualKeyCode":101}}
08:50:16.494 [nioEventLoopGroup-2-1] DEBUG c.i.k.driver.chrome_1752371411986 - << {"id":54,"result":{},"sessionId":"60B56135D27872497838622C60201F00"}
08:50:16.495 [main] DEBUG c.i.k.driver.chrome_1752371411986 - >> {"id":55,"sessionId":"60B56135D27872497838622C60201F00","method":"Input.dispatchKeyEvent","params":{"modifiers":0,"type":"rawKeyDown","text":"c","windowsVirtualKeyCode":99}}
08:50:16.499 [nioEventLoopGroup-2-1] DEBUG c.i.k.driver.chrome_1752371411986 - << {"id":55,"result":{},"sessionId":"60B56135D27872497838622C60201F00"}
08:50:16.501 [main] DEBUG c.i.k.driver.chrome_1752371411986 - >> {"id":56,"sessionId":"60B56135D27872497838622C60201F00","method":"Input.dispatchKeyEvent","params":{"modifiers":0,"type":"char","text":"c","windowsVirtualKeyCode":99}}
08:50:16.506 [nioEventLoopGroup-2-1] DEBUG c.i.k.driver.chrome_1752371411986 - << {"id":56,"result":{},"sessionId":"60B56135D27872497838622C60201F00"}
08:50:16.509 [main] DEBUG c.i.k.driver.chrome_1752371411986 - >> {"id":57,"sessionId":"60B56135D27872497838622C60201F00","method":"Input.dispatchKeyEvent","params":{"modifiers":0,"type":"keyUp","text":"c","windowsVirtualKeyCode":99}}
08:50:16.513 [nioEventLoopGroup-2-1] DEBUG c.i.k.driver.chrome_1752371411986 - << {"id":57,"result":{},"sessionId":"60B56135D27872497838622C60201F00"}
08:50:16.515 [main] DEBUG c.i.k.driver.chrome_1752371411986 - >> {"id":58,"sessionId":"60B56135D27872497838622C60201F00","method":"Input.dispatchKeyEvent","params":{"modifiers":0,"type":"rawKeyDown","text":"r","windowsVirtualKeyCode":114}}
08:50:16.519 [nioEventLoopGroup-2-1] DEBUG c.i.k.driver.chrome_1752371411986 - << {"id":58,"result":{},"sessionId":"60B56135D27872497838622C60201F00"}
08:50:16.520 [main] DEBUG c.i.k.driver.chrome_1752371411986 - >> {"id":59,"sessionId":"60B56135D27872497838622C60201F00","method":"Input.dispatchKeyEvent","params":{"modifiers":0,"type":"char","text":"r","windowsVirtualKeyCode":114}}
08:50:16.526 [nioEventLoopGroup-2-1] DEBUG c.i.k.driver.chrome_1752371411986 - << {"id":59,"result":{},"sessionId":"60B56135D27872497838622C60201F00"}
08:50:16.528 [main] DEBUG c.i.k.driver.chrome_1752371411986 - >> {"id":60,"sessionId":"60B56135D27872497838622C60201F00","method":"Input.dispatchKeyEvent","params":{"modifiers":0,"type":"keyUp","text":"r","windowsVirtualKeyCode":114}}
08:50:16.532 [nioEventLoopGroup-2-1] DEBUG c.i.k.driver.chrome_1752371411986 - << {"id":60,"result":{},"sessionId":"60B56135D27872497838622C60201F00"}
08:50:16.533 [main] DEBUG c.i.k.driver.chrome_1752371411986 - >> {"id":61,"sessionId":"60B56135D27872497838622C60201F00","method":"Input.dispatchKeyEvent","params":{"modifiers":0,"type":"rawKeyDown","text":"e","windowsVirtualKeyCode":101}}
08:50:16.536 [nioEventLoopGroup-2-1] DEBUG c.i.k.driver.chrome_1752371411986 - << {"id":61,"result":{},"sessionId":"60B56135D27872497838622C60201F00"}
08:50:16.537 [main] DEBUG c.i.k.driver.chrome_1752371411986 - >> {"id":62,"sessionId":"60B56135D27872497838622C60201F00","method":"Input.dispatchKeyEvent","params":{"modifiers":0,"type":"char","text":"e","windowsVirtualKeyCode":101}}
08:50:16.543 [nioEventLoopGroup-2-1] DEBUG c.i.k.driver.chrome_1752371411986 - << {"id":62,"result":{},"sessionId":"60B56135D27872497838622C60201F00"}
08:50:16.546 [main] DEBUG c.i.k.driver.chrome_1752371411986 - >> {"id":63,"sessionId":"60B56135D27872497838622C60201F00","method":"Input.dispatchKeyEvent","params":{"modifiers":0,"type":"keyUp","text":"e","windowsVirtualKeyCode":101}}
08:50:16.549 [nioEventLoopGroup-2-1] DEBUG c.i.k.driver.chrome_1752371411986 - << {"id":63,"result":{},"sessionId":"60B56135D27872497838622C60201F00"}
08:50:16.552 [main] DEBUG c.i.k.driver.chrome_1752371411986 - >> {"id":64,"sessionId":"60B56135D27872497838622C60201F00","method":"Input.dispatchKeyEvent","params":{"modifiers":0,"type":"rawKeyDown","text":"t","windowsVirtualKeyCode":116}}
08:50:16.559 [nioEventLoopGroup-2-1] DEBUG c.i.k.driver.chrome_1752371411986 - << {"id":64,"result":{},"sessionId":"60B56135D27872497838622C60201F00"}
08:50:16.559 [chrome_1752371411986-out] DEBUG c.i.k.driver.chrome_1752371411986 - WARNING: All log messages before absl::InitializeLog() is called are written to STDERR
08:50:16.559 [chrome_1752371411986-out] DEBUG c.i.k.driver.chrome_1752371411986 - I0000 00:00:1752371416.558981    5744 voice_transcription.cc:58] Registering VoiceTranscriptionCapability
08:50:16.561 [main] DEBUG c.i.k.driver.chrome_1752371411986 - >> {"id":65,"sessionId":"60B56135D27872497838622C60201F00","method":"Input.dispatchKeyEvent","params":{"modifiers":0,"type":"char","text":"t","windowsVirtualKeyCode":116}}
08:50:16.569 [nioEventLoopGroup-2-1] DEBUG c.i.k.driver.chrome_1752371411986 - << {"id":65,"result":{},"sessionId":"60B56135D27872497838622C60201F00"}
08:50:16.575 [main] DEBUG c.i.k.driver.chrome_1752371411986 - >> {"id":66,"sessionId":"60B56135D27872497838622C60201F00","method":"Input.dispatchKeyEvent","params":{"modifiers":0,"type":"keyUp","text":"t","windowsVirtualKeyCode":116}}
08:50:16.578 [nioEventLoopGroup-2-1] DEBUG c.i.k.driver.chrome_1752371411986 - << {"id":66,"result":{},"sessionId":"60B56135D27872497838622C60201F00"}
08:50:16.580 [main] DEBUG c.i.k.driver.chrome_1752371411986 - >> {"id":67,"sessionId":"60B56135D27872497838622C60201F00","method":"Input.dispatchKeyEvent","params":{"modifiers":0,"type":"rawKeyDown","text":"_","windowsVirtualKeyCode":523}}
08:50:16.584 [nioEventLoopGroup-2-1] DEBUG c.i.k.driver.chrome_1752371411986 - << {"id":67,"result":{},"sessionId":"60B56135D27872497838622C60201F00"}
08:50:16.585 [main] DEBUG c.i.k.driver.chrome_1752371411986 - >> {"id":68,"sessionId":"60B56135D27872497838622C60201F00","method":"Input.dispatchKeyEvent","params":{"modifiers":0,"type":"char","text":"_","windowsVirtualKeyCode":523}}
08:50:16.591 [nioEventLoopGroup-2-1] DEBUG c.i.k.driver.chrome_1752371411986 - << {"id":68,"result":{},"sessionId":"60B56135D27872497838622C60201F00"}
08:50:16.595 [main] DEBUG c.i.k.driver.chrome_1752371411986 - >> {"id":69,"sessionId":"60B56135D27872497838622C60201F00","method":"Input.dispatchKeyEvent","params":{"modifiers":0,"type":"keyUp","text":"_","windowsVirtualKeyCode":523}}
08:50:16.598 [nioEventLoopGroup-2-1] DEBUG c.i.k.driver.chrome_1752371411986 - << {"id":69,"result":{},"sessionId":"60B56135D27872497838622C60201F00"}
08:50:16.600 [main] DEBUG c.i.k.driver.chrome_1752371411986 - >> {"id":70,"sessionId":"60B56135D27872497838622C60201F00","method":"Input.dispatchKeyEvent","params":{"modifiers":0,"type":"rawKeyDown","text":"s","windowsVirtualKeyCode":115}}
08:50:16.603 [nioEventLoopGroup-2-1] DEBUG c.i.k.driver.chrome_1752371411986 - << {"id":70,"result":{},"sessionId":"60B56135D27872497838622C60201F00"}
08:50:16.606 [main] DEBUG c.i.k.driver.chrome_1752371411986 - >> {"id":71,"sessionId":"60B56135D27872497838622C60201F00","method":"Input.dispatchKeyEvent","params":{"modifiers":0,"type":"char","text":"s","windowsVirtualKeyCode":115}}
08:50:16.612 [nioEventLoopGroup-2-1] DEBUG c.i.k.driver.chrome_1752371411986 - << {"id":71,"result":{},"sessionId":"60B56135D27872497838622C60201F00"}
08:50:16.615 [main] DEBUG c.i.k.driver.chrome_1752371411986 - >> {"id":72,"sessionId":"60B56135D27872497838622C60201F00","method":"Input.dispatchKeyEvent","params":{"modifiers":0,"type":"keyUp","text":"s","windowsVirtualKeyCode":115}}
08:50:16.618 [nioEventLoopGroup-2-1] DEBUG c.i.k.driver.chrome_1752371411986 - << {"id":72,"result":{},"sessionId":"60B56135D27872497838622C60201F00"}
08:50:16.620 [main] DEBUG c.i.k.driver.chrome_1752371411986 - >> {"id":73,"sessionId":"60B56135D27872497838622C60201F00","method":"Input.dispatchKeyEvent","params":{"modifiers":0,"type":"rawKeyDown","text":"a","windowsVirtualKeyCode":97}}
08:50:16.623 [nioEventLoopGroup-2-1] DEBUG c.i.k.driver.chrome_1752371411986 - << {"id":73,"result":{},"sessionId":"60B56135D27872497838622C60201F00"}
08:50:16.625 [main] DEBUG c.i.k.driver.chrome_1752371411986 - >> {"id":74,"sessionId":"60B56135D27872497838622C60201F00","method":"Input.dispatchKeyEvent","params":{"modifiers":0,"type":"char","text":"a","windowsVirtualKeyCode":97}}
08:50:16.630 [nioEventLoopGroup-2-1] DEBUG c.i.k.driver.chrome_1752371411986 - << {"id":74,"result":{},"sessionId":"60B56135D27872497838622C60201F00"}
08:50:16.636 [main] DEBUG c.i.k.driver.chrome_1752371411986 - >> {"id":75,"sessionId":"60B56135D27872497838622C60201F00","method":"Input.dispatchKeyEvent","params":{"modifiers":0,"type":"keyUp","text":"a","windowsVirtualKeyCode":97}}
08:50:16.640 [nioEventLoopGroup-2-1] DEBUG c.i.k.driver.chrome_1752371411986 - << {"id":75,"result":{},"sessionId":"60B56135D27872497838622C60201F00"}
08:50:16.642 [main] DEBUG c.i.k.driver.chrome_1752371411986 - >> {"id":76,"sessionId":"60B56135D27872497838622C60201F00","method":"Input.dispatchKeyEvent","params":{"modifiers":0,"type":"rawKeyDown","text":"u","windowsVirtualKeyCode":117}}
08:50:16.647 [nioEventLoopGroup-2-1] DEBUG c.i.k.driver.chrome_1752371411986 - << {"id":76,"result":{},"sessionId":"60B56135D27872497838622C60201F00"}
08:50:16.648 [main] DEBUG c.i.k.driver.chrome_1752371411986 - >> {"id":77,"sessionId":"60B56135D27872497838622C60201F00","method":"Input.dispatchKeyEvent","params":{"modifiers":0,"type":"char","text":"u","windowsVirtualKeyCode":117}}
08:50:16.654 [nioEventLoopGroup-2-1] DEBUG c.i.k.driver.chrome_1752371411986 - << {"id":77,"result":{},"sessionId":"60B56135D27872497838622C60201F00"}
08:50:16.656 [main] DEBUG c.i.k.driver.chrome_1752371411986 - >> {"id":78,"sessionId":"60B56135D27872497838622C60201F00","method":"Input.dispatchKeyEvent","params":{"modifiers":0,"type":"keyUp","text":"u","windowsVirtualKeyCode":117}}
08:50:16.660 [nioEventLoopGroup-2-1] DEBUG c.i.k.driver.chrome_1752371411986 - << {"id":78,"result":{},"sessionId":"60B56135D27872497838622C60201F00"}
08:50:16.661 [main] DEBUG c.i.k.driver.chrome_1752371411986 - >> {"id":79,"sessionId":"60B56135D27872497838622C60201F00","method":"Input.dispatchKeyEvent","params":{"modifiers":0,"type":"rawKeyDown","text":"c","windowsVirtualKeyCode":99}}
08:50:16.665 [nioEventLoopGroup-2-1] DEBUG c.i.k.driver.chrome_1752371411986 - << {"id":79,"result":{},"sessionId":"60B56135D27872497838622C60201F00"}
08:50:16.666 [main] DEBUG c.i.k.driver.chrome_1752371411986 - >> {"id":80,"sessionId":"60B56135D27872497838622C60201F00","method":"Input.dispatchKeyEvent","params":{"modifiers":0,"type":"char","text":"c","windowsVirtualKeyCode":99}}
08:50:16.672 [nioEventLoopGroup-2-1] DEBUG c.i.k.driver.chrome_1752371411986 - << {"id":80,"result":{},"sessionId":"60B56135D27872497838622C60201F00"}
08:50:16.675 [main] DEBUG c.i.k.driver.chrome_1752371411986 - >> {"id":81,"sessionId":"60B56135D27872497838622C60201F00","method":"Input.dispatchKeyEvent","params":{"modifiers":0,"type":"keyUp","text":"c","windowsVirtualKeyCode":99}}
08:50:16.678 [nioEventLoopGroup-2-1] DEBUG c.i.k.driver.chrome_1752371411986 - << {"id":81,"result":{},"sessionId":"60B56135D27872497838622C60201F00"}
08:50:16.680 [main] DEBUG c.i.k.driver.chrome_1752371411986 - >> {"id":82,"sessionId":"60B56135D27872497838622C60201F00","method":"Input.dispatchKeyEvent","params":{"modifiers":0,"type":"rawKeyDown","text":"e","windowsVirtualKeyCode":101}}
08:50:16.683 [nioEventLoopGroup-2-1] DEBUG c.i.k.driver.chrome_1752371411986 - << {"id":82,"result":{},"sessionId":"60B56135D27872497838622C60201F00"}
08:50:16.685 [main] DEBUG c.i.k.driver.chrome_1752371411986 - >> {"id":83,"sessionId":"60B56135D27872497838622C60201F00","method":"Input.dispatchKeyEvent","params":{"modifiers":0,"type":"char","text":"e","windowsVirtualKeyCode":101}}
08:50:16.690 [nioEventLoopGroup-2-1] DEBUG c.i.k.driver.chrome_1752371411986 - << {"id":83,"result":{},"sessionId":"60B56135D27872497838622C60201F00"}
08:50:16.694 [main] DEBUG c.i.k.driver.chrome_1752371411986 - >> {"id":84,"sessionId":"60B56135D27872497838622C60201F00","method":"Input.dispatchKeyEvent","params":{"modifiers":0,"type":"keyUp","text":"e","windowsVirtualKeyCode":101}}
08:50:16.697 [nioEventLoopGroup-2-1] DEBUG c.i.k.driver.chrome_1752371411986 - << {"id":84,"result":{},"sessionId":"60B56135D27872497838622C60201F00"}
08:50:16.703 [main] DEBUG c.i.k.driver.chrome_1752371411986 - >> {"id":85,"sessionId":"60B56135D27872497838622C60201F00","method":"Runtime.evaluate","params":{"expression":"document.evaluate(\"\/\/*[@id='login-button']\", document, null, 9, null).singleNodeValue.click()","returnByValue":true}}
08:50:16.713 [nioEventLoopGroup-2-1] DEBUG c.i.k.driver.chrome_1752371411986 - << {"method":"Page.frameStartedLoading","params":{"frameId":"BBF93B2B4D5D3BE89B5E9A61ADCFD8B2"},"sessionId":"60B56135D27872497838622C60201F00"}
08:50:16.722 [nioEventLoopGroup-2-1] DEBUG c.i.k.driver.chrome_1752371411986 - << {"method":"Target.targetInfoChanged","params":{"targetInfo":{"targetId":"BBF93B2B4D5D3BE89B5E9A61ADCFD8B2","type":"page","title":"Swag Labs","url":"https://www.saucedemo.com/inventory.html","attached":true,"canAccessOpener":false,"browserContextId":"FE02727F5A1443356FEA5D63B90C5B1A"}},"sessionId":"60B56135D27872497838622C60201F00"}
08:50:16.724 [nioEventLoopGroup-2-1] DEBUG c.i.k.driver.chrome_1752371411986 - << {"method":"Page.navigatedWithinDocument","params":{"frameId":"BBF93B2B4D5D3BE89B5E9A61ADCFD8B2","url":"https://www.saucedemo.com/inventory.html","navigationType":"historyApi"},"sessionId":"60B56135D27872497838622C60201F00"}
08:50:16.725 [nioEventLoopGroup-2-1] DEBUG c.i.k.driver.chrome_1752371411986 - << {"method":"Page.frameStoppedLoading","params":{"frameId":"BBF93B2B4D5D3BE89B5E9A61ADCFD8B2"},"sessionId":"60B56135D27872497838622C60201F00"}
08:50:16.745 [nioEventLoopGroup-2-1] DEBUG c.i.k.driver.chrome_1752371411986 - << {"id":85,"result":{"result":{"type":"undefined"}},"sessionId":"60B56135D27872497838622C60201F00"}
08:50:16.853 [nioEventLoopGroup-2-1] DEBUG c.i.k.driver.chrome_1752371411986 - << {"method":"Runtime.consoleAPICalled","params":{"type":"log","args":[{"type":"string","value":"Content is cached for offline use."}],"executionContextId":1,"timestamp":1.75237141685099e+12,"stackTrace":{"callFrames":[{"functionName":"console.<computed>","scriptId":"6","url":"https://www.saucedemo.com/static/js/2.84a5cbf3.chunk.js","lineNumber":1,"columnNumber":123015},{"functionName":"a.onstatechange","scriptId":"7","url":"https://www.saucedemo.com/static/js/main.018d2d1e.chunk.js","lineNumber":0,"columnNumber":58496}]}},"sessionId":"60B56135D27872497838622C60201F00"}
08:50:16.856 [nioEventLoopGroup-2-1] DEBUG c.i.k.driver.chrome_1752371411986 - [console] Content is cached for offline use.
08:50:16.872 [main] INFO  c.intuit.karate.core.FeatureRuntime - classpath:UI/HomePageUI/HomePage.feature - call by tag at line 25: action_addProductToCart
08:50:16.946 [main] DEBUG c.intuit.karate.core.ScenarioEngine - over-writing existing variable 'homePage' with new value: read('classpath:UI/HomePageUI/saucedemo-HomePage.json')
08:50:17.250 [main] DEBUG c.i.k.driver.chrome_1752371411986 - >> {"id":86,"sessionId":"60B56135D27872497838622C60201F00","method":"Runtime.evaluate","params":{"expression":"document.evaluate(\"\/\/*[@id='add-to-cart-sauce-labs-backpack']\", document, null, 9, null).singleNodeValue.click()","returnByValue":true}}
08:50:17.256 [nioEventLoopGroup-2-1] DEBUG c.i.k.driver.chrome_1752371411986 - << {"id":86,"result":{"result":{"type":"undefined"}},"sessionId":"60B56135D27872497838622C60201F00"}
08:50:17.355 [main] DEBUG c.i.k.driver.chrome_1752371411986 - >> {"id":87,"sessionId":"60B56135D27872497838622C60201F00","method":"Runtime.evaluate","params":{"expression":"document.querySelector(\"#shopping_cart_container .shopping_cart_badge\")['textContent']","returnByValue":true}}
08:50:17.358 [nioEventLoopGroup-2-1] DEBUG c.i.k.driver.chrome_1752371411986 - << {"id":87,"result":{"result":{"type":"string","value":"1"}},"sessionId":"60B56135D27872497838622C60201F00"}
08:50:17.401 [main] DEBUG c.i.k.driver.chrome_1752371411986 - >> {"id":88,"sessionId":"60B56135D27872497838622C60201F00","method":"Target.closeTarget","params":{"targetId":"BBF93B2B4D5D3BE89B5E9A61ADCFD8B2"}}
08:50:17.403 [nioEventLoopGroup-2-1] DEBUG c.i.k.driver.chrome_1752371411986 - << {"id":88,"result":{"success":true},"sessionId":"60B56135D27872497838622C60201F00"}
08:50:17.409 [nioEventLoopGroup-2-1] DEBUG c.i.k.http.WebSocketClientHandler - websocket closing
08:50:17.412 [nioEventLoopGroup-2-1] DEBUG c.i.k.http.WebSocketClientHandler - websocket client disconnected
08:50:17.417 [main] DEBUG com.intuit.karate.shell.Command - closing command: chrome_1752371411986
08:50:17.471 [main] INFO  com.intuit.karate - karate.env system property was: null 
08:50:17.479 [main] DEBUG com.intuit.karate.shell.Command - found / verified free local port: 53624
08:50:17.480 [main] WARN  c.intuit.karate.driver.DriverOptions - preferred port 9222 not available, will use: 53624
08:50:17.483 [main] DEBUG c.i.k.driver.chrome_1752371417478 - poll attempt #0 for port to be ready - localhost:53624
08:50:17.487 [chrome_1752371417478] DEBUG c.i.k.driver.chrome_1752371417478 - command: [C:\Program Files\Google\Chrome\Application\chrome.exe, --remote-debugging-port=53624, --remote-allow-origins=*, --no-first-run, --user-data-dir=E:\Duy\Projects\practices\karate_framework\demo\target\chrome_1752371417478, --disable-popup-blocking, --disable-features=PasswordManager, --incognito], working dir: target\chrome_1752371417478
08:50:17.611 [chrome_1752371411986] WARN  com.intuit.karate.shell.Command - exit code was non-zero: 1 - [C:\Program Files\Google\Chrome\Application\chrome.exe, --remote-debugging-port=9222, --remote-allow-origins=*, --no-first-run, --user-data-dir=E:\Duy\Projects\practices\karate_framework\demo\target\chrome_1752371411986, --disable-popup-blocking, --disable-features=PasswordManager, --incognito] working dir: target\chrome_1752371411986
08:50:17.736 [main] DEBUG c.i.k.driver.chrome_1752371417478 - poll attempt #1 for port to be ready - localhost:53624
08:50:17.878 [chrome_1752371417478-out] DEBUG c.i.k.driver.chrome_1752371417478 - 
08:50:17.878 [chrome_1752371417478-out] DEBUG c.i.k.driver.chrome_1752371417478 - DevTools listening on ws://127.0.0.1:53624/devtools/browser/d83fba2c-affb-41df-8f44-70dc01c2bc50
08:50:17.990 [main] DEBUG c.i.k.driver.chrome_1752371417478 - poll attempt #2 for port to be ready - localhost:53624
08:50:18.041 [main] DEBUG com.intuit.karate - request:
1 > GET http://localhost:53624/json
1 > Host: localhost:53624
1 > Connection: Keep-Alive
1 > User-Agent: Apache-HttpClient/4.5.14 (Java/21.0.7)
1 > Accept-Encoding: gzip,deflate


08:50:18.102 [main] DEBUG com.intuit.karate - response time in milliseconds: 60
1 < 200
1 < Content-Security-Policy: frame-ancestors 'none'
1 < Content-Length: 1430
1 < Content-Type: application/json; charset=UTF-8
[ {
   "description": "",
   "devtoolsFrontendUrl": "https://chrome-devtools-frontend.appspot.com/serve_rev/@a2159ad9ab8037bd34a21b9903003e0964c2075b/inspector.html?ws=localhost:53624/devtools/page/F9AC74D94884ACC3DEEEC2CCAB5700DD",
   "id": "F9AC74D94884ACC3DEEEC2CCAB5700DD",
   "title": "Google Hangouts",
   "type": "background_page",
   "url": "chrome-extension://nkeimhogjdpnpccoofpliimaahmaaome/background.html",
   "webSocketDebuggerUrl": "ws://localhost:53624/devtools/page/F9AC74D94884ACC3DEEEC2CCAB5700DD"
}, {
   "description": "",
   "devtoolsFrontendUrl": "https://chrome-devtools-frontend.appspot.com/serve_rev/@a2159ad9ab8037bd34a21b9903003e0964c2075b/inspector.html?ws=localhost:53624/devtools/page/8943A661C9C4661625D673815B0E5C5B",
   "id": "8943A661C9C4661625D673815B0E5C5B",
   "title": "",
   "type": "other",
   "url": "",
   "webSocketDebuggerUrl": "ws://localhost:53624/devtools/page/8943A661C9C4661625D673815B0E5C5B"
}, {
   "description": "",
   "devtoolsFrontendUrl": "https://chrome-devtools-frontend.appspot.com/serve_rev/@a2159ad9ab8037bd34a21b9903003e0964c2075b/inspector.html?ws=localhost:53624/devtools/page/EE65992284441BF945A544EAECC2FB05",
   "id": "EE65992284441BF945A544EAECC2FB05",
   "title": "New Incognito Tab",
   "type": "page",
   "url": "chrome://newtab/",
   "webSocketDebuggerUrl": "ws://localhost:53624/devtools/page/EE65992284441BF945A544EAECC2FB05"
} ]


08:50:18.106 [main] DEBUG com.intuit.karate.shell.Command - ready to accept http connections after 92 ms - http://localhost:53624/json
08:50:18.107 [main] DEBUG com.intuit.karate - request:
1 > GET http://localhost:53624/json
1 > Host: localhost:53624
1 > Connection: Keep-Alive
1 > User-Agent: Apache-HttpClient/4.5.14 (Java/21.0.7)
1 > Accept-Encoding: gzip,deflate


08:50:18.136 [main] DEBUG com.intuit.karate - response time in milliseconds: 28
1 < 200
1 < Content-Security-Policy: frame-ancestors 'none'
1 < Content-Length: 1522
1 < Content-Type: application/json; charset=UTF-8
[ {
   "description": "",
   "devtoolsFrontendUrl": "https://chrome-devtools-frontend.appspot.com/serve_rev/@a2159ad9ab8037bd34a21b9903003e0964c2075b/inspector.html?ws=localhost:53624/devtools/page/F9AC74D94884ACC3DEEEC2CCAB5700DD",
   "id": "F9AC74D94884ACC3DEEEC2CCAB5700DD",
   "title": "Google Hangouts",
   "type": "background_page",
   "url": "chrome-extension://nkeimhogjdpnpccoofpliimaahmaaome/background.html",
   "webSocketDebuggerUrl": "ws://localhost:53624/devtools/page/F9AC74D94884ACC3DEEEC2CCAB5700DD"
}, {
   "description": "",
   "devtoolsFrontendUrl": "https://chrome-devtools-frontend.appspot.com/serve_rev/@a2159ad9ab8037bd34a21b9903003e0964c2075b/inspector.html?ws=localhost:53624/devtools/page/8943A661C9C4661625D673815B0E5C5B",
   "id": "8943A661C9C4661625D673815B0E5C5B",
   "title": "Google Hangouts",
   "type": "background_page",
   "url": "chrome-extension://nkeimhogjdpnpccoofpliimaahmaaome/background.html",
   "webSocketDebuggerUrl": "ws://localhost:53624/devtools/page/8943A661C9C4661625D673815B0E5C5B"
}, {
   "description": "",
   "devtoolsFrontendUrl": "https://chrome-devtools-frontend.appspot.com/serve_rev/@a2159ad9ab8037bd34a21b9903003e0964c2075b/inspector.html?ws=localhost:53624/devtools/page/EE65992284441BF945A544EAECC2FB05",
   "id": "EE65992284441BF945A544EAECC2FB05",
   "title": "New Incognito Tab",
   "type": "page",
   "url": "chrome://newtab/",
   "webSocketDebuggerUrl": "ws://localhost:53624/devtools/page/EE65992284441BF945A544EAECC2FB05"
} ]


08:50:18.139 [main] DEBUG c.i.k.driver.chrome_1752371417478 - root frame id: EE65992284441BF945A544EAECC2FB05
08:50:18.211 [nioEventLoopGroup-3-1] DEBUG c.i.k.http.WebSocketClientHandler - websocket client connected
08:50:18.213 [main] DEBUG c.i.k.driver.chrome_1752371417478 - >> {"id":1,"method":"Target.attachToTarget","params":{"targetId":"EE65992284441BF945A544EAECC2FB05","flatten":true}}
08:50:18.218 [nioEventLoopGroup-3-1] DEBUG c.i.k.driver.chrome_1752371417478 - << {"method":"Target.attachedToTarget","params":{"sessionId":"F59642172AB9A721A267FD256CC91632","targetInfo":{"targetId":"EE65992284441BF945A544EAECC2FB05","type":"page","title":"New Incognito Tab","url":"chrome://newtab/","attached":true,"canAccessOpener":false,"browserContextId":"02F799AD781FD57199D5B9910416BD3A"},"waitingForDebugger":false}}
08:50:18.219 [nioEventLoopGroup-3-1] DEBUG c.i.k.driver.chrome_1752371417478 - << {"id":1,"result":{"sessionId":"F59642172AB9A721A267FD256CC91632"}}
08:50:18.220 [main] DEBUG c.i.k.driver.chrome_1752371417478 - >> {"id":2,"sessionId":"F59642172AB9A721A267FD256CC91632","method":"Target.activateTarget","params":{"targetId":"EE65992284441BF945A544EAECC2FB05"}}
08:50:18.224 [nioEventLoopGroup-3-1] DEBUG c.i.k.driver.chrome_1752371417478 - << {"id":2,"result":{},"sessionId":"F59642172AB9A721A267FD256CC91632"}
08:50:18.236 [main] DEBUG c.i.k.driver.chrome_1752371417478 - >> {"id":3,"sessionId":"F59642172AB9A721A267FD256CC91632","method":"Target.setDiscoverTargets","params":{"discover":true}}
08:50:18.238 [nioEventLoopGroup-3-1] DEBUG c.i.k.driver.chrome_1752371417478 - << {"method":"Target.targetCreated","params":{"targetInfo":{"targetId":"8943A661C9C4661625D673815B0E5C5B","type":"background_page","title":"Google Hangouts","url":"chrome-extension://nkeimhogjdpnpccoofpliimaahmaaome/background.html","attached":false,"canAccessOpener":false,"browserContextId":"F16A8AA1F6408E53A11C7D197BB8A545"}},"sessionId":"F59642172AB9A721A267FD256CC91632"}
08:50:18.239 [nioEventLoopGroup-3-1] DEBUG c.i.k.driver.chrome_1752371417478 - << {"method":"Target.targetCreated","params":{"targetInfo":{"targetId":"EE65992284441BF945A544EAECC2FB05","type":"page","title":"New Incognito Tab","url":"chrome://newtab/","attached":true,"canAccessOpener":false,"browserContextId":"02F799AD781FD57199D5B9910416BD3A"}},"sessionId":"F59642172AB9A721A267FD256CC91632"}
08:50:18.240 [nioEventLoopGroup-3-1] DEBUG c.i.k.driver.chrome_1752371417478 - << {"method":"Target.targetCreated","params":{"targetInfo":{"targetId":"F9AC74D94884ACC3DEEEC2CCAB5700DD","type":"background_page","title":"Google Hangouts","url":"chrome-extension://nkeimhogjdpnpccoofpliimaahmaaome/background.html","attached":false,"canAccessOpener":false,"browserContextId":"02F799AD781FD57199D5B9910416BD3A"}},"sessionId":"F59642172AB9A721A267FD256CC91632"}
08:50:18.241 [nioEventLoopGroup-3-1] DEBUG c.i.k.driver.chrome_1752371417478 - << {"id":3,"result":{},"sessionId":"F59642172AB9A721A267FD256CC91632"}
08:50:18.248 [main] DEBUG c.i.k.driver.chrome_1752371417478 - >> {"id":4,"sessionId":"F59642172AB9A721A267FD256CC91632","method":"Page.enable"}
08:50:18.253 [nioEventLoopGroup-3-1] DEBUG c.i.k.driver.chrome_1752371417478 - << {"id":4,"result":{},"sessionId":"F59642172AB9A721A267FD256CC91632"}
08:50:18.263 [main] DEBUG c.i.k.driver.chrome_1752371417478 - >> {"id":5,"sessionId":"F59642172AB9A721A267FD256CC91632","method":"Runtime.enable"}
08:50:18.266 [nioEventLoopGroup-3-1] DEBUG c.i.k.driver.chrome_1752371417478 - << {"method":"Runtime.executionContextCreated","params":{"context":{"id":1,"origin":"chrome://newtab","name":"","uniqueId":"-3780930435201019808.7702724863254327913","auxData":{"isDefault":true,"type":"default","frameId":"EE65992284441BF945A544EAECC2FB05"}}},"sessionId":"F59642172AB9A721A267FD256CC91632"}
08:50:18.267 [nioEventLoopGroup-3-1] DEBUG c.i.k.driver.chrome_1752371417478 - << {"id":5,"result":{},"sessionId":"F59642172AB9A721A267FD256CC91632"}
08:50:18.272 [main] DEBUG c.i.k.driver.chrome_1752371417478 - >> {"id":6,"sessionId":"F59642172AB9A721A267FD256CC91632","method":"Browser.getWindowForTarget","params":{"targetId":"EE65992284441BF945A544EAECC2FB05"}}
08:50:18.275 [nioEventLoopGroup-3-1] DEBUG c.i.k.driver.chrome_1752371417478 - << {"method":"Target.targetInfoChanged","params":{"targetInfo":{"targetId":"F9AC74D94884ACC3DEEEC2CCAB5700DD","type":"background_page","title":"Google Hangouts","url":"chrome-extension://nkeimhogjdpnpccoofpliimaahmaaome/background.html","attached":false,"canAccessOpener":false,"browserContextId":"02F799AD781FD57199D5B9910416BD3A"}},"sessionId":"F59642172AB9A721A267FD256CC91632"}
08:50:18.288 [nioEventLoopGroup-3-1] DEBUG c.i.k.driver.chrome_1752371417478 - << {"id":6,"result":{"windowId":558889743,"bounds":{"left":10,"top":10,"width":945,"height":1060,"windowState":"normal"}},"sessionId":"F59642172AB9A721A267FD256CC91632"}
08:50:18.323 [nioEventLoopGroup-3-1] DEBUG c.i.k.driver.chrome_1752371417478 - << {"method":"Target.targetInfoChanged","params":{"targetInfo":{"targetId":"8943A661C9C4661625D673815B0E5C5B","type":"background_page","title":"Google Hangouts","url":"chrome-extension://nkeimhogjdpnpccoofpliimaahmaaome/background.html","attached":false,"canAccessOpener":false,"browserContextId":"F16A8AA1F6408E53A11C7D197BB8A545"}},"sessionId":"F59642172AB9A721A267FD256CC91632"}
08:50:18.470 [nioEventLoopGroup-3-1] DEBUG c.i.k.driver.chrome_1752371417478 - << {"method":"Page.domContentEventFired","params":{"timestamp":251470.014086},"sessionId":"F59642172AB9A721A267FD256CC91632"}
08:50:18.483 [main] DEBUG c.i.k.driver.chrome_1752371417478 - >> {"id":7,"sessionId":"F59642172AB9A721A267FD256CC91632","method":"Page.navigate","params":{"url":"https:\/\/saucedemo.com\/"}}
08:50:18.493 [nioEventLoopGroup-3-1] DEBUG c.i.k.driver.chrome_1752371417478 - << {"method":"Page.frameStartedNavigating","params":{"frameId":"EE65992284441BF945A544EAECC2FB05","url":"https://saucedemo.com/","loaderId":"C7994EE9BE564EB66289178BC4A9283A","navigationType":"differentDocument"},"sessionId":"F59642172AB9A721A267FD256CC91632"}
08:50:18.494 [nioEventLoopGroup-3-1] DEBUG c.i.k.driver.chrome_1752371417478 - << {"method":"Page.frameStartedLoading","params":{"frameId":"EE65992284441BF945A544EAECC2FB05"},"sessionId":"F59642172AB9A721A267FD256CC91632"}
08:50:18.515 [nioEventLoopGroup-3-1] DEBUG c.i.k.driver.chrome_1752371417478 - << {"method":"Page.loadEventFired","params":{"timestamp":251470.058791},"sessionId":"F59642172AB9A721A267FD256CC91632"}
08:50:18.516 [nioEventLoopGroup-3-1] DEBUG c.i.k.driver.chrome_1752371417478 - << {"method":"Page.frameStartedLoading","params":{"frameId":"EE65992284441BF945A544EAECC2FB05"},"sessionId":"F59642172AB9A721A267FD256CC91632"}
08:50:18.718 [nioEventLoopGroup-3-1] DEBUG c.i.k.driver.chrome_1752371417478 - << {"id":7,"result":{"frameId":"EE65992284441BF945A544EAECC2FB05","loaderId":"C7994EE9BE564EB66289178BC4A9283A"},"sessionId":"F59642172AB9A721A267FD256CC91632"}
08:50:18.722 [nioEventLoopGroup-3-1] DEBUG c.i.k.driver.chrome_1752371417478 - << {"method":"Runtime.executionContextsCleared","params":{},"sessionId":"F59642172AB9A721A267FD256CC91632"}
08:50:18.724 [nioEventLoopGroup-3-1] DEBUG c.i.k.driver.chrome_1752371417478 - << {"method":"Runtime.executionContextsCleared","params":{},"sessionId":"F59642172AB9A721A267FD256CC91632"}
08:50:18.725 [nioEventLoopGroup-3-1] DEBUG c.i.k.driver.chrome_1752371417478 - << {"method":"Page.frameNavigated","params":{"frame":{"id":"EE65992284441BF945A544EAECC2FB05","loaderId":"C7994EE9BE564EB66289178BC4A9283A","url":"https://www.saucedemo.com/","domainAndRegistry":"saucedemo.com","securityOrigin":"https://www.saucedemo.com","securityOriginDetails":{"isLocalhost":false},"mimeType":"text/html","adFrameStatus":{"adFrameType":"none"},"secureContextType":"Secure","crossOriginIsolatedContextType":"NotIsolated","gatedAPIFeatures":[]},"type":"Navigation"},"sessionId":"F59642172AB9A721A267FD256CC91632"}
08:50:18.739 [nioEventLoopGroup-3-1] DEBUG c.i.k.driver.chrome_1752371417478 - << {"method":"Target.targetInfoChanged","params":{"targetInfo":{"targetId":"EE65992284441BF945A544EAECC2FB05","type":"page","title":"saucedemo.com","url":"https://www.saucedemo.com/","attached":true,"canAccessOpener":false,"browserContextId":"02F799AD781FD57199D5B9910416BD3A"}},"sessionId":"F59642172AB9A721A267FD256CC91632"}
08:50:18.745 [nioEventLoopGroup-3-1] DEBUG c.i.k.driver.chrome_1752371417478 - << {"method":"Runtime.executionContextCreated","params":{"context":{"id":1,"origin":"https://www.saucedemo.com","name":"","uniqueId":"8646181088075247009.-4546702521288158228","auxData":{"isDefault":true,"type":"default","frameId":"EE65992284441BF945A544EAECC2FB05"}}},"sessionId":"F59642172AB9A721A267FD256CC91632"}
08:50:19.232 [nioEventLoopGroup-3-1] DEBUG c.i.k.driver.chrome_1752371417478 - << {"method":"Target.targetCreated","params":{"targetInfo":{"targetId":"E75E138ADDD40BBAF3752D7D959892E7","type":"service_worker","title":"Service Worker chrome-extension://fignfifoniblkonapihmkfakmlgkbkcf/service_worker.js","url":"chrome-extension://fignfifoniblkonapihmkfakmlgkbkcf/service_worker.js","attached":false,"canAccessOpener":false,"browserContextId":"F16A8AA1F6408E53A11C7D197BB8A545"}},"sessionId":"F59642172AB9A721A267FD256CC91632"}
08:50:19.251 [nioEventLoopGroup-3-1] DEBUG c.i.k.driver.chrome_1752371417478 - << {"method":"Page.domContentEventFired","params":{"timestamp":251470.786532},"sessionId":"F59642172AB9A721A267FD256CC91632"}
08:50:19.258 [main] INFO  c.intuit.karate.core.FeatureRuntime - classpath:UI/LoginUI/LoginPage.feature - call by tag at line 7: action_attemptLogin
08:50:19.332 [main] DEBUG c.i.k.driver.chrome_1752371417478 - >> {"id":8,"sessionId":"F59642172AB9A721A267FD256CC91632","method":"Runtime.evaluate","params":{"expression":"var e = document.evaluate(\"\/\/*[@id='user-name']\", document, null, 9, null).singleNodeValue; e.focus(); try { e.selectionStart = e.selectionEnd = e.value.length } catch(x) {}","returnByValue":true}}
08:50:19.339 [nioEventLoopGroup-3-1] DEBUG c.i.k.driver.chrome_1752371417478 - << {"id":8,"result":{"result":{"type":"number","value":0,"description":"0"}},"sessionId":"F59642172AB9A721A267FD256CC91632"}
08:50:19.342 [main] DEBUG c.i.k.driver.chrome_1752371417478 - >> {"id":9,"sessionId":"F59642172AB9A721A267FD256CC91632","method":"Input.dispatchKeyEvent","params":{"modifiers":0,"type":"rawKeyDown","text":"s","windowsVirtualKeyCode":115}}
08:50:19.352 [nioEventLoopGroup-3-1] DEBUG c.i.k.driver.chrome_1752371417478 - << {"id":9,"result":{},"sessionId":"F59642172AB9A721A267FD256CC91632"}
08:50:19.353 [main] DEBUG c.i.k.driver.chrome_1752371417478 - >> {"id":10,"sessionId":"F59642172AB9A721A267FD256CC91632","method":"Input.dispatchKeyEvent","params":{"modifiers":0,"type":"char","text":"s","windowsVirtualKeyCode":115}}
08:50:19.373 [nioEventLoopGroup-3-1] DEBUG c.i.k.driver.chrome_1752371417478 - << {"id":10,"result":{},"sessionId":"F59642172AB9A721A267FD256CC91632"}
08:50:19.374 [main] DEBUG c.i.k.driver.chrome_1752371417478 - >> {"id":11,"sessionId":"F59642172AB9A721A267FD256CC91632","method":"Input.dispatchKeyEvent","params":{"modifiers":0,"type":"keyUp","text":"s","windowsVirtualKeyCode":115}}
08:50:19.383 [nioEventLoopGroup-3-1] DEBUG c.i.k.driver.chrome_1752371417478 - << {"id":11,"result":{},"sessionId":"F59642172AB9A721A267FD256CC91632"}
08:50:19.384 [main] DEBUG c.i.k.driver.chrome_1752371417478 - >> {"id":12,"sessionId":"F59642172AB9A721A267FD256CC91632","method":"Input.dispatchKeyEvent","params":{"modifiers":0,"type":"rawKeyDown","text":"t","windowsVirtualKeyCode":116}}
08:50:19.388 [nioEventLoopGroup-3-1] DEBUG c.i.k.driver.chrome_1752371417478 - << {"id":12,"result":{},"sessionId":"F59642172AB9A721A267FD256CC91632"}
08:50:19.390 [main] DEBUG c.i.k.driver.chrome_1752371417478 - >> {"id":13,"sessionId":"F59642172AB9A721A267FD256CC91632","method":"Input.dispatchKeyEvent","params":{"modifiers":0,"type":"char","text":"t","windowsVirtualKeyCode":116}}
08:50:19.398 [nioEventLoopGroup-3-1] DEBUG c.i.k.driver.chrome_1752371417478 - << {"id":13,"result":{},"sessionId":"F59642172AB9A721A267FD256CC91632"}
08:50:19.399 [main] DEBUG c.i.k.driver.chrome_1752371417478 - >> {"id":14,"sessionId":"F59642172AB9A721A267FD256CC91632","method":"Input.dispatchKeyEvent","params":{"modifiers":0,"type":"keyUp","text":"t","windowsVirtualKeyCode":116}}
08:50:19.403 [nioEventLoopGroup-3-1] DEBUG c.i.k.driver.chrome_1752371417478 - << {"id":14,"result":{},"sessionId":"F59642172AB9A721A267FD256CC91632"}
08:50:19.404 [main] DEBUG c.i.k.driver.chrome_1752371417478 - >> {"id":15,"sessionId":"F59642172AB9A721A267FD256CC91632","method":"Input.dispatchKeyEvent","params":{"modifiers":0,"type":"rawKeyDown","text":"a","windowsVirtualKeyCode":97}}
08:50:19.409 [nioEventLoopGroup-3-1] DEBUG c.i.k.driver.chrome_1752371417478 - << {"id":15,"result":{},"sessionId":"F59642172AB9A721A267FD256CC91632"}
08:50:19.410 [main] DEBUG c.i.k.driver.chrome_1752371417478 - >> {"id":16,"sessionId":"F59642172AB9A721A267FD256CC91632","method":"Input.dispatchKeyEvent","params":{"modifiers":0,"type":"char","text":"a","windowsVirtualKeyCode":97}}
08:50:19.418 [nioEventLoopGroup-3-1] DEBUG c.i.k.driver.chrome_1752371417478 - << {"id":16,"result":{},"sessionId":"F59642172AB9A721A267FD256CC91632"}
08:50:19.419 [main] DEBUG c.i.k.driver.chrome_1752371417478 - >> {"id":17,"sessionId":"F59642172AB9A721A267FD256CC91632","method":"Input.dispatchKeyEvent","params":{"modifiers":0,"type":"keyUp","text":"a","windowsVirtualKeyCode":97}}
08:50:19.424 [nioEventLoopGroup-3-1] DEBUG c.i.k.driver.chrome_1752371417478 - << {"id":17,"result":{},"sessionId":"F59642172AB9A721A267FD256CC91632"}
08:50:19.425 [main] DEBUG c.i.k.driver.chrome_1752371417478 - >> {"id":18,"sessionId":"F59642172AB9A721A267FD256CC91632","method":"Input.dispatchKeyEvent","params":{"modifiers":0,"type":"rawKeyDown","text":"n","windowsVirtualKeyCode":110}}
08:50:19.429 [nioEventLoopGroup-3-1] DEBUG c.i.k.driver.chrome_1752371417478 - << {"id":18,"result":{},"sessionId":"F59642172AB9A721A267FD256CC91632"}
08:50:19.431 [main] DEBUG c.i.k.driver.chrome_1752371417478 - >> {"id":19,"sessionId":"F59642172AB9A721A267FD256CC91632","method":"Input.dispatchKeyEvent","params":{"modifiers":0,"type":"char","text":"n","windowsVirtualKeyCode":110}}
08:50:19.438 [nioEventLoopGroup-3-1] DEBUG c.i.k.driver.chrome_1752371417478 - << {"id":19,"result":{},"sessionId":"F59642172AB9A721A267FD256CC91632"}
08:50:19.441 [main] DEBUG c.i.k.driver.chrome_1752371417478 - >> {"id":20,"sessionId":"F59642172AB9A721A267FD256CC91632","method":"Input.dispatchKeyEvent","params":{"modifiers":0,"type":"keyUp","text":"n","windowsVirtualKeyCode":110}}
08:50:19.445 [nioEventLoopGroup-3-1] DEBUG c.i.k.driver.chrome_1752371417478 - << {"id":20,"result":{},"sessionId":"F59642172AB9A721A267FD256CC91632"}
08:50:19.446 [main] DEBUG c.i.k.driver.chrome_1752371417478 - >> {"id":21,"sessionId":"F59642172AB9A721A267FD256CC91632","method":"Input.dispatchKeyEvent","params":{"modifiers":0,"type":"rawKeyDown","text":"d","windowsVirtualKeyCode":100}}
08:50:19.449 [nioEventLoopGroup-3-1] DEBUG c.i.k.driver.chrome_1752371417478 - << {"id":21,"result":{},"sessionId":"F59642172AB9A721A267FD256CC91632"}
08:50:19.450 [main] DEBUG c.i.k.driver.chrome_1752371417478 - >> {"id":22,"sessionId":"F59642172AB9A721A267FD256CC91632","method":"Input.dispatchKeyEvent","params":{"modifiers":0,"type":"char","text":"d","windowsVirtualKeyCode":100}}
08:50:19.456 [nioEventLoopGroup-3-1] DEBUG c.i.k.driver.chrome_1752371417478 - << {"id":22,"result":{},"sessionId":"F59642172AB9A721A267FD256CC91632"}
08:50:19.458 [main] DEBUG c.i.k.driver.chrome_1752371417478 - >> {"id":23,"sessionId":"F59642172AB9A721A267FD256CC91632","method":"Input.dispatchKeyEvent","params":{"modifiers":0,"type":"keyUp","text":"d","windowsVirtualKeyCode":100}}
08:50:19.462 [nioEventLoopGroup-3-1] DEBUG c.i.k.driver.chrome_1752371417478 - << {"id":23,"result":{},"sessionId":"F59642172AB9A721A267FD256CC91632"}
08:50:19.463 [main] DEBUG c.i.k.driver.chrome_1752371417478 - >> {"id":24,"sessionId":"F59642172AB9A721A267FD256CC91632","method":"Input.dispatchKeyEvent","params":{"modifiers":0,"type":"rawKeyDown","text":"a","windowsVirtualKeyCode":97}}
08:50:19.466 [nioEventLoopGroup-3-1] DEBUG c.i.k.driver.chrome_1752371417478 - << {"id":24,"result":{},"sessionId":"F59642172AB9A721A267FD256CC91632"}
08:50:19.467 [main] DEBUG c.i.k.driver.chrome_1752371417478 - >> {"id":25,"sessionId":"F59642172AB9A721A267FD256CC91632","method":"Input.dispatchKeyEvent","params":{"modifiers":0,"type":"char","text":"a","windowsVirtualKeyCode":97}}
08:50:19.474 [nioEventLoopGroup-3-1] DEBUG c.i.k.driver.chrome_1752371417478 - << {"id":25,"result":{},"sessionId":"F59642172AB9A721A267FD256CC91632"}
08:50:19.476 [main] DEBUG c.i.k.driver.chrome_1752371417478 - >> {"id":26,"sessionId":"F59642172AB9A721A267FD256CC91632","method":"Input.dispatchKeyEvent","params":{"modifiers":0,"type":"keyUp","text":"a","windowsVirtualKeyCode":97}}
08:50:19.479 [nioEventLoopGroup-3-1] DEBUG c.i.k.driver.chrome_1752371417478 - << {"id":26,"result":{},"sessionId":"F59642172AB9A721A267FD256CC91632"}
08:50:19.480 [main] DEBUG c.i.k.driver.chrome_1752371417478 - >> {"id":27,"sessionId":"F59642172AB9A721A267FD256CC91632","method":"Input.dispatchKeyEvent","params":{"modifiers":0,"type":"rawKeyDown","text":"r","windowsVirtualKeyCode":114}}
08:50:19.494 [nioEventLoopGroup-3-1] DEBUG c.i.k.driver.chrome_1752371417478 - << {"id":27,"result":{},"sessionId":"F59642172AB9A721A267FD256CC91632"}
08:50:19.496 [main] DEBUG c.i.k.driver.chrome_1752371417478 - >> {"id":28,"sessionId":"F59642172AB9A721A267FD256CC91632","method":"Input.dispatchKeyEvent","params":{"modifiers":0,"type":"char","text":"r","windowsVirtualKeyCode":114}}
08:50:19.514 [nioEventLoopGroup-3-1] DEBUG c.i.k.driver.chrome_1752371417478 - << {"id":28,"result":{},"sessionId":"F59642172AB9A721A267FD256CC91632"}
08:50:19.515 [main] DEBUG c.i.k.driver.chrome_1752371417478 - >> {"id":29,"sessionId":"F59642172AB9A721A267FD256CC91632","method":"Input.dispatchKeyEvent","params":{"modifiers":0,"type":"keyUp","text":"r","windowsVirtualKeyCode":114}}
08:50:19.522 [nioEventLoopGroup-3-1] DEBUG c.i.k.driver.chrome_1752371417478 - << {"id":29,"result":{},"sessionId":"F59642172AB9A721A267FD256CC91632"}
08:50:19.529 [main] DEBUG c.i.k.driver.chrome_1752371417478 - >> {"id":30,"sessionId":"F59642172AB9A721A267FD256CC91632","method":"Input.dispatchKeyEvent","params":{"modifiers":0,"type":"rawKeyDown","text":"d","windowsVirtualKeyCode":100}}
08:50:19.534 [nioEventLoopGroup-3-1] DEBUG c.i.k.driver.chrome_1752371417478 - << {"id":30,"result":{},"sessionId":"F59642172AB9A721A267FD256CC91632"}
08:50:19.535 [main] DEBUG c.i.k.driver.chrome_1752371417478 - >> {"id":31,"sessionId":"F59642172AB9A721A267FD256CC91632","method":"Input.dispatchKeyEvent","params":{"modifiers":0,"type":"char","text":"d","windowsVirtualKeyCode":100}}
08:50:19.547 [nioEventLoopGroup-3-1] DEBUG c.i.k.driver.chrome_1752371417478 - << {"id":31,"result":{},"sessionId":"F59642172AB9A721A267FD256CC91632"}
08:50:19.550 [main] DEBUG c.i.k.driver.chrome_1752371417478 - >> {"id":32,"sessionId":"F59642172AB9A721A267FD256CC91632","method":"Input.dispatchKeyEvent","params":{"modifiers":0,"type":"keyUp","text":"d","windowsVirtualKeyCode":100}}
08:50:19.554 [nioEventLoopGroup-3-1] DEBUG c.i.k.driver.chrome_1752371417478 - << {"id":32,"result":{},"sessionId":"F59642172AB9A721A267FD256CC91632"}
08:50:19.558 [main] DEBUG c.i.k.driver.chrome_1752371417478 - >> {"id":33,"sessionId":"F59642172AB9A721A267FD256CC91632","method":"Input.dispatchKeyEvent","params":{"modifiers":0,"type":"rawKeyDown","text":"_","windowsVirtualKeyCode":523}}
08:50:19.567 [nioEventLoopGroup-3-1] DEBUG c.i.k.driver.chrome_1752371417478 - << {"id":33,"result":{},"sessionId":"F59642172AB9A721A267FD256CC91632"}
08:50:19.569 [main] DEBUG c.i.k.driver.chrome_1752371417478 - >> {"id":34,"sessionId":"F59642172AB9A721A267FD256CC91632","method":"Input.dispatchKeyEvent","params":{"modifiers":0,"type":"char","text":"_","windowsVirtualKeyCode":523}}
08:50:19.578 [nioEventLoopGroup-3-1] DEBUG c.i.k.driver.chrome_1752371417478 - << {"id":34,"result":{},"sessionId":"F59642172AB9A721A267FD256CC91632"}
08:50:19.583 [main] DEBUG c.i.k.driver.chrome_1752371417478 - >> {"id":35,"sessionId":"F59642172AB9A721A267FD256CC91632","method":"Input.dispatchKeyEvent","params":{"modifiers":0,"type":"keyUp","text":"_","windowsVirtualKeyCode":523}}
08:50:19.587 [nioEventLoopGroup-3-1] DEBUG c.i.k.driver.chrome_1752371417478 - << {"id":35,"result":{},"sessionId":"F59642172AB9A721A267FD256CC91632"}
08:50:19.589 [main] DEBUG c.i.k.driver.chrome_1752371417478 - >> {"id":36,"sessionId":"F59642172AB9A721A267FD256CC91632","method":"Input.dispatchKeyEvent","params":{"modifiers":0,"type":"rawKeyDown","text":"u","windowsVirtualKeyCode":117}}
08:50:19.593 [nioEventLoopGroup-3-1] DEBUG c.i.k.driver.chrome_1752371417478 - << {"id":36,"result":{},"sessionId":"F59642172AB9A721A267FD256CC91632"}
08:50:19.594 [main] DEBUG c.i.k.driver.chrome_1752371417478 - >> {"id":37,"sessionId":"F59642172AB9A721A267FD256CC91632","method":"Input.dispatchKeyEvent","params":{"modifiers":0,"type":"char","text":"u","windowsVirtualKeyCode":117}}
08:50:19.601 [nioEventLoopGroup-3-1] DEBUG c.i.k.driver.chrome_1752371417478 - << {"id":37,"result":{},"sessionId":"F59642172AB9A721A267FD256CC91632"}
08:50:19.603 [main] DEBUG c.i.k.driver.chrome_1752371417478 - >> {"id":38,"sessionId":"F59642172AB9A721A267FD256CC91632","method":"Input.dispatchKeyEvent","params":{"modifiers":0,"type":"keyUp","text":"u","windowsVirtualKeyCode":117}}
08:50:19.607 [nioEventLoopGroup-3-1] DEBUG c.i.k.driver.chrome_1752371417478 - << {"id":38,"result":{},"sessionId":"F59642172AB9A721A267FD256CC91632"}
08:50:19.609 [main] DEBUG c.i.k.driver.chrome_1752371417478 - >> {"id":39,"sessionId":"F59642172AB9A721A267FD256CC91632","method":"Input.dispatchKeyEvent","params":{"modifiers":0,"type":"rawKeyDown","text":"s","windowsVirtualKeyCode":115}}
08:50:19.620 [nioEventLoopGroup-3-1] DEBUG c.i.k.driver.chrome_1752371417478 - << {"method":"Target.targetCreated","params":{"targetInfo":{"targetId":"352E8626EBF59FB7F7227D64028155A9","type":"service_worker","title":"Service Worker https://www.saucedemo.com/service-worker.js","url":"https://www.saucedemo.com/service-worker.js","attached":false,"canAccessOpener":false,"browserContextId":"02F799AD781FD57199D5B9910416BD3A"}},"sessionId":"F59642172AB9A721A267FD256CC91632"}
08:50:19.624 [nioEventLoopGroup-3-1] DEBUG c.i.k.driver.chrome_1752371417478 - << {"method":"Page.loadEventFired","params":{"timestamp":251471.158245},"sessionId":"F59642172AB9A721A267FD256CC91632"}
08:50:19.626 [nioEventLoopGroup-3-1] DEBUG c.i.k.driver.chrome_1752371417478 - << {"method":"Page.frameStoppedLoading","params":{"frameId":"EE65992284441BF945A544EAECC2FB05"},"sessionId":"F59642172AB9A721A267FD256CC91632"}
08:50:19.627 [nioEventLoopGroup-3-1] DEBUG c.i.k.driver.chrome_1752371417478 - << {"id":39,"result":{},"sessionId":"F59642172AB9A721A267FD256CC91632"}
08:50:19.628 [main] DEBUG c.i.k.driver.chrome_1752371417478 - >> {"id":40,"sessionId":"F59642172AB9A721A267FD256CC91632","method":"Input.dispatchKeyEvent","params":{"modifiers":0,"type":"char","text":"s","windowsVirtualKeyCode":115}}
08:50:19.637 [nioEventLoopGroup-3-1] DEBUG c.i.k.driver.chrome_1752371417478 - << {"id":40,"result":{},"sessionId":"F59642172AB9A721A267FD256CC91632"}
08:50:19.639 [main] DEBUG c.i.k.driver.chrome_1752371417478 - >> {"id":41,"sessionId":"F59642172AB9A721A267FD256CC91632","method":"Input.dispatchKeyEvent","params":{"modifiers":0,"type":"keyUp","text":"s","windowsVirtualKeyCode":115}}
08:50:19.642 [nioEventLoopGroup-3-1] DEBUG c.i.k.driver.chrome_1752371417478 - << {"id":41,"result":{},"sessionId":"F59642172AB9A721A267FD256CC91632"}
08:50:19.644 [main] DEBUG c.i.k.driver.chrome_1752371417478 - >> {"id":42,"sessionId":"F59642172AB9A721A267FD256CC91632","method":"Input.dispatchKeyEvent","params":{"modifiers":0,"type":"rawKeyDown","text":"e","windowsVirtualKeyCode":101}}
08:50:19.647 [nioEventLoopGroup-3-1] DEBUG c.i.k.driver.chrome_1752371417478 - << {"id":42,"result":{},"sessionId":"F59642172AB9A721A267FD256CC91632"}
08:50:19.649 [main] DEBUG c.i.k.driver.chrome_1752371417478 - >> {"id":43,"sessionId":"F59642172AB9A721A267FD256CC91632","method":"Input.dispatchKeyEvent","params":{"modifiers":0,"type":"char","text":"e","windowsVirtualKeyCode":101}}
08:50:19.657 [nioEventLoopGroup-3-1] DEBUG c.i.k.driver.chrome_1752371417478 - << {"id":43,"result":{},"sessionId":"F59642172AB9A721A267FD256CC91632"}
08:50:19.658 [main] DEBUG c.i.k.driver.chrome_1752371417478 - >> {"id":44,"sessionId":"F59642172AB9A721A267FD256CC91632","method":"Input.dispatchKeyEvent","params":{"modifiers":0,"type":"keyUp","text":"e","windowsVirtualKeyCode":101}}
08:50:19.661 [nioEventLoopGroup-3-1] DEBUG c.i.k.driver.chrome_1752371417478 - << {"id":44,"result":{},"sessionId":"F59642172AB9A721A267FD256CC91632"}
08:50:19.662 [main] DEBUG c.i.k.driver.chrome_1752371417478 - >> {"id":45,"sessionId":"F59642172AB9A721A267FD256CC91632","method":"Input.dispatchKeyEvent","params":{"modifiers":0,"type":"rawKeyDown","text":"r","windowsVirtualKeyCode":114}}
08:50:19.664 [nioEventLoopGroup-3-1] DEBUG c.i.k.driver.chrome_1752371417478 - << {"id":45,"result":{},"sessionId":"F59642172AB9A721A267FD256CC91632"}
08:50:19.665 [main] DEBUG c.i.k.driver.chrome_1752371417478 - >> {"id":46,"sessionId":"F59642172AB9A721A267FD256CC91632","method":"Input.dispatchKeyEvent","params":{"modifiers":0,"type":"char","text":"r","windowsVirtualKeyCode":114}}
08:50:19.670 [nioEventLoopGroup-3-1] DEBUG c.i.k.driver.chrome_1752371417478 - << {"id":46,"result":{},"sessionId":"F59642172AB9A721A267FD256CC91632"}
08:50:19.671 [main] DEBUG c.i.k.driver.chrome_1752371417478 - >> {"id":47,"sessionId":"F59642172AB9A721A267FD256CC91632","method":"Input.dispatchKeyEvent","params":{"modifiers":0,"type":"keyUp","text":"r","windowsVirtualKeyCode":114}}
08:50:19.674 [nioEventLoopGroup-3-1] DEBUG c.i.k.driver.chrome_1752371417478 - << {"id":47,"result":{},"sessionId":"F59642172AB9A721A267FD256CC91632"}
08:50:19.678 [main] DEBUG c.i.k.driver.chrome_1752371417478 - >> {"id":48,"sessionId":"F59642172AB9A721A267FD256CC91632","method":"Runtime.evaluate","params":{"expression":"var e = document.evaluate(\"\/\/*[@id='password']\", document, null, 9, null).singleNodeValue; e.focus(); try { e.selectionStart = e.selectionEnd = e.value.length } catch(x) {}","returnByValue":true}}
08:50:19.682 [nioEventLoopGroup-3-1] DEBUG c.i.k.driver.chrome_1752371417478 - << {"id":48,"result":{"result":{"type":"number","value":0,"description":"0"}},"sessionId":"F59642172AB9A721A267FD256CC91632"}
08:50:19.683 [main] DEBUG c.i.k.driver.chrome_1752371417478 - >> {"id":49,"sessionId":"F59642172AB9A721A267FD256CC91632","method":"Input.dispatchKeyEvent","params":{"modifiers":0,"type":"rawKeyDown","text":"s","windowsVirtualKeyCode":115}}
08:50:19.685 [nioEventLoopGroup-3-1] DEBUG c.i.k.driver.chrome_1752371417478 - << {"id":49,"result":{},"sessionId":"F59642172AB9A721A267FD256CC91632"}
08:50:19.686 [main] DEBUG c.i.k.driver.chrome_1752371417478 - >> {"id":50,"sessionId":"F59642172AB9A721A267FD256CC91632","method":"Input.dispatchKeyEvent","params":{"modifiers":0,"type":"char","text":"s","windowsVirtualKeyCode":115}}
08:50:19.692 [nioEventLoopGroup-3-1] DEBUG c.i.k.driver.chrome_1752371417478 - << {"id":50,"result":{},"sessionId":"F59642172AB9A721A267FD256CC91632"}
08:50:19.694 [main] DEBUG c.i.k.driver.chrome_1752371417478 - >> {"id":51,"sessionId":"F59642172AB9A721A267FD256CC91632","method":"Input.dispatchKeyEvent","params":{"modifiers":0,"type":"keyUp","text":"s","windowsVirtualKeyCode":115}}
08:50:19.697 [nioEventLoopGroup-3-1] DEBUG c.i.k.driver.chrome_1752371417478 - << {"id":51,"result":{},"sessionId":"F59642172AB9A721A267FD256CC91632"}
08:50:19.698 [main] DEBUG c.i.k.driver.chrome_1752371417478 - >> {"id":52,"sessionId":"F59642172AB9A721A267FD256CC91632","method":"Input.dispatchKeyEvent","params":{"modifiers":0,"type":"rawKeyDown","text":"e","windowsVirtualKeyCode":101}}
08:50:19.701 [nioEventLoopGroup-3-1] DEBUG c.i.k.driver.chrome_1752371417478 - << {"id":52,"result":{},"sessionId":"F59642172AB9A721A267FD256CC91632"}
08:50:19.702 [main] DEBUG c.i.k.driver.chrome_1752371417478 - >> {"id":53,"sessionId":"F59642172AB9A721A267FD256CC91632","method":"Input.dispatchKeyEvent","params":{"modifiers":0,"type":"char","text":"e","windowsVirtualKeyCode":101}}
08:50:19.709 [nioEventLoopGroup-3-1] DEBUG c.i.k.driver.chrome_1752371417478 - << {"id":53,"result":{},"sessionId":"F59642172AB9A721A267FD256CC91632"}
08:50:19.711 [main] DEBUG c.i.k.driver.chrome_1752371417478 - >> {"id":54,"sessionId":"F59642172AB9A721A267FD256CC91632","method":"Input.dispatchKeyEvent","params":{"modifiers":0,"type":"keyUp","text":"e","windowsVirtualKeyCode":101}}
08:50:19.714 [nioEventLoopGroup-3-1] DEBUG c.i.k.driver.chrome_1752371417478 - << {"id":54,"result":{},"sessionId":"F59642172AB9A721A267FD256CC91632"}
08:50:19.715 [main] DEBUG c.i.k.driver.chrome_1752371417478 - >> {"id":55,"sessionId":"F59642172AB9A721A267FD256CC91632","method":"Input.dispatchKeyEvent","params":{"modifiers":0,"type":"rawKeyDown","text":"c","windowsVirtualKeyCode":99}}
08:50:19.718 [nioEventLoopGroup-3-1] DEBUG c.i.k.driver.chrome_1752371417478 - << {"id":55,"result":{},"sessionId":"F59642172AB9A721A267FD256CC91632"}
08:50:19.719 [main] DEBUG c.i.k.driver.chrome_1752371417478 - >> {"id":56,"sessionId":"F59642172AB9A721A267FD256CC91632","method":"Input.dispatchKeyEvent","params":{"modifiers":0,"type":"char","text":"c","windowsVirtualKeyCode":99}}
08:50:19.725 [nioEventLoopGroup-3-1] DEBUG c.i.k.driver.chrome_1752371417478 - << {"id":56,"result":{},"sessionId":"F59642172AB9A721A267FD256CC91632"}
08:50:19.726 [main] DEBUG c.i.k.driver.chrome_1752371417478 - >> {"id":57,"sessionId":"F59642172AB9A721A267FD256CC91632","method":"Input.dispatchKeyEvent","params":{"modifiers":0,"type":"keyUp","text":"c","windowsVirtualKeyCode":99}}
08:50:19.729 [nioEventLoopGroup-3-1] DEBUG c.i.k.driver.chrome_1752371417478 - << {"id":57,"result":{},"sessionId":"F59642172AB9A721A267FD256CC91632"}
08:50:19.730 [main] DEBUG c.i.k.driver.chrome_1752371417478 - >> {"id":58,"sessionId":"F59642172AB9A721A267FD256CC91632","method":"Input.dispatchKeyEvent","params":{"modifiers":0,"type":"rawKeyDown","text":"r","windowsVirtualKeyCode":114}}
08:50:19.736 [nioEventLoopGroup-3-1] DEBUG c.i.k.driver.chrome_1752371417478 - << {"id":58,"result":{},"sessionId":"F59642172AB9A721A267FD256CC91632"}
08:50:19.737 [main] DEBUG c.i.k.driver.chrome_1752371417478 - >> {"id":59,"sessionId":"F59642172AB9A721A267FD256CC91632","method":"Input.dispatchKeyEvent","params":{"modifiers":0,"type":"char","text":"r","windowsVirtualKeyCode":114}}
08:50:19.744 [nioEventLoopGroup-3-1] DEBUG c.i.k.driver.chrome_1752371417478 - << {"id":59,"result":{},"sessionId":"F59642172AB9A721A267FD256CC91632"}
08:50:19.780 [main] DEBUG c.i.k.driver.chrome_1752371417478 - >> {"id":60,"sessionId":"F59642172AB9A721A267FD256CC91632","method":"Input.dispatchKeyEvent","params":{"modifiers":0,"type":"keyUp","text":"r","windowsVirtualKeyCode":114}}
08:50:19.784 [nioEventLoopGroup-3-1] DEBUG c.i.k.driver.chrome_1752371417478 - << {"id":60,"result":{},"sessionId":"F59642172AB9A721A267FD256CC91632"}
08:50:19.785 [main] DEBUG c.i.k.driver.chrome_1752371417478 - >> {"id":61,"sessionId":"F59642172AB9A721A267FD256CC91632","method":"Input.dispatchKeyEvent","params":{"modifiers":0,"type":"rawKeyDown","text":"e","windowsVirtualKeyCode":101}}
08:50:19.787 [nioEventLoopGroup-3-1] DEBUG c.i.k.driver.chrome_1752371417478 - << {"id":61,"result":{},"sessionId":"F59642172AB9A721A267FD256CC91632"}
08:50:19.789 [main] DEBUG c.i.k.driver.chrome_1752371417478 - >> {"id":62,"sessionId":"F59642172AB9A721A267FD256CC91632","method":"Input.dispatchKeyEvent","params":{"modifiers":0,"type":"char","text":"e","windowsVirtualKeyCode":101}}
08:50:19.797 [nioEventLoopGroup-3-1] DEBUG c.i.k.driver.chrome_1752371417478 - << {"id":62,"result":{},"sessionId":"F59642172AB9A721A267FD256CC91632"}
08:50:19.798 [main] DEBUG c.i.k.driver.chrome_1752371417478 - >> {"id":63,"sessionId":"F59642172AB9A721A267FD256CC91632","method":"Input.dispatchKeyEvent","params":{"modifiers":0,"type":"keyUp","text":"e","windowsVirtualKeyCode":101}}
08:50:19.800 [nioEventLoopGroup-3-1] DEBUG c.i.k.driver.chrome_1752371417478 - << {"id":63,"result":{},"sessionId":"F59642172AB9A721A267FD256CC91632"}
08:50:19.801 [main] DEBUG c.i.k.driver.chrome_1752371417478 - >> {"id":64,"sessionId":"F59642172AB9A721A267FD256CC91632","method":"Input.dispatchKeyEvent","params":{"modifiers":0,"type":"rawKeyDown","text":"t","windowsVirtualKeyCode":116}}
08:50:19.804 [nioEventLoopGroup-3-1] DEBUG c.i.k.driver.chrome_1752371417478 - << {"id":64,"result":{},"sessionId":"F59642172AB9A721A267FD256CC91632"}
08:50:19.806 [main] DEBUG c.i.k.driver.chrome_1752371417478 - >> {"id":65,"sessionId":"F59642172AB9A721A267FD256CC91632","method":"Input.dispatchKeyEvent","params":{"modifiers":0,"type":"char","text":"t","windowsVirtualKeyCode":116}}
08:50:19.812 [nioEventLoopGroup-3-1] DEBUG c.i.k.driver.chrome_1752371417478 - << {"id":65,"result":{},"sessionId":"F59642172AB9A721A267FD256CC91632"}
08:50:19.814 [main] DEBUG c.i.k.driver.chrome_1752371417478 - >> {"id":66,"sessionId":"F59642172AB9A721A267FD256CC91632","method":"Input.dispatchKeyEvent","params":{"modifiers":0,"type":"keyUp","text":"t","windowsVirtualKeyCode":116}}
08:50:19.817 [nioEventLoopGroup-3-1] DEBUG c.i.k.driver.chrome_1752371417478 - << {"id":66,"result":{},"sessionId":"F59642172AB9A721A267FD256CC91632"}
08:50:19.818 [main] DEBUG c.i.k.driver.chrome_1752371417478 - >> {"id":67,"sessionId":"F59642172AB9A721A267FD256CC91632","method":"Input.dispatchKeyEvent","params":{"modifiers":0,"type":"rawKeyDown","text":"_","windowsVirtualKeyCode":523}}
08:50:19.821 [nioEventLoopGroup-3-1] DEBUG c.i.k.driver.chrome_1752371417478 - << {"id":67,"result":{},"sessionId":"F59642172AB9A721A267FD256CC91632"}
08:50:19.822 [main] DEBUG c.i.k.driver.chrome_1752371417478 - >> {"id":68,"sessionId":"F59642172AB9A721A267FD256CC91632","method":"Input.dispatchKeyEvent","params":{"modifiers":0,"type":"char","text":"_","windowsVirtualKeyCode":523}}
08:50:19.829 [nioEventLoopGroup-3-1] DEBUG c.i.k.driver.chrome_1752371417478 - << {"id":68,"result":{},"sessionId":"F59642172AB9A721A267FD256CC91632"}
08:50:19.830 [main] DEBUG c.i.k.driver.chrome_1752371417478 - >> {"id":69,"sessionId":"F59642172AB9A721A267FD256CC91632","method":"Input.dispatchKeyEvent","params":{"modifiers":0,"type":"keyUp","text":"_","windowsVirtualKeyCode":523}}
08:50:19.835 [nioEventLoopGroup-3-1] DEBUG c.i.k.driver.chrome_1752371417478 - << {"id":69,"result":{},"sessionId":"F59642172AB9A721A267FD256CC91632"}
08:50:19.844 [main] DEBUG c.i.k.driver.chrome_1752371417478 - >> {"id":70,"sessionId":"F59642172AB9A721A267FD256CC91632","method":"Input.dispatchKeyEvent","params":{"modifiers":0,"type":"rawKeyDown","text":"s","windowsVirtualKeyCode":115}}
08:50:19.847 [nioEventLoopGroup-3-1] DEBUG c.i.k.driver.chrome_1752371417478 - << {"id":70,"result":{},"sessionId":"F59642172AB9A721A267FD256CC91632"}
08:50:19.849 [main] DEBUG c.i.k.driver.chrome_1752371417478 - >> {"id":71,"sessionId":"F59642172AB9A721A267FD256CC91632","method":"Input.dispatchKeyEvent","params":{"modifiers":0,"type":"char","text":"s","windowsVirtualKeyCode":115}}
08:50:19.856 [nioEventLoopGroup-3-1] DEBUG c.i.k.driver.chrome_1752371417478 - << {"id":71,"result":{},"sessionId":"F59642172AB9A721A267FD256CC91632"}
08:50:19.860 [main] DEBUG c.i.k.driver.chrome_1752371417478 - >> {"id":72,"sessionId":"F59642172AB9A721A267FD256CC91632","method":"Input.dispatchKeyEvent","params":{"modifiers":0,"type":"keyUp","text":"s","windowsVirtualKeyCode":115}}
08:50:19.863 [nioEventLoopGroup-3-1] DEBUG c.i.k.driver.chrome_1752371417478 - << {"id":72,"result":{},"sessionId":"F59642172AB9A721A267FD256CC91632"}
08:50:19.864 [main] DEBUG c.i.k.driver.chrome_1752371417478 - >> {"id":73,"sessionId":"F59642172AB9A721A267FD256CC91632","method":"Input.dispatchKeyEvent","params":{"modifiers":0,"type":"rawKeyDown","text":"a","windowsVirtualKeyCode":97}}
08:50:19.867 [nioEventLoopGroup-3-1] DEBUG c.i.k.driver.chrome_1752371417478 - << {"id":73,"result":{},"sessionId":"F59642172AB9A721A267FD256CC91632"}
08:50:19.868 [main] DEBUG c.i.k.driver.chrome_1752371417478 - >> {"id":74,"sessionId":"F59642172AB9A721A267FD256CC91632","method":"Input.dispatchKeyEvent","params":{"modifiers":0,"type":"char","text":"a","windowsVirtualKeyCode":97}}
08:50:19.874 [nioEventLoopGroup-3-1] DEBUG c.i.k.driver.chrome_1752371417478 - << {"id":74,"result":{},"sessionId":"F59642172AB9A721A267FD256CC91632"}
08:50:19.886 [main] DEBUG c.i.k.driver.chrome_1752371417478 - >> {"id":75,"sessionId":"F59642172AB9A721A267FD256CC91632","method":"Input.dispatchKeyEvent","params":{"modifiers":0,"type":"keyUp","text":"a","windowsVirtualKeyCode":97}}
08:50:19.889 [nioEventLoopGroup-3-1] DEBUG c.i.k.driver.chrome_1752371417478 - << {"id":75,"result":{},"sessionId":"F59642172AB9A721A267FD256CC91632"}
08:50:19.891 [main] DEBUG c.i.k.driver.chrome_1752371417478 - >> {"id":76,"sessionId":"F59642172AB9A721A267FD256CC91632","method":"Input.dispatchKeyEvent","params":{"modifiers":0,"type":"rawKeyDown","text":"u","windowsVirtualKeyCode":117}}
08:50:19.894 [nioEventLoopGroup-3-1] DEBUG c.i.k.driver.chrome_1752371417478 - << {"id":76,"result":{},"sessionId":"F59642172AB9A721A267FD256CC91632"}
08:50:19.896 [main] DEBUG c.i.k.driver.chrome_1752371417478 - >> {"id":77,"sessionId":"F59642172AB9A721A267FD256CC91632","method":"Input.dispatchKeyEvent","params":{"modifiers":0,"type":"char","text":"u","windowsVirtualKeyCode":117}}
08:50:19.902 [nioEventLoopGroup-3-1] DEBUG c.i.k.driver.chrome_1752371417478 - << {"id":77,"result":{},"sessionId":"F59642172AB9A721A267FD256CC91632"}
08:50:19.915 [main] DEBUG c.i.k.driver.chrome_1752371417478 - >> {"id":78,"sessionId":"F59642172AB9A721A267FD256CC91632","method":"Input.dispatchKeyEvent","params":{"modifiers":0,"type":"keyUp","text":"u","windowsVirtualKeyCode":117}}
08:50:19.918 [nioEventLoopGroup-3-1] DEBUG c.i.k.driver.chrome_1752371417478 - << {"id":78,"result":{},"sessionId":"F59642172AB9A721A267FD256CC91632"}
08:50:19.923 [main] DEBUG c.i.k.driver.chrome_1752371417478 - >> {"id":79,"sessionId":"F59642172AB9A721A267FD256CC91632","method":"Input.dispatchKeyEvent","params":{"modifiers":0,"type":"rawKeyDown","text":"c","windowsVirtualKeyCode":99}}
08:50:19.926 [nioEventLoopGroup-3-1] DEBUG c.i.k.driver.chrome_1752371417478 - << {"id":79,"result":{},"sessionId":"F59642172AB9A721A267FD256CC91632"}
08:50:19.927 [main] DEBUG c.i.k.driver.chrome_1752371417478 - >> {"id":80,"sessionId":"F59642172AB9A721A267FD256CC91632","method":"Input.dispatchKeyEvent","params":{"modifiers":0,"type":"char","text":"c","windowsVirtualKeyCode":99}}
08:50:19.933 [nioEventLoopGroup-3-1] DEBUG c.i.k.driver.chrome_1752371417478 - << {"id":80,"result":{},"sessionId":"F59642172AB9A721A267FD256CC91632"}
08:50:19.934 [main] DEBUG c.i.k.driver.chrome_1752371417478 - >> {"id":81,"sessionId":"F59642172AB9A721A267FD256CC91632","method":"Input.dispatchKeyEvent","params":{"modifiers":0,"type":"keyUp","text":"c","windowsVirtualKeyCode":99}}
08:50:19.937 [nioEventLoopGroup-3-1] DEBUG c.i.k.driver.chrome_1752371417478 - << {"id":81,"result":{},"sessionId":"F59642172AB9A721A267FD256CC91632"}
08:50:19.938 [main] DEBUG c.i.k.driver.chrome_1752371417478 - >> {"id":82,"sessionId":"F59642172AB9A721A267FD256CC91632","method":"Input.dispatchKeyEvent","params":{"modifiers":0,"type":"rawKeyDown","text":"e","windowsVirtualKeyCode":101}}
08:50:19.946 [nioEventLoopGroup-3-1] DEBUG c.i.k.driver.chrome_1752371417478 - << {"id":82,"result":{},"sessionId":"F59642172AB9A721A267FD256CC91632"}
08:50:19.947 [main] DEBUG c.i.k.driver.chrome_1752371417478 - >> {"id":83,"sessionId":"F59642172AB9A721A267FD256CC91632","method":"Input.dispatchKeyEvent","params":{"modifiers":0,"type":"char","text":"e","windowsVirtualKeyCode":101}}
08:50:19.953 [nioEventLoopGroup-3-1] DEBUG c.i.k.driver.chrome_1752371417478 - << {"id":83,"result":{},"sessionId":"F59642172AB9A721A267FD256CC91632"}
08:50:19.954 [main] DEBUG c.i.k.driver.chrome_1752371417478 - >> {"id":84,"sessionId":"F59642172AB9A721A267FD256CC91632","method":"Input.dispatchKeyEvent","params":{"modifiers":0,"type":"keyUp","text":"e","windowsVirtualKeyCode":101}}
08:50:19.959 [nioEventLoopGroup-3-1] DEBUG c.i.k.driver.chrome_1752371417478 - << {"id":84,"result":{},"sessionId":"F59642172AB9A721A267FD256CC91632"}
08:50:19.964 [main] DEBUG c.i.k.driver.chrome_1752371417478 - >> {"id":85,"sessionId":"F59642172AB9A721A267FD256CC91632","method":"Runtime.evaluate","params":{"expression":"document.evaluate(\"\/\/*[@id='login-button']\", document, null, 9, null).singleNodeValue.click()","returnByValue":true}}
08:50:19.975 [nioEventLoopGroup-3-1] DEBUG c.i.k.driver.chrome_1752371417478 - << {"method":"Page.frameStartedLoading","params":{"frameId":"EE65992284441BF945A544EAECC2FB05"},"sessionId":"F59642172AB9A721A267FD256CC91632"}
08:50:19.986 [nioEventLoopGroup-3-1] DEBUG c.i.k.driver.chrome_1752371417478 - << {"method":"Target.targetInfoChanged","params":{"targetInfo":{"targetId":"EE65992284441BF945A544EAECC2FB05","type":"page","title":"Swag Labs","url":"https://www.saucedemo.com/inventory.html","attached":true,"canAccessOpener":false,"browserContextId":"02F799AD781FD57199D5B9910416BD3A"}},"sessionId":"F59642172AB9A721A267FD256CC91632"}
08:50:19.987 [nioEventLoopGroup-3-1] DEBUG c.i.k.driver.chrome_1752371417478 - << {"method":"Page.navigatedWithinDocument","params":{"frameId":"EE65992284441BF945A544EAECC2FB05","url":"https://www.saucedemo.com/inventory.html","navigationType":"historyApi"},"sessionId":"F59642172AB9A721A267FD256CC91632"}
08:50:19.988 [nioEventLoopGroup-3-1] DEBUG c.i.k.driver.chrome_1752371417478 - << {"method":"Page.frameStoppedLoading","params":{"frameId":"EE65992284441BF945A544EAECC2FB05"},"sessionId":"F59642172AB9A721A267FD256CC91632"}
08:50:20.012 [nioEventLoopGroup-3-1] DEBUG c.i.k.driver.chrome_1752371417478 - << {"id":85,"result":{"result":{"type":"undefined"}},"sessionId":"F59642172AB9A721A267FD256CC91632"}
08:50:20.089 [main] INFO  c.intuit.karate.core.FeatureRuntime - classpath:UI/HomePageUI/HomePage.feature - call by tag at line 41: action_openBurgerMenu
08:50:20.222 [main] DEBUG c.intuit.karate.core.ScenarioEngine - over-writing existing variable 'homePage' with new value: read('classpath:UI/HomePageUI/saucedemo-HomePage.json')
08:50:20.234 [main] DEBUG c.i.k.driver.chrome_1752371417478 - >> {"id":86,"sessionId":"F59642172AB9A721A267FD256CC91632","method":"Runtime.evaluate","params":{"expression":"document.querySelector(\"#react-burger-menu-btn\").click()","returnByValue":true}}
08:50:20.239 [nioEventLoopGroup-3-1] DEBUG c.i.k.driver.chrome_1752371417478 - << {"id":86,"result":{"result":{"type":"undefined"}},"sessionId":"F59642172AB9A721A267FD256CC91632"}
08:50:20.283 [main] DEBUG c.i.k.driver.chrome_1752371417478 - >> {"id":87,"sessionId":"F59642172AB9A721A267FD256CC91632","method":"Runtime.evaluate","params":{"expression":"(document.querySelector(\"#react-burger-cross-btn\") != null)","returnByValue":true}}
08:50:20.286 [nioEventLoopGroup-3-1] DEBUG c.i.k.driver.chrome_1752371417478 - << {"id":87,"result":{"result":{"type":"boolean","value":true}},"sessionId":"F59642172AB9A721A267FD256CC91632"}
08:50:20.302 [main] INFO  c.intuit.karate.core.FeatureRuntime - classpath:UI/HomePageUI/HomePage.feature - call by tag at line 70: action_closeMenuBtn
08:50:20.341 [main] DEBUG c.intuit.karate.core.ScenarioEngine - over-writing existing variable 'homePage' with new value: read('classpath:UI/HomePageUI/saucedemo-HomePage.json')
08:50:20.345 [main] DEBUG c.i.k.driver.chrome_1752371417478 - >> {"id":88,"sessionId":"F59642172AB9A721A267FD256CC91632","method":"Runtime.evaluate","params":{"expression":"(document.querySelector(\"#react-burger-cross-btn\") != null)","returnByValue":true}}
08:50:20.348 [nioEventLoopGroup-3-1] DEBUG c.i.k.driver.chrome_1752371417478 - << {"id":88,"result":{"result":{"type":"boolean","value":true}},"sessionId":"F59642172AB9A721A267FD256CC91632"}
08:50:20.352 [main] DEBUG c.i.k.driver.chrome_1752371417478 - >> {"id":89,"sessionId":"F59642172AB9A721A267FD256CC91632","method":"Runtime.evaluate","params":{"expression":"document.querySelector(\"#react-burger-cross-btn\").click()","returnByValue":true}}
08:50:20.358 [nioEventLoopGroup-3-1] DEBUG c.i.k.driver.chrome_1752371417478 - << {"id":89,"result":{"result":{"type":"undefined"}},"sessionId":"F59642172AB9A721A267FD256CC91632"}
08:50:20.364 [main] DEBUG c.i.k.driver.chrome_1752371417478 - >> {"id":90,"sessionId":"F59642172AB9A721A267FD256CC91632","method":"Runtime.evaluate","params":{"expression":"(document.querySelector(\"div.bm-menu-wrap[aria-hidden='true']\") != null)","returnByValue":true}}
08:50:20.367 [nioEventLoopGroup-3-1] DEBUG c.i.k.driver.chrome_1752371417478 - << {"id":90,"result":{"result":{"type":"boolean","value":true}},"sessionId":"F59642172AB9A721A267FD256CC91632"}
08:50:20.402 [main] DEBUG c.i.k.driver.chrome_1752371417478 - >> {"id":91,"sessionId":"F59642172AB9A721A267FD256CC91632","method":"Target.closeTarget","params":{"targetId":"EE65992284441BF945A544EAECC2FB05"}}
08:50:20.404 [nioEventLoopGroup-3-1] DEBUG c.i.k.http.WebSocketClientHandler - websocket closing
08:50:20.405 [nioEventLoopGroup-3-1] DEBUG c.i.k.http.WebSocketClientHandler - websocket client disconnected
08:50:20.420 [main] DEBUG com.intuit.karate.shell.Command - closing command: chrome_1752371417478
08:50:20.442 [main] INFO  com.intuit.karate - karate.env system property was: null 
08:50:20.449 [main] DEBUG com.intuit.karate.shell.Command - found / verified free local port: 53654
08:50:20.449 [main] WARN  c.intuit.karate.driver.DriverOptions - preferred port 9222 not available, will use: 53654
08:50:20.452 [main] DEBUG c.i.k.driver.chrome_1752371420448 - poll attempt #0 for port to be ready - localhost:53654
08:50:20.452 [chrome_1752371420448] DEBUG c.i.k.driver.chrome_1752371420448 - command: [C:\Program Files\Google\Chrome\Application\chrome.exe, --remote-debugging-port=53654, --remote-allow-origins=*, --no-first-run, --user-data-dir=E:\Duy\Projects\practices\karate_framework\demo\target\chrome_1752371420448, --disable-popup-blocking, --disable-features=PasswordManager, --incognito], working dir: target\chrome_1752371420448
08:50:20.595 [chrome_1752371417478] WARN  com.intuit.karate.shell.Command - exit code was non-zero: 1 - [C:\Program Files\Google\Chrome\Application\chrome.exe, --remote-debugging-port=53624, --remote-allow-origins=*, --no-first-run, --user-data-dir=E:\Duy\Projects\practices\karate_framework\demo\target\chrome_1752371417478, --disable-popup-blocking, --disable-features=PasswordManager, --incognito] working dir: target\chrome_1752371417478
08:50:20.715 [main] DEBUG c.i.k.driver.chrome_1752371420448 - poll attempt #1 for port to be ready - localhost:53654
08:50:20.975 [main] DEBUG c.i.k.driver.chrome_1752371420448 - poll attempt #2 for port to be ready - localhost:53654
08:50:21.028 [chrome_1752371420448-out] DEBUG c.i.k.driver.chrome_1752371420448 - 
08:50:21.028 [chrome_1752371420448-out] DEBUG c.i.k.driver.chrome_1752371420448 - DevTools listening on ws://127.0.0.1:53654/devtools/browser/48851088-8c5f-4a98-a317-8e5eb8fed28e
08:50:21.238 [main] DEBUG c.i.k.driver.chrome_1752371420448 - poll attempt #3 for port to be ready - localhost:53654
08:50:21.319 [main] DEBUG com.intuit.karate - request:
1 > GET http://localhost:53654/json
1 > Host: localhost:53654
1 > Connection: Keep-Alive
1 > User-Agent: Apache-HttpClient/4.5.14 (Java/21.0.7)
1 > Accept-Encoding: gzip,deflate


08:50:21.375 [main] DEBUG com.intuit.karate - response time in milliseconds: 52
1 < 200
1 < Content-Security-Policy: frame-ancestors 'none'
1 < Content-Length: 1522
1 < Content-Type: application/json; charset=UTF-8
[ {
   "description": "",
   "devtoolsFrontendUrl": "https://chrome-devtools-frontend.appspot.com/serve_rev/@a2159ad9ab8037bd34a21b9903003e0964c2075b/inspector.html?ws=localhost:53654/devtools/page/34ADA652C3667CAA80A2B1FA1552CE1A",
   "id": "34ADA652C3667CAA80A2B1FA1552CE1A",
   "title": "Google Hangouts",
   "type": "background_page",
   "url": "chrome-extension://nkeimhogjdpnpccoofpliimaahmaaome/background.html",
   "webSocketDebuggerUrl": "ws://localhost:53654/devtools/page/34ADA652C3667CAA80A2B1FA1552CE1A"
}, {
   "description": "",
   "devtoolsFrontendUrl": "https://chrome-devtools-frontend.appspot.com/serve_rev/@a2159ad9ab8037bd34a21b9903003e0964c2075b/inspector.html?ws=localhost:53654/devtools/page/6B151F12B0772AA5DCE852E25A87EE25",
   "id": "6B151F12B0772AA5DCE852E25A87EE25",
   "title": "Google Hangouts",
   "type": "background_page",
   "url": "chrome-extension://nkeimhogjdpnpccoofpliimaahmaaome/background.html",
   "webSocketDebuggerUrl": "ws://localhost:53654/devtools/page/6B151F12B0772AA5DCE852E25A87EE25"
}, {
   "description": "",
   "devtoolsFrontendUrl": "https://chrome-devtools-frontend.appspot.com/serve_rev/@a2159ad9ab8037bd34a21b9903003e0964c2075b/inspector.html?ws=localhost:53654/devtools/page/28402BF1A341104C37D42267911A0210",
   "id": "28402BF1A341104C37D42267911A0210",
   "title": "New Incognito Tab",
   "type": "page",
   "url": "chrome://newtab/",
   "webSocketDebuggerUrl": "ws://localhost:53654/devtools/page/28402BF1A341104C37D42267911A0210"
} ]


08:50:21.384 [main] DEBUG com.intuit.karate.shell.Command - ready to accept http connections after 118 ms - http://localhost:53654/json
08:50:21.387 [main] DEBUG com.intuit.karate - request:
1 > GET http://localhost:53654/json
1 > Host: localhost:53654
1 > Connection: Keep-Alive
1 > User-Agent: Apache-HttpClient/4.5.14 (Java/21.0.7)
1 > Accept-Encoding: gzip,deflate


08:50:21.391 [main] DEBUG com.intuit.karate - response time in milliseconds: 4
1 < 200
1 < Content-Security-Policy: frame-ancestors 'none'
1 < Content-Length: 1522
1 < Content-Type: application/json; charset=UTF-8
[ {
   "description": "",
   "devtoolsFrontendUrl": "https://chrome-devtools-frontend.appspot.com/serve_rev/@a2159ad9ab8037bd34a21b9903003e0964c2075b/inspector.html?ws=localhost:53654/devtools/page/34ADA652C3667CAA80A2B1FA1552CE1A",
   "id": "34ADA652C3667CAA80A2B1FA1552CE1A",
   "title": "Google Hangouts",
   "type": "background_page",
   "url": "chrome-extension://nkeimhogjdpnpccoofpliimaahmaaome/background.html",
   "webSocketDebuggerUrl": "ws://localhost:53654/devtools/page/34ADA652C3667CAA80A2B1FA1552CE1A"
}, {
   "description": "",
   "devtoolsFrontendUrl": "https://chrome-devtools-frontend.appspot.com/serve_rev/@a2159ad9ab8037bd34a21b9903003e0964c2075b/inspector.html?ws=localhost:53654/devtools/page/6B151F12B0772AA5DCE852E25A87EE25",
   "id": "6B151F12B0772AA5DCE852E25A87EE25",
   "title": "Google Hangouts",
   "type": "background_page",
   "url": "chrome-extension://nkeimhogjdpnpccoofpliimaahmaaome/background.html",
   "webSocketDebuggerUrl": "ws://localhost:53654/devtools/page/6B151F12B0772AA5DCE852E25A87EE25"
}, {
   "description": "",
   "devtoolsFrontendUrl": "https://chrome-devtools-frontend.appspot.com/serve_rev/@a2159ad9ab8037bd34a21b9903003e0964c2075b/inspector.html?ws=localhost:53654/devtools/page/28402BF1A341104C37D42267911A0210",
   "id": "28402BF1A341104C37D42267911A0210",
   "title": "New Incognito Tab",
   "type": "page",
   "url": "chrome://newtab/",
   "webSocketDebuggerUrl": "ws://localhost:53654/devtools/page/28402BF1A341104C37D42267911A0210"
} ]


08:50:21.393 [main] DEBUG c.i.k.driver.chrome_1752371420448 - root frame id: 28402BF1A341104C37D42267911A0210
08:50:21.490 [nioEventLoopGroup-4-1] DEBUG c.i.k.http.WebSocketClientHandler - websocket client connected
08:50:21.495 [main] DEBUG c.i.k.driver.chrome_1752371420448 - >> {"id":1,"method":"Target.attachToTarget","params":{"targetId":"28402BF1A341104C37D42267911A0210","flatten":true}}
08:50:21.500 [nioEventLoopGroup-4-1] DEBUG c.i.k.driver.chrome_1752371420448 - << {"method":"Target.attachedToTarget","params":{"sessionId":"4808333591B344B37A87E54E6456A2A7","targetInfo":{"targetId":"28402BF1A341104C37D42267911A0210","type":"page","title":"New Incognito Tab","url":"chrome://newtab/","attached":true,"canAccessOpener":false,"browserContextId":"968000B4A634271B4D73C66A226E3B87"},"waitingForDebugger":false}}
08:50:21.500 [nioEventLoopGroup-4-1] DEBUG c.i.k.driver.chrome_1752371420448 - << {"id":1,"result":{"sessionId":"4808333591B344B37A87E54E6456A2A7"}}
08:50:21.506 [main] DEBUG c.i.k.driver.chrome_1752371420448 - >> {"id":2,"sessionId":"4808333591B344B37A87E54E6456A2A7","method":"Target.activateTarget","params":{"targetId":"28402BF1A341104C37D42267911A0210"}}
08:50:21.510 [nioEventLoopGroup-4-1] DEBUG c.i.k.driver.chrome_1752371420448 - << {"id":2,"result":{},"sessionId":"4808333591B344B37A87E54E6456A2A7"}
08:50:21.512 [main] DEBUG c.i.k.driver.chrome_1752371420448 - >> {"id":3,"sessionId":"4808333591B344B37A87E54E6456A2A7","method":"Target.setDiscoverTargets","params":{"discover":true}}
08:50:21.514 [nioEventLoopGroup-4-1] DEBUG c.i.k.driver.chrome_1752371420448 - << {"method":"Target.targetCreated","params":{"targetInfo":{"targetId":"28402BF1A341104C37D42267911A0210","type":"page","title":"New Incognito Tab","url":"chrome://newtab/","attached":true,"canAccessOpener":false,"browserContextId":"968000B4A634271B4D73C66A226E3B87"}},"sessionId":"4808333591B344B37A87E54E6456A2A7"}
08:50:21.514 [nioEventLoopGroup-4-1] DEBUG c.i.k.driver.chrome_1752371420448 - << {"method":"Target.targetCreated","params":{"targetInfo":{"targetId":"34ADA652C3667CAA80A2B1FA1552CE1A","type":"background_page","title":"Google Hangouts","url":"chrome-extension://nkeimhogjdpnpccoofpliimaahmaaome/background.html","attached":false,"canAccessOpener":false,"browserContextId":"968000B4A634271B4D73C66A226E3B87"}},"sessionId":"4808333591B344B37A87E54E6456A2A7"}
08:50:21.515 [nioEventLoopGroup-4-1] DEBUG c.i.k.driver.chrome_1752371420448 - << {"method":"Target.targetCreated","params":{"targetInfo":{"targetId":"6B151F12B0772AA5DCE852E25A87EE25","type":"background_page","title":"Google Hangouts","url":"chrome-extension://nkeimhogjdpnpccoofpliimaahmaaome/background.html","attached":false,"canAccessOpener":false,"browserContextId":"AFFA1B0B55F299B539EC8AD14A5A6BE7"}},"sessionId":"4808333591B344B37A87E54E6456A2A7"}
08:50:21.516 [nioEventLoopGroup-4-1] DEBUG c.i.k.driver.chrome_1752371420448 - << {"id":3,"result":{},"sessionId":"4808333591B344B37A87E54E6456A2A7"}
08:50:21.517 [main] DEBUG c.i.k.driver.chrome_1752371420448 - >> {"id":4,"sessionId":"4808333591B344B37A87E54E6456A2A7","method":"Page.enable"}
08:50:21.539 [nioEventLoopGroup-4-1] DEBUG c.i.k.driver.chrome_1752371420448 - << {"id":4,"result":{},"sessionId":"4808333591B344B37A87E54E6456A2A7"}
08:50:21.540 [nioEventLoopGroup-4-1] DEBUG c.i.k.driver.chrome_1752371420448 - << {"method":"Page.loadEventFired","params":{"timestamp":251473.084732},"sessionId":"4808333591B344B37A87E54E6456A2A7"}
08:50:21.541 [nioEventLoopGroup-4-1] DEBUG c.i.k.driver.chrome_1752371420448 - << {"method":"Page.frameStoppedLoading","params":{"frameId":"28402BF1A341104C37D42267911A0210"},"sessionId":"4808333591B344B37A87E54E6456A2A7"}
08:50:21.543 [main] DEBUG c.i.k.driver.chrome_1752371420448 - >> {"id":5,"sessionId":"4808333591B344B37A87E54E6456A2A7","method":"Runtime.enable"}
08:50:21.545 [nioEventLoopGroup-4-1] DEBUG c.i.k.driver.chrome_1752371420448 - << {"method":"Runtime.executionContextCreated","params":{"context":{"id":1,"origin":"chrome://newtab","name":"","uniqueId":"-6653057959020876476.-6425080255994724276","auxData":{"isDefault":true,"type":"default","frameId":"28402BF1A341104C37D42267911A0210"}}},"sessionId":"4808333591B344B37A87E54E6456A2A7"}
08:50:21.546 [nioEventLoopGroup-4-1] DEBUG c.i.k.driver.chrome_1752371420448 - << {"id":5,"result":{},"sessionId":"4808333591B344B37A87E54E6456A2A7"}
08:50:21.546 [main] DEBUG c.i.k.driver.chrome_1752371420448 - >> {"id":6,"sessionId":"4808333591B344B37A87E54E6456A2A7","method":"Browser.getWindowForTarget","params":{"targetId":"28402BF1A341104C37D42267911A0210"}}
08:50:21.548 [nioEventLoopGroup-4-1] DEBUG c.i.k.driver.chrome_1752371420448 - << {"id":6,"result":{"windowId":1249042437,"bounds":{"left":10,"top":10,"width":945,"height":1060,"windowState":"normal"}},"sessionId":"4808333591B344B37A87E54E6456A2A7"}
08:50:21.556 [nioEventLoopGroup-4-1] DEBUG c.i.k.driver.chrome_1752371420448 - << {"method":"Target.targetInfoChanged","params":{"targetInfo":{"targetId":"6B151F12B0772AA5DCE852E25A87EE25","type":"background_page","title":"Google Hangouts","url":"chrome-extension://nkeimhogjdpnpccoofpliimaahmaaome/background.html","attached":false,"canAccessOpener":false,"browserContextId":"AFFA1B0B55F299B539EC8AD14A5A6BE7"}},"sessionId":"4808333591B344B37A87E54E6456A2A7"}
08:50:21.566 [main] DEBUG c.i.k.driver.chrome_1752371420448 - >> {"id":7,"sessionId":"4808333591B344B37A87E54E6456A2A7","method":"Page.navigate","params":{"url":"https:\/\/saucedemo.com\/"}}
08:50:21.575 [nioEventLoopGroup-4-1] DEBUG c.i.k.driver.chrome_1752371420448 - << {"method":"Page.frameStartedNavigating","params":{"frameId":"28402BF1A341104C37D42267911A0210","url":"https://saucedemo.com/","loaderId":"0E7C9416D4D49C1A588425EEDDD60FA7","navigationType":"differentDocument"},"sessionId":"4808333591B344B37A87E54E6456A2A7"}
08:50:21.576 [nioEventLoopGroup-4-1] DEBUG c.i.k.driver.chrome_1752371420448 - << {"method":"Page.frameStartedLoading","params":{"frameId":"28402BF1A341104C37D42267911A0210"},"sessionId":"4808333591B344B37A87E54E6456A2A7"}
08:50:21.762 [nioEventLoopGroup-4-1] DEBUG c.i.k.driver.chrome_1752371420448 - << {"id":7,"result":{"frameId":"28402BF1A341104C37D42267911A0210","loaderId":"0E7C9416D4D49C1A588425EEDDD60FA7"},"sessionId":"4808333591B344B37A87E54E6456A2A7"}
08:50:21.766 [nioEventLoopGroup-4-1] DEBUG c.i.k.driver.chrome_1752371420448 - << {"method":"Runtime.executionContextsCleared","params":{},"sessionId":"4808333591B344B37A87E54E6456A2A7"}
08:50:21.768 [nioEventLoopGroup-4-1] DEBUG c.i.k.driver.chrome_1752371420448 - << {"method":"Runtime.executionContextsCleared","params":{},"sessionId":"4808333591B344B37A87E54E6456A2A7"}
08:50:21.769 [nioEventLoopGroup-4-1] DEBUG c.i.k.driver.chrome_1752371420448 - << {"method":"Page.frameNavigated","params":{"frame":{"id":"28402BF1A341104C37D42267911A0210","loaderId":"0E7C9416D4D49C1A588425EEDDD60FA7","url":"https://www.saucedemo.com/","domainAndRegistry":"saucedemo.com","securityOrigin":"https://www.saucedemo.com","securityOriginDetails":{"isLocalhost":false},"mimeType":"text/html","adFrameStatus":{"adFrameType":"none"},"secureContextType":"Secure","crossOriginIsolatedContextType":"NotIsolated","gatedAPIFeatures":[]},"type":"Navigation"},"sessionId":"4808333591B344B37A87E54E6456A2A7"}
08:50:21.784 [nioEventLoopGroup-4-1] DEBUG c.i.k.driver.chrome_1752371420448 - << {"method":"Target.targetInfoChanged","params":{"targetInfo":{"targetId":"28402BF1A341104C37D42267911A0210","type":"page","title":"saucedemo.com","url":"https://www.saucedemo.com/","attached":true,"canAccessOpener":false,"browserContextId":"968000B4A634271B4D73C66A226E3B87"}},"sessionId":"4808333591B344B37A87E54E6456A2A7"}
08:50:21.791 [nioEventLoopGroup-4-1] DEBUG c.i.k.driver.chrome_1752371420448 - << {"method":"Runtime.executionContextCreated","params":{"context":{"id":1,"origin":"https://www.saucedemo.com","name":"","uniqueId":"-1185498448750752302.-6872675006505545546","auxData":{"isDefault":true,"type":"default","frameId":"28402BF1A341104C37D42267911A0210"}}},"sessionId":"4808333591B344B37A87E54E6456A2A7"}
08:50:22.014 [nioEventLoopGroup-4-1] DEBUG c.i.k.driver.chrome_1752371420448 - << {"method":"Target.targetCreated","params":{"targetInfo":{"targetId":"8E5F59738AF3D92820716BB0F278BAC4","type":"service_worker","title":"Service Worker chrome-extension://fignfifoniblkonapihmkfakmlgkbkcf/service_worker.js","url":"chrome-extension://fignfifoniblkonapihmkfakmlgkbkcf/service_worker.js","attached":false,"canAccessOpener":false,"browserContextId":"AFFA1B0B55F299B539EC8AD14A5A6BE7"}},"sessionId":"4808333591B344B37A87E54E6456A2A7"}
08:50:22.379 [nioEventLoopGroup-4-1] DEBUG c.i.k.driver.chrome_1752371420448 - << {"method":"Page.domContentEventFired","params":{"timestamp":251473.916085},"sessionId":"4808333591B344B37A87E54E6456A2A7"}
08:50:22.387 [main] INFO  c.intuit.karate.core.FeatureRuntime - classpath:UI/LoginUI/LoginPage.feature - call by tag at line 7: action_attemptLogin
08:50:22.418 [main] DEBUG c.i.k.driver.chrome_1752371420448 - >> {"id":8,"sessionId":"4808333591B344B37A87E54E6456A2A7","method":"Runtime.evaluate","params":{"expression":"var e = document.evaluate(\"\/\/*[@id='user-name']\", document, null, 9, null).singleNodeValue; e.focus(); try { e.selectionStart = e.selectionEnd = e.value.length } catch(x) {}","returnByValue":true}}
08:50:22.424 [nioEventLoopGroup-4-1] DEBUG c.i.k.driver.chrome_1752371420448 - << {"id":8,"result":{"result":{"type":"number","value":0,"description":"0"}},"sessionId":"4808333591B344B37A87E54E6456A2A7"}
08:50:22.425 [main] DEBUG c.i.k.driver.chrome_1752371420448 - >> {"id":9,"sessionId":"4808333591B344B37A87E54E6456A2A7","method":"Input.dispatchKeyEvent","params":{"modifiers":0,"type":"rawKeyDown","text":"s","windowsVirtualKeyCode":115}}
08:50:22.430 [nioEventLoopGroup-4-1] DEBUG c.i.k.driver.chrome_1752371420448 - << {"id":9,"result":{},"sessionId":"4808333591B344B37A87E54E6456A2A7"}
08:50:22.431 [main] DEBUG c.i.k.driver.chrome_1752371420448 - >> {"id":10,"sessionId":"4808333591B344B37A87E54E6456A2A7","method":"Input.dispatchKeyEvent","params":{"modifiers":0,"type":"char","text":"s","windowsVirtualKeyCode":115}}
08:50:22.442 [nioEventLoopGroup-4-1] DEBUG c.i.k.driver.chrome_1752371420448 - << {"id":10,"result":{},"sessionId":"4808333591B344B37A87E54E6456A2A7"}
08:50:22.443 [main] DEBUG c.i.k.driver.chrome_1752371420448 - >> {"id":11,"sessionId":"4808333591B344B37A87E54E6456A2A7","method":"Input.dispatchKeyEvent","params":{"modifiers":0,"type":"keyUp","text":"s","windowsVirtualKeyCode":115}}
08:50:22.448 [nioEventLoopGroup-4-1] DEBUG c.i.k.driver.chrome_1752371420448 - << {"id":11,"result":{},"sessionId":"4808333591B344B37A87E54E6456A2A7"}
08:50:22.449 [main] DEBUG c.i.k.driver.chrome_1752371420448 - >> {"id":12,"sessionId":"4808333591B344B37A87E54E6456A2A7","method":"Input.dispatchKeyEvent","params":{"modifiers":0,"type":"rawKeyDown","text":"t","windowsVirtualKeyCode":116}}
08:50:22.453 [nioEventLoopGroup-4-1] DEBUG c.i.k.driver.chrome_1752371420448 - << {"id":12,"result":{},"sessionId":"4808333591B344B37A87E54E6456A2A7"}
08:50:22.453 [main] DEBUG c.i.k.driver.chrome_1752371420448 - >> {"id":13,"sessionId":"4808333591B344B37A87E54E6456A2A7","method":"Input.dispatchKeyEvent","params":{"modifiers":0,"type":"char","text":"t","windowsVirtualKeyCode":116}}
08:50:22.461 [nioEventLoopGroup-4-1] DEBUG c.i.k.driver.chrome_1752371420448 - << {"id":13,"result":{},"sessionId":"4808333591B344B37A87E54E6456A2A7"}
08:50:22.462 [main] DEBUG c.i.k.driver.chrome_1752371420448 - >> {"id":14,"sessionId":"4808333591B344B37A87E54E6456A2A7","method":"Input.dispatchKeyEvent","params":{"modifiers":0,"type":"keyUp","text":"t","windowsVirtualKeyCode":116}}
08:50:22.465 [nioEventLoopGroup-4-1] DEBUG c.i.k.driver.chrome_1752371420448 - << {"id":14,"result":{},"sessionId":"4808333591B344B37A87E54E6456A2A7"}
08:50:22.466 [main] DEBUG c.i.k.driver.chrome_1752371420448 - >> {"id":15,"sessionId":"4808333591B344B37A87E54E6456A2A7","method":"Input.dispatchKeyEvent","params":{"modifiers":0,"type":"rawKeyDown","text":"a","windowsVirtualKeyCode":97}}
08:50:22.468 [nioEventLoopGroup-4-1] DEBUG c.i.k.driver.chrome_1752371420448 - << {"id":15,"result":{},"sessionId":"4808333591B344B37A87E54E6456A2A7"}
08:50:22.469 [main] DEBUG c.i.k.driver.chrome_1752371420448 - >> {"id":16,"sessionId":"4808333591B344B37A87E54E6456A2A7","method":"Input.dispatchKeyEvent","params":{"modifiers":0,"type":"char","text":"a","windowsVirtualKeyCode":97}}
08:50:22.474 [nioEventLoopGroup-4-1] DEBUG c.i.k.driver.chrome_1752371420448 - << {"id":16,"result":{},"sessionId":"4808333591B344B37A87E54E6456A2A7"}
08:50:22.475 [main] DEBUG c.i.k.driver.chrome_1752371420448 - >> {"id":17,"sessionId":"4808333591B344B37A87E54E6456A2A7","method":"Input.dispatchKeyEvent","params":{"modifiers":0,"type":"keyUp","text":"a","windowsVirtualKeyCode":97}}
08:50:22.478 [nioEventLoopGroup-4-1] DEBUG c.i.k.driver.chrome_1752371420448 - << {"id":17,"result":{},"sessionId":"4808333591B344B37A87E54E6456A2A7"}
08:50:22.480 [main] DEBUG c.i.k.driver.chrome_1752371420448 - >> {"id":18,"sessionId":"4808333591B344B37A87E54E6456A2A7","method":"Input.dispatchKeyEvent","params":{"modifiers":0,"type":"rawKeyDown","text":"n","windowsVirtualKeyCode":110}}
08:50:22.482 [nioEventLoopGroup-4-1] DEBUG c.i.k.driver.chrome_1752371420448 - << {"id":18,"result":{},"sessionId":"4808333591B344B37A87E54E6456A2A7"}
08:50:22.483 [main] DEBUG c.i.k.driver.chrome_1752371420448 - >> {"id":19,"sessionId":"4808333591B344B37A87E54E6456A2A7","method":"Input.dispatchKeyEvent","params":{"modifiers":0,"type":"char","text":"n","windowsVirtualKeyCode":110}}
08:50:22.488 [nioEventLoopGroup-4-1] DEBUG c.i.k.driver.chrome_1752371420448 - << {"id":19,"result":{},"sessionId":"4808333591B344B37A87E54E6456A2A7"}
08:50:22.489 [main] DEBUG c.i.k.driver.chrome_1752371420448 - >> {"id":20,"sessionId":"4808333591B344B37A87E54E6456A2A7","method":"Input.dispatchKeyEvent","params":{"modifiers":0,"type":"keyUp","text":"n","windowsVirtualKeyCode":110}}
08:50:22.492 [nioEventLoopGroup-4-1] DEBUG c.i.k.driver.chrome_1752371420448 - << {"id":20,"result":{},"sessionId":"4808333591B344B37A87E54E6456A2A7"}
08:50:22.493 [main] DEBUG c.i.k.driver.chrome_1752371420448 - >> {"id":21,"sessionId":"4808333591B344B37A87E54E6456A2A7","method":"Input.dispatchKeyEvent","params":{"modifiers":0,"type":"rawKeyDown","text":"d","windowsVirtualKeyCode":100}}
08:50:22.496 [nioEventLoopGroup-4-1] DEBUG c.i.k.driver.chrome_1752371420448 - << {"id":21,"result":{},"sessionId":"4808333591B344B37A87E54E6456A2A7"}
08:50:22.496 [main] DEBUG c.i.k.driver.chrome_1752371420448 - >> {"id":22,"sessionId":"4808333591B344B37A87E54E6456A2A7","method":"Input.dispatchKeyEvent","params":{"modifiers":0,"type":"char","text":"d","windowsVirtualKeyCode":100}}
08:50:22.501 [nioEventLoopGroup-4-1] DEBUG c.i.k.driver.chrome_1752371420448 - << {"id":22,"result":{},"sessionId":"4808333591B344B37A87E54E6456A2A7"}
08:50:22.502 [main] DEBUG c.i.k.driver.chrome_1752371420448 - >> {"id":23,"sessionId":"4808333591B344B37A87E54E6456A2A7","method":"Input.dispatchKeyEvent","params":{"modifiers":0,"type":"keyUp","text":"d","windowsVirtualKeyCode":100}}
08:50:22.504 [nioEventLoopGroup-4-1] DEBUG c.i.k.driver.chrome_1752371420448 - << {"id":23,"result":{},"sessionId":"4808333591B344B37A87E54E6456A2A7"}
08:50:22.505 [main] DEBUG c.i.k.driver.chrome_1752371420448 - >> {"id":24,"sessionId":"4808333591B344B37A87E54E6456A2A7","method":"Input.dispatchKeyEvent","params":{"modifiers":0,"type":"rawKeyDown","text":"a","windowsVirtualKeyCode":97}}
08:50:22.509 [nioEventLoopGroup-4-1] DEBUG c.i.k.driver.chrome_1752371420448 - << {"id":24,"result":{},"sessionId":"4808333591B344B37A87E54E6456A2A7"}
08:50:22.509 [main] DEBUG c.i.k.driver.chrome_1752371420448 - >> {"id":25,"sessionId":"4808333591B344B37A87E54E6456A2A7","method":"Input.dispatchKeyEvent","params":{"modifiers":0,"type":"char","text":"a","windowsVirtualKeyCode":97}}
08:50:22.516 [nioEventLoopGroup-4-1] DEBUG c.i.k.driver.chrome_1752371420448 - << {"id":25,"result":{},"sessionId":"4808333591B344B37A87E54E6456A2A7"}
08:50:22.518 [main] DEBUG c.i.k.driver.chrome_1752371420448 - >> {"id":26,"sessionId":"4808333591B344B37A87E54E6456A2A7","method":"Input.dispatchKeyEvent","params":{"modifiers":0,"type":"keyUp","text":"a","windowsVirtualKeyCode":97}}
08:50:22.520 [nioEventLoopGroup-4-1] DEBUG c.i.k.driver.chrome_1752371420448 - << {"id":26,"result":{},"sessionId":"4808333591B344B37A87E54E6456A2A7"}
08:50:22.522 [main] DEBUG c.i.k.driver.chrome_1752371420448 - >> {"id":27,"sessionId":"4808333591B344B37A87E54E6456A2A7","method":"Input.dispatchKeyEvent","params":{"modifiers":0,"type":"rawKeyDown","text":"r","windowsVirtualKeyCode":114}}
08:50:22.525 [nioEventLoopGroup-4-1] DEBUG c.i.k.driver.chrome_1752371420448 - << {"id":27,"result":{},"sessionId":"4808333591B344B37A87E54E6456A2A7"}
08:50:22.527 [main] DEBUG c.i.k.driver.chrome_1752371420448 - >> {"id":28,"sessionId":"4808333591B344B37A87E54E6456A2A7","method":"Input.dispatchKeyEvent","params":{"modifiers":0,"type":"char","text":"r","windowsVirtualKeyCode":114}}
08:50:22.533 [nioEventLoopGroup-4-1] DEBUG c.i.k.driver.chrome_1752371420448 - << {"id":28,"result":{},"sessionId":"4808333591B344B37A87E54E6456A2A7"}
08:50:22.534 [main] DEBUG c.i.k.driver.chrome_1752371420448 - >> {"id":29,"sessionId":"4808333591B344B37A87E54E6456A2A7","method":"Input.dispatchKeyEvent","params":{"modifiers":0,"type":"keyUp","text":"r","windowsVirtualKeyCode":114}}
08:50:22.537 [nioEventLoopGroup-4-1] DEBUG c.i.k.driver.chrome_1752371420448 - << {"id":29,"result":{},"sessionId":"4808333591B344B37A87E54E6456A2A7"}
08:50:22.538 [main] DEBUG c.i.k.driver.chrome_1752371420448 - >> {"id":30,"sessionId":"4808333591B344B37A87E54E6456A2A7","method":"Input.dispatchKeyEvent","params":{"modifiers":0,"type":"rawKeyDown","text":"d","windowsVirtualKeyCode":100}}
08:50:22.542 [nioEventLoopGroup-4-1] DEBUG c.i.k.driver.chrome_1752371420448 - << {"id":30,"result":{},"sessionId":"4808333591B344B37A87E54E6456A2A7"}
08:50:22.543 [main] DEBUG c.i.k.driver.chrome_1752371420448 - >> {"id":31,"sessionId":"4808333591B344B37A87E54E6456A2A7","method":"Input.dispatchKeyEvent","params":{"modifiers":0,"type":"char","text":"d","windowsVirtualKeyCode":100}}
08:50:22.549 [nioEventLoopGroup-4-1] DEBUG c.i.k.driver.chrome_1752371420448 - << {"id":31,"result":{},"sessionId":"4808333591B344B37A87E54E6456A2A7"}
08:50:22.550 [main] DEBUG c.i.k.driver.chrome_1752371420448 - >> {"id":32,"sessionId":"4808333591B344B37A87E54E6456A2A7","method":"Input.dispatchKeyEvent","params":{"modifiers":0,"type":"keyUp","text":"d","windowsVirtualKeyCode":100}}
08:50:22.553 [nioEventLoopGroup-4-1] DEBUG c.i.k.driver.chrome_1752371420448 - << {"id":32,"result":{},"sessionId":"4808333591B344B37A87E54E6456A2A7"}
08:50:22.554 [main] DEBUG c.i.k.driver.chrome_1752371420448 - >> {"id":33,"sessionId":"4808333591B344B37A87E54E6456A2A7","method":"Input.dispatchKeyEvent","params":{"modifiers":0,"type":"rawKeyDown","text":"_","windowsVirtualKeyCode":523}}
08:50:22.559 [nioEventLoopGroup-4-1] DEBUG c.i.k.driver.chrome_1752371420448 - << {"id":33,"result":{},"sessionId":"4808333591B344B37A87E54E6456A2A7"}
08:50:22.560 [main] DEBUG c.i.k.driver.chrome_1752371420448 - >> {"id":34,"sessionId":"4808333591B344B37A87E54E6456A2A7","method":"Input.dispatchKeyEvent","params":{"modifiers":0,"type":"char","text":"_","windowsVirtualKeyCode":523}}
08:50:22.567 [nioEventLoopGroup-4-1] DEBUG c.i.k.driver.chrome_1752371420448 - << {"id":34,"result":{},"sessionId":"4808333591B344B37A87E54E6456A2A7"}
08:50:22.568 [main] DEBUG c.i.k.driver.chrome_1752371420448 - >> {"id":35,"sessionId":"4808333591B344B37A87E54E6456A2A7","method":"Input.dispatchKeyEvent","params":{"modifiers":0,"type":"keyUp","text":"_","windowsVirtualKeyCode":523}}
08:50:22.570 [nioEventLoopGroup-4-1] DEBUG c.i.k.driver.chrome_1752371420448 - << {"id":35,"result":{},"sessionId":"4808333591B344B37A87E54E6456A2A7"}
08:50:22.571 [main] DEBUG c.i.k.driver.chrome_1752371420448 - >> {"id":36,"sessionId":"4808333591B344B37A87E54E6456A2A7","method":"Input.dispatchKeyEvent","params":{"modifiers":0,"type":"rawKeyDown","text":"u","windowsVirtualKeyCode":117}}
08:50:22.578 [nioEventLoopGroup-4-1] DEBUG c.i.k.driver.chrome_1752371420448 - << {"id":36,"result":{},"sessionId":"4808333591B344B37A87E54E6456A2A7"}
08:50:22.579 [main] DEBUG c.i.k.driver.chrome_1752371420448 - >> {"id":37,"sessionId":"4808333591B344B37A87E54E6456A2A7","method":"Input.dispatchKeyEvent","params":{"modifiers":0,"type":"char","text":"u","windowsVirtualKeyCode":117}}
08:50:22.586 [nioEventLoopGroup-4-1] DEBUG c.i.k.driver.chrome_1752371420448 - << {"id":37,"result":{},"sessionId":"4808333591B344B37A87E54E6456A2A7"}
08:50:22.587 [main] DEBUG c.i.k.driver.chrome_1752371420448 - >> {"id":38,"sessionId":"4808333591B344B37A87E54E6456A2A7","method":"Input.dispatchKeyEvent","params":{"modifiers":0,"type":"keyUp","text":"u","windowsVirtualKeyCode":117}}
08:50:22.590 [nioEventLoopGroup-4-1] DEBUG c.i.k.driver.chrome_1752371420448 - << {"id":38,"result":{},"sessionId":"4808333591B344B37A87E54E6456A2A7"}
08:50:22.591 [main] DEBUG c.i.k.driver.chrome_1752371420448 - >> {"id":39,"sessionId":"4808333591B344B37A87E54E6456A2A7","method":"Input.dispatchKeyEvent","params":{"modifiers":0,"type":"rawKeyDown","text":"s","windowsVirtualKeyCode":115}}
08:50:22.604 [nioEventLoopGroup-4-1] DEBUG c.i.k.driver.chrome_1752371420448 - << {"id":39,"result":{},"sessionId":"4808333591B344B37A87E54E6456A2A7"}
08:50:22.605 [main] DEBUG c.i.k.driver.chrome_1752371420448 - >> {"id":40,"sessionId":"4808333591B344B37A87E54E6456A2A7","method":"Input.dispatchKeyEvent","params":{"modifiers":0,"type":"char","text":"s","windowsVirtualKeyCode":115}}
08:50:22.612 [nioEventLoopGroup-4-1] DEBUG c.i.k.driver.chrome_1752371420448 - << {"id":40,"result":{},"sessionId":"4808333591B344B37A87E54E6456A2A7"}
08:50:22.613 [main] DEBUG c.i.k.driver.chrome_1752371420448 - >> {"id":41,"sessionId":"4808333591B344B37A87E54E6456A2A7","method":"Input.dispatchKeyEvent","params":{"modifiers":0,"type":"keyUp","text":"s","windowsVirtualKeyCode":115}}
08:50:22.629 [nioEventLoopGroup-4-1] DEBUG c.i.k.driver.chrome_1752371420448 - << {"id":41,"result":{},"sessionId":"4808333591B344B37A87E54E6456A2A7"}
08:50:22.630 [main] DEBUG c.i.k.driver.chrome_1752371420448 - >> {"id":42,"sessionId":"4808333591B344B37A87E54E6456A2A7","method":"Input.dispatchKeyEvent","params":{"modifiers":0,"type":"rawKeyDown","text":"e","windowsVirtualKeyCode":101}}
08:50:22.634 [nioEventLoopGroup-4-1] DEBUG c.i.k.driver.chrome_1752371420448 - << {"id":42,"result":{},"sessionId":"4808333591B344B37A87E54E6456A2A7"}
08:50:22.635 [main] DEBUG c.i.k.driver.chrome_1752371420448 - >> {"id":43,"sessionId":"4808333591B344B37A87E54E6456A2A7","method":"Input.dispatchKeyEvent","params":{"modifiers":0,"type":"char","text":"e","windowsVirtualKeyCode":101}}
08:50:22.647 [nioEventLoopGroup-4-1] DEBUG c.i.k.driver.chrome_1752371420448 - << {"id":43,"result":{},"sessionId":"4808333591B344B37A87E54E6456A2A7"}
08:50:22.648 [main] DEBUG c.i.k.driver.chrome_1752371420448 - >> {"id":44,"sessionId":"4808333591B344B37A87E54E6456A2A7","method":"Input.dispatchKeyEvent","params":{"modifiers":0,"type":"keyUp","text":"e","windowsVirtualKeyCode":101}}
08:50:22.652 [nioEventLoopGroup-4-1] DEBUG c.i.k.driver.chrome_1752371420448 - << {"id":44,"result":{},"sessionId":"4808333591B344B37A87E54E6456A2A7"}
08:50:22.653 [main] DEBUG c.i.k.driver.chrome_1752371420448 - >> {"id":45,"sessionId":"4808333591B344B37A87E54E6456A2A7","method":"Input.dispatchKeyEvent","params":{"modifiers":0,"type":"rawKeyDown","text":"r","windowsVirtualKeyCode":114}}
08:50:22.657 [nioEventLoopGroup-4-1] DEBUG c.i.k.driver.chrome_1752371420448 - << {"id":45,"result":{},"sessionId":"4808333591B344B37A87E54E6456A2A7"}
08:50:22.658 [main] DEBUG c.i.k.driver.chrome_1752371420448 - >> {"id":46,"sessionId":"4808333591B344B37A87E54E6456A2A7","method":"Input.dispatchKeyEvent","params":{"modifiers":0,"type":"char","text":"r","windowsVirtualKeyCode":114}}
08:50:22.665 [nioEventLoopGroup-4-1] DEBUG c.i.k.driver.chrome_1752371420448 - << {"id":46,"result":{},"sessionId":"4808333591B344B37A87E54E6456A2A7"}
08:50:22.666 [main] DEBUG c.i.k.driver.chrome_1752371420448 - >> {"id":47,"sessionId":"4808333591B344B37A87E54E6456A2A7","method":"Input.dispatchKeyEvent","params":{"modifiers":0,"type":"keyUp","text":"r","windowsVirtualKeyCode":114}}
08:50:22.669 [nioEventLoopGroup-4-1] DEBUG c.i.k.driver.chrome_1752371420448 - << {"id":47,"result":{},"sessionId":"4808333591B344B37A87E54E6456A2A7"}
08:50:22.675 [main] DEBUG c.i.k.driver.chrome_1752371420448 - >> {"id":48,"sessionId":"4808333591B344B37A87E54E6456A2A7","method":"Runtime.evaluate","params":{"expression":"var e = document.evaluate(\"\/\/*[@id='password']\", document, null, 9, null).singleNodeValue; e.focus(); try { e.selectionStart = e.selectionEnd = e.value.length } catch(x) {}","returnByValue":true}}
08:50:22.681 [nioEventLoopGroup-4-1] DEBUG c.i.k.driver.chrome_1752371420448 - << {"id":48,"result":{"result":{"type":"number","value":0,"description":"0"}},"sessionId":"4808333591B344B37A87E54E6456A2A7"}
08:50:22.682 [main] DEBUG c.i.k.driver.chrome_1752371420448 - >> {"id":49,"sessionId":"4808333591B344B37A87E54E6456A2A7","method":"Input.dispatchKeyEvent","params":{"modifiers":0,"type":"rawKeyDown","text":"s","windowsVirtualKeyCode":115}}
08:50:22.692 [nioEventLoopGroup-4-1] DEBUG c.i.k.driver.chrome_1752371420448 - << {"method":"Target.targetCreated","params":{"targetInfo":{"targetId":"75B9EE5A9BF901FE2BFDA70C51D26858","type":"service_worker","title":"Service Worker https://www.saucedemo.com/service-worker.js","url":"https://www.saucedemo.com/service-worker.js","attached":false,"canAccessOpener":false,"browserContextId":"968000B4A634271B4D73C66A226E3B87"}},"sessionId":"4808333591B344B37A87E54E6456A2A7"}
08:50:22.694 [nioEventLoopGroup-4-1] DEBUG c.i.k.driver.chrome_1752371420448 - << {"method":"Page.loadEventFired","params":{"timestamp":251474.230304},"sessionId":"4808333591B344B37A87E54E6456A2A7"}
08:50:22.696 [nioEventLoopGroup-4-1] DEBUG c.i.k.driver.chrome_1752371420448 - << {"method":"Page.frameStoppedLoading","params":{"frameId":"28402BF1A341104C37D42267911A0210"},"sessionId":"4808333591B344B37A87E54E6456A2A7"}
08:50:22.697 [nioEventLoopGroup-4-1] DEBUG c.i.k.driver.chrome_1752371420448 - << {"id":49,"result":{},"sessionId":"4808333591B344B37A87E54E6456A2A7"}
08:50:22.698 [main] DEBUG c.i.k.driver.chrome_1752371420448 - >> {"id":50,"sessionId":"4808333591B344B37A87E54E6456A2A7","method":"Input.dispatchKeyEvent","params":{"modifiers":0,"type":"char","text":"s","windowsVirtualKeyCode":115}}
08:50:22.709 [nioEventLoopGroup-4-1] DEBUG c.i.k.driver.chrome_1752371420448 - << {"id":50,"result":{},"sessionId":"4808333591B344B37A87E54E6456A2A7"}
08:50:22.710 [main] DEBUG c.i.k.driver.chrome_1752371420448 - >> {"id":51,"sessionId":"4808333591B344B37A87E54E6456A2A7","method":"Input.dispatchKeyEvent","params":{"modifiers":0,"type":"keyUp","text":"s","windowsVirtualKeyCode":115}}
08:50:22.716 [nioEventLoopGroup-4-1] DEBUG c.i.k.driver.chrome_1752371420448 - << {"id":51,"result":{},"sessionId":"4808333591B344B37A87E54E6456A2A7"}
08:50:22.717 [main] DEBUG c.i.k.driver.chrome_1752371420448 - >> {"id":52,"sessionId":"4808333591B344B37A87E54E6456A2A7","method":"Input.dispatchKeyEvent","params":{"modifiers":0,"type":"rawKeyDown","text":"e","windowsVirtualKeyCode":101}}
08:50:22.720 [nioEventLoopGroup-4-1] DEBUG c.i.k.driver.chrome_1752371420448 - << {"id":52,"result":{},"sessionId":"4808333591B344B37A87E54E6456A2A7"}
08:50:22.721 [main] DEBUG c.i.k.driver.chrome_1752371420448 - >> {"id":53,"sessionId":"4808333591B344B37A87E54E6456A2A7","method":"Input.dispatchKeyEvent","params":{"modifiers":0,"type":"char","text":"e","windowsVirtualKeyCode":101}}
08:50:22.727 [nioEventLoopGroup-4-1] DEBUG c.i.k.driver.chrome_1752371420448 - << {"id":53,"result":{},"sessionId":"4808333591B344B37A87E54E6456A2A7"}
08:50:22.728 [main] DEBUG c.i.k.driver.chrome_1752371420448 - >> {"id":54,"sessionId":"4808333591B344B37A87E54E6456A2A7","method":"Input.dispatchKeyEvent","params":{"modifiers":0,"type":"keyUp","text":"e","windowsVirtualKeyCode":101}}
08:50:22.731 [nioEventLoopGroup-4-1] DEBUG c.i.k.driver.chrome_1752371420448 - << {"id":54,"result":{},"sessionId":"4808333591B344B37A87E54E6456A2A7"}
08:50:22.731 [main] DEBUG c.i.k.driver.chrome_1752371420448 - >> {"id":55,"sessionId":"4808333591B344B37A87E54E6456A2A7","method":"Input.dispatchKeyEvent","params":{"modifiers":0,"type":"rawKeyDown","text":"c","windowsVirtualKeyCode":99}}
08:50:22.734 [nioEventLoopGroup-4-1] DEBUG c.i.k.driver.chrome_1752371420448 - << {"id":55,"result":{},"sessionId":"4808333591B344B37A87E54E6456A2A7"}
08:50:22.735 [main] DEBUG c.i.k.driver.chrome_1752371420448 - >> {"id":56,"sessionId":"4808333591B344B37A87E54E6456A2A7","method":"Input.dispatchKeyEvent","params":{"modifiers":0,"type":"char","text":"c","windowsVirtualKeyCode":99}}
08:50:22.743 [nioEventLoopGroup-4-1] DEBUG c.i.k.driver.chrome_1752371420448 - << {"id":56,"result":{},"sessionId":"4808333591B344B37A87E54E6456A2A7"}
08:50:22.745 [main] DEBUG c.i.k.driver.chrome_1752371420448 - >> {"id":57,"sessionId":"4808333591B344B37A87E54E6456A2A7","method":"Input.dispatchKeyEvent","params":{"modifiers":0,"type":"keyUp","text":"c","windowsVirtualKeyCode":99}}
08:50:22.749 [nioEventLoopGroup-4-1] DEBUG c.i.k.driver.chrome_1752371420448 - << {"id":57,"result":{},"sessionId":"4808333591B344B37A87E54E6456A2A7"}
08:50:22.750 [main] DEBUG c.i.k.driver.chrome_1752371420448 - >> {"id":58,"sessionId":"4808333591B344B37A87E54E6456A2A7","method":"Input.dispatchKeyEvent","params":{"modifiers":0,"type":"rawKeyDown","text":"r","windowsVirtualKeyCode":114}}
08:50:22.753 [nioEventLoopGroup-4-1] DEBUG c.i.k.driver.chrome_1752371420448 - << {"id":58,"result":{},"sessionId":"4808333591B344B37A87E54E6456A2A7"}
08:50:22.754 [main] DEBUG c.i.k.driver.chrome_1752371420448 - >> {"id":59,"sessionId":"4808333591B344B37A87E54E6456A2A7","method":"Input.dispatchKeyEvent","params":{"modifiers":0,"type":"char","text":"r","windowsVirtualKeyCode":114}}
08:50:22.760 [nioEventLoopGroup-4-1] DEBUG c.i.k.driver.chrome_1752371420448 - << {"id":59,"result":{},"sessionId":"4808333591B344B37A87E54E6456A2A7"}
08:50:22.762 [main] DEBUG c.i.k.driver.chrome_1752371420448 - >> {"id":60,"sessionId":"4808333591B344B37A87E54E6456A2A7","method":"Input.dispatchKeyEvent","params":{"modifiers":0,"type":"keyUp","text":"r","windowsVirtualKeyCode":114}}
08:50:22.765 [nioEventLoopGroup-4-1] DEBUG c.i.k.driver.chrome_1752371420448 - << {"id":60,"result":{},"sessionId":"4808333591B344B37A87E54E6456A2A7"}
08:50:22.766 [main] DEBUG c.i.k.driver.chrome_1752371420448 - >> {"id":61,"sessionId":"4808333591B344B37A87E54E6456A2A7","method":"Input.dispatchKeyEvent","params":{"modifiers":0,"type":"rawKeyDown","text":"e","windowsVirtualKeyCode":101}}
08:50:22.769 [nioEventLoopGroup-4-1] DEBUG c.i.k.driver.chrome_1752371420448 - << {"id":61,"result":{},"sessionId":"4808333591B344B37A87E54E6456A2A7"}
08:50:22.770 [main] DEBUG c.i.k.driver.chrome_1752371420448 - >> {"id":62,"sessionId":"4808333591B344B37A87E54E6456A2A7","method":"Input.dispatchKeyEvent","params":{"modifiers":0,"type":"char","text":"e","windowsVirtualKeyCode":101}}
08:50:22.777 [nioEventLoopGroup-4-1] DEBUG c.i.k.driver.chrome_1752371420448 - << {"id":62,"result":{},"sessionId":"4808333591B344B37A87E54E6456A2A7"}
08:50:22.778 [main] DEBUG c.i.k.driver.chrome_1752371420448 - >> {"id":63,"sessionId":"4808333591B344B37A87E54E6456A2A7","method":"Input.dispatchKeyEvent","params":{"modifiers":0,"type":"keyUp","text":"e","windowsVirtualKeyCode":101}}
08:50:22.782 [nioEventLoopGroup-4-1] DEBUG c.i.k.driver.chrome_1752371420448 - << {"id":63,"result":{},"sessionId":"4808333591B344B37A87E54E6456A2A7"}
08:50:22.783 [main] DEBUG c.i.k.driver.chrome_1752371420448 - >> {"id":64,"sessionId":"4808333591B344B37A87E54E6456A2A7","method":"Input.dispatchKeyEvent","params":{"modifiers":0,"type":"rawKeyDown","text":"t","windowsVirtualKeyCode":116}}
08:50:22.785 [nioEventLoopGroup-4-1] DEBUG c.i.k.driver.chrome_1752371420448 - << {"id":64,"result":{},"sessionId":"4808333591B344B37A87E54E6456A2A7"}
08:50:22.786 [main] DEBUG c.i.k.driver.chrome_1752371420448 - >> {"id":65,"sessionId":"4808333591B344B37A87E54E6456A2A7","method":"Input.dispatchKeyEvent","params":{"modifiers":0,"type":"char","text":"t","windowsVirtualKeyCode":116}}
08:50:22.792 [nioEventLoopGroup-4-1] DEBUG c.i.k.driver.chrome_1752371420448 - << {"id":65,"result":{},"sessionId":"4808333591B344B37A87E54E6456A2A7"}
08:50:22.794 [main] DEBUG c.i.k.driver.chrome_1752371420448 - >> {"id":66,"sessionId":"4808333591B344B37A87E54E6456A2A7","method":"Input.dispatchKeyEvent","params":{"modifiers":0,"type":"keyUp","text":"t","windowsVirtualKeyCode":116}}
08:50:22.797 [nioEventLoopGroup-4-1] DEBUG c.i.k.driver.chrome_1752371420448 - << {"id":66,"result":{},"sessionId":"4808333591B344B37A87E54E6456A2A7"}
08:50:22.798 [main] DEBUG c.i.k.driver.chrome_1752371420448 - >> {"id":67,"sessionId":"4808333591B344B37A87E54E6456A2A7","method":"Input.dispatchKeyEvent","params":{"modifiers":0,"type":"rawKeyDown","text":"_","windowsVirtualKeyCode":523}}
08:50:22.801 [nioEventLoopGroup-4-1] DEBUG c.i.k.driver.chrome_1752371420448 - << {"id":67,"result":{},"sessionId":"4808333591B344B37A87E54E6456A2A7"}
08:50:22.802 [main] DEBUG c.i.k.driver.chrome_1752371420448 - >> {"id":68,"sessionId":"4808333591B344B37A87E54E6456A2A7","method":"Input.dispatchKeyEvent","params":{"modifiers":0,"type":"char","text":"_","windowsVirtualKeyCode":523}}
08:50:22.808 [nioEventLoopGroup-4-1] DEBUG c.i.k.driver.chrome_1752371420448 - << {"id":68,"result":{},"sessionId":"4808333591B344B37A87E54E6456A2A7"}
08:50:22.809 [main] DEBUG c.i.k.driver.chrome_1752371420448 - >> {"id":69,"sessionId":"4808333591B344B37A87E54E6456A2A7","method":"Input.dispatchKeyEvent","params":{"modifiers":0,"type":"keyUp","text":"_","windowsVirtualKeyCode":523}}
08:50:22.815 [nioEventLoopGroup-4-1] DEBUG c.i.k.driver.chrome_1752371420448 - << {"id":69,"result":{},"sessionId":"4808333591B344B37A87E54E6456A2A7"}
08:50:22.816 [main] DEBUG c.i.k.driver.chrome_1752371420448 - >> {"id":70,"sessionId":"4808333591B344B37A87E54E6456A2A7","method":"Input.dispatchKeyEvent","params":{"modifiers":0,"type":"rawKeyDown","text":"s","windowsVirtualKeyCode":115}}
08:50:22.818 [nioEventLoopGroup-4-1] DEBUG c.i.k.driver.chrome_1752371420448 - << {"id":70,"result":{},"sessionId":"4808333591B344B37A87E54E6456A2A7"}
08:50:22.819 [main] DEBUG c.i.k.driver.chrome_1752371420448 - >> {"id":71,"sessionId":"4808333591B344B37A87E54E6456A2A7","method":"Input.dispatchKeyEvent","params":{"modifiers":0,"type":"char","text":"s","windowsVirtualKeyCode":115}}
08:50:22.826 [nioEventLoopGroup-4-1] DEBUG c.i.k.driver.chrome_1752371420448 - << {"id":71,"result":{},"sessionId":"4808333591B344B37A87E54E6456A2A7"}
08:50:22.829 [main] DEBUG c.i.k.driver.chrome_1752371420448 - >> {"id":72,"sessionId":"4808333591B344B37A87E54E6456A2A7","method":"Input.dispatchKeyEvent","params":{"modifiers":0,"type":"keyUp","text":"s","windowsVirtualKeyCode":115}}
08:50:22.833 [nioEventLoopGroup-4-1] DEBUG c.i.k.driver.chrome_1752371420448 - << {"id":72,"result":{},"sessionId":"4808333591B344B37A87E54E6456A2A7"}
08:50:22.833 [main] DEBUG c.i.k.driver.chrome_1752371420448 - >> {"id":73,"sessionId":"4808333591B344B37A87E54E6456A2A7","method":"Input.dispatchKeyEvent","params":{"modifiers":0,"type":"rawKeyDown","text":"a","windowsVirtualKeyCode":97}}
08:50:22.837 [nioEventLoopGroup-4-1] DEBUG c.i.k.driver.chrome_1752371420448 - << {"id":73,"result":{},"sessionId":"4808333591B344B37A87E54E6456A2A7"}
08:50:22.838 [main] DEBUG c.i.k.driver.chrome_1752371420448 - >> {"id":74,"sessionId":"4808333591B344B37A87E54E6456A2A7","method":"Input.dispatchKeyEvent","params":{"modifiers":0,"type":"char","text":"a","windowsVirtualKeyCode":97}}
08:50:22.848 [nioEventLoopGroup-4-1] DEBUG c.i.k.driver.chrome_1752371420448 - << {"id":74,"result":{},"sessionId":"4808333591B344B37A87E54E6456A2A7"}
08:50:22.850 [main] DEBUG c.i.k.driver.chrome_1752371420448 - >> {"id":75,"sessionId":"4808333591B344B37A87E54E6456A2A7","method":"Input.dispatchKeyEvent","params":{"modifiers":0,"type":"keyUp","text":"a","windowsVirtualKeyCode":97}}
08:50:22.858 [nioEventLoopGroup-4-1] DEBUG c.i.k.driver.chrome_1752371420448 - << {"id":75,"result":{},"sessionId":"4808333591B344B37A87E54E6456A2A7"}
08:50:22.859 [main] DEBUG c.i.k.driver.chrome_1752371420448 - >> {"id":76,"sessionId":"4808333591B344B37A87E54E6456A2A7","method":"Input.dispatchKeyEvent","params":{"modifiers":0,"type":"rawKeyDown","text":"u","windowsVirtualKeyCode":117}}
08:50:22.864 [nioEventLoopGroup-4-1] DEBUG c.i.k.driver.chrome_1752371420448 - << {"id":76,"result":{},"sessionId":"4808333591B344B37A87E54E6456A2A7"}
08:50:22.864 [main] DEBUG c.i.k.driver.chrome_1752371420448 - >> {"id":77,"sessionId":"4808333591B344B37A87E54E6456A2A7","method":"Input.dispatchKeyEvent","params":{"modifiers":0,"type":"char","text":"u","windowsVirtualKeyCode":117}}
08:50:22.874 [nioEventLoopGroup-4-1] DEBUG c.i.k.driver.chrome_1752371420448 - << {"id":77,"result":{},"sessionId":"4808333591B344B37A87E54E6456A2A7"}
08:50:22.877 [main] DEBUG c.i.k.driver.chrome_1752371420448 - >> {"id":78,"sessionId":"4808333591B344B37A87E54E6456A2A7","method":"Input.dispatchKeyEvent","params":{"modifiers":0,"type":"keyUp","text":"u","windowsVirtualKeyCode":117}}
08:50:22.881 [nioEventLoopGroup-4-1] DEBUG c.i.k.driver.chrome_1752371420448 - << {"id":78,"result":{},"sessionId":"4808333591B344B37A87E54E6456A2A7"}
08:50:22.882 [main] DEBUG c.i.k.driver.chrome_1752371420448 - >> {"id":79,"sessionId":"4808333591B344B37A87E54E6456A2A7","method":"Input.dispatchKeyEvent","params":{"modifiers":0,"type":"rawKeyDown","text":"c","windowsVirtualKeyCode":99}}
08:50:22.884 [nioEventLoopGroup-4-1] DEBUG c.i.k.driver.chrome_1752371420448 - << {"id":79,"result":{},"sessionId":"4808333591B344B37A87E54E6456A2A7"}
08:50:22.885 [main] DEBUG c.i.k.driver.chrome_1752371420448 - >> {"id":80,"sessionId":"4808333591B344B37A87E54E6456A2A7","method":"Input.dispatchKeyEvent","params":{"modifiers":0,"type":"char","text":"c","windowsVirtualKeyCode":99}}
08:50:22.891 [nioEventLoopGroup-4-1] DEBUG c.i.k.driver.chrome_1752371420448 - << {"id":80,"result":{},"sessionId":"4808333591B344B37A87E54E6456A2A7"}
08:50:22.892 [main] DEBUG c.i.k.driver.chrome_1752371420448 - >> {"id":81,"sessionId":"4808333591B344B37A87E54E6456A2A7","method":"Input.dispatchKeyEvent","params":{"modifiers":0,"type":"keyUp","text":"c","windowsVirtualKeyCode":99}}
08:50:22.895 [nioEventLoopGroup-4-1] DEBUG c.i.k.driver.chrome_1752371420448 - << {"id":81,"result":{},"sessionId":"4808333591B344B37A87E54E6456A2A7"}
08:50:22.896 [main] DEBUG c.i.k.driver.chrome_1752371420448 - >> {"id":82,"sessionId":"4808333591B344B37A87E54E6456A2A7","method":"Input.dispatchKeyEvent","params":{"modifiers":0,"type":"rawKeyDown","text":"e","windowsVirtualKeyCode":101}}
08:50:22.898 [nioEventLoopGroup-4-1] DEBUG c.i.k.driver.chrome_1752371420448 - << {"id":82,"result":{},"sessionId":"4808333591B344B37A87E54E6456A2A7"}
08:50:22.899 [main] DEBUG c.i.k.driver.chrome_1752371420448 - >> {"id":83,"sessionId":"4808333591B344B37A87E54E6456A2A7","method":"Input.dispatchKeyEvent","params":{"modifiers":0,"type":"char","text":"e","windowsVirtualKeyCode":101}}
08:50:22.903 [nioEventLoopGroup-4-1] DEBUG c.i.k.driver.chrome_1752371420448 - << {"id":83,"result":{},"sessionId":"4808333591B344B37A87E54E6456A2A7"}
08:50:22.906 [main] DEBUG c.i.k.driver.chrome_1752371420448 - >> {"id":84,"sessionId":"4808333591B344B37A87E54E6456A2A7","method":"Input.dispatchKeyEvent","params":{"modifiers":0,"type":"keyUp","text":"e","windowsVirtualKeyCode":101}}
08:50:22.910 [nioEventLoopGroup-4-1] DEBUG c.i.k.driver.chrome_1752371420448 - << {"id":84,"result":{},"sessionId":"4808333591B344B37A87E54E6456A2A7"}
08:50:22.913 [main] DEBUG c.i.k.driver.chrome_1752371420448 - >> {"id":85,"sessionId":"4808333591B344B37A87E54E6456A2A7","method":"Runtime.evaluate","params":{"expression":"document.evaluate(\"\/\/*[@id='login-button']\", document, null, 9, null).singleNodeValue.click()","returnByValue":true}}
08:50:22.922 [nioEventLoopGroup-4-1] DEBUG c.i.k.driver.chrome_1752371420448 - << {"method":"Page.frameStartedLoading","params":{"frameId":"28402BF1A341104C37D42267911A0210"},"sessionId":"4808333591B344B37A87E54E6456A2A7"}
08:50:22.932 [nioEventLoopGroup-4-1] DEBUG c.i.k.driver.chrome_1752371420448 - << {"method":"Target.targetInfoChanged","params":{"targetInfo":{"targetId":"28402BF1A341104C37D42267911A0210","type":"page","title":"Swag Labs","url":"https://www.saucedemo.com/inventory.html","attached":true,"canAccessOpener":false,"browserContextId":"968000B4A634271B4D73C66A226E3B87"}},"sessionId":"4808333591B344B37A87E54E6456A2A7"}
08:50:22.933 [nioEventLoopGroup-4-1] DEBUG c.i.k.driver.chrome_1752371420448 - << {"method":"Page.navigatedWithinDocument","params":{"frameId":"28402BF1A341104C37D42267911A0210","url":"https://www.saucedemo.com/inventory.html","navigationType":"historyApi"},"sessionId":"4808333591B344B37A87E54E6456A2A7"}
08:50:22.934 [nioEventLoopGroup-4-1] DEBUG c.i.k.driver.chrome_1752371420448 - << {"method":"Page.frameStoppedLoading","params":{"frameId":"28402BF1A341104C37D42267911A0210"},"sessionId":"4808333591B344B37A87E54E6456A2A7"}
08:50:22.959 [nioEventLoopGroup-4-1] DEBUG c.i.k.driver.chrome_1752371420448 - << {"id":85,"result":{"result":{"type":"undefined"}},"sessionId":"4808333591B344B37A87E54E6456A2A7"}
08:50:22.984 [main] DEBUG c.i.k.driver.chrome_1752371420448 - >> {"id":86,"sessionId":"4808333591B344B37A87E54E6456A2A7","method":"Network.getAllCookies"}
08:50:22.987 [nioEventLoopGroup-4-1] DEBUG c.i.k.driver.chrome_1752371420448 - << {"id":86,"result":{"cookies":[{"name":"session-username","value":"standard_user","domain":"www.saucedemo.com","path":"/","expires":1752372022,"size":29,"httpOnly":false,"secure":false,"session":false,"priority":"Medium","sameParty":false,"sourceScheme":"Secure","sourcePort":443}]},"sessionId":"4808333591B344B37A87E54E6456A2A7"}
08:50:22.993 [main] INFO  com.intuit.karate - [print] [
  {
    "name": "session-username",
    "value": "standard_user",
    "domain": "www.saucedemo.com",
    "path": "/",
    "expires": 1752372022,
    "size": 29,
    "httpOnly": false,
    "secure": false,
    "session": false,
    "priority": "Medium",
    "sameParty": false,
    "sourceScheme": "Secure",
    "sourcePort": 443
  }
]
 
08:50:22.998 [main] DEBUG c.i.k.driver.chrome_1752371420448 - >> {"id":87,"sessionId":"4808333591B344B37A87E54E6456A2A7","method":"Network.getAllCookies"}
08:50:23.001 [nioEventLoopGroup-4-1] DEBUG c.i.k.driver.chrome_1752371420448 - << {"id":87,"result":{"cookies":[{"name":"session-username","value":"standard_user","domain":"www.saucedemo.com","path":"/","expires":1752372022,"size":29,"httpOnly":false,"secure":false,"session":false,"priority":"Medium","sameParty":false,"sourceScheme":"Secure","sourcePort":443}]},"sessionId":"4808333591B344B37A87E54E6456A2A7"}
08:50:23.036 [main] DEBUG c.i.k.driver.chrome_1752371420448 - >> {"id":88,"sessionId":"4808333591B344B37A87E54E6456A2A7","method":"Runtime.evaluate","params":{"expression":"(document.querySelector(\"https:\/\/saucedemo.com\/\") != null)","returnByValue":true}}
08:50:23.075 [nioEventLoopGroup-4-1] DEBUG c.i.k.driver.chrome_1752371420448 - << {"id":88,"result":{"result":{"type":"object","subtype":"error","className":"DOMException","description":"SyntaxError: Failed to execute 'querySelector' on 'Document': 'https://saucedemo.com/' is not a valid selector.\n    at <anonymous>:1:11","objectId":"-7589922129099382113.1.1","preview":{"type":"object","subtype":"error","description":"SyntaxError: Failed to execute 'querySelector' on 'Document': 'https://saucedemo.com/' is not a valid selector.\n    at <anonymous>:1:11","overflow":false,"properties":[{"name":"stack","type":"string","value":"SyntaxError: Failed to execute 'querySelector' on \u2026 is not a valid selector.\n    at <anonymous>:1:11"},{"name":"code","type":"number","value":"12"},{"name":"name","type":"string","value":"SyntaxError"},{"name":"message","type":"string","value":"Failed to execute 'querySelector' on 'Document': 'https://saucedemo.com/' is not a valid selector."}]}},"exceptionDetails":{"exceptionId":1,"text":"Uncaught","lineNumber":0,"columnNumber":10,"scriptId":"12","stackTrace":{" ...
08:50:23.076 [nioEventLoopGroup-4-1] WARN  c.i.k.driver.chrome_1752371420448 - devtools error: [id: 88, sessionId: 4808333591B344B37A87E54E6456A2A7, result: [type: MAP, value: {type=object, subtype=error, className=DOMException, description=SyntaxError: Failed to execute 'querySelector' on 'Document': 'https://saucedemo.com/' is not a valid selector.
    at <anonymous>:1:11, objectId=-7589922129099382113.1.1, preview={type=object, subtype=error, description=SyntaxError: Failed to execute 'querySelector' on 'Document': 'https://saucedemo.com/' is not a valid selector.
    at <anonymous>:1:11, overflow=false, properties=[{"name":"stack","type":"string","value":"SyntaxError: Failed to execute 'querySelector' on \u2026 is not a valid selector.\n    at <anonymous>:1:11"},{"name":"code","type":"number","value":"12"},{"name":"name","type":"string","value":"SyntaxError"},{"name":"message","type":"string","value":"Failed to execute 'querySelector' on 'Document': 'https:\/\/saucedemo.com\/' is not a valid selector."}]}}]]
08:50:23.084 [main] WARN  c.i.k.driver.chrome_1752371420448 - js eval failed once:(document.querySelector("https://saucedemo.com/") != null), error: [type: MAP, value: {type=object, subtype=error, className=DOMException, description=SyntaxError: Failed to execute 'querySelector' on 'Document': 'https://saucedemo.com/' is not a valid selector.
    at <anonymous>:1:11, objectId=-7589922129099382113.1.1, preview={type=object, subtype=error, description=SyntaxError: Failed to execute 'querySelector' on 'Document': 'https://saucedemo.com/' is not a valid selector.
    at <anonymous>:1:11, overflow=false, properties=[{"name":"stack","type":"string","value":"SyntaxError: Failed to execute 'querySelector' on \u2026 is not a valid selector.\n    at <anonymous>:1:11"},{"name":"code","type":"number","value":"12"},{"name":"name","type":"string","value":"SyntaxError"},{"name":"message","type":"string","value":"Failed to execute 'querySelector' on 'Document': 'https:\/\/saucedemo.com\/' is not a valid selector."}]}}]
08:50:23.375 [nioEventLoopGroup-4-1] DEBUG c.i.k.driver.chrome_1752371420448 - << {"method":"Runtime.consoleAPICalled","params":{"type":"log","args":[{"type":"string","value":"Content is cached for offline use."}],"executionContextId":1,"timestamp":1.752371423373649e+12,"stackTrace":{"callFrames":[{"functionName":"console.<computed>","scriptId":"7","url":"https://www.saucedemo.com/static/js/2.84a5cbf3.chunk.js","lineNumber":1,"columnNumber":123015},{"functionName":"a.onstatechange","scriptId":"6","url":"https://www.saucedemo.com/static/js/main.018d2d1e.chunk.js","lineNumber":0,"columnNumber":58496}]}},"sessionId":"4808333591B344B37A87E54E6456A2A7"}
08:50:23.375 [nioEventLoopGroup-4-1] DEBUG c.i.k.driver.chrome_1752371420448 - [console] Content is cached for offline use.
08:50:24.130 [chrome_1752371420448-out] DEBUG c.i.k.driver.chrome_1752371420448 - WARNING: All log messages before absl::InitializeLog() is called are written to STDERR
08:50:24.131 [chrome_1752371420448-out] DEBUG c.i.k.driver.chrome_1752371420448 - I0000 00:00:1752371424.131191   20496 voice_transcription.cc:58] Registering VoiceTranscriptionCapability
08:50:26.101 [main] DEBUG c.i.k.driver.chrome_1752371420448 - >> {"id":89,"sessionId":"4808333591B344B37A87E54E6456A2A7","method":"Runtime.evaluate","params":{"expression":"(document.querySelector(\"https:\/\/saucedemo.com\/\") != null)","returnByValue":true}}
08:50:26.110 [nioEventLoopGroup-4-1] DEBUG c.i.k.driver.chrome_1752371420448 - << {"id":89,"result":{"result":{"type":"object","subtype":"error","className":"DOMException","description":"SyntaxError: Failed to execute 'querySelector' on 'Document': 'https://saucedemo.com/' is not a valid selector.\n    at <anonymous>:1:11","objectId":"-7589922129099382113.1.3","preview":{"type":"object","subtype":"error","description":"SyntaxError: Failed to execute 'querySelector' on 'Document': 'https://saucedemo.com/' is not a valid selector.\n    at <anonymous>:1:11","overflow":false,"properties":[{"name":"stack","type":"string","value":"SyntaxError: Failed to execute 'querySelector' on \u2026 is not a valid selector.\n    at <anonymous>:1:11"},{"name":"code","type":"number","value":"12"},{"name":"name","type":"string","value":"SyntaxError"},{"name":"message","type":"string","value":"Failed to execute 'querySelector' on 'Document': 'https://saucedemo.com/' is not a valid selector."}]}},"exceptionDetails":{"exceptionId":2,"text":"Uncaught","lineNumber":0,"columnNumber":10,"scriptId":"12","stackTrace":{" ...
08:50:26.111 [nioEventLoopGroup-4-1] WARN  c.i.k.driver.chrome_1752371420448 - devtools error: [id: 89, sessionId: 4808333591B344B37A87E54E6456A2A7, result: [type: MAP, value: {type=object, subtype=error, className=DOMException, description=SyntaxError: Failed to execute 'querySelector' on 'Document': 'https://saucedemo.com/' is not a valid selector.
    at <anonymous>:1:11, objectId=-7589922129099382113.1.3, preview={type=object, subtype=error, description=SyntaxError: Failed to execute 'querySelector' on 'Document': 'https://saucedemo.com/' is not a valid selector.
    at <anonymous>:1:11, overflow=false, properties=[{"name":"stack","type":"string","value":"SyntaxError: Failed to execute 'querySelector' on \u2026 is not a valid selector.\n    at <anonymous>:1:11"},{"name":"code","type":"number","value":"12"},{"name":"name","type":"string","value":"SyntaxError"},{"name":"message","type":"string","value":"Failed to execute 'querySelector' on 'Document': 'https:\/\/saucedemo.com\/' is not a valid selector."}]}}]]
08:50:26.113 [main] ERROR c.i.k.driver.chrome_1752371420448 - js eval failed twice:(document.querySelector("https://saucedemo.com/") != null), error: [type: MAP, value: {type=object, subtype=error, className=DOMException, description=SyntaxError: Failed to execute 'querySelector' on 'Document': 'https://saucedemo.com/' is not a valid selector.
    at <anonymous>:1:11, objectId=-7589922129099382113.1.3, preview={type=object, subtype=error, description=SyntaxError: Failed to execute 'querySelector' on 'Document': 'https://saucedemo.com/' is not a valid selector.
    at <anonymous>:1:11, overflow=false, properties=[{"name":"stack","type":"string","value":"SyntaxError: Failed to execute 'querySelector' on \u2026 is not a valid selector.\n    at <anonymous>:1:11"},{"name":"code","type":"number","value":"12"},{"name":"name","type":"string","value":"SyntaxError"},{"name":"message","type":"string","value":"Failed to execute 'querySelector' on 'Document': 'https:\/\/saucedemo.com\/' is not a valid selector."}]}}]
08:50:26.113 [main] WARN  c.i.k.driver.chrome_1752371420448 - waitUntil evaluate failed: js eval failed twice:(document.querySelector("https://saucedemo.com/") != null), error: [type: MAP, value: {type=object, subtype=error, className=DOMException, description=SyntaxError: Failed to execute 'querySelector' on 'Document': 'https://saucedemo.com/' is not a valid selector.
    at <anonymous>:1:11, objectId=-7589922129099382113.1.3, preview={type=object, subtype=error, description=SyntaxError: Failed to execute 'querySelector' on 'Document': 'https://saucedemo.com/' is not a valid selector.
    at <anonymous>:1:11, overflow=false, properties=[{"name":"stack","type":"string","value":"SyntaxError: Failed to execute 'querySelector' on \u2026 is not a valid selector.\n    at <anonymous>:1:11"},{"name":"code","type":"number","value":"12"},{"name":"name","type":"string","value":"SyntaxError"},{"name":"message","type":"string","value":"Failed to execute 'querySelector' on 'Document': 'https:\/\/saucedemo.com\/' is not a valid selector."}]}}]
08:50:26.114 [main] DEBUG c.intuit.karate.driver.DriverOptions - waitUntil (js) - retry #1
08:50:26.565 [chrome_1752371420448-out] DEBUG c.i.k.driver.chrome_1752371420448 - [1384:7024:0713/085026.564:ERROR:google_apis\gcm\engine\registration_request.cc:291] Registration response error message: DEPRECATED_ENDPOINT
08:50:26.988 [nioEventLoopGroup-4-1] DEBUG c.i.k.driver.chrome_1752371420448 - << {"method":"Target.targetCreated","params":{"targetInfo":{"targetId":"D532B54A25039503EDB5C58C38491A5F","type":"other","title":"","url":"","attached":false,"canAccessOpener":false,"browserContextId":"AFFA1B0B55F299B539EC8AD14A5A6BE7"}},"sessionId":"4808333591B344B37A87E54E6456A2A7"}
08:50:27.123 [nioEventLoopGroup-4-1] DEBUG c.i.k.driver.chrome_1752371420448 - << {"method":"Target.targetInfoChanged","params":{"targetInfo":{"targetId":"D532B54A25039503EDB5C58C38491A5F","type":"background_page","title":"Chrome Web Store Payments","url":"chrome-extension://nmmhkkegccagdldgiimedpiccmgmieda/_generated_background_page.html","attached":false,"canAccessOpener":false,"browserContextId":"AFFA1B0B55F299B539EC8AD14A5A6BE7"}},"sessionId":"4808333591B344B37A87E54E6456A2A7"}
08:50:28.009 [nioEventLoopGroup-4-1] DEBUG c.i.k.driver.chrome_1752371420448 - << {"method":"Target.targetCreated","params":{"targetInfo":{"targetId":"4FC9F55D3727954B5CD256850331E18A","type":"service_worker","title":"Service Worker chrome-extension://ghbmnnjooekpmoecnnnilnnbdlolhkhi/service_worker_bin_prod.js","url":"chrome-extension://ghbmnnjooekpmoecnnnilnnbdlolhkhi/service_worker_bin_prod.js","attached":false,"canAccessOpener":false,"browserContextId":"AFFA1B0B55F299B539EC8AD14A5A6BE7"}},"sessionId":"4808333591B344B37A87E54E6456A2A7"}
08:50:29.128 [main] DEBUG c.i.k.driver.chrome_1752371420448 - >> {"id":90,"sessionId":"4808333591B344B37A87E54E6456A2A7","method":"Runtime.evaluate","params":{"expression":"(document.querySelector(\"https:\/\/saucedemo.com\/\") != null)","returnByValue":true}}
08:50:29.131 [nioEventLoopGroup-4-1] DEBUG c.i.k.driver.chrome_1752371420448 - << {"id":90,"result":{"result":{"type":"object","subtype":"error","className":"DOMException","description":"SyntaxError: Failed to execute 'querySelector' on 'Document': 'https://saucedemo.com/' is not a valid selector.\n    at <anonymous>:1:11","objectId":"-7589922129099382113.1.5","preview":{"type":"object","subtype":"error","description":"SyntaxError: Failed to execute 'querySelector' on 'Document': 'https://saucedemo.com/' is not a valid selector.\n    at <anonymous>:1:11","overflow":false,"properties":[{"name":"stack","type":"string","value":"SyntaxError: Failed to execute 'querySelector' on \u2026 is not a valid selector.\n    at <anonymous>:1:11"},{"name":"code","type":"number","value":"12"},{"name":"name","type":"string","value":"SyntaxError"},{"name":"message","type":"string","value":"Failed to execute 'querySelector' on 'Document': 'https://saucedemo.com/' is not a valid selector."}]}},"exceptionDetails":{"exceptionId":3,"text":"Uncaught","lineNumber":0,"columnNumber":10,"scriptId":"12","stackTrace":{" ...
08:50:29.132 [nioEventLoopGroup-4-1] WARN  c.i.k.driver.chrome_1752371420448 - devtools error: [id: 90, sessionId: 4808333591B344B37A87E54E6456A2A7, result: [type: MAP, value: {type=object, subtype=error, className=DOMException, description=SyntaxError: Failed to execute 'querySelector' on 'Document': 'https://saucedemo.com/' is not a valid selector.
    at <anonymous>:1:11, objectId=-7589922129099382113.1.5, preview={type=object, subtype=error, description=SyntaxError: Failed to execute 'querySelector' on 'Document': 'https://saucedemo.com/' is not a valid selector.
    at <anonymous>:1:11, overflow=false, properties=[{"name":"stack","type":"string","value":"SyntaxError: Failed to execute 'querySelector' on \u2026 is not a valid selector.\n    at <anonymous>:1:11"},{"name":"code","type":"number","value":"12"},{"name":"name","type":"string","value":"SyntaxError"},{"name":"message","type":"string","value":"Failed to execute 'querySelector' on 'Document': 'https:\/\/saucedemo.com\/' is not a valid selector."}]}}]]
08:50:29.133 [main] WARN  c.i.k.driver.chrome_1752371420448 - js eval failed once:(document.querySelector("https://saucedemo.com/") != null), error: [type: MAP, value: {type=object, subtype=error, className=DOMException, description=SyntaxError: Failed to execute 'querySelector' on 'Document': 'https://saucedemo.com/' is not a valid selector.
    at <anonymous>:1:11, objectId=-7589922129099382113.1.5, preview={type=object, subtype=error, description=SyntaxError: Failed to execute 'querySelector' on 'Document': 'https://saucedemo.com/' is not a valid selector.
    at <anonymous>:1:11, overflow=false, properties=[{"name":"stack","type":"string","value":"SyntaxError: Failed to execute 'querySelector' on \u2026 is not a valid selector.\n    at <anonymous>:1:11"},{"name":"code","type":"number","value":"12"},{"name":"name","type":"string","value":"SyntaxError"},{"name":"message","type":"string","value":"Failed to execute 'querySelector' on 'Document': 'https:\/\/saucedemo.com\/' is not a valid selector."}]}}]
08:50:32.134 [main] DEBUG c.i.k.driver.chrome_1752371420448 - >> {"id":91,"sessionId":"4808333591B344B37A87E54E6456A2A7","method":"Runtime.evaluate","params":{"expression":"(document.querySelector(\"https:\/\/saucedemo.com\/\") != null)","returnByValue":true}}
08:50:32.138 [nioEventLoopGroup-4-1] DEBUG c.i.k.driver.chrome_1752371420448 - << {"id":91,"result":{"result":{"type":"object","subtype":"error","className":"DOMException","description":"SyntaxError: Failed to execute 'querySelector' on 'Document': 'https://saucedemo.com/' is not a valid selector.\n    at <anonymous>:1:11","objectId":"-7589922129099382113.1.7","preview":{"type":"object","subtype":"error","description":"SyntaxError: Failed to execute 'querySelector' on 'Document': 'https://saucedemo.com/' is not a valid selector.\n    at <anonymous>:1:11","overflow":false,"properties":[{"name":"stack","type":"string","value":"SyntaxError: Failed to execute 'querySelector' on \u2026 is not a valid selector.\n    at <anonymous>:1:11"},{"name":"code","type":"number","value":"12"},{"name":"name","type":"string","value":"SyntaxError"},{"name":"message","type":"string","value":"Failed to execute 'querySelector' on 'Document': 'https://saucedemo.com/' is not a valid selector."}]}},"exceptionDetails":{"exceptionId":4,"text":"Uncaught","lineNumber":0,"columnNumber":10,"scriptId":"12","stackTrace":{" ...
08:50:32.138 [nioEventLoopGroup-4-1] WARN  c.i.k.driver.chrome_1752371420448 - devtools error: [id: 91, sessionId: 4808333591B344B37A87E54E6456A2A7, result: [type: MAP, value: {type=object, subtype=error, className=DOMException, description=SyntaxError: Failed to execute 'querySelector' on 'Document': 'https://saucedemo.com/' is not a valid selector.
    at <anonymous>:1:11, objectId=-7589922129099382113.1.7, preview={type=object, subtype=error, description=SyntaxError: Failed to execute 'querySelector' on 'Document': 'https://saucedemo.com/' is not a valid selector.
    at <anonymous>:1:11, overflow=false, properties=[{"name":"stack","type":"string","value":"SyntaxError: Failed to execute 'querySelector' on \u2026 is not a valid selector.\n    at <anonymous>:1:11"},{"name":"code","type":"number","value":"12"},{"name":"name","type":"string","value":"SyntaxError"},{"name":"message","type":"string","value":"Failed to execute 'querySelector' on 'Document': 'https:\/\/saucedemo.com\/' is not a valid selector."}]}}]]
08:50:32.139 [main] ERROR c.i.k.driver.chrome_1752371420448 - js eval failed twice:(document.querySelector("https://saucedemo.com/") != null), error: [type: MAP, value: {type=object, subtype=error, className=DOMException, description=SyntaxError: Failed to execute 'querySelector' on 'Document': 'https://saucedemo.com/' is not a valid selector.
    at <anonymous>:1:11, objectId=-7589922129099382113.1.7, preview={type=object, subtype=error, description=SyntaxError: Failed to execute 'querySelector' on 'Document': 'https://saucedemo.com/' is not a valid selector.
    at <anonymous>:1:11, overflow=false, properties=[{"name":"stack","type":"string","value":"SyntaxError: Failed to execute 'querySelector' on \u2026 is not a valid selector.\n    at <anonymous>:1:11"},{"name":"code","type":"number","value":"12"},{"name":"name","type":"string","value":"SyntaxError"},{"name":"message","type":"string","value":"Failed to execute 'querySelector' on 'Document': 'https:\/\/saucedemo.com\/' is not a valid selector."}]}}]
08:50:32.139 [main] WARN  c.i.k.driver.chrome_1752371420448 - waitUntil evaluate failed: js eval failed twice:(document.querySelector("https://saucedemo.com/") != null), error: [type: MAP, value: {type=object, subtype=error, className=DOMException, description=SyntaxError: Failed to execute 'querySelector' on 'Document': 'https://saucedemo.com/' is not a valid selector.
    at <anonymous>:1:11, objectId=-7589922129099382113.1.7, preview={type=object, subtype=error, description=SyntaxError: Failed to execute 'querySelector' on 'Document': 'https://saucedemo.com/' is not a valid selector.
    at <anonymous>:1:11, overflow=false, properties=[{"name":"stack","type":"string","value":"SyntaxError: Failed to execute 'querySelector' on \u2026 is not a valid selector.\n    at <anonymous>:1:11"},{"name":"code","type":"number","value":"12"},{"name":"name","type":"string","value":"SyntaxError"},{"name":"message","type":"string","value":"Failed to execute 'querySelector' on 'Document': 'https:\/\/saucedemo.com\/' is not a valid selector."}]}}]
08:50:32.139 [main] DEBUG c.intuit.karate.driver.DriverOptions - waitUntil (js) - retry #2
08:50:35.147 [main] DEBUG c.i.k.driver.chrome_1752371420448 - >> {"id":92,"sessionId":"4808333591B344B37A87E54E6456A2A7","method":"Runtime.evaluate","params":{"expression":"(document.querySelector(\"https:\/\/saucedemo.com\/\") != null)","returnByValue":true}}
08:50:35.150 [nioEventLoopGroup-4-1] DEBUG c.i.k.driver.chrome_1752371420448 - << {"id":92,"result":{"result":{"type":"object","subtype":"error","className":"DOMException","description":"SyntaxError: Failed to execute 'querySelector' on 'Document': 'https://saucedemo.com/' is not a valid selector.\n    at <anonymous>:1:11","objectId":"-7589922129099382113.1.9","preview":{"type":"object","subtype":"error","description":"SyntaxError: Failed to execute 'querySelector' on 'Document': 'https://saucedemo.com/' is not a valid selector.\n    at <anonymous>:1:11","overflow":false,"properties":[{"name":"stack","type":"string","value":"SyntaxError: Failed to execute 'querySelector' on \u2026 is not a valid selector.\n    at <anonymous>:1:11"},{"name":"code","type":"number","value":"12"},{"name":"name","type":"string","value":"SyntaxError"},{"name":"message","type":"string","value":"Failed to execute 'querySelector' on 'Document': 'https://saucedemo.com/' is not a valid selector."}]}},"exceptionDetails":{"exceptionId":5,"text":"Uncaught","lineNumber":0,"columnNumber":10,"scriptId":"12","stackTrace":{" ...
08:50:35.151 [nioEventLoopGroup-4-1] WARN  c.i.k.driver.chrome_1752371420448 - devtools error: [id: 92, sessionId: 4808333591B344B37A87E54E6456A2A7, result: [type: MAP, value: {type=object, subtype=error, className=DOMException, description=SyntaxError: Failed to execute 'querySelector' on 'Document': 'https://saucedemo.com/' is not a valid selector.
    at <anonymous>:1:11, objectId=-7589922129099382113.1.9, preview={type=object, subtype=error, description=SyntaxError: Failed to execute 'querySelector' on 'Document': 'https://saucedemo.com/' is not a valid selector.
    at <anonymous>:1:11, overflow=false, properties=[{"name":"stack","type":"string","value":"SyntaxError: Failed to execute 'querySelector' on \u2026 is not a valid selector.\n    at <anonymous>:1:11"},{"name":"code","type":"number","value":"12"},{"name":"name","type":"string","value":"SyntaxError"},{"name":"message","type":"string","value":"Failed to execute 'querySelector' on 'Document': 'https:\/\/saucedemo.com\/' is not a valid selector."}]}}]]
08:50:35.151 [main] WARN  c.i.k.driver.chrome_1752371420448 - js eval failed once:(document.querySelector("https://saucedemo.com/") != null), error: [type: MAP, value: {type=object, subtype=error, className=DOMException, description=SyntaxError: Failed to execute 'querySelector' on 'Document': 'https://saucedemo.com/' is not a valid selector.
    at <anonymous>:1:11, objectId=-7589922129099382113.1.9, preview={type=object, subtype=error, description=SyntaxError: Failed to execute 'querySelector' on 'Document': 'https://saucedemo.com/' is not a valid selector.
    at <anonymous>:1:11, overflow=false, properties=[{"name":"stack","type":"string","value":"SyntaxError: Failed to execute 'querySelector' on \u2026 is not a valid selector.\n    at <anonymous>:1:11"},{"name":"code","type":"number","value":"12"},{"name":"name","type":"string","value":"SyntaxError"},{"name":"message","type":"string","value":"Failed to execute 'querySelector' on 'Document': 'https:\/\/saucedemo.com\/' is not a valid selector."}]}}]
08:50:36.064 [chrome_1752371420448-out] DEBUG c.i.k.driver.chrome_1752371420448 - Created TensorFlow Lite XNNPACK delegate for CPU.
08:50:36.066 [chrome_1752371420448-out] DEBUG c.i.k.driver.chrome_1752371420448 - Attempting to use a delegate that only supports static-sized tensors with a graph that has dynamic-sized tensors (tensor#-1 is a dynamic-sized tensor).
08:50:36.525 [nioEventLoopGroup-4-1] DEBUG c.i.k.driver.chrome_1752371420448 - << {"method":"Target.targetDestroyed","params":{"targetId":"34ADA652C3667CAA80A2B1FA1552CE1A"},"sessionId":"4808333591B344B37A87E54E6456A2A7"}
08:50:36.601 [nioEventLoopGroup-4-1] DEBUG c.i.k.driver.chrome_1752371420448 - << {"method":"Target.targetDestroyed","params":{"targetId":"6B151F12B0772AA5DCE852E25A87EE25"},"sessionId":"4808333591B344B37A87E54E6456A2A7"}
08:50:38.161 [main] DEBUG c.i.k.driver.chrome_1752371420448 - >> {"id":93,"sessionId":"4808333591B344B37A87E54E6456A2A7","method":"Runtime.evaluate","params":{"expression":"(document.querySelector(\"https:\/\/saucedemo.com\/\") != null)","returnByValue":true}}
08:50:38.164 [nioEventLoopGroup-4-1] DEBUG c.i.k.driver.chrome_1752371420448 - << {"id":93,"result":{"result":{"type":"object","subtype":"error","className":"DOMException","description":"SyntaxError: Failed to execute 'querySelector' on 'Document': 'https://saucedemo.com/' is not a valid selector.\n    at <anonymous>:1:11","objectId":"-7589922129099382113.1.11","preview":{"type":"object","subtype":"error","description":"SyntaxError: Failed to execute 'querySelector' on 'Document': 'https://saucedemo.com/' is not a valid selector.\n    at <anonymous>:1:11","overflow":false,"properties":[{"name":"stack","type":"string","value":"SyntaxError: Failed to execute 'querySelector' on \u2026 is not a valid selector.\n    at <anonymous>:1:11"},{"name":"code","type":"number","value":"12"},{"name":"name","type":"string","value":"SyntaxError"},{"name":"message","type":"string","value":"Failed to execute 'querySelector' on 'Document': 'https://saucedemo.com/' is not a valid selector."}]}},"exceptionDetails":{"exceptionId":6,"text":"Uncaught","lineNumber":0,"columnNumber":10,"scriptId":"12","stackTrace":{ ...
08:50:38.165 [nioEventLoopGroup-4-1] WARN  c.i.k.driver.chrome_1752371420448 - devtools error: [id: 93, sessionId: 4808333591B344B37A87E54E6456A2A7, result: [type: MAP, value: {type=object, subtype=error, className=DOMException, description=SyntaxError: Failed to execute 'querySelector' on 'Document': 'https://saucedemo.com/' is not a valid selector.
    at <anonymous>:1:11, objectId=-7589922129099382113.1.11, preview={type=object, subtype=error, description=SyntaxError: Failed to execute 'querySelector' on 'Document': 'https://saucedemo.com/' is not a valid selector.
    at <anonymous>:1:11, overflow=false, properties=[{"name":"stack","type":"string","value":"SyntaxError: Failed to execute 'querySelector' on \u2026 is not a valid selector.\n    at <anonymous>:1:11"},{"name":"code","type":"number","value":"12"},{"name":"name","type":"string","value":"SyntaxError"},{"name":"message","type":"string","value":"Failed to execute 'querySelector' on 'Document': 'https:\/\/saucedemo.com\/' is not a valid selector."}]}}]]
08:50:38.165 [main] ERROR c.i.k.driver.chrome_1752371420448 - js eval failed twice:(document.querySelector("https://saucedemo.com/") != null), error: [type: MAP, value: {type=object, subtype=error, className=DOMException, description=SyntaxError: Failed to execute 'querySelector' on 'Document': 'https://saucedemo.com/' is not a valid selector.
    at <anonymous>:1:11, objectId=-7589922129099382113.1.11, preview={type=object, subtype=error, description=SyntaxError: Failed to execute 'querySelector' on 'Document': 'https://saucedemo.com/' is not a valid selector.
    at <anonymous>:1:11, overflow=false, properties=[{"name":"stack","type":"string","value":"SyntaxError: Failed to execute 'querySelector' on \u2026 is not a valid selector.\n    at <anonymous>:1:11"},{"name":"code","type":"number","value":"12"},{"name":"name","type":"string","value":"SyntaxError"},{"name":"message","type":"string","value":"Failed to execute 'querySelector' on 'Document': 'https:\/\/saucedemo.com\/' is not a valid selector."}]}}]
08:50:38.166 [main] WARN  c.i.k.driver.chrome_1752371420448 - waitUntil evaluate failed: js eval failed twice:(document.querySelector("https://saucedemo.com/") != null), error: [type: MAP, value: {type=object, subtype=error, className=DOMException, description=SyntaxError: Failed to execute 'querySelector' on 'Document': 'https://saucedemo.com/' is not a valid selector.
    at <anonymous>:1:11, objectId=-7589922129099382113.1.11, preview={type=object, subtype=error, description=SyntaxError: Failed to execute 'querySelector' on 'Document': 'https://saucedemo.com/' is not a valid selector.
    at <anonymous>:1:11, overflow=false, properties=[{"name":"stack","type":"string","value":"SyntaxError: Failed to execute 'querySelector' on \u2026 is not a valid selector.\n    at <anonymous>:1:11"},{"name":"code","type":"number","value":"12"},{"name":"name","type":"string","value":"SyntaxError"},{"name":"message","type":"string","value":"Failed to execute 'querySelector' on 'Document': 'https:\/\/saucedemo.com\/' is not a valid selector."}]}}]
08:50:38.166 [main] DEBUG c.intuit.karate.driver.DriverOptions - waitUntil (js) - retry #3
08:50:41.167 [main] DEBUG c.i.k.driver.chrome_1752371420448 - >> {"id":94,"sessionId":"4808333591B344B37A87E54E6456A2A7","method":"Runtime.evaluate","params":{"expression":"(document.querySelector(\"https:\/\/saucedemo.com\/\") != null)","returnByValue":true}}
08:50:41.171 [nioEventLoopGroup-4-1] DEBUG c.i.k.driver.chrome_1752371420448 - << {"id":94,"result":{"result":{"type":"object","subtype":"error","className":"DOMException","description":"SyntaxError: Failed to execute 'querySelector' on 'Document': 'https://saucedemo.com/' is not a valid selector.\n    at <anonymous>:1:11","objectId":"-7589922129099382113.1.13","preview":{"type":"object","subtype":"error","description":"SyntaxError: Failed to execute 'querySelector' on 'Document': 'https://saucedemo.com/' is not a valid selector.\n    at <anonymous>:1:11","overflow":false,"properties":[{"name":"stack","type":"string","value":"SyntaxError: Failed to execute 'querySelector' on \u2026 is not a valid selector.\n    at <anonymous>:1:11"},{"name":"code","type":"number","value":"12"},{"name":"name","type":"string","value":"SyntaxError"},{"name":"message","type":"string","value":"Failed to execute 'querySelector' on 'Document': 'https://saucedemo.com/' is not a valid selector."}]}},"exceptionDetails":{"exceptionId":7,"text":"Uncaught","lineNumber":0,"columnNumber":10,"scriptId":"12","stackTrace":{ ...
08:50:41.172 [nioEventLoopGroup-4-1] WARN  c.i.k.driver.chrome_1752371420448 - devtools error: [id: 94, sessionId: 4808333591B344B37A87E54E6456A2A7, result: [type: MAP, value: {type=object, subtype=error, className=DOMException, description=SyntaxError: Failed to execute 'querySelector' on 'Document': 'https://saucedemo.com/' is not a valid selector.
    at <anonymous>:1:11, objectId=-7589922129099382113.1.13, preview={type=object, subtype=error, description=SyntaxError: Failed to execute 'querySelector' on 'Document': 'https://saucedemo.com/' is not a valid selector.
    at <anonymous>:1:11, overflow=false, properties=[{"name":"stack","type":"string","value":"SyntaxError: Failed to execute 'querySelector' on \u2026 is not a valid selector.\n    at <anonymous>:1:11"},{"name":"code","type":"number","value":"12"},{"name":"name","type":"string","value":"SyntaxError"},{"name":"message","type":"string","value":"Failed to execute 'querySelector' on 'Document': 'https:\/\/saucedemo.com\/' is not a valid selector."}]}}]]
08:50:41.172 [main] WARN  c.i.k.driver.chrome_1752371420448 - js eval failed once:(document.querySelector("https://saucedemo.com/") != null), error: [type: MAP, value: {type=object, subtype=error, className=DOMException, description=SyntaxError: Failed to execute 'querySelector' on 'Document': 'https://saucedemo.com/' is not a valid selector.
    at <anonymous>:1:11, objectId=-7589922129099382113.1.13, preview={type=object, subtype=error, description=SyntaxError: Failed to execute 'querySelector' on 'Document': 'https://saucedemo.com/' is not a valid selector.
    at <anonymous>:1:11, overflow=false, properties=[{"name":"stack","type":"string","value":"SyntaxError: Failed to execute 'querySelector' on \u2026 is not a valid selector.\n    at <anonymous>:1:11"},{"name":"code","type":"number","value":"12"},{"name":"name","type":"string","value":"SyntaxError"},{"name":"message","type":"string","value":"Failed to execute 'querySelector' on 'Document': 'https:\/\/saucedemo.com\/' is not a valid selector."}]}}]
08:50:42.287 [nioEventLoopGroup-4-1] DEBUG c.i.k.driver.chrome_1752371420448 - << {"method":"Target.targetDestroyed","params":{"targetId":"D532B54A25039503EDB5C58C38491A5F"},"sessionId":"4808333591B344B37A87E54E6456A2A7"}
08:50:44.174 [main] DEBUG c.i.k.driver.chrome_1752371420448 - >> {"id":95,"sessionId":"4808333591B344B37A87E54E6456A2A7","method":"Runtime.evaluate","params":{"expression":"(document.querySelector(\"https:\/\/saucedemo.com\/\") != null)","returnByValue":true}}
08:50:44.177 [nioEventLoopGroup-4-1] DEBUG c.i.k.driver.chrome_1752371420448 - << {"id":95,"result":{"result":{"type":"object","subtype":"error","className":"DOMException","description":"SyntaxError: Failed to execute 'querySelector' on 'Document': 'https://saucedemo.com/' is not a valid selector.\n    at <anonymous>:1:11","objectId":"-7589922129099382113.1.15","preview":{"type":"object","subtype":"error","description":"SyntaxError: Failed to execute 'querySelector' on 'Document': 'https://saucedemo.com/' is not a valid selector.\n    at <anonymous>:1:11","overflow":false,"properties":[{"name":"stack","type":"string","value":"SyntaxError: Failed to execute 'querySelector' on \u2026 is not a valid selector.\n    at <anonymous>:1:11"},{"name":"code","type":"number","value":"12"},{"name":"name","type":"string","value":"SyntaxError"},{"name":"message","type":"string","value":"Failed to execute 'querySelector' on 'Document': 'https://saucedemo.com/' is not a valid selector."}]}},"exceptionDetails":{"exceptionId":8,"text":"Uncaught","lineNumber":0,"columnNumber":10,"scriptId":"12","stackTrace":{ ...
08:50:44.178 [nioEventLoopGroup-4-1] WARN  c.i.k.driver.chrome_1752371420448 - devtools error: [id: 95, sessionId: 4808333591B344B37A87E54E6456A2A7, result: [type: MAP, value: {type=object, subtype=error, className=DOMException, description=SyntaxError: Failed to execute 'querySelector' on 'Document': 'https://saucedemo.com/' is not a valid selector.
    at <anonymous>:1:11, objectId=-7589922129099382113.1.15, preview={type=object, subtype=error, description=SyntaxError: Failed to execute 'querySelector' on 'Document': 'https://saucedemo.com/' is not a valid selector.
    at <anonymous>:1:11, overflow=false, properties=[{"name":"stack","type":"string","value":"SyntaxError: Failed to execute 'querySelector' on \u2026 is not a valid selector.\n    at <anonymous>:1:11"},{"name":"code","type":"number","value":"12"},{"name":"name","type":"string","value":"SyntaxError"},{"name":"message","type":"string","value":"Failed to execute 'querySelector' on 'Document': 'https:\/\/saucedemo.com\/' is not a valid selector."}]}}]]
08:50:44.179 [main] ERROR c.i.k.driver.chrome_1752371420448 - js eval failed twice:(document.querySelector("https://saucedemo.com/") != null), error: [type: MAP, value: {type=object, subtype=error, className=DOMException, description=SyntaxError: Failed to execute 'querySelector' on 'Document': 'https://saucedemo.com/' is not a valid selector.
    at <anonymous>:1:11, objectId=-7589922129099382113.1.15, preview={type=object, subtype=error, description=SyntaxError: Failed to execute 'querySelector' on 'Document': 'https://saucedemo.com/' is not a valid selector.
    at <anonymous>:1:11, overflow=false, properties=[{"name":"stack","type":"string","value":"SyntaxError: Failed to execute 'querySelector' on \u2026 is not a valid selector.\n    at <anonymous>:1:11"},{"name":"code","type":"number","value":"12"},{"name":"name","type":"string","value":"SyntaxError"},{"name":"message","type":"string","value":"Failed to execute 'querySelector' on 'Document': 'https:\/\/saucedemo.com\/' is not a valid selector."}]}}]
08:50:44.179 [main] WARN  c.i.k.driver.chrome_1752371420448 - waitUntil evaluate failed: js eval failed twice:(document.querySelector("https://saucedemo.com/") != null), error: [type: MAP, value: {type=object, subtype=error, className=DOMException, description=SyntaxError: Failed to execute 'querySelector' on 'Document': 'https://saucedemo.com/' is not a valid selector.
    at <anonymous>:1:11, objectId=-7589922129099382113.1.15, preview={type=object, subtype=error, description=SyntaxError: Failed to execute 'querySelector' on 'Document': 'https://saucedemo.com/' is not a valid selector.
    at <anonymous>:1:11, overflow=false, properties=[{"name":"stack","type":"string","value":"SyntaxError: Failed to execute 'querySelector' on \u2026 is not a valid selector.\n    at <anonymous>:1:11"},{"name":"code","type":"number","value":"12"},{"name":"name","type":"string","value":"SyntaxError"},{"name":"message","type":"string","value":"Failed to execute 'querySelector' on 'Document': 'https:\/\/saucedemo.com\/' is not a valid selector."}]}}]
08:50:44.188 [main] WARN  c.intuit.karate.driver.DriverOptions - waitUntil (js): failed after 3 retries and 21144 milliseconds
08:50:44.228 [main] ERROR com.intuit.karate - classpath:UI/HomePageUI/Home.feature:73
* waitFor(saucedemoURL)
js failed:
>>>>
01: waitFor(saucedemoURL)
<<<<
org.graalvm.polyglot.PolyglotException: waitUntil (js): failed after 3 retries and 21144 milliseconds
- com.intuit.karate.driver.DriverOptions.retry(DriverOptions.java:517)
- com.intuit.karate.driver.DevToolsDriver.waitUntil(DevToolsDriver.java:777)
- com.intuit.karate.driver.DriverOptions.waitForAny(DriverOptions.java:700)
- com.intuit.karate.driver.Driver.waitFor(Driver.java:237)
- <js>.:anonymous(Unnamed:1)

classpath:UI/HomePageUI/Home.feature:73
08:50:44.228 [main] DEBUG c.i.k.driver.chrome_1752371420448 - >> {"id":96,"sessionId":"4808333591B344B37A87E54E6456A2A7","method":"Page.captureScreenshot"}
08:50:44.407 [nioEventLoopGroup-4-1] DEBUG c.i.k.driver.chrome_1752371420448 - << {"id":96,"result":{"data":"iVBORw0KGgoAAAANSUhEUgAAA6EAAAPFCAIAAAAbXHkxAAAAAXNSR0IArs4c6QAAIABJREFUeJzs3X9YU1e+L/5PghJECdUCVgl0hsB0iNqCtQ2UW6hi/IE4jsZRwduO2GPBcxX6nUqcPoJ9RvDMFLS3oOcK9Ryh7QjqCI4tYitqJT1UmFFJWw3t8KMVghZCVYJCNpDk+0cSSCCBoPyM79eTxyfZWXvttVZ24oe111qbpdPpCAAAAABgfJs3b57tidkjWRIAAAAAgDGAGBcAAAAA7A1iXAAAAACwN4hxAQAAAMDeIMYFAAAAAHuDGBcAAAAAJqq33nrL4nbEuAAAAAAwIekDXIthLmJcAAAAAJh4TEPb/mEuYlwAAAAAmGD6B7V9tiDGBQAAAICJxNoYXNPtLNzLFwAAAADGP9zLFwAAAAAea4hxAQAAAMDeIMYFAAAAAHuDGBcAAAAA7M2ksS4AAAAAAIyxjW9sabt/n4ienTMndVfSWBdnGGBdBQAAAIDHHX9+YKtKpX9edvazZ/z8xrpEFgxpXQXEuAAAAACPu4qrV7q6ug8c/uBCaamXp6eXp6ft+06ePPnQ/vc83NxGsoDUP8Z9+eWXn3nmGVdX19bW1u+///7LL780fRcxLgCMZ0y9NC8lM6tY1sIQEbl4BIRKdqVuCuSOdcEeXn1O5Py9Vb67SstjeMOWqSIn6JXUGv+ka5/GeA9bpgDw2Pn6+vXw3656iB2PfnB46aJFI1AiM6Yx7vr163k8s19RhUJx/PjxnpeYcwYA45bqgiR0/ubUU4YAl4jammVndvwuUCApbR3jsgEA2KHn5s5d+PLLQ92L/4tfjEKAa+rll1/uE+ASEY/He9mk8IhxAWCcUpdI1he2EPlsOHROUVPbUlPbUiO//K6IS9RcuHlbCWNDHgAAMDR/+Pf/M9Rd3tn5x5Epi1XPPPPMoNsfdV2Fwx99eOfuvSHt4u7mtnnjxkc8LgDYvbKSEiLyi ...
08:50:44.440 [main] DEBUG c.i.k.driver.chrome_1752371420448 - >> {"id":97,"sessionId":"4808333591B344B37A87E54E6456A2A7","method":"Target.closeTarget","params":{"targetId":"28402BF1A341104C37D42267911A0210"}}
08:50:44.442 [nioEventLoopGroup-4-1] DEBUG c.i.k.http.WebSocketClientHandler - websocket closing
08:50:44.443 [nioEventLoopGroup-4-1] DEBUG c.i.k.http.WebSocketClientHandler - websocket client disconnected
08:50:44.448 [main] DEBUG com.intuit.karate.shell.Command - closing command: chrome_1752371420448
08:50:44.460 [main] INFO  com.intuit.karate - karate.env system property was: null 
08:50:44.468 [main] DEBUG com.intuit.karate.shell.Command - found / verified free local port: 53694
08:50:44.468 [main] WARN  c.intuit.karate.driver.DriverOptions - preferred port 9222 not available, will use: 53694
08:50:44.472 [main] DEBUG c.i.k.driver.chrome_1752371444466 - poll attempt #0 for port to be ready - localhost:53694
08:50:44.473 [chrome_1752371444466] DEBUG c.i.k.driver.chrome_1752371444466 - command: [C:\Program Files\Google\Chrome\Application\chrome.exe, --remote-debugging-port=53694, --remote-allow-origins=*, --no-first-run, --user-data-dir=E:\Duy\Projects\practices\karate_framework\demo\target\chrome_1752371444466, --disable-popup-blocking, --disable-features=PasswordManager, --incognito], working dir: target\chrome_1752371444466
08:50:44.635 [chrome_1752371420448] WARN  com.intuit.karate.shell.Command - exit code was non-zero: 1 - [C:\Program Files\Google\Chrome\Application\chrome.exe, --remote-debugging-port=53654, --remote-allow-origins=*, --no-first-run, --user-data-dir=E:\Duy\Projects\practices\karate_framework\demo\target\chrome_1752371420448, --disable-popup-blocking, --disable-features=PasswordManager, --incognito] working dir: target\chrome_1752371420448
08:50:44.724 [main] DEBUG c.i.k.driver.chrome_1752371444466 - poll attempt #1 for port to be ready - localhost:53694
08:50:44.995 [main] DEBUG c.i.k.driver.chrome_1752371444466 - poll attempt #2 for port to be ready - localhost:53694
08:50:45.042 [chrome_1752371444466-out] DEBUG c.i.k.driver.chrome_1752371444466 - 
08:50:45.042 [chrome_1752371444466-out] DEBUG c.i.k.driver.chrome_1752371444466 - DevTools listening on ws://127.0.0.1:53694/devtools/browser/eff1ec73-7f77-400e-8c2b-4109f1803294
08:50:45.255 [main] DEBUG c.i.k.driver.chrome_1752371444466 - poll attempt #3 for port to be ready - localhost:53694
08:50:45.287 [main] DEBUG com.intuit.karate - request:
1 > GET http://localhost:53694/json
1 > Host: localhost:53694
1 > Connection: Keep-Alive
1 > User-Agent: Apache-HttpClient/4.5.14 (Java/21.0.7)
1 > Accept-Encoding: gzip,deflate


08:50:45.342 [main] DEBUG com.intuit.karate - response time in milliseconds: 52
1 < 200
1 < Content-Security-Policy: frame-ancestors 'none'
1 < Content-Length: 1430
1 < Content-Type: application/json; charset=UTF-8
[ {
   "description": "",
   "devtoolsFrontendUrl": "https://chrome-devtools-frontend.appspot.com/serve_rev/@a2159ad9ab8037bd34a21b9903003e0964c2075b/inspector.html?ws=localhost:53694/devtools/page/6AD3604C7C982EB497C02F98ADFB5466",
   "id": "6AD3604C7C982EB497C02F98ADFB5466",
   "title": "Google Hangouts",
   "type": "background_page",
   "url": "chrome-extension://nkeimhogjdpnpccoofpliimaahmaaome/background.html",
   "webSocketDebuggerUrl": "ws://localhost:53694/devtools/page/6AD3604C7C982EB497C02F98ADFB5466"
}, {
   "description": "",
   "devtoolsFrontendUrl": "https://chrome-devtools-frontend.appspot.com/serve_rev/@a2159ad9ab8037bd34a21b9903003e0964c2075b/inspector.html?ws=localhost:53694/devtools/page/222AEC1ABE01C27FE04C97B00168FF68",
   "id": "222AEC1ABE01C27FE04C97B00168FF68",
   "title": "",
   "type": "other",
   "url": "",
   "webSocketDebuggerUrl": "ws://localhost:53694/devtools/page/222AEC1ABE01C27FE04C97B00168FF68"
}, {
   "description": "",
   "devtoolsFrontendUrl": "https://chrome-devtools-frontend.appspot.com/serve_rev/@a2159ad9ab8037bd34a21b9903003e0964c2075b/inspector.html?ws=localhost:53694/devtools/page/6BC4AEF8CC535EC05C66226AD4577490",
   "id": "6BC4AEF8CC535EC05C66226AD4577490",
   "title": "New Incognito Tab",
   "type": "page",
   "url": "chrome://newtab/",
   "webSocketDebuggerUrl": "ws://localhost:53694/devtools/page/6BC4AEF8CC535EC05C66226AD4577490"
} ]


08:50:45.344 [main] DEBUG com.intuit.karate.shell.Command - ready to accept http connections after 76 ms - http://localhost:53694/json
08:50:45.346 [main] DEBUG com.intuit.karate - request:
1 > GET http://localhost:53694/json
1 > Host: localhost:53694
1 > Connection: Keep-Alive
1 > User-Agent: Apache-HttpClient/4.5.14 (Java/21.0.7)
1 > Accept-Encoding: gzip,deflate


08:50:45.377 [main] DEBUG com.intuit.karate - response time in milliseconds: 29
1 < 200
1 < Content-Security-Policy: frame-ancestors 'none'
1 < Content-Length: 1522
1 < Content-Type: application/json; charset=UTF-8
[ {
   "description": "",
   "devtoolsFrontendUrl": "https://chrome-devtools-frontend.appspot.com/serve_rev/@a2159ad9ab8037bd34a21b9903003e0964c2075b/inspector.html?ws=localhost:53694/devtools/page/6AD3604C7C982EB497C02F98ADFB5466",
   "id": "6AD3604C7C982EB497C02F98ADFB5466",
   "title": "Google Hangouts",
   "type": "background_page",
   "url": "chrome-extension://nkeimhogjdpnpccoofpliimaahmaaome/background.html",
   "webSocketDebuggerUrl": "ws://localhost:53694/devtools/page/6AD3604C7C982EB497C02F98ADFB5466"
}, {
   "description": "",
   "devtoolsFrontendUrl": "https://chrome-devtools-frontend.appspot.com/serve_rev/@a2159ad9ab8037bd34a21b9903003e0964c2075b/inspector.html?ws=localhost:53694/devtools/page/222AEC1ABE01C27FE04C97B00168FF68",
   "id": "222AEC1ABE01C27FE04C97B00168FF68",
   "title": "Google Hangouts",
   "type": "background_page",
   "url": "chrome-extension://nkeimhogjdpnpccoofpliimaahmaaome/background.html",
   "webSocketDebuggerUrl": "ws://localhost:53694/devtools/page/222AEC1ABE01C27FE04C97B00168FF68"
}, {
   "description": "",
   "devtoolsFrontendUrl": "https://chrome-devtools-frontend.appspot.com/serve_rev/@a2159ad9ab8037bd34a21b9903003e0964c2075b/inspector.html?ws=localhost:53694/devtools/page/6BC4AEF8CC535EC05C66226AD4577490",
   "id": "6BC4AEF8CC535EC05C66226AD4577490",
   "title": "New Incognito Tab",
   "type": "page",
   "url": "chrome://newtab/",
   "webSocketDebuggerUrl": "ws://localhost:53694/devtools/page/6BC4AEF8CC535EC05C66226AD4577490"
} ]


08:50:45.380 [main] DEBUG c.i.k.driver.chrome_1752371444466 - root frame id: 6BC4AEF8CC535EC05C66226AD4577490
08:50:45.567 [nioEventLoopGroup-5-1] DEBUG c.i.k.http.WebSocketClientHandler - websocket client connected
08:50:45.567 [main] DEBUG c.i.k.driver.chrome_1752371444466 - >> {"id":1,"method":"Target.attachToTarget","params":{"targetId":"6BC4AEF8CC535EC05C66226AD4577490","flatten":true}}
08:50:45.573 [nioEventLoopGroup-5-1] DEBUG c.i.k.driver.chrome_1752371444466 - << {"method":"Target.attachedToTarget","params":{"sessionId":"4F6AF8FB2C5FCA4EED96D0D3B3200B22","targetInfo":{"targetId":"6BC4AEF8CC535EC05C66226AD4577490","type":"page","title":"New Incognito Tab","url":"chrome://newtab/","attached":true,"canAccessOpener":false,"browserContextId":"CC5CB3C0337B2F4803CD52F5281DD8DB"},"waitingForDebugger":false}}
08:50:45.573 [nioEventLoopGroup-5-1] DEBUG c.i.k.driver.chrome_1752371444466 - << {"id":1,"result":{"sessionId":"4F6AF8FB2C5FCA4EED96D0D3B3200B22"}}
08:50:45.582 [main] DEBUG c.i.k.driver.chrome_1752371444466 - >> {"id":2,"sessionId":"4F6AF8FB2C5FCA4EED96D0D3B3200B22","method":"Target.activateTarget","params":{"targetId":"6BC4AEF8CC535EC05C66226AD4577490"}}
08:50:45.585 [nioEventLoopGroup-5-1] DEBUG c.i.k.driver.chrome_1752371444466 - << {"id":2,"result":{},"sessionId":"4F6AF8FB2C5FCA4EED96D0D3B3200B22"}
08:50:45.590 [main] DEBUG c.i.k.driver.chrome_1752371444466 - >> {"id":3,"sessionId":"4F6AF8FB2C5FCA4EED96D0D3B3200B22","method":"Target.setDiscoverTargets","params":{"discover":true}}
08:50:45.593 [nioEventLoopGroup-5-1] DEBUG c.i.k.driver.chrome_1752371444466 - << {"method":"Target.targetCreated","params":{"targetInfo":{"targetId":"222AEC1ABE01C27FE04C97B00168FF68","type":"background_page","title":"Google Hangouts","url":"chrome-extension://nkeimhogjdpnpccoofpliimaahmaaome/background.html","attached":false,"canAccessOpener":false,"browserContextId":"F691F76FB9C3219F2CE3D01C7BF8CE49"}},"sessionId":"4F6AF8FB2C5FCA4EED96D0D3B3200B22"}
08:50:45.594 [nioEventLoopGroup-5-1] DEBUG c.i.k.driver.chrome_1752371444466 - << {"method":"Target.targetCreated","params":{"targetInfo":{"targetId":"6AD3604C7C982EB497C02F98ADFB5466","type":"background_page","title":"Google Hangouts","url":"chrome-extension://nkeimhogjdpnpccoofpliimaahmaaome/background.html","attached":false,"canAccessOpener":false,"browserContextId":"CC5CB3C0337B2F4803CD52F5281DD8DB"}},"sessionId":"4F6AF8FB2C5FCA4EED96D0D3B3200B22"}
08:50:45.594 [nioEventLoopGroup-5-1] DEBUG c.i.k.driver.chrome_1752371444466 - << {"method":"Target.targetCreated","params":{"targetInfo":{"targetId":"6BC4AEF8CC535EC05C66226AD4577490","type":"page","title":"New Incognito Tab","url":"chrome://newtab/","attached":true,"canAccessOpener":false,"browserContextId":"CC5CB3C0337B2F4803CD52F5281DD8DB"}},"sessionId":"4F6AF8FB2C5FCA4EED96D0D3B3200B22"}
08:50:45.595 [nioEventLoopGroup-5-1] DEBUG c.i.k.driver.chrome_1752371444466 - << {"id":3,"result":{},"sessionId":"4F6AF8FB2C5FCA4EED96D0D3B3200B22"}
08:50:45.595 [nioEventLoopGroup-5-1] DEBUG c.i.k.driver.chrome_1752371444466 - << {"method":"Target.targetInfoChanged","params":{"targetInfo":{"targetId":"222AEC1ABE01C27FE04C97B00168FF68","type":"background_page","title":"Google Hangouts","url":"chrome-extension://nkeimhogjdpnpccoofpliimaahmaaome/background.html","attached":false,"canAccessOpener":false,"browserContextId":"F691F76FB9C3219F2CE3D01C7BF8CE49"}},"sessionId":"4F6AF8FB2C5FCA4EED96D0D3B3200B22"}
08:50:45.596 [main] DEBUG c.i.k.driver.chrome_1752371444466 - >> {"id":4,"sessionId":"4F6AF8FB2C5FCA4EED96D0D3B3200B22","method":"Page.enable"}
08:50:45.617 [nioEventLoopGroup-5-1] DEBUG c.i.k.driver.chrome_1752371444466 - << {"method":"Target.targetInfoChanged","params":{"targetInfo":{"targetId":"6BC4AEF8CC535EC05C66226AD4577490","type":"page","title":"New Incognito Tab","url":"chrome://newtab/","attached":true,"canAccessOpener":false,"browserContextId":"CC5CB3C0337B2F4803CD52F5281DD8DB"}},"sessionId":"4F6AF8FB2C5FCA4EED96D0D3B3200B22"}
08:50:45.636 [nioEventLoopGroup-5-1] DEBUG c.i.k.driver.chrome_1752371444466 - << {"id":4,"result":{},"sessionId":"4F6AF8FB2C5FCA4EED96D0D3B3200B22"}
08:50:45.636 [main] DEBUG c.i.k.driver.chrome_1752371444466 - >> {"id":5,"sessionId":"4F6AF8FB2C5FCA4EED96D0D3B3200B22","method":"Runtime.enable"}
08:50:45.649 [nioEventLoopGroup-5-1] DEBUG c.i.k.driver.chrome_1752371444466 - << {"method":"Runtime.executionContextCreated","params":{"context":{"id":1,"origin":"chrome://newtab","name":"","uniqueId":"8690524102293522289.-9176603905283794885","auxData":{"isDefault":true,"type":"default","frameId":"6BC4AEF8CC535EC05C66226AD4577490"}}},"sessionId":"4F6AF8FB2C5FCA4EED96D0D3B3200B22"}
08:50:45.650 [nioEventLoopGroup-5-1] DEBUG c.i.k.driver.chrome_1752371444466 - << {"id":5,"result":{},"sessionId":"4F6AF8FB2C5FCA4EED96D0D3B3200B22"}
08:50:45.652 [main] DEBUG c.i.k.driver.chrome_1752371444466 - >> {"id":6,"sessionId":"4F6AF8FB2C5FCA4EED96D0D3B3200B22","method":"Browser.getWindowForTarget","params":{"targetId":"6BC4AEF8CC535EC05C66226AD4577490"}}
08:50:45.655 [nioEventLoopGroup-5-1] DEBUG c.i.k.driver.chrome_1752371444466 - << {"id":6,"result":{"windowId":1727634211,"bounds":{"left":10,"top":10,"width":945,"height":1060,"windowState":"normal"}},"sessionId":"4F6AF8FB2C5FCA4EED96D0D3B3200B22"}
08:50:45.674 [main] DEBUG c.i.k.driver.chrome_1752371444466 - >> {"id":7,"sessionId":"4F6AF8FB2C5FCA4EED96D0D3B3200B22","method":"Page.navigate","params":{"url":"https:\/\/saucedemo.com\/"}}
08:50:45.685 [nioEventLoopGroup-5-1] DEBUG c.i.k.driver.chrome_1752371444466 - << {"method":"Page.frameStartedNavigating","params":{"frameId":"6BC4AEF8CC535EC05C66226AD4577490","url":"https://saucedemo.com/","loaderId":"A05D0BB88EAAE5DE79F36209FE21AB53","navigationType":"differentDocument"},"sessionId":"4F6AF8FB2C5FCA4EED96D0D3B3200B22"}
08:50:45.686 [nioEventLoopGroup-5-1] DEBUG c.i.k.driver.chrome_1752371444466 - << {"method":"Page.frameStartedLoading","params":{"frameId":"6BC4AEF8CC535EC05C66226AD4577490"},"sessionId":"4F6AF8FB2C5FCA4EED96D0D3B3200B22"}
08:50:45.771 [nioEventLoopGroup-5-1] DEBUG c.i.k.driver.chrome_1752371444466 - << {"method":"Page.domContentEventFired","params":{"timestamp":251497.313552},"sessionId":"4F6AF8FB2C5FCA4EED96D0D3B3200B22"}
08:50:45.775 [main] INFO  c.intuit.karate.core.FeatureRuntime - classpath:UI/LoginUI/LoginPage.feature - call by tag at line 7: action_attemptLogin
08:50:45.803 [main] DEBUG c.i.k.driver.chrome_1752371444466 - >> {"id":8,"sessionId":"4F6AF8FB2C5FCA4EED96D0D3B3200B22","method":"Runtime.evaluate","params":{"expression":"var e = document.evaluate(\"\/\/*[@id='user-name']\", document, null, 9, null).singleNodeValue; e.focus(); try { e.selectionStart = e.selectionEnd = e.value.length } catch(x) {}","returnByValue":true}}
08:50:45.822 [nioEventLoopGroup-5-1] DEBUG c.i.k.driver.chrome_1752371444466 - << {"method":"Target.targetCreated","params":{"targetInfo":{"targetId":"AF8FE532DC2F8FDB2AF9AAA265FA5056","type":"service_worker","title":"Service Worker chrome-extension://fignfifoniblkonapihmkfakmlgkbkcf/service_worker.js","url":"chrome-extension://fignfifoniblkonapihmkfakmlgkbkcf/service_worker.js","attached":false,"canAccessOpener":false,"browserContextId":"F691F76FB9C3219F2CE3D01C7BF8CE49"}},"sessionId":"4F6AF8FB2C5FCA4EED96D0D3B3200B22"}
08:50:45.830 [nioEventLoopGroup-5-1] DEBUG c.i.k.driver.chrome_1752371444466 - << {"method":"Page.loadEventFired","params":{"timestamp":251497.373928},"sessionId":"4F6AF8FB2C5FCA4EED96D0D3B3200B22"}
08:50:45.830 [nioEventLoopGroup-5-1] DEBUG c.i.k.driver.chrome_1752371444466 - << {"method":"Page.frameStartedLoading","params":{"frameId":"6BC4AEF8CC535EC05C66226AD4577490"},"sessionId":"4F6AF8FB2C5FCA4EED96D0D3B3200B22"}
08:50:45.872 [nioEventLoopGroup-5-1] DEBUG c.i.k.driver.chrome_1752371444466 - << {"id":7,"result":{"frameId":"6BC4AEF8CC535EC05C66226AD4577490","loaderId":"A05D0BB88EAAE5DE79F36209FE21AB53"},"sessionId":"4F6AF8FB2C5FCA4EED96D0D3B3200B22"}
08:50:45.877 [nioEventLoopGroup-5-1] DEBUG c.i.k.driver.chrome_1752371444466 - << {"method":"Runtime.executionContextsCleared","params":{},"sessionId":"4F6AF8FB2C5FCA4EED96D0D3B3200B22"}
08:50:45.879 [nioEventLoopGroup-5-1] DEBUG c.i.k.driver.chrome_1752371444466 - << {"method":"Runtime.executionContextsCleared","params":{},"sessionId":"4F6AF8FB2C5FCA4EED96D0D3B3200B22"}
08:50:45.880 [nioEventLoopGroup-5-1] DEBUG c.i.k.driver.chrome_1752371444466 - << {"method":"Page.frameNavigated","params":{"frame":{"id":"6BC4AEF8CC535EC05C66226AD4577490","loaderId":"A05D0BB88EAAE5DE79F36209FE21AB53","url":"https://www.saucedemo.com/","domainAndRegistry":"saucedemo.com","securityOrigin":"https://www.saucedemo.com","securityOriginDetails":{"isLocalhost":false},"mimeType":"text/html","adFrameStatus":{"adFrameType":"none"},"secureContextType":"Secure","crossOriginIsolatedContextType":"NotIsolated","gatedAPIFeatures":[]},"type":"Navigation"},"sessionId":"4F6AF8FB2C5FCA4EED96D0D3B3200B22"}
08:50:45.902 [nioEventLoopGroup-5-1] DEBUG c.i.k.driver.chrome_1752371444466 - << {"method":"Target.targetInfoChanged","params":{"targetInfo":{"targetId":"6BC4AEF8CC535EC05C66226AD4577490","type":"page","title":"saucedemo.com","url":"https://www.saucedemo.com/","attached":true,"canAccessOpener":false,"browserContextId":"CC5CB3C0337B2F4803CD52F5281DD8DB"}},"sessionId":"4F6AF8FB2C5FCA4EED96D0D3B3200B22"}
08:50:45.909 [nioEventLoopGroup-5-1] DEBUG c.i.k.driver.chrome_1752371444466 - << {"method":"Runtime.executionContextCreated","params":{"context":{"id":1,"origin":"https://www.saucedemo.com","name":"","uniqueId":"-525971108208458950.243002180275060493","auxData":{"isDefault":true,"type":"default","frameId":"6BC4AEF8CC535EC05C66226AD4577490"}}},"sessionId":"4F6AF8FB2C5FCA4EED96D0D3B3200B22"}
08:50:45.926 [nioEventLoopGroup-5-1] DEBUG c.i.k.driver.chrome_1752371444466 - << {"id":8,"result":{"result":{"type":"object","subtype":"error","className":"TypeError","description":"TypeError: Cannot read properties of null (reading 'focus')\n    at <anonymous>:1:95","objectId":"-4076605298078515175.1.1"},"exceptionDetails":{"exceptionId":1,"text":"Uncaught","lineNumber":0,"columnNumber":94,"scriptId":"6","stackTrace":{"callFrames":[{"functionName":"","scriptId":"6","url":"","lineNumber":0,"columnNumber":94}]},"exception":{"type":"object","subtype":"error","className":"TypeError","description":"TypeError: Cannot read properties of null (reading 'focus')\n    at <anonymous>:1:95","objectId":"-4076605298078515175.1.2"}}},"sessionId":"4F6AF8FB2C5FCA4EED96D0D3B3200B22"}
08:50:45.926 [nioEventLoopGroup-5-1] WARN  c.i.k.driver.chrome_1752371444466 - devtools error: [id: 8, sessionId: 4F6AF8FB2C5FCA4EED96D0D3B3200B22, result: [type: MAP, value: {type=object, subtype=error, className=TypeError, description=TypeError: Cannot read properties of null (reading 'focus')
    at <anonymous>:1:95, objectId=-4076605298078515175.1.1}]]
08:50:45.927 [main] WARN  c.i.k.driver.chrome_1752371444466 - js eval failed once:var e = document.evaluate("//*[@id='user-name']", document, null, 9, null).singleNodeValue; e.focus(); try { e.selectionStart = e.selectionEnd = e.value.length } catch(x) {}, error: [type: MAP, value: {type=object, subtype=error, className=TypeError, description=TypeError: Cannot read properties of null (reading 'focus')
    at <anonymous>:1:95, objectId=-4076605298078515175.1.1}]
08:50:46.498 [nioEventLoopGroup-5-1] DEBUG c.i.k.driver.chrome_1752371444466 - << {"method":"Page.domContentEventFired","params":{"timestamp":251498.037508},"sessionId":"4F6AF8FB2C5FCA4EED96D0D3B3200B22"}
08:50:46.781 [nioEventLoopGroup-5-1] DEBUG c.i.k.driver.chrome_1752371444466 - << {"method":"Target.targetCreated","params":{"targetInfo":{"targetId":"7E752C140ECE77F3A9091BED55DAA289","type":"service_worker","title":"Service Worker https://www.saucedemo.com/service-worker.js","url":"https://www.saucedemo.com/service-worker.js","attached":false,"canAccessOpener":false,"browserContextId":"CC5CB3C0337B2F4803CD52F5281DD8DB"}},"sessionId":"4F6AF8FB2C5FCA4EED96D0D3B3200B22"}
08:50:46.782 [nioEventLoopGroup-5-1] DEBUG c.i.k.driver.chrome_1752371444466 - << {"method":"Page.loadEventFired","params":{"timestamp":251498.319695},"sessionId":"4F6AF8FB2C5FCA4EED96D0D3B3200B22"}
08:50:46.784 [nioEventLoopGroup-5-1] DEBUG c.i.k.driver.chrome_1752371444466 - << {"method":"Page.frameStoppedLoading","params":{"frameId":"6BC4AEF8CC535EC05C66226AD4577490"},"sessionId":"4F6AF8FB2C5FCA4EED96D0D3B3200B22"}
08:50:48.069 [chrome_1752371444466-out] DEBUG c.i.k.driver.chrome_1752371444466 - WARNING: All log messages before absl::InitializeLog() is called are written to STDERR
08:50:48.069 [chrome_1752371444466-out] DEBUG c.i.k.driver.chrome_1752371444466 - I0000 00:00:1752371448.069390   15756 voice_transcription.cc:58] Registering VoiceTranscriptionCapability
08:50:48.244 [nioEventLoopGroup-5-1] DEBUG c.i.k.driver.chrome_1752371444466 - << {"method":"Runtime.consoleAPICalled","params":{"type":"log","args":[{"type":"string","value":"Content is cached for offline use."}],"executionContextId":1,"timestamp":1.752371448242815e+12,"stackTrace":{"callFrames":[{"functionName":"console.<computed>","scriptId":"8","url":"https://www.saucedemo.com/static/js/2.84a5cbf3.chunk.js","lineNumber":1,"columnNumber":123015},{"functionName":"a.onstatechange","scriptId":"7","url":"https://www.saucedemo.com/static/js/main.018d2d1e.chunk.js","lineNumber":0,"columnNumber":58496}]}},"sessionId":"4F6AF8FB2C5FCA4EED96D0D3B3200B22"}
08:50:48.245 [nioEventLoopGroup-5-1] DEBUG c.i.k.driver.chrome_1752371444466 - [console] Content is cached for offline use.
08:50:48.935 [main] DEBUG c.i.k.driver.chrome_1752371444466 - >> {"id":9,"sessionId":"4F6AF8FB2C5FCA4EED96D0D3B3200B22","method":"Runtime.evaluate","params":{"expression":"var e = document.evaluate(\"\/\/*[@id='user-name']\", document, null, 9, null).singleNodeValue; e.focus(); try { e.selectionStart = e.selectionEnd = e.value.length } catch(x) {}","returnByValue":true}}
08:50:48.946 [nioEventLoopGroup-5-1] DEBUG c.i.k.driver.chrome_1752371444466 - << {"id":9,"result":{"result":{"type":"number","value":0,"description":"0"}},"sessionId":"4F6AF8FB2C5FCA4EED96D0D3B3200B22"}
08:50:48.947 [main] DEBUG c.i.k.driver.chrome_1752371444466 - >> {"id":10,"sessionId":"4F6AF8FB2C5FCA4EED96D0D3B3200B22","method":"Input.dispatchKeyEvent","params":{"modifiers":0,"type":"rawKeyDown","text":"s","windowsVirtualKeyCode":115}}
08:50:48.954 [nioEventLoopGroup-5-1] DEBUG c.i.k.driver.chrome_1752371444466 - << {"id":10,"result":{},"sessionId":"4F6AF8FB2C5FCA4EED96D0D3B3200B22"}
08:50:48.957 [main] DEBUG c.i.k.driver.chrome_1752371444466 - >> {"id":11,"sessionId":"4F6AF8FB2C5FCA4EED96D0D3B3200B22","method":"Input.dispatchKeyEvent","params":{"modifiers":0,"type":"char","text":"s","windowsVirtualKeyCode":115}}
08:50:48.970 [nioEventLoopGroup-5-1] DEBUG c.i.k.driver.chrome_1752371444466 - << {"id":11,"result":{},"sessionId":"4F6AF8FB2C5FCA4EED96D0D3B3200B22"}
08:50:48.971 [main] DEBUG c.i.k.driver.chrome_1752371444466 - >> {"id":12,"sessionId":"4F6AF8FB2C5FCA4EED96D0D3B3200B22","method":"Input.dispatchKeyEvent","params":{"modifiers":0,"type":"keyUp","text":"s","windowsVirtualKeyCode":115}}
08:50:48.975 [nioEventLoopGroup-5-1] DEBUG c.i.k.driver.chrome_1752371444466 - << {"id":12,"result":{},"sessionId":"4F6AF8FB2C5FCA4EED96D0D3B3200B22"}
08:50:48.976 [main] DEBUG c.i.k.driver.chrome_1752371444466 - >> {"id":13,"sessionId":"4F6AF8FB2C5FCA4EED96D0D3B3200B22","method":"Input.dispatchKeyEvent","params":{"modifiers":0,"type":"rawKeyDown","text":"t","windowsVirtualKeyCode":116}}
08:50:48.979 [nioEventLoopGroup-5-1] DEBUG c.i.k.driver.chrome_1752371444466 - << {"id":13,"result":{},"sessionId":"4F6AF8FB2C5FCA4EED96D0D3B3200B22"}
08:50:48.980 [main] DEBUG c.i.k.driver.chrome_1752371444466 - >> {"id":14,"sessionId":"4F6AF8FB2C5FCA4EED96D0D3B3200B22","method":"Input.dispatchKeyEvent","params":{"modifiers":0,"type":"char","text":"t","windowsVirtualKeyCode":116}}
08:50:48.985 [nioEventLoopGroup-5-1] DEBUG c.i.k.driver.chrome_1752371444466 - << {"id":14,"result":{},"sessionId":"4F6AF8FB2C5FCA4EED96D0D3B3200B22"}
08:50:49.005 [main] DEBUG c.i.k.driver.chrome_1752371444466 - >> {"id":15,"sessionId":"4F6AF8FB2C5FCA4EED96D0D3B3200B22","method":"Input.dispatchKeyEvent","params":{"modifiers":0,"type":"keyUp","text":"t","windowsVirtualKeyCode":116}}
08:50:49.008 [nioEventLoopGroup-5-1] DEBUG c.i.k.driver.chrome_1752371444466 - << {"id":15,"result":{},"sessionId":"4F6AF8FB2C5FCA4EED96D0D3B3200B22"}
08:50:49.009 [main] DEBUG c.i.k.driver.chrome_1752371444466 - >> {"id":16,"sessionId":"4F6AF8FB2C5FCA4EED96D0D3B3200B22","method":"Input.dispatchKeyEvent","params":{"modifiers":0,"type":"rawKeyDown","text":"a","windowsVirtualKeyCode":97}}
08:50:49.012 [nioEventLoopGroup-5-1] DEBUG c.i.k.driver.chrome_1752371444466 - << {"id":16,"result":{},"sessionId":"4F6AF8FB2C5FCA4EED96D0D3B3200B22"}
08:50:49.012 [main] DEBUG c.i.k.driver.chrome_1752371444466 - >> {"id":17,"sessionId":"4F6AF8FB2C5FCA4EED96D0D3B3200B22","method":"Input.dispatchKeyEvent","params":{"modifiers":0,"type":"char","text":"a","windowsVirtualKeyCode":97}}
08:50:49.018 [nioEventLoopGroup-5-1] DEBUG c.i.k.driver.chrome_1752371444466 - << {"id":17,"result":{},"sessionId":"4F6AF8FB2C5FCA4EED96D0D3B3200B22"}
08:50:49.022 [main] DEBUG c.i.k.driver.chrome_1752371444466 - >> {"id":18,"sessionId":"4F6AF8FB2C5FCA4EED96D0D3B3200B22","method":"Input.dispatchKeyEvent","params":{"modifiers":0,"type":"keyUp","text":"a","windowsVirtualKeyCode":97}}
08:50:49.025 [nioEventLoopGroup-5-1] DEBUG c.i.k.driver.chrome_1752371444466 - << {"id":18,"result":{},"sessionId":"4F6AF8FB2C5FCA4EED96D0D3B3200B22"}
08:50:49.026 [main] DEBUG c.i.k.driver.chrome_1752371444466 - >> {"id":19,"sessionId":"4F6AF8FB2C5FCA4EED96D0D3B3200B22","method":"Input.dispatchKeyEvent","params":{"modifiers":0,"type":"rawKeyDown","text":"n","windowsVirtualKeyCode":110}}
08:50:49.028 [nioEventLoopGroup-5-1] DEBUG c.i.k.driver.chrome_1752371444466 - << {"id":19,"result":{},"sessionId":"4F6AF8FB2C5FCA4EED96D0D3B3200B22"}
08:50:49.029 [main] DEBUG c.i.k.driver.chrome_1752371444466 - >> {"id":20,"sessionId":"4F6AF8FB2C5FCA4EED96D0D3B3200B22","method":"Input.dispatchKeyEvent","params":{"modifiers":0,"type":"char","text":"n","windowsVirtualKeyCode":110}}
08:50:49.034 [nioEventLoopGroup-5-1] DEBUG c.i.k.driver.chrome_1752371444466 - << {"id":20,"result":{},"sessionId":"4F6AF8FB2C5FCA4EED96D0D3B3200B22"}
08:50:49.036 [main] DEBUG c.i.k.driver.chrome_1752371444466 - >> {"id":21,"sessionId":"4F6AF8FB2C5FCA4EED96D0D3B3200B22","method":"Input.dispatchKeyEvent","params":{"modifiers":0,"type":"keyUp","text":"n","windowsVirtualKeyCode":110}}
08:50:49.042 [nioEventLoopGroup-5-1] DEBUG c.i.k.driver.chrome_1752371444466 - << {"id":21,"result":{},"sessionId":"4F6AF8FB2C5FCA4EED96D0D3B3200B22"}
08:50:49.043 [main] DEBUG c.i.k.driver.chrome_1752371444466 - >> {"id":22,"sessionId":"4F6AF8FB2C5FCA4EED96D0D3B3200B22","method":"Input.dispatchKeyEvent","params":{"modifiers":0,"type":"rawKeyDown","text":"d","windowsVirtualKeyCode":100}}
08:50:49.046 [nioEventLoopGroup-5-1] DEBUG c.i.k.driver.chrome_1752371444466 - << {"id":22,"result":{},"sessionId":"4F6AF8FB2C5FCA4EED96D0D3B3200B22"}
08:50:49.047 [main] DEBUG c.i.k.driver.chrome_1752371444466 - >> {"id":23,"sessionId":"4F6AF8FB2C5FCA4EED96D0D3B3200B22","method":"Input.dispatchKeyEvent","params":{"modifiers":0,"type":"char","text":"d","windowsVirtualKeyCode":100}}
08:50:49.053 [nioEventLoopGroup-5-1] DEBUG c.i.k.driver.chrome_1752371444466 - << {"id":23,"result":{},"sessionId":"4F6AF8FB2C5FCA4EED96D0D3B3200B22"}
08:50:49.065 [main] DEBUG c.i.k.driver.chrome_1752371444466 - >> {"id":24,"sessionId":"4F6AF8FB2C5FCA4EED96D0D3B3200B22","method":"Input.dispatchKeyEvent","params":{"modifiers":0,"type":"keyUp","text":"d","windowsVirtualKeyCode":100}}
08:50:49.069 [nioEventLoopGroup-5-1] DEBUG c.i.k.driver.chrome_1752371444466 - << {"id":24,"result":{},"sessionId":"4F6AF8FB2C5FCA4EED96D0D3B3200B22"}
08:50:49.072 [main] DEBUG c.i.k.driver.chrome_1752371444466 - >> {"id":25,"sessionId":"4F6AF8FB2C5FCA4EED96D0D3B3200B22","method":"Input.dispatchKeyEvent","params":{"modifiers":0,"type":"rawKeyDown","text":"a","windowsVirtualKeyCode":97}}
08:50:49.077 [nioEventLoopGroup-5-1] DEBUG c.i.k.driver.chrome_1752371444466 - << {"id":25,"result":{},"sessionId":"4F6AF8FB2C5FCA4EED96D0D3B3200B22"}
08:50:49.078 [main] DEBUG c.i.k.driver.chrome_1752371444466 - >> {"id":26,"sessionId":"4F6AF8FB2C5FCA4EED96D0D3B3200B22","method":"Input.dispatchKeyEvent","params":{"modifiers":0,"type":"char","text":"a","windowsVirtualKeyCode":97}}
08:50:49.084 [nioEventLoopGroup-5-1] DEBUG c.i.k.driver.chrome_1752371444466 - << {"id":26,"result":{},"sessionId":"4F6AF8FB2C5FCA4EED96D0D3B3200B22"}
08:50:49.086 [main] DEBUG c.i.k.driver.chrome_1752371444466 - >> {"id":27,"sessionId":"4F6AF8FB2C5FCA4EED96D0D3B3200B22","method":"Input.dispatchKeyEvent","params":{"modifiers":0,"type":"keyUp","text":"a","windowsVirtualKeyCode":97}}
08:50:49.092 [nioEventLoopGroup-5-1] DEBUG c.i.k.driver.chrome_1752371444466 - << {"id":27,"result":{},"sessionId":"4F6AF8FB2C5FCA4EED96D0D3B3200B22"}
08:50:49.093 [main] DEBUG c.i.k.driver.chrome_1752371444466 - >> {"id":28,"sessionId":"4F6AF8FB2C5FCA4EED96D0D3B3200B22","method":"Input.dispatchKeyEvent","params":{"modifiers":0,"type":"rawKeyDown","text":"r","windowsVirtualKeyCode":114}}
08:50:49.096 [nioEventLoopGroup-5-1] DEBUG c.i.k.driver.chrome_1752371444466 - << {"id":28,"result":{},"sessionId":"4F6AF8FB2C5FCA4EED96D0D3B3200B22"}
08:50:49.097 [main] DEBUG c.i.k.driver.chrome_1752371444466 - >> {"id":29,"sessionId":"4F6AF8FB2C5FCA4EED96D0D3B3200B22","method":"Input.dispatchKeyEvent","params":{"modifiers":0,"type":"char","text":"r","windowsVirtualKeyCode":114}}
08:50:49.104 [nioEventLoopGroup-5-1] DEBUG c.i.k.driver.chrome_1752371444466 - << {"id":29,"result":{},"sessionId":"4F6AF8FB2C5FCA4EED96D0D3B3200B22"}
08:50:49.106 [main] DEBUG c.i.k.driver.chrome_1752371444466 - >> {"id":30,"sessionId":"4F6AF8FB2C5FCA4EED96D0D3B3200B22","method":"Input.dispatchKeyEvent","params":{"modifiers":0,"type":"keyUp","text":"r","windowsVirtualKeyCode":114}}
08:50:49.110 [nioEventLoopGroup-5-1] DEBUG c.i.k.driver.chrome_1752371444466 - << {"id":30,"result":{},"sessionId":"4F6AF8FB2C5FCA4EED96D0D3B3200B22"}
08:50:49.112 [main] DEBUG c.i.k.driver.chrome_1752371444466 - >> {"id":31,"sessionId":"4F6AF8FB2C5FCA4EED96D0D3B3200B22","method":"Input.dispatchKeyEvent","params":{"modifiers":0,"type":"rawKeyDown","text":"d","windowsVirtualKeyCode":100}}
08:50:49.115 [nioEventLoopGroup-5-1] DEBUG c.i.k.driver.chrome_1752371444466 - << {"id":31,"result":{},"sessionId":"4F6AF8FB2C5FCA4EED96D0D3B3200B22"}
08:50:49.116 [main] DEBUG c.i.k.driver.chrome_1752371444466 - >> {"id":32,"sessionId":"4F6AF8FB2C5FCA4EED96D0D3B3200B22","method":"Input.dispatchKeyEvent","params":{"modifiers":0,"type":"char","text":"d","windowsVirtualKeyCode":100}}
08:50:49.124 [nioEventLoopGroup-5-1] DEBUG c.i.k.driver.chrome_1752371444466 - << {"id":32,"result":{},"sessionId":"4F6AF8FB2C5FCA4EED96D0D3B3200B22"}
08:50:49.132 [main] DEBUG c.i.k.driver.chrome_1752371444466 - >> {"id":33,"sessionId":"4F6AF8FB2C5FCA4EED96D0D3B3200B22","method":"Input.dispatchKeyEvent","params":{"modifiers":0,"type":"keyUp","text":"d","windowsVirtualKeyCode":100}}
08:50:49.135 [nioEventLoopGroup-5-1] DEBUG c.i.k.driver.chrome_1752371444466 - << {"id":33,"result":{},"sessionId":"4F6AF8FB2C5FCA4EED96D0D3B3200B22"}
08:50:49.138 [main] DEBUG c.i.k.driver.chrome_1752371444466 - >> {"id":34,"sessionId":"4F6AF8FB2C5FCA4EED96D0D3B3200B22","method":"Input.dispatchKeyEvent","params":{"modifiers":0,"type":"rawKeyDown","text":"_","windowsVirtualKeyCode":523}}
08:50:49.141 [nioEventLoopGroup-5-1] DEBUG c.i.k.driver.chrome_1752371444466 - << {"id":34,"result":{},"sessionId":"4F6AF8FB2C5FCA4EED96D0D3B3200B22"}
08:50:49.142 [main] DEBUG c.i.k.driver.chrome_1752371444466 - >> {"id":35,"sessionId":"4F6AF8FB2C5FCA4EED96D0D3B3200B22","method":"Input.dispatchKeyEvent","params":{"modifiers":0,"type":"char","text":"_","windowsVirtualKeyCode":523}}
08:50:49.149 [nioEventLoopGroup-5-1] DEBUG c.i.k.driver.chrome_1752371444466 - << {"id":35,"result":{},"sessionId":"4F6AF8FB2C5FCA4EED96D0D3B3200B22"}
08:50:49.150 [main] DEBUG c.i.k.driver.chrome_1752371444466 - >> {"id":36,"sessionId":"4F6AF8FB2C5FCA4EED96D0D3B3200B22","method":"Input.dispatchKeyEvent","params":{"modifiers":0,"type":"keyUp","text":"_","windowsVirtualKeyCode":523}}
08:50:49.153 [nioEventLoopGroup-5-1] DEBUG c.i.k.driver.chrome_1752371444466 - << {"id":36,"result":{},"sessionId":"4F6AF8FB2C5FCA4EED96D0D3B3200B22"}
08:50:49.154 [main] DEBUG c.i.k.driver.chrome_1752371444466 - >> {"id":37,"sessionId":"4F6AF8FB2C5FCA4EED96D0D3B3200B22","method":"Input.dispatchKeyEvent","params":{"modifiers":0,"type":"rawKeyDown","text":"u","windowsVirtualKeyCode":117}}
08:50:49.157 [nioEventLoopGroup-5-1] DEBUG c.i.k.driver.chrome_1752371444466 - << {"id":37,"result":{},"sessionId":"4F6AF8FB2C5FCA4EED96D0D3B3200B22"}
08:50:49.157 [main] DEBUG c.i.k.driver.chrome_1752371444466 - >> {"id":38,"sessionId":"4F6AF8FB2C5FCA4EED96D0D3B3200B22","method":"Input.dispatchKeyEvent","params":{"modifiers":0,"type":"char","text":"u","windowsVirtualKeyCode":117}}
08:50:49.168 [nioEventLoopGroup-5-1] DEBUG c.i.k.driver.chrome_1752371444466 - << {"id":38,"result":{},"sessionId":"4F6AF8FB2C5FCA4EED96D0D3B3200B22"}
08:50:49.169 [main] DEBUG c.i.k.driver.chrome_1752371444466 - >> {"id":39,"sessionId":"4F6AF8FB2C5FCA4EED96D0D3B3200B22","method":"Input.dispatchKeyEvent","params":{"modifiers":0,"type":"keyUp","text":"u","windowsVirtualKeyCode":117}}
08:50:49.172 [nioEventLoopGroup-5-1] DEBUG c.i.k.driver.chrome_1752371444466 - << {"id":39,"result":{},"sessionId":"4F6AF8FB2C5FCA4EED96D0D3B3200B22"}
08:50:49.175 [main] DEBUG c.i.k.driver.chrome_1752371444466 - >> {"id":40,"sessionId":"4F6AF8FB2C5FCA4EED96D0D3B3200B22","method":"Input.dispatchKeyEvent","params":{"modifiers":0,"type":"rawKeyDown","text":"s","windowsVirtualKeyCode":115}}
08:50:49.177 [nioEventLoopGroup-5-1] DEBUG c.i.k.driver.chrome_1752371444466 - << {"id":40,"result":{},"sessionId":"4F6AF8FB2C5FCA4EED96D0D3B3200B22"}
08:50:49.178 [main] DEBUG c.i.k.driver.chrome_1752371444466 - >> {"id":41,"sessionId":"4F6AF8FB2C5FCA4EED96D0D3B3200B22","method":"Input.dispatchKeyEvent","params":{"modifiers":0,"type":"char","text":"s","windowsVirtualKeyCode":115}}
08:50:49.183 [nioEventLoopGroup-5-1] DEBUG c.i.k.driver.chrome_1752371444466 - << {"id":41,"result":{},"sessionId":"4F6AF8FB2C5FCA4EED96D0D3B3200B22"}
08:50:49.188 [main] DEBUG c.i.k.driver.chrome_1752371444466 - >> {"id":42,"sessionId":"4F6AF8FB2C5FCA4EED96D0D3B3200B22","method":"Input.dispatchKeyEvent","params":{"modifiers":0,"type":"keyUp","text":"s","windowsVirtualKeyCode":115}}
08:50:49.191 [nioEventLoopGroup-5-1] DEBUG c.i.k.driver.chrome_1752371444466 - << {"id":42,"result":{},"sessionId":"4F6AF8FB2C5FCA4EED96D0D3B3200B22"}
08:50:49.192 [main] DEBUG c.i.k.driver.chrome_1752371444466 - >> {"id":43,"sessionId":"4F6AF8FB2C5FCA4EED96D0D3B3200B22","method":"Input.dispatchKeyEvent","params":{"modifiers":0,"type":"rawKeyDown","text":"e","windowsVirtualKeyCode":101}}
08:50:49.194 [nioEventLoopGroup-5-1] DEBUG c.i.k.driver.chrome_1752371444466 - << {"id":43,"result":{},"sessionId":"4F6AF8FB2C5FCA4EED96D0D3B3200B22"}
08:50:49.195 [main] DEBUG c.i.k.driver.chrome_1752371444466 - >> {"id":44,"sessionId":"4F6AF8FB2C5FCA4EED96D0D3B3200B22","method":"Input.dispatchKeyEvent","params":{"modifiers":0,"type":"char","text":"e","windowsVirtualKeyCode":101}}
08:50:49.200 [nioEventLoopGroup-5-1] DEBUG c.i.k.driver.chrome_1752371444466 - << {"id":44,"result":{},"sessionId":"4F6AF8FB2C5FCA4EED96D0D3B3200B22"}
08:50:49.201 [main] DEBUG c.i.k.driver.chrome_1752371444466 - >> {"id":45,"sessionId":"4F6AF8FB2C5FCA4EED96D0D3B3200B22","method":"Input.dispatchKeyEvent","params":{"modifiers":0,"type":"keyUp","text":"e","windowsVirtualKeyCode":101}}
08:50:49.205 [nioEventLoopGroup-5-1] DEBUG c.i.k.driver.chrome_1752371444466 - << {"id":45,"result":{},"sessionId":"4F6AF8FB2C5FCA4EED96D0D3B3200B22"}
08:50:49.205 [main] DEBUG c.i.k.driver.chrome_1752371444466 - >> {"id":46,"sessionId":"4F6AF8FB2C5FCA4EED96D0D3B3200B22","method":"Input.dispatchKeyEvent","params":{"modifiers":0,"type":"rawKeyDown","text":"r","windowsVirtualKeyCode":114}}
08:50:49.208 [nioEventLoopGroup-5-1] DEBUG c.i.k.driver.chrome_1752371444466 - << {"id":46,"result":{},"sessionId":"4F6AF8FB2C5FCA4EED96D0D3B3200B22"}
08:50:49.209 [main] DEBUG c.i.k.driver.chrome_1752371444466 - >> {"id":47,"sessionId":"4F6AF8FB2C5FCA4EED96D0D3B3200B22","method":"Input.dispatchKeyEvent","params":{"modifiers":0,"type":"char","text":"r","windowsVirtualKeyCode":114}}
08:50:49.213 [nioEventLoopGroup-5-1] DEBUG c.i.k.driver.chrome_1752371444466 - << {"id":47,"result":{},"sessionId":"4F6AF8FB2C5FCA4EED96D0D3B3200B22"}
08:50:49.214 [main] DEBUG c.i.k.driver.chrome_1752371444466 - >> {"id":48,"sessionId":"4F6AF8FB2C5FCA4EED96D0D3B3200B22","method":"Input.dispatchKeyEvent","params":{"modifiers":0,"type":"keyUp","text":"r","windowsVirtualKeyCode":114}}
08:50:49.217 [nioEventLoopGroup-5-1] DEBUG c.i.k.driver.chrome_1752371444466 - << {"id":48,"result":{},"sessionId":"4F6AF8FB2C5FCA4EED96D0D3B3200B22"}
08:50:49.221 [main] DEBUG c.i.k.driver.chrome_1752371444466 - >> {"id":49,"sessionId":"4F6AF8FB2C5FCA4EED96D0D3B3200B22","method":"Runtime.evaluate","params":{"expression":"var e = document.evaluate(\"\/\/*[@id='password']\", document, null, 9, null).singleNodeValue; e.focus(); try { e.selectionStart = e.selectionEnd = e.value.length } catch(x) {}","returnByValue":true}}
08:50:49.226 [nioEventLoopGroup-5-1] DEBUG c.i.k.driver.chrome_1752371444466 - << {"id":49,"result":{"result":{"type":"number","value":0,"description":"0"}},"sessionId":"4F6AF8FB2C5FCA4EED96D0D3B3200B22"}
08:50:49.227 [main] DEBUG c.i.k.driver.chrome_1752371444466 - >> {"id":50,"sessionId":"4F6AF8FB2C5FCA4EED96D0D3B3200B22","method":"Input.dispatchKeyEvent","params":{"modifiers":0,"type":"rawKeyDown","text":"s","windowsVirtualKeyCode":115}}
08:50:49.229 [nioEventLoopGroup-5-1] DEBUG c.i.k.driver.chrome_1752371444466 - << {"id":50,"result":{},"sessionId":"4F6AF8FB2C5FCA4EED96D0D3B3200B22"}
08:50:49.230 [main] DEBUG c.i.k.driver.chrome_1752371444466 - >> {"id":51,"sessionId":"4F6AF8FB2C5FCA4EED96D0D3B3200B22","method":"Input.dispatchKeyEvent","params":{"modifiers":0,"type":"char","text":"s","windowsVirtualKeyCode":115}}
08:50:49.234 [nioEventLoopGroup-5-1] DEBUG c.i.k.driver.chrome_1752371444466 - << {"id":51,"result":{},"sessionId":"4F6AF8FB2C5FCA4EED96D0D3B3200B22"}
08:50:49.235 [main] DEBUG c.i.k.driver.chrome_1752371444466 - >> {"id":52,"sessionId":"4F6AF8FB2C5FCA4EED96D0D3B3200B22","method":"Input.dispatchKeyEvent","params":{"modifiers":0,"type":"keyUp","text":"s","windowsVirtualKeyCode":115}}
08:50:49.237 [nioEventLoopGroup-5-1] DEBUG c.i.k.driver.chrome_1752371444466 - << {"id":52,"result":{},"sessionId":"4F6AF8FB2C5FCA4EED96D0D3B3200B22"}
08:50:49.238 [main] DEBUG c.i.k.driver.chrome_1752371444466 - >> {"id":53,"sessionId":"4F6AF8FB2C5FCA4EED96D0D3B3200B22","method":"Input.dispatchKeyEvent","params":{"modifiers":0,"type":"rawKeyDown","text":"e","windowsVirtualKeyCode":101}}
08:50:49.240 [nioEventLoopGroup-5-1] DEBUG c.i.k.driver.chrome_1752371444466 - << {"id":53,"result":{},"sessionId":"4F6AF8FB2C5FCA4EED96D0D3B3200B22"}
08:50:49.242 [main] DEBUG c.i.k.driver.chrome_1752371444466 - >> {"id":54,"sessionId":"4F6AF8FB2C5FCA4EED96D0D3B3200B22","method":"Input.dispatchKeyEvent","params":{"modifiers":0,"type":"char","text":"e","windowsVirtualKeyCode":101}}
08:50:49.254 [nioEventLoopGroup-5-1] DEBUG c.i.k.driver.chrome_1752371444466 - << {"id":54,"result":{},"sessionId":"4F6AF8FB2C5FCA4EED96D0D3B3200B22"}
08:50:49.256 [main] DEBUG c.i.k.driver.chrome_1752371444466 - >> {"id":55,"sessionId":"4F6AF8FB2C5FCA4EED96D0D3B3200B22","method":"Input.dispatchKeyEvent","params":{"modifiers":0,"type":"keyUp","text":"e","windowsVirtualKeyCode":101}}
08:50:49.260 [nioEventLoopGroup-5-1] DEBUG c.i.k.driver.chrome_1752371444466 - << {"id":55,"result":{},"sessionId":"4F6AF8FB2C5FCA4EED96D0D3B3200B22"}
08:50:49.260 [main] DEBUG c.i.k.driver.chrome_1752371444466 - >> {"id":56,"sessionId":"4F6AF8FB2C5FCA4EED96D0D3B3200B22","method":"Input.dispatchKeyEvent","params":{"modifiers":0,"type":"rawKeyDown","text":"c","windowsVirtualKeyCode":99}}
08:50:49.263 [nioEventLoopGroup-5-1] DEBUG c.i.k.driver.chrome_1752371444466 - << {"id":56,"result":{},"sessionId":"4F6AF8FB2C5FCA4EED96D0D3B3200B22"}
08:50:49.264 [main] DEBUG c.i.k.driver.chrome_1752371444466 - >> {"id":57,"sessionId":"4F6AF8FB2C5FCA4EED96D0D3B3200B22","method":"Input.dispatchKeyEvent","params":{"modifiers":0,"type":"char","text":"c","windowsVirtualKeyCode":99}}
08:50:49.269 [nioEventLoopGroup-5-1] DEBUG c.i.k.driver.chrome_1752371444466 - << {"id":57,"result":{},"sessionId":"4F6AF8FB2C5FCA4EED96D0D3B3200B22"}
08:50:49.270 [main] DEBUG c.i.k.driver.chrome_1752371444466 - >> {"id":58,"sessionId":"4F6AF8FB2C5FCA4EED96D0D3B3200B22","method":"Input.dispatchKeyEvent","params":{"modifiers":0,"type":"keyUp","text":"c","windowsVirtualKeyCode":99}}
08:50:49.273 [nioEventLoopGroup-5-1] DEBUG c.i.k.driver.chrome_1752371444466 - << {"id":58,"result":{},"sessionId":"4F6AF8FB2C5FCA4EED96D0D3B3200B22"}
08:50:49.273 [main] DEBUG c.i.k.driver.chrome_1752371444466 - >> {"id":59,"sessionId":"4F6AF8FB2C5FCA4EED96D0D3B3200B22","method":"Input.dispatchKeyEvent","params":{"modifiers":0,"type":"rawKeyDown","text":"r","windowsVirtualKeyCode":114}}
08:50:49.276 [nioEventLoopGroup-5-1] DEBUG c.i.k.driver.chrome_1752371444466 - << {"id":59,"result":{},"sessionId":"4F6AF8FB2C5FCA4EED96D0D3B3200B22"}
08:50:49.277 [main] DEBUG c.i.k.driver.chrome_1752371444466 - >> {"id":60,"sessionId":"4F6AF8FB2C5FCA4EED96D0D3B3200B22","method":"Input.dispatchKeyEvent","params":{"modifiers":0,"type":"char","text":"r","windowsVirtualKeyCode":114}}
08:50:49.281 [nioEventLoopGroup-5-1] DEBUG c.i.k.driver.chrome_1752371444466 - << {"id":60,"result":{},"sessionId":"4F6AF8FB2C5FCA4EED96D0D3B3200B22"}
08:50:49.282 [main] DEBUG c.i.k.driver.chrome_1752371444466 - >> {"id":61,"sessionId":"4F6AF8FB2C5FCA4EED96D0D3B3200B22","method":"Input.dispatchKeyEvent","params":{"modifiers":0,"type":"keyUp","text":"r","windowsVirtualKeyCode":114}}
08:50:49.284 [nioEventLoopGroup-5-1] DEBUG c.i.k.driver.chrome_1752371444466 - << {"id":61,"result":{},"sessionId":"4F6AF8FB2C5FCA4EED96D0D3B3200B22"}
08:50:49.285 [main] DEBUG c.i.k.driver.chrome_1752371444466 - >> {"id":62,"sessionId":"4F6AF8FB2C5FCA4EED96D0D3B3200B22","method":"Input.dispatchKeyEvent","params":{"modifiers":0,"type":"rawKeyDown","text":"e","windowsVirtualKeyCode":101}}
08:50:49.288 [nioEventLoopGroup-5-1] DEBUG c.i.k.driver.chrome_1752371444466 - << {"id":62,"result":{},"sessionId":"4F6AF8FB2C5FCA4EED96D0D3B3200B22"}
08:50:49.288 [main] DEBUG c.i.k.driver.chrome_1752371444466 - >> {"id":63,"sessionId":"4F6AF8FB2C5FCA4EED96D0D3B3200B22","method":"Input.dispatchKeyEvent","params":{"modifiers":0,"type":"char","text":"e","windowsVirtualKeyCode":101}}
08:50:49.294 [nioEventLoopGroup-5-1] DEBUG c.i.k.driver.chrome_1752371444466 - << {"id":63,"result":{},"sessionId":"4F6AF8FB2C5FCA4EED96D0D3B3200B22"}
08:50:49.294 [main] DEBUG c.i.k.driver.chrome_1752371444466 - >> {"id":64,"sessionId":"4F6AF8FB2C5FCA4EED96D0D3B3200B22","method":"Input.dispatchKeyEvent","params":{"modifiers":0,"type":"keyUp","text":"e","windowsVirtualKeyCode":101}}
08:50:49.296 [nioEventLoopGroup-5-1] DEBUG c.i.k.driver.chrome_1752371444466 - << {"id":64,"result":{},"sessionId":"4F6AF8FB2C5FCA4EED96D0D3B3200B22"}
08:50:49.297 [main] DEBUG c.i.k.driver.chrome_1752371444466 - >> {"id":65,"sessionId":"4F6AF8FB2C5FCA4EED96D0D3B3200B22","method":"Input.dispatchKeyEvent","params":{"modifiers":0,"type":"rawKeyDown","text":"t","windowsVirtualKeyCode":116}}
08:50:49.299 [nioEventLoopGroup-5-1] DEBUG c.i.k.driver.chrome_1752371444466 - << {"id":65,"result":{},"sessionId":"4F6AF8FB2C5FCA4EED96D0D3B3200B22"}
08:50:49.300 [main] DEBUG c.i.k.driver.chrome_1752371444466 - >> {"id":66,"sessionId":"4F6AF8FB2C5FCA4EED96D0D3B3200B22","method":"Input.dispatchKeyEvent","params":{"modifiers":0,"type":"char","text":"t","windowsVirtualKeyCode":116}}
08:50:49.305 [nioEventLoopGroup-5-1] DEBUG c.i.k.driver.chrome_1752371444466 - << {"id":66,"result":{},"sessionId":"4F6AF8FB2C5FCA4EED96D0D3B3200B22"}
08:50:49.307 [main] DEBUG c.i.k.driver.chrome_1752371444466 - >> {"id":67,"sessionId":"4F6AF8FB2C5FCA4EED96D0D3B3200B22","method":"Input.dispatchKeyEvent","params":{"modifiers":0,"type":"keyUp","text":"t","windowsVirtualKeyCode":116}}
08:50:49.309 [nioEventLoopGroup-5-1] DEBUG c.i.k.driver.chrome_1752371444466 - << {"id":67,"result":{},"sessionId":"4F6AF8FB2C5FCA4EED96D0D3B3200B22"}
08:50:49.310 [main] DEBUG c.i.k.driver.chrome_1752371444466 - >> {"id":68,"sessionId":"4F6AF8FB2C5FCA4EED96D0D3B3200B22","method":"Input.dispatchKeyEvent","params":{"modifiers":0,"type":"rawKeyDown","text":"_","windowsVirtualKeyCode":523}}
08:50:49.312 [nioEventLoopGroup-5-1] DEBUG c.i.k.driver.chrome_1752371444466 - << {"id":68,"result":{},"sessionId":"4F6AF8FB2C5FCA4EED96D0D3B3200B22"}
08:50:49.313 [main] DEBUG c.i.k.driver.chrome_1752371444466 - >> {"id":69,"sessionId":"4F6AF8FB2C5FCA4EED96D0D3B3200B22","method":"Input.dispatchKeyEvent","params":{"modifiers":0,"type":"char","text":"_","windowsVirtualKeyCode":523}}
08:50:49.318 [nioEventLoopGroup-5-1] DEBUG c.i.k.driver.chrome_1752371444466 - << {"id":69,"result":{},"sessionId":"4F6AF8FB2C5FCA4EED96D0D3B3200B22"}
08:50:49.318 [main] DEBUG c.i.k.driver.chrome_1752371444466 - >> {"id":70,"sessionId":"4F6AF8FB2C5FCA4EED96D0D3B3200B22","method":"Input.dispatchKeyEvent","params":{"modifiers":0,"type":"keyUp","text":"_","windowsVirtualKeyCode":523}}
08:50:49.321 [nioEventLoopGroup-5-1] DEBUG c.i.k.driver.chrome_1752371444466 - << {"id":70,"result":{},"sessionId":"4F6AF8FB2C5FCA4EED96D0D3B3200B22"}
08:50:49.324 [main] DEBUG c.i.k.driver.chrome_1752371444466 - >> {"id":71,"sessionId":"4F6AF8FB2C5FCA4EED96D0D3B3200B22","method":"Input.dispatchKeyEvent","params":{"modifiers":0,"type":"rawKeyDown","text":"s","windowsVirtualKeyCode":115}}
08:50:49.327 [nioEventLoopGroup-5-1] DEBUG c.i.k.driver.chrome_1752371444466 - << {"id":71,"result":{},"sessionId":"4F6AF8FB2C5FCA4EED96D0D3B3200B22"}
08:50:49.327 [main] DEBUG c.i.k.driver.chrome_1752371444466 - >> {"id":72,"sessionId":"4F6AF8FB2C5FCA4EED96D0D3B3200B22","method":"Input.dispatchKeyEvent","params":{"modifiers":0,"type":"char","text":"s","windowsVirtualKeyCode":115}}
08:50:49.332 [nioEventLoopGroup-5-1] DEBUG c.i.k.driver.chrome_1752371444466 - << {"id":72,"result":{},"sessionId":"4F6AF8FB2C5FCA4EED96D0D3B3200B22"}
08:50:49.333 [main] DEBUG c.i.k.driver.chrome_1752371444466 - >> {"id":73,"sessionId":"4F6AF8FB2C5FCA4EED96D0D3B3200B22","method":"Input.dispatchKeyEvent","params":{"modifiers":0,"type":"keyUp","text":"s","windowsVirtualKeyCode":115}}
08:50:49.335 [nioEventLoopGroup-5-1] DEBUG c.i.k.driver.chrome_1752371444466 - << {"id":73,"result":{},"sessionId":"4F6AF8FB2C5FCA4EED96D0D3B3200B22"}
08:50:49.336 [main] DEBUG c.i.k.driver.chrome_1752371444466 - >> {"id":74,"sessionId":"4F6AF8FB2C5FCA4EED96D0D3B3200B22","method":"Input.dispatchKeyEvent","params":{"modifiers":0,"type":"rawKeyDown","text":"a","windowsVirtualKeyCode":97}}
08:50:49.339 [nioEventLoopGroup-5-1] DEBUG c.i.k.driver.chrome_1752371444466 - << {"id":74,"result":{},"sessionId":"4F6AF8FB2C5FCA4EED96D0D3B3200B22"}
08:50:49.340 [main] DEBUG c.i.k.driver.chrome_1752371444466 - >> {"id":75,"sessionId":"4F6AF8FB2C5FCA4EED96D0D3B3200B22","method":"Input.dispatchKeyEvent","params":{"modifiers":0,"type":"char","text":"a","windowsVirtualKeyCode":97}}
08:50:49.348 [nioEventLoopGroup-5-1] DEBUG c.i.k.driver.chrome_1752371444466 - << {"id":75,"result":{},"sessionId":"4F6AF8FB2C5FCA4EED96D0D3B3200B22"}
08:50:49.350 [main] DEBUG c.i.k.driver.chrome_1752371444466 - >> {"id":76,"sessionId":"4F6AF8FB2C5FCA4EED96D0D3B3200B22","method":"Input.dispatchKeyEvent","params":{"modifiers":0,"type":"keyUp","text":"a","windowsVirtualKeyCode":97}}
08:50:49.354 [nioEventLoopGroup-5-1] DEBUG c.i.k.driver.chrome_1752371444466 - << {"id":76,"result":{},"sessionId":"4F6AF8FB2C5FCA4EED96D0D3B3200B22"}
08:50:49.355 [main] DEBUG c.i.k.driver.chrome_1752371444466 - >> {"id":77,"sessionId":"4F6AF8FB2C5FCA4EED96D0D3B3200B22","method":"Input.dispatchKeyEvent","params":{"modifiers":0,"type":"rawKeyDown","text":"u","windowsVirtualKeyCode":117}}
08:50:49.357 [nioEventLoopGroup-5-1] DEBUG c.i.k.driver.chrome_1752371444466 - << {"id":77,"result":{},"sessionId":"4F6AF8FB2C5FCA4EED96D0D3B3200B22"}
08:50:49.358 [main] DEBUG c.i.k.driver.chrome_1752371444466 - >> {"id":78,"sessionId":"4F6AF8FB2C5FCA4EED96D0D3B3200B22","method":"Input.dispatchKeyEvent","params":{"modifiers":0,"type":"char","text":"u","windowsVirtualKeyCode":117}}
08:50:49.362 [nioEventLoopGroup-5-1] DEBUG c.i.k.driver.chrome_1752371444466 - << {"id":78,"result":{},"sessionId":"4F6AF8FB2C5FCA4EED96D0D3B3200B22"}
08:50:49.363 [main] DEBUG c.i.k.driver.chrome_1752371444466 - >> {"id":79,"sessionId":"4F6AF8FB2C5FCA4EED96D0D3B3200B22","method":"Input.dispatchKeyEvent","params":{"modifiers":0,"type":"keyUp","text":"u","windowsVirtualKeyCode":117}}
08:50:49.365 [nioEventLoopGroup-5-1] DEBUG c.i.k.driver.chrome_1752371444466 - << {"id":79,"result":{},"sessionId":"4F6AF8FB2C5FCA4EED96D0D3B3200B22"}
08:50:49.366 [main] DEBUG c.i.k.driver.chrome_1752371444466 - >> {"id":80,"sessionId":"4F6AF8FB2C5FCA4EED96D0D3B3200B22","method":"Input.dispatchKeyEvent","params":{"modifiers":0,"type":"rawKeyDown","text":"c","windowsVirtualKeyCode":99}}
08:50:49.368 [nioEventLoopGroup-5-1] DEBUG c.i.k.driver.chrome_1752371444466 - << {"id":80,"result":{},"sessionId":"4F6AF8FB2C5FCA4EED96D0D3B3200B22"}
08:50:49.369 [main] DEBUG c.i.k.driver.chrome_1752371444466 - >> {"id":81,"sessionId":"4F6AF8FB2C5FCA4EED96D0D3B3200B22","method":"Input.dispatchKeyEvent","params":{"modifiers":0,"type":"char","text":"c","windowsVirtualKeyCode":99}}
08:50:49.373 [nioEventLoopGroup-5-1] DEBUG c.i.k.driver.chrome_1752371444466 - << {"id":81,"result":{},"sessionId":"4F6AF8FB2C5FCA4EED96D0D3B3200B22"}
08:50:49.376 [main] DEBUG c.i.k.driver.chrome_1752371444466 - >> {"id":82,"sessionId":"4F6AF8FB2C5FCA4EED96D0D3B3200B22","method":"Input.dispatchKeyEvent","params":{"modifiers":0,"type":"keyUp","text":"c","windowsVirtualKeyCode":99}}
08:50:49.378 [nioEventLoopGroup-5-1] DEBUG c.i.k.driver.chrome_1752371444466 - << {"id":82,"result":{},"sessionId":"4F6AF8FB2C5FCA4EED96D0D3B3200B22"}
08:50:49.379 [main] DEBUG c.i.k.driver.chrome_1752371444466 - >> {"id":83,"sessionId":"4F6AF8FB2C5FCA4EED96D0D3B3200B22","method":"Input.dispatchKeyEvent","params":{"modifiers":0,"type":"rawKeyDown","text":"e","windowsVirtualKeyCode":101}}
08:50:49.381 [nioEventLoopGroup-5-1] DEBUG c.i.k.driver.chrome_1752371444466 - << {"id":83,"result":{},"sessionId":"4F6AF8FB2C5FCA4EED96D0D3B3200B22"}
08:50:49.382 [main] DEBUG c.i.k.driver.chrome_1752371444466 - >> {"id":84,"sessionId":"4F6AF8FB2C5FCA4EED96D0D3B3200B22","method":"Input.dispatchKeyEvent","params":{"modifiers":0,"type":"char","text":"e","windowsVirtualKeyCode":101}}
08:50:49.387 [nioEventLoopGroup-5-1] DEBUG c.i.k.driver.chrome_1752371444466 - << {"id":84,"result":{},"sessionId":"4F6AF8FB2C5FCA4EED96D0D3B3200B22"}
08:50:49.388 [main] DEBUG c.i.k.driver.chrome_1752371444466 - >> {"id":85,"sessionId":"4F6AF8FB2C5FCA4EED96D0D3B3200B22","method":"Input.dispatchKeyEvent","params":{"modifiers":0,"type":"keyUp","text":"e","windowsVirtualKeyCode":101}}
08:50:49.390 [nioEventLoopGroup-5-1] DEBUG c.i.k.driver.chrome_1752371444466 - << {"id":85,"result":{},"sessionId":"4F6AF8FB2C5FCA4EED96D0D3B3200B22"}
08:50:49.393 [main] DEBUG c.i.k.driver.chrome_1752371444466 - >> {"id":86,"sessionId":"4F6AF8FB2C5FCA4EED96D0D3B3200B22","method":"Runtime.evaluate","params":{"expression":"document.evaluate(\"\/\/*[@id='login-button']\", document, null, 9, null).singleNodeValue.click()","returnByValue":true}}
08:50:49.402 [nioEventLoopGroup-5-1] DEBUG c.i.k.driver.chrome_1752371444466 - << {"method":"Page.frameStartedLoading","params":{"frameId":"6BC4AEF8CC535EC05C66226AD4577490"},"sessionId":"4F6AF8FB2C5FCA4EED96D0D3B3200B22"}
08:50:49.410 [nioEventLoopGroup-5-1] DEBUG c.i.k.driver.chrome_1752371444466 - << {"method":"Target.targetInfoChanged","params":{"targetInfo":{"targetId":"6BC4AEF8CC535EC05C66226AD4577490","type":"page","title":"Swag Labs","url":"https://www.saucedemo.com/inventory.html","attached":true,"canAccessOpener":false,"browserContextId":"CC5CB3C0337B2F4803CD52F5281DD8DB"}},"sessionId":"4F6AF8FB2C5FCA4EED96D0D3B3200B22"}
08:50:49.411 [nioEventLoopGroup-5-1] DEBUG c.i.k.driver.chrome_1752371444466 - << {"method":"Page.navigatedWithinDocument","params":{"frameId":"6BC4AEF8CC535EC05C66226AD4577490","url":"https://www.saucedemo.com/inventory.html","navigationType":"historyApi"},"sessionId":"4F6AF8FB2C5FCA4EED96D0D3B3200B22"}
08:50:49.412 [nioEventLoopGroup-5-1] DEBUG c.i.k.driver.chrome_1752371444466 - << {"method":"Page.frameStoppedLoading","params":{"frameId":"6BC4AEF8CC535EC05C66226AD4577490"},"sessionId":"4F6AF8FB2C5FCA4EED96D0D3B3200B22"}
08:50:49.412 [chrome_1752371444466-out] DEBUG c.i.k.driver.chrome_1752371444466 - [18448:9176:0713/085049.412:ERROR:google_apis\gcm\engine\registration_request.cc:291] Registration response error message: DEPRECATED_ENDPOINT
08:50:49.431 [nioEventLoopGroup-5-1] DEBUG c.i.k.driver.chrome_1752371444466 - << {"id":86,"result":{"result":{"type":"undefined"}},"sessionId":"4F6AF8FB2C5FCA4EED96D0D3B3200B22"}
08:50:49.649 [main] INFO  c.intuit.karate.core.FeatureRuntime - classpath:UI/HomePageUI/HomePage.feature - call by tag at line 55: action_aboutBtn
08:50:49.698 [main] DEBUG c.intuit.karate.core.ScenarioEngine - over-writing existing variable 'homePage' with new value: read('classpath:UI/HomePageUI/saucedemo-HomePage.json')
08:50:49.702 [main] DEBUG c.i.k.driver.chrome_1752371444466 - >> {"id":87,"sessionId":"4F6AF8FB2C5FCA4EED96D0D3B3200B22","method":"Runtime.evaluate","params":{"expression":"document.querySelector(\"#react-burger-menu-btn\").click()","returnByValue":true}}
08:50:49.708 [nioEventLoopGroup-5-1] DEBUG c.i.k.driver.chrome_1752371444466 - << {"id":87,"result":{"result":{"type":"undefined"}},"sessionId":"4F6AF8FB2C5FCA4EED96D0D3B3200B22"}
08:50:49.713 [main] DEBUG c.i.k.driver.chrome_1752371444466 - >> {"id":88,"sessionId":"4F6AF8FB2C5FCA4EED96D0D3B3200B22","method":"Runtime.evaluate","params":{"expression":"(document.querySelector(\"#about_sidebar_link\") != null)","returnByValue":true}}
08:50:49.715 [nioEventLoopGroup-5-1] DEBUG c.i.k.driver.chrome_1752371444466 - << {"id":88,"result":{"result":{"type":"boolean","value":true}},"sessionId":"4F6AF8FB2C5FCA4EED96D0D3B3200B22"}
08:50:49.719 [main] DEBUG c.i.k.driver.chrome_1752371444466 - >> {"id":89,"sessionId":"4F6AF8FB2C5FCA4EED96D0D3B3200B22","method":"Runtime.evaluate","params":{"expression":"document.querySelector(\"#about_sidebar_link\").click()","returnByValue":true}}
08:50:49.723 [nioEventLoopGroup-5-1] DEBUG c.i.k.driver.chrome_1752371444466 - << {"method":"Page.frameScheduledNavigation","params":{"frameId":"6BC4AEF8CC535EC05C66226AD4577490","delay":0,"reason":"anchorClick","url":"https://saucelabs.com/"},"sessionId":"4F6AF8FB2C5FCA4EED96D0D3B3200B22"}
08:50:49.723 [nioEventLoopGroup-5-1] DEBUG c.i.k.driver.chrome_1752371444466 - << {"method":"Page.frameRequestedNavigation","params":{"frameId":"6BC4AEF8CC535EC05C66226AD4577490","reason":"anchorClick","url":"https://saucelabs.com/","disposition":"currentTab"},"sessionId":"4F6AF8FB2C5FCA4EED96D0D3B3200B22"}
08:50:49.724 [nioEventLoopGroup-5-1] DEBUG c.i.k.driver.chrome_1752371444466 - << {"method":"Page.frameClearedScheduledNavigation","params":{"frameId":"6BC4AEF8CC535EC05C66226AD4577490"},"sessionId":"4F6AF8FB2C5FCA4EED96D0D3B3200B22"}
08:50:49.724 [nioEventLoopGroup-5-1] DEBUG c.i.k.driver.chrome_1752371444466 - << {"id":89,"result":{"result":{"type":"undefined"}},"sessionId":"4F6AF8FB2C5FCA4EED96D0D3B3200B22"}
08:50:49.735 [nioEventLoopGroup-5-1] DEBUG c.i.k.driver.chrome_1752371444466 - << {"method":"Page.frameStartedNavigating","params":{"frameId":"6BC4AEF8CC535EC05C66226AD4577490","url":"https://saucelabs.com/","loaderId":"6B2F0224CBB00DC9E501A2BD6C280B9C","navigationType":"differentDocument"},"sessionId":"4F6AF8FB2C5FCA4EED96D0D3B3200B22"}
08:50:49.738 [nioEventLoopGroup-5-1] DEBUG c.i.k.driver.chrome_1752371444466 - << {"method":"Page.frameStartedLoading","params":{"frameId":"6BC4AEF8CC535EC05C66226AD4577490"},"sessionId":"4F6AF8FB2C5FCA4EED96D0D3B3200B22"}
08:50:49.794 [main] DEBUG c.i.k.driver.chrome_1752371444466 - >> {"id":90,"sessionId":"4F6AF8FB2C5FCA4EED96D0D3B3200B22","method":"Runtime.evaluate","params":{"expression":"document.location.href","returnByValue":true}}
08:50:50.080 [nioEventLoopGroup-5-1] DEBUG c.i.k.driver.chrome_1752371444466 - << {"method":"Runtime.executionContextsCleared","params":{},"sessionId":"4F6AF8FB2C5FCA4EED96D0D3B3200B22"}
08:50:50.083 [nioEventLoopGroup-5-1] DEBUG c.i.k.driver.chrome_1752371444466 - << {"method":"Runtime.executionContextsCleared","params":{},"sessionId":"4F6AF8FB2C5FCA4EED96D0D3B3200B22"}
08:50:50.084 [nioEventLoopGroup-5-1] DEBUG c.i.k.driver.chrome_1752371444466 - << {"method":"Page.frameNavigated","params":{"frame":{"id":"6BC4AEF8CC535EC05C66226AD4577490","loaderId":"6B2F0224CBB00DC9E501A2BD6C280B9C","url":"https://saucelabs.com/","domainAndRegistry":"saucelabs.com","securityOrigin":"https://saucelabs.com","securityOriginDetails":{"isLocalhost":false},"mimeType":"text/html","adFrameStatus":{"adFrameType":"none"},"secureContextType":"Secure","crossOriginIsolatedContextType":"NotIsolated","gatedAPIFeatures":[]},"type":"Navigation"},"sessionId":"4F6AF8FB2C5FCA4EED96D0D3B3200B22"}
08:50:50.103 [nioEventLoopGroup-5-1] DEBUG c.i.k.driver.chrome_1752371444466 - << {"method":"Target.targetInfoChanged","params":{"targetInfo":{"targetId":"6BC4AEF8CC535EC05C66226AD4577490","type":"page","title":"saucelabs.com","url":"https://saucelabs.com/","attached":true,"canAccessOpener":false,"browserContextId":"CC5CB3C0337B2F4803CD52F5281DD8DB"}},"sessionId":"4F6AF8FB2C5FCA4EED96D0D3B3200B22"}
08:50:50.108 [nioEventLoopGroup-5-1] DEBUG c.i.k.driver.chrome_1752371444466 - << {"method":"Runtime.executionContextCreated","params":{"context":{"id":1,"origin":"https://saucelabs.com","name":"","uniqueId":"5294529352185444918.2244014607713821006","auxData":{"isDefault":true,"type":"default","frameId":"6BC4AEF8CC535EC05C66226AD4577490"}}},"sessionId":"4F6AF8FB2C5FCA4EED96D0D3B3200B22"}
08:50:50.198 [nioEventLoopGroup-5-1] DEBUG c.i.k.driver.chrome_1752371444466 - << {"id":90,"result":{"result":{"type":"string","value":"https://saucelabs.com/"}},"sessionId":"4F6AF8FB2C5FCA4EED96D0D3B3200B22"}
08:50:50.200 [main] DEBUG c.i.k.driver.chrome_1752371444466 - >> {"id":91,"sessionId":"4F6AF8FB2C5FCA4EED96D0D3B3200B22","method":"Target.closeTarget","params":{"targetId":"6BC4AEF8CC535EC05C66226AD4577490"}}
08:50:50.202 [nioEventLoopGroup-5-1] DEBUG c.i.k.http.WebSocketClientHandler - websocket closing
08:50:50.202 [nioEventLoopGroup-5-1] DEBUG c.i.k.http.WebSocketClientHandler - websocket client disconnected
08:50:50.208 [main] DEBUG com.intuit.karate.shell.Command - closing command: chrome_1752371444466
08:50:50.232 [main] INFO  com.intuit.karate - karate.env system property was: null 
08:50:50.242 [main] DEBUG com.intuit.karate.shell.Command - found / verified free local port: 53730
08:50:50.242 [main] WARN  c.intuit.karate.driver.DriverOptions - preferred port 9222 not available, will use: 53730
08:50:50.243 [main] DEBUG c.i.k.driver.chrome_1752371450241 - poll attempt #0 for port to be ready - localhost:53730
08:50:50.244 [chrome_1752371450241] DEBUG c.i.k.driver.chrome_1752371450241 - command: [C:\Program Files\Google\Chrome\Application\chrome.exe, --remote-debugging-port=53730, --remote-allow-origins=*, --no-first-run, --user-data-dir=E:\Duy\Projects\practices\karate_framework\demo\target\chrome_1752371450241, --disable-popup-blocking, --disable-features=PasswordManager, --incognito], working dir: target\chrome_1752371450241
08:50:50.380 [chrome_1752371444466] WARN  com.intuit.karate.shell.Command - exit code was non-zero: 1 - [C:\Program Files\Google\Chrome\Application\chrome.exe, --remote-debugging-port=53694, --remote-allow-origins=*, --no-first-run, --user-data-dir=E:\Duy\Projects\practices\karate_framework\demo\target\chrome_1752371444466, --disable-popup-blocking, --disable-features=PasswordManager, --incognito] working dir: target\chrome_1752371444466
08:50:50.502 [main] DEBUG c.i.k.driver.chrome_1752371450241 - poll attempt #1 for port to be ready - localhost:53730
08:50:50.695 [chrome_1752371450241-out] DEBUG c.i.k.driver.chrome_1752371450241 - 
08:50:50.695 [chrome_1752371450241-out] DEBUG c.i.k.driver.chrome_1752371450241 - DevTools listening on ws://127.0.0.1:53730/devtools/browser/05d1b367-7877-4e8f-bc28-5468fb8ab520
08:50:50.758 [main] DEBUG c.i.k.driver.chrome_1752371450241 - poll attempt #2 for port to be ready - localhost:53730
08:50:50.771 [main] DEBUG com.intuit.karate - request:
1 > GET http://localhost:53730/json
1 > Host: localhost:53730
1 > Connection: Keep-Alive
1 > User-Agent: Apache-HttpClient/4.5.14 (Java/21.0.7)
1 > Accept-Encoding: gzip,deflate


08:50:50.884 [main] DEBUG com.intuit.karate - response time in milliseconds: 113
1 < 200
1 < Content-Security-Policy: frame-ancestors 'none'
1 < Content-Length: 1430
1 < Content-Type: application/json; charset=UTF-8
[ {
   "description": "",
   "devtoolsFrontendUrl": "https://chrome-devtools-frontend.appspot.com/serve_rev/@a2159ad9ab8037bd34a21b9903003e0964c2075b/inspector.html?ws=localhost:53730/devtools/page/ADDBAD7E21DAEF5678BC86E2EDC76397",
   "id": "ADDBAD7E21DAEF5678BC86E2EDC76397",
   "title": "Google Hangouts",
   "type": "background_page",
   "url": "chrome-extension://nkeimhogjdpnpccoofpliimaahmaaome/background.html",
   "webSocketDebuggerUrl": "ws://localhost:53730/devtools/page/ADDBAD7E21DAEF5678BC86E2EDC76397"
}, {
   "description": "",
   "devtoolsFrontendUrl": "https://chrome-devtools-frontend.appspot.com/serve_rev/@a2159ad9ab8037bd34a21b9903003e0964c2075b/inspector.html?ws=localhost:53730/devtools/page/44E25196106D598E8C40EDF177A808A6",
   "id": "44E25196106D598E8C40EDF177A808A6",
   "title": "",
   "type": "other",
   "url": "",
   "webSocketDebuggerUrl": "ws://localhost:53730/devtools/page/44E25196106D598E8C40EDF177A808A6"
}, {
   "description": "",
   "devtoolsFrontendUrl": "https://chrome-devtools-frontend.appspot.com/serve_rev/@a2159ad9ab8037bd34a21b9903003e0964c2075b/inspector.html?ws=localhost:53730/devtools/page/2CF5233B2100989C510DE046B51B3F2E",
   "id": "2CF5233B2100989C510DE046B51B3F2E",
   "title": "New Incognito Tab",
   "type": "page",
   "url": "chrome://newtab/",
   "webSocketDebuggerUrl": "ws://localhost:53730/devtools/page/2CF5233B2100989C510DE046B51B3F2E"
} ]


08:50:50.886 [main] DEBUG com.intuit.karate.shell.Command - ready to accept http connections after 122 ms - http://localhost:53730/json
08:50:50.889 [main] DEBUG com.intuit.karate - request:
1 > GET http://localhost:53730/json
1 > Host: localhost:53730
1 > Connection: Keep-Alive
1 > User-Agent: Apache-HttpClient/4.5.14 (Java/21.0.7)
1 > Accept-Encoding: gzip,deflate


08:50:50.913 [main] DEBUG com.intuit.karate - response time in milliseconds: 23
1 < 200
1 < Content-Security-Policy: frame-ancestors 'none'
1 < Content-Length: 1522
1 < Content-Type: application/json; charset=UTF-8
[ {
   "description": "",
   "devtoolsFrontendUrl": "https://chrome-devtools-frontend.appspot.com/serve_rev/@a2159ad9ab8037bd34a21b9903003e0964c2075b/inspector.html?ws=localhost:53730/devtools/page/ADDBAD7E21DAEF5678BC86E2EDC76397",
   "id": "ADDBAD7E21DAEF5678BC86E2EDC76397",
   "title": "Google Hangouts",
   "type": "background_page",
   "url": "chrome-extension://nkeimhogjdpnpccoofpliimaahmaaome/background.html",
   "webSocketDebuggerUrl": "ws://localhost:53730/devtools/page/ADDBAD7E21DAEF5678BC86E2EDC76397"
}, {
   "description": "",
   "devtoolsFrontendUrl": "https://chrome-devtools-frontend.appspot.com/serve_rev/@a2159ad9ab8037bd34a21b9903003e0964c2075b/inspector.html?ws=localhost:53730/devtools/page/44E25196106D598E8C40EDF177A808A6",
   "id": "44E25196106D598E8C40EDF177A808A6",
   "title": "Google Hangouts",
   "type": "background_page",
   "url": "chrome-extension://nkeimhogjdpnpccoofpliimaahmaaome/background.html",
   "webSocketDebuggerUrl": "ws://localhost:53730/devtools/page/44E25196106D598E8C40EDF177A808A6"
}, {
   "description": "",
   "devtoolsFrontendUrl": "https://chrome-devtools-frontend.appspot.com/serve_rev/@a2159ad9ab8037bd34a21b9903003e0964c2075b/inspector.html?ws=localhost:53730/devtools/page/2CF5233B2100989C510DE046B51B3F2E",
   "id": "2CF5233B2100989C510DE046B51B3F2E",
   "title": "New Incognito Tab",
   "type": "page",
   "url": "chrome://newtab/",
   "webSocketDebuggerUrl": "ws://localhost:53730/devtools/page/2CF5233B2100989C510DE046B51B3F2E"
} ]


08:50:50.915 [main] DEBUG c.i.k.driver.chrome_1752371450241 - root frame id: 2CF5233B2100989C510DE046B51B3F2E
08:50:51.014 [nioEventLoopGroup-6-1] DEBUG c.i.k.http.WebSocketClientHandler - websocket client connected
08:50:51.020 [main] DEBUG c.i.k.driver.chrome_1752371450241 - >> {"id":1,"method":"Target.attachToTarget","params":{"targetId":"2CF5233B2100989C510DE046B51B3F2E","flatten":true}}
08:50:51.031 [nioEventLoopGroup-6-1] DEBUG c.i.k.driver.chrome_1752371450241 - << {"method":"Target.attachedToTarget","params":{"sessionId":"9E77F4E80321E9CC9DB68E01FFBA7B6D","targetInfo":{"targetId":"2CF5233B2100989C510DE046B51B3F2E","type":"page","title":"New Incognito Tab","url":"chrome://newtab/","attached":true,"canAccessOpener":false,"browserContextId":"C0303FD05D751D1ECE2FD1417C411CF8"},"waitingForDebugger":false}}
08:50:51.032 [nioEventLoopGroup-6-1] DEBUG c.i.k.driver.chrome_1752371450241 - << {"id":1,"result":{"sessionId":"9E77F4E80321E9CC9DB68E01FFBA7B6D"}}
08:50:51.034 [main] DEBUG c.i.k.driver.chrome_1752371450241 - >> {"id":2,"sessionId":"9E77F4E80321E9CC9DB68E01FFBA7B6D","method":"Target.activateTarget","params":{"targetId":"2CF5233B2100989C510DE046B51B3F2E"}}
08:50:51.036 [nioEventLoopGroup-6-1] DEBUG c.i.k.driver.chrome_1752371450241 - << {"id":2,"result":{},"sessionId":"9E77F4E80321E9CC9DB68E01FFBA7B6D"}
08:50:51.044 [main] DEBUG c.i.k.driver.chrome_1752371450241 - >> {"id":3,"sessionId":"9E77F4E80321E9CC9DB68E01FFBA7B6D","method":"Target.setDiscoverTargets","params":{"discover":true}}
08:50:51.045 [nioEventLoopGroup-6-1] DEBUG c.i.k.driver.chrome_1752371450241 - << {"method":"Target.targetCreated","params":{"targetInfo":{"targetId":"2CF5233B2100989C510DE046B51B3F2E","type":"page","title":"New Incognito Tab","url":"chrome://newtab/","attached":true,"canAccessOpener":false,"browserContextId":"C0303FD05D751D1ECE2FD1417C411CF8"}},"sessionId":"9E77F4E80321E9CC9DB68E01FFBA7B6D"}
08:50:51.046 [nioEventLoopGroup-6-1] DEBUG c.i.k.driver.chrome_1752371450241 - << {"method":"Target.targetCreated","params":{"targetInfo":{"targetId":"44E25196106D598E8C40EDF177A808A6","type":"background_page","title":"Google Hangouts","url":"chrome-extension://nkeimhogjdpnpccoofpliimaahmaaome/background.html","attached":false,"canAccessOpener":false,"browserContextId":"A7753F3EEBCCC83B11F42F7C7B0ADBD3"}},"sessionId":"9E77F4E80321E9CC9DB68E01FFBA7B6D"}
08:50:51.046 [nioEventLoopGroup-6-1] DEBUG c.i.k.driver.chrome_1752371450241 - << {"method":"Target.targetCreated","params":{"targetInfo":{"targetId":"ADDBAD7E21DAEF5678BC86E2EDC76397","type":"background_page","title":"Google Hangouts","url":"chrome-extension://nkeimhogjdpnpccoofpliimaahmaaome/background.html","attached":false,"canAccessOpener":false,"browserContextId":"C0303FD05D751D1ECE2FD1417C411CF8"}},"sessionId":"9E77F4E80321E9CC9DB68E01FFBA7B6D"}
08:50:51.046 [nioEventLoopGroup-6-1] DEBUG c.i.k.driver.chrome_1752371450241 - << {"id":3,"result":{},"sessionId":"9E77F4E80321E9CC9DB68E01FFBA7B6D"}
08:50:51.047 [main] DEBUG c.i.k.driver.chrome_1752371450241 - >> {"id":4,"sessionId":"9E77F4E80321E9CC9DB68E01FFBA7B6D","method":"Page.enable"}
08:50:51.126 [nioEventLoopGroup-6-1] DEBUG c.i.k.driver.chrome_1752371450241 - << {"id":4,"result":{},"sessionId":"9E77F4E80321E9CC9DB68E01FFBA7B6D"}
08:50:51.129 [main] DEBUG c.i.k.driver.chrome_1752371450241 - >> {"id":5,"sessionId":"9E77F4E80321E9CC9DB68E01FFBA7B6D","method":"Runtime.enable"}
08:50:51.147 [nioEventLoopGroup-6-1] DEBUG c.i.k.driver.chrome_1752371450241 - << {"method":"Runtime.executionContextCreated","params":{"context":{"id":1,"origin":"chrome://newtab","name":"","uniqueId":"3306086973745084346.2711245254445268091","auxData":{"isDefault":true,"type":"default","frameId":"2CF5233B2100989C510DE046B51B3F2E"}}},"sessionId":"9E77F4E80321E9CC9DB68E01FFBA7B6D"}
08:50:51.147 [nioEventLoopGroup-6-1] DEBUG c.i.k.driver.chrome_1752371450241 - << {"id":5,"result":{},"sessionId":"9E77F4E80321E9CC9DB68E01FFBA7B6D"}
08:50:51.148 [main] DEBUG c.i.k.driver.chrome_1752371450241 - >> {"id":6,"sessionId":"9E77F4E80321E9CC9DB68E01FFBA7B6D","method":"Browser.getWindowForTarget","params":{"targetId":"2CF5233B2100989C510DE046B51B3F2E"}}
08:50:51.149 [nioEventLoopGroup-6-1] DEBUG c.i.k.driver.chrome_1752371450241 - << {"id":6,"result":{"windowId":1682411412,"bounds":{"left":10,"top":10,"width":945,"height":1060,"windowState":"normal"}},"sessionId":"9E77F4E80321E9CC9DB68E01FFBA7B6D"}
08:50:51.168 [main] DEBUG c.i.k.driver.chrome_1752371450241 - >> {"id":7,"sessionId":"9E77F4E80321E9CC9DB68E01FFBA7B6D","method":"Page.navigate","params":{"url":"https:\/\/saucedemo.com\/"}}
08:50:51.179 [nioEventLoopGroup-6-1] DEBUG c.i.k.driver.chrome_1752371450241 - << {"method":"Page.frameStartedNavigating","params":{"frameId":"2CF5233B2100989C510DE046B51B3F2E","url":"https://saucedemo.com/","loaderId":"8B1EF994AF92B8DF9948087C2EA615A1","navigationType":"differentDocument"},"sessionId":"9E77F4E80321E9CC9DB68E01FFBA7B6D"}
08:50:51.179 [nioEventLoopGroup-6-1] DEBUG c.i.k.driver.chrome_1752371450241 - << {"method":"Page.frameStartedLoading","params":{"frameId":"2CF5233B2100989C510DE046B51B3F2E"},"sessionId":"9E77F4E80321E9CC9DB68E01FFBA7B6D"}
08:50:51.186 [nioEventLoopGroup-6-1] DEBUG c.i.k.driver.chrome_1752371450241 - << {"method":"Target.targetInfoChanged","params":{"targetInfo":{"targetId":"ADDBAD7E21DAEF5678BC86E2EDC76397","type":"background_page","title":"Google Hangouts","url":"chrome-extension://nkeimhogjdpnpccoofpliimaahmaaome/background.html","attached":false,"canAccessOpener":false,"browserContextId":"C0303FD05D751D1ECE2FD1417C411CF8"}},"sessionId":"9E77F4E80321E9CC9DB68E01FFBA7B6D"}
08:50:51.189 [nioEventLoopGroup-6-1] DEBUG c.i.k.driver.chrome_1752371450241 - << {"method":"Page.domContentEventFired","params":{"timestamp":251502.728151},"sessionId":"9E77F4E80321E9CC9DB68E01FFBA7B6D"}
08:50:51.200 [nioEventLoopGroup-6-1] DEBUG c.i.k.driver.chrome_1752371450241 - << {"method":"Target.targetInfoChanged","params":{"targetInfo":{"targetId":"44E25196106D598E8C40EDF177A808A6","type":"background_page","title":"Google Hangouts","url":"chrome-extension://nkeimhogjdpnpccoofpliimaahmaaome/background.html","attached":false,"canAccessOpener":false,"browserContextId":"A7753F3EEBCCC83B11F42F7C7B0ADBD3"}},"sessionId":"9E77F4E80321E9CC9DB68E01FFBA7B6D"}
08:50:51.209 [main] INFO  c.intuit.karate.core.FeatureRuntime - classpath:UI/LoginUI/LoginPage.feature - call by tag at line 7: action_attemptLogin
08:50:51.246 [nioEventLoopGroup-6-1] DEBUG c.i.k.driver.chrome_1752371450241 - << {"method":"Page.loadEventFired","params":{"timestamp":251502.790048},"sessionId":"9E77F4E80321E9CC9DB68E01FFBA7B6D"}
08:50:51.246 [nioEventLoopGroup-6-1] DEBUG c.i.k.driver.chrome_1752371450241 - << {"method":"Page.frameStartedLoading","params":{"frameId":"2CF5233B2100989C510DE046B51B3F2E"},"sessionId":"9E77F4E80321E9CC9DB68E01FFBA7B6D"}
08:50:51.259 [main] DEBUG c.i.k.driver.chrome_1752371450241 - >> {"id":8,"sessionId":"9E77F4E80321E9CC9DB68E01FFBA7B6D","method":"Runtime.evaluate","params":{"expression":"var e = document.evaluate(\"\/\/*[@id='user-name']\", document, null, 9, null).singleNodeValue; e.focus(); try { e.selectionStart = e.selectionEnd = e.value.length } catch(x) {}","returnByValue":true}}
08:50:51.377 [nioEventLoopGroup-6-1] DEBUG c.i.k.driver.chrome_1752371450241 - << {"id":7,"result":{"frameId":"2CF5233B2100989C510DE046B51B3F2E","loaderId":"8B1EF994AF92B8DF9948087C2EA615A1"},"sessionId":"9E77F4E80321E9CC9DB68E01FFBA7B6D"}
08:50:51.382 [nioEventLoopGroup-6-1] DEBUG c.i.k.driver.chrome_1752371450241 - << {"method":"Runtime.executionContextsCleared","params":{},"sessionId":"9E77F4E80321E9CC9DB68E01FFBA7B6D"}
08:50:51.384 [nioEventLoopGroup-6-1] DEBUG c.i.k.driver.chrome_1752371450241 - << {"method":"Runtime.executionContextsCleared","params":{},"sessionId":"9E77F4E80321E9CC9DB68E01FFBA7B6D"}
08:50:51.384 [nioEventLoopGroup-6-1] DEBUG c.i.k.driver.chrome_1752371450241 - << {"method":"Page.frameNavigated","params":{"frame":{"id":"2CF5233B2100989C510DE046B51B3F2E","loaderId":"8B1EF994AF92B8DF9948087C2EA615A1","url":"https://www.saucedemo.com/","domainAndRegistry":"saucedemo.com","securityOrigin":"https://www.saucedemo.com","securityOriginDetails":{"isLocalhost":false},"mimeType":"text/html","adFrameStatus":{"adFrameType":"none"},"secureContextType":"Secure","crossOriginIsolatedContextType":"NotIsolated","gatedAPIFeatures":[]},"type":"Navigation"},"sessionId":"9E77F4E80321E9CC9DB68E01FFBA7B6D"}
08:50:51.405 [nioEventLoopGroup-6-1] DEBUG c.i.k.driver.chrome_1752371450241 - << {"method":"Target.targetInfoChanged","params":{"targetInfo":{"targetId":"2CF5233B2100989C510DE046B51B3F2E","type":"page","title":"saucedemo.com","url":"https://www.saucedemo.com/","attached":true,"canAccessOpener":false,"browserContextId":"C0303FD05D751D1ECE2FD1417C411CF8"}},"sessionId":"9E77F4E80321E9CC9DB68E01FFBA7B6D"}
08:50:51.409 [nioEventLoopGroup-6-1] DEBUG c.i.k.driver.chrome_1752371450241 - << {"method":"Runtime.executionContextCreated","params":{"context":{"id":1,"origin":"https://www.saucedemo.com","name":"","uniqueId":"-3735477302513297725.7714150176858552482","auxData":{"isDefault":true,"type":"default","frameId":"2CF5233B2100989C510DE046B51B3F2E"}}},"sessionId":"9E77F4E80321E9CC9DB68E01FFBA7B6D"}
08:50:51.423 [nioEventLoopGroup-6-1] DEBUG c.i.k.driver.chrome_1752371450241 - << {"id":8,"result":{"result":{"type":"object","subtype":"error","className":"TypeError","description":"TypeError: Cannot read properties of null (reading 'focus')\n    at <anonymous>:1:95","objectId":"-86314854355943099.1.1"},"exceptionDetails":{"exceptionId":1,"text":"Uncaught","lineNumber":0,"columnNumber":94,"scriptId":"6","stackTrace":{"callFrames":[{"functionName":"","scriptId":"6","url":"","lineNumber":0,"columnNumber":94}]},"exception":{"type":"object","subtype":"error","className":"TypeError","description":"TypeError: Cannot read properties of null (reading 'focus')\n    at <anonymous>:1:95","objectId":"-86314854355943099.1.2"}}},"sessionId":"9E77F4E80321E9CC9DB68E01FFBA7B6D"}
08:50:51.424 [nioEventLoopGroup-6-1] WARN  c.i.k.driver.chrome_1752371450241 - devtools error: [id: 8, sessionId: 9E77F4E80321E9CC9DB68E01FFBA7B6D, result: [type: MAP, value: {type=object, subtype=error, className=TypeError, description=TypeError: Cannot read properties of null (reading 'focus')
    at <anonymous>:1:95, objectId=-86314854355943099.1.1}]]
08:50:51.425 [main] WARN  c.i.k.driver.chrome_1752371450241 - js eval failed once:var e = document.evaluate("//*[@id='user-name']", document, null, 9, null).singleNodeValue; e.focus(); try { e.selectionStart = e.selectionEnd = e.value.length } catch(x) {}, error: [type: MAP, value: {type=object, subtype=error, className=TypeError, description=TypeError: Cannot read properties of null (reading 'focus')
    at <anonymous>:1:95, objectId=-86314854355943099.1.1}]
08:50:51.885 [nioEventLoopGroup-6-1] DEBUG c.i.k.driver.chrome_1752371450241 - << {"method":"Page.domContentEventFired","params":{"timestamp":251503.422142},"sessionId":"9E77F4E80321E9CC9DB68E01FFBA7B6D"}
08:50:52.016 [nioEventLoopGroup-6-1] DEBUG c.i.k.driver.chrome_1752371450241 - << {"method":"Target.targetCreated","params":{"targetInfo":{"targetId":"7B9A09ADAF7B99F8375D0BEE0FD04657","type":"service_worker","title":"Service Worker chrome-extension://fignfifoniblkonapihmkfakmlgkbkcf/service_worker.js","url":"chrome-extension://fignfifoniblkonapihmkfakmlgkbkcf/service_worker.js","attached":false,"canAccessOpener":false,"browserContextId":"A7753F3EEBCCC83B11F42F7C7B0ADBD3"}},"sessionId":"9E77F4E80321E9CC9DB68E01FFBA7B6D"}
08:50:52.216 [nioEventLoopGroup-6-1] DEBUG c.i.k.driver.chrome_1752371450241 - << {"method":"Target.targetCreated","params":{"targetInfo":{"targetId":"DE4C15C3BAA9FCE7B4E7CBAA29032D3C","type":"service_worker","title":"Service Worker https://www.saucedemo.com/service-worker.js","url":"https://www.saucedemo.com/service-worker.js","attached":false,"canAccessOpener":false,"browserContextId":"C0303FD05D751D1ECE2FD1417C411CF8"}},"sessionId":"9E77F4E80321E9CC9DB68E01FFBA7B6D"}
08:50:52.223 [nioEventLoopGroup-6-1] DEBUG c.i.k.driver.chrome_1752371450241 - << {"method":"Page.loadEventFired","params":{"timestamp":251503.756862},"sessionId":"9E77F4E80321E9CC9DB68E01FFBA7B6D"}
08:50:52.225 [nioEventLoopGroup-6-1] DEBUG c.i.k.driver.chrome_1752371450241 - << {"method":"Page.frameStoppedLoading","params":{"frameId":"2CF5233B2100989C510DE046B51B3F2E"},"sessionId":"9E77F4E80321E9CC9DB68E01FFBA7B6D"}
08:50:52.824 [nioEventLoopGroup-6-1] DEBUG c.i.k.driver.chrome_1752371450241 - << {"method":"Runtime.consoleAPICalled","params":{"type":"log","args":[{"type":"string","value":"Content is cached for offline use."}],"executionContextId":1,"timestamp":1.752371452823685e+12,"stackTrace":{"callFrames":[{"functionName":"console.<computed>","scriptId":"8","url":"https://www.saucedemo.com/static/js/2.84a5cbf3.chunk.js","lineNumber":1,"columnNumber":123015},{"functionName":"a.onstatechange","scriptId":"7","url":"https://www.saucedemo.com/static/js/main.018d2d1e.chunk.js","lineNumber":0,"columnNumber":58496}]}},"sessionId":"9E77F4E80321E9CC9DB68E01FFBA7B6D"}
08:50:52.825 [nioEventLoopGroup-6-1] DEBUG c.i.k.driver.chrome_1752371450241 - [console] Content is cached for offline use.
08:50:54.232 [chrome_1752371450241-out] DEBUG c.i.k.driver.chrome_1752371450241 - WARNING: All log messages before absl::InitializeLog() is called are written to STDERR
08:50:54.232 [chrome_1752371450241-out] DEBUG c.i.k.driver.chrome_1752371450241 - I0000 00:00:1752371454.232560   24180 voice_transcription.cc:58] Registering VoiceTranscriptionCapability
08:50:54.437 [main] DEBUG c.i.k.driver.chrome_1752371450241 - >> {"id":9,"sessionId":"9E77F4E80321E9CC9DB68E01FFBA7B6D","method":"Runtime.evaluate","params":{"expression":"var e = document.evaluate(\"\/\/*[@id='user-name']\", document, null, 9, null).singleNodeValue; e.focus(); try { e.selectionStart = e.selectionEnd = e.value.length } catch(x) {}","returnByValue":true}}
08:50:54.446 [nioEventLoopGroup-6-1] DEBUG c.i.k.driver.chrome_1752371450241 - << {"id":9,"result":{"result":{"type":"number","value":0,"description":"0"}},"sessionId":"9E77F4E80321E9CC9DB68E01FFBA7B6D"}
08:50:54.447 [main] DEBUG c.i.k.driver.chrome_1752371450241 - >> {"id":10,"sessionId":"9E77F4E80321E9CC9DB68E01FFBA7B6D","method":"Input.dispatchKeyEvent","params":{"modifiers":0,"type":"rawKeyDown","text":"s","windowsVirtualKeyCode":115}}
08:50:54.454 [nioEventLoopGroup-6-1] DEBUG c.i.k.driver.chrome_1752371450241 - << {"id":10,"result":{},"sessionId":"9E77F4E80321E9CC9DB68E01FFBA7B6D"}
08:50:54.455 [main] DEBUG c.i.k.driver.chrome_1752371450241 - >> {"id":11,"sessionId":"9E77F4E80321E9CC9DB68E01FFBA7B6D","method":"Input.dispatchKeyEvent","params":{"modifiers":0,"type":"char","text":"s","windowsVirtualKeyCode":115}}
08:50:54.469 [nioEventLoopGroup-6-1] DEBUG c.i.k.driver.chrome_1752371450241 - << {"id":11,"result":{},"sessionId":"9E77F4E80321E9CC9DB68E01FFBA7B6D"}
08:50:54.470 [main] DEBUG c.i.k.driver.chrome_1752371450241 - >> {"id":12,"sessionId":"9E77F4E80321E9CC9DB68E01FFBA7B6D","method":"Input.dispatchKeyEvent","params":{"modifiers":0,"type":"keyUp","text":"s","windowsVirtualKeyCode":115}}
08:50:54.476 [nioEventLoopGroup-6-1] DEBUG c.i.k.driver.chrome_1752371450241 - << {"id":12,"result":{},"sessionId":"9E77F4E80321E9CC9DB68E01FFBA7B6D"}
08:50:54.477 [main] DEBUG c.i.k.driver.chrome_1752371450241 - >> {"id":13,"sessionId":"9E77F4E80321E9CC9DB68E01FFBA7B6D","method":"Input.dispatchKeyEvent","params":{"modifiers":0,"type":"rawKeyDown","text":"t","windowsVirtualKeyCode":116}}
08:50:54.481 [nioEventLoopGroup-6-1] DEBUG c.i.k.driver.chrome_1752371450241 - << {"id":13,"result":{},"sessionId":"9E77F4E80321E9CC9DB68E01FFBA7B6D"}
08:50:54.482 [main] DEBUG c.i.k.driver.chrome_1752371450241 - >> {"id":14,"sessionId":"9E77F4E80321E9CC9DB68E01FFBA7B6D","method":"Input.dispatchKeyEvent","params":{"modifiers":0,"type":"char","text":"t","windowsVirtualKeyCode":116}}
08:50:54.489 [nioEventLoopGroup-6-1] DEBUG c.i.k.driver.chrome_1752371450241 - << {"id":14,"result":{},"sessionId":"9E77F4E80321E9CC9DB68E01FFBA7B6D"}
08:50:54.490 [main] DEBUG c.i.k.driver.chrome_1752371450241 - >> {"id":15,"sessionId":"9E77F4E80321E9CC9DB68E01FFBA7B6D","method":"Input.dispatchKeyEvent","params":{"modifiers":0,"type":"keyUp","text":"t","windowsVirtualKeyCode":116}}
08:50:54.494 [nioEventLoopGroup-6-1] DEBUG c.i.k.driver.chrome_1752371450241 - << {"id":15,"result":{},"sessionId":"9E77F4E80321E9CC9DB68E01FFBA7B6D"}
08:50:54.495 [main] DEBUG c.i.k.driver.chrome_1752371450241 - >> {"id":16,"sessionId":"9E77F4E80321E9CC9DB68E01FFBA7B6D","method":"Input.dispatchKeyEvent","params":{"modifiers":0,"type":"rawKeyDown","text":"a","windowsVirtualKeyCode":97}}
08:50:54.498 [nioEventLoopGroup-6-1] DEBUG c.i.k.driver.chrome_1752371450241 - << {"id":16,"result":{},"sessionId":"9E77F4E80321E9CC9DB68E01FFBA7B6D"}
08:50:54.499 [main] DEBUG c.i.k.driver.chrome_1752371450241 - >> {"id":17,"sessionId":"9E77F4E80321E9CC9DB68E01FFBA7B6D","method":"Input.dispatchKeyEvent","params":{"modifiers":0,"type":"char","text":"a","windowsVirtualKeyCode":97}}
08:50:54.506 [nioEventLoopGroup-6-1] DEBUG c.i.k.driver.chrome_1752371450241 - << {"id":17,"result":{},"sessionId":"9E77F4E80321E9CC9DB68E01FFBA7B6D"}
08:50:54.513 [main] DEBUG c.i.k.driver.chrome_1752371450241 - >> {"id":18,"sessionId":"9E77F4E80321E9CC9DB68E01FFBA7B6D","method":"Input.dispatchKeyEvent","params":{"modifiers":0,"type":"keyUp","text":"a","windowsVirtualKeyCode":97}}
08:50:54.516 [nioEventLoopGroup-6-1] DEBUG c.i.k.driver.chrome_1752371450241 - << {"id":18,"result":{},"sessionId":"9E77F4E80321E9CC9DB68E01FFBA7B6D"}
08:50:54.517 [main] DEBUG c.i.k.driver.chrome_1752371450241 - >> {"id":19,"sessionId":"9E77F4E80321E9CC9DB68E01FFBA7B6D","method":"Input.dispatchKeyEvent","params":{"modifiers":0,"type":"rawKeyDown","text":"n","windowsVirtualKeyCode":110}}
08:50:54.520 [nioEventLoopGroup-6-1] DEBUG c.i.k.driver.chrome_1752371450241 - << {"id":19,"result":{},"sessionId":"9E77F4E80321E9CC9DB68E01FFBA7B6D"}
08:50:54.521 [main] DEBUG c.i.k.driver.chrome_1752371450241 - >> {"id":20,"sessionId":"9E77F4E80321E9CC9DB68E01FFBA7B6D","method":"Input.dispatchKeyEvent","params":{"modifiers":0,"type":"char","text":"n","windowsVirtualKeyCode":110}}
08:50:54.529 [nioEventLoopGroup-6-1] DEBUG c.i.k.driver.chrome_1752371450241 - << {"id":20,"result":{},"sessionId":"9E77F4E80321E9CC9DB68E01FFBA7B6D"}
08:50:54.530 [main] DEBUG c.i.k.driver.chrome_1752371450241 - >> {"id":21,"sessionId":"9E77F4E80321E9CC9DB68E01FFBA7B6D","method":"Input.dispatchKeyEvent","params":{"modifiers":0,"type":"keyUp","text":"n","windowsVirtualKeyCode":110}}
08:50:54.536 [nioEventLoopGroup-6-1] DEBUG c.i.k.driver.chrome_1752371450241 - << {"id":21,"result":{},"sessionId":"9E77F4E80321E9CC9DB68E01FFBA7B6D"}
08:50:54.537 [main] DEBUG c.i.k.driver.chrome_1752371450241 - >> {"id":22,"sessionId":"9E77F4E80321E9CC9DB68E01FFBA7B6D","method":"Input.dispatchKeyEvent","params":{"modifiers":0,"type":"rawKeyDown","text":"d","windowsVirtualKeyCode":100}}
08:50:54.542 [nioEventLoopGroup-6-1] DEBUG c.i.k.driver.chrome_1752371450241 - << {"id":22,"result":{},"sessionId":"9E77F4E80321E9CC9DB68E01FFBA7B6D"}
08:50:54.543 [main] DEBUG c.i.k.driver.chrome_1752371450241 - >> {"id":23,"sessionId":"9E77F4E80321E9CC9DB68E01FFBA7B6D","method":"Input.dispatchKeyEvent","params":{"modifiers":0,"type":"char","text":"d","windowsVirtualKeyCode":100}}
08:50:54.552 [nioEventLoopGroup-6-1] DEBUG c.i.k.driver.chrome_1752371450241 - << {"id":23,"result":{},"sessionId":"9E77F4E80321E9CC9DB68E01FFBA7B6D"}
08:50:54.553 [main] DEBUG c.i.k.driver.chrome_1752371450241 - >> {"id":24,"sessionId":"9E77F4E80321E9CC9DB68E01FFBA7B6D","method":"Input.dispatchKeyEvent","params":{"modifiers":0,"type":"keyUp","text":"d","windowsVirtualKeyCode":100}}
08:50:54.559 [nioEventLoopGroup-6-1] DEBUG c.i.k.driver.chrome_1752371450241 - << {"id":24,"result":{},"sessionId":"9E77F4E80321E9CC9DB68E01FFBA7B6D"}
08:50:54.560 [main] DEBUG c.i.k.driver.chrome_1752371450241 - >> {"id":25,"sessionId":"9E77F4E80321E9CC9DB68E01FFBA7B6D","method":"Input.dispatchKeyEvent","params":{"modifiers":0,"type":"rawKeyDown","text":"a","windowsVirtualKeyCode":97}}
08:50:54.563 [nioEventLoopGroup-6-1] DEBUG c.i.k.driver.chrome_1752371450241 - << {"id":25,"result":{},"sessionId":"9E77F4E80321E9CC9DB68E01FFBA7B6D"}
08:50:54.564 [main] DEBUG c.i.k.driver.chrome_1752371450241 - >> {"id":26,"sessionId":"9E77F4E80321E9CC9DB68E01FFBA7B6D","method":"Input.dispatchKeyEvent","params":{"modifiers":0,"type":"char","text":"a","windowsVirtualKeyCode":97}}
08:50:54.572 [nioEventLoopGroup-6-1] DEBUG c.i.k.driver.chrome_1752371450241 - << {"id":26,"result":{},"sessionId":"9E77F4E80321E9CC9DB68E01FFBA7B6D"}
08:50:54.578 [main] DEBUG c.i.k.driver.chrome_1752371450241 - >> {"id":27,"sessionId":"9E77F4E80321E9CC9DB68E01FFBA7B6D","method":"Input.dispatchKeyEvent","params":{"modifiers":0,"type":"keyUp","text":"a","windowsVirtualKeyCode":97}}
08:50:54.582 [nioEventLoopGroup-6-1] DEBUG c.i.k.driver.chrome_1752371450241 - << {"id":27,"result":{},"sessionId":"9E77F4E80321E9CC9DB68E01FFBA7B6D"}
08:50:54.583 [main] DEBUG c.i.k.driver.chrome_1752371450241 - >> {"id":28,"sessionId":"9E77F4E80321E9CC9DB68E01FFBA7B6D","method":"Input.dispatchKeyEvent","params":{"modifiers":0,"type":"rawKeyDown","text":"r","windowsVirtualKeyCode":114}}
08:50:54.586 [nioEventLoopGroup-6-1] DEBUG c.i.k.driver.chrome_1752371450241 - << {"id":28,"result":{},"sessionId":"9E77F4E80321E9CC9DB68E01FFBA7B6D"}
08:50:54.587 [main] DEBUG c.i.k.driver.chrome_1752371450241 - >> {"id":29,"sessionId":"9E77F4E80321E9CC9DB68E01FFBA7B6D","method":"Input.dispatchKeyEvent","params":{"modifiers":0,"type":"char","text":"r","windowsVirtualKeyCode":114}}
08:50:54.596 [nioEventLoopGroup-6-1] DEBUG c.i.k.driver.chrome_1752371450241 - << {"id":29,"result":{},"sessionId":"9E77F4E80321E9CC9DB68E01FFBA7B6D"}
08:50:54.597 [main] DEBUG c.i.k.driver.chrome_1752371450241 - >> {"id":30,"sessionId":"9E77F4E80321E9CC9DB68E01FFBA7B6D","method":"Input.dispatchKeyEvent","params":{"modifiers":0,"type":"keyUp","text":"r","windowsVirtualKeyCode":114}}
08:50:54.601 [nioEventLoopGroup-6-1] DEBUG c.i.k.driver.chrome_1752371450241 - << {"id":30,"result":{},"sessionId":"9E77F4E80321E9CC9DB68E01FFBA7B6D"}
08:50:54.603 [main] DEBUG c.i.k.driver.chrome_1752371450241 - >> {"id":31,"sessionId":"9E77F4E80321E9CC9DB68E01FFBA7B6D","method":"Input.dispatchKeyEvent","params":{"modifiers":0,"type":"rawKeyDown","text":"d","windowsVirtualKeyCode":100}}
08:50:54.607 [nioEventLoopGroup-6-1] DEBUG c.i.k.driver.chrome_1752371450241 - << {"id":31,"result":{},"sessionId":"9E77F4E80321E9CC9DB68E01FFBA7B6D"}
08:50:54.608 [main] DEBUG c.i.k.driver.chrome_1752371450241 - >> {"id":32,"sessionId":"9E77F4E80321E9CC9DB68E01FFBA7B6D","method":"Input.dispatchKeyEvent","params":{"modifiers":0,"type":"char","text":"d","windowsVirtualKeyCode":100}}
08:50:54.615 [nioEventLoopGroup-6-1] DEBUG c.i.k.driver.chrome_1752371450241 - << {"id":32,"result":{},"sessionId":"9E77F4E80321E9CC9DB68E01FFBA7B6D"}
08:50:54.616 [main] DEBUG c.i.k.driver.chrome_1752371450241 - >> {"id":33,"sessionId":"9E77F4E80321E9CC9DB68E01FFBA7B6D","method":"Input.dispatchKeyEvent","params":{"modifiers":0,"type":"keyUp","text":"d","windowsVirtualKeyCode":100}}
08:50:54.629 [nioEventLoopGroup-6-1] DEBUG c.i.k.driver.chrome_1752371450241 - << {"id":33,"result":{},"sessionId":"9E77F4E80321E9CC9DB68E01FFBA7B6D"}
08:50:54.630 [main] DEBUG c.i.k.driver.chrome_1752371450241 - >> {"id":34,"sessionId":"9E77F4E80321E9CC9DB68E01FFBA7B6D","method":"Input.dispatchKeyEvent","params":{"modifiers":0,"type":"rawKeyDown","text":"_","windowsVirtualKeyCode":523}}
08:50:54.633 [nioEventLoopGroup-6-1] DEBUG c.i.k.driver.chrome_1752371450241 - << {"id":34,"result":{},"sessionId":"9E77F4E80321E9CC9DB68E01FFBA7B6D"}
08:50:54.634 [main] DEBUG c.i.k.driver.chrome_1752371450241 - >> {"id":35,"sessionId":"9E77F4E80321E9CC9DB68E01FFBA7B6D","method":"Input.dispatchKeyEvent","params":{"modifiers":0,"type":"char","text":"_","windowsVirtualKeyCode":523}}
08:50:54.642 [nioEventLoopGroup-6-1] DEBUG c.i.k.driver.chrome_1752371450241 - << {"id":35,"result":{},"sessionId":"9E77F4E80321E9CC9DB68E01FFBA7B6D"}
08:50:54.647 [main] DEBUG c.i.k.driver.chrome_1752371450241 - >> {"id":36,"sessionId":"9E77F4E80321E9CC9DB68E01FFBA7B6D","method":"Input.dispatchKeyEvent","params":{"modifiers":0,"type":"keyUp","text":"_","windowsVirtualKeyCode":523}}
08:50:54.650 [nioEventLoopGroup-6-1] DEBUG c.i.k.driver.chrome_1752371450241 - << {"id":36,"result":{},"sessionId":"9E77F4E80321E9CC9DB68E01FFBA7B6D"}
08:50:54.651 [main] DEBUG c.i.k.driver.chrome_1752371450241 - >> {"id":37,"sessionId":"9E77F4E80321E9CC9DB68E01FFBA7B6D","method":"Input.dispatchKeyEvent","params":{"modifiers":0,"type":"rawKeyDown","text":"u","windowsVirtualKeyCode":117}}
08:50:54.654 [nioEventLoopGroup-6-1] DEBUG c.i.k.driver.chrome_1752371450241 - << {"id":37,"result":{},"sessionId":"9E77F4E80321E9CC9DB68E01FFBA7B6D"}
08:50:54.656 [main] DEBUG c.i.k.driver.chrome_1752371450241 - >> {"id":38,"sessionId":"9E77F4E80321E9CC9DB68E01FFBA7B6D","method":"Input.dispatchKeyEvent","params":{"modifiers":0,"type":"char","text":"u","windowsVirtualKeyCode":117}}
08:50:54.663 [nioEventLoopGroup-6-1] DEBUG c.i.k.driver.chrome_1752371450241 - << {"id":38,"result":{},"sessionId":"9E77F4E80321E9CC9DB68E01FFBA7B6D"}
08:50:54.664 [main] DEBUG c.i.k.driver.chrome_1752371450241 - >> {"id":39,"sessionId":"9E77F4E80321E9CC9DB68E01FFBA7B6D","method":"Input.dispatchKeyEvent","params":{"modifiers":0,"type":"keyUp","text":"u","windowsVirtualKeyCode":117}}
08:50:54.667 [nioEventLoopGroup-6-1] DEBUG c.i.k.driver.chrome_1752371450241 - << {"id":39,"result":{},"sessionId":"9E77F4E80321E9CC9DB68E01FFBA7B6D"}
08:50:54.668 [main] DEBUG c.i.k.driver.chrome_1752371450241 - >> {"id":40,"sessionId":"9E77F4E80321E9CC9DB68E01FFBA7B6D","method":"Input.dispatchKeyEvent","params":{"modifiers":0,"type":"rawKeyDown","text":"s","windowsVirtualKeyCode":115}}
08:50:54.673 [nioEventLoopGroup-6-1] DEBUG c.i.k.driver.chrome_1752371450241 - << {"id":40,"result":{},"sessionId":"9E77F4E80321E9CC9DB68E01FFBA7B6D"}
08:50:54.674 [main] DEBUG c.i.k.driver.chrome_1752371450241 - >> {"id":41,"sessionId":"9E77F4E80321E9CC9DB68E01FFBA7B6D","method":"Input.dispatchKeyEvent","params":{"modifiers":0,"type":"char","text":"s","windowsVirtualKeyCode":115}}
08:50:54.679 [nioEventLoopGroup-6-1] DEBUG c.i.k.driver.chrome_1752371450241 - << {"id":41,"result":{},"sessionId":"9E77F4E80321E9CC9DB68E01FFBA7B6D"}
08:50:54.698 [main] DEBUG c.i.k.driver.chrome_1752371450241 - >> {"id":42,"sessionId":"9E77F4E80321E9CC9DB68E01FFBA7B6D","method":"Input.dispatchKeyEvent","params":{"modifiers":0,"type":"keyUp","text":"s","windowsVirtualKeyCode":115}}
08:50:54.702 [nioEventLoopGroup-6-1] DEBUG c.i.k.driver.chrome_1752371450241 - << {"id":42,"result":{},"sessionId":"9E77F4E80321E9CC9DB68E01FFBA7B6D"}
08:50:54.703 [main] DEBUG c.i.k.driver.chrome_1752371450241 - >> {"id":43,"sessionId":"9E77F4E80321E9CC9DB68E01FFBA7B6D","method":"Input.dispatchKeyEvent","params":{"modifiers":0,"type":"rawKeyDown","text":"e","windowsVirtualKeyCode":101}}
08:50:54.706 [nioEventLoopGroup-6-1] DEBUG c.i.k.driver.chrome_1752371450241 - << {"id":43,"result":{},"sessionId":"9E77F4E80321E9CC9DB68E01FFBA7B6D"}
08:50:54.708 [main] DEBUG c.i.k.driver.chrome_1752371450241 - >> {"id":44,"sessionId":"9E77F4E80321E9CC9DB68E01FFBA7B6D","method":"Input.dispatchKeyEvent","params":{"modifiers":0,"type":"char","text":"e","windowsVirtualKeyCode":101}}
08:50:54.714 [nioEventLoopGroup-6-1] DEBUG c.i.k.driver.chrome_1752371450241 - << {"id":44,"result":{},"sessionId":"9E77F4E80321E9CC9DB68E01FFBA7B6D"}
08:50:54.720 [main] DEBUG c.i.k.driver.chrome_1752371450241 - >> {"id":45,"sessionId":"9E77F4E80321E9CC9DB68E01FFBA7B6D","method":"Input.dispatchKeyEvent","params":{"modifiers":0,"type":"keyUp","text":"e","windowsVirtualKeyCode":101}}
08:50:54.722 [nioEventLoopGroup-6-1] DEBUG c.i.k.driver.chrome_1752371450241 - << {"id":45,"result":{},"sessionId":"9E77F4E80321E9CC9DB68E01FFBA7B6D"}
08:50:54.723 [main] DEBUG c.i.k.driver.chrome_1752371450241 - >> {"id":46,"sessionId":"9E77F4E80321E9CC9DB68E01FFBA7B6D","method":"Input.dispatchKeyEvent","params":{"modifiers":0,"type":"rawKeyDown","text":"r","windowsVirtualKeyCode":114}}
08:50:54.726 [nioEventLoopGroup-6-1] DEBUG c.i.k.driver.chrome_1752371450241 - << {"id":46,"result":{},"sessionId":"9E77F4E80321E9CC9DB68E01FFBA7B6D"}
08:50:54.727 [main] DEBUG c.i.k.driver.chrome_1752371450241 - >> {"id":47,"sessionId":"9E77F4E80321E9CC9DB68E01FFBA7B6D","method":"Input.dispatchKeyEvent","params":{"modifiers":0,"type":"char","text":"r","windowsVirtualKeyCode":114}}
08:50:54.733 [nioEventLoopGroup-6-1] DEBUG c.i.k.driver.chrome_1752371450241 - << {"id":47,"result":{},"sessionId":"9E77F4E80321E9CC9DB68E01FFBA7B6D"}
08:50:54.741 [main] DEBUG c.i.k.driver.chrome_1752371450241 - >> {"id":48,"sessionId":"9E77F4E80321E9CC9DB68E01FFBA7B6D","method":"Input.dispatchKeyEvent","params":{"modifiers":0,"type":"keyUp","text":"r","windowsVirtualKeyCode":114}}
08:50:54.743 [nioEventLoopGroup-6-1] DEBUG c.i.k.driver.chrome_1752371450241 - << {"id":48,"result":{},"sessionId":"9E77F4E80321E9CC9DB68E01FFBA7B6D"}
08:50:54.747 [main] DEBUG c.i.k.driver.chrome_1752371450241 - >> {"id":49,"sessionId":"9E77F4E80321E9CC9DB68E01FFBA7B6D","method":"Runtime.evaluate","params":{"expression":"var e = document.evaluate(\"\/\/*[@id='password']\", document, null, 9, null).singleNodeValue; e.focus(); try { e.selectionStart = e.selectionEnd = e.value.length } catch(x) {}","returnByValue":true}}
08:50:54.752 [nioEventLoopGroup-6-1] DEBUG c.i.k.driver.chrome_1752371450241 - << {"id":49,"result":{"result":{"type":"number","value":0,"description":"0"}},"sessionId":"9E77F4E80321E9CC9DB68E01FFBA7B6D"}
08:50:54.757 [main] DEBUG c.i.k.driver.chrome_1752371450241 - >> {"id":50,"sessionId":"9E77F4E80321E9CC9DB68E01FFBA7B6D","method":"Input.dispatchKeyEvent","params":{"modifiers":0,"type":"rawKeyDown","text":"s","windowsVirtualKeyCode":115}}
08:50:54.759 [nioEventLoopGroup-6-1] DEBUG c.i.k.driver.chrome_1752371450241 - << {"id":50,"result":{},"sessionId":"9E77F4E80321E9CC9DB68E01FFBA7B6D"}
08:50:54.764 [main] DEBUG c.i.k.driver.chrome_1752371450241 - >> {"id":51,"sessionId":"9E77F4E80321E9CC9DB68E01FFBA7B6D","method":"Input.dispatchKeyEvent","params":{"modifiers":0,"type":"char","text":"s","windowsVirtualKeyCode":115}}
08:50:54.773 [nioEventLoopGroup-6-1] DEBUG c.i.k.driver.chrome_1752371450241 - << {"id":51,"result":{},"sessionId":"9E77F4E80321E9CC9DB68E01FFBA7B6D"}
08:50:54.778 [main] DEBUG c.i.k.driver.chrome_1752371450241 - >> {"id":52,"sessionId":"9E77F4E80321E9CC9DB68E01FFBA7B6D","method":"Input.dispatchKeyEvent","params":{"modifiers":0,"type":"keyUp","text":"s","windowsVirtualKeyCode":115}}
08:50:54.781 [nioEventLoopGroup-6-1] DEBUG c.i.k.driver.chrome_1752371450241 - << {"id":52,"result":{},"sessionId":"9E77F4E80321E9CC9DB68E01FFBA7B6D"}
08:50:54.782 [main] DEBUG c.i.k.driver.chrome_1752371450241 - >> {"id":53,"sessionId":"9E77F4E80321E9CC9DB68E01FFBA7B6D","method":"Input.dispatchKeyEvent","params":{"modifiers":0,"type":"rawKeyDown","text":"e","windowsVirtualKeyCode":101}}
08:50:54.784 [nioEventLoopGroup-6-1] DEBUG c.i.k.driver.chrome_1752371450241 - << {"id":53,"result":{},"sessionId":"9E77F4E80321E9CC9DB68E01FFBA7B6D"}
08:50:54.785 [main] DEBUG c.i.k.driver.chrome_1752371450241 - >> {"id":54,"sessionId":"9E77F4E80321E9CC9DB68E01FFBA7B6D","method":"Input.dispatchKeyEvent","params":{"modifiers":0,"type":"char","text":"e","windowsVirtualKeyCode":101}}
08:50:54.792 [nioEventLoopGroup-6-1] DEBUG c.i.k.driver.chrome_1752371450241 - << {"id":54,"result":{},"sessionId":"9E77F4E80321E9CC9DB68E01FFBA7B6D"}
08:50:54.796 [main] DEBUG c.i.k.driver.chrome_1752371450241 - >> {"id":55,"sessionId":"9E77F4E80321E9CC9DB68E01FFBA7B6D","method":"Input.dispatchKeyEvent","params":{"modifiers":0,"type":"keyUp","text":"e","windowsVirtualKeyCode":101}}
08:50:54.799 [nioEventLoopGroup-6-1] DEBUG c.i.k.driver.chrome_1752371450241 - << {"id":55,"result":{},"sessionId":"9E77F4E80321E9CC9DB68E01FFBA7B6D"}
08:50:54.799 [main] DEBUG c.i.k.driver.chrome_1752371450241 - >> {"id":56,"sessionId":"9E77F4E80321E9CC9DB68E01FFBA7B6D","method":"Input.dispatchKeyEvent","params":{"modifiers":0,"type":"rawKeyDown","text":"c","windowsVirtualKeyCode":99}}
08:50:54.802 [nioEventLoopGroup-6-1] DEBUG c.i.k.driver.chrome_1752371450241 - << {"id":56,"result":{},"sessionId":"9E77F4E80321E9CC9DB68E01FFBA7B6D"}
08:50:54.803 [main] DEBUG c.i.k.driver.chrome_1752371450241 - >> {"id":57,"sessionId":"9E77F4E80321E9CC9DB68E01FFBA7B6D","method":"Input.dispatchKeyEvent","params":{"modifiers":0,"type":"char","text":"c","windowsVirtualKeyCode":99}}
08:50:54.809 [nioEventLoopGroup-6-1] DEBUG c.i.k.driver.chrome_1752371450241 - << {"id":57,"result":{},"sessionId":"9E77F4E80321E9CC9DB68E01FFBA7B6D"}
08:50:54.810 [main] DEBUG c.i.k.driver.chrome_1752371450241 - >> {"id":58,"sessionId":"9E77F4E80321E9CC9DB68E01FFBA7B6D","method":"Input.dispatchKeyEvent","params":{"modifiers":0,"type":"keyUp","text":"c","windowsVirtualKeyCode":99}}
08:50:54.814 [nioEventLoopGroup-6-1] DEBUG c.i.k.driver.chrome_1752371450241 - << {"id":58,"result":{},"sessionId":"9E77F4E80321E9CC9DB68E01FFBA7B6D"}
08:50:54.815 [main] DEBUG c.i.k.driver.chrome_1752371450241 - >> {"id":59,"sessionId":"9E77F4E80321E9CC9DB68E01FFBA7B6D","method":"Input.dispatchKeyEvent","params":{"modifiers":0,"type":"rawKeyDown","text":"r","windowsVirtualKeyCode":114}}
08:50:54.818 [nioEventLoopGroup-6-1] DEBUG c.i.k.driver.chrome_1752371450241 - << {"id":59,"result":{},"sessionId":"9E77F4E80321E9CC9DB68E01FFBA7B6D"}
08:50:54.819 [main] DEBUG c.i.k.driver.chrome_1752371450241 - >> {"id":60,"sessionId":"9E77F4E80321E9CC9DB68E01FFBA7B6D","method":"Input.dispatchKeyEvent","params":{"modifiers":0,"type":"char","text":"r","windowsVirtualKeyCode":114}}
08:50:54.825 [nioEventLoopGroup-6-1] DEBUG c.i.k.driver.chrome_1752371450241 - << {"id":60,"result":{},"sessionId":"9E77F4E80321E9CC9DB68E01FFBA7B6D"}
08:50:54.826 [main] DEBUG c.i.k.driver.chrome_1752371450241 - >> {"id":61,"sessionId":"9E77F4E80321E9CC9DB68E01FFBA7B6D","method":"Input.dispatchKeyEvent","params":{"modifiers":0,"type":"keyUp","text":"r","windowsVirtualKeyCode":114}}
08:50:54.830 [nioEventLoopGroup-6-1] DEBUG c.i.k.driver.chrome_1752371450241 - << {"id":61,"result":{},"sessionId":"9E77F4E80321E9CC9DB68E01FFBA7B6D"}
08:50:54.831 [main] DEBUG c.i.k.driver.chrome_1752371450241 - >> {"id":62,"sessionId":"9E77F4E80321E9CC9DB68E01FFBA7B6D","method":"Input.dispatchKeyEvent","params":{"modifiers":0,"type":"rawKeyDown","text":"e","windowsVirtualKeyCode":101}}
08:50:54.834 [nioEventLoopGroup-6-1] DEBUG c.i.k.driver.chrome_1752371450241 - << {"id":62,"result":{},"sessionId":"9E77F4E80321E9CC9DB68E01FFBA7B6D"}
08:50:54.835 [main] DEBUG c.i.k.driver.chrome_1752371450241 - >> {"id":63,"sessionId":"9E77F4E80321E9CC9DB68E01FFBA7B6D","method":"Input.dispatchKeyEvent","params":{"modifiers":0,"type":"char","text":"e","windowsVirtualKeyCode":101}}
08:50:54.842 [nioEventLoopGroup-6-1] DEBUG c.i.k.driver.chrome_1752371450241 - << {"id":63,"result":{},"sessionId":"9E77F4E80321E9CC9DB68E01FFBA7B6D"}
08:50:54.843 [main] DEBUG c.i.k.driver.chrome_1752371450241 - >> {"id":64,"sessionId":"9E77F4E80321E9CC9DB68E01FFBA7B6D","method":"Input.dispatchKeyEvent","params":{"modifiers":0,"type":"keyUp","text":"e","windowsVirtualKeyCode":101}}
08:50:54.853 [nioEventLoopGroup-6-1] DEBUG c.i.k.driver.chrome_1752371450241 - << {"id":64,"result":{},"sessionId":"9E77F4E80321E9CC9DB68E01FFBA7B6D"}
08:50:54.854 [main] DEBUG c.i.k.driver.chrome_1752371450241 - >> {"id":65,"sessionId":"9E77F4E80321E9CC9DB68E01FFBA7B6D","method":"Input.dispatchKeyEvent","params":{"modifiers":0,"type":"rawKeyDown","text":"t","windowsVirtualKeyCode":116}}
08:50:54.856 [nioEventLoopGroup-6-1] DEBUG c.i.k.driver.chrome_1752371450241 - << {"id":65,"result":{},"sessionId":"9E77F4E80321E9CC9DB68E01FFBA7B6D"}
08:50:54.857 [main] DEBUG c.i.k.driver.chrome_1752371450241 - >> {"id":66,"sessionId":"9E77F4E80321E9CC9DB68E01FFBA7B6D","method":"Input.dispatchKeyEvent","params":{"modifiers":0,"type":"char","text":"t","windowsVirtualKeyCode":116}}
08:50:54.863 [nioEventLoopGroup-6-1] DEBUG c.i.k.driver.chrome_1752371450241 - << {"id":66,"result":{},"sessionId":"9E77F4E80321E9CC9DB68E01FFBA7B6D"}
08:50:54.866 [main] DEBUG c.i.k.driver.chrome_1752371450241 - >> {"id":67,"sessionId":"9E77F4E80321E9CC9DB68E01FFBA7B6D","method":"Input.dispatchKeyEvent","params":{"modifiers":0,"type":"keyUp","text":"t","windowsVirtualKeyCode":116}}
08:50:54.869 [nioEventLoopGroup-6-1] DEBUG c.i.k.driver.chrome_1752371450241 - << {"id":67,"result":{},"sessionId":"9E77F4E80321E9CC9DB68E01FFBA7B6D"}
08:50:54.870 [main] DEBUG c.i.k.driver.chrome_1752371450241 - >> {"id":68,"sessionId":"9E77F4E80321E9CC9DB68E01FFBA7B6D","method":"Input.dispatchKeyEvent","params":{"modifiers":0,"type":"rawKeyDown","text":"_","windowsVirtualKeyCode":523}}
08:50:54.872 [nioEventLoopGroup-6-1] DEBUG c.i.k.driver.chrome_1752371450241 - << {"id":68,"result":{},"sessionId":"9E77F4E80321E9CC9DB68E01FFBA7B6D"}
08:50:54.873 [main] DEBUG c.i.k.driver.chrome_1752371450241 - >> {"id":69,"sessionId":"9E77F4E80321E9CC9DB68E01FFBA7B6D","method":"Input.dispatchKeyEvent","params":{"modifiers":0,"type":"char","text":"_","windowsVirtualKeyCode":523}}
08:50:54.879 [nioEventLoopGroup-6-1] DEBUG c.i.k.driver.chrome_1752371450241 - << {"id":69,"result":{},"sessionId":"9E77F4E80321E9CC9DB68E01FFBA7B6D"}
08:50:54.880 [main] DEBUG c.i.k.driver.chrome_1752371450241 - >> {"id":70,"sessionId":"9E77F4E80321E9CC9DB68E01FFBA7B6D","method":"Input.dispatchKeyEvent","params":{"modifiers":0,"type":"keyUp","text":"_","windowsVirtualKeyCode":523}}
08:50:54.884 [nioEventLoopGroup-6-1] DEBUG c.i.k.driver.chrome_1752371450241 - << {"id":70,"result":{},"sessionId":"9E77F4E80321E9CC9DB68E01FFBA7B6D"}
08:50:54.884 [main] DEBUG c.i.k.driver.chrome_1752371450241 - >> {"id":71,"sessionId":"9E77F4E80321E9CC9DB68E01FFBA7B6D","method":"Input.dispatchKeyEvent","params":{"modifiers":0,"type":"rawKeyDown","text":"s","windowsVirtualKeyCode":115}}
08:50:54.888 [nioEventLoopGroup-6-1] DEBUG c.i.k.driver.chrome_1752371450241 - << {"id":71,"result":{},"sessionId":"9E77F4E80321E9CC9DB68E01FFBA7B6D"}
08:50:54.889 [main] DEBUG c.i.k.driver.chrome_1752371450241 - >> {"id":72,"sessionId":"9E77F4E80321E9CC9DB68E01FFBA7B6D","method":"Input.dispatchKeyEvent","params":{"modifiers":0,"type":"char","text":"s","windowsVirtualKeyCode":115}}
08:50:54.895 [nioEventLoopGroup-6-1] DEBUG c.i.k.driver.chrome_1752371450241 - << {"id":72,"result":{},"sessionId":"9E77F4E80321E9CC9DB68E01FFBA7B6D"}
08:50:54.900 [main] DEBUG c.i.k.driver.chrome_1752371450241 - >> {"id":73,"sessionId":"9E77F4E80321E9CC9DB68E01FFBA7B6D","method":"Input.dispatchKeyEvent","params":{"modifiers":0,"type":"keyUp","text":"s","windowsVirtualKeyCode":115}}
08:50:54.903 [nioEventLoopGroup-6-1] DEBUG c.i.k.driver.chrome_1752371450241 - << {"id":73,"result":{},"sessionId":"9E77F4E80321E9CC9DB68E01FFBA7B6D"}
08:50:54.913 [main] DEBUG c.i.k.driver.chrome_1752371450241 - >> {"id":74,"sessionId":"9E77F4E80321E9CC9DB68E01FFBA7B6D","method":"Input.dispatchKeyEvent","params":{"modifiers":0,"type":"rawKeyDown","text":"a","windowsVirtualKeyCode":97}}
08:50:54.917 [nioEventLoopGroup-6-1] DEBUG c.i.k.driver.chrome_1752371450241 - << {"id":74,"result":{},"sessionId":"9E77F4E80321E9CC9DB68E01FFBA7B6D"}
08:50:54.918 [main] DEBUG c.i.k.driver.chrome_1752371450241 - >> {"id":75,"sessionId":"9E77F4E80321E9CC9DB68E01FFBA7B6D","method":"Input.dispatchKeyEvent","params":{"modifiers":0,"type":"char","text":"a","windowsVirtualKeyCode":97}}
08:50:54.926 [nioEventLoopGroup-6-1] DEBUG c.i.k.driver.chrome_1752371450241 - << {"id":75,"result":{},"sessionId":"9E77F4E80321E9CC9DB68E01FFBA7B6D"}
08:50:54.927 [main] DEBUG c.i.k.driver.chrome_1752371450241 - >> {"id":76,"sessionId":"9E77F4E80321E9CC9DB68E01FFBA7B6D","method":"Input.dispatchKeyEvent","params":{"modifiers":0,"type":"keyUp","text":"a","windowsVirtualKeyCode":97}}
08:50:54.930 [nioEventLoopGroup-6-1] DEBUG c.i.k.driver.chrome_1752371450241 - << {"id":76,"result":{},"sessionId":"9E77F4E80321E9CC9DB68E01FFBA7B6D"}
08:50:54.931 [main] DEBUG c.i.k.driver.chrome_1752371450241 - >> {"id":77,"sessionId":"9E77F4E80321E9CC9DB68E01FFBA7B6D","method":"Input.dispatchKeyEvent","params":{"modifiers":0,"type":"rawKeyDown","text":"u","windowsVirtualKeyCode":117}}
08:50:54.934 [nioEventLoopGroup-6-1] DEBUG c.i.k.driver.chrome_1752371450241 - << {"id":77,"result":{},"sessionId":"9E77F4E80321E9CC9DB68E01FFBA7B6D"}
08:50:54.935 [main] DEBUG c.i.k.driver.chrome_1752371450241 - >> {"id":78,"sessionId":"9E77F4E80321E9CC9DB68E01FFBA7B6D","method":"Input.dispatchKeyEvent","params":{"modifiers":0,"type":"char","text":"u","windowsVirtualKeyCode":117}}
08:50:54.943 [nioEventLoopGroup-6-1] DEBUG c.i.k.driver.chrome_1752371450241 - << {"id":78,"result":{},"sessionId":"9E77F4E80321E9CC9DB68E01FFBA7B6D"}
08:50:54.944 [main] DEBUG c.i.k.driver.chrome_1752371450241 - >> {"id":79,"sessionId":"9E77F4E80321E9CC9DB68E01FFBA7B6D","method":"Input.dispatchKeyEvent","params":{"modifiers":0,"type":"keyUp","text":"u","windowsVirtualKeyCode":117}}
08:50:54.947 [nioEventLoopGroup-6-1] DEBUG c.i.k.driver.chrome_1752371450241 - << {"id":79,"result":{},"sessionId":"9E77F4E80321E9CC9DB68E01FFBA7B6D"}
08:50:54.948 [main] DEBUG c.i.k.driver.chrome_1752371450241 - >> {"id":80,"sessionId":"9E77F4E80321E9CC9DB68E01FFBA7B6D","method":"Input.dispatchKeyEvent","params":{"modifiers":0,"type":"rawKeyDown","text":"c","windowsVirtualKeyCode":99}}
08:50:54.951 [nioEventLoopGroup-6-1] DEBUG c.i.k.driver.chrome_1752371450241 - << {"id":80,"result":{},"sessionId":"9E77F4E80321E9CC9DB68E01FFBA7B6D"}
08:50:54.952 [main] DEBUG c.i.k.driver.chrome_1752371450241 - >> {"id":81,"sessionId":"9E77F4E80321E9CC9DB68E01FFBA7B6D","method":"Input.dispatchKeyEvent","params":{"modifiers":0,"type":"char","text":"c","windowsVirtualKeyCode":99}}
08:50:54.959 [nioEventLoopGroup-6-1] DEBUG c.i.k.driver.chrome_1752371450241 - << {"id":81,"result":{},"sessionId":"9E77F4E80321E9CC9DB68E01FFBA7B6D"}
08:50:54.960 [main] DEBUG c.i.k.driver.chrome_1752371450241 - >> {"id":82,"sessionId":"9E77F4E80321E9CC9DB68E01FFBA7B6D","method":"Input.dispatchKeyEvent","params":{"modifiers":0,"type":"keyUp","text":"c","windowsVirtualKeyCode":99}}
08:50:54.963 [nioEventLoopGroup-6-1] DEBUG c.i.k.driver.chrome_1752371450241 - << {"id":82,"result":{},"sessionId":"9E77F4E80321E9CC9DB68E01FFBA7B6D"}
08:50:54.963 [main] DEBUG c.i.k.driver.chrome_1752371450241 - >> {"id":83,"sessionId":"9E77F4E80321E9CC9DB68E01FFBA7B6D","method":"Input.dispatchKeyEvent","params":{"modifiers":0,"type":"rawKeyDown","text":"e","windowsVirtualKeyCode":101}}
08:50:54.966 [nioEventLoopGroup-6-1] DEBUG c.i.k.driver.chrome_1752371450241 - << {"id":83,"result":{},"sessionId":"9E77F4E80321E9CC9DB68E01FFBA7B6D"}
08:50:54.967 [main] DEBUG c.i.k.driver.chrome_1752371450241 - >> {"id":84,"sessionId":"9E77F4E80321E9CC9DB68E01FFBA7B6D","method":"Input.dispatchKeyEvent","params":{"modifiers":0,"type":"char","text":"e","windowsVirtualKeyCode":101}}
08:50:54.972 [nioEventLoopGroup-6-1] DEBUG c.i.k.driver.chrome_1752371450241 - << {"id":84,"result":{},"sessionId":"9E77F4E80321E9CC9DB68E01FFBA7B6D"}
08:50:54.973 [main] DEBUG c.i.k.driver.chrome_1752371450241 - >> {"id":85,"sessionId":"9E77F4E80321E9CC9DB68E01FFBA7B6D","method":"Input.dispatchKeyEvent","params":{"modifiers":0,"type":"keyUp","text":"e","windowsVirtualKeyCode":101}}
08:50:54.977 [nioEventLoopGroup-6-1] DEBUG c.i.k.driver.chrome_1752371450241 - << {"id":85,"result":{},"sessionId":"9E77F4E80321E9CC9DB68E01FFBA7B6D"}
08:50:54.980 [main] DEBUG c.i.k.driver.chrome_1752371450241 - >> {"id":86,"sessionId":"9E77F4E80321E9CC9DB68E01FFBA7B6D","method":"Runtime.evaluate","params":{"expression":"document.evaluate(\"\/\/*[@id='login-button']\", document, null, 9, null).singleNodeValue.click()","returnByValue":true}}
08:50:55.002 [nioEventLoopGroup-6-1] DEBUG c.i.k.driver.chrome_1752371450241 - << {"method":"Page.frameStartedLoading","params":{"frameId":"2CF5233B2100989C510DE046B51B3F2E"},"sessionId":"9E77F4E80321E9CC9DB68E01FFBA7B6D"}
08:50:55.013 [nioEventLoopGroup-6-1] DEBUG c.i.k.driver.chrome_1752371450241 - << {"method":"Target.targetInfoChanged","params":{"targetInfo":{"targetId":"2CF5233B2100989C510DE046B51B3F2E","type":"page","title":"Swag Labs","url":"https://www.saucedemo.com/inventory.html","attached":true,"canAccessOpener":false,"browserContextId":"C0303FD05D751D1ECE2FD1417C411CF8"}},"sessionId":"9E77F4E80321E9CC9DB68E01FFBA7B6D"}
08:50:55.014 [nioEventLoopGroup-6-1] DEBUG c.i.k.driver.chrome_1752371450241 - << {"method":"Page.navigatedWithinDocument","params":{"frameId":"2CF5233B2100989C510DE046B51B3F2E","url":"https://www.saucedemo.com/inventory.html","navigationType":"historyApi"},"sessionId":"9E77F4E80321E9CC9DB68E01FFBA7B6D"}
08:50:55.015 [nioEventLoopGroup-6-1] DEBUG c.i.k.driver.chrome_1752371450241 - << {"method":"Page.frameStoppedLoading","params":{"frameId":"2CF5233B2100989C510DE046B51B3F2E"},"sessionId":"9E77F4E80321E9CC9DB68E01FFBA7B6D"}
08:50:55.038 [nioEventLoopGroup-6-1] DEBUG c.i.k.driver.chrome_1752371450241 - << {"id":86,"result":{"result":{"type":"undefined"}},"sessionId":"9E77F4E80321E9CC9DB68E01FFBA7B6D"}
08:50:55.076 [main] INFO  c.intuit.karate.core.FeatureRuntime - classpath:UI/HomePageUI/HomePage.feature - call by tag at line 25: action_addProductToCart
08:50:55.130 [main] DEBUG c.intuit.karate.core.ScenarioEngine - over-writing existing variable 'homePage' with new value: read('classpath:UI/HomePageUI/saucedemo-HomePage.json')
08:50:55.157 [main] DEBUG c.i.k.driver.chrome_1752371450241 - >> {"id":87,"sessionId":"9E77F4E80321E9CC9DB68E01FFBA7B6D","method":"Runtime.evaluate","params":{"expression":"document.evaluate(\"\/\/*[@id='add-to-cart-sauce-labs-backpack']\", document, null, 9, null).singleNodeValue.click()","returnByValue":true}}
08:50:55.178 [nioEventLoopGroup-6-1] DEBUG c.i.k.driver.chrome_1752371450241 - << {"id":87,"result":{"result":{"type":"undefined"}},"sessionId":"9E77F4E80321E9CC9DB68E01FFBA7B6D"}
08:50:55.218 [main] DEBUG c.i.k.driver.chrome_1752371450241 - >> {"id":88,"sessionId":"9E77F4E80321E9CC9DB68E01FFBA7B6D","method":"Runtime.evaluate","params":{"expression":"document.querySelector(\".shopping_cart_badge\") != null","returnByValue":true}}
08:50:55.221 [nioEventLoopGroup-6-1] DEBUG c.i.k.driver.chrome_1752371450241 - << {"id":88,"result":{"result":{"type":"boolean","value":true}},"sessionId":"9E77F4E80321E9CC9DB68E01FFBA7B6D"}
08:50:55.233 [main] INFO  c.intuit.karate.core.FeatureRuntime - classpath:UI/HomePageUI/HomePage.feature - call by tag at line 63: action_resetStateLink
08:50:55.282 [main] DEBUG c.intuit.karate.core.ScenarioEngine - over-writing existing variable 'homePage' with new value: read('classpath:UI/HomePageUI/saucedemo-HomePage.json')
08:50:55.290 [main] DEBUG c.i.k.driver.chrome_1752371450241 - >> {"id":89,"sessionId":"9E77F4E80321E9CC9DB68E01FFBA7B6D","method":"Runtime.evaluate","params":{"expression":"document.querySelector(\"#react-burger-menu-btn\").click()","returnByValue":true}}
08:50:55.293 [nioEventLoopGroup-6-1] DEBUG c.i.k.driver.chrome_1752371450241 - << {"id":89,"result":{"result":{"type":"undefined"}},"sessionId":"9E77F4E80321E9CC9DB68E01FFBA7B6D"}
08:50:55.297 [main] DEBUG c.i.k.driver.chrome_1752371450241 - >> {"id":90,"sessionId":"9E77F4E80321E9CC9DB68E01FFBA7B6D","method":"Runtime.evaluate","params":{"expression":"(document.querySelector(\"#reset_sidebar_link\") != null)","returnByValue":true}}
08:50:55.299 [nioEventLoopGroup-6-1] DEBUG c.i.k.driver.chrome_1752371450241 - << {"id":90,"result":{"result":{"type":"boolean","value":true}},"sessionId":"9E77F4E80321E9CC9DB68E01FFBA7B6D"}
08:50:55.302 [main] DEBUG c.i.k.driver.chrome_1752371450241 - >> {"id":91,"sessionId":"9E77F4E80321E9CC9DB68E01FFBA7B6D","method":"Runtime.evaluate","params":{"expression":"document.querySelector(\"#reset_sidebar_link\").click()","returnByValue":true}}
08:50:55.306 [nioEventLoopGroup-6-1] DEBUG c.i.k.driver.chrome_1752371450241 - << {"id":91,"result":{"result":{"type":"undefined"}},"sessionId":"9E77F4E80321E9CC9DB68E01FFBA7B6D"}
08:50:55.361 [main] DEBUG c.i.k.driver.chrome_1752371450241 - >> {"id":92,"sessionId":"9E77F4E80321E9CC9DB68E01FFBA7B6D","method":"Runtime.evaluate","params":{"expression":"document.querySelector(\".shopping_cart_badge\") != null","returnByValue":true}}
08:50:55.366 [nioEventLoopGroup-6-1] DEBUG c.i.k.driver.chrome_1752371450241 - << {"id":92,"result":{"result":{"type":"boolean","value":false}},"sessionId":"9E77F4E80321E9CC9DB68E01FFBA7B6D"}
08:50:55.371 [main] DEBUG c.i.k.driver.chrome_1752371450241 - >> {"id":93,"sessionId":"9E77F4E80321E9CC9DB68E01FFBA7B6D","method":"Target.closeTarget","params":{"targetId":"2CF5233B2100989C510DE046B51B3F2E"}}
08:50:55.372 [nioEventLoopGroup-6-1] DEBUG c.i.k.http.WebSocketClientHandler - websocket closing
08:50:55.373 [nioEventLoopGroup-6-1] DEBUG c.i.k.http.WebSocketClientHandler - websocket client disconnected
08:50:55.383 [main] DEBUG com.intuit.karate.shell.Command - closing command: chrome_1752371450241
08:50:55.843 [chrome_1752371450241] WARN  com.intuit.karate.shell.Command - exit code was non-zero: 1 - [C:\Program Files\Google\Chrome\Application\chrome.exe, --remote-debugging-port=53730, --remote-allow-origins=*, --no-first-run, --user-data-dir=E:\Duy\Projects\practices\karate_framework\demo\target\chrome_1752371450241, --disable-popup-blocking, --disable-features=PasswordManager, --incognito] working dir: target\chrome_1752371450241
---------------------------------------------------------
feature: classpath:UI/HomePageUI/Home.feature
scenarios:  5 | passed:  4 | failed:  1 | time: 43.0242
---------------------------------------------------------

08:50:57.386 [main] INFO  com.intuit.karate.Suite - <<fail>> feature 1 of 4 (0 remaining) classpath:UI/HomePageUI/Home.feature
08:50:57.397 [main] INFO  com.intuit.karate - karate.env system property was: null 
08:50:57.411 [main] DEBUG com.intuit.karate.shell.Command - found / verified free local port: 53761
08:50:57.411 [main] WARN  c.intuit.karate.driver.DriverOptions - preferred port 9222 not available, will use: 53761
08:50:57.412 [main] DEBUG c.i.k.driver.chrome_1752371457410 - poll attempt #0 for port to be ready - localhost:53761
08:50:57.412 [chrome_1752371457410] DEBUG c.i.k.driver.chrome_1752371457410 - command: [C:\Program Files\Google\Chrome\Application\chrome.exe, --remote-debugging-port=53761, --remote-allow-origins=*, --no-first-run, --user-data-dir=E:\Duy\Projects\practices\karate_framework\demo\target\chrome_1752371457410, --disable-popup-blocking], working dir: target\chrome_1752371457410
08:50:57.667 [main] DEBUG c.i.k.driver.chrome_1752371457410 - poll attempt #1 for port to be ready - localhost:53761
08:50:57.801 [chrome_1752371457410-out] DEBUG c.i.k.driver.chrome_1752371457410 - 
08:50:57.801 [chrome_1752371457410-out] DEBUG c.i.k.driver.chrome_1752371457410 - DevTools listening on ws://127.0.0.1:53761/devtools/browser/0da313bc-f40f-436f-b6b7-5f02647be7fc
08:50:57.922 [main] DEBUG c.i.k.driver.chrome_1752371457410 - poll attempt #2 for port to be ready - localhost:53761
08:50:57.965 [main] DEBUG com.intuit.karate - request:
1 > GET http://localhost:53761/json
1 > Host: localhost:53761
1 > Connection: Keep-Alive
1 > User-Agent: Apache-HttpClient/4.5.14 (Java/21.0.7)
1 > Accept-Encoding: gzip,deflate


08:50:58.167 [main] DEBUG com.intuit.karate - response time in milliseconds: 201
1 < 200
1 < Content-Security-Policy: frame-ancestors 'none'
1 < Content-Length: 986
1 < Content-Type: application/json; charset=UTF-8
[ {
   "description": "",
   "devtoolsFrontendUrl": "https://chrome-devtools-frontend.appspot.com/serve_rev/@a2159ad9ab8037bd34a21b9903003e0964c2075b/inspector.html?ws=localhost:53761/devtools/page/B9ABB2B403FE8642C3978AD4ECC6A026",
   "id": "B9ABB2B403FE8642C3978AD4ECC6A026",
   "title": "Google Hangouts",
   "type": "background_page",
   "url": "chrome-extension://nkeimhogjdpnpccoofpliimaahmaaome/background.html",
   "webSocketDebuggerUrl": "ws://localhost:53761/devtools/page/B9ABB2B403FE8642C3978AD4ECC6A026"
}, {
   "description": "",
   "devtoolsFrontendUrl": "https://chrome-devtools-frontend.appspot.com/serve_rev/@a2159ad9ab8037bd34a21b9903003e0964c2075b/inspector.html?ws=localhost:53761/devtools/page/7F42EFF351EC079682F7E2E0DD3156E1",
   "id": "7F42EFF351EC079682F7E2E0DD3156E1",
   "title": "New Tab",
   "type": "page",
   "url": "chrome://newtab/",
   "webSocketDebuggerUrl": "ws://localhost:53761/devtools/page/7F42EFF351EC079682F7E2E0DD3156E1"
} ]


08:50:58.171 [main] DEBUG com.intuit.karate.shell.Command - ready to accept http connections after 224 ms - http://localhost:53761/json
08:50:58.174 [main] DEBUG com.intuit.karate - request:
1 > GET http://localhost:53761/json
1 > Host: localhost:53761
1 > Connection: Keep-Alive
1 > User-Agent: Apache-HttpClient/4.5.14 (Java/21.0.7)
1 > Accept-Encoding: gzip,deflate


08:50:58.215 [main] DEBUG com.intuit.karate - response time in milliseconds: 41
1 < 200
1 < Content-Security-Policy: frame-ancestors 'none'
1 < Content-Length: 986
1 < Content-Type: application/json; charset=UTF-8
[ {
   "description": "",
   "devtoolsFrontendUrl": "https://chrome-devtools-frontend.appspot.com/serve_rev/@a2159ad9ab8037bd34a21b9903003e0964c2075b/inspector.html?ws=localhost:53761/devtools/page/B9ABB2B403FE8642C3978AD4ECC6A026",
   "id": "B9ABB2B403FE8642C3978AD4ECC6A026",
   "title": "Google Hangouts",
   "type": "background_page",
   "url": "chrome-extension://nkeimhogjdpnpccoofpliimaahmaaome/background.html",
   "webSocketDebuggerUrl": "ws://localhost:53761/devtools/page/B9ABB2B403FE8642C3978AD4ECC6A026"
}, {
   "description": "",
   "devtoolsFrontendUrl": "https://chrome-devtools-frontend.appspot.com/serve_rev/@a2159ad9ab8037bd34a21b9903003e0964c2075b/inspector.html?ws=localhost:53761/devtools/page/7F42EFF351EC079682F7E2E0DD3156E1",
   "id": "7F42EFF351EC079682F7E2E0DD3156E1",
   "title": "New Tab",
   "type": "page",
   "url": "chrome://newtab/",
   "webSocketDebuggerUrl": "ws://localhost:53761/devtools/page/7F42EFF351EC079682F7E2E0DD3156E1"
} ]


08:50:58.217 [main] DEBUG c.i.k.driver.chrome_1752371457410 - root frame id: 7F42EFF351EC079682F7E2E0DD3156E1
08:50:58.374 [nioEventLoopGroup-7-1] DEBUG c.i.k.http.WebSocketClientHandler - websocket client connected
08:50:58.375 [main] DEBUG c.i.k.driver.chrome_1752371457410 - >> {"id":1,"method":"Target.attachToTarget","params":{"targetId":"7F42EFF351EC079682F7E2E0DD3156E1","flatten":true}}
08:50:58.379 [nioEventLoopGroup-7-1] DEBUG c.i.k.driver.chrome_1752371457410 - << {"method":"Target.attachedToTarget","params":{"sessionId":"C9D86640D12D81C5AB4756251E7808EC","targetInfo":{"targetId":"7F42EFF351EC079682F7E2E0DD3156E1","type":"page","title":"New Tab","url":"chrome://newtab/","attached":true,"canAccessOpener":false,"browserContextId":"E148EA15A443E1CD7FBBA3660469A259"},"waitingForDebugger":false}}
08:50:58.380 [nioEventLoopGroup-7-1] DEBUG c.i.k.driver.chrome_1752371457410 - << {"id":1,"result":{"sessionId":"C9D86640D12D81C5AB4756251E7808EC"}}
08:50:58.381 [main] DEBUG c.i.k.driver.chrome_1752371457410 - >> {"id":2,"sessionId":"C9D86640D12D81C5AB4756251E7808EC","method":"Target.activateTarget","params":{"targetId":"7F42EFF351EC079682F7E2E0DD3156E1"}}
08:50:58.384 [nioEventLoopGroup-7-1] DEBUG c.i.k.driver.chrome_1752371457410 - << {"id":2,"result":{},"sessionId":"C9D86640D12D81C5AB4756251E7808EC"}
08:50:58.385 [main] DEBUG c.i.k.driver.chrome_1752371457410 - >> {"id":3,"sessionId":"C9D86640D12D81C5AB4756251E7808EC","method":"Target.setDiscoverTargets","params":{"discover":true}}
08:50:58.387 [nioEventLoopGroup-7-1] DEBUG c.i.k.driver.chrome_1752371457410 - << {"method":"Target.targetCreated","params":{"targetInfo":{"targetId":"7F42EFF351EC079682F7E2E0DD3156E1","type":"page","title":"New Tab","url":"chrome://newtab/","attached":true,"canAccessOpener":false,"browserContextId":"E148EA15A443E1CD7FBBA3660469A259"}},"sessionId":"C9D86640D12D81C5AB4756251E7808EC"}
08:50:58.388 [nioEventLoopGroup-7-1] DEBUG c.i.k.driver.chrome_1752371457410 - << {"method":"Target.targetCreated","params":{"targetInfo":{"targetId":"B9ABB2B403FE8642C3978AD4ECC6A026","type":"background_page","title":"Google Hangouts","url":"chrome-extension://nkeimhogjdpnpccoofpliimaahmaaome/background.html","attached":false,"canAccessOpener":false,"browserContextId":"E148EA15A443E1CD7FBBA3660469A259"}},"sessionId":"C9D86640D12D81C5AB4756251E7808EC"}
08:50:58.388 [nioEventLoopGroup-7-1] DEBUG c.i.k.driver.chrome_1752371457410 - << {"id":3,"result":{},"sessionId":"C9D86640D12D81C5AB4756251E7808EC"}
08:50:58.389 [main] DEBUG c.i.k.driver.chrome_1752371457410 - >> {"id":4,"sessionId":"C9D86640D12D81C5AB4756251E7808EC","method":"Page.enable"}
08:50:58.408 [nioEventLoopGroup-7-1] DEBUG c.i.k.driver.chrome_1752371457410 - << {"id":4,"result":{},"sessionId":"C9D86640D12D81C5AB4756251E7808EC"}
08:50:58.409 [main] DEBUG c.i.k.driver.chrome_1752371457410 - >> {"id":5,"sessionId":"C9D86640D12D81C5AB4756251E7808EC","method":"Runtime.enable"}
08:50:58.474 [nioEventLoopGroup-7-1] DEBUG c.i.k.driver.chrome_1752371457410 - << {"method":"Runtime.executionContextCreated","params":{"context":{"id":2,"origin":"chrome://new-tab-page","name":"","uniqueId":"-2626041401344613080.-618015849870392123","auxData":{"isDefault":true,"type":"default","frameId":"65433AFE63B57A2F69300DBF9C4025E6"}}},"sessionId":"C9D86640D12D81C5AB4756251E7808EC"}
08:50:58.475 [nioEventLoopGroup-7-1] DEBUG c.i.k.driver.chrome_1752371457410 - << {"method":"Runtime.executionContextCreated","params":{"context":{"id":1,"origin":"chrome://new-tab-page","name":"","uniqueId":"-2621642136145856220.5676700469970243173","auxData":{"isDefault":true,"type":"default","frameId":"7F42EFF351EC079682F7E2E0DD3156E1"}}},"sessionId":"C9D86640D12D81C5AB4756251E7808EC"}
08:50:58.476 [nioEventLoopGroup-7-1] DEBUG c.i.k.driver.chrome_1752371457410 - << {"id":5,"result":{},"sessionId":"C9D86640D12D81C5AB4756251E7808EC"}
08:50:58.479 [main] DEBUG c.i.k.driver.chrome_1752371457410 - >> {"id":6,"sessionId":"C9D86640D12D81C5AB4756251E7808EC","method":"Browser.getWindowForTarget","params":{"targetId":"7F42EFF351EC079682F7E2E0DD3156E1"}}
08:50:58.481 [nioEventLoopGroup-7-1] DEBUG c.i.k.driver.chrome_1752371457410 - << {"id":6,"result":{"windowId":766719538,"bounds":{"left":10,"top":10,"width":945,"height":1060,"windowState":"normal"}},"sessionId":"C9D86640D12D81C5AB4756251E7808EC"}
08:50:58.526 [nioEventLoopGroup-7-1] DEBUG c.i.k.driver.chrome_1752371457410 - << {"method":"Target.targetInfoChanged","params":{"targetInfo":{"targetId":"B9ABB2B403FE8642C3978AD4ECC6A026","type":"background_page","title":"Google Hangouts","url":"chrome-extension://nkeimhogjdpnpccoofpliimaahmaaome/background.html","attached":false,"canAccessOpener":false,"browserContextId":"E148EA15A443E1CD7FBBA3660469A259"}},"sessionId":"C9D86640D12D81C5AB4756251E7808EC"}
08:50:58.669 [nioEventLoopGroup-7-1] DEBUG c.i.k.driver.chrome_1752371457410 - << {"method":"Target.targetCreated","params":{"targetInfo":{"targetId":"226520DADCD27DC97B853BDCEC28D840","type":"service_worker","title":"Service Worker chrome-extension://fignfifoniblkonapihmkfakmlgkbkcf/service_worker.js","url":"chrome-extension://fignfifoniblkonapihmkfakmlgkbkcf/service_worker.js","attached":false,"canAccessOpener":false,"browserContextId":"E148EA15A443E1CD7FBBA3660469A259"}},"sessionId":"C9D86640D12D81C5AB4756251E7808EC"}
08:50:58.694 [main] DEBUG c.i.k.driver.chrome_1752371457410 - >> {"id":7,"sessionId":"C9D86640D12D81C5AB4756251E7808EC","method":"Page.navigate","params":{"url":"https:\/\/saucedemo.com\/"}}
08:50:58.709 [nioEventLoopGroup-7-1] DEBUG c.i.k.driver.chrome_1752371457410 - << {"method":"Page.frameStartedNavigating","params":{"frameId":"7F42EFF351EC079682F7E2E0DD3156E1","url":"https://saucedemo.com/","loaderId":"D4933FC850EEBDD27D3018D93612CFAC","navigationType":"differentDocument"},"sessionId":"C9D86640D12D81C5AB4756251E7808EC"}
08:50:58.709 [nioEventLoopGroup-7-1] DEBUG c.i.k.driver.chrome_1752371457410 - << {"method":"Page.frameStartedLoading","params":{"frameId":"7F42EFF351EC079682F7E2E0DD3156E1"},"sessionId":"C9D86640D12D81C5AB4756251E7808EC"}
08:50:58.813 [nioEventLoopGroup-7-1] DEBUG c.i.k.driver.chrome_1752371457410 - << {"method":"Page.domContentEventFired","params":{"timestamp":251510.335644},"sessionId":"C9D86640D12D81C5AB4756251E7808EC"}
08:50:58.830 [main] DEBUG c.i.k.driver.chrome_1752371457410 - >> {"id":8,"sessionId":"C9D86640D12D81C5AB4756251E7808EC","method":"Runtime.evaluate","params":{"expression":"var e = document.evaluate(\"\/\/*[@id='user-name']\", document, null, 9, null).singleNodeValue; e.focus(); try { e.selectionStart = e.selectionEnd = e.value.length } catch(x) {}","returnByValue":true}}
08:50:58.851 [nioEventLoopGroup-7-1] DEBUG c.i.k.driver.chrome_1752371457410 - << {"method":"Page.loadEventFired","params":{"timestamp":251510.390963},"sessionId":"C9D86640D12D81C5AB4756251E7808EC"}
08:50:58.852 [nioEventLoopGroup-7-1] DEBUG c.i.k.driver.chrome_1752371457410 - << {"method":"Page.frameStartedLoading","params":{"frameId":"7F42EFF351EC079682F7E2E0DD3156E1"},"sessionId":"C9D86640D12D81C5AB4756251E7808EC"}
08:50:58.878 [nioEventLoopGroup-7-1] DEBUG c.i.k.driver.chrome_1752371457410 - << {"method":"Page.frameAttached","params":{"frameId":"8D198ECD40C32C5784AA2DDFE27591E3","parentFrameId":"7F42EFF351EC079682F7E2E0DD3156E1","stack":{"callFrames":[{"functionName":"O","scriptId":"7","url":"chrome://resources/lit/v3_0/lit.rollup.js","lineNumber":15,"columnNumber":4320},{"functionName":"T","scriptId":"7","url":"chrome://resources/lit/v3_0/lit.rollup.js","lineNumber":15,"columnNumber":4394},{"functionName":"$","scriptId":"7","url":"chrome://resources/lit/v3_0/lit.rollup.js","lineNumber":15,"columnNumber":4743},{"functionName":"_$AI","scriptId":"7","url":"chrome://resources/lit/v3_0/lit.rollup.js","lineNumber":15,"columnNumber":4227},{"functionName":"B","scriptId":"7","url":"chrome://resources/lit/v3_0/lit.rollup.js","lineNumber":15,"columnNumber":7111},{"functionName":"update","scriptId":"7","url":"chrome://resources/lit/v3_0/lit.rollup.js","lineNumber":20,"columnNumber":369},{"functionName":"performUpdate","scriptId":"7","url":"chrome://resources/lit/v3_0/lit.rollup.js","lineNumber":10,"columnNumbe ...
08:50:58.881 [nioEventLoopGroup-7-1] DEBUG c.i.k.driver.chrome_1752371457410 - << {"method":"Page.frameRequestedNavigation","params":{"frameId":"8D198ECD40C32C5784AA2DDFE27591E3","reason":"initialFrameNavigation","url":"chrome-untrusted://new-tab-page/one-google-bar?paramsencoded=","disposition":"currentTab"},"sessionId":"C9D86640D12D81C5AB4756251E7808EC"}
08:50:58.888 [nioEventLoopGroup-7-1] DEBUG c.i.k.driver.chrome_1752371457410 - << {"method":"Page.frameStartedNavigating","params":{"frameId":"8D198ECD40C32C5784AA2DDFE27591E3","url":"chrome-untrusted://new-tab-page/one-google-bar?paramsencoded=","loaderId":"899CFA390A1047E9DDA8D6E3FF41F144","navigationType":"differentDocument"},"sessionId":"C9D86640D12D81C5AB4756251E7808EC"}
08:50:58.888 [nioEventLoopGroup-7-1] DEBUG c.i.k.driver.chrome_1752371457410 - << {"method":"Page.frameStartedLoading","params":{"frameId":"8D198ECD40C32C5784AA2DDFE27591E3"},"sessionId":"C9D86640D12D81C5AB4756251E7808EC"}
08:50:59.258 [nioEventLoopGroup-7-1] DEBUG c.i.k.driver.chrome_1752371457410 - << {"id":7,"result":{"frameId":"7F42EFF351EC079682F7E2E0DD3156E1","loaderId":"D4933FC850EEBDD27D3018D93612CFAC"},"sessionId":"C9D86640D12D81C5AB4756251E7808EC"}
08:50:59.262 [nioEventLoopGroup-7-1] DEBUG c.i.k.driver.chrome_1752371457410 - << {"method":"Runtime.executionContextsCleared","params":{},"sessionId":"C9D86640D12D81C5AB4756251E7808EC"}
08:50:59.264 [nioEventLoopGroup-7-1] DEBUG c.i.k.driver.chrome_1752371457410 - << {"method":"Runtime.executionContextsCleared","params":{},"sessionId":"C9D86640D12D81C5AB4756251E7808EC"}
08:50:59.265 [nioEventLoopGroup-7-1] DEBUG c.i.k.driver.chrome_1752371457410 - << {"method":"Page.frameNavigated","params":{"frame":{"id":"7F42EFF351EC079682F7E2E0DD3156E1","loaderId":"D4933FC850EEBDD27D3018D93612CFAC","url":"https://www.saucedemo.com/","domainAndRegistry":"saucedemo.com","securityOrigin":"https://www.saucedemo.com","securityOriginDetails":{"isLocalhost":false},"mimeType":"text/html","adFrameStatus":{"adFrameType":"none"},"secureContextType":"Secure","crossOriginIsolatedContextType":"NotIsolated","gatedAPIFeatures":[]},"type":"Navigation"},"sessionId":"C9D86640D12D81C5AB4756251E7808EC"}
08:50:59.273 [nioEventLoopGroup-7-1] DEBUG c.i.k.driver.chrome_1752371457410 - << {"method":"Page.frameStoppedLoading","params":{"frameId":"8D198ECD40C32C5784AA2DDFE27591E3"},"sessionId":"C9D86640D12D81C5AB4756251E7808EC"}
08:50:59.291 [nioEventLoopGroup-7-1] DEBUG c.i.k.driver.chrome_1752371457410 - << {"method":"Target.targetInfoChanged","params":{"targetInfo":{"targetId":"7F42EFF351EC079682F7E2E0DD3156E1","type":"page","title":"saucedemo.com","url":"https://www.saucedemo.com/","attached":true,"canAccessOpener":false,"browserContextId":"E148EA15A443E1CD7FBBA3660469A259"}},"sessionId":"C9D86640D12D81C5AB4756251E7808EC"}
08:50:59.300 [nioEventLoopGroup-7-1] DEBUG c.i.k.driver.chrome_1752371457410 - << {"method":"Runtime.executionContextCreated","params":{"context":{"id":1,"origin":"https://www.saucedemo.com","name":"","uniqueId":"-4885245208218325849.1886133801009930513","auxData":{"isDefault":true,"type":"default","frameId":"7F42EFF351EC079682F7E2E0DD3156E1"}}},"sessionId":"C9D86640D12D81C5AB4756251E7808EC"}
08:50:59.310 [nioEventLoopGroup-7-1] DEBUG c.i.k.driver.chrome_1752371457410 - << {"id":8,"result":{"result":{"type":"object","subtype":"error","className":"TypeError","description":"TypeError: Cannot read properties of null (reading 'focus')\n    at <anonymous>:1:95","objectId":"7475283567437177363.1.1"},"exceptionDetails":{"exceptionId":1,"text":"Uncaught","lineNumber":0,"columnNumber":94,"scriptId":"6","stackTrace":{"callFrames":[{"functionName":"","scriptId":"6","url":"","lineNumber":0,"columnNumber":94}]},"exception":{"type":"object","subtype":"error","className":"TypeError","description":"TypeError: Cannot read properties of null (reading 'focus')\n    at <anonymous>:1:95","objectId":"7475283567437177363.1.2"}}},"sessionId":"C9D86640D12D81C5AB4756251E7808EC"}
08:50:59.310 [nioEventLoopGroup-7-1] WARN  c.i.k.driver.chrome_1752371457410 - devtools error: [id: 8, sessionId: C9D86640D12D81C5AB4756251E7808EC, result: [type: MAP, value: {type=object, subtype=error, className=TypeError, description=TypeError: Cannot read properties of null (reading 'focus')
    at <anonymous>:1:95, objectId=7475283567437177363.1.1}]]
08:50:59.311 [main] WARN  c.i.k.driver.chrome_1752371457410 - js eval failed once:var e = document.evaluate("//*[@id='user-name']", document, null, 9, null).singleNodeValue; e.focus(); try { e.selectionStart = e.selectionEnd = e.value.length } catch(x) {}, error: [type: MAP, value: {type=object, subtype=error, className=TypeError, description=TypeError: Cannot read properties of null (reading 'focus')
    at <anonymous>:1:95, objectId=7475283567437177363.1.1}]
08:50:59.949 [nioEventLoopGroup-7-1] DEBUG c.i.k.driver.chrome_1752371457410 - << {"method":"Page.domContentEventFired","params":{"timestamp":251511.489211},"sessionId":"C9D86640D12D81C5AB4756251E7808EC"}
08:51:00.096 [nioEventLoopGroup-7-1] DEBUG c.i.k.driver.chrome_1752371457410 - << {"method":"Page.loadEventFired","params":{"timestamp":251511.634927},"sessionId":"C9D86640D12D81C5AB4756251E7808EC"}
08:51:00.098 [nioEventLoopGroup-7-1] DEBUG c.i.k.driver.chrome_1752371457410 - << {"method":"Page.frameStoppedLoading","params":{"frameId":"7F42EFF351EC079682F7E2E0DD3156E1"},"sessionId":"C9D86640D12D81C5AB4756251E7808EC"}
08:51:00.156 [nioEventLoopGroup-7-1] DEBUG c.i.k.driver.chrome_1752371457410 - << {"method":"Target.targetCreated","params":{"targetInfo":{"targetId":"CCB029F98B9DCF54350744D905C29FFC","type":"service_worker","title":"Service Worker https://www.saucedemo.com/service-worker.js","url":"https://www.saucedemo.com/service-worker.js","attached":false,"canAccessOpener":false,"browserContextId":"E148EA15A443E1CD7FBBA3660469A259"}},"sessionId":"C9D86640D12D81C5AB4756251E7808EC"}
08:51:00.747 [nioEventLoopGroup-7-1] DEBUG c.i.k.driver.chrome_1752371457410 - << {"method":"Runtime.consoleAPICalled","params":{"type":"log","args":[{"type":"string","value":"Content is cached for offline use."}],"executionContextId":1,"timestamp":1.752371460746398e+12,"stackTrace":{"callFrames":[{"functionName":"console.<computed>","scriptId":"7","url":"https://www.saucedemo.com/static/js/2.84a5cbf3.chunk.js","lineNumber":1,"columnNumber":123015},{"functionName":"a.onstatechange","scriptId":"8","url":"https://www.saucedemo.com/static/js/main.018d2d1e.chunk.js","lineNumber":0,"columnNumber":58496}]}},"sessionId":"C9D86640D12D81C5AB4756251E7808EC"}
08:51:00.748 [nioEventLoopGroup-7-1] DEBUG c.i.k.driver.chrome_1752371457410 - [console] Content is cached for offline use.
08:51:02.015 [chrome_1752371457410-out] DEBUG c.i.k.driver.chrome_1752371457410 - WARNING: All log messages before absl::InitializeLog() is called are written to STDERR
08:51:02.015 [chrome_1752371457410-out] DEBUG c.i.k.driver.chrome_1752371457410 - I0000 00:00:1752371462.015994   15116 voice_transcription.cc:58] Registering VoiceTranscriptionCapability
08:51:02.326 [main] DEBUG c.i.k.driver.chrome_1752371457410 - >> {"id":9,"sessionId":"C9D86640D12D81C5AB4756251E7808EC","method":"Runtime.evaluate","params":{"expression":"var e = document.evaluate(\"\/\/*[@id='user-name']\", document, null, 9, null).singleNodeValue; e.focus(); try { e.selectionStart = e.selectionEnd = e.value.length } catch(x) {}","returnByValue":true}}
08:51:02.330 [nioEventLoopGroup-7-1] DEBUG c.i.k.driver.chrome_1752371457410 - << {"id":9,"result":{"result":{"type":"number","value":0,"description":"0"}},"sessionId":"C9D86640D12D81C5AB4756251E7808EC"}
08:51:02.332 [main] DEBUG c.i.k.driver.chrome_1752371457410 - >> {"id":10,"sessionId":"C9D86640D12D81C5AB4756251E7808EC","method":"Input.dispatchKeyEvent","params":{"modifiers":0,"type":"rawKeyDown","text":"s","windowsVirtualKeyCode":115}}
08:51:02.338 [nioEventLoopGroup-7-1] DEBUG c.i.k.driver.chrome_1752371457410 - << {"id":10,"result":{},"sessionId":"C9D86640D12D81C5AB4756251E7808EC"}
08:51:02.339 [main] DEBUG c.i.k.driver.chrome_1752371457410 - >> {"id":11,"sessionId":"C9D86640D12D81C5AB4756251E7808EC","method":"Input.dispatchKeyEvent","params":{"modifiers":0,"type":"char","text":"s","windowsVirtualKeyCode":115}}
08:51:02.355 [nioEventLoopGroup-7-1] DEBUG c.i.k.driver.chrome_1752371457410 - << {"id":11,"result":{},"sessionId":"C9D86640D12D81C5AB4756251E7808EC"}
08:51:02.356 [main] DEBUG c.i.k.driver.chrome_1752371457410 - >> {"id":12,"sessionId":"C9D86640D12D81C5AB4756251E7808EC","method":"Input.dispatchKeyEvent","params":{"modifiers":0,"type":"keyUp","text":"s","windowsVirtualKeyCode":115}}
08:51:02.360 [nioEventLoopGroup-7-1] DEBUG c.i.k.driver.chrome_1752371457410 - << {"id":12,"result":{},"sessionId":"C9D86640D12D81C5AB4756251E7808EC"}
08:51:02.363 [main] DEBUG c.i.k.driver.chrome_1752371457410 - >> {"id":13,"sessionId":"C9D86640D12D81C5AB4756251E7808EC","method":"Input.dispatchKeyEvent","params":{"modifiers":0,"type":"rawKeyDown","text":"t","windowsVirtualKeyCode":116}}
08:51:02.366 [nioEventLoopGroup-7-1] DEBUG c.i.k.driver.chrome_1752371457410 - << {"id":13,"result":{},"sessionId":"C9D86640D12D81C5AB4756251E7808EC"}
08:51:02.368 [main] DEBUG c.i.k.driver.chrome_1752371457410 - >> {"id":14,"sessionId":"C9D86640D12D81C5AB4756251E7808EC","method":"Input.dispatchKeyEvent","params":{"modifiers":0,"type":"char","text":"t","windowsVirtualKeyCode":116}}
08:51:02.374 [nioEventLoopGroup-7-1] DEBUG c.i.k.driver.chrome_1752371457410 - << {"id":14,"result":{},"sessionId":"C9D86640D12D81C5AB4756251E7808EC"}
08:51:02.379 [main] DEBUG c.i.k.driver.chrome_1752371457410 - >> {"id":15,"sessionId":"C9D86640D12D81C5AB4756251E7808EC","method":"Input.dispatchKeyEvent","params":{"modifiers":0,"type":"keyUp","text":"t","windowsVirtualKeyCode":116}}
08:51:02.382 [nioEventLoopGroup-7-1] DEBUG c.i.k.driver.chrome_1752371457410 - << {"id":15,"result":{},"sessionId":"C9D86640D12D81C5AB4756251E7808EC"}
08:51:02.383 [main] DEBUG c.i.k.driver.chrome_1752371457410 - >> {"id":16,"sessionId":"C9D86640D12D81C5AB4756251E7808EC","method":"Input.dispatchKeyEvent","params":{"modifiers":0,"type":"rawKeyDown","text":"a","windowsVirtualKeyCode":97}}
08:51:02.388 [nioEventLoopGroup-7-1] DEBUG c.i.k.driver.chrome_1752371457410 - << {"id":16,"result":{},"sessionId":"C9D86640D12D81C5AB4756251E7808EC"}
08:51:02.389 [main] DEBUG c.i.k.driver.chrome_1752371457410 - >> {"id":17,"sessionId":"C9D86640D12D81C5AB4756251E7808EC","method":"Input.dispatchKeyEvent","params":{"modifiers":0,"type":"char","text":"a","windowsVirtualKeyCode":97}}
08:51:02.395 [nioEventLoopGroup-7-1] DEBUG c.i.k.driver.chrome_1752371457410 - << {"id":17,"result":{},"sessionId":"C9D86640D12D81C5AB4756251E7808EC"}
08:51:02.397 [main] DEBUG c.i.k.driver.chrome_1752371457410 - >> {"id":18,"sessionId":"C9D86640D12D81C5AB4756251E7808EC","method":"Input.dispatchKeyEvent","params":{"modifiers":0,"type":"keyUp","text":"a","windowsVirtualKeyCode":97}}
08:51:02.400 [nioEventLoopGroup-7-1] DEBUG c.i.k.driver.chrome_1752371457410 - << {"id":18,"result":{},"sessionId":"C9D86640D12D81C5AB4756251E7808EC"}
08:51:02.402 [main] DEBUG c.i.k.driver.chrome_1752371457410 - >> {"id":19,"sessionId":"C9D86640D12D81C5AB4756251E7808EC","method":"Input.dispatchKeyEvent","params":{"modifiers":0,"type":"rawKeyDown","text":"n","windowsVirtualKeyCode":110}}
08:51:02.412 [nioEventLoopGroup-7-1] DEBUG c.i.k.driver.chrome_1752371457410 - << {"id":19,"result":{},"sessionId":"C9D86640D12D81C5AB4756251E7808EC"}
08:51:02.413 [main] DEBUG c.i.k.driver.chrome_1752371457410 - >> {"id":20,"sessionId":"C9D86640D12D81C5AB4756251E7808EC","method":"Input.dispatchKeyEvent","params":{"modifiers":0,"type":"char","text":"n","windowsVirtualKeyCode":110}}
08:51:02.421 [nioEventLoopGroup-7-1] DEBUG c.i.k.driver.chrome_1752371457410 - << {"id":20,"result":{},"sessionId":"C9D86640D12D81C5AB4756251E7808EC"}
08:51:02.421 [main] DEBUG c.i.k.driver.chrome_1752371457410 - >> {"id":21,"sessionId":"C9D86640D12D81C5AB4756251E7808EC","method":"Input.dispatchKeyEvent","params":{"modifiers":0,"type":"keyUp","text":"n","windowsVirtualKeyCode":110}}
08:51:02.424 [nioEventLoopGroup-7-1] DEBUG c.i.k.driver.chrome_1752371457410 - << {"id":21,"result":{},"sessionId":"C9D86640D12D81C5AB4756251E7808EC"}
08:51:02.424 [main] DEBUG c.i.k.driver.chrome_1752371457410 - >> {"id":22,"sessionId":"C9D86640D12D81C5AB4756251E7808EC","method":"Input.dispatchKeyEvent","params":{"modifiers":0,"type":"rawKeyDown","text":"d","windowsVirtualKeyCode":100}}
08:51:02.427 [nioEventLoopGroup-7-1] DEBUG c.i.k.driver.chrome_1752371457410 - << {"id":22,"result":{},"sessionId":"C9D86640D12D81C5AB4756251E7808EC"}
08:51:02.427 [main] DEBUG c.i.k.driver.chrome_1752371457410 - >> {"id":23,"sessionId":"C9D86640D12D81C5AB4756251E7808EC","method":"Input.dispatchKeyEvent","params":{"modifiers":0,"type":"char","text":"d","windowsVirtualKeyCode":100}}
08:51:02.432 [nioEventLoopGroup-7-1] DEBUG c.i.k.driver.chrome_1752371457410 - << {"id":23,"result":{},"sessionId":"C9D86640D12D81C5AB4756251E7808EC"}
08:51:02.433 [main] DEBUG c.i.k.driver.chrome_1752371457410 - >> {"id":24,"sessionId":"C9D86640D12D81C5AB4756251E7808EC","method":"Input.dispatchKeyEvent","params":{"modifiers":0,"type":"keyUp","text":"d","windowsVirtualKeyCode":100}}
08:51:02.436 [nioEventLoopGroup-7-1] DEBUG c.i.k.driver.chrome_1752371457410 - << {"id":24,"result":{},"sessionId":"C9D86640D12D81C5AB4756251E7808EC"}
08:51:02.436 [main] DEBUG c.i.k.driver.chrome_1752371457410 - >> {"id":25,"sessionId":"C9D86640D12D81C5AB4756251E7808EC","method":"Input.dispatchKeyEvent","params":{"modifiers":0,"type":"rawKeyDown","text":"a","windowsVirtualKeyCode":97}}
08:51:02.439 [nioEventLoopGroup-7-1] DEBUG c.i.k.driver.chrome_1752371457410 - << {"id":25,"result":{},"sessionId":"C9D86640D12D81C5AB4756251E7808EC"}
08:51:02.440 [main] DEBUG c.i.k.driver.chrome_1752371457410 - >> {"id":26,"sessionId":"C9D86640D12D81C5AB4756251E7808EC","method":"Input.dispatchKeyEvent","params":{"modifiers":0,"type":"char","text":"a","windowsVirtualKeyCode":97}}
08:51:02.446 [nioEventLoopGroup-7-1] DEBUG c.i.k.driver.chrome_1752371457410 - << {"id":26,"result":{},"sessionId":"C9D86640D12D81C5AB4756251E7808EC"}
08:51:02.446 [main] DEBUG c.i.k.driver.chrome_1752371457410 - >> {"id":27,"sessionId":"C9D86640D12D81C5AB4756251E7808EC","method":"Input.dispatchKeyEvent","params":{"modifiers":0,"type":"keyUp","text":"a","windowsVirtualKeyCode":97}}
08:51:02.449 [nioEventLoopGroup-7-1] DEBUG c.i.k.driver.chrome_1752371457410 - << {"id":27,"result":{},"sessionId":"C9D86640D12D81C5AB4756251E7808EC"}
08:51:02.449 [main] DEBUG c.i.k.driver.chrome_1752371457410 - >> {"id":28,"sessionId":"C9D86640D12D81C5AB4756251E7808EC","method":"Input.dispatchKeyEvent","params":{"modifiers":0,"type":"rawKeyDown","text":"r","windowsVirtualKeyCode":114}}
08:51:02.451 [nioEventLoopGroup-7-1] DEBUG c.i.k.driver.chrome_1752371457410 - << {"id":28,"result":{},"sessionId":"C9D86640D12D81C5AB4756251E7808EC"}
08:51:02.452 [main] DEBUG c.i.k.driver.chrome_1752371457410 - >> {"id":29,"sessionId":"C9D86640D12D81C5AB4756251E7808EC","method":"Input.dispatchKeyEvent","params":{"modifiers":0,"type":"char","text":"r","windowsVirtualKeyCode":114}}
08:51:02.457 [nioEventLoopGroup-7-1] DEBUG c.i.k.driver.chrome_1752371457410 - << {"id":29,"result":{},"sessionId":"C9D86640D12D81C5AB4756251E7808EC"}
08:51:02.458 [main] DEBUG c.i.k.driver.chrome_1752371457410 - >> {"id":30,"sessionId":"C9D86640D12D81C5AB4756251E7808EC","method":"Input.dispatchKeyEvent","params":{"modifiers":0,"type":"keyUp","text":"r","windowsVirtualKeyCode":114}}
08:51:02.460 [nioEventLoopGroup-7-1] DEBUG c.i.k.driver.chrome_1752371457410 - << {"id":30,"result":{},"sessionId":"C9D86640D12D81C5AB4756251E7808EC"}
08:51:02.461 [main] DEBUG c.i.k.driver.chrome_1752371457410 - >> {"id":31,"sessionId":"C9D86640D12D81C5AB4756251E7808EC","method":"Input.dispatchKeyEvent","params":{"modifiers":0,"type":"rawKeyDown","text":"d","windowsVirtualKeyCode":100}}
08:51:02.462 [nioEventLoopGroup-7-1] DEBUG c.i.k.driver.chrome_1752371457410 - << {"id":31,"result":{},"sessionId":"C9D86640D12D81C5AB4756251E7808EC"}
08:51:02.463 [main] DEBUG c.i.k.driver.chrome_1752371457410 - >> {"id":32,"sessionId":"C9D86640D12D81C5AB4756251E7808EC","method":"Input.dispatchKeyEvent","params":{"modifiers":0,"type":"char","text":"d","windowsVirtualKeyCode":100}}
08:51:02.468 [nioEventLoopGroup-7-1] DEBUG c.i.k.driver.chrome_1752371457410 - << {"id":32,"result":{},"sessionId":"C9D86640D12D81C5AB4756251E7808EC"}
08:51:02.469 [main] DEBUG c.i.k.driver.chrome_1752371457410 - >> {"id":33,"sessionId":"C9D86640D12D81C5AB4756251E7808EC","method":"Input.dispatchKeyEvent","params":{"modifiers":0,"type":"keyUp","text":"d","windowsVirtualKeyCode":100}}
08:51:02.474 [nioEventLoopGroup-7-1] DEBUG c.i.k.driver.chrome_1752371457410 - << {"id":33,"result":{},"sessionId":"C9D86640D12D81C5AB4756251E7808EC"}
08:51:02.475 [main] DEBUG c.i.k.driver.chrome_1752371457410 - >> {"id":34,"sessionId":"C9D86640D12D81C5AB4756251E7808EC","method":"Input.dispatchKeyEvent","params":{"modifiers":0,"type":"rawKeyDown","text":"_","windowsVirtualKeyCode":523}}
08:51:02.476 [nioEventLoopGroup-7-1] DEBUG c.i.k.driver.chrome_1752371457410 - << {"id":34,"result":{},"sessionId":"C9D86640D12D81C5AB4756251E7808EC"}
08:51:02.477 [main] DEBUG c.i.k.driver.chrome_1752371457410 - >> {"id":35,"sessionId":"C9D86640D12D81C5AB4756251E7808EC","method":"Input.dispatchKeyEvent","params":{"modifiers":0,"type":"char","text":"_","windowsVirtualKeyCode":523}}
08:51:02.481 [nioEventLoopGroup-7-1] DEBUG c.i.k.driver.chrome_1752371457410 - << {"id":35,"result":{},"sessionId":"C9D86640D12D81C5AB4756251E7808EC"}
08:51:02.482 [main] DEBUG c.i.k.driver.chrome_1752371457410 - >> {"id":36,"sessionId":"C9D86640D12D81C5AB4756251E7808EC","method":"Input.dispatchKeyEvent","params":{"modifiers":0,"type":"keyUp","text":"_","windowsVirtualKeyCode":523}}
08:51:02.484 [nioEventLoopGroup-7-1] DEBUG c.i.k.driver.chrome_1752371457410 - << {"id":36,"result":{},"sessionId":"C9D86640D12D81C5AB4756251E7808EC"}
08:51:02.484 [main] DEBUG c.i.k.driver.chrome_1752371457410 - >> {"id":37,"sessionId":"C9D86640D12D81C5AB4756251E7808EC","method":"Input.dispatchKeyEvent","params":{"modifiers":0,"type":"rawKeyDown","text":"u","windowsVirtualKeyCode":117}}
08:51:02.487 [nioEventLoopGroup-7-1] DEBUG c.i.k.driver.chrome_1752371457410 - << {"id":37,"result":{},"sessionId":"C9D86640D12D81C5AB4756251E7808EC"}
08:51:02.488 [main] DEBUG c.i.k.driver.chrome_1752371457410 - >> {"id":38,"sessionId":"C9D86640D12D81C5AB4756251E7808EC","method":"Input.dispatchKeyEvent","params":{"modifiers":0,"type":"char","text":"u","windowsVirtualKeyCode":117}}
08:51:02.493 [nioEventLoopGroup-7-1] DEBUG c.i.k.driver.chrome_1752371457410 - << {"id":38,"result":{},"sessionId":"C9D86640D12D81C5AB4756251E7808EC"}
08:51:02.494 [main] DEBUG c.i.k.driver.chrome_1752371457410 - >> {"id":39,"sessionId":"C9D86640D12D81C5AB4756251E7808EC","method":"Input.dispatchKeyEvent","params":{"modifiers":0,"type":"keyUp","text":"u","windowsVirtualKeyCode":117}}
08:51:02.496 [nioEventLoopGroup-7-1] DEBUG c.i.k.driver.chrome_1752371457410 - << {"id":39,"result":{},"sessionId":"C9D86640D12D81C5AB4756251E7808EC"}
08:51:02.496 [main] DEBUG c.i.k.driver.chrome_1752371457410 - >> {"id":40,"sessionId":"C9D86640D12D81C5AB4756251E7808EC","method":"Input.dispatchKeyEvent","params":{"modifiers":0,"type":"rawKeyDown","text":"s","windowsVirtualKeyCode":115}}
08:51:02.498 [nioEventLoopGroup-7-1] DEBUG c.i.k.driver.chrome_1752371457410 - << {"id":40,"result":{},"sessionId":"C9D86640D12D81C5AB4756251E7808EC"}
08:51:02.498 [main] DEBUG c.i.k.driver.chrome_1752371457410 - >> {"id":41,"sessionId":"C9D86640D12D81C5AB4756251E7808EC","method":"Input.dispatchKeyEvent","params":{"modifiers":0,"type":"char","text":"s","windowsVirtualKeyCode":115}}
08:51:02.502 [nioEventLoopGroup-7-1] DEBUG c.i.k.driver.chrome_1752371457410 - << {"id":41,"result":{},"sessionId":"C9D86640D12D81C5AB4756251E7808EC"}
08:51:02.503 [main] DEBUG c.i.k.driver.chrome_1752371457410 - >> {"id":42,"sessionId":"C9D86640D12D81C5AB4756251E7808EC","method":"Input.dispatchKeyEvent","params":{"modifiers":0,"type":"keyUp","text":"s","windowsVirtualKeyCode":115}}
08:51:02.505 [nioEventLoopGroup-7-1] DEBUG c.i.k.driver.chrome_1752371457410 - << {"id":42,"result":{},"sessionId":"C9D86640D12D81C5AB4756251E7808EC"}
08:51:02.506 [main] DEBUG c.i.k.driver.chrome_1752371457410 - >> {"id":43,"sessionId":"C9D86640D12D81C5AB4756251E7808EC","method":"Input.dispatchKeyEvent","params":{"modifiers":0,"type":"rawKeyDown","text":"e","windowsVirtualKeyCode":101}}
08:51:02.508 [nioEventLoopGroup-7-1] DEBUG c.i.k.driver.chrome_1752371457410 - << {"id":43,"result":{},"sessionId":"C9D86640D12D81C5AB4756251E7808EC"}
08:51:02.508 [main] DEBUG c.i.k.driver.chrome_1752371457410 - >> {"id":44,"sessionId":"C9D86640D12D81C5AB4756251E7808EC","method":"Input.dispatchKeyEvent","params":{"modifiers":0,"type":"char","text":"e","windowsVirtualKeyCode":101}}
08:51:02.513 [nioEventLoopGroup-7-1] DEBUG c.i.k.driver.chrome_1752371457410 - << {"id":44,"result":{},"sessionId":"C9D86640D12D81C5AB4756251E7808EC"}
08:51:02.513 [main] DEBUG c.i.k.driver.chrome_1752371457410 - >> {"id":45,"sessionId":"C9D86640D12D81C5AB4756251E7808EC","method":"Input.dispatchKeyEvent","params":{"modifiers":0,"type":"keyUp","text":"e","windowsVirtualKeyCode":101}}
08:51:02.515 [nioEventLoopGroup-7-1] DEBUG c.i.k.driver.chrome_1752371457410 - << {"id":45,"result":{},"sessionId":"C9D86640D12D81C5AB4756251E7808EC"}
08:51:02.516 [main] DEBUG c.i.k.driver.chrome_1752371457410 - >> {"id":46,"sessionId":"C9D86640D12D81C5AB4756251E7808EC","method":"Input.dispatchKeyEvent","params":{"modifiers":0,"type":"rawKeyDown","text":"r","windowsVirtualKeyCode":114}}
08:51:02.518 [nioEventLoopGroup-7-1] DEBUG c.i.k.driver.chrome_1752371457410 - << {"id":46,"result":{},"sessionId":"C9D86640D12D81C5AB4756251E7808EC"}
08:51:02.519 [main] DEBUG c.i.k.driver.chrome_1752371457410 - >> {"id":47,"sessionId":"C9D86640D12D81C5AB4756251E7808EC","method":"Input.dispatchKeyEvent","params":{"modifiers":0,"type":"char","text":"r","windowsVirtualKeyCode":114}}
08:51:02.525 [nioEventLoopGroup-7-1] DEBUG c.i.k.driver.chrome_1752371457410 - << {"id":47,"result":{},"sessionId":"C9D86640D12D81C5AB4756251E7808EC"}
08:51:02.526 [main] DEBUG c.i.k.driver.chrome_1752371457410 - >> {"id":48,"sessionId":"C9D86640D12D81C5AB4756251E7808EC","method":"Input.dispatchKeyEvent","params":{"modifiers":0,"type":"keyUp","text":"r","windowsVirtualKeyCode":114}}
08:51:02.528 [nioEventLoopGroup-7-1] DEBUG c.i.k.driver.chrome_1752371457410 - << {"id":48,"result":{},"sessionId":"C9D86640D12D81C5AB4756251E7808EC"}
08:51:02.531 [main] DEBUG c.i.k.driver.chrome_1752371457410 - >> {"id":49,"sessionId":"C9D86640D12D81C5AB4756251E7808EC","method":"Runtime.evaluate","params":{"expression":"var e = document.evaluate(\"\/\/*[@id='password']\", document, null, 9, null).singleNodeValue; e.focus(); try { e.selectionStart = e.selectionEnd = e.value.length } catch(x) {}","returnByValue":true}}
08:51:02.535 [nioEventLoopGroup-7-1] DEBUG c.i.k.driver.chrome_1752371457410 - << {"id":49,"result":{"result":{"type":"number","value":0,"description":"0"}},"sessionId":"C9D86640D12D81C5AB4756251E7808EC"}
08:51:02.536 [main] DEBUG c.i.k.driver.chrome_1752371457410 - >> {"id":50,"sessionId":"C9D86640D12D81C5AB4756251E7808EC","method":"Input.dispatchKeyEvent","params":{"modifiers":0,"type":"rawKeyDown","text":"s","windowsVirtualKeyCode":115}}
08:51:02.539 [nioEventLoopGroup-7-1] DEBUG c.i.k.driver.chrome_1752371457410 - << {"id":50,"result":{},"sessionId":"C9D86640D12D81C5AB4756251E7808EC"}
08:51:02.539 [main] DEBUG c.i.k.driver.chrome_1752371457410 - >> {"id":51,"sessionId":"C9D86640D12D81C5AB4756251E7808EC","method":"Input.dispatchKeyEvent","params":{"modifiers":0,"type":"char","text":"s","windowsVirtualKeyCode":115}}
08:51:02.544 [nioEventLoopGroup-7-1] DEBUG c.i.k.driver.chrome_1752371457410 - << {"id":51,"result":{},"sessionId":"C9D86640D12D81C5AB4756251E7808EC"}
08:51:02.545 [main] DEBUG c.i.k.driver.chrome_1752371457410 - >> {"id":52,"sessionId":"C9D86640D12D81C5AB4756251E7808EC","method":"Input.dispatchKeyEvent","params":{"modifiers":0,"type":"keyUp","text":"s","windowsVirtualKeyCode":115}}
08:51:02.550 [nioEventLoopGroup-7-1] DEBUG c.i.k.driver.chrome_1752371457410 - << {"id":52,"result":{},"sessionId":"C9D86640D12D81C5AB4756251E7808EC"}
08:51:02.551 [main] DEBUG c.i.k.driver.chrome_1752371457410 - >> {"id":53,"sessionId":"C9D86640D12D81C5AB4756251E7808EC","method":"Input.dispatchKeyEvent","params":{"modifiers":0,"type":"rawKeyDown","text":"e","windowsVirtualKeyCode":101}}
08:51:02.569 [nioEventLoopGroup-7-1] DEBUG c.i.k.driver.chrome_1752371457410 - << {"id":53,"result":{},"sessionId":"C9D86640D12D81C5AB4756251E7808EC"}
08:51:02.570 [main] DEBUG c.i.k.driver.chrome_1752371457410 - >> {"id":54,"sessionId":"C9D86640D12D81C5AB4756251E7808EC","method":"Input.dispatchKeyEvent","params":{"modifiers":0,"type":"char","text":"e","windowsVirtualKeyCode":101}}
08:51:02.576 [nioEventLoopGroup-7-1] DEBUG c.i.k.driver.chrome_1752371457410 - << {"id":54,"result":{},"sessionId":"C9D86640D12D81C5AB4756251E7808EC"}
08:51:02.577 [main] DEBUG c.i.k.driver.chrome_1752371457410 - >> {"id":55,"sessionId":"C9D86640D12D81C5AB4756251E7808EC","method":"Input.dispatchKeyEvent","params":{"modifiers":0,"type":"keyUp","text":"e","windowsVirtualKeyCode":101}}
08:51:02.580 [nioEventLoopGroup-7-1] DEBUG c.i.k.driver.chrome_1752371457410 - << {"id":55,"result":{},"sessionId":"C9D86640D12D81C5AB4756251E7808EC"}
08:51:02.580 [main] DEBUG c.i.k.driver.chrome_1752371457410 - >> {"id":56,"sessionId":"C9D86640D12D81C5AB4756251E7808EC","method":"Input.dispatchKeyEvent","params":{"modifiers":0,"type":"rawKeyDown","text":"c","windowsVirtualKeyCode":99}}
08:51:02.583 [nioEventLoopGroup-7-1] DEBUG c.i.k.driver.chrome_1752371457410 - << {"id":56,"result":{},"sessionId":"C9D86640D12D81C5AB4756251E7808EC"}
08:51:02.583 [main] DEBUG c.i.k.driver.chrome_1752371457410 - >> {"id":57,"sessionId":"C9D86640D12D81C5AB4756251E7808EC","method":"Input.dispatchKeyEvent","params":{"modifiers":0,"type":"char","text":"c","windowsVirtualKeyCode":99}}
08:51:02.591 [nioEventLoopGroup-7-1] DEBUG c.i.k.driver.chrome_1752371457410 - << {"id":57,"result":{},"sessionId":"C9D86640D12D81C5AB4756251E7808EC"}
08:51:02.591 [main] DEBUG c.i.k.driver.chrome_1752371457410 - >> {"id":58,"sessionId":"C9D86640D12D81C5AB4756251E7808EC","method":"Input.dispatchKeyEvent","params":{"modifiers":0,"type":"keyUp","text":"c","windowsVirtualKeyCode":99}}
08:51:02.594 [nioEventLoopGroup-7-1] DEBUG c.i.k.driver.chrome_1752371457410 - << {"id":58,"result":{},"sessionId":"C9D86640D12D81C5AB4756251E7808EC"}
08:51:02.594 [main] DEBUG c.i.k.driver.chrome_1752371457410 - >> {"id":59,"sessionId":"C9D86640D12D81C5AB4756251E7808EC","method":"Input.dispatchKeyEvent","params":{"modifiers":0,"type":"rawKeyDown","text":"r","windowsVirtualKeyCode":114}}
08:51:02.597 [nioEventLoopGroup-7-1] DEBUG c.i.k.driver.chrome_1752371457410 - << {"id":59,"result":{},"sessionId":"C9D86640D12D81C5AB4756251E7808EC"}
08:51:02.598 [main] DEBUG c.i.k.driver.chrome_1752371457410 - >> {"id":60,"sessionId":"C9D86640D12D81C5AB4756251E7808EC","method":"Input.dispatchKeyEvent","params":{"modifiers":0,"type":"char","text":"r","windowsVirtualKeyCode":114}}
08:51:02.609 [nioEventLoopGroup-7-1] DEBUG c.i.k.driver.chrome_1752371457410 - << {"id":60,"result":{},"sessionId":"C9D86640D12D81C5AB4756251E7808EC"}
08:51:02.610 [main] DEBUG c.i.k.driver.chrome_1752371457410 - >> {"id":61,"sessionId":"C9D86640D12D81C5AB4756251E7808EC","method":"Input.dispatchKeyEvent","params":{"modifiers":0,"type":"keyUp","text":"r","windowsVirtualKeyCode":114}}
08:51:02.613 [nioEventLoopGroup-7-1] DEBUG c.i.k.driver.chrome_1752371457410 - << {"id":61,"result":{},"sessionId":"C9D86640D12D81C5AB4756251E7808EC"}
08:51:02.615 [main] DEBUG c.i.k.driver.chrome_1752371457410 - >> {"id":62,"sessionId":"C9D86640D12D81C5AB4756251E7808EC","method":"Input.dispatchKeyEvent","params":{"modifiers":0,"type":"rawKeyDown","text":"e","windowsVirtualKeyCode":101}}
08:51:02.619 [nioEventLoopGroup-7-1] DEBUG c.i.k.driver.chrome_1752371457410 - << {"id":62,"result":{},"sessionId":"C9D86640D12D81C5AB4756251E7808EC"}
08:51:02.622 [main] DEBUG c.i.k.driver.chrome_1752371457410 - >> {"id":63,"sessionId":"C9D86640D12D81C5AB4756251E7808EC","method":"Input.dispatchKeyEvent","params":{"modifiers":0,"type":"char","text":"e","windowsVirtualKeyCode":101}}
08:51:02.636 [nioEventLoopGroup-7-1] DEBUG c.i.k.driver.chrome_1752371457410 - << {"id":63,"result":{},"sessionId":"C9D86640D12D81C5AB4756251E7808EC"}
08:51:02.641 [main] DEBUG c.i.k.driver.chrome_1752371457410 - >> {"id":64,"sessionId":"C9D86640D12D81C5AB4756251E7808EC","method":"Input.dispatchKeyEvent","params":{"modifiers":0,"type":"keyUp","text":"e","windowsVirtualKeyCode":101}}
08:51:02.646 [nioEventLoopGroup-7-1] DEBUG c.i.k.driver.chrome_1752371457410 - << {"id":64,"result":{},"sessionId":"C9D86640D12D81C5AB4756251E7808EC"}
08:51:02.648 [main] DEBUG c.i.k.driver.chrome_1752371457410 - >> {"id":65,"sessionId":"C9D86640D12D81C5AB4756251E7808EC","method":"Input.dispatchKeyEvent","params":{"modifiers":0,"type":"rawKeyDown","text":"t","windowsVirtualKeyCode":116}}
08:51:02.649 [nioEventLoopGroup-7-1] DEBUG c.i.k.driver.chrome_1752371457410 - << {"id":65,"result":{},"sessionId":"C9D86640D12D81C5AB4756251E7808EC"}
08:51:02.650 [main] DEBUG c.i.k.driver.chrome_1752371457410 - >> {"id":66,"sessionId":"C9D86640D12D81C5AB4756251E7808EC","method":"Input.dispatchKeyEvent","params":{"modifiers":0,"type":"char","text":"t","windowsVirtualKeyCode":116}}
08:51:02.656 [nioEventLoopGroup-7-1] DEBUG c.i.k.driver.chrome_1752371457410 - << {"id":66,"result":{},"sessionId":"C9D86640D12D81C5AB4756251E7808EC"}
08:51:02.657 [main] DEBUG c.i.k.driver.chrome_1752371457410 - >> {"id":67,"sessionId":"C9D86640D12D81C5AB4756251E7808EC","method":"Input.dispatchKeyEvent","params":{"modifiers":0,"type":"keyUp","text":"t","windowsVirtualKeyCode":116}}
08:51:02.665 [nioEventLoopGroup-7-1] DEBUG c.i.k.driver.chrome_1752371457410 - << {"id":67,"result":{},"sessionId":"C9D86640D12D81C5AB4756251E7808EC"}
08:51:02.666 [main] DEBUG c.i.k.driver.chrome_1752371457410 - >> {"id":68,"sessionId":"C9D86640D12D81C5AB4756251E7808EC","method":"Input.dispatchKeyEvent","params":{"modifiers":0,"type":"rawKeyDown","text":"_","windowsVirtualKeyCode":523}}
08:51:02.668 [nioEventLoopGroup-7-1] DEBUG c.i.k.driver.chrome_1752371457410 - << {"id":68,"result":{},"sessionId":"C9D86640D12D81C5AB4756251E7808EC"}
08:51:02.669 [main] DEBUG c.i.k.driver.chrome_1752371457410 - >> {"id":69,"sessionId":"C9D86640D12D81C5AB4756251E7808EC","method":"Input.dispatchKeyEvent","params":{"modifiers":0,"type":"char","text":"_","windowsVirtualKeyCode":523}}
08:51:02.676 [nioEventLoopGroup-7-1] DEBUG c.i.k.driver.chrome_1752371457410 - << {"id":69,"result":{},"sessionId":"C9D86640D12D81C5AB4756251E7808EC"}
08:51:02.677 [main] DEBUG c.i.k.driver.chrome_1752371457410 - >> {"id":70,"sessionId":"C9D86640D12D81C5AB4756251E7808EC","method":"Input.dispatchKeyEvent","params":{"modifiers":0,"type":"keyUp","text":"_","windowsVirtualKeyCode":523}}
08:51:02.685 [nioEventLoopGroup-7-1] DEBUG c.i.k.driver.chrome_1752371457410 - << {"id":70,"result":{},"sessionId":"C9D86640D12D81C5AB4756251E7808EC"}
08:51:02.686 [main] DEBUG c.i.k.driver.chrome_1752371457410 - >> {"id":71,"sessionId":"C9D86640D12D81C5AB4756251E7808EC","method":"Input.dispatchKeyEvent","params":{"modifiers":0,"type":"rawKeyDown","text":"s","windowsVirtualKeyCode":115}}
08:51:02.689 [nioEventLoopGroup-7-1] DEBUG c.i.k.driver.chrome_1752371457410 - << {"id":71,"result":{},"sessionId":"C9D86640D12D81C5AB4756251E7808EC"}
08:51:02.690 [main] DEBUG c.i.k.driver.chrome_1752371457410 - >> {"id":72,"sessionId":"C9D86640D12D81C5AB4756251E7808EC","method":"Input.dispatchKeyEvent","params":{"modifiers":0,"type":"char","text":"s","windowsVirtualKeyCode":115}}
08:51:02.696 [nioEventLoopGroup-7-1] DEBUG c.i.k.driver.chrome_1752371457410 - << {"id":72,"result":{},"sessionId":"C9D86640D12D81C5AB4756251E7808EC"}
08:51:02.699 [main] DEBUG c.i.k.driver.chrome_1752371457410 - >> {"id":73,"sessionId":"C9D86640D12D81C5AB4756251E7808EC","method":"Input.dispatchKeyEvent","params":{"modifiers":0,"type":"keyUp","text":"s","windowsVirtualKeyCode":115}}
08:51:02.713 [nioEventLoopGroup-7-1] DEBUG c.i.k.driver.chrome_1752371457410 - << {"id":73,"result":{},"sessionId":"C9D86640D12D81C5AB4756251E7808EC"}
08:51:02.723 [main] DEBUG c.i.k.driver.chrome_1752371457410 - >> {"id":74,"sessionId":"C9D86640D12D81C5AB4756251E7808EC","method":"Input.dispatchKeyEvent","params":{"modifiers":0,"type":"rawKeyDown","text":"a","windowsVirtualKeyCode":97}}
08:51:02.726 [nioEventLoopGroup-7-1] DEBUG c.i.k.driver.chrome_1752371457410 - << {"id":74,"result":{},"sessionId":"C9D86640D12D81C5AB4756251E7808EC"}
08:51:02.727 [main] DEBUG c.i.k.driver.chrome_1752371457410 - >> {"id":75,"sessionId":"C9D86640D12D81C5AB4756251E7808EC","method":"Input.dispatchKeyEvent","params":{"modifiers":0,"type":"char","text":"a","windowsVirtualKeyCode":97}}
08:51:02.732 [nioEventLoopGroup-7-1] DEBUG c.i.k.driver.chrome_1752371457410 - << {"id":75,"result":{},"sessionId":"C9D86640D12D81C5AB4756251E7808EC"}
08:51:02.733 [main] DEBUG c.i.k.driver.chrome_1752371457410 - >> {"id":76,"sessionId":"C9D86640D12D81C5AB4756251E7808EC","method":"Input.dispatchKeyEvent","params":{"modifiers":0,"type":"keyUp","text":"a","windowsVirtualKeyCode":97}}
08:51:02.743 [nioEventLoopGroup-7-1] DEBUG c.i.k.driver.chrome_1752371457410 - << {"id":76,"result":{},"sessionId":"C9D86640D12D81C5AB4756251E7808EC"}
08:51:02.745 [main] DEBUG c.i.k.driver.chrome_1752371457410 - >> {"id":77,"sessionId":"C9D86640D12D81C5AB4756251E7808EC","method":"Input.dispatchKeyEvent","params":{"modifiers":0,"type":"rawKeyDown","text":"u","windowsVirtualKeyCode":117}}
08:51:02.747 [nioEventLoopGroup-7-1] DEBUG c.i.k.driver.chrome_1752371457410 - << {"id":77,"result":{},"sessionId":"C9D86640D12D81C5AB4756251E7808EC"}
08:51:02.748 [main] DEBUG c.i.k.driver.chrome_1752371457410 - >> {"id":78,"sessionId":"C9D86640D12D81C5AB4756251E7808EC","method":"Input.dispatchKeyEvent","params":{"modifiers":0,"type":"char","text":"u","windowsVirtualKeyCode":117}}
08:51:02.753 [nioEventLoopGroup-7-1] DEBUG c.i.k.driver.chrome_1752371457410 - << {"id":78,"result":{},"sessionId":"C9D86640D12D81C5AB4756251E7808EC"}
08:51:02.767 [main] DEBUG c.i.k.driver.chrome_1752371457410 - >> {"id":79,"sessionId":"C9D86640D12D81C5AB4756251E7808EC","method":"Input.dispatchKeyEvent","params":{"modifiers":0,"type":"keyUp","text":"u","windowsVirtualKeyCode":117}}
08:51:02.770 [nioEventLoopGroup-7-1] DEBUG c.i.k.driver.chrome_1752371457410 - << {"id":79,"result":{},"sessionId":"C9D86640D12D81C5AB4756251E7808EC"}
08:51:02.772 [main] DEBUG c.i.k.driver.chrome_1752371457410 - >> {"id":80,"sessionId":"C9D86640D12D81C5AB4756251E7808EC","method":"Input.dispatchKeyEvent","params":{"modifiers":0,"type":"rawKeyDown","text":"c","windowsVirtualKeyCode":99}}
08:51:02.776 [nioEventLoopGroup-7-1] DEBUG c.i.k.driver.chrome_1752371457410 - << {"id":80,"result":{},"sessionId":"C9D86640D12D81C5AB4756251E7808EC"}
08:51:02.778 [main] DEBUG c.i.k.driver.chrome_1752371457410 - >> {"id":81,"sessionId":"C9D86640D12D81C5AB4756251E7808EC","method":"Input.dispatchKeyEvent","params":{"modifiers":0,"type":"char","text":"c","windowsVirtualKeyCode":99}}
08:51:02.794 [nioEventLoopGroup-7-1] DEBUG c.i.k.driver.chrome_1752371457410 - << {"id":81,"result":{},"sessionId":"C9D86640D12D81C5AB4756251E7808EC"}
08:51:02.798 [main] DEBUG c.i.k.driver.chrome_1752371457410 - >> {"id":82,"sessionId":"C9D86640D12D81C5AB4756251E7808EC","method":"Input.dispatchKeyEvent","params":{"modifiers":0,"type":"keyUp","text":"c","windowsVirtualKeyCode":99}}
08:51:02.800 [nioEventLoopGroup-7-1] DEBUG c.i.k.driver.chrome_1752371457410 - << {"id":82,"result":{},"sessionId":"C9D86640D12D81C5AB4756251E7808EC"}
08:51:02.805 [main] DEBUG c.i.k.driver.chrome_1752371457410 - >> {"id":83,"sessionId":"C9D86640D12D81C5AB4756251E7808EC","method":"Input.dispatchKeyEvent","params":{"modifiers":0,"type":"rawKeyDown","text":"e","windowsVirtualKeyCode":101}}
08:51:02.811 [nioEventLoopGroup-7-1] DEBUG c.i.k.driver.chrome_1752371457410 - << {"id":83,"result":{},"sessionId":"C9D86640D12D81C5AB4756251E7808EC"}
08:51:02.812 [main] DEBUG c.i.k.driver.chrome_1752371457410 - >> {"id":84,"sessionId":"C9D86640D12D81C5AB4756251E7808EC","method":"Input.dispatchKeyEvent","params":{"modifiers":0,"type":"char","text":"e","windowsVirtualKeyCode":101}}
08:51:02.818 [nioEventLoopGroup-7-1] DEBUG c.i.k.driver.chrome_1752371457410 - << {"id":84,"result":{},"sessionId":"C9D86640D12D81C5AB4756251E7808EC"}
08:51:02.819 [main] DEBUG c.i.k.driver.chrome_1752371457410 - >> {"id":85,"sessionId":"C9D86640D12D81C5AB4756251E7808EC","method":"Input.dispatchKeyEvent","params":{"modifiers":0,"type":"keyUp","text":"e","windowsVirtualKeyCode":101}}
08:51:02.828 [nioEventLoopGroup-7-1] DEBUG c.i.k.driver.chrome_1752371457410 - << {"id":85,"result":{},"sessionId":"C9D86640D12D81C5AB4756251E7808EC"}
08:51:02.832 [main] DEBUG c.i.k.driver.chrome_1752371457410 - >> {"id":86,"sessionId":"C9D86640D12D81C5AB4756251E7808EC","method":"Runtime.evaluate","params":{"expression":"document.evaluate(\"\/\/*[@id='login-button']\", document, null, 9, null).singleNodeValue.click()","returnByValue":true}}
08:51:02.847 [nioEventLoopGroup-7-1] DEBUG c.i.k.driver.chrome_1752371457410 - << {"method":"Page.frameStartedLoading","params":{"frameId":"7F42EFF351EC079682F7E2E0DD3156E1"},"sessionId":"C9D86640D12D81C5AB4756251E7808EC"}
08:51:02.858 [nioEventLoopGroup-7-1] DEBUG c.i.k.driver.chrome_1752371457410 - << {"method":"Target.targetInfoChanged","params":{"targetInfo":{"targetId":"7F42EFF351EC079682F7E2E0DD3156E1","type":"page","title":"Swag Labs","url":"https://www.saucedemo.com/inventory.html","attached":true,"canAccessOpener":false,"browserContextId":"E148EA15A443E1CD7FBBA3660469A259"}},"sessionId":"C9D86640D12D81C5AB4756251E7808EC"}
08:51:02.858 [nioEventLoopGroup-7-1] DEBUG c.i.k.driver.chrome_1752371457410 - << {"method":"Page.navigatedWithinDocument","params":{"frameId":"7F42EFF351EC079682F7E2E0DD3156E1","url":"https://www.saucedemo.com/inventory.html","navigationType":"historyApi"},"sessionId":"C9D86640D12D81C5AB4756251E7808EC"}
08:51:02.859 [nioEventLoopGroup-7-1] DEBUG c.i.k.driver.chrome_1752371457410 - << {"method":"Page.frameStoppedLoading","params":{"frameId":"7F42EFF351EC079682F7E2E0DD3156E1"},"sessionId":"C9D86640D12D81C5AB4756251E7808EC"}
08:51:02.928 [nioEventLoopGroup-7-1] DEBUG c.i.k.driver.chrome_1752371457410 - << {"id":86,"result":{"result":{"type":"undefined"}},"sessionId":"C9D86640D12D81C5AB4756251E7808EC"}
08:51:02.934 [main] DEBUG c.i.k.driver.chrome_1752371457410 - >> {"id":87,"sessionId":"C9D86640D12D81C5AB4756251E7808EC","method":"Target.closeTarget","params":{"targetId":"7F42EFF351EC079682F7E2E0DD3156E1"}}
08:51:02.935 [nioEventLoopGroup-7-1] DEBUG c.i.k.http.WebSocketClientHandler - websocket closing
08:51:02.936 [nioEventLoopGroup-7-1] DEBUG c.i.k.http.WebSocketClientHandler - websocket client disconnected
08:51:02.946 [main] DEBUG com.intuit.karate.shell.Command - closing command: chrome_1752371457410
08:51:02.966 [main] INFO  com.intuit.karate - karate.env system property was: null 
08:51:02.974 [main] DEBUG com.intuit.karate.shell.Command - found / verified free local port: 53796
08:51:02.974 [main] WARN  c.intuit.karate.driver.DriverOptions - preferred port 9222 not available, will use: 53796
08:51:02.976 [main] DEBUG c.i.k.driver.chrome_1752371462972 - poll attempt #0 for port to be ready - localhost:53796
08:51:03.017 [chrome_1752371462972] DEBUG c.i.k.driver.chrome_1752371462972 - command: [C:\Program Files\Google\Chrome\Application\chrome.exe, --remote-debugging-port=53796, --remote-allow-origins=*, --no-first-run, --user-data-dir=E:\Duy\Projects\practices\karate_framework\demo\target\chrome_1752371462972, --disable-popup-blocking], working dir: target\chrome_1752371462972
08:51:03.174 [chrome_1752371457410] WARN  com.intuit.karate.shell.Command - exit code was non-zero: 1 - [C:\Program Files\Google\Chrome\Application\chrome.exe, --remote-debugging-port=53761, --remote-allow-origins=*, --no-first-run, --user-data-dir=E:\Duy\Projects\practices\karate_framework\demo\target\chrome_1752371457410, --disable-popup-blocking] working dir: target\chrome_1752371457410
08:51:03.241 [main] DEBUG c.i.k.driver.chrome_1752371462972 - poll attempt #1 for port to be ready - localhost:53796
08:51:03.496 [main] DEBUG c.i.k.driver.chrome_1752371462972 - poll attempt #2 for port to be ready - localhost:53796
08:51:03.520 [chrome_1752371462972-out] DEBUG c.i.k.driver.chrome_1752371462972 - 
08:51:03.521 [chrome_1752371462972-out] DEBUG c.i.k.driver.chrome_1752371462972 - DevTools listening on ws://127.0.0.1:53796/devtools/browser/7972f628-65b1-4038-8615-1b2c2e391a62
08:51:03.761 [main] DEBUG c.i.k.driver.chrome_1752371462972 - poll attempt #3 for port to be ready - localhost:53796
08:51:03.785 [main] DEBUG com.intuit.karate - request:
1 > GET http://localhost:53796/json
1 > Host: localhost:53796
1 > Connection: Keep-Alive
1 > User-Agent: Apache-HttpClient/4.5.14 (Java/21.0.7)
1 > Accept-Encoding: gzip,deflate


08:51:03.823 [main] DEBUG com.intuit.karate - response time in milliseconds: 37
1 < 200
1 < Content-Security-Policy: frame-ancestors 'none'
1 < Content-Length: 986
1 < Content-Type: application/json; charset=UTF-8
[ {
   "description": "",
   "devtoolsFrontendUrl": "https://chrome-devtools-frontend.appspot.com/serve_rev/@a2159ad9ab8037bd34a21b9903003e0964c2075b/inspector.html?ws=localhost:53796/devtools/page/3D9BCE712A5F721C8373C7389D009059",
   "id": "3D9BCE712A5F721C8373C7389D009059",
   "title": "Google Hangouts",
   "type": "background_page",
   "url": "chrome-extension://nkeimhogjdpnpccoofpliimaahmaaome/background.html",
   "webSocketDebuggerUrl": "ws://localhost:53796/devtools/page/3D9BCE712A5F721C8373C7389D009059"
}, {
   "description": "",
   "devtoolsFrontendUrl": "https://chrome-devtools-frontend.appspot.com/serve_rev/@a2159ad9ab8037bd34a21b9903003e0964c2075b/inspector.html?ws=localhost:53796/devtools/page/D1F2A4DBCD63D461E566794C7B51D626",
   "id": "D1F2A4DBCD63D461E566794C7B51D626",
   "title": "New Tab",
   "type": "page",
   "url": "chrome://newtab/",
   "webSocketDebuggerUrl": "ws://localhost:53796/devtools/page/D1F2A4DBCD63D461E566794C7B51D626"
} ]


08:51:03.825 [main] DEBUG com.intuit.karate.shell.Command - ready to accept http connections after 48 ms - http://localhost:53796/json
08:51:03.827 [main] DEBUG com.intuit.karate - request:
1 > GET http://localhost:53796/json
1 > Host: localhost:53796
1 > Connection: Keep-Alive
1 > User-Agent: Apache-HttpClient/4.5.14 (Java/21.0.7)
1 > Accept-Encoding: gzip,deflate


08:51:03.855 [main] DEBUG com.intuit.karate - response time in milliseconds: 28
1 < 200
1 < Content-Security-Policy: frame-ancestors 'none'
1 < Content-Length: 986
1 < Content-Type: application/json; charset=UTF-8
[ {
   "description": "",
   "devtoolsFrontendUrl": "https://chrome-devtools-frontend.appspot.com/serve_rev/@a2159ad9ab8037bd34a21b9903003e0964c2075b/inspector.html?ws=localhost:53796/devtools/page/3D9BCE712A5F721C8373C7389D009059",
   "id": "3D9BCE712A5F721C8373C7389D009059",
   "title": "Google Hangouts",
   "type": "background_page",
   "url": "chrome-extension://nkeimhogjdpnpccoofpliimaahmaaome/background.html",
   "webSocketDebuggerUrl": "ws://localhost:53796/devtools/page/3D9BCE712A5F721C8373C7389D009059"
}, {
   "description": "",
   "devtoolsFrontendUrl": "https://chrome-devtools-frontend.appspot.com/serve_rev/@a2159ad9ab8037bd34a21b9903003e0964c2075b/inspector.html?ws=localhost:53796/devtools/page/D1F2A4DBCD63D461E566794C7B51D626",
   "id": "D1F2A4DBCD63D461E566794C7B51D626",
   "title": "New Tab",
   "type": "page",
   "url": "chrome://newtab/",
   "webSocketDebuggerUrl": "ws://localhost:53796/devtools/page/D1F2A4DBCD63D461E566794C7B51D626"
} ]


08:51:03.857 [main] DEBUG c.i.k.driver.chrome_1752371462972 - root frame id: D1F2A4DBCD63D461E566794C7B51D626
08:51:04.003 [nioEventLoopGroup-8-1] DEBUG c.i.k.http.WebSocketClientHandler - websocket client connected
08:51:04.004 [main] DEBUG c.i.k.driver.chrome_1752371462972 - >> {"id":1,"method":"Target.attachToTarget","params":{"targetId":"D1F2A4DBCD63D461E566794C7B51D626","flatten":true}}
08:51:04.007 [nioEventLoopGroup-8-1] DEBUG c.i.k.driver.chrome_1752371462972 - << {"method":"Target.attachedToTarget","params":{"sessionId":"D57DC21B0C0AB4B979BD8AAC49FDD8A9","targetInfo":{"targetId":"D1F2A4DBCD63D461E566794C7B51D626","type":"page","title":"New Tab","url":"chrome://newtab/","attached":true,"canAccessOpener":false,"browserContextId":"7FA03EF22F5A56FEAA8F52E3099543EC"},"waitingForDebugger":false}}
08:51:04.008 [nioEventLoopGroup-8-1] DEBUG c.i.k.driver.chrome_1752371462972 - << {"id":1,"result":{"sessionId":"D57DC21B0C0AB4B979BD8AAC49FDD8A9"}}
08:51:04.009 [main] DEBUG c.i.k.driver.chrome_1752371462972 - >> {"id":2,"sessionId":"D57DC21B0C0AB4B979BD8AAC49FDD8A9","method":"Target.activateTarget","params":{"targetId":"D1F2A4DBCD63D461E566794C7B51D626"}}
08:51:04.012 [nioEventLoopGroup-8-1] DEBUG c.i.k.driver.chrome_1752371462972 - << {"id":2,"result":{},"sessionId":"D57DC21B0C0AB4B979BD8AAC49FDD8A9"}
08:51:04.015 [main] DEBUG c.i.k.driver.chrome_1752371462972 - >> {"id":3,"sessionId":"D57DC21B0C0AB4B979BD8AAC49FDD8A9","method":"Target.setDiscoverTargets","params":{"discover":true}}
08:51:04.019 [nioEventLoopGroup-8-1] DEBUG c.i.k.driver.chrome_1752371462972 - << {"method":"Target.targetCreated","params":{"targetInfo":{"targetId":"3D9BCE712A5F721C8373C7389D009059","type":"background_page","title":"Google Hangouts","url":"chrome-extension://nkeimhogjdpnpccoofpliimaahmaaome/background.html","attached":false,"canAccessOpener":false,"browserContextId":"7FA03EF22F5A56FEAA8F52E3099543EC"}},"sessionId":"D57DC21B0C0AB4B979BD8AAC49FDD8A9"}
08:51:04.020 [nioEventLoopGroup-8-1] DEBUG c.i.k.driver.chrome_1752371462972 - << {"method":"Target.targetCreated","params":{"targetInfo":{"targetId":"D1F2A4DBCD63D461E566794C7B51D626","type":"page","title":"New Tab","url":"chrome://newtab/","attached":true,"canAccessOpener":false,"browserContextId":"7FA03EF22F5A56FEAA8F52E3099543EC"}},"sessionId":"D57DC21B0C0AB4B979BD8AAC49FDD8A9"}
08:51:04.020 [nioEventLoopGroup-8-1] DEBUG c.i.k.driver.chrome_1752371462972 - << {"id":3,"result":{},"sessionId":"D57DC21B0C0AB4B979BD8AAC49FDD8A9"}
08:51:04.022 [main] DEBUG c.i.k.driver.chrome_1752371462972 - >> {"id":4,"sessionId":"D57DC21B0C0AB4B979BD8AAC49FDD8A9","method":"Page.enable"}
08:51:04.058 [nioEventLoopGroup-8-1] DEBUG c.i.k.driver.chrome_1752371462972 - << {"id":4,"result":{},"sessionId":"D57DC21B0C0AB4B979BD8AAC49FDD8A9"}
08:51:04.059 [main] DEBUG c.i.k.driver.chrome_1752371462972 - >> {"id":5,"sessionId":"D57DC21B0C0AB4B979BD8AAC49FDD8A9","method":"Runtime.enable"}
08:51:04.066 [nioEventLoopGroup-8-1] DEBUG c.i.k.driver.chrome_1752371462972 - << {"method":"Runtime.executionContextCreated","params":{"context":{"id":2,"origin":"chrome://new-tab-page","name":"","uniqueId":"8372974562884966013.1522652272403565627","auxData":{"isDefault":true,"type":"default","frameId":"8684A0E192D38249712B0FD82BFAE1A8"}}},"sessionId":"D57DC21B0C0AB4B979BD8AAC49FDD8A9"}
08:51:04.067 [nioEventLoopGroup-8-1] DEBUG c.i.k.driver.chrome_1752371462972 - << {"method":"Runtime.executionContextCreated","params":{"context":{"id":1,"origin":"chrome://new-tab-page","name":"","uniqueId":"4638915466283617745.4805252172052502114","auxData":{"isDefault":true,"type":"default","frameId":"D1F2A4DBCD63D461E566794C7B51D626"}}},"sessionId":"D57DC21B0C0AB4B979BD8AAC49FDD8A9"}
08:51:04.067 [nioEventLoopGroup-8-1] DEBUG c.i.k.driver.chrome_1752371462972 - << {"id":5,"result":{},"sessionId":"D57DC21B0C0AB4B979BD8AAC49FDD8A9"}
08:51:04.068 [main] DEBUG c.i.k.driver.chrome_1752371462972 - >> {"id":6,"sessionId":"D57DC21B0C0AB4B979BD8AAC49FDD8A9","method":"Browser.getWindowForTarget","params":{"targetId":"D1F2A4DBCD63D461E566794C7B51D626"}}
08:51:04.069 [nioEventLoopGroup-8-1] DEBUG c.i.k.driver.chrome_1752371462972 - << {"id":6,"result":{"windowId":1625458604,"bounds":{"left":10,"top":10,"width":945,"height":1060,"windowState":"normal"}},"sessionId":"D57DC21B0C0AB4B979BD8AAC49FDD8A9"}
08:51:04.079 [main] DEBUG c.i.k.driver.chrome_1752371462972 - >> {"id":7,"sessionId":"D57DC21B0C0AB4B979BD8AAC49FDD8A9","method":"Page.navigate","params":{"url":"https:\/\/saucedemo.com\/"}}
08:51:04.089 [nioEventLoopGroup-8-1] DEBUG c.i.k.driver.chrome_1752371462972 - << {"method":"Page.frameStartedNavigating","params":{"frameId":"D1F2A4DBCD63D461E566794C7B51D626","url":"https://saucedemo.com/","loaderId":"D847A7C45E3B278D3FA3F65CECFC4F68","navigationType":"differentDocument"},"sessionId":"D57DC21B0C0AB4B979BD8AAC49FDD8A9"}
08:51:04.090 [nioEventLoopGroup-8-1] DEBUG c.i.k.driver.chrome_1752371462972 - << {"method":"Page.frameStartedLoading","params":{"frameId":"D1F2A4DBCD63D461E566794C7B51D626"},"sessionId":"D57DC21B0C0AB4B979BD8AAC49FDD8A9"}
08:51:04.207 [nioEventLoopGroup-8-1] DEBUG c.i.k.driver.chrome_1752371462972 - << {"method":"Page.domContentEventFired","params":{"timestamp":251515.74056},"sessionId":"D57DC21B0C0AB4B979BD8AAC49FDD8A9"}
08:51:04.210 [main] DEBUG c.i.k.driver.chrome_1752371462972 - >> {"id":8,"sessionId":"D57DC21B0C0AB4B979BD8AAC49FDD8A9","method":"Runtime.evaluate","params":{"expression":"var e = document.evaluate(\"\/\/*[@id='user-name']\", document, null, 9, null).singleNodeValue; e.focus(); try { e.selectionStart = e.selectionEnd = e.value.length } catch(x) {}","returnByValue":true}}
08:51:04.223 [nioEventLoopGroup-8-1] DEBUG c.i.k.driver.chrome_1752371462972 - << {"method":"Page.loadEventFired","params":{"timestamp":251515.765643},"sessionId":"D57DC21B0C0AB4B979BD8AAC49FDD8A9"}
08:51:04.224 [nioEventLoopGroup-8-1] DEBUG c.i.k.driver.chrome_1752371462972 - << {"method":"Page.frameStartedLoading","params":{"frameId":"D1F2A4DBCD63D461E566794C7B51D626"},"sessionId":"D57DC21B0C0AB4B979BD8AAC49FDD8A9"}
08:51:04.238 [nioEventLoopGroup-8-1] DEBUG c.i.k.driver.chrome_1752371462972 - << {"method":"Page.frameAttached","params":{"frameId":"4D398BF443647AF7FBF418BE9FA80533","parentFrameId":"D1F2A4DBCD63D461E566794C7B51D626","stack":{"callFrames":[{"functionName":"O","scriptId":"7","url":"chrome://resources/lit/v3_0/lit.rollup.js","lineNumber":15,"columnNumber":4320},{"functionName":"T","scriptId":"7","url":"chrome://resources/lit/v3_0/lit.rollup.js","lineNumber":15,"columnNumber":4394},{"functionName":"$","scriptId":"7","url":"chrome://resources/lit/v3_0/lit.rollup.js","lineNumber":15,"columnNumber":4743},{"functionName":"_$AI","scriptId":"7","url":"chrome://resources/lit/v3_0/lit.rollup.js","lineNumber":15,"columnNumber":4227},{"functionName":"B","scriptId":"7","url":"chrome://resources/lit/v3_0/lit.rollup.js","lineNumber":15,"columnNumber":7111},{"functionName":"update","scriptId":"7","url":"chrome://resources/lit/v3_0/lit.rollup.js","lineNumber":20,"columnNumber":369},{"functionName":"performUpdate","scriptId":"7","url":"chrome://resources/lit/v3_0/lit.rollup.js","lineNumber":10,"columnNumbe ...
08:51:04.239 [nioEventLoopGroup-8-1] DEBUG c.i.k.driver.chrome_1752371462972 - << {"method":"Page.frameRequestedNavigation","params":{"frameId":"4D398BF443647AF7FBF418BE9FA80533","reason":"initialFrameNavigation","url":"chrome-untrusted://new-tab-page/one-google-bar?paramsencoded=","disposition":"currentTab"},"sessionId":"D57DC21B0C0AB4B979BD8AAC49FDD8A9"}
08:51:04.245 [nioEventLoopGroup-8-1] DEBUG c.i.k.driver.chrome_1752371462972 - << {"method":"Page.frameStartedNavigating","params":{"frameId":"4D398BF443647AF7FBF418BE9FA80533","url":"chrome-untrusted://new-tab-page/one-google-bar?paramsencoded=","loaderId":"0BA56417D7422F96C1B8557449C7FBE2","navigationType":"differentDocument"},"sessionId":"D57DC21B0C0AB4B979BD8AAC49FDD8A9"}
08:51:04.245 [nioEventLoopGroup-8-1] DEBUG c.i.k.driver.chrome_1752371462972 - << {"method":"Page.frameStartedLoading","params":{"frameId":"4D398BF443647AF7FBF418BE9FA80533"},"sessionId":"D57DC21B0C0AB4B979BD8AAC49FDD8A9"}
08:51:04.816 [nioEventLoopGroup-8-1] DEBUG c.i.k.driver.chrome_1752371462972 - << {"method":"Target.targetCreated","params":{"targetInfo":{"targetId":"F0870A4BEC33917922E30E544894F26E","type":"service_worker","title":"Service Worker chrome-extension://fignfifoniblkonapihmkfakmlgkbkcf/service_worker.js","url":"chrome-extension://fignfifoniblkonapihmkfakmlgkbkcf/service_worker.js","attached":false,"canAccessOpener":false,"browserContextId":"7FA03EF22F5A56FEAA8F52E3099543EC"}},"sessionId":"D57DC21B0C0AB4B979BD8AAC49FDD8A9"}
08:51:05.981 [nioEventLoopGroup-8-1] DEBUG c.i.k.driver.chrome_1752371462972 - << {"id":7,"result":{"frameId":"D1F2A4DBCD63D461E566794C7B51D626","loaderId":"D847A7C45E3B278D3FA3F65CECFC4F68"},"sessionId":"D57DC21B0C0AB4B979BD8AAC49FDD8A9"}
08:51:05.986 [nioEventLoopGroup-8-1] DEBUG c.i.k.driver.chrome_1752371462972 - << {"method":"Runtime.executionContextsCleared","params":{},"sessionId":"D57DC21B0C0AB4B979BD8AAC49FDD8A9"}
08:51:05.994 [nioEventLoopGroup-8-1] DEBUG c.i.k.driver.chrome_1752371462972 - << {"method":"Runtime.executionContextsCleared","params":{},"sessionId":"D57DC21B0C0AB4B979BD8AAC49FDD8A9"}
08:51:05.995 [nioEventLoopGroup-8-1] DEBUG c.i.k.driver.chrome_1752371462972 - << {"method":"Page.frameNavigated","params":{"frame":{"id":"D1F2A4DBCD63D461E566794C7B51D626","loaderId":"D847A7C45E3B278D3FA3F65CECFC4F68","url":"https://www.saucedemo.com/","domainAndRegistry":"saucedemo.com","securityOrigin":"https://www.saucedemo.com","securityOriginDetails":{"isLocalhost":false},"mimeType":"text/html","adFrameStatus":{"adFrameType":"none"},"secureContextType":"Secure","crossOriginIsolatedContextType":"NotIsolated","gatedAPIFeatures":[]},"type":"Navigation"},"sessionId":"D57DC21B0C0AB4B979BD8AAC49FDD8A9"}
08:51:06.000 [nioEventLoopGroup-8-1] DEBUG c.i.k.driver.chrome_1752371462972 - << {"method":"Page.frameStoppedLoading","params":{"frameId":"4D398BF443647AF7FBF418BE9FA80533"},"sessionId":"D57DC21B0C0AB4B979BD8AAC49FDD8A9"}
08:51:06.029 [nioEventLoopGroup-8-1] DEBUG c.i.k.driver.chrome_1752371462972 - << {"method":"Target.targetInfoChanged","params":{"targetInfo":{"targetId":"D1F2A4DBCD63D461E566794C7B51D626","type":"page","title":"saucedemo.com","url":"https://www.saucedemo.com/","attached":true,"canAccessOpener":false,"browserContextId":"7FA03EF22F5A56FEAA8F52E3099543EC"}},"sessionId":"D57DC21B0C0AB4B979BD8AAC49FDD8A9"}
08:51:06.068 [nioEventLoopGroup-8-1] DEBUG c.i.k.driver.chrome_1752371462972 - << {"method":"Runtime.executionContextCreated","params":{"context":{"id":1,"origin":"https://www.saucedemo.com","name":"","uniqueId":"6931545749792693907.-5396275146904876235","auxData":{"isDefault":true,"type":"default","frameId":"D1F2A4DBCD63D461E566794C7B51D626"}}},"sessionId":"D57DC21B0C0AB4B979BD8AAC49FDD8A9"}
08:51:06.082 [nioEventLoopGroup-8-1] DEBUG c.i.k.driver.chrome_1752371462972 - << {"id":8,"result":{"result":{"type":"object","subtype":"error","className":"TypeError","description":"TypeError: Cannot read properties of null (reading 'focus')\n    at <anonymous>:1:95","objectId":"4554850550653385131.1.1"},"exceptionDetails":{"exceptionId":1,"text":"Uncaught","lineNumber":0,"columnNumber":94,"scriptId":"6","stackTrace":{"callFrames":[{"functionName":"","scriptId":"6","url":"","lineNumber":0,"columnNumber":94}]},"exception":{"type":"object","subtype":"error","className":"TypeError","description":"TypeError: Cannot read properties of null (reading 'focus')\n    at <anonymous>:1:95","objectId":"4554850550653385131.1.2"}}},"sessionId":"D57DC21B0C0AB4B979BD8AAC49FDD8A9"}
08:51:06.083 [nioEventLoopGroup-8-1] WARN  c.i.k.driver.chrome_1752371462972 - devtools error: [id: 8, sessionId: D57DC21B0C0AB4B979BD8AAC49FDD8A9, result: [type: MAP, value: {type=object, subtype=error, className=TypeError, description=TypeError: Cannot read properties of null (reading 'focus')
    at <anonymous>:1:95, objectId=4554850550653385131.1.1}]]
08:51:06.084 [main] WARN  c.i.k.driver.chrome_1752371462972 - js eval failed once:var e = document.evaluate("//*[@id='user-name']", document, null, 9, null).singleNodeValue; e.focus(); try { e.selectionStart = e.selectionEnd = e.value.length } catch(x) {}, error: [type: MAP, value: {type=object, subtype=error, className=TypeError, description=TypeError: Cannot read properties of null (reading 'focus')
    at <anonymous>:1:95, objectId=4554850550653385131.1.1}]
08:51:06.682 [nioEventLoopGroup-8-1] DEBUG c.i.k.driver.chrome_1752371462972 - << {"method":"Page.domContentEventFired","params":{"timestamp":251518.221199},"sessionId":"D57DC21B0C0AB4B979BD8AAC49FDD8A9"}
08:51:06.852 [nioEventLoopGroup-8-1] DEBUG c.i.k.driver.chrome_1752371462972 - << {"method":"Page.loadEventFired","params":{"timestamp":251518.389398},"sessionId":"D57DC21B0C0AB4B979BD8AAC49FDD8A9"}
08:51:06.854 [nioEventLoopGroup-8-1] DEBUG c.i.k.driver.chrome_1752371462972 - << {"method":"Page.frameStoppedLoading","params":{"frameId":"D1F2A4DBCD63D461E566794C7B51D626"},"sessionId":"D57DC21B0C0AB4B979BD8AAC49FDD8A9"}
08:51:06.980 [nioEventLoopGroup-8-1] DEBUG c.i.k.driver.chrome_1752371462972 - << {"method":"Target.targetCreated","params":{"targetInfo":{"targetId":"C94EB5471FC8C3F1E21483AC2D0FA3C2","type":"service_worker","title":"Service Worker https://www.saucedemo.com/service-worker.js","url":"https://www.saucedemo.com/service-worker.js","attached":false,"canAccessOpener":false,"browserContextId":"7FA03EF22F5A56FEAA8F52E3099543EC"}},"sessionId":"D57DC21B0C0AB4B979BD8AAC49FDD8A9"}
08:51:07.955 [nioEventLoopGroup-8-1] DEBUG c.i.k.driver.chrome_1752371462972 - << {"method":"Runtime.consoleAPICalled","params":{"type":"log","args":[{"type":"string","value":"Content is cached for offline use."}],"executionContextId":1,"timestamp":1.752371467954665e+12,"stackTrace":{"callFrames":[{"functionName":"console.<computed>","scriptId":"8","url":"https://www.saucedemo.com/static/js/2.84a5cbf3.chunk.js","lineNumber":1,"columnNumber":123015},{"functionName":"a.onstatechange","scriptId":"7","url":"https://www.saucedemo.com/static/js/main.018d2d1e.chunk.js","lineNumber":0,"columnNumber":58496}]}},"sessionId":"D57DC21B0C0AB4B979BD8AAC49FDD8A9"}
08:51:07.956 [nioEventLoopGroup-8-1] DEBUG c.i.k.driver.chrome_1752371462972 - [console] Content is cached for offline use.
08:51:08.030 [chrome_1752371462972-out] DEBUG c.i.k.driver.chrome_1752371462972 - WARNING: All log messages before absl::InitializeLog() is called are written to STDERR
08:51:08.031 [chrome_1752371462972-out] DEBUG c.i.k.driver.chrome_1752371462972 - I0000 00:00:1752371468.031291   11660 voice_transcription.cc:58] Registering VoiceTranscriptionCapability
08:51:09.087 [main] DEBUG c.i.k.driver.chrome_1752371462972 - >> {"id":9,"sessionId":"D57DC21B0C0AB4B979BD8AAC49FDD8A9","method":"Runtime.evaluate","params":{"expression":"var e = document.evaluate(\"\/\/*[@id='user-name']\", document, null, 9, null).singleNodeValue; e.focus(); try { e.selectionStart = e.selectionEnd = e.value.length } catch(x) {}","returnByValue":true}}
08:51:09.092 [nioEventLoopGroup-8-1] DEBUG c.i.k.driver.chrome_1752371462972 - << {"id":9,"result":{"result":{"type":"number","value":0,"description":"0"}},"sessionId":"D57DC21B0C0AB4B979BD8AAC49FDD8A9"}
08:51:09.093 [main] DEBUG c.i.k.driver.chrome_1752371462972 - >> {"id":10,"sessionId":"D57DC21B0C0AB4B979BD8AAC49FDD8A9","method":"Input.dispatchKeyEvent","params":{"modifiers":0,"type":"rawKeyDown","text":"s","windowsVirtualKeyCode":115}}
08:51:09.106 [nioEventLoopGroup-8-1] DEBUG c.i.k.driver.chrome_1752371462972 - << {"id":10,"result":{},"sessionId":"D57DC21B0C0AB4B979BD8AAC49FDD8A9"}
08:51:09.107 [main] DEBUG c.i.k.driver.chrome_1752371462972 - >> {"id":11,"sessionId":"D57DC21B0C0AB4B979BD8AAC49FDD8A9","method":"Input.dispatchKeyEvent","params":{"modifiers":0,"type":"char","text":"s","windowsVirtualKeyCode":115}}
08:51:09.121 [nioEventLoopGroup-8-1] DEBUG c.i.k.driver.chrome_1752371462972 - << {"id":11,"result":{},"sessionId":"D57DC21B0C0AB4B979BD8AAC49FDD8A9"}
08:51:09.121 [main] DEBUG c.i.k.driver.chrome_1752371462972 - >> {"id":12,"sessionId":"D57DC21B0C0AB4B979BD8AAC49FDD8A9","method":"Input.dispatchKeyEvent","params":{"modifiers":0,"type":"keyUp","text":"s","windowsVirtualKeyCode":115}}
08:51:09.126 [nioEventLoopGroup-8-1] DEBUG c.i.k.driver.chrome_1752371462972 - << {"id":12,"result":{},"sessionId":"D57DC21B0C0AB4B979BD8AAC49FDD8A9"}
08:51:09.128 [main] DEBUG c.i.k.driver.chrome_1752371462972 - >> {"id":13,"sessionId":"D57DC21B0C0AB4B979BD8AAC49FDD8A9","method":"Input.dispatchKeyEvent","params":{"modifiers":0,"type":"rawKeyDown","text":"t","windowsVirtualKeyCode":116}}
08:51:09.131 [nioEventLoopGroup-8-1] DEBUG c.i.k.driver.chrome_1752371462972 - << {"id":13,"result":{},"sessionId":"D57DC21B0C0AB4B979BD8AAC49FDD8A9"}
08:51:09.132 [main] DEBUG c.i.k.driver.chrome_1752371462972 - >> {"id":14,"sessionId":"D57DC21B0C0AB4B979BD8AAC49FDD8A9","method":"Input.dispatchKeyEvent","params":{"modifiers":0,"type":"char","text":"t","windowsVirtualKeyCode":116}}
08:51:09.139 [nioEventLoopGroup-8-1] DEBUG c.i.k.driver.chrome_1752371462972 - << {"id":14,"result":{},"sessionId":"D57DC21B0C0AB4B979BD8AAC49FDD8A9"}
08:51:09.140 [main] DEBUG c.i.k.driver.chrome_1752371462972 - >> {"id":15,"sessionId":"D57DC21B0C0AB4B979BD8AAC49FDD8A9","method":"Input.dispatchKeyEvent","params":{"modifiers":0,"type":"keyUp","text":"t","windowsVirtualKeyCode":116}}
08:51:09.143 [nioEventLoopGroup-8-1] DEBUG c.i.k.driver.chrome_1752371462972 - << {"id":15,"result":{},"sessionId":"D57DC21B0C0AB4B979BD8AAC49FDD8A9"}
08:51:09.147 [main] DEBUG c.i.k.driver.chrome_1752371462972 - >> {"id":16,"sessionId":"D57DC21B0C0AB4B979BD8AAC49FDD8A9","method":"Input.dispatchKeyEvent","params":{"modifiers":0,"type":"rawKeyDown","text":"a","windowsVirtualKeyCode":97}}
08:51:09.157 [nioEventLoopGroup-8-1] DEBUG c.i.k.driver.chrome_1752371462972 - << {"id":16,"result":{},"sessionId":"D57DC21B0C0AB4B979BD8AAC49FDD8A9"}
08:51:09.157 [main] DEBUG c.i.k.driver.chrome_1752371462972 - >> {"id":17,"sessionId":"D57DC21B0C0AB4B979BD8AAC49FDD8A9","method":"Input.dispatchKeyEvent","params":{"modifiers":0,"type":"char","text":"a","windowsVirtualKeyCode":97}}
08:51:09.164 [nioEventLoopGroup-8-1] DEBUG c.i.k.driver.chrome_1752371462972 - << {"id":17,"result":{},"sessionId":"D57DC21B0C0AB4B979BD8AAC49FDD8A9"}
08:51:09.165 [main] DEBUG c.i.k.driver.chrome_1752371462972 - >> {"id":18,"sessionId":"D57DC21B0C0AB4B979BD8AAC49FDD8A9","method":"Input.dispatchKeyEvent","params":{"modifiers":0,"type":"keyUp","text":"a","windowsVirtualKeyCode":97}}
08:51:09.168 [nioEventLoopGroup-8-1] DEBUG c.i.k.driver.chrome_1752371462972 - << {"id":18,"result":{},"sessionId":"D57DC21B0C0AB4B979BD8AAC49FDD8A9"}
08:51:09.169 [main] DEBUG c.i.k.driver.chrome_1752371462972 - >> {"id":19,"sessionId":"D57DC21B0C0AB4B979BD8AAC49FDD8A9","method":"Input.dispatchKeyEvent","params":{"modifiers":0,"type":"rawKeyDown","text":"n","windowsVirtualKeyCode":110}}
08:51:09.172 [nioEventLoopGroup-8-1] DEBUG c.i.k.driver.chrome_1752371462972 - << {"id":19,"result":{},"sessionId":"D57DC21B0C0AB4B979BD8AAC49FDD8A9"}
08:51:09.172 [main] DEBUG c.i.k.driver.chrome_1752371462972 - >> {"id":20,"sessionId":"D57DC21B0C0AB4B979BD8AAC49FDD8A9","method":"Input.dispatchKeyEvent","params":{"modifiers":0,"type":"char","text":"n","windowsVirtualKeyCode":110}}
08:51:09.179 [nioEventLoopGroup-8-1] DEBUG c.i.k.driver.chrome_1752371462972 - << {"id":20,"result":{},"sessionId":"D57DC21B0C0AB4B979BD8AAC49FDD8A9"}
08:51:09.182 [main] DEBUG c.i.k.driver.chrome_1752371462972 - >> {"id":21,"sessionId":"D57DC21B0C0AB4B979BD8AAC49FDD8A9","method":"Input.dispatchKeyEvent","params":{"modifiers":0,"type":"keyUp","text":"n","windowsVirtualKeyCode":110}}
08:51:09.185 [nioEventLoopGroup-8-1] DEBUG c.i.k.driver.chrome_1752371462972 - << {"id":21,"result":{},"sessionId":"D57DC21B0C0AB4B979BD8AAC49FDD8A9"}
08:51:09.186 [main] DEBUG c.i.k.driver.chrome_1752371462972 - >> {"id":22,"sessionId":"D57DC21B0C0AB4B979BD8AAC49FDD8A9","method":"Input.dispatchKeyEvent","params":{"modifiers":0,"type":"rawKeyDown","text":"d","windowsVirtualKeyCode":100}}
08:51:09.189 [nioEventLoopGroup-8-1] DEBUG c.i.k.driver.chrome_1752371462972 - << {"id":22,"result":{},"sessionId":"D57DC21B0C0AB4B979BD8AAC49FDD8A9"}
08:51:09.189 [main] DEBUG c.i.k.driver.chrome_1752371462972 - >> {"id":23,"sessionId":"D57DC21B0C0AB4B979BD8AAC49FDD8A9","method":"Input.dispatchKeyEvent","params":{"modifiers":0,"type":"char","text":"d","windowsVirtualKeyCode":100}}
08:51:09.195 [nioEventLoopGroup-8-1] DEBUG c.i.k.driver.chrome_1752371462972 - << {"id":23,"result":{},"sessionId":"D57DC21B0C0AB4B979BD8AAC49FDD8A9"}
08:51:09.196 [main] DEBUG c.i.k.driver.chrome_1752371462972 - >> {"id":24,"sessionId":"D57DC21B0C0AB4B979BD8AAC49FDD8A9","method":"Input.dispatchKeyEvent","params":{"modifiers":0,"type":"keyUp","text":"d","windowsVirtualKeyCode":100}}
08:51:09.199 [nioEventLoopGroup-8-1] DEBUG c.i.k.driver.chrome_1752371462972 - << {"id":24,"result":{},"sessionId":"D57DC21B0C0AB4B979BD8AAC49FDD8A9"}
08:51:09.200 [main] DEBUG c.i.k.driver.chrome_1752371462972 - >> {"id":25,"sessionId":"D57DC21B0C0AB4B979BD8AAC49FDD8A9","method":"Input.dispatchKeyEvent","params":{"modifiers":0,"type":"rawKeyDown","text":"a","windowsVirtualKeyCode":97}}
08:51:09.204 [nioEventLoopGroup-8-1] DEBUG c.i.k.driver.chrome_1752371462972 - << {"id":25,"result":{},"sessionId":"D57DC21B0C0AB4B979BD8AAC49FDD8A9"}
08:51:09.204 [main] DEBUG c.i.k.driver.chrome_1752371462972 - >> {"id":26,"sessionId":"D57DC21B0C0AB4B979BD8AAC49FDD8A9","method":"Input.dispatchKeyEvent","params":{"modifiers":0,"type":"char","text":"a","windowsVirtualKeyCode":97}}
08:51:09.210 [nioEventLoopGroup-8-1] DEBUG c.i.k.driver.chrome_1752371462972 - << {"id":26,"result":{},"sessionId":"D57DC21B0C0AB4B979BD8AAC49FDD8A9"}
08:51:09.211 [main] DEBUG c.i.k.driver.chrome_1752371462972 - >> {"id":27,"sessionId":"D57DC21B0C0AB4B979BD8AAC49FDD8A9","method":"Input.dispatchKeyEvent","params":{"modifiers":0,"type":"keyUp","text":"a","windowsVirtualKeyCode":97}}
08:51:09.216 [nioEventLoopGroup-8-1] DEBUG c.i.k.driver.chrome_1752371462972 - << {"id":27,"result":{},"sessionId":"D57DC21B0C0AB4B979BD8AAC49FDD8A9"}
08:51:09.217 [main] DEBUG c.i.k.driver.chrome_1752371462972 - >> {"id":28,"sessionId":"D57DC21B0C0AB4B979BD8AAC49FDD8A9","method":"Input.dispatchKeyEvent","params":{"modifiers":0,"type":"rawKeyDown","text":"r","windowsVirtualKeyCode":114}}
08:51:09.220 [nioEventLoopGroup-8-1] DEBUG c.i.k.driver.chrome_1752371462972 - << {"id":28,"result":{},"sessionId":"D57DC21B0C0AB4B979BD8AAC49FDD8A9"}
08:51:09.221 [main] DEBUG c.i.k.driver.chrome_1752371462972 - >> {"id":29,"sessionId":"D57DC21B0C0AB4B979BD8AAC49FDD8A9","method":"Input.dispatchKeyEvent","params":{"modifiers":0,"type":"char","text":"r","windowsVirtualKeyCode":114}}
08:51:09.227 [nioEventLoopGroup-8-1] DEBUG c.i.k.driver.chrome_1752371462972 - << {"id":29,"result":{},"sessionId":"D57DC21B0C0AB4B979BD8AAC49FDD8A9"}
08:51:09.233 [main] DEBUG c.i.k.driver.chrome_1752371462972 - >> {"id":30,"sessionId":"D57DC21B0C0AB4B979BD8AAC49FDD8A9","method":"Input.dispatchKeyEvent","params":{"modifiers":0,"type":"keyUp","text":"r","windowsVirtualKeyCode":114}}
08:51:09.236 [nioEventLoopGroup-8-1] DEBUG c.i.k.driver.chrome_1752371462972 - << {"id":30,"result":{},"sessionId":"D57DC21B0C0AB4B979BD8AAC49FDD8A9"}
08:51:09.236 [main] DEBUG c.i.k.driver.chrome_1752371462972 - >> {"id":31,"sessionId":"D57DC21B0C0AB4B979BD8AAC49FDD8A9","method":"Input.dispatchKeyEvent","params":{"modifiers":0,"type":"rawKeyDown","text":"d","windowsVirtualKeyCode":100}}
08:51:09.239 [nioEventLoopGroup-8-1] DEBUG c.i.k.driver.chrome_1752371462972 - << {"id":31,"result":{},"sessionId":"D57DC21B0C0AB4B979BD8AAC49FDD8A9"}
08:51:09.239 [main] DEBUG c.i.k.driver.chrome_1752371462972 - >> {"id":32,"sessionId":"D57DC21B0C0AB4B979BD8AAC49FDD8A9","method":"Input.dispatchKeyEvent","params":{"modifiers":0,"type":"char","text":"d","windowsVirtualKeyCode":100}}
08:51:09.245 [nioEventLoopGroup-8-1] DEBUG c.i.k.driver.chrome_1752371462972 - << {"id":32,"result":{},"sessionId":"D57DC21B0C0AB4B979BD8AAC49FDD8A9"}
08:51:09.249 [main] DEBUG c.i.k.driver.chrome_1752371462972 - >> {"id":33,"sessionId":"D57DC21B0C0AB4B979BD8AAC49FDD8A9","method":"Input.dispatchKeyEvent","params":{"modifiers":0,"type":"keyUp","text":"d","windowsVirtualKeyCode":100}}
08:51:09.252 [nioEventLoopGroup-8-1] DEBUG c.i.k.driver.chrome_1752371462972 - << {"id":33,"result":{},"sessionId":"D57DC21B0C0AB4B979BD8AAC49FDD8A9"}
08:51:09.255 [main] DEBUG c.i.k.driver.chrome_1752371462972 - >> {"id":34,"sessionId":"D57DC21B0C0AB4B979BD8AAC49FDD8A9","method":"Input.dispatchKeyEvent","params":{"modifiers":0,"type":"rawKeyDown","text":"_","windowsVirtualKeyCode":523}}
08:51:09.258 [nioEventLoopGroup-8-1] DEBUG c.i.k.driver.chrome_1752371462972 - << {"id":34,"result":{},"sessionId":"D57DC21B0C0AB4B979BD8AAC49FDD8A9"}
08:51:09.259 [main] DEBUG c.i.k.driver.chrome_1752371462972 - >> {"id":35,"sessionId":"D57DC21B0C0AB4B979BD8AAC49FDD8A9","method":"Input.dispatchKeyEvent","params":{"modifiers":0,"type":"char","text":"_","windowsVirtualKeyCode":523}}
08:51:09.266 [nioEventLoopGroup-8-1] DEBUG c.i.k.driver.chrome_1752371462972 - << {"id":35,"result":{},"sessionId":"D57DC21B0C0AB4B979BD8AAC49FDD8A9"}
08:51:09.269 [main] DEBUG c.i.k.driver.chrome_1752371462972 - >> {"id":36,"sessionId":"D57DC21B0C0AB4B979BD8AAC49FDD8A9","method":"Input.dispatchKeyEvent","params":{"modifiers":0,"type":"keyUp","text":"_","windowsVirtualKeyCode":523}}
08:51:09.272 [nioEventLoopGroup-8-1] DEBUG c.i.k.driver.chrome_1752371462972 - << {"id":36,"result":{},"sessionId":"D57DC21B0C0AB4B979BD8AAC49FDD8A9"}
08:51:09.272 [main] DEBUG c.i.k.driver.chrome_1752371462972 - >> {"id":37,"sessionId":"D57DC21B0C0AB4B979BD8AAC49FDD8A9","method":"Input.dispatchKeyEvent","params":{"modifiers":0,"type":"rawKeyDown","text":"u","windowsVirtualKeyCode":117}}
08:51:09.275 [nioEventLoopGroup-8-1] DEBUG c.i.k.driver.chrome_1752371462972 - << {"id":37,"result":{},"sessionId":"D57DC21B0C0AB4B979BD8AAC49FDD8A9"}
08:51:09.275 [main] DEBUG c.i.k.driver.chrome_1752371462972 - >> {"id":38,"sessionId":"D57DC21B0C0AB4B979BD8AAC49FDD8A9","method":"Input.dispatchKeyEvent","params":{"modifiers":0,"type":"char","text":"u","windowsVirtualKeyCode":117}}
08:51:09.281 [nioEventLoopGroup-8-1] DEBUG c.i.k.driver.chrome_1752371462972 - << {"id":38,"result":{},"sessionId":"D57DC21B0C0AB4B979BD8AAC49FDD8A9"}
08:51:09.283 [main] DEBUG c.i.k.driver.chrome_1752371462972 - >> {"id":39,"sessionId":"D57DC21B0C0AB4B979BD8AAC49FDD8A9","method":"Input.dispatchKeyEvent","params":{"modifiers":0,"type":"keyUp","text":"u","windowsVirtualKeyCode":117}}
08:51:09.285 [chrome_1752371462972-out] DEBUG c.i.k.driver.chrome_1752371462972 - [10136:18556:0713/085109.285:ERROR:google_apis\gcm\engine\registration_request.cc:291] Registration response error message: DEPRECATED_ENDPOINT
08:51:09.285 [nioEventLoopGroup-8-1] DEBUG c.i.k.driver.chrome_1752371462972 - << {"id":39,"result":{},"sessionId":"D57DC21B0C0AB4B979BD8AAC49FDD8A9"}
08:51:09.289 [main] DEBUG c.i.k.driver.chrome_1752371462972 - >> {"id":40,"sessionId":"D57DC21B0C0AB4B979BD8AAC49FDD8A9","method":"Input.dispatchKeyEvent","params":{"modifiers":0,"type":"rawKeyDown","text":"s","windowsVirtualKeyCode":115}}
08:51:09.291 [nioEventLoopGroup-8-1] DEBUG c.i.k.driver.chrome_1752371462972 - << {"id":40,"result":{},"sessionId":"D57DC21B0C0AB4B979BD8AAC49FDD8A9"}
08:51:09.293 [main] DEBUG c.i.k.driver.chrome_1752371462972 - >> {"id":41,"sessionId":"D57DC21B0C0AB4B979BD8AAC49FDD8A9","method":"Input.dispatchKeyEvent","params":{"modifiers":0,"type":"char","text":"s","windowsVirtualKeyCode":115}}
08:51:09.298 [nioEventLoopGroup-8-1] DEBUG c.i.k.driver.chrome_1752371462972 - << {"id":41,"result":{},"sessionId":"D57DC21B0C0AB4B979BD8AAC49FDD8A9"}
08:51:09.300 [main] DEBUG c.i.k.driver.chrome_1752371462972 - >> {"id":42,"sessionId":"D57DC21B0C0AB4B979BD8AAC49FDD8A9","method":"Input.dispatchKeyEvent","params":{"modifiers":0,"type":"keyUp","text":"s","windowsVirtualKeyCode":115}}
08:51:09.302 [nioEventLoopGroup-8-1] DEBUG c.i.k.driver.chrome_1752371462972 - << {"id":42,"result":{},"sessionId":"D57DC21B0C0AB4B979BD8AAC49FDD8A9"}
08:51:09.303 [main] DEBUG c.i.k.driver.chrome_1752371462972 - >> {"id":43,"sessionId":"D57DC21B0C0AB4B979BD8AAC49FDD8A9","method":"Input.dispatchKeyEvent","params":{"modifiers":0,"type":"rawKeyDown","text":"e","windowsVirtualKeyCode":101}}
08:51:09.305 [nioEventLoopGroup-8-1] DEBUG c.i.k.driver.chrome_1752371462972 - << {"id":43,"result":{},"sessionId":"D57DC21B0C0AB4B979BD8AAC49FDD8A9"}
08:51:09.307 [main] DEBUG c.i.k.driver.chrome_1752371462972 - >> {"id":44,"sessionId":"D57DC21B0C0AB4B979BD8AAC49FDD8A9","method":"Input.dispatchKeyEvent","params":{"modifiers":0,"type":"char","text":"e","windowsVirtualKeyCode":101}}
08:51:09.311 [nioEventLoopGroup-8-1] DEBUG c.i.k.driver.chrome_1752371462972 - << {"id":44,"result":{},"sessionId":"D57DC21B0C0AB4B979BD8AAC49FDD8A9"}
08:51:09.313 [main] DEBUG c.i.k.driver.chrome_1752371462972 - >> {"id":45,"sessionId":"D57DC21B0C0AB4B979BD8AAC49FDD8A9","method":"Input.dispatchKeyEvent","params":{"modifiers":0,"type":"keyUp","text":"e","windowsVirtualKeyCode":101}}
08:51:09.315 [nioEventLoopGroup-8-1] DEBUG c.i.k.driver.chrome_1752371462972 - << {"id":45,"result":{},"sessionId":"D57DC21B0C0AB4B979BD8AAC49FDD8A9"}
08:51:09.316 [main] DEBUG c.i.k.driver.chrome_1752371462972 - >> {"id":46,"sessionId":"D57DC21B0C0AB4B979BD8AAC49FDD8A9","method":"Input.dispatchKeyEvent","params":{"modifiers":0,"type":"rawKeyDown","text":"r","windowsVirtualKeyCode":114}}
08:51:09.324 [nioEventLoopGroup-8-1] DEBUG c.i.k.driver.chrome_1752371462972 - << {"id":46,"result":{},"sessionId":"D57DC21B0C0AB4B979BD8AAC49FDD8A9"}
08:51:09.326 [main] DEBUG c.i.k.driver.chrome_1752371462972 - >> {"id":47,"sessionId":"D57DC21B0C0AB4B979BD8AAC49FDD8A9","method":"Input.dispatchKeyEvent","params":{"modifiers":0,"type":"char","text":"r","windowsVirtualKeyCode":114}}
08:51:09.331 [nioEventLoopGroup-8-1] DEBUG c.i.k.driver.chrome_1752371462972 - << {"id":47,"result":{},"sessionId":"D57DC21B0C0AB4B979BD8AAC49FDD8A9"}
08:51:09.332 [main] DEBUG c.i.k.driver.chrome_1752371462972 - >> {"id":48,"sessionId":"D57DC21B0C0AB4B979BD8AAC49FDD8A9","method":"Input.dispatchKeyEvent","params":{"modifiers":0,"type":"keyUp","text":"r","windowsVirtualKeyCode":114}}
08:51:09.334 [nioEventLoopGroup-8-1] DEBUG c.i.k.driver.chrome_1752371462972 - << {"id":48,"result":{},"sessionId":"D57DC21B0C0AB4B979BD8AAC49FDD8A9"}
08:51:09.337 [main] DEBUG c.i.k.driver.chrome_1752371462972 - >> {"id":49,"sessionId":"D57DC21B0C0AB4B979BD8AAC49FDD8A9","method":"Runtime.evaluate","params":{"expression":"var e = document.evaluate(\"\/\/*[@id='password']\", document, null, 9, null).singleNodeValue; e.focus(); try { e.selectionStart = e.selectionEnd = e.value.length } catch(x) {}","returnByValue":true}}
08:51:09.342 [nioEventLoopGroup-8-1] DEBUG c.i.k.driver.chrome_1752371462972 - << {"id":49,"result":{"result":{"type":"number","value":0,"description":"0"}},"sessionId":"D57DC21B0C0AB4B979BD8AAC49FDD8A9"}
08:51:09.343 [main] DEBUG c.i.k.driver.chrome_1752371462972 - >> {"id":50,"sessionId":"D57DC21B0C0AB4B979BD8AAC49FDD8A9","method":"Input.dispatchKeyEvent","params":{"modifiers":0,"type":"rawKeyDown","text":"w","windowsVirtualKeyCode":119}}
08:51:09.345 [nioEventLoopGroup-8-1] DEBUG c.i.k.driver.chrome_1752371462972 - << {"id":50,"result":{},"sessionId":"D57DC21B0C0AB4B979BD8AAC49FDD8A9"}
08:51:09.346 [main] DEBUG c.i.k.driver.chrome_1752371462972 - >> {"id":51,"sessionId":"D57DC21B0C0AB4B979BD8AAC49FDD8A9","method":"Input.dispatchKeyEvent","params":{"modifiers":0,"type":"char","text":"w","windowsVirtualKeyCode":119}}
08:51:09.351 [nioEventLoopGroup-8-1] DEBUG c.i.k.driver.chrome_1752371462972 - << {"id":51,"result":{},"sessionId":"D57DC21B0C0AB4B979BD8AAC49FDD8A9"}
08:51:09.400 [main] DEBUG c.i.k.driver.chrome_1752371462972 - >> {"id":52,"sessionId":"D57DC21B0C0AB4B979BD8AAC49FDD8A9","method":"Input.dispatchKeyEvent","params":{"modifiers":0,"type":"keyUp","text":"w","windowsVirtualKeyCode":119}}
08:51:09.406 [nioEventLoopGroup-8-1] DEBUG c.i.k.driver.chrome_1752371462972 - << {"id":52,"result":{},"sessionId":"D57DC21B0C0AB4B979BD8AAC49FDD8A9"}
08:51:09.407 [main] DEBUG c.i.k.driver.chrome_1752371462972 - >> {"id":53,"sessionId":"D57DC21B0C0AB4B979BD8AAC49FDD8A9","method":"Input.dispatchKeyEvent","params":{"modifiers":0,"type":"rawKeyDown","text":"r","windowsVirtualKeyCode":114}}
08:51:09.409 [nioEventLoopGroup-8-1] DEBUG c.i.k.driver.chrome_1752371462972 - << {"id":53,"result":{},"sessionId":"D57DC21B0C0AB4B979BD8AAC49FDD8A9"}
08:51:09.410 [main] DEBUG c.i.k.driver.chrome_1752371462972 - >> {"id":54,"sessionId":"D57DC21B0C0AB4B979BD8AAC49FDD8A9","method":"Input.dispatchKeyEvent","params":{"modifiers":0,"type":"char","text":"r","windowsVirtualKeyCode":114}}
08:51:09.414 [nioEventLoopGroup-8-1] DEBUG c.i.k.driver.chrome_1752371462972 - << {"id":54,"result":{},"sessionId":"D57DC21B0C0AB4B979BD8AAC49FDD8A9"}
08:51:09.415 [main] DEBUG c.i.k.driver.chrome_1752371462972 - >> {"id":55,"sessionId":"D57DC21B0C0AB4B979BD8AAC49FDD8A9","method":"Input.dispatchKeyEvent","params":{"modifiers":0,"type":"keyUp","text":"r","windowsVirtualKeyCode":114}}
08:51:09.418 [nioEventLoopGroup-8-1] DEBUG c.i.k.driver.chrome_1752371462972 - << {"id":55,"result":{},"sessionId":"D57DC21B0C0AB4B979BD8AAC49FDD8A9"}
08:51:09.420 [main] DEBUG c.i.k.driver.chrome_1752371462972 - >> {"id":56,"sessionId":"D57DC21B0C0AB4B979BD8AAC49FDD8A9","method":"Input.dispatchKeyEvent","params":{"modifiers":0,"type":"rawKeyDown","text":"o","windowsVirtualKeyCode":111}}
08:51:09.427 [nioEventLoopGroup-8-1] DEBUG c.i.k.driver.chrome_1752371462972 - << {"id":56,"result":{},"sessionId":"D57DC21B0C0AB4B979BD8AAC49FDD8A9"}
08:51:09.428 [main] DEBUG c.i.k.driver.chrome_1752371462972 - >> {"id":57,"sessionId":"D57DC21B0C0AB4B979BD8AAC49FDD8A9","method":"Input.dispatchKeyEvent","params":{"modifiers":0,"type":"char","text":"o","windowsVirtualKeyCode":111}}
08:51:09.434 [nioEventLoopGroup-8-1] DEBUG c.i.k.driver.chrome_1752371462972 - << {"id":57,"result":{},"sessionId":"D57DC21B0C0AB4B979BD8AAC49FDD8A9"}
08:51:09.437 [main] DEBUG c.i.k.driver.chrome_1752371462972 - >> {"id":58,"sessionId":"D57DC21B0C0AB4B979BD8AAC49FDD8A9","method":"Input.dispatchKeyEvent","params":{"modifiers":0,"type":"keyUp","text":"o","windowsVirtualKeyCode":111}}
08:51:09.450 [nioEventLoopGroup-8-1] DEBUG c.i.k.driver.chrome_1752371462972 - << {"id":58,"result":{},"sessionId":"D57DC21B0C0AB4B979BD8AAC49FDD8A9"}
08:51:09.462 [main] DEBUG c.i.k.driver.chrome_1752371462972 - >> {"id":59,"sessionId":"D57DC21B0C0AB4B979BD8AAC49FDD8A9","method":"Input.dispatchKeyEvent","params":{"modifiers":0,"type":"rawKeyDown","text":"n","windowsVirtualKeyCode":110}}
08:51:09.464 [nioEventLoopGroup-8-1] DEBUG c.i.k.driver.chrome_1752371462972 - << {"id":59,"result":{},"sessionId":"D57DC21B0C0AB4B979BD8AAC49FDD8A9"}
08:51:09.464 [main] DEBUG c.i.k.driver.chrome_1752371462972 - >> {"id":60,"sessionId":"D57DC21B0C0AB4B979BD8AAC49FDD8A9","method":"Input.dispatchKeyEvent","params":{"modifiers":0,"type":"char","text":"n","windowsVirtualKeyCode":110}}
08:51:09.469 [nioEventLoopGroup-8-1] DEBUG c.i.k.driver.chrome_1752371462972 - << {"id":60,"result":{},"sessionId":"D57DC21B0C0AB4B979BD8AAC49FDD8A9"}
08:51:09.469 [main] DEBUG c.i.k.driver.chrome_1752371462972 - >> {"id":61,"sessionId":"D57DC21B0C0AB4B979BD8AAC49FDD8A9","method":"Input.dispatchKeyEvent","params":{"modifiers":0,"type":"keyUp","text":"n","windowsVirtualKeyCode":110}}
08:51:09.472 [nioEventLoopGroup-8-1] DEBUG c.i.k.driver.chrome_1752371462972 - << {"id":61,"result":{},"sessionId":"D57DC21B0C0AB4B979BD8AAC49FDD8A9"}
08:51:09.473 [main] DEBUG c.i.k.driver.chrome_1752371462972 - >> {"id":62,"sessionId":"D57DC21B0C0AB4B979BD8AAC49FDD8A9","method":"Input.dispatchKeyEvent","params":{"modifiers":0,"type":"rawKeyDown","text":"g","windowsVirtualKeyCode":103}}
08:51:09.479 [nioEventLoopGroup-8-1] DEBUG c.i.k.driver.chrome_1752371462972 - << {"id":62,"result":{},"sessionId":"D57DC21B0C0AB4B979BD8AAC49FDD8A9"}
08:51:09.480 [main] DEBUG c.i.k.driver.chrome_1752371462972 - >> {"id":63,"sessionId":"D57DC21B0C0AB4B979BD8AAC49FDD8A9","method":"Input.dispatchKeyEvent","params":{"modifiers":0,"type":"char","text":"g","windowsVirtualKeyCode":103}}
08:51:09.485 [nioEventLoopGroup-8-1] DEBUG c.i.k.driver.chrome_1752371462972 - << {"id":63,"result":{},"sessionId":"D57DC21B0C0AB4B979BD8AAC49FDD8A9"}
08:51:09.486 [main] DEBUG c.i.k.driver.chrome_1752371462972 - >> {"id":64,"sessionId":"D57DC21B0C0AB4B979BD8AAC49FDD8A9","method":"Input.dispatchKeyEvent","params":{"modifiers":0,"type":"keyUp","text":"g","windowsVirtualKeyCode":103}}
08:51:09.494 [nioEventLoopGroup-8-1] DEBUG c.i.k.driver.chrome_1752371462972 - << {"id":64,"result":{},"sessionId":"D57DC21B0C0AB4B979BD8AAC49FDD8A9"}
08:51:09.495 [main] DEBUG c.i.k.driver.chrome_1752371462972 - >> {"id":65,"sessionId":"D57DC21B0C0AB4B979BD8AAC49FDD8A9","method":"Input.dispatchKeyEvent","params":{"modifiers":0,"type":"rawKeyDown","text":"_","windowsVirtualKeyCode":523}}
08:51:09.497 [nioEventLoopGroup-8-1] DEBUG c.i.k.driver.chrome_1752371462972 - << {"id":65,"result":{},"sessionId":"D57DC21B0C0AB4B979BD8AAC49FDD8A9"}
08:51:09.498 [main] DEBUG c.i.k.driver.chrome_1752371462972 - >> {"id":66,"sessionId":"D57DC21B0C0AB4B979BD8AAC49FDD8A9","method":"Input.dispatchKeyEvent","params":{"modifiers":0,"type":"char","text":"_","windowsVirtualKeyCode":523}}
08:51:09.502 [nioEventLoopGroup-8-1] DEBUG c.i.k.driver.chrome_1752371462972 - << {"id":66,"result":{},"sessionId":"D57DC21B0C0AB4B979BD8AAC49FDD8A9"}
08:51:09.503 [main] DEBUG c.i.k.driver.chrome_1752371462972 - >> {"id":67,"sessionId":"D57DC21B0C0AB4B979BD8AAC49FDD8A9","method":"Input.dispatchKeyEvent","params":{"modifiers":0,"type":"keyUp","text":"_","windowsVirtualKeyCode":523}}
08:51:09.506 [nioEventLoopGroup-8-1] DEBUG c.i.k.driver.chrome_1752371462972 - << {"id":67,"result":{},"sessionId":"D57DC21B0C0AB4B979BD8AAC49FDD8A9"}
08:51:09.508 [main] DEBUG c.i.k.driver.chrome_1752371462972 - >> {"id":68,"sessionId":"D57DC21B0C0AB4B979BD8AAC49FDD8A9","method":"Input.dispatchKeyEvent","params":{"modifiers":0,"type":"rawKeyDown","text":"s","windowsVirtualKeyCode":115}}
08:51:09.514 [nioEventLoopGroup-8-1] DEBUG c.i.k.driver.chrome_1752371462972 - << {"id":68,"result":{},"sessionId":"D57DC21B0C0AB4B979BD8AAC49FDD8A9"}
08:51:09.514 [main] DEBUG c.i.k.driver.chrome_1752371462972 - >> {"id":69,"sessionId":"D57DC21B0C0AB4B979BD8AAC49FDD8A9","method":"Input.dispatchKeyEvent","params":{"modifiers":0,"type":"char","text":"s","windowsVirtualKeyCode":115}}
08:51:09.519 [nioEventLoopGroup-8-1] DEBUG c.i.k.driver.chrome_1752371462972 - << {"id":69,"result":{},"sessionId":"D57DC21B0C0AB4B979BD8AAC49FDD8A9"}
08:51:09.520 [main] DEBUG c.i.k.driver.chrome_1752371462972 - >> {"id":70,"sessionId":"D57DC21B0C0AB4B979BD8AAC49FDD8A9","method":"Input.dispatchKeyEvent","params":{"modifiers":0,"type":"keyUp","text":"s","windowsVirtualKeyCode":115}}
08:51:09.528 [nioEventLoopGroup-8-1] DEBUG c.i.k.driver.chrome_1752371462972 - << {"id":70,"result":{},"sessionId":"D57DC21B0C0AB4B979BD8AAC49FDD8A9"}
08:51:09.529 [main] DEBUG c.i.k.driver.chrome_1752371462972 - >> {"id":71,"sessionId":"D57DC21B0C0AB4B979BD8AAC49FDD8A9","method":"Input.dispatchKeyEvent","params":{"modifiers":0,"type":"rawKeyDown","text":"e","windowsVirtualKeyCode":101}}
08:51:09.531 [nioEventLoopGroup-8-1] DEBUG c.i.k.driver.chrome_1752371462972 - << {"id":71,"result":{},"sessionId":"D57DC21B0C0AB4B979BD8AAC49FDD8A9"}
08:51:09.532 [main] DEBUG c.i.k.driver.chrome_1752371462972 - >> {"id":72,"sessionId":"D57DC21B0C0AB4B979BD8AAC49FDD8A9","method":"Input.dispatchKeyEvent","params":{"modifiers":0,"type":"char","text":"e","windowsVirtualKeyCode":101}}
08:51:09.537 [nioEventLoopGroup-8-1] DEBUG c.i.k.driver.chrome_1752371462972 - << {"id":72,"result":{},"sessionId":"D57DC21B0C0AB4B979BD8AAC49FDD8A9"}
08:51:09.537 [main] DEBUG c.i.k.driver.chrome_1752371462972 - >> {"id":73,"sessionId":"D57DC21B0C0AB4B979BD8AAC49FDD8A9","method":"Input.dispatchKeyEvent","params":{"modifiers":0,"type":"keyUp","text":"e","windowsVirtualKeyCode":101}}
08:51:09.541 [nioEventLoopGroup-8-1] DEBUG c.i.k.driver.chrome_1752371462972 - << {"id":73,"result":{},"sessionId":"D57DC21B0C0AB4B979BD8AAC49FDD8A9"}
08:51:09.544 [main] DEBUG c.i.k.driver.chrome_1752371462972 - >> {"id":74,"sessionId":"D57DC21B0C0AB4B979BD8AAC49FDD8A9","method":"Input.dispatchKeyEvent","params":{"modifiers":0,"type":"rawKeyDown","text":"c","windowsVirtualKeyCode":99}}
08:51:09.550 [nioEventLoopGroup-8-1] DEBUG c.i.k.driver.chrome_1752371462972 - << {"id":74,"result":{},"sessionId":"D57DC21B0C0AB4B979BD8AAC49FDD8A9"}
08:51:09.550 [main] DEBUG c.i.k.driver.chrome_1752371462972 - >> {"id":75,"sessionId":"D57DC21B0C0AB4B979BD8AAC49FDD8A9","method":"Input.dispatchKeyEvent","params":{"modifiers":0,"type":"char","text":"c","windowsVirtualKeyCode":99}}
08:51:09.555 [nioEventLoopGroup-8-1] DEBUG c.i.k.driver.chrome_1752371462972 - << {"id":75,"result":{},"sessionId":"D57DC21B0C0AB4B979BD8AAC49FDD8A9"}
08:51:09.558 [main] DEBUG c.i.k.driver.chrome_1752371462972 - >> {"id":76,"sessionId":"D57DC21B0C0AB4B979BD8AAC49FDD8A9","method":"Input.dispatchKeyEvent","params":{"modifiers":0,"type":"keyUp","text":"c","windowsVirtualKeyCode":99}}
08:51:09.564 [nioEventLoopGroup-8-1] DEBUG c.i.k.driver.chrome_1752371462972 - << {"id":76,"result":{},"sessionId":"D57DC21B0C0AB4B979BD8AAC49FDD8A9"}
08:51:09.565 [main] DEBUG c.i.k.driver.chrome_1752371462972 - >> {"id":77,"sessionId":"D57DC21B0C0AB4B979BD8AAC49FDD8A9","method":"Input.dispatchKeyEvent","params":{"modifiers":0,"type":"rawKeyDown","text":"r","windowsVirtualKeyCode":114}}
08:51:09.567 [nioEventLoopGroup-8-1] DEBUG c.i.k.driver.chrome_1752371462972 - << {"id":77,"result":{},"sessionId":"D57DC21B0C0AB4B979BD8AAC49FDD8A9"}
08:51:09.572 [main] DEBUG c.i.k.driver.chrome_1752371462972 - >> {"id":78,"sessionId":"D57DC21B0C0AB4B979BD8AAC49FDD8A9","method":"Input.dispatchKeyEvent","params":{"modifiers":0,"type":"char","text":"r","windowsVirtualKeyCode":114}}
08:51:09.578 [nioEventLoopGroup-8-1] DEBUG c.i.k.driver.chrome_1752371462972 - << {"id":78,"result":{},"sessionId":"D57DC21B0C0AB4B979BD8AAC49FDD8A9"}
08:51:09.581 [main] DEBUG c.i.k.driver.chrome_1752371462972 - >> {"id":79,"sessionId":"D57DC21B0C0AB4B979BD8AAC49FDD8A9","method":"Input.dispatchKeyEvent","params":{"modifiers":0,"type":"keyUp","text":"r","windowsVirtualKeyCode":114}}
08:51:09.587 [nioEventLoopGroup-8-1] DEBUG c.i.k.driver.chrome_1752371462972 - << {"id":79,"result":{},"sessionId":"D57DC21B0C0AB4B979BD8AAC49FDD8A9"}
08:51:09.590 [main] DEBUG c.i.k.driver.chrome_1752371462972 - >> {"id":80,"sessionId":"D57DC21B0C0AB4B979BD8AAC49FDD8A9","method":"Input.dispatchKeyEvent","params":{"modifiers":0,"type":"rawKeyDown","text":"e","windowsVirtualKeyCode":101}}
08:51:09.598 [nioEventLoopGroup-8-1] DEBUG c.i.k.driver.chrome_1752371462972 - << {"id":80,"result":{},"sessionId":"D57DC21B0C0AB4B979BD8AAC49FDD8A9"}
08:51:09.599 [main] DEBUG c.i.k.driver.chrome_1752371462972 - >> {"id":81,"sessionId":"D57DC21B0C0AB4B979BD8AAC49FDD8A9","method":"Input.dispatchKeyEvent","params":{"modifiers":0,"type":"char","text":"e","windowsVirtualKeyCode":101}}
08:51:09.606 [nioEventLoopGroup-8-1] DEBUG c.i.k.driver.chrome_1752371462972 - << {"id":81,"result":{},"sessionId":"D57DC21B0C0AB4B979BD8AAC49FDD8A9"}
08:51:09.607 [main] DEBUG c.i.k.driver.chrome_1752371462972 - >> {"id":82,"sessionId":"D57DC21B0C0AB4B979BD8AAC49FDD8A9","method":"Input.dispatchKeyEvent","params":{"modifiers":0,"type":"keyUp","text":"e","windowsVirtualKeyCode":101}}
08:51:09.613 [nioEventLoopGroup-8-1] DEBUG c.i.k.driver.chrome_1752371462972 - << {"id":82,"result":{},"sessionId":"D57DC21B0C0AB4B979BD8AAC49FDD8A9"}
08:51:09.614 [main] DEBUG c.i.k.driver.chrome_1752371462972 - >> {"id":83,"sessionId":"D57DC21B0C0AB4B979BD8AAC49FDD8A9","method":"Input.dispatchKeyEvent","params":{"modifiers":0,"type":"rawKeyDown","text":"t","windowsVirtualKeyCode":116}}
08:51:09.616 [nioEventLoopGroup-8-1] DEBUG c.i.k.driver.chrome_1752371462972 - << {"id":83,"result":{},"sessionId":"D57DC21B0C0AB4B979BD8AAC49FDD8A9"}
08:51:09.617 [main] DEBUG c.i.k.driver.chrome_1752371462972 - >> {"id":84,"sessionId":"D57DC21B0C0AB4B979BD8AAC49FDD8A9","method":"Input.dispatchKeyEvent","params":{"modifiers":0,"type":"char","text":"t","windowsVirtualKeyCode":116}}
08:51:09.621 [nioEventLoopGroup-8-1] DEBUG c.i.k.driver.chrome_1752371462972 - << {"id":84,"result":{},"sessionId":"D57DC21B0C0AB4B979BD8AAC49FDD8A9"}
08:51:09.621 [main] DEBUG c.i.k.driver.chrome_1752371462972 - >> {"id":85,"sessionId":"D57DC21B0C0AB4B979BD8AAC49FDD8A9","method":"Input.dispatchKeyEvent","params":{"modifiers":0,"type":"keyUp","text":"t","windowsVirtualKeyCode":116}}
08:51:09.628 [nioEventLoopGroup-8-1] DEBUG c.i.k.driver.chrome_1752371462972 - << {"id":85,"result":{},"sessionId":"D57DC21B0C0AB4B979BD8AAC49FDD8A9"}
08:51:09.630 [main] DEBUG c.i.k.driver.chrome_1752371462972 - >> {"id":86,"sessionId":"D57DC21B0C0AB4B979BD8AAC49FDD8A9","method":"Input.dispatchKeyEvent","params":{"modifiers":0,"type":"rawKeyDown","text":"_","windowsVirtualKeyCode":523}}
08:51:09.632 [nioEventLoopGroup-8-1] DEBUG c.i.k.driver.chrome_1752371462972 - << {"id":86,"result":{},"sessionId":"D57DC21B0C0AB4B979BD8AAC49FDD8A9"}
08:51:09.632 [main] DEBUG c.i.k.driver.chrome_1752371462972 - >> {"id":87,"sessionId":"D57DC21B0C0AB4B979BD8AAC49FDD8A9","method":"Input.dispatchKeyEvent","params":{"modifiers":0,"type":"char","text":"_","windowsVirtualKeyCode":523}}
08:51:09.636 [nioEventLoopGroup-8-1] DEBUG c.i.k.driver.chrome_1752371462972 - << {"id":87,"result":{},"sessionId":"D57DC21B0C0AB4B979BD8AAC49FDD8A9"}
08:51:09.642 [main] DEBUG c.i.k.driver.chrome_1752371462972 - >> {"id":88,"sessionId":"D57DC21B0C0AB4B979BD8AAC49FDD8A9","method":"Input.dispatchKeyEvent","params":{"modifiers":0,"type":"keyUp","text":"_","windowsVirtualKeyCode":523}}
08:51:09.645 [nioEventLoopGroup-8-1] DEBUG c.i.k.driver.chrome_1752371462972 - << {"id":88,"result":{},"sessionId":"D57DC21B0C0AB4B979BD8AAC49FDD8A9"}
08:51:09.646 [main] DEBUG c.i.k.driver.chrome_1752371462972 - >> {"id":89,"sessionId":"D57DC21B0C0AB4B979BD8AAC49FDD8A9","method":"Input.dispatchKeyEvent","params":{"modifiers":0,"type":"rawKeyDown","text":"s","windowsVirtualKeyCode":115}}
08:51:09.651 [nioEventLoopGroup-8-1] DEBUG c.i.k.driver.chrome_1752371462972 - << {"id":89,"result":{},"sessionId":"D57DC21B0C0AB4B979BD8AAC49FDD8A9"}
08:51:09.652 [main] DEBUG c.i.k.driver.chrome_1752371462972 - >> {"id":90,"sessionId":"D57DC21B0C0AB4B979BD8AAC49FDD8A9","method":"Input.dispatchKeyEvent","params":{"modifiers":0,"type":"char","text":"s","windowsVirtualKeyCode":115}}
08:51:09.656 [nioEventLoopGroup-8-1] DEBUG c.i.k.driver.chrome_1752371462972 - << {"id":90,"result":{},"sessionId":"D57DC21B0C0AB4B979BD8AAC49FDD8A9"}
08:51:09.657 [main] DEBUG c.i.k.driver.chrome_1752371462972 - >> {"id":91,"sessionId":"D57DC21B0C0AB4B979BD8AAC49FDD8A9","method":"Input.dispatchKeyEvent","params":{"modifiers":0,"type":"keyUp","text":"s","windowsVirtualKeyCode":115}}
08:51:09.665 [nioEventLoopGroup-8-1] DEBUG c.i.k.driver.chrome_1752371462972 - << {"id":91,"result":{},"sessionId":"D57DC21B0C0AB4B979BD8AAC49FDD8A9"}
08:51:09.666 [main] DEBUG c.i.k.driver.chrome_1752371462972 - >> {"id":92,"sessionId":"D57DC21B0C0AB4B979BD8AAC49FDD8A9","method":"Input.dispatchKeyEvent","params":{"modifiers":0,"type":"rawKeyDown","text":"a","windowsVirtualKeyCode":97}}
08:51:09.668 [nioEventLoopGroup-8-1] DEBUG c.i.k.driver.chrome_1752371462972 - << {"id":92,"result":{},"sessionId":"D57DC21B0C0AB4B979BD8AAC49FDD8A9"}
08:51:09.669 [main] DEBUG c.i.k.driver.chrome_1752371462972 - >> {"id":93,"sessionId":"D57DC21B0C0AB4B979BD8AAC49FDD8A9","method":"Input.dispatchKeyEvent","params":{"modifiers":0,"type":"char","text":"a","windowsVirtualKeyCode":97}}
08:51:09.674 [nioEventLoopGroup-8-1] DEBUG c.i.k.driver.chrome_1752371462972 - << {"id":93,"result":{},"sessionId":"D57DC21B0C0AB4B979BD8AAC49FDD8A9"}
08:51:09.675 [main] DEBUG c.i.k.driver.chrome_1752371462972 - >> {"id":94,"sessionId":"D57DC21B0C0AB4B979BD8AAC49FDD8A9","method":"Input.dispatchKeyEvent","params":{"modifiers":0,"type":"keyUp","text":"a","windowsVirtualKeyCode":97}}
08:51:09.682 [nioEventLoopGroup-8-1] DEBUG c.i.k.driver.chrome_1752371462972 - << {"id":94,"result":{},"sessionId":"D57DC21B0C0AB4B979BD8AAC49FDD8A9"}
08:51:09.683 [main] DEBUG c.i.k.driver.chrome_1752371462972 - >> {"id":95,"sessionId":"D57DC21B0C0AB4B979BD8AAC49FDD8A9","method":"Input.dispatchKeyEvent","params":{"modifiers":0,"type":"rawKeyDown","text":"u","windowsVirtualKeyCode":117}}
08:51:09.685 [nioEventLoopGroup-8-1] DEBUG c.i.k.driver.chrome_1752371462972 - << {"id":95,"result":{},"sessionId":"D57DC21B0C0AB4B979BD8AAC49FDD8A9"}
08:51:09.686 [main] DEBUG c.i.k.driver.chrome_1752371462972 - >> {"id":96,"sessionId":"D57DC21B0C0AB4B979BD8AAC49FDD8A9","method":"Input.dispatchKeyEvent","params":{"modifiers":0,"type":"char","text":"u","windowsVirtualKeyCode":117}}
08:51:09.691 [nioEventLoopGroup-8-1] DEBUG c.i.k.driver.chrome_1752371462972 - << {"id":96,"result":{},"sessionId":"D57DC21B0C0AB4B979BD8AAC49FDD8A9"}
08:51:09.691 [main] DEBUG c.i.k.driver.chrome_1752371462972 - >> {"id":97,"sessionId":"D57DC21B0C0AB4B979BD8AAC49FDD8A9","method":"Input.dispatchKeyEvent","params":{"modifiers":0,"type":"keyUp","text":"u","windowsVirtualKeyCode":117}}
08:51:09.693 [nioEventLoopGroup-8-1] DEBUG c.i.k.driver.chrome_1752371462972 - << {"id":97,"result":{},"sessionId":"D57DC21B0C0AB4B979BD8AAC49FDD8A9"}
08:51:09.694 [main] DEBUG c.i.k.driver.chrome_1752371462972 - >> {"id":98,"sessionId":"D57DC21B0C0AB4B979BD8AAC49FDD8A9","method":"Input.dispatchKeyEvent","params":{"modifiers":0,"type":"rawKeyDown","text":"c","windowsVirtualKeyCode":99}}
08:51:09.700 [nioEventLoopGroup-8-1] DEBUG c.i.k.driver.chrome_1752371462972 - << {"id":98,"result":{},"sessionId":"D57DC21B0C0AB4B979BD8AAC49FDD8A9"}
08:51:09.703 [main] DEBUG c.i.k.driver.chrome_1752371462972 - >> {"id":99,"sessionId":"D57DC21B0C0AB4B979BD8AAC49FDD8A9","method":"Input.dispatchKeyEvent","params":{"modifiers":0,"type":"char","text":"c","windowsVirtualKeyCode":99}}
08:51:09.708 [nioEventLoopGroup-8-1] DEBUG c.i.k.driver.chrome_1752371462972 - << {"id":99,"result":{},"sessionId":"D57DC21B0C0AB4B979BD8AAC49FDD8A9"}
08:51:09.708 [main] DEBUG c.i.k.driver.chrome_1752371462972 - >> {"id":100,"sessionId":"D57DC21B0C0AB4B979BD8AAC49FDD8A9","method":"Input.dispatchKeyEvent","params":{"modifiers":0,"type":"keyUp","text":"c","windowsVirtualKeyCode":99}}
08:51:09.716 [nioEventLoopGroup-8-1] DEBUG c.i.k.driver.chrome_1752371462972 - << {"id":100,"result":{},"sessionId":"D57DC21B0C0AB4B979BD8AAC49FDD8A9"}
08:51:09.718 [main] DEBUG c.i.k.driver.chrome_1752371462972 - >> {"id":101,"sessionId":"D57DC21B0C0AB4B979BD8AAC49FDD8A9","method":"Input.dispatchKeyEvent","params":{"modifiers":0,"type":"rawKeyDown","text":"e","windowsVirtualKeyCode":101}}
08:51:09.721 [nioEventLoopGroup-8-1] DEBUG c.i.k.driver.chrome_1752371462972 - << {"id":101,"result":{},"sessionId":"D57DC21B0C0AB4B979BD8AAC49FDD8A9"}
08:51:09.721 [main] DEBUG c.i.k.driver.chrome_1752371462972 - >> {"id":102,"sessionId":"D57DC21B0C0AB4B979BD8AAC49FDD8A9","method":"Input.dispatchKeyEvent","params":{"modifiers":0,"type":"char","text":"e","windowsVirtualKeyCode":101}}
08:51:09.726 [nioEventLoopGroup-8-1] DEBUG c.i.k.driver.chrome_1752371462972 - << {"id":102,"result":{},"sessionId":"D57DC21B0C0AB4B979BD8AAC49FDD8A9"}
08:51:09.726 [main] DEBUG c.i.k.driver.chrome_1752371462972 - >> {"id":103,"sessionId":"D57DC21B0C0AB4B979BD8AAC49FDD8A9","method":"Input.dispatchKeyEvent","params":{"modifiers":0,"type":"keyUp","text":"e","windowsVirtualKeyCode":101}}
08:51:09.735 [nioEventLoopGroup-8-1] DEBUG c.i.k.driver.chrome_1752371462972 - << {"id":103,"result":{},"sessionId":"D57DC21B0C0AB4B979BD8AAC49FDD8A9"}
08:51:09.739 [main] DEBUG c.i.k.driver.chrome_1752371462972 - >> {"id":104,"sessionId":"D57DC21B0C0AB4B979BD8AAC49FDD8A9","method":"Runtime.evaluate","params":{"expression":"document.evaluate(\"\/\/*[@id='login-button']\", document, null, 9, null).singleNodeValue.click()","returnByValue":true}}
08:51:09.772 [nioEventLoopGroup-8-1] DEBUG c.i.k.driver.chrome_1752371462972 - << {"id":104,"result":{"result":{"type":"undefined"}},"sessionId":"D57DC21B0C0AB4B979BD8AAC49FDD8A9"}
08:51:09.779 [main] DEBUG c.i.k.driver.chrome_1752371462972 - >> {"id":105,"sessionId":"D57DC21B0C0AB4B979BD8AAC49FDD8A9","method":"Target.closeTarget","params":{"targetId":"D1F2A4DBCD63D461E566794C7B51D626"}}
08:51:09.780 [nioEventLoopGroup-8-1] DEBUG c.i.k.driver.chrome_1752371462972 - << {"id":105,"result":{"success":true},"sessionId":"D57DC21B0C0AB4B979BD8AAC49FDD8A9"}
08:51:09.781 [nioEventLoopGroup-8-1] DEBUG c.i.k.http.WebSocketClientHandler - websocket closing
08:51:09.781 [nioEventLoopGroup-8-1] DEBUG c.i.k.http.WebSocketClientHandler - websocket client disconnected
08:51:09.785 [main] DEBUG com.intuit.karate.shell.Command - closing command: chrome_1752371462972
08:51:09.800 [main] INFO  com.intuit.karate - karate.env system property was: null 
08:51:09.811 [main] DEBUG com.intuit.karate.shell.Command - found / verified free local port: 53830
08:51:09.812 [main] WARN  c.intuit.karate.driver.DriverOptions - preferred port 9222 not available, will use: 53830
08:51:09.813 [main] DEBUG c.i.k.driver.chrome_1752371469810 - poll attempt #0 for port to be ready - localhost:53830
08:51:09.821 [chrome_1752371469810] DEBUG c.i.k.driver.chrome_1752371469810 - command: [C:\Program Files\Google\Chrome\Application\chrome.exe, --remote-debugging-port=53830, --remote-allow-origins=*, --no-first-run, --user-data-dir=E:\Duy\Projects\practices\karate_framework\demo\target\chrome_1752371469810, --disable-popup-blocking], working dir: target\chrome_1752371469810
08:51:09.927 [chrome_1752371462972] WARN  com.intuit.karate.shell.Command - exit code was non-zero: 1 - [C:\Program Files\Google\Chrome\Application\chrome.exe, --remote-debugging-port=53796, --remote-allow-origins=*, --no-first-run, --user-data-dir=E:\Duy\Projects\practices\karate_framework\demo\target\chrome_1752371462972, --disable-popup-blocking] working dir: target\chrome_1752371462972
08:51:10.070 [main] DEBUG c.i.k.driver.chrome_1752371469810 - poll attempt #1 for port to be ready - localhost:53830
08:51:10.262 [chrome_1752371469810-out] DEBUG c.i.k.driver.chrome_1752371469810 - 
08:51:10.262 [chrome_1752371469810-out] DEBUG c.i.k.driver.chrome_1752371469810 - DevTools listening on ws://127.0.0.1:53830/devtools/browser/5e58a79e-9602-442e-811b-4ab520eccea4
08:51:10.323 [main] DEBUG c.i.k.driver.chrome_1752371469810 - poll attempt #2 for port to be ready - localhost:53830
08:51:10.339 [main] DEBUG com.intuit.karate - request:
1 > GET http://localhost:53830/json
1 > Host: localhost:53830
1 > Connection: Keep-Alive
1 > User-Agent: Apache-HttpClient/4.5.14 (Java/21.0.7)
1 > Accept-Encoding: gzip,deflate


08:51:10.485 [main] DEBUG com.intuit.karate - response time in milliseconds: 145
1 < 200
1 < Content-Security-Policy: frame-ancestors 'none'
1 < Content-Length: 986
1 < Content-Type: application/json; charset=UTF-8
[ {
   "description": "",
   "devtoolsFrontendUrl": "https://chrome-devtools-frontend.appspot.com/serve_rev/@a2159ad9ab8037bd34a21b9903003e0964c2075b/inspector.html?ws=localhost:53830/devtools/page/A67F2CE13C09615210E6FC95D62939F1",
   "id": "A67F2CE13C09615210E6FC95D62939F1",
   "title": "Google Hangouts",
   "type": "background_page",
   "url": "chrome-extension://nkeimhogjdpnpccoofpliimaahmaaome/background.html",
   "webSocketDebuggerUrl": "ws://localhost:53830/devtools/page/A67F2CE13C09615210E6FC95D62939F1"
}, {
   "description": "",
   "devtoolsFrontendUrl": "https://chrome-devtools-frontend.appspot.com/serve_rev/@a2159ad9ab8037bd34a21b9903003e0964c2075b/inspector.html?ws=localhost:53830/devtools/page/F7C0FF5DF9766D773C4B0B334D71AE08",
   "id": "F7C0FF5DF9766D773C4B0B334D71AE08",
   "title": "New Tab",
   "type": "page",
   "url": "chrome://newtab/",
   "webSocketDebuggerUrl": "ws://localhost:53830/devtools/page/F7C0FF5DF9766D773C4B0B334D71AE08"
} ]


08:51:10.486 [main] DEBUG com.intuit.karate.shell.Command - ready to accept http connections after 156 ms - http://localhost:53830/json
08:51:10.490 [main] DEBUG com.intuit.karate - request:
1 > GET http://localhost:53830/json
1 > Host: localhost:53830
1 > Connection: Keep-Alive
1 > User-Agent: Apache-HttpClient/4.5.14 (Java/21.0.7)
1 > Accept-Encoding: gzip,deflate


08:51:10.525 [main] DEBUG com.intuit.karate - response time in milliseconds: 35
1 < 200
1 < Content-Security-Policy: frame-ancestors 'none'
1 < Content-Length: 986
1 < Content-Type: application/json; charset=UTF-8
[ {
   "description": "",
   "devtoolsFrontendUrl": "https://chrome-devtools-frontend.appspot.com/serve_rev/@a2159ad9ab8037bd34a21b9903003e0964c2075b/inspector.html?ws=localhost:53830/devtools/page/A67F2CE13C09615210E6FC95D62939F1",
   "id": "A67F2CE13C09615210E6FC95D62939F1",
   "title": "Google Hangouts",
   "type": "background_page",
   "url": "chrome-extension://nkeimhogjdpnpccoofpliimaahmaaome/background.html",
   "webSocketDebuggerUrl": "ws://localhost:53830/devtools/page/A67F2CE13C09615210E6FC95D62939F1"
}, {
   "description": "",
   "devtoolsFrontendUrl": "https://chrome-devtools-frontend.appspot.com/serve_rev/@a2159ad9ab8037bd34a21b9903003e0964c2075b/inspector.html?ws=localhost:53830/devtools/page/F7C0FF5DF9766D773C4B0B334D71AE08",
   "id": "F7C0FF5DF9766D773C4B0B334D71AE08",
   "title": "New Tab",
   "type": "page",
   "url": "chrome://newtab/",
   "webSocketDebuggerUrl": "ws://localhost:53830/devtools/page/F7C0FF5DF9766D773C4B0B334D71AE08"
} ]


08:51:10.529 [main] DEBUG c.i.k.driver.chrome_1752371469810 - root frame id: F7C0FF5DF9766D773C4B0B334D71AE08
08:51:10.700 [nioEventLoopGroup-9-1] DEBUG c.i.k.http.WebSocketClientHandler - websocket client connected
08:51:10.700 [main] DEBUG c.i.k.driver.chrome_1752371469810 - >> {"id":1,"method":"Target.attachToTarget","params":{"targetId":"F7C0FF5DF9766D773C4B0B334D71AE08","flatten":true}}
08:51:10.703 [nioEventLoopGroup-9-1] DEBUG c.i.k.driver.chrome_1752371469810 - << {"method":"Target.attachedToTarget","params":{"sessionId":"14620DBA3425FD989CD365D375FA78D0","targetInfo":{"targetId":"F7C0FF5DF9766D773C4B0B334D71AE08","type":"page","title":"New Tab","url":"chrome://newtab/","attached":true,"canAccessOpener":false,"browserContextId":"A9C0145B3C90C7E655E459006FDB1CD2"},"waitingForDebugger":false}}
08:51:10.704 [nioEventLoopGroup-9-1] DEBUG c.i.k.driver.chrome_1752371469810 - << {"id":1,"result":{"sessionId":"14620DBA3425FD989CD365D375FA78D0"}}
08:51:10.704 [main] DEBUG c.i.k.driver.chrome_1752371469810 - >> {"id":2,"sessionId":"14620DBA3425FD989CD365D375FA78D0","method":"Target.activateTarget","params":{"targetId":"F7C0FF5DF9766D773C4B0B334D71AE08"}}
08:51:10.707 [nioEventLoopGroup-9-1] DEBUG c.i.k.driver.chrome_1752371469810 - << {"id":2,"result":{},"sessionId":"14620DBA3425FD989CD365D375FA78D0"}
08:51:10.707 [main] DEBUG c.i.k.driver.chrome_1752371469810 - >> {"id":3,"sessionId":"14620DBA3425FD989CD365D375FA78D0","method":"Target.setDiscoverTargets","params":{"discover":true}}
08:51:10.709 [nioEventLoopGroup-9-1] DEBUG c.i.k.driver.chrome_1752371469810 - << {"method":"Target.targetCreated","params":{"targetInfo":{"targetId":"A67F2CE13C09615210E6FC95D62939F1","type":"background_page","title":"Google Hangouts","url":"chrome-extension://nkeimhogjdpnpccoofpliimaahmaaome/background.html","attached":false,"canAccessOpener":false,"browserContextId":"A9C0145B3C90C7E655E459006FDB1CD2"}},"sessionId":"14620DBA3425FD989CD365D375FA78D0"}
08:51:10.709 [nioEventLoopGroup-9-1] DEBUG c.i.k.driver.chrome_1752371469810 - << {"method":"Target.targetCreated","params":{"targetInfo":{"targetId":"F7C0FF5DF9766D773C4B0B334D71AE08","type":"page","title":"New Tab","url":"chrome://newtab/","attached":true,"canAccessOpener":false,"browserContextId":"A9C0145B3C90C7E655E459006FDB1CD2"}},"sessionId":"14620DBA3425FD989CD365D375FA78D0"}
08:51:10.709 [nioEventLoopGroup-9-1] DEBUG c.i.k.driver.chrome_1752371469810 - << {"id":3,"result":{},"sessionId":"14620DBA3425FD989CD365D375FA78D0"}
08:51:10.710 [main] DEBUG c.i.k.driver.chrome_1752371469810 - >> {"id":4,"sessionId":"14620DBA3425FD989CD365D375FA78D0","method":"Page.enable"}
08:51:10.715 [nioEventLoopGroup-9-1] DEBUG c.i.k.driver.chrome_1752371469810 - << {"id":4,"result":{},"sessionId":"14620DBA3425FD989CD365D375FA78D0"}
08:51:10.716 [main] DEBUG c.i.k.driver.chrome_1752371469810 - >> {"id":5,"sessionId":"14620DBA3425FD989CD365D375FA78D0","method":"Runtime.enable"}
08:51:10.826 [nioEventLoopGroup-9-1] DEBUG c.i.k.driver.chrome_1752371469810 - << {"method":"Page.domContentEventFired","params":{"timestamp":251522.36097},"sessionId":"14620DBA3425FD989CD365D375FA78D0"}
08:51:10.835 [nioEventLoopGroup-9-1] DEBUG c.i.k.driver.chrome_1752371469810 - << {"method":"Runtime.executionContextCreated","params":{"context":{"id":2,"origin":"chrome://new-tab-page","name":"","uniqueId":"8476267212705674208.-1376545889093880356","auxData":{"isDefault":true,"type":"default","frameId":"307103CC170F9BBC011C6932D46ECB39"}}},"sessionId":"14620DBA3425FD989CD365D375FA78D0"}
08:51:10.836 [nioEventLoopGroup-9-1] DEBUG c.i.k.driver.chrome_1752371469810 - << {"method":"Runtime.executionContextCreated","params":{"context":{"id":1,"origin":"chrome://new-tab-page","name":"","uniqueId":"3628628454334245507.-8092218791480312539","auxData":{"isDefault":true,"type":"default","frameId":"F7C0FF5DF9766D773C4B0B334D71AE08"}}},"sessionId":"14620DBA3425FD989CD365D375FA78D0"}
08:51:10.836 [nioEventLoopGroup-9-1] DEBUG c.i.k.driver.chrome_1752371469810 - << {"id":5,"result":{},"sessionId":"14620DBA3425FD989CD365D375FA78D0"}
08:51:10.837 [main] DEBUG c.i.k.driver.chrome_1752371469810 - >> {"id":6,"sessionId":"14620DBA3425FD989CD365D375FA78D0","method":"Browser.getWindowForTarget","params":{"targetId":"F7C0FF5DF9766D773C4B0B334D71AE08"}}
08:51:10.839 [nioEventLoopGroup-9-1] DEBUG c.i.k.driver.chrome_1752371469810 - << {"id":6,"result":{"windowId":301462150,"bounds":{"left":10,"top":10,"width":945,"height":1060,"windowState":"normal"}},"sessionId":"14620DBA3425FD989CD365D375FA78D0"}
08:51:10.846 [nioEventLoopGroup-9-1] DEBUG c.i.k.driver.chrome_1752371469810 - << {"method":"Page.loadEventFired","params":{"timestamp":251522.387889},"sessionId":"14620DBA3425FD989CD365D375FA78D0"}
08:51:10.847 [nioEventLoopGroup-9-1] DEBUG c.i.k.driver.chrome_1752371469810 - << {"method":"Page.frameStoppedLoading","params":{"frameId":"F7C0FF5DF9766D773C4B0B334D71AE08"},"sessionId":"14620DBA3425FD989CD365D375FA78D0"}
08:51:10.877 [nioEventLoopGroup-9-1] DEBUG c.i.k.driver.chrome_1752371469810 - << {"method":"Page.frameAttached","params":{"frameId":"608E57759768086CDEBDC680ED3D57A3","parentFrameId":"F7C0FF5DF9766D773C4B0B334D71AE08","stack":{"callFrames":[{"functionName":"O","scriptId":"11","url":"chrome://resources/lit/v3_0/lit.rollup.js","lineNumber":15,"columnNumber":4320},{"functionName":"T","scriptId":"11","url":"chrome://resources/lit/v3_0/lit.rollup.js","lineNumber":15,"columnNumber":4394},{"functionName":"$","scriptId":"11","url":"chrome://resources/lit/v3_0/lit.rollup.js","lineNumber":15,"columnNumber":4743},{"functionName":"_$AI","scriptId":"11","url":"chrome://resources/lit/v3_0/lit.rollup.js","lineNumber":15,"columnNumber":4227},{"functionName":"B","scriptId":"11","url":"chrome://resources/lit/v3_0/lit.rollup.js","lineNumber":15,"columnNumber":7111},{"functionName":"update","scriptId":"11","url":"chrome://resources/lit/v3_0/lit.rollup.js","lineNumber":20,"columnNumber":369},{"functionName":"performUpdate","scriptId":"11","url":"chrome://resources/lit/v3_0/lit.rollup.js","lineNumber":10,"colu ...
08:51:10.878 [nioEventLoopGroup-9-1] DEBUG c.i.k.driver.chrome_1752371469810 - << {"method":"Page.frameRequestedNavigation","params":{"frameId":"608E57759768086CDEBDC680ED3D57A3","reason":"initialFrameNavigation","url":"chrome-untrusted://new-tab-page/one-google-bar?paramsencoded=","disposition":"currentTab"},"sessionId":"14620DBA3425FD989CD365D375FA78D0"}
08:51:10.888 [nioEventLoopGroup-9-1] DEBUG c.i.k.driver.chrome_1752371469810 - << {"method":"Page.frameStartedNavigating","params":{"frameId":"608E57759768086CDEBDC680ED3D57A3","url":"chrome-untrusted://new-tab-page/one-google-bar?paramsencoded=","loaderId":"64B2423942946A33096AD2FC52FA7FC8","navigationType":"differentDocument"},"sessionId":"14620DBA3425FD989CD365D375FA78D0"}
08:51:10.889 [nioEventLoopGroup-9-1] DEBUG c.i.k.driver.chrome_1752371469810 - << {"method":"Page.frameStartedLoading","params":{"frameId":"608E57759768086CDEBDC680ED3D57A3"},"sessionId":"14620DBA3425FD989CD365D375FA78D0"}
08:51:10.943 [main] DEBUG c.i.k.driver.chrome_1752371469810 - >> {"id":7,"sessionId":"14620DBA3425FD989CD365D375FA78D0","method":"Page.navigate","params":{"url":"https:\/\/saucedemo.com\/"}}
08:51:10.954 [nioEventLoopGroup-9-1] DEBUG c.i.k.driver.chrome_1752371469810 - << {"method":"Page.frameStartedNavigating","params":{"frameId":"F7C0FF5DF9766D773C4B0B334D71AE08","url":"https://saucedemo.com/","loaderId":"75DA3B225B62A407F37F916E2F21F5F6","navigationType":"differentDocument"},"sessionId":"14620DBA3425FD989CD365D375FA78D0"}
08:51:10.955 [nioEventLoopGroup-9-1] DEBUG c.i.k.driver.chrome_1752371469810 - << {"method":"Page.frameStartedLoading","params":{"frameId":"F7C0FF5DF9766D773C4B0B334D71AE08"},"sessionId":"14620DBA3425FD989CD365D375FA78D0"}
08:51:11.182 [nioEventLoopGroup-9-1] DEBUG c.i.k.driver.chrome_1752371469810 - << {"method":"Target.targetCreated","params":{"targetInfo":{"targetId":"6FF7D52466369EA59C60701D390336AE","type":"service_worker","title":"Service Worker chrome-extension://fignfifoniblkonapihmkfakmlgkbkcf/service_worker.js","url":"chrome-extension://fignfifoniblkonapihmkfakmlgkbkcf/service_worker.js","attached":false,"canAccessOpener":false,"browserContextId":"A9C0145B3C90C7E655E459006FDB1CD2"}},"sessionId":"14620DBA3425FD989CD365D375FA78D0"}
08:51:11.655 [nioEventLoopGroup-9-1] DEBUG c.i.k.driver.chrome_1752371469810 - << {"id":7,"result":{"frameId":"F7C0FF5DF9766D773C4B0B334D71AE08","loaderId":"75DA3B225B62A407F37F916E2F21F5F6"},"sessionId":"14620DBA3425FD989CD365D375FA78D0"}
08:51:11.658 [nioEventLoopGroup-9-1] DEBUG c.i.k.driver.chrome_1752371469810 - << {"method":"Runtime.executionContextsCleared","params":{},"sessionId":"14620DBA3425FD989CD365D375FA78D0"}
08:51:11.661 [nioEventLoopGroup-9-1] DEBUG c.i.k.driver.chrome_1752371469810 - << {"method":"Runtime.executionContextsCleared","params":{},"sessionId":"14620DBA3425FD989CD365D375FA78D0"}
08:51:11.661 [nioEventLoopGroup-9-1] DEBUG c.i.k.driver.chrome_1752371469810 - << {"method":"Page.frameNavigated","params":{"frame":{"id":"F7C0FF5DF9766D773C4B0B334D71AE08","loaderId":"75DA3B225B62A407F37F916E2F21F5F6","url":"https://www.saucedemo.com/","domainAndRegistry":"saucedemo.com","securityOrigin":"https://www.saucedemo.com","securityOriginDetails":{"isLocalhost":false},"mimeType":"text/html","adFrameStatus":{"adFrameType":"none"},"secureContextType":"Secure","crossOriginIsolatedContextType":"NotIsolated","gatedAPIFeatures":[]},"type":"Navigation"},"sessionId":"14620DBA3425FD989CD365D375FA78D0"}
08:51:11.666 [nioEventLoopGroup-9-1] DEBUG c.i.k.driver.chrome_1752371469810 - << {"method":"Page.frameStoppedLoading","params":{"frameId":"608E57759768086CDEBDC680ED3D57A3"},"sessionId":"14620DBA3425FD989CD365D375FA78D0"}
08:51:11.683 [nioEventLoopGroup-9-1] DEBUG c.i.k.driver.chrome_1752371469810 - << {"method":"Target.targetInfoChanged","params":{"targetInfo":{"targetId":"F7C0FF5DF9766D773C4B0B334D71AE08","type":"page","title":"saucedemo.com","url":"https://www.saucedemo.com/","attached":true,"canAccessOpener":false,"browserContextId":"A9C0145B3C90C7E655E459006FDB1CD2"}},"sessionId":"14620DBA3425FD989CD365D375FA78D0"}
08:51:11.689 [nioEventLoopGroup-9-1] DEBUG c.i.k.driver.chrome_1752371469810 - << {"method":"Runtime.executionContextCreated","params":{"context":{"id":1,"origin":"https://www.saucedemo.com","name":"","uniqueId":"9218409482594753220.-2416555759694242746","auxData":{"isDefault":true,"type":"default","frameId":"F7C0FF5DF9766D773C4B0B334D71AE08"}}},"sessionId":"14620DBA3425FD989CD365D375FA78D0"}
08:51:12.300 [nioEventLoopGroup-9-1] DEBUG c.i.k.driver.chrome_1752371469810 - << {"method":"Page.domContentEventFired","params":{"timestamp":251523.834729},"sessionId":"14620DBA3425FD989CD365D375FA78D0"}
08:51:12.309 [main] INFO  c.intuit.karate.core.FeatureRuntime - classpath:UI/LoginUI/LoginPage.feature - call by tag at line 7: action_attemptLogin
08:51:12.344 [main] DEBUG c.intuit.karate.core.ScenarioEngine - over-writing existing variable 'loginPage' with new value: read('classpath:UI/LoginUI/saucedemo-LoginPage.json')
08:51:12.351 [main] DEBUG c.i.k.driver.chrome_1752371469810 - >> {"id":8,"sessionId":"14620DBA3425FD989CD365D375FA78D0","method":"Runtime.evaluate","params":{"expression":"var e = document.evaluate(\"\/\/*[@id='user-name']\", document, null, 9, null).singleNodeValue; e.focus(); try { e.selectionStart = e.selectionEnd = e.value.length } catch(x) {}","returnByValue":true}}
08:51:12.360 [nioEventLoopGroup-9-1] DEBUG c.i.k.driver.chrome_1752371469810 - << {"id":8,"result":{"result":{"type":"number","value":0,"description":"0"}},"sessionId":"14620DBA3425FD989CD365D375FA78D0"}
08:51:12.361 [main] DEBUG c.i.k.driver.chrome_1752371469810 - >> {"id":9,"sessionId":"14620DBA3425FD989CD365D375FA78D0","method":"Input.dispatchKeyEvent","params":{"modifiers":0,"type":"rawKeyDown","text":"s","windowsVirtualKeyCode":115}}
08:51:12.368 [nioEventLoopGroup-9-1] DEBUG c.i.k.driver.chrome_1752371469810 - << {"id":9,"result":{},"sessionId":"14620DBA3425FD989CD365D375FA78D0"}
08:51:12.371 [main] DEBUG c.i.k.driver.chrome_1752371469810 - >> {"id":10,"sessionId":"14620DBA3425FD989CD365D375FA78D0","method":"Input.dispatchKeyEvent","params":{"modifiers":0,"type":"char","text":"s","windowsVirtualKeyCode":115}}
08:51:12.389 [nioEventLoopGroup-9-1] DEBUG c.i.k.driver.chrome_1752371469810 - << {"id":10,"result":{},"sessionId":"14620DBA3425FD989CD365D375FA78D0"}
08:51:12.391 [main] DEBUG c.i.k.driver.chrome_1752371469810 - >> {"id":11,"sessionId":"14620DBA3425FD989CD365D375FA78D0","method":"Input.dispatchKeyEvent","params":{"modifiers":0,"type":"keyUp","text":"s","windowsVirtualKeyCode":115}}
08:51:12.397 [nioEventLoopGroup-9-1] DEBUG c.i.k.driver.chrome_1752371469810 - << {"id":11,"result":{},"sessionId":"14620DBA3425FD989CD365D375FA78D0"}
08:51:12.399 [main] DEBUG c.i.k.driver.chrome_1752371469810 - >> {"id":12,"sessionId":"14620DBA3425FD989CD365D375FA78D0","method":"Input.dispatchKeyEvent","params":{"modifiers":0,"type":"rawKeyDown","text":"t","windowsVirtualKeyCode":116}}
08:51:12.406 [nioEventLoopGroup-9-1] DEBUG c.i.k.driver.chrome_1752371469810 - << {"id":12,"result":{},"sessionId":"14620DBA3425FD989CD365D375FA78D0"}
08:51:12.408 [main] DEBUG c.i.k.driver.chrome_1752371469810 - >> {"id":13,"sessionId":"14620DBA3425FD989CD365D375FA78D0","method":"Input.dispatchKeyEvent","params":{"modifiers":0,"type":"char","text":"t","windowsVirtualKeyCode":116}}
08:51:12.416 [nioEventLoopGroup-9-1] DEBUG c.i.k.driver.chrome_1752371469810 - << {"id":13,"result":{},"sessionId":"14620DBA3425FD989CD365D375FA78D0"}
08:51:12.417 [main] DEBUG c.i.k.driver.chrome_1752371469810 - >> {"id":14,"sessionId":"14620DBA3425FD989CD365D375FA78D0","method":"Input.dispatchKeyEvent","params":{"modifiers":0,"type":"keyUp","text":"t","windowsVirtualKeyCode":116}}
08:51:12.421 [nioEventLoopGroup-9-1] DEBUG c.i.k.driver.chrome_1752371469810 - << {"id":14,"result":{},"sessionId":"14620DBA3425FD989CD365D375FA78D0"}
08:51:12.422 [main] DEBUG c.i.k.driver.chrome_1752371469810 - >> {"id":15,"sessionId":"14620DBA3425FD989CD365D375FA78D0","method":"Input.dispatchKeyEvent","params":{"modifiers":0,"type":"rawKeyDown","text":"a","windowsVirtualKeyCode":97}}
08:51:12.424 [nioEventLoopGroup-9-1] DEBUG c.i.k.driver.chrome_1752371469810 - << {"id":15,"result":{},"sessionId":"14620DBA3425FD989CD365D375FA78D0"}
08:51:12.425 [main] DEBUG c.i.k.driver.chrome_1752371469810 - >> {"id":16,"sessionId":"14620DBA3425FD989CD365D375FA78D0","method":"Input.dispatchKeyEvent","params":{"modifiers":0,"type":"char","text":"a","windowsVirtualKeyCode":97}}
08:51:12.432 [nioEventLoopGroup-9-1] DEBUG c.i.k.driver.chrome_1752371469810 - << {"id":16,"result":{},"sessionId":"14620DBA3425FD989CD365D375FA78D0"}
08:51:12.433 [main] DEBUG c.i.k.driver.chrome_1752371469810 - >> {"id":17,"sessionId":"14620DBA3425FD989CD365D375FA78D0","method":"Input.dispatchKeyEvent","params":{"modifiers":0,"type":"keyUp","text":"a","windowsVirtualKeyCode":97}}
08:51:12.437 [nioEventLoopGroup-9-1] DEBUG c.i.k.driver.chrome_1752371469810 - << {"id":17,"result":{},"sessionId":"14620DBA3425FD989CD365D375FA78D0"}
08:51:12.439 [main] DEBUG c.i.k.driver.chrome_1752371469810 - >> {"id":18,"sessionId":"14620DBA3425FD989CD365D375FA78D0","method":"Input.dispatchKeyEvent","params":{"modifiers":0,"type":"rawKeyDown","text":"n","windowsVirtualKeyCode":110}}
08:51:12.441 [nioEventLoopGroup-9-1] DEBUG c.i.k.driver.chrome_1752371469810 - << {"id":18,"result":{},"sessionId":"14620DBA3425FD989CD365D375FA78D0"}
08:51:12.442 [main] DEBUG c.i.k.driver.chrome_1752371469810 - >> {"id":19,"sessionId":"14620DBA3425FD989CD365D375FA78D0","method":"Input.dispatchKeyEvent","params":{"modifiers":0,"type":"char","text":"n","windowsVirtualKeyCode":110}}
08:51:12.448 [nioEventLoopGroup-9-1] DEBUG c.i.k.driver.chrome_1752371469810 - << {"id":19,"result":{},"sessionId":"14620DBA3425FD989CD365D375FA78D0"}
08:51:12.448 [main] DEBUG c.i.k.driver.chrome_1752371469810 - >> {"id":20,"sessionId":"14620DBA3425FD989CD365D375FA78D0","method":"Input.dispatchKeyEvent","params":{"modifiers":0,"type":"keyUp","text":"n","windowsVirtualKeyCode":110}}
08:51:12.451 [nioEventLoopGroup-9-1] DEBUG c.i.k.driver.chrome_1752371469810 - << {"id":20,"result":{},"sessionId":"14620DBA3425FD989CD365D375FA78D0"}
08:51:12.451 [main] DEBUG c.i.k.driver.chrome_1752371469810 - >> {"id":21,"sessionId":"14620DBA3425FD989CD365D375FA78D0","method":"Input.dispatchKeyEvent","params":{"modifiers":0,"type":"rawKeyDown","text":"d","windowsVirtualKeyCode":100}}
08:51:12.455 [nioEventLoopGroup-9-1] DEBUG c.i.k.driver.chrome_1752371469810 - << {"id":21,"result":{},"sessionId":"14620DBA3425FD989CD365D375FA78D0"}
08:51:12.455 [main] DEBUG c.i.k.driver.chrome_1752371469810 - >> {"id":22,"sessionId":"14620DBA3425FD989CD365D375FA78D0","method":"Input.dispatchKeyEvent","params":{"modifiers":0,"type":"char","text":"d","windowsVirtualKeyCode":100}}
08:51:12.460 [nioEventLoopGroup-9-1] DEBUG c.i.k.driver.chrome_1752371469810 - << {"id":22,"result":{},"sessionId":"14620DBA3425FD989CD365D375FA78D0"}
08:51:12.461 [main] DEBUG c.i.k.driver.chrome_1752371469810 - >> {"id":23,"sessionId":"14620DBA3425FD989CD365D375FA78D0","method":"Input.dispatchKeyEvent","params":{"modifiers":0,"type":"keyUp","text":"d","windowsVirtualKeyCode":100}}
08:51:12.463 [nioEventLoopGroup-9-1] DEBUG c.i.k.driver.chrome_1752371469810 - << {"id":23,"result":{},"sessionId":"14620DBA3425FD989CD365D375FA78D0"}
08:51:12.464 [main] DEBUG c.i.k.driver.chrome_1752371469810 - >> {"id":24,"sessionId":"14620DBA3425FD989CD365D375FA78D0","method":"Input.dispatchKeyEvent","params":{"modifiers":0,"type":"rawKeyDown","text":"a","windowsVirtualKeyCode":97}}
08:51:12.466 [nioEventLoopGroup-9-1] DEBUG c.i.k.driver.chrome_1752371469810 - << {"id":24,"result":{},"sessionId":"14620DBA3425FD989CD365D375FA78D0"}
08:51:12.466 [main] DEBUG c.i.k.driver.chrome_1752371469810 - >> {"id":25,"sessionId":"14620DBA3425FD989CD365D375FA78D0","method":"Input.dispatchKeyEvent","params":{"modifiers":0,"type":"char","text":"a","windowsVirtualKeyCode":97}}
08:51:12.472 [nioEventLoopGroup-9-1] DEBUG c.i.k.driver.chrome_1752371469810 - << {"id":25,"result":{},"sessionId":"14620DBA3425FD989CD365D375FA78D0"}
08:51:12.473 [main] DEBUG c.i.k.driver.chrome_1752371469810 - >> {"id":26,"sessionId":"14620DBA3425FD989CD365D375FA78D0","method":"Input.dispatchKeyEvent","params":{"modifiers":0,"type":"keyUp","text":"a","windowsVirtualKeyCode":97}}
08:51:12.475 [nioEventLoopGroup-9-1] DEBUG c.i.k.driver.chrome_1752371469810 - << {"id":26,"result":{},"sessionId":"14620DBA3425FD989CD365D375FA78D0"}
08:51:12.476 [main] DEBUG c.i.k.driver.chrome_1752371469810 - >> {"id":27,"sessionId":"14620DBA3425FD989CD365D375FA78D0","method":"Input.dispatchKeyEvent","params":{"modifiers":0,"type":"rawKeyDown","text":"r","windowsVirtualKeyCode":114}}
08:51:12.478 [nioEventLoopGroup-9-1] DEBUG c.i.k.driver.chrome_1752371469810 - << {"id":27,"result":{},"sessionId":"14620DBA3425FD989CD365D375FA78D0"}
08:51:12.479 [main] DEBUG c.i.k.driver.chrome_1752371469810 - >> {"id":28,"sessionId":"14620DBA3425FD989CD365D375FA78D0","method":"Input.dispatchKeyEvent","params":{"modifiers":0,"type":"char","text":"r","windowsVirtualKeyCode":114}}
08:51:12.485 [nioEventLoopGroup-9-1] DEBUG c.i.k.driver.chrome_1752371469810 - << {"id":28,"result":{},"sessionId":"14620DBA3425FD989CD365D375FA78D0"}
08:51:12.486 [main] DEBUG c.i.k.driver.chrome_1752371469810 - >> {"id":29,"sessionId":"14620DBA3425FD989CD365D375FA78D0","method":"Input.dispatchKeyEvent","params":{"modifiers":0,"type":"keyUp","text":"r","windowsVirtualKeyCode":114}}
08:51:12.502 [nioEventLoopGroup-9-1] DEBUG c.i.k.driver.chrome_1752371469810 - << {"id":29,"result":{},"sessionId":"14620DBA3425FD989CD365D375FA78D0"}
08:51:12.504 [main] DEBUG c.i.k.driver.chrome_1752371469810 - >> {"id":30,"sessionId":"14620DBA3425FD989CD365D375FA78D0","method":"Input.dispatchKeyEvent","params":{"modifiers":0,"type":"rawKeyDown","text":"d","windowsVirtualKeyCode":100}}
08:51:12.523 [nioEventLoopGroup-9-1] DEBUG c.i.k.driver.chrome_1752371469810 - << {"method":"Page.loadEventFired","params":{"timestamp":251524.05292},"sessionId":"14620DBA3425FD989CD365D375FA78D0"}
08:51:12.525 [nioEventLoopGroup-9-1] DEBUG c.i.k.driver.chrome_1752371469810 - << {"method":"Page.frameStoppedLoading","params":{"frameId":"F7C0FF5DF9766D773C4B0B334D71AE08"},"sessionId":"14620DBA3425FD989CD365D375FA78D0"}
08:51:12.525 [nioEventLoopGroup-9-1] DEBUG c.i.k.driver.chrome_1752371469810 - << {"id":30,"result":{},"sessionId":"14620DBA3425FD989CD365D375FA78D0"}
08:51:12.527 [main] DEBUG c.i.k.driver.chrome_1752371469810 - >> {"id":31,"sessionId":"14620DBA3425FD989CD365D375FA78D0","method":"Input.dispatchKeyEvent","params":{"modifiers":0,"type":"char","text":"d","windowsVirtualKeyCode":100}}
08:51:12.538 [nioEventLoopGroup-9-1] DEBUG c.i.k.driver.chrome_1752371469810 - << {"id":31,"result":{},"sessionId":"14620DBA3425FD989CD365D375FA78D0"}
08:51:12.539 [main] DEBUG c.i.k.driver.chrome_1752371469810 - >> {"id":32,"sessionId":"14620DBA3425FD989CD365D375FA78D0","method":"Input.dispatchKeyEvent","params":{"modifiers":0,"type":"keyUp","text":"d","windowsVirtualKeyCode":100}}
08:51:12.543 [nioEventLoopGroup-9-1] DEBUG c.i.k.driver.chrome_1752371469810 - << {"id":32,"result":{},"sessionId":"14620DBA3425FD989CD365D375FA78D0"}
08:51:12.543 [main] DEBUG c.i.k.driver.chrome_1752371469810 - >> {"id":33,"sessionId":"14620DBA3425FD989CD365D375FA78D0","method":"Input.dispatchKeyEvent","params":{"modifiers":0,"type":"rawKeyDown","text":"_","windowsVirtualKeyCode":523}}
08:51:12.546 [nioEventLoopGroup-9-1] DEBUG c.i.k.driver.chrome_1752371469810 - << {"id":33,"result":{},"sessionId":"14620DBA3425FD989CD365D375FA78D0"}
08:51:12.547 [main] DEBUG c.i.k.driver.chrome_1752371469810 - >> {"id":34,"sessionId":"14620DBA3425FD989CD365D375FA78D0","method":"Input.dispatchKeyEvent","params":{"modifiers":0,"type":"char","text":"_","windowsVirtualKeyCode":523}}
08:51:12.553 [nioEventLoopGroup-9-1] DEBUG c.i.k.driver.chrome_1752371469810 - << {"id":34,"result":{},"sessionId":"14620DBA3425FD989CD365D375FA78D0"}
08:51:12.554 [main] DEBUG c.i.k.driver.chrome_1752371469810 - >> {"id":35,"sessionId":"14620DBA3425FD989CD365D375FA78D0","method":"Input.dispatchKeyEvent","params":{"modifiers":0,"type":"keyUp","text":"_","windowsVirtualKeyCode":523}}
08:51:12.557 [nioEventLoopGroup-9-1] DEBUG c.i.k.driver.chrome_1752371469810 - << {"id":35,"result":{},"sessionId":"14620DBA3425FD989CD365D375FA78D0"}
08:51:12.558 [main] DEBUG c.i.k.driver.chrome_1752371469810 - >> {"id":36,"sessionId":"14620DBA3425FD989CD365D375FA78D0","method":"Input.dispatchKeyEvent","params":{"modifiers":0,"type":"rawKeyDown","text":"u","windowsVirtualKeyCode":117}}
08:51:12.561 [nioEventLoopGroup-9-1] DEBUG c.i.k.driver.chrome_1752371469810 - << {"id":36,"result":{},"sessionId":"14620DBA3425FD989CD365D375FA78D0"}
08:51:12.562 [main] DEBUG c.i.k.driver.chrome_1752371469810 - >> {"id":37,"sessionId":"14620DBA3425FD989CD365D375FA78D0","method":"Input.dispatchKeyEvent","params":{"modifiers":0,"type":"char","text":"u","windowsVirtualKeyCode":117}}
08:51:12.568 [nioEventLoopGroup-9-1] DEBUG c.i.k.driver.chrome_1752371469810 - << {"id":37,"result":{},"sessionId":"14620DBA3425FD989CD365D375FA78D0"}
08:51:12.570 [main] DEBUG c.i.k.driver.chrome_1752371469810 - >> {"id":38,"sessionId":"14620DBA3425FD989CD365D375FA78D0","method":"Input.dispatchKeyEvent","params":{"modifiers":0,"type":"keyUp","text":"u","windowsVirtualKeyCode":117}}
08:51:12.575 [nioEventLoopGroup-9-1] DEBUG c.i.k.driver.chrome_1752371469810 - << {"id":38,"result":{},"sessionId":"14620DBA3425FD989CD365D375FA78D0"}
08:51:12.576 [main] DEBUG c.i.k.driver.chrome_1752371469810 - >> {"id":39,"sessionId":"14620DBA3425FD989CD365D375FA78D0","method":"Input.dispatchKeyEvent","params":{"modifiers":0,"type":"rawKeyDown","text":"s","windowsVirtualKeyCode":115}}
08:51:12.579 [nioEventLoopGroup-9-1] DEBUG c.i.k.driver.chrome_1752371469810 - << {"id":39,"result":{},"sessionId":"14620DBA3425FD989CD365D375FA78D0"}
08:51:12.580 [main] DEBUG c.i.k.driver.chrome_1752371469810 - >> {"id":40,"sessionId":"14620DBA3425FD989CD365D375FA78D0","method":"Input.dispatchKeyEvent","params":{"modifiers":0,"type":"char","text":"s","windowsVirtualKeyCode":115}}
08:51:12.586 [nioEventLoopGroup-9-1] DEBUG c.i.k.driver.chrome_1752371469810 - << {"id":40,"result":{},"sessionId":"14620DBA3425FD989CD365D375FA78D0"}
08:51:12.589 [main] DEBUG c.i.k.driver.chrome_1752371469810 - >> {"id":41,"sessionId":"14620DBA3425FD989CD365D375FA78D0","method":"Input.dispatchKeyEvent","params":{"modifiers":0,"type":"keyUp","text":"s","windowsVirtualKeyCode":115}}
08:51:12.592 [nioEventLoopGroup-9-1] DEBUG c.i.k.driver.chrome_1752371469810 - << {"id":41,"result":{},"sessionId":"14620DBA3425FD989CD365D375FA78D0"}
08:51:12.593 [main] DEBUG c.i.k.driver.chrome_1752371469810 - >> {"id":42,"sessionId":"14620DBA3425FD989CD365D375FA78D0","method":"Input.dispatchKeyEvent","params":{"modifiers":0,"type":"rawKeyDown","text":"e","windowsVirtualKeyCode":101}}
08:51:12.595 [nioEventLoopGroup-9-1] DEBUG c.i.k.driver.chrome_1752371469810 - << {"id":42,"result":{},"sessionId":"14620DBA3425FD989CD365D375FA78D0"}
08:51:12.596 [main] DEBUG c.i.k.driver.chrome_1752371469810 - >> {"id":43,"sessionId":"14620DBA3425FD989CD365D375FA78D0","method":"Input.dispatchKeyEvent","params":{"modifiers":0,"type":"char","text":"e","windowsVirtualKeyCode":101}}
08:51:12.605 [nioEventLoopGroup-9-1] DEBUG c.i.k.driver.chrome_1752371469810 - << {"id":43,"result":{},"sessionId":"14620DBA3425FD989CD365D375FA78D0"}
08:51:12.607 [main] DEBUG c.i.k.driver.chrome_1752371469810 - >> {"id":44,"sessionId":"14620DBA3425FD989CD365D375FA78D0","method":"Input.dispatchKeyEvent","params":{"modifiers":0,"type":"keyUp","text":"e","windowsVirtualKeyCode":101}}
08:51:12.614 [nioEventLoopGroup-9-1] DEBUG c.i.k.driver.chrome_1752371469810 - << {"id":44,"result":{},"sessionId":"14620DBA3425FD989CD365D375FA78D0"}
08:51:12.615 [main] DEBUG c.i.k.driver.chrome_1752371469810 - >> {"id":45,"sessionId":"14620DBA3425FD989CD365D375FA78D0","method":"Input.dispatchKeyEvent","params":{"modifiers":0,"type":"rawKeyDown","text":"r","windowsVirtualKeyCode":114}}
08:51:12.622 [nioEventLoopGroup-9-1] DEBUG c.i.k.driver.chrome_1752371469810 - << {"id":45,"result":{},"sessionId":"14620DBA3425FD989CD365D375FA78D0"}
08:51:12.622 [main] DEBUG c.i.k.driver.chrome_1752371469810 - >> {"id":46,"sessionId":"14620DBA3425FD989CD365D375FA78D0","method":"Input.dispatchKeyEvent","params":{"modifiers":0,"type":"char","text":"r","windowsVirtualKeyCode":114}}
08:51:12.628 [nioEventLoopGroup-9-1] DEBUG c.i.k.driver.chrome_1752371469810 - << {"id":46,"result":{},"sessionId":"14620DBA3425FD989CD365D375FA78D0"}
08:51:12.628 [main] DEBUG c.i.k.driver.chrome_1752371469810 - >> {"id":47,"sessionId":"14620DBA3425FD989CD365D375FA78D0","method":"Input.dispatchKeyEvent","params":{"modifiers":0,"type":"keyUp","text":"r","windowsVirtualKeyCode":114}}
08:51:12.631 [nioEventLoopGroup-9-1] DEBUG c.i.k.driver.chrome_1752371469810 - << {"id":47,"result":{},"sessionId":"14620DBA3425FD989CD365D375FA78D0"}
08:51:12.635 [main] DEBUG c.i.k.driver.chrome_1752371469810 - >> {"id":48,"sessionId":"14620DBA3425FD989CD365D375FA78D0","method":"Runtime.evaluate","params":{"expression":"var e = document.evaluate(\"\/\/*[@id='password']\", document, null, 9, null).singleNodeValue; e.focus(); try { e.selectionStart = e.selectionEnd = e.value.length } catch(x) {}","returnByValue":true}}
08:51:12.640 [nioEventLoopGroup-9-1] DEBUG c.i.k.driver.chrome_1752371469810 - << {"id":48,"result":{"result":{"type":"number","value":0,"description":"0"}},"sessionId":"14620DBA3425FD989CD365D375FA78D0"}
08:51:12.641 [main] DEBUG c.i.k.driver.chrome_1752371469810 - >> {"id":49,"sessionId":"14620DBA3425FD989CD365D375FA78D0","method":"Input.dispatchKeyEvent","params":{"modifiers":0,"type":"rawKeyDown","text":"s","windowsVirtualKeyCode":115}}
08:51:12.643 [nioEventLoopGroup-9-1] DEBUG c.i.k.driver.chrome_1752371469810 - << {"id":49,"result":{},"sessionId":"14620DBA3425FD989CD365D375FA78D0"}
08:51:12.644 [main] DEBUG c.i.k.driver.chrome_1752371469810 - >> {"id":50,"sessionId":"14620DBA3425FD989CD365D375FA78D0","method":"Input.dispatchKeyEvent","params":{"modifiers":0,"type":"char","text":"s","windowsVirtualKeyCode":115}}
08:51:12.650 [nioEventLoopGroup-9-1] DEBUG c.i.k.driver.chrome_1752371469810 - << {"id":50,"result":{},"sessionId":"14620DBA3425FD989CD365D375FA78D0"}
08:51:12.653 [main] DEBUG c.i.k.driver.chrome_1752371469810 - >> {"id":51,"sessionId":"14620DBA3425FD989CD365D375FA78D0","method":"Input.dispatchKeyEvent","params":{"modifiers":0,"type":"keyUp","text":"s","windowsVirtualKeyCode":115}}
08:51:12.659 [nioEventLoopGroup-9-1] DEBUG c.i.k.driver.chrome_1752371469810 - << {"id":51,"result":{},"sessionId":"14620DBA3425FD989CD365D375FA78D0"}
08:51:12.660 [main] DEBUG c.i.k.driver.chrome_1752371469810 - >> {"id":52,"sessionId":"14620DBA3425FD989CD365D375FA78D0","method":"Input.dispatchKeyEvent","params":{"modifiers":0,"type":"rawKeyDown","text":"e","windowsVirtualKeyCode":101}}
08:51:12.660 [nioEventLoopGroup-9-1] DEBUG c.i.k.driver.chrome_1752371469810 - << {"method":"Target.targetCreated","params":{"targetInfo":{"targetId":"2F9811DCB532D5278B1D6438490009EE","type":"service_worker","title":"Service Worker https://www.saucedemo.com/service-worker.js","url":"https://www.saucedemo.com/service-worker.js","attached":false,"canAccessOpener":false,"browserContextId":"A9C0145B3C90C7E655E459006FDB1CD2"}},"sessionId":"14620DBA3425FD989CD365D375FA78D0"}
08:51:12.681 [nioEventLoopGroup-9-1] DEBUG c.i.k.driver.chrome_1752371469810 - << {"id":52,"result":{},"sessionId":"14620DBA3425FD989CD365D375FA78D0"}
08:51:12.690 [main] DEBUG c.i.k.driver.chrome_1752371469810 - >> {"id":53,"sessionId":"14620DBA3425FD989CD365D375FA78D0","method":"Input.dispatchKeyEvent","params":{"modifiers":0,"type":"char","text":"e","windowsVirtualKeyCode":101}}
08:51:12.695 [nioEventLoopGroup-9-1] DEBUG c.i.k.driver.chrome_1752371469810 - << {"id":53,"result":{},"sessionId":"14620DBA3425FD989CD365D375FA78D0"}
08:51:12.699 [main] DEBUG c.i.k.driver.chrome_1752371469810 - >> {"id":54,"sessionId":"14620DBA3425FD989CD365D375FA78D0","method":"Input.dispatchKeyEvent","params":{"modifiers":0,"type":"keyUp","text":"e","windowsVirtualKeyCode":101}}
08:51:12.701 [nioEventLoopGroup-9-1] DEBUG c.i.k.driver.chrome_1752371469810 - << {"id":54,"result":{},"sessionId":"14620DBA3425FD989CD365D375FA78D0"}
08:51:12.703 [main] DEBUG c.i.k.driver.chrome_1752371469810 - >> {"id":55,"sessionId":"14620DBA3425FD989CD365D375FA78D0","method":"Input.dispatchKeyEvent","params":{"modifiers":0,"type":"rawKeyDown","text":"c","windowsVirtualKeyCode":99}}
08:51:12.709 [nioEventLoopGroup-9-1] DEBUG c.i.k.driver.chrome_1752371469810 - << {"id":55,"result":{},"sessionId":"14620DBA3425FD989CD365D375FA78D0"}
08:51:12.710 [main] DEBUG c.i.k.driver.chrome_1752371469810 - >> {"id":56,"sessionId":"14620DBA3425FD989CD365D375FA78D0","method":"Input.dispatchKeyEvent","params":{"modifiers":0,"type":"char","text":"c","windowsVirtualKeyCode":99}}
08:51:12.716 [nioEventLoopGroup-9-1] DEBUG c.i.k.driver.chrome_1752371469810 - << {"id":56,"result":{},"sessionId":"14620DBA3425FD989CD365D375FA78D0"}
08:51:12.717 [main] DEBUG c.i.k.driver.chrome_1752371469810 - >> {"id":57,"sessionId":"14620DBA3425FD989CD365D375FA78D0","method":"Input.dispatchKeyEvent","params":{"modifiers":0,"type":"keyUp","text":"c","windowsVirtualKeyCode":99}}
08:51:12.721 [nioEventLoopGroup-9-1] DEBUG c.i.k.driver.chrome_1752371469810 - << {"id":57,"result":{},"sessionId":"14620DBA3425FD989CD365D375FA78D0"}
08:51:12.724 [main] DEBUG c.i.k.driver.chrome_1752371469810 - >> {"id":58,"sessionId":"14620DBA3425FD989CD365D375FA78D0","method":"Input.dispatchKeyEvent","params":{"modifiers":0,"type":"rawKeyDown","text":"r","windowsVirtualKeyCode":114}}
08:51:12.727 [nioEventLoopGroup-9-1] DEBUG c.i.k.driver.chrome_1752371469810 - << {"id":58,"result":{},"sessionId":"14620DBA3425FD989CD365D375FA78D0"}
08:51:12.728 [main] DEBUG c.i.k.driver.chrome_1752371469810 - >> {"id":59,"sessionId":"14620DBA3425FD989CD365D375FA78D0","method":"Input.dispatchKeyEvent","params":{"modifiers":0,"type":"char","text":"r","windowsVirtualKeyCode":114}}
08:51:12.733 [nioEventLoopGroup-9-1] DEBUG c.i.k.driver.chrome_1752371469810 - << {"id":59,"result":{},"sessionId":"14620DBA3425FD989CD365D375FA78D0"}
08:51:12.734 [main] DEBUG c.i.k.driver.chrome_1752371469810 - >> {"id":60,"sessionId":"14620DBA3425FD989CD365D375FA78D0","method":"Input.dispatchKeyEvent","params":{"modifiers":0,"type":"keyUp","text":"r","windowsVirtualKeyCode":114}}
08:51:12.744 [nioEventLoopGroup-9-1] DEBUG c.i.k.driver.chrome_1752371469810 - << {"id":60,"result":{},"sessionId":"14620DBA3425FD989CD365D375FA78D0"}
08:51:12.749 [main] DEBUG c.i.k.driver.chrome_1752371469810 - >> {"id":61,"sessionId":"14620DBA3425FD989CD365D375FA78D0","method":"Input.dispatchKeyEvent","params":{"modifiers":0,"type":"rawKeyDown","text":"e","windowsVirtualKeyCode":101}}
08:51:12.752 [nioEventLoopGroup-9-1] DEBUG c.i.k.driver.chrome_1752371469810 - << {"id":61,"result":{},"sessionId":"14620DBA3425FD989CD365D375FA78D0"}
08:51:12.753 [main] DEBUG c.i.k.driver.chrome_1752371469810 - >> {"id":62,"sessionId":"14620DBA3425FD989CD365D375FA78D0","method":"Input.dispatchKeyEvent","params":{"modifiers":0,"type":"char","text":"e","windowsVirtualKeyCode":101}}
08:51:12.759 [nioEventLoopGroup-9-1] DEBUG c.i.k.driver.chrome_1752371469810 - << {"id":62,"result":{},"sessionId":"14620DBA3425FD989CD365D375FA78D0"}
08:51:12.759 [main] DEBUG c.i.k.driver.chrome_1752371469810 - >> {"id":63,"sessionId":"14620DBA3425FD989CD365D375FA78D0","method":"Input.dispatchKeyEvent","params":{"modifiers":0,"type":"keyUp","text":"e","windowsVirtualKeyCode":101}}
08:51:12.762 [nioEventLoopGroup-9-1] DEBUG c.i.k.driver.chrome_1752371469810 - << {"id":63,"result":{},"sessionId":"14620DBA3425FD989CD365D375FA78D0"}
08:51:12.764 [main] DEBUG c.i.k.driver.chrome_1752371469810 - >> {"id":64,"sessionId":"14620DBA3425FD989CD365D375FA78D0","method":"Input.dispatchKeyEvent","params":{"modifiers":0,"type":"rawKeyDown","text":"t","windowsVirtualKeyCode":116}}
08:51:12.767 [nioEventLoopGroup-9-1] DEBUG c.i.k.driver.chrome_1752371469810 - << {"id":64,"result":{},"sessionId":"14620DBA3425FD989CD365D375FA78D0"}
08:51:12.768 [main] DEBUG c.i.k.driver.chrome_1752371469810 - >> {"id":65,"sessionId":"14620DBA3425FD989CD365D375FA78D0","method":"Input.dispatchKeyEvent","params":{"modifiers":0,"type":"char","text":"t","windowsVirtualKeyCode":116}}
08:51:12.780 [nioEventLoopGroup-9-1] DEBUG c.i.k.driver.chrome_1752371469810 - << {"id":65,"result":{},"sessionId":"14620DBA3425FD989CD365D375FA78D0"}
08:51:12.782 [main] DEBUG c.i.k.driver.chrome_1752371469810 - >> {"id":66,"sessionId":"14620DBA3425FD989CD365D375FA78D0","method":"Input.dispatchKeyEvent","params":{"modifiers":0,"type":"keyUp","text":"t","windowsVirtualKeyCode":116}}
08:51:12.791 [nioEventLoopGroup-9-1] DEBUG c.i.k.driver.chrome_1752371469810 - << {"id":66,"result":{},"sessionId":"14620DBA3425FD989CD365D375FA78D0"}
08:51:12.794 [main] DEBUG c.i.k.driver.chrome_1752371469810 - >> {"id":67,"sessionId":"14620DBA3425FD989CD365D375FA78D0","method":"Input.dispatchKeyEvent","params":{"modifiers":0,"type":"rawKeyDown","text":"_","windowsVirtualKeyCode":523}}
08:51:12.797 [nioEventLoopGroup-9-1] DEBUG c.i.k.driver.chrome_1752371469810 - << {"id":67,"result":{},"sessionId":"14620DBA3425FD989CD365D375FA78D0"}
08:51:12.799 [main] DEBUG c.i.k.driver.chrome_1752371469810 - >> {"id":68,"sessionId":"14620DBA3425FD989CD365D375FA78D0","method":"Input.dispatchKeyEvent","params":{"modifiers":0,"type":"char","text":"_","windowsVirtualKeyCode":523}}
08:51:12.805 [nioEventLoopGroup-9-1] DEBUG c.i.k.driver.chrome_1752371469810 - << {"id":68,"result":{},"sessionId":"14620DBA3425FD989CD365D375FA78D0"}
08:51:12.808 [main] DEBUG c.i.k.driver.chrome_1752371469810 - >> {"id":69,"sessionId":"14620DBA3425FD989CD365D375FA78D0","method":"Input.dispatchKeyEvent","params":{"modifiers":0,"type":"keyUp","text":"_","windowsVirtualKeyCode":523}}
08:51:12.811 [nioEventLoopGroup-9-1] DEBUG c.i.k.driver.chrome_1752371469810 - << {"id":69,"result":{},"sessionId":"14620DBA3425FD989CD365D375FA78D0"}
08:51:12.812 [main] DEBUG c.i.k.driver.chrome_1752371469810 - >> {"id":70,"sessionId":"14620DBA3425FD989CD365D375FA78D0","method":"Input.dispatchKeyEvent","params":{"modifiers":0,"type":"rawKeyDown","text":"s","windowsVirtualKeyCode":115}}
08:51:12.814 [nioEventLoopGroup-9-1] DEBUG c.i.k.driver.chrome_1752371469810 - << {"id":70,"result":{},"sessionId":"14620DBA3425FD989CD365D375FA78D0"}
08:51:12.836 [main] DEBUG c.i.k.driver.chrome_1752371469810 - >> {"id":71,"sessionId":"14620DBA3425FD989CD365D375FA78D0","method":"Input.dispatchKeyEvent","params":{"modifiers":0,"type":"char","text":"s","windowsVirtualKeyCode":115}}
08:51:12.841 [nioEventLoopGroup-9-1] DEBUG c.i.k.driver.chrome_1752371469810 - << {"id":71,"result":{},"sessionId":"14620DBA3425FD989CD365D375FA78D0"}
08:51:12.849 [main] DEBUG c.i.k.driver.chrome_1752371469810 - >> {"id":72,"sessionId":"14620DBA3425FD989CD365D375FA78D0","method":"Input.dispatchKeyEvent","params":{"modifiers":0,"type":"keyUp","text":"s","windowsVirtualKeyCode":115}}
08:51:12.853 [nioEventLoopGroup-9-1] DEBUG c.i.k.driver.chrome_1752371469810 - << {"id":72,"result":{},"sessionId":"14620DBA3425FD989CD365D375FA78D0"}
08:51:12.854 [main] DEBUG c.i.k.driver.chrome_1752371469810 - >> {"id":73,"sessionId":"14620DBA3425FD989CD365D375FA78D0","method":"Input.dispatchKeyEvent","params":{"modifiers":0,"type":"rawKeyDown","text":"a","windowsVirtualKeyCode":97}}
08:51:12.857 [nioEventLoopGroup-9-1] DEBUG c.i.k.driver.chrome_1752371469810 - << {"id":73,"result":{},"sessionId":"14620DBA3425FD989CD365D375FA78D0"}
08:51:12.857 [main] DEBUG c.i.k.driver.chrome_1752371469810 - >> {"id":74,"sessionId":"14620DBA3425FD989CD365D375FA78D0","method":"Input.dispatchKeyEvent","params":{"modifiers":0,"type":"char","text":"a","windowsVirtualKeyCode":97}}
08:51:12.862 [nioEventLoopGroup-9-1] DEBUG c.i.k.driver.chrome_1752371469810 - << {"id":74,"result":{},"sessionId":"14620DBA3425FD989CD365D375FA78D0"}
08:51:12.869 [main] DEBUG c.i.k.driver.chrome_1752371469810 - >> {"id":75,"sessionId":"14620DBA3425FD989CD365D375FA78D0","method":"Input.dispatchKeyEvent","params":{"modifiers":0,"type":"keyUp","text":"a","windowsVirtualKeyCode":97}}
08:51:12.875 [nioEventLoopGroup-9-1] DEBUG c.i.k.driver.chrome_1752371469810 - << {"id":75,"result":{},"sessionId":"14620DBA3425FD989CD365D375FA78D0"}
08:51:12.876 [main] DEBUG c.i.k.driver.chrome_1752371469810 - >> {"id":76,"sessionId":"14620DBA3425FD989CD365D375FA78D0","method":"Input.dispatchKeyEvent","params":{"modifiers":0,"type":"rawKeyDown","text":"u","windowsVirtualKeyCode":117}}
08:51:12.880 [nioEventLoopGroup-9-1] DEBUG c.i.k.driver.chrome_1752371469810 - << {"id":76,"result":{},"sessionId":"14620DBA3425FD989CD365D375FA78D0"}
08:51:12.881 [main] DEBUG c.i.k.driver.chrome_1752371469810 - >> {"id":77,"sessionId":"14620DBA3425FD989CD365D375FA78D0","method":"Input.dispatchKeyEvent","params":{"modifiers":0,"type":"char","text":"u","windowsVirtualKeyCode":117}}
08:51:12.887 [nioEventLoopGroup-9-1] DEBUG c.i.k.driver.chrome_1752371469810 - << {"id":77,"result":{},"sessionId":"14620DBA3425FD989CD365D375FA78D0"}
08:51:12.890 [main] DEBUG c.i.k.driver.chrome_1752371469810 - >> {"id":78,"sessionId":"14620DBA3425FD989CD365D375FA78D0","method":"Input.dispatchKeyEvent","params":{"modifiers":0,"type":"keyUp","text":"u","windowsVirtualKeyCode":117}}
08:51:12.897 [nioEventLoopGroup-9-1] DEBUG c.i.k.driver.chrome_1752371469810 - << {"id":78,"result":{},"sessionId":"14620DBA3425FD989CD365D375FA78D0"}
08:51:12.897 [main] DEBUG c.i.k.driver.chrome_1752371469810 - >> {"id":79,"sessionId":"14620DBA3425FD989CD365D375FA78D0","method":"Input.dispatchKeyEvent","params":{"modifiers":0,"type":"rawKeyDown","text":"c","windowsVirtualKeyCode":99}}
08:51:12.900 [nioEventLoopGroup-9-1] DEBUG c.i.k.driver.chrome_1752371469810 - << {"id":79,"result":{},"sessionId":"14620DBA3425FD989CD365D375FA78D0"}
08:51:12.902 [main] DEBUG c.i.k.driver.chrome_1752371469810 - >> {"id":80,"sessionId":"14620DBA3425FD989CD365D375FA78D0","method":"Input.dispatchKeyEvent","params":{"modifiers":0,"type":"char","text":"c","windowsVirtualKeyCode":99}}
08:51:12.907 [nioEventLoopGroup-9-1] DEBUG c.i.k.driver.chrome_1752371469810 - << {"id":80,"result":{},"sessionId":"14620DBA3425FD989CD365D375FA78D0"}
08:51:12.911 [main] DEBUG c.i.k.driver.chrome_1752371469810 - >> {"id":81,"sessionId":"14620DBA3425FD989CD365D375FA78D0","method":"Input.dispatchKeyEvent","params":{"modifiers":0,"type":"keyUp","text":"c","windowsVirtualKeyCode":99}}
08:51:12.917 [nioEventLoopGroup-9-1] DEBUG c.i.k.driver.chrome_1752371469810 - << {"id":81,"result":{},"sessionId":"14620DBA3425FD989CD365D375FA78D0"}
08:51:12.918 [main] DEBUG c.i.k.driver.chrome_1752371469810 - >> {"id":82,"sessionId":"14620DBA3425FD989CD365D375FA78D0","method":"Input.dispatchKeyEvent","params":{"modifiers":0,"type":"rawKeyDown","text":"e","windowsVirtualKeyCode":101}}
08:51:12.921 [nioEventLoopGroup-9-1] DEBUG c.i.k.driver.chrome_1752371469810 - << {"id":82,"result":{},"sessionId":"14620DBA3425FD989CD365D375FA78D0"}
08:51:12.924 [main] DEBUG c.i.k.driver.chrome_1752371469810 - >> {"id":83,"sessionId":"14620DBA3425FD989CD365D375FA78D0","method":"Input.dispatchKeyEvent","params":{"modifiers":0,"type":"char","text":"e","windowsVirtualKeyCode":101}}
08:51:12.929 [nioEventLoopGroup-9-1] DEBUG c.i.k.driver.chrome_1752371469810 - << {"id":83,"result":{},"sessionId":"14620DBA3425FD989CD365D375FA78D0"}
08:51:12.930 [main] DEBUG c.i.k.driver.chrome_1752371469810 - >> {"id":84,"sessionId":"14620DBA3425FD989CD365D375FA78D0","method":"Input.dispatchKeyEvent","params":{"modifiers":0,"type":"keyUp","text":"e","windowsVirtualKeyCode":101}}
08:51:12.940 [nioEventLoopGroup-9-1] DEBUG c.i.k.driver.chrome_1752371469810 - << {"id":84,"result":{},"sessionId":"14620DBA3425FD989CD365D375FA78D0"}
08:51:12.945 [main] DEBUG c.i.k.driver.chrome_1752371469810 - >> {"id":85,"sessionId":"14620DBA3425FD989CD365D375FA78D0","method":"Runtime.evaluate","params":{"expression":"document.evaluate(\"\/\/*[@id='login-button']\", document, null, 9, null).singleNodeValue.click()","returnByValue":true}}
08:51:12.965 [nioEventLoopGroup-9-1] DEBUG c.i.k.driver.chrome_1752371469810 - << {"method":"Page.frameStartedLoading","params":{"frameId":"F7C0FF5DF9766D773C4B0B334D71AE08"},"sessionId":"14620DBA3425FD989CD365D375FA78D0"}
08:51:12.985 [nioEventLoopGroup-9-1] DEBUG c.i.k.driver.chrome_1752371469810 - << {"method":"Target.targetInfoChanged","params":{"targetInfo":{"targetId":"F7C0FF5DF9766D773C4B0B334D71AE08","type":"page","title":"Swag Labs","url":"https://www.saucedemo.com/inventory.html","attached":true,"canAccessOpener":false,"browserContextId":"A9C0145B3C90C7E655E459006FDB1CD2"}},"sessionId":"14620DBA3425FD989CD365D375FA78D0"}
08:51:12.986 [nioEventLoopGroup-9-1] DEBUG c.i.k.driver.chrome_1752371469810 - << {"method":"Page.navigatedWithinDocument","params":{"frameId":"F7C0FF5DF9766D773C4B0B334D71AE08","url":"https://www.saucedemo.com/inventory.html","navigationType":"historyApi"},"sessionId":"14620DBA3425FD989CD365D375FA78D0"}
08:51:12.987 [nioEventLoopGroup-9-1] DEBUG c.i.k.driver.chrome_1752371469810 - << {"method":"Page.frameStoppedLoading","params":{"frameId":"F7C0FF5DF9766D773C4B0B334D71AE08"},"sessionId":"14620DBA3425FD989CD365D375FA78D0"}
08:51:13.059 [nioEventLoopGroup-9-1] DEBUG c.i.k.driver.chrome_1752371469810 - << {"id":85,"result":{"result":{"type":"undefined"}},"sessionId":"14620DBA3425FD989CD365D375FA78D0"}
08:51:13.094 [main] DEBUG c.i.k.driver.chrome_1752371469810 - >> {"id":86,"sessionId":"14620DBA3425FD989CD365D375FA78D0","method":"Runtime.evaluate","params":{"expression":"document.location.href","returnByValue":true}}
08:51:13.129 [nioEventLoopGroup-9-1] DEBUG c.i.k.driver.chrome_1752371469810 - << {"id":86,"result":{"result":{"type":"string","value":"https://www.saucedemo.com/inventory.html"}},"sessionId":"14620DBA3425FD989CD365D375FA78D0"}
08:51:13.136 [main] DEBUG c.i.k.driver.chrome_1752371469810 - >> {"id":87,"sessionId":"14620DBA3425FD989CD365D375FA78D0","method":"Runtime.evaluate","params":{"expression":"document.location.href","returnByValue":true}}
08:51:13.140 [nioEventLoopGroup-9-1] DEBUG c.i.k.driver.chrome_1752371469810 - << {"id":87,"result":{"result":{"type":"string","value":"https://www.saucedemo.com/inventory.html"}},"sessionId":"14620DBA3425FD989CD365D375FA78D0"}
08:51:13.142 [main] DEBUG c.i.k.driver.chrome_1752371469810 - >> {"id":88,"sessionId":"14620DBA3425FD989CD365D375FA78D0","method":"Target.closeTarget","params":{"targetId":"F7C0FF5DF9766D773C4B0B334D71AE08"}}
08:51:13.144 [nioEventLoopGroup-9-1] DEBUG c.i.k.http.WebSocketClientHandler - websocket closing
08:51:13.145 [nioEventLoopGroup-9-1] DEBUG c.i.k.http.WebSocketClientHandler - websocket client disconnected
08:51:13.161 [main] DEBUG com.intuit.karate.shell.Command - closing command: chrome_1752371469810
08:51:13.177 [main] INFO  com.intuit.karate - karate.env system property was: null 
08:51:13.188 [main] DEBUG com.intuit.karate.shell.Command - found / verified free local port: 53862
08:51:13.189 [main] WARN  c.intuit.karate.driver.DriverOptions - preferred port 9222 not available, will use: 53862
08:51:13.190 [main] DEBUG c.i.k.driver.chrome_1752371473187 - poll attempt #0 for port to be ready - localhost:53862
08:51:13.225 [chrome_1752371473187] DEBUG c.i.k.driver.chrome_1752371473187 - command: [C:\Program Files\Google\Chrome\Application\chrome.exe, --remote-debugging-port=53862, --remote-allow-origins=*, --no-first-run, --user-data-dir=E:\Duy\Projects\practices\karate_framework\demo\target\chrome_1752371473187, --disable-popup-blocking], working dir: target\chrome_1752371473187
08:51:13.447 [chrome_1752371469810] WARN  com.intuit.karate.shell.Command - exit code was non-zero: 1 - [C:\Program Files\Google\Chrome\Application\chrome.exe, --remote-debugging-port=53830, --remote-allow-origins=*, --no-first-run, --user-data-dir=E:\Duy\Projects\practices\karate_framework\demo\target\chrome_1752371469810, --disable-popup-blocking] working dir: target\chrome_1752371469810
08:51:13.467 [main] DEBUG c.i.k.driver.chrome_1752371473187 - poll attempt #1 for port to be ready - localhost:53862
08:51:13.733 [main] DEBUG c.i.k.driver.chrome_1752371473187 - poll attempt #2 for port to be ready - localhost:53862
08:51:13.847 [chrome_1752371473187-out] DEBUG c.i.k.driver.chrome_1752371473187 - 
08:51:13.848 [chrome_1752371473187-out] DEBUG c.i.k.driver.chrome_1752371473187 - DevTools listening on ws://127.0.0.1:53862/devtools/browser/ac1e6cd6-3556-466e-89bc-b5ce9e4ddf83
08:51:13.986 [main] DEBUG c.i.k.driver.chrome_1752371473187 - poll attempt #3 for port to be ready - localhost:53862
08:51:14.000 [main] DEBUG com.intuit.karate - request:
1 > GET http://localhost:53862/json
1 > Host: localhost:53862
1 > Connection: Keep-Alive
1 > User-Agent: Apache-HttpClient/4.5.14 (Java/21.0.7)
1 > Accept-Encoding: gzip,deflate


08:51:14.056 [main] DEBUG com.intuit.karate - response time in milliseconds: 55
1 < 200
1 < Content-Security-Policy: frame-ancestors 'none'
1 < Content-Length: 986
1 < Content-Type: application/json; charset=UTF-8
[ {
   "description": "",
   "devtoolsFrontendUrl": "https://chrome-devtools-frontend.appspot.com/serve_rev/@a2159ad9ab8037bd34a21b9903003e0964c2075b/inspector.html?ws=localhost:53862/devtools/page/3F28EE0314ADEF85C5B8369018201898",
   "id": "3F28EE0314ADEF85C5B8369018201898",
   "title": "Google Hangouts",
   "type": "background_page",
   "url": "chrome-extension://nkeimhogjdpnpccoofpliimaahmaaome/background.html",
   "webSocketDebuggerUrl": "ws://localhost:53862/devtools/page/3F28EE0314ADEF85C5B8369018201898"
}, {
   "description": "",
   "devtoolsFrontendUrl": "https://chrome-devtools-frontend.appspot.com/serve_rev/@a2159ad9ab8037bd34a21b9903003e0964c2075b/inspector.html?ws=localhost:53862/devtools/page/E243F003098D82405D3401F43014E3A2",
   "id": "E243F003098D82405D3401F43014E3A2",
   "title": "New Tab",
   "type": "page",
   "url": "chrome://newtab/",
   "webSocketDebuggerUrl": "ws://localhost:53862/devtools/page/E243F003098D82405D3401F43014E3A2"
} ]


08:51:14.057 [main] DEBUG com.intuit.karate.shell.Command - ready to accept http connections after 64 ms - http://localhost:53862/json
08:51:14.060 [main] DEBUG com.intuit.karate - request:
1 > GET http://localhost:53862/json
1 > Host: localhost:53862
1 > Connection: Keep-Alive
1 > User-Agent: Apache-HttpClient/4.5.14 (Java/21.0.7)
1 > Accept-Encoding: gzip,deflate


08:51:14.077 [main] DEBUG com.intuit.karate - response time in milliseconds: 16
1 < 200
1 < Content-Security-Policy: frame-ancestors 'none'
1 < Content-Length: 986
1 < Content-Type: application/json; charset=UTF-8
[ {
   "description": "",
   "devtoolsFrontendUrl": "https://chrome-devtools-frontend.appspot.com/serve_rev/@a2159ad9ab8037bd34a21b9903003e0964c2075b/inspector.html?ws=localhost:53862/devtools/page/3F28EE0314ADEF85C5B8369018201898",
   "id": "3F28EE0314ADEF85C5B8369018201898",
   "title": "Google Hangouts",
   "type": "background_page",
   "url": "chrome-extension://nkeimhogjdpnpccoofpliimaahmaaome/background.html",
   "webSocketDebuggerUrl": "ws://localhost:53862/devtools/page/3F28EE0314ADEF85C5B8369018201898"
}, {
   "description": "",
   "devtoolsFrontendUrl": "https://chrome-devtools-frontend.appspot.com/serve_rev/@a2159ad9ab8037bd34a21b9903003e0964c2075b/inspector.html?ws=localhost:53862/devtools/page/E243F003098D82405D3401F43014E3A2",
   "id": "E243F003098D82405D3401F43014E3A2",
   "title": "New Tab",
   "type": "page",
   "url": "chrome://newtab/",
   "webSocketDebuggerUrl": "ws://localhost:53862/devtools/page/E243F003098D82405D3401F43014E3A2"
} ]


08:51:14.078 [main] DEBUG c.i.k.driver.chrome_1752371473187 - root frame id: E243F003098D82405D3401F43014E3A2
08:51:14.155 [nioEventLoopGroup-10-1] DEBUG c.i.k.http.WebSocketClientHandler - websocket client connected
08:51:14.156 [main] DEBUG c.i.k.driver.chrome_1752371473187 - >> {"id":1,"method":"Target.attachToTarget","params":{"targetId":"E243F003098D82405D3401F43014E3A2","flatten":true}}
08:51:14.162 [nioEventLoopGroup-10-1] DEBUG c.i.k.driver.chrome_1752371473187 - << {"method":"Target.attachedToTarget","params":{"sessionId":"A3B76007C0161734C9FD0E928CA3F2C8","targetInfo":{"targetId":"E243F003098D82405D3401F43014E3A2","type":"page","title":"New Tab","url":"chrome://newtab/","attached":true,"canAccessOpener":false,"browserContextId":"0CF94D0D728117F706DECBF4330B95B8"},"waitingForDebugger":false}}
08:51:14.162 [nioEventLoopGroup-10-1] DEBUG c.i.k.driver.chrome_1752371473187 - << {"id":1,"result":{"sessionId":"A3B76007C0161734C9FD0E928CA3F2C8"}}
08:51:14.162 [main] DEBUG c.i.k.driver.chrome_1752371473187 - >> {"id":2,"sessionId":"A3B76007C0161734C9FD0E928CA3F2C8","method":"Target.activateTarget","params":{"targetId":"E243F003098D82405D3401F43014E3A2"}}
08:51:14.166 [nioEventLoopGroup-10-1] DEBUG c.i.k.driver.chrome_1752371473187 - << {"id":2,"result":{},"sessionId":"A3B76007C0161734C9FD0E928CA3F2C8"}
08:51:14.166 [main] DEBUG c.i.k.driver.chrome_1752371473187 - >> {"id":3,"sessionId":"A3B76007C0161734C9FD0E928CA3F2C8","method":"Target.setDiscoverTargets","params":{"discover":true}}
08:51:14.168 [nioEventLoopGroup-10-1] DEBUG c.i.k.driver.chrome_1752371473187 - << {"method":"Target.targetCreated","params":{"targetInfo":{"targetId":"3F28EE0314ADEF85C5B8369018201898","type":"background_page","title":"Google Hangouts","url":"chrome-extension://nkeimhogjdpnpccoofpliimaahmaaome/background.html","attached":false,"canAccessOpener":false,"browserContextId":"0CF94D0D728117F706DECBF4330B95B8"}},"sessionId":"A3B76007C0161734C9FD0E928CA3F2C8"}
08:51:14.168 [nioEventLoopGroup-10-1] DEBUG c.i.k.driver.chrome_1752371473187 - << {"method":"Target.targetCreated","params":{"targetInfo":{"targetId":"E243F003098D82405D3401F43014E3A2","type":"page","title":"New Tab","url":"chrome://newtab/","attached":true,"canAccessOpener":false,"browserContextId":"0CF94D0D728117F706DECBF4330B95B8"}},"sessionId":"A3B76007C0161734C9FD0E928CA3F2C8"}
08:51:14.168 [nioEventLoopGroup-10-1] DEBUG c.i.k.driver.chrome_1752371473187 - << {"id":3,"result":{},"sessionId":"A3B76007C0161734C9FD0E928CA3F2C8"}
08:51:14.171 [main] DEBUG c.i.k.driver.chrome_1752371473187 - >> {"id":4,"sessionId":"A3B76007C0161734C9FD0E928CA3F2C8","method":"Page.enable"}
08:51:14.227 [nioEventLoopGroup-10-1] DEBUG c.i.k.driver.chrome_1752371473187 - << {"method":"Target.targetInfoChanged","params":{"targetInfo":{"targetId":"E243F003098D82405D3401F43014E3A2","type":"page","title":"New Tab","url":"chrome://newtab/","attached":true,"canAccessOpener":false,"browserContextId":"0CF94D0D728117F706DECBF4330B95B8"}},"sessionId":"A3B76007C0161734C9FD0E928CA3F2C8"}
08:51:14.260 [nioEventLoopGroup-10-1] DEBUG c.i.k.driver.chrome_1752371473187 - << {"id":4,"result":{},"sessionId":"A3B76007C0161734C9FD0E928CA3F2C8"}
08:51:14.263 [nioEventLoopGroup-10-1] DEBUG c.i.k.driver.chrome_1752371473187 - << {"method":"Page.frameAttached","params":{"frameId":"F3DEEC6136DA6E46C14AE0F93B2CF4EC","parentFrameId":"E243F003098D82405D3401F43014E3A2"},"sessionId":"A3B76007C0161734C9FD0E928CA3F2C8"}
08:51:14.263 [nioEventLoopGroup-10-1] DEBUG c.i.k.driver.chrome_1752371473187 - << {"method":"Page.frameRequestedNavigation","params":{"frameId":"F3DEEC6136DA6E46C14AE0F93B2CF4EC","reason":"initialFrameNavigation","url":"about:blank","disposition":"currentTab"},"sessionId":"A3B76007C0161734C9FD0E928CA3F2C8"}
08:51:14.264 [nioEventLoopGroup-10-1] DEBUG c.i.k.driver.chrome_1752371473187 - << {"method":"Page.frameNavigated","params":{"frame":{"id":"F3DEEC6136DA6E46C14AE0F93B2CF4EC","parentId":"E243F003098D82405D3401F43014E3A2","loaderId":"36EEB4C828F66E4231E6C0737673C67E","name":"backgroundImage","url":"about:blank","domainAndRegistry":"","securityOrigin":"://","securityOriginDetails":{"isLocalhost":false},"mimeType":"text/html","adFrameStatus":{"adFrameType":"none","explanations":[]},"secureContextType":"Secure","crossOriginIsolatedContextType":"NotIsolated","gatedAPIFeatures":[]},"type":"Navigation"},"sessionId":"A3B76007C0161734C9FD0E928CA3F2C8"}
08:51:14.264 [nioEventLoopGroup-10-1] DEBUG c.i.k.driver.chrome_1752371473187 - << {"method":"Page.frameStartedLoading","params":{"frameId":"F3DEEC6136DA6E46C14AE0F93B2CF4EC"},"sessionId":"A3B76007C0161734C9FD0E928CA3F2C8"}
08:51:14.264 [main] DEBUG c.i.k.driver.chrome_1752371473187 - >> {"id":5,"sessionId":"A3B76007C0161734C9FD0E928CA3F2C8","method":"Runtime.enable"}
08:51:14.268 [nioEventLoopGroup-10-1] DEBUG c.i.k.driver.chrome_1752371473187 - << {"method":"Page.frameStoppedLoading","params":{"frameId":"F3DEEC6136DA6E46C14AE0F93B2CF4EC"},"sessionId":"A3B76007C0161734C9FD0E928CA3F2C8"}
08:51:14.276 [nioEventLoopGroup-10-1] DEBUG c.i.k.driver.chrome_1752371473187 - << {"method":"Runtime.executionContextCreated","params":{"context":{"id":2,"origin":"chrome://new-tab-page","name":"","uniqueId":"-838518252868738926.-7186729287083768462","auxData":{"isDefault":true,"type":"default","frameId":"F3DEEC6136DA6E46C14AE0F93B2CF4EC"}}},"sessionId":"A3B76007C0161734C9FD0E928CA3F2C8"}
08:51:14.277 [nioEventLoopGroup-10-1] DEBUG c.i.k.driver.chrome_1752371473187 - << {"method":"Runtime.executionContextCreated","params":{"context":{"id":1,"origin":"chrome://new-tab-page","name":"","uniqueId":"6855518491962293291.-6736559732141100103","auxData":{"isDefault":true,"type":"default","frameId":"E243F003098D82405D3401F43014E3A2"}}},"sessionId":"A3B76007C0161734C9FD0E928CA3F2C8"}
08:51:14.277 [nioEventLoopGroup-10-1] DEBUG c.i.k.driver.chrome_1752371473187 - << {"id":5,"result":{},"sessionId":"A3B76007C0161734C9FD0E928CA3F2C8"}
08:51:14.278 [main] DEBUG c.i.k.driver.chrome_1752371473187 - >> {"id":6,"sessionId":"A3B76007C0161734C9FD0E928CA3F2C8","method":"Browser.getWindowForTarget","params":{"targetId":"E243F003098D82405D3401F43014E3A2"}}
08:51:14.279 [nioEventLoopGroup-10-1] DEBUG c.i.k.driver.chrome_1752371473187 - << {"id":6,"result":{"windowId":402803827,"bounds":{"left":10,"top":10,"width":945,"height":1060,"windowState":"normal"}},"sessionId":"A3B76007C0161734C9FD0E928CA3F2C8"}
08:51:14.291 [nioEventLoopGroup-10-1] DEBUG c.i.k.driver.chrome_1752371473187 - << {"method":"Target.targetInfoChanged","params":{"targetInfo":{"targetId":"3F28EE0314ADEF85C5B8369018201898","type":"background_page","title":"Google Hangouts","url":"chrome-extension://nkeimhogjdpnpccoofpliimaahmaaome/background.html","attached":false,"canAccessOpener":false,"browserContextId":"0CF94D0D728117F706DECBF4330B95B8"}},"sessionId":"A3B76007C0161734C9FD0E928CA3F2C8"}
08:51:14.294 [main] DEBUG c.i.k.driver.chrome_1752371473187 - >> {"id":7,"sessionId":"A3B76007C0161734C9FD0E928CA3F2C8","method":"Page.navigate","params":{"url":"https:\/\/saucedemo.com\/"}}
08:51:14.306 [nioEventLoopGroup-10-1] DEBUG c.i.k.driver.chrome_1752371473187 - << {"method":"Page.frameStartedNavigating","params":{"frameId":"E243F003098D82405D3401F43014E3A2","url":"https://saucedemo.com/","loaderId":"727C523848FE147F6097EFE6218EEEE7","navigationType":"differentDocument"},"sessionId":"A3B76007C0161734C9FD0E928CA3F2C8"}
08:51:14.307 [nioEventLoopGroup-10-1] DEBUG c.i.k.driver.chrome_1752371473187 - << {"method":"Page.frameStartedLoading","params":{"frameId":"E243F003098D82405D3401F43014E3A2"},"sessionId":"A3B76007C0161734C9FD0E928CA3F2C8"}
08:51:14.552 [nioEventLoopGroup-10-1] DEBUG c.i.k.driver.chrome_1752371473187 - << {"method":"Page.domContentEventFired","params":{"timestamp":251526.08718},"sessionId":"A3B76007C0161734C9FD0E928CA3F2C8"}
08:51:14.557 [main] INFO  c.intuit.karate.core.FeatureRuntime - classpath:UI/LoginUI/LoginPage.feature - call by tag at line 7: action_attemptLogin
08:51:14.570 [nioEventLoopGroup-10-1] DEBUG c.i.k.driver.chrome_1752371473187 - << {"method":"Page.loadEventFired","params":{"timestamp":251526.111565},"sessionId":"A3B76007C0161734C9FD0E928CA3F2C8"}
08:51:14.570 [nioEventLoopGroup-10-1] DEBUG c.i.k.driver.chrome_1752371473187 - << {"method":"Page.frameStartedLoading","params":{"frameId":"E243F003098D82405D3401F43014E3A2"},"sessionId":"A3B76007C0161734C9FD0E928CA3F2C8"}
08:51:14.571 [main] DEBUG c.intuit.karate.core.ScenarioEngine - over-writing existing variable 'loginPage' with new value: read('classpath:UI/LoginUI/saucedemo-LoginPage.json')
08:51:14.573 [main] DEBUG c.i.k.driver.chrome_1752371473187 - >> {"id":8,"sessionId":"A3B76007C0161734C9FD0E928CA3F2C8","method":"Runtime.evaluate","params":{"expression":"var e = document.evaluate(\"\/\/*[@id='user-name']\", document, null, 9, null).singleNodeValue; e.focus(); try { e.selectionStart = e.selectionEnd = e.value.length } catch(x) {}","returnByValue":true}}
08:51:14.585 [nioEventLoopGroup-10-1] DEBUG c.i.k.driver.chrome_1752371473187 - << {"method":"Page.frameAttached","params":{"frameId":"D6C9038BA452CDC37967E014E0C7CB77","parentFrameId":"E243F003098D82405D3401F43014E3A2","stack":{"callFrames":[{"functionName":"O","scriptId":"8","url":"chrome://resources/lit/v3_0/lit.rollup.js","lineNumber":15,"columnNumber":4320},{"functionName":"T","scriptId":"8","url":"chrome://resources/lit/v3_0/lit.rollup.js","lineNumber":15,"columnNumber":4394},{"functionName":"$","scriptId":"8","url":"chrome://resources/lit/v3_0/lit.rollup.js","lineNumber":15,"columnNumber":4743},{"functionName":"_$AI","scriptId":"8","url":"chrome://resources/lit/v3_0/lit.rollup.js","lineNumber":15,"columnNumber":4227},{"functionName":"B","scriptId":"8","url":"chrome://resources/lit/v3_0/lit.rollup.js","lineNumber":15,"columnNumber":7111},{"functionName":"update","scriptId":"8","url":"chrome://resources/lit/v3_0/lit.rollup.js","lineNumber":20,"columnNumber":369},{"functionName":"performUpdate","scriptId":"8","url":"chrome://resources/lit/v3_0/lit.rollup.js","lineNumber":10,"columnNumbe ...
08:51:14.587 [nioEventLoopGroup-10-1] DEBUG c.i.k.driver.chrome_1752371473187 - << {"method":"Page.frameRequestedNavigation","params":{"frameId":"D6C9038BA452CDC37967E014E0C7CB77","reason":"initialFrameNavigation","url":"chrome-untrusted://new-tab-page/one-google-bar?paramsencoded=","disposition":"currentTab"},"sessionId":"A3B76007C0161734C9FD0E928CA3F2C8"}
08:51:14.591 [nioEventLoopGroup-10-1] DEBUG c.i.k.driver.chrome_1752371473187 - << {"method":"Page.frameStartedNavigating","params":{"frameId":"D6C9038BA452CDC37967E014E0C7CB77","url":"chrome-untrusted://new-tab-page/one-google-bar?paramsencoded=","loaderId":"D48111FA4B31C95E6FDD3785A8C23378","navigationType":"differentDocument"},"sessionId":"A3B76007C0161734C9FD0E928CA3F2C8"}
08:51:14.591 [nioEventLoopGroup-10-1] DEBUG c.i.k.driver.chrome_1752371473187 - << {"method":"Page.frameStartedLoading","params":{"frameId":"D6C9038BA452CDC37967E014E0C7CB77"},"sessionId":"A3B76007C0161734C9FD0E928CA3F2C8"}
08:51:14.923 [nioEventLoopGroup-10-1] DEBUG c.i.k.driver.chrome_1752371473187 - << {"method":"Target.targetCreated","params":{"targetInfo":{"targetId":"6085145E61CB96BE7256CB970390498C","type":"service_worker","title":"Service Worker chrome-extension://fignfifoniblkonapihmkfakmlgkbkcf/service_worker.js","url":"chrome-extension://fignfifoniblkonapihmkfakmlgkbkcf/service_worker.js","attached":false,"canAccessOpener":false,"browserContextId":"0CF94D0D728117F706DECBF4330B95B8"}},"sessionId":"A3B76007C0161734C9FD0E928CA3F2C8"}
08:51:15.745 [nioEventLoopGroup-10-1] DEBUG c.i.k.driver.chrome_1752371473187 - << {"id":7,"result":{"frameId":"E243F003098D82405D3401F43014E3A2","loaderId":"727C523848FE147F6097EFE6218EEEE7"},"sessionId":"A3B76007C0161734C9FD0E928CA3F2C8"}
08:51:15.750 [nioEventLoopGroup-10-1] DEBUG c.i.k.driver.chrome_1752371473187 - << {"method":"Runtime.executionContextsCleared","params":{},"sessionId":"A3B76007C0161734C9FD0E928CA3F2C8"}
08:51:15.755 [nioEventLoopGroup-10-1] DEBUG c.i.k.driver.chrome_1752371473187 - << {"method":"Runtime.executionContextsCleared","params":{},"sessionId":"A3B76007C0161734C9FD0E928CA3F2C8"}
08:51:15.756 [nioEventLoopGroup-10-1] DEBUG c.i.k.driver.chrome_1752371473187 - << {"method":"Page.frameNavigated","params":{"frame":{"id":"E243F003098D82405D3401F43014E3A2","loaderId":"727C523848FE147F6097EFE6218EEEE7","url":"https://www.saucedemo.com/","domainAndRegistry":"saucedemo.com","securityOrigin":"https://www.saucedemo.com","securityOriginDetails":{"isLocalhost":false},"mimeType":"text/html","adFrameStatus":{"adFrameType":"none"},"secureContextType":"Secure","crossOriginIsolatedContextType":"NotIsolated","gatedAPIFeatures":[]},"type":"Navigation"},"sessionId":"A3B76007C0161734C9FD0E928CA3F2C8"}
08:51:15.762 [nioEventLoopGroup-10-1] DEBUG c.i.k.driver.chrome_1752371473187 - << {"method":"Page.frameStoppedLoading","params":{"frameId":"D6C9038BA452CDC37967E014E0C7CB77"},"sessionId":"A3B76007C0161734C9FD0E928CA3F2C8"}
08:51:15.791 [nioEventLoopGroup-10-1] DEBUG c.i.k.driver.chrome_1752371473187 - << {"method":"Target.targetInfoChanged","params":{"targetInfo":{"targetId":"E243F003098D82405D3401F43014E3A2","type":"page","title":"saucedemo.com","url":"https://www.saucedemo.com/","attached":true,"canAccessOpener":false,"browserContextId":"0CF94D0D728117F706DECBF4330B95B8"}},"sessionId":"A3B76007C0161734C9FD0E928CA3F2C8"}
08:51:15.799 [nioEventLoopGroup-10-1] DEBUG c.i.k.driver.chrome_1752371473187 - << {"method":"Runtime.executionContextCreated","params":{"context":{"id":1,"origin":"https://www.saucedemo.com","name":"","uniqueId":"1681924121613767633.-1498377711634519467","auxData":{"isDefault":true,"type":"default","frameId":"E243F003098D82405D3401F43014E3A2"}}},"sessionId":"A3B76007C0161734C9FD0E928CA3F2C8"}
08:51:15.827 [nioEventLoopGroup-10-1] DEBUG c.i.k.driver.chrome_1752371473187 - << {"id":8,"result":{"result":{"type":"object","subtype":"error","className":"TypeError","description":"TypeError: Cannot read properties of null (reading 'focus')\n    at <anonymous>:1:95","objectId":"-8292225586446124947.1.1"},"exceptionDetails":{"exceptionId":1,"text":"Uncaught","lineNumber":0,"columnNumber":94,"scriptId":"6","stackTrace":{"callFrames":[{"functionName":"","scriptId":"6","url":"","lineNumber":0,"columnNumber":94}]},"exception":{"type":"object","subtype":"error","className":"TypeError","description":"TypeError: Cannot read properties of null (reading 'focus')\n    at <anonymous>:1:95","objectId":"-8292225586446124947.1.2"}}},"sessionId":"A3B76007C0161734C9FD0E928CA3F2C8"}
08:51:15.828 [nioEventLoopGroup-10-1] WARN  c.i.k.driver.chrome_1752371473187 - devtools error: [id: 8, sessionId: A3B76007C0161734C9FD0E928CA3F2C8, result: [type: MAP, value: {type=object, subtype=error, className=TypeError, description=TypeError: Cannot read properties of null (reading 'focus')
    at <anonymous>:1:95, objectId=-8292225586446124947.1.1}]]
08:51:15.828 [main] WARN  c.i.k.driver.chrome_1752371473187 - js eval failed once:var e = document.evaluate("//*[@id='user-name']", document, null, 9, null).singleNodeValue; e.focus(); try { e.selectionStart = e.selectionEnd = e.value.length } catch(x) {}, error: [type: MAP, value: {type=object, subtype=error, className=TypeError, description=TypeError: Cannot read properties of null (reading 'focus')
    at <anonymous>:1:95, objectId=-8292225586446124947.1.1}]
08:51:16.436 [nioEventLoopGroup-10-1] DEBUG c.i.k.driver.chrome_1752371473187 - << {"method":"Page.domContentEventFired","params":{"timestamp":251527.975489},"sessionId":"A3B76007C0161734C9FD0E928CA3F2C8"}
08:51:16.879 [nioEventLoopGroup-10-1] DEBUG c.i.k.driver.chrome_1752371473187 - << {"method":"Page.loadEventFired","params":{"timestamp":251528.415249},"sessionId":"A3B76007C0161734C9FD0E928CA3F2C8"}
08:51:16.881 [nioEventLoopGroup-10-1] DEBUG c.i.k.driver.chrome_1752371473187 - << {"method":"Page.frameStoppedLoading","params":{"frameId":"E243F003098D82405D3401F43014E3A2"},"sessionId":"A3B76007C0161734C9FD0E928CA3F2C8"}
08:51:17.767 [nioEventLoopGroup-10-1] DEBUG c.i.k.driver.chrome_1752371473187 - << {"method":"Target.targetCreated","params":{"targetInfo":{"targetId":"62B7DBAE94DF171776CDF5725046801A","type":"service_worker","title":"Service Worker https://www.saucedemo.com/service-worker.js","url":"https://www.saucedemo.com/service-worker.js","attached":false,"canAccessOpener":false,"browserContextId":"0CF94D0D728117F706DECBF4330B95B8"}},"sessionId":"A3B76007C0161734C9FD0E928CA3F2C8"}
08:51:18.779 [nioEventLoopGroup-10-1] DEBUG c.i.k.driver.chrome_1752371473187 - << {"method":"Runtime.consoleAPICalled","params":{"type":"log","args":[{"type":"string","value":"Content is cached for offline use."}],"executionContextId":1,"timestamp":1.752371478778154e+12,"stackTrace":{"callFrames":[{"functionName":"console.<computed>","scriptId":"7","url":"https://www.saucedemo.com/static/js/2.84a5cbf3.chunk.js","lineNumber":1,"columnNumber":123015},{"functionName":"a.onstatechange","scriptId":"8","url":"https://www.saucedemo.com/static/js/main.018d2d1e.chunk.js","lineNumber":0,"columnNumber":58496}]}},"sessionId":"A3B76007C0161734C9FD0E928CA3F2C8"}
08:51:18.779 [nioEventLoopGroup-10-1] DEBUG c.i.k.driver.chrome_1752371473187 - [console] Content is cached for offline use.
08:51:18.857 [main] DEBUG c.i.k.driver.chrome_1752371473187 - >> {"id":9,"sessionId":"A3B76007C0161734C9FD0E928CA3F2C8","method":"Runtime.evaluate","params":{"expression":"var e = document.evaluate(\"\/\/*[@id='user-name']\", document, null, 9, null).singleNodeValue; e.focus(); try { e.selectionStart = e.selectionEnd = e.value.length } catch(x) {}","returnByValue":true}}
08:51:18.862 [nioEventLoopGroup-10-1] DEBUG c.i.k.driver.chrome_1752371473187 - << {"id":9,"result":{"result":{"type":"number","value":0,"description":"0"}},"sessionId":"A3B76007C0161734C9FD0E928CA3F2C8"}
08:51:18.863 [main] DEBUG c.i.k.driver.chrome_1752371473187 - >> {"id":10,"sessionId":"A3B76007C0161734C9FD0E928CA3F2C8","method":"Input.dispatchKeyEvent","params":{"modifiers":0,"type":"rawKeyDown","text":"l","windowsVirtualKeyCode":108}}
08:51:18.870 [nioEventLoopGroup-10-1] DEBUG c.i.k.driver.chrome_1752371473187 - << {"id":10,"result":{},"sessionId":"A3B76007C0161734C9FD0E928CA3F2C8"}
08:51:18.870 [main] DEBUG c.i.k.driver.chrome_1752371473187 - >> {"id":11,"sessionId":"A3B76007C0161734C9FD0E928CA3F2C8","method":"Input.dispatchKeyEvent","params":{"modifiers":0,"type":"char","text":"l","windowsVirtualKeyCode":108}}
08:51:18.884 [nioEventLoopGroup-10-1] DEBUG c.i.k.driver.chrome_1752371473187 - << {"id":11,"result":{},"sessionId":"A3B76007C0161734C9FD0E928CA3F2C8"}
08:51:18.885 [main] DEBUG c.i.k.driver.chrome_1752371473187 - >> {"id":12,"sessionId":"A3B76007C0161734C9FD0E928CA3F2C8","method":"Input.dispatchKeyEvent","params":{"modifiers":0,"type":"keyUp","text":"l","windowsVirtualKeyCode":108}}
08:51:18.890 [nioEventLoopGroup-10-1] DEBUG c.i.k.driver.chrome_1752371473187 - << {"id":12,"result":{},"sessionId":"A3B76007C0161734C9FD0E928CA3F2C8"}
08:51:18.895 [main] DEBUG c.i.k.driver.chrome_1752371473187 - >> {"id":13,"sessionId":"A3B76007C0161734C9FD0E928CA3F2C8","method":"Input.dispatchKeyEvent","params":{"modifiers":0,"type":"rawKeyDown","text":"o","windowsVirtualKeyCode":111}}
08:51:18.898 [nioEventLoopGroup-10-1] DEBUG c.i.k.driver.chrome_1752371473187 - << {"id":13,"result":{},"sessionId":"A3B76007C0161734C9FD0E928CA3F2C8"}
08:51:18.898 [main] DEBUG c.i.k.driver.chrome_1752371473187 - >> {"id":14,"sessionId":"A3B76007C0161734C9FD0E928CA3F2C8","method":"Input.dispatchKeyEvent","params":{"modifiers":0,"type":"char","text":"o","windowsVirtualKeyCode":111}}
08:51:18.905 [nioEventLoopGroup-10-1] DEBUG c.i.k.driver.chrome_1752371473187 - << {"id":14,"result":{},"sessionId":"A3B76007C0161734C9FD0E928CA3F2C8"}
08:51:18.905 [main] DEBUG c.i.k.driver.chrome_1752371473187 - >> {"id":15,"sessionId":"A3B76007C0161734C9FD0E928CA3F2C8","method":"Input.dispatchKeyEvent","params":{"modifiers":0,"type":"keyUp","text":"o","windowsVirtualKeyCode":111}}
08:51:18.909 [nioEventLoopGroup-10-1] DEBUG c.i.k.driver.chrome_1752371473187 - << {"id":15,"result":{},"sessionId":"A3B76007C0161734C9FD0E928CA3F2C8"}
08:51:18.909 [main] DEBUG c.i.k.driver.chrome_1752371473187 - >> {"id":16,"sessionId":"A3B76007C0161734C9FD0E928CA3F2C8","method":"Input.dispatchKeyEvent","params":{"modifiers":0,"type":"rawKeyDown","text":"c","windowsVirtualKeyCode":99}}
08:51:18.912 [nioEventLoopGroup-10-1] DEBUG c.i.k.driver.chrome_1752371473187 - << {"id":16,"result":{},"sessionId":"A3B76007C0161734C9FD0E928CA3F2C8"}
08:51:18.912 [main] DEBUG c.i.k.driver.chrome_1752371473187 - >> {"id":17,"sessionId":"A3B76007C0161734C9FD0E928CA3F2C8","method":"Input.dispatchKeyEvent","params":{"modifiers":0,"type":"char","text":"c","windowsVirtualKeyCode":99}}
08:51:18.919 [nioEventLoopGroup-10-1] DEBUG c.i.k.driver.chrome_1752371473187 - << {"id":17,"result":{},"sessionId":"A3B76007C0161734C9FD0E928CA3F2C8"}
08:51:18.920 [main] DEBUG c.i.k.driver.chrome_1752371473187 - >> {"id":18,"sessionId":"A3B76007C0161734C9FD0E928CA3F2C8","method":"Input.dispatchKeyEvent","params":{"modifiers":0,"type":"keyUp","text":"c","windowsVirtualKeyCode":99}}
08:51:18.923 [nioEventLoopGroup-10-1] DEBUG c.i.k.driver.chrome_1752371473187 - << {"id":18,"result":{},"sessionId":"A3B76007C0161734C9FD0E928CA3F2C8"}
08:51:18.924 [main] DEBUG c.i.k.driver.chrome_1752371473187 - >> {"id":19,"sessionId":"A3B76007C0161734C9FD0E928CA3F2C8","method":"Input.dispatchKeyEvent","params":{"modifiers":0,"type":"rawKeyDown","text":"k","windowsVirtualKeyCode":107}}
08:51:18.926 [nioEventLoopGroup-10-1] DEBUG c.i.k.driver.chrome_1752371473187 - << {"id":19,"result":{},"sessionId":"A3B76007C0161734C9FD0E928CA3F2C8"}
08:51:18.927 [main] DEBUG c.i.k.driver.chrome_1752371473187 - >> {"id":20,"sessionId":"A3B76007C0161734C9FD0E928CA3F2C8","method":"Input.dispatchKeyEvent","params":{"modifiers":0,"type":"char","text":"k","windowsVirtualKeyCode":107}}
08:51:18.932 [nioEventLoopGroup-10-1] DEBUG c.i.k.driver.chrome_1752371473187 - << {"id":20,"result":{},"sessionId":"A3B76007C0161734C9FD0E928CA3F2C8"}
08:51:18.933 [main] DEBUG c.i.k.driver.chrome_1752371473187 - >> {"id":21,"sessionId":"A3B76007C0161734C9FD0E928CA3F2C8","method":"Input.dispatchKeyEvent","params":{"modifiers":0,"type":"keyUp","text":"k","windowsVirtualKeyCode":107}}
08:51:18.935 [nioEventLoopGroup-10-1] DEBUG c.i.k.driver.chrome_1752371473187 - << {"id":21,"result":{},"sessionId":"A3B76007C0161734C9FD0E928CA3F2C8"}
08:51:18.936 [main] DEBUG c.i.k.driver.chrome_1752371473187 - >> {"id":22,"sessionId":"A3B76007C0161734C9FD0E928CA3F2C8","method":"Input.dispatchKeyEvent","params":{"modifiers":0,"type":"rawKeyDown","text":"e","windowsVirtualKeyCode":101}}
08:51:18.939 [nioEventLoopGroup-10-1] DEBUG c.i.k.driver.chrome_1752371473187 - << {"id":22,"result":{},"sessionId":"A3B76007C0161734C9FD0E928CA3F2C8"}
08:51:18.940 [main] DEBUG c.i.k.driver.chrome_1752371473187 - >> {"id":23,"sessionId":"A3B76007C0161734C9FD0E928CA3F2C8","method":"Input.dispatchKeyEvent","params":{"modifiers":0,"type":"char","text":"e","windowsVirtualKeyCode":101}}
08:51:18.945 [nioEventLoopGroup-10-1] DEBUG c.i.k.driver.chrome_1752371473187 - << {"id":23,"result":{},"sessionId":"A3B76007C0161734C9FD0E928CA3F2C8"}
08:51:18.945 [main] DEBUG c.i.k.driver.chrome_1752371473187 - >> {"id":24,"sessionId":"A3B76007C0161734C9FD0E928CA3F2C8","method":"Input.dispatchKeyEvent","params":{"modifiers":0,"type":"keyUp","text":"e","windowsVirtualKeyCode":101}}
08:51:18.947 [nioEventLoopGroup-10-1] DEBUG c.i.k.driver.chrome_1752371473187 - << {"id":24,"result":{},"sessionId":"A3B76007C0161734C9FD0E928CA3F2C8"}
08:51:18.948 [main] DEBUG c.i.k.driver.chrome_1752371473187 - >> {"id":25,"sessionId":"A3B76007C0161734C9FD0E928CA3F2C8","method":"Input.dispatchKeyEvent","params":{"modifiers":0,"type":"rawKeyDown","text":"d","windowsVirtualKeyCode":100}}
08:51:18.950 [nioEventLoopGroup-10-1] DEBUG c.i.k.driver.chrome_1752371473187 - << {"id":25,"result":{},"sessionId":"A3B76007C0161734C9FD0E928CA3F2C8"}
08:51:18.950 [main] DEBUG c.i.k.driver.chrome_1752371473187 - >> {"id":26,"sessionId":"A3B76007C0161734C9FD0E928CA3F2C8","method":"Input.dispatchKeyEvent","params":{"modifiers":0,"type":"char","text":"d","windowsVirtualKeyCode":100}}
08:51:18.955 [nioEventLoopGroup-10-1] DEBUG c.i.k.driver.chrome_1752371473187 - << {"id":26,"result":{},"sessionId":"A3B76007C0161734C9FD0E928CA3F2C8"}
08:51:18.956 [main] DEBUG c.i.k.driver.chrome_1752371473187 - >> {"id":27,"sessionId":"A3B76007C0161734C9FD0E928CA3F2C8","method":"Input.dispatchKeyEvent","params":{"modifiers":0,"type":"keyUp","text":"d","windowsVirtualKeyCode":100}}
08:51:18.959 [nioEventLoopGroup-10-1] DEBUG c.i.k.driver.chrome_1752371473187 - << {"id":27,"result":{},"sessionId":"A3B76007C0161734C9FD0E928CA3F2C8"}
08:51:18.959 [main] DEBUG c.i.k.driver.chrome_1752371473187 - >> {"id":28,"sessionId":"A3B76007C0161734C9FD0E928CA3F2C8","method":"Input.dispatchKeyEvent","params":{"modifiers":0,"type":"rawKeyDown","text":"_","windowsVirtualKeyCode":523}}
08:51:18.962 [nioEventLoopGroup-10-1] DEBUG c.i.k.driver.chrome_1752371473187 - << {"id":28,"result":{},"sessionId":"A3B76007C0161734C9FD0E928CA3F2C8"}
08:51:18.962 [main] DEBUG c.i.k.driver.chrome_1752371473187 - >> {"id":29,"sessionId":"A3B76007C0161734C9FD0E928CA3F2C8","method":"Input.dispatchKeyEvent","params":{"modifiers":0,"type":"char","text":"_","windowsVirtualKeyCode":523}}
08:51:18.967 [nioEventLoopGroup-10-1] DEBUG c.i.k.driver.chrome_1752371473187 - << {"id":29,"result":{},"sessionId":"A3B76007C0161734C9FD0E928CA3F2C8"}
08:51:18.968 [main] DEBUG c.i.k.driver.chrome_1752371473187 - >> {"id":30,"sessionId":"A3B76007C0161734C9FD0E928CA3F2C8","method":"Input.dispatchKeyEvent","params":{"modifiers":0,"type":"keyUp","text":"_","windowsVirtualKeyCode":523}}
08:51:18.971 [nioEventLoopGroup-10-1] DEBUG c.i.k.driver.chrome_1752371473187 - << {"id":30,"result":{},"sessionId":"A3B76007C0161734C9FD0E928CA3F2C8"}
08:51:18.971 [main] DEBUG c.i.k.driver.chrome_1752371473187 - >> {"id":31,"sessionId":"A3B76007C0161734C9FD0E928CA3F2C8","method":"Input.dispatchKeyEvent","params":{"modifiers":0,"type":"rawKeyDown","text":"o","windowsVirtualKeyCode":111}}
08:51:18.973 [nioEventLoopGroup-10-1] DEBUG c.i.k.driver.chrome_1752371473187 - << {"id":31,"result":{},"sessionId":"A3B76007C0161734C9FD0E928CA3F2C8"}
08:51:18.974 [main] DEBUG c.i.k.driver.chrome_1752371473187 - >> {"id":32,"sessionId":"A3B76007C0161734C9FD0E928CA3F2C8","method":"Input.dispatchKeyEvent","params":{"modifiers":0,"type":"char","text":"o","windowsVirtualKeyCode":111}}
08:51:18.978 [nioEventLoopGroup-10-1] DEBUG c.i.k.driver.chrome_1752371473187 - << {"id":32,"result":{},"sessionId":"A3B76007C0161734C9FD0E928CA3F2C8"}
08:51:18.979 [main] DEBUG c.i.k.driver.chrome_1752371473187 - >> {"id":33,"sessionId":"A3B76007C0161734C9FD0E928CA3F2C8","method":"Input.dispatchKeyEvent","params":{"modifiers":0,"type":"keyUp","text":"o","windowsVirtualKeyCode":111}}
08:51:18.981 [nioEventLoopGroup-10-1] DEBUG c.i.k.driver.chrome_1752371473187 - << {"id":33,"result":{},"sessionId":"A3B76007C0161734C9FD0E928CA3F2C8"}
08:51:18.981 [main] DEBUG c.i.k.driver.chrome_1752371473187 - >> {"id":34,"sessionId":"A3B76007C0161734C9FD0E928CA3F2C8","method":"Input.dispatchKeyEvent","params":{"modifiers":0,"type":"rawKeyDown","text":"u","windowsVirtualKeyCode":117}}
08:51:18.983 [nioEventLoopGroup-10-1] DEBUG c.i.k.driver.chrome_1752371473187 - << {"id":34,"result":{},"sessionId":"A3B76007C0161734C9FD0E928CA3F2C8"}
08:51:18.983 [main] DEBUG c.i.k.driver.chrome_1752371473187 - >> {"id":35,"sessionId":"A3B76007C0161734C9FD0E928CA3F2C8","method":"Input.dispatchKeyEvent","params":{"modifiers":0,"type":"char","text":"u","windowsVirtualKeyCode":117}}
08:51:18.990 [nioEventLoopGroup-10-1] DEBUG c.i.k.driver.chrome_1752371473187 - << {"id":35,"result":{},"sessionId":"A3B76007C0161734C9FD0E928CA3F2C8"}
08:51:18.990 [main] DEBUG c.i.k.driver.chrome_1752371473187 - >> {"id":36,"sessionId":"A3B76007C0161734C9FD0E928CA3F2C8","method":"Input.dispatchKeyEvent","params":{"modifiers":0,"type":"keyUp","text":"u","windowsVirtualKeyCode":117}}
08:51:18.993 [nioEventLoopGroup-10-1] DEBUG c.i.k.driver.chrome_1752371473187 - << {"id":36,"result":{},"sessionId":"A3B76007C0161734C9FD0E928CA3F2C8"}
08:51:18.993 [main] DEBUG c.i.k.driver.chrome_1752371473187 - >> {"id":37,"sessionId":"A3B76007C0161734C9FD0E928CA3F2C8","method":"Input.dispatchKeyEvent","params":{"modifiers":0,"type":"rawKeyDown","text":"t","windowsVirtualKeyCode":116}}
08:51:18.995 [nioEventLoopGroup-10-1] DEBUG c.i.k.driver.chrome_1752371473187 - << {"id":37,"result":{},"sessionId":"A3B76007C0161734C9FD0E928CA3F2C8"}
08:51:18.995 [main] DEBUG c.i.k.driver.chrome_1752371473187 - >> {"id":38,"sessionId":"A3B76007C0161734C9FD0E928CA3F2C8","method":"Input.dispatchKeyEvent","params":{"modifiers":0,"type":"char","text":"t","windowsVirtualKeyCode":116}}
08:51:19.000 [nioEventLoopGroup-10-1] DEBUG c.i.k.driver.chrome_1752371473187 - << {"id":38,"result":{},"sessionId":"A3B76007C0161734C9FD0E928CA3F2C8"}
08:51:19.000 [main] DEBUG c.i.k.driver.chrome_1752371473187 - >> {"id":39,"sessionId":"A3B76007C0161734C9FD0E928CA3F2C8","method":"Input.dispatchKeyEvent","params":{"modifiers":0,"type":"keyUp","text":"t","windowsVirtualKeyCode":116}}
08:51:19.004 [nioEventLoopGroup-10-1] DEBUG c.i.k.driver.chrome_1752371473187 - << {"id":39,"result":{},"sessionId":"A3B76007C0161734C9FD0E928CA3F2C8"}
08:51:19.005 [main] DEBUG c.i.k.driver.chrome_1752371473187 - >> {"id":40,"sessionId":"A3B76007C0161734C9FD0E928CA3F2C8","method":"Input.dispatchKeyEvent","params":{"modifiers":0,"type":"rawKeyDown","text":"_","windowsVirtualKeyCode":523}}
08:51:19.009 [nioEventLoopGroup-10-1] DEBUG c.i.k.driver.chrome_1752371473187 - << {"id":40,"result":{},"sessionId":"A3B76007C0161734C9FD0E928CA3F2C8"}
08:51:19.009 [main] DEBUG c.i.k.driver.chrome_1752371473187 - >> {"id":41,"sessionId":"A3B76007C0161734C9FD0E928CA3F2C8","method":"Input.dispatchKeyEvent","params":{"modifiers":0,"type":"char","text":"_","windowsVirtualKeyCode":523}}
08:51:19.014 [nioEventLoopGroup-10-1] DEBUG c.i.k.driver.chrome_1752371473187 - << {"id":41,"result":{},"sessionId":"A3B76007C0161734C9FD0E928CA3F2C8"}
08:51:19.014 [main] DEBUG c.i.k.driver.chrome_1752371473187 - >> {"id":42,"sessionId":"A3B76007C0161734C9FD0E928CA3F2C8","method":"Input.dispatchKeyEvent","params":{"modifiers":0,"type":"keyUp","text":"_","windowsVirtualKeyCode":523}}
08:51:19.016 [nioEventLoopGroup-10-1] DEBUG c.i.k.driver.chrome_1752371473187 - << {"id":42,"result":{},"sessionId":"A3B76007C0161734C9FD0E928CA3F2C8"}
08:51:19.016 [main] DEBUG c.i.k.driver.chrome_1752371473187 - >> {"id":43,"sessionId":"A3B76007C0161734C9FD0E928CA3F2C8","method":"Input.dispatchKeyEvent","params":{"modifiers":0,"type":"rawKeyDown","text":"u","windowsVirtualKeyCode":117}}
08:51:19.020 [nioEventLoopGroup-10-1] DEBUG c.i.k.driver.chrome_1752371473187 - << {"id":43,"result":{},"sessionId":"A3B76007C0161734C9FD0E928CA3F2C8"}
08:51:19.021 [main] DEBUG c.i.k.driver.chrome_1752371473187 - >> {"id":44,"sessionId":"A3B76007C0161734C9FD0E928CA3F2C8","method":"Input.dispatchKeyEvent","params":{"modifiers":0,"type":"char","text":"u","windowsVirtualKeyCode":117}}
08:51:19.025 [nioEventLoopGroup-10-1] DEBUG c.i.k.driver.chrome_1752371473187 - << {"id":44,"result":{},"sessionId":"A3B76007C0161734C9FD0E928CA3F2C8"}
08:51:19.026 [main] DEBUG c.i.k.driver.chrome_1752371473187 - >> {"id":45,"sessionId":"A3B76007C0161734C9FD0E928CA3F2C8","method":"Input.dispatchKeyEvent","params":{"modifiers":0,"type":"keyUp","text":"u","windowsVirtualKeyCode":117}}
08:51:19.028 [nioEventLoopGroup-10-1] DEBUG c.i.k.driver.chrome_1752371473187 - << {"id":45,"result":{},"sessionId":"A3B76007C0161734C9FD0E928CA3F2C8"}
08:51:19.028 [main] DEBUG c.i.k.driver.chrome_1752371473187 - >> {"id":46,"sessionId":"A3B76007C0161734C9FD0E928CA3F2C8","method":"Input.dispatchKeyEvent","params":{"modifiers":0,"type":"rawKeyDown","text":"s","windowsVirtualKeyCode":115}}
08:51:19.030 [nioEventLoopGroup-10-1] DEBUG c.i.k.driver.chrome_1752371473187 - << {"id":46,"result":{},"sessionId":"A3B76007C0161734C9FD0E928CA3F2C8"}
08:51:19.030 [main] DEBUG c.i.k.driver.chrome_1752371473187 - >> {"id":47,"sessionId":"A3B76007C0161734C9FD0E928CA3F2C8","method":"Input.dispatchKeyEvent","params":{"modifiers":0,"type":"char","text":"s","windowsVirtualKeyCode":115}}
08:51:19.033 [nioEventLoopGroup-10-1] DEBUG c.i.k.driver.chrome_1752371473187 - << {"id":47,"result":{},"sessionId":"A3B76007C0161734C9FD0E928CA3F2C8"}
08:51:19.034 [main] DEBUG c.i.k.driver.chrome_1752371473187 - >> {"id":48,"sessionId":"A3B76007C0161734C9FD0E928CA3F2C8","method":"Input.dispatchKeyEvent","params":{"modifiers":0,"type":"keyUp","text":"s","windowsVirtualKeyCode":115}}
08:51:19.036 [nioEventLoopGroup-10-1] DEBUG c.i.k.driver.chrome_1752371473187 - << {"id":48,"result":{},"sessionId":"A3B76007C0161734C9FD0E928CA3F2C8"}
08:51:19.037 [main] DEBUG c.i.k.driver.chrome_1752371473187 - >> {"id":49,"sessionId":"A3B76007C0161734C9FD0E928CA3F2C8","method":"Input.dispatchKeyEvent","params":{"modifiers":0,"type":"rawKeyDown","text":"e","windowsVirtualKeyCode":101}}
08:51:19.040 [nioEventLoopGroup-10-1] DEBUG c.i.k.driver.chrome_1752371473187 - << {"id":49,"result":{},"sessionId":"A3B76007C0161734C9FD0E928CA3F2C8"}
08:51:19.040 [main] DEBUG c.i.k.driver.chrome_1752371473187 - >> {"id":50,"sessionId":"A3B76007C0161734C9FD0E928CA3F2C8","method":"Input.dispatchKeyEvent","params":{"modifiers":0,"type":"char","text":"e","windowsVirtualKeyCode":101}}
08:51:19.044 [nioEventLoopGroup-10-1] DEBUG c.i.k.driver.chrome_1752371473187 - << {"id":50,"result":{},"sessionId":"A3B76007C0161734C9FD0E928CA3F2C8"}
08:51:19.044 [main] DEBUG c.i.k.driver.chrome_1752371473187 - >> {"id":51,"sessionId":"A3B76007C0161734C9FD0E928CA3F2C8","method":"Input.dispatchKeyEvent","params":{"modifiers":0,"type":"keyUp","text":"e","windowsVirtualKeyCode":101}}
08:51:19.046 [nioEventLoopGroup-10-1] DEBUG c.i.k.driver.chrome_1752371473187 - << {"id":51,"result":{},"sessionId":"A3B76007C0161734C9FD0E928CA3F2C8"}
08:51:19.046 [main] DEBUG c.i.k.driver.chrome_1752371473187 - >> {"id":52,"sessionId":"A3B76007C0161734C9FD0E928CA3F2C8","method":"Input.dispatchKeyEvent","params":{"modifiers":0,"type":"rawKeyDown","text":"r","windowsVirtualKeyCode":114}}
08:51:19.048 [nioEventLoopGroup-10-1] DEBUG c.i.k.driver.chrome_1752371473187 - << {"id":52,"result":{},"sessionId":"A3B76007C0161734C9FD0E928CA3F2C8"}
08:51:19.049 [main] DEBUG c.i.k.driver.chrome_1752371473187 - >> {"id":53,"sessionId":"A3B76007C0161734C9FD0E928CA3F2C8","method":"Input.dispatchKeyEvent","params":{"modifiers":0,"type":"char","text":"r","windowsVirtualKeyCode":114}}
08:51:19.053 [nioEventLoopGroup-10-1] DEBUG c.i.k.driver.chrome_1752371473187 - << {"id":53,"result":{},"sessionId":"A3B76007C0161734C9FD0E928CA3F2C8"}
08:51:19.054 [main] DEBUG c.i.k.driver.chrome_1752371473187 - >> {"id":54,"sessionId":"A3B76007C0161734C9FD0E928CA3F2C8","method":"Input.dispatchKeyEvent","params":{"modifiers":0,"type":"keyUp","text":"r","windowsVirtualKeyCode":114}}
08:51:19.057 [nioEventLoopGroup-10-1] DEBUG c.i.k.driver.chrome_1752371473187 - << {"id":54,"result":{},"sessionId":"A3B76007C0161734C9FD0E928CA3F2C8"}
08:51:19.060 [main] DEBUG c.i.k.driver.chrome_1752371473187 - >> {"id":55,"sessionId":"A3B76007C0161734C9FD0E928CA3F2C8","method":"Runtime.evaluate","params":{"expression":"var e = document.evaluate(\"\/\/*[@id='password']\", document, null, 9, null).singleNodeValue; e.focus(); try { e.selectionStart = e.selectionEnd = e.value.length } catch(x) {}","returnByValue":true}}
08:51:19.064 [nioEventLoopGroup-10-1] DEBUG c.i.k.driver.chrome_1752371473187 - << {"id":55,"result":{"result":{"type":"number","value":0,"description":"0"}},"sessionId":"A3B76007C0161734C9FD0E928CA3F2C8"}
08:51:19.065 [main] DEBUG c.i.k.driver.chrome_1752371473187 - >> {"id":56,"sessionId":"A3B76007C0161734C9FD0E928CA3F2C8","method":"Input.dispatchKeyEvent","params":{"modifiers":0,"type":"rawKeyDown","text":"s","windowsVirtualKeyCode":115}}
08:51:19.067 [nioEventLoopGroup-10-1] DEBUG c.i.k.driver.chrome_1752371473187 - << {"id":56,"result":{},"sessionId":"A3B76007C0161734C9FD0E928CA3F2C8"}
08:51:19.068 [main] DEBUG c.i.k.driver.chrome_1752371473187 - >> {"id":57,"sessionId":"A3B76007C0161734C9FD0E928CA3F2C8","method":"Input.dispatchKeyEvent","params":{"modifiers":0,"type":"char","text":"s","windowsVirtualKeyCode":115}}
08:51:19.075 [nioEventLoopGroup-10-1] DEBUG c.i.k.driver.chrome_1752371473187 - << {"id":57,"result":{},"sessionId":"A3B76007C0161734C9FD0E928CA3F2C8"}
08:51:19.076 [main] DEBUG c.i.k.driver.chrome_1752371473187 - >> {"id":58,"sessionId":"A3B76007C0161734C9FD0E928CA3F2C8","method":"Input.dispatchKeyEvent","params":{"modifiers":0,"type":"keyUp","text":"s","windowsVirtualKeyCode":115}}
08:51:19.086 [nioEventLoopGroup-10-1] DEBUG c.i.k.driver.chrome_1752371473187 - << {"id":58,"result":{},"sessionId":"A3B76007C0161734C9FD0E928CA3F2C8"}
08:51:19.087 [main] DEBUG c.i.k.driver.chrome_1752371473187 - >> {"id":59,"sessionId":"A3B76007C0161734C9FD0E928CA3F2C8","method":"Input.dispatchKeyEvent","params":{"modifiers":0,"type":"rawKeyDown","text":"e","windowsVirtualKeyCode":101}}
08:51:19.091 [nioEventLoopGroup-10-1] DEBUG c.i.k.driver.chrome_1752371473187 - << {"id":59,"result":{},"sessionId":"A3B76007C0161734C9FD0E928CA3F2C8"}
08:51:19.092 [main] DEBUG c.i.k.driver.chrome_1752371473187 - >> {"id":60,"sessionId":"A3B76007C0161734C9FD0E928CA3F2C8","method":"Input.dispatchKeyEvent","params":{"modifiers":0,"type":"char","text":"e","windowsVirtualKeyCode":101}}
08:51:19.096 [nioEventLoopGroup-10-1] DEBUG c.i.k.driver.chrome_1752371473187 - << {"id":60,"result":{},"sessionId":"A3B76007C0161734C9FD0E928CA3F2C8"}
08:51:19.096 [main] DEBUG c.i.k.driver.chrome_1752371473187 - >> {"id":61,"sessionId":"A3B76007C0161734C9FD0E928CA3F2C8","method":"Input.dispatchKeyEvent","params":{"modifiers":0,"type":"keyUp","text":"e","windowsVirtualKeyCode":101}}
08:51:19.098 [nioEventLoopGroup-10-1] DEBUG c.i.k.driver.chrome_1752371473187 - << {"id":61,"result":{},"sessionId":"A3B76007C0161734C9FD0E928CA3F2C8"}
08:51:19.099 [main] DEBUG c.i.k.driver.chrome_1752371473187 - >> {"id":62,"sessionId":"A3B76007C0161734C9FD0E928CA3F2C8","method":"Input.dispatchKeyEvent","params":{"modifiers":0,"type":"rawKeyDown","text":"c","windowsVirtualKeyCode":99}}
08:51:19.101 [nioEventLoopGroup-10-1] DEBUG c.i.k.driver.chrome_1752371473187 - << {"id":62,"result":{},"sessionId":"A3B76007C0161734C9FD0E928CA3F2C8"}
08:51:19.101 [main] DEBUG c.i.k.driver.chrome_1752371473187 - >> {"id":63,"sessionId":"A3B76007C0161734C9FD0E928CA3F2C8","method":"Input.dispatchKeyEvent","params":{"modifiers":0,"type":"char","text":"c","windowsVirtualKeyCode":99}}
08:51:19.110 [nioEventLoopGroup-10-1] DEBUG c.i.k.driver.chrome_1752371473187 - << {"id":63,"result":{},"sessionId":"A3B76007C0161734C9FD0E928CA3F2C8"}
08:51:19.111 [main] DEBUG c.i.k.driver.chrome_1752371473187 - >> {"id":64,"sessionId":"A3B76007C0161734C9FD0E928CA3F2C8","method":"Input.dispatchKeyEvent","params":{"modifiers":0,"type":"keyUp","text":"c","windowsVirtualKeyCode":99}}
08:51:19.113 [nioEventLoopGroup-10-1] DEBUG c.i.k.driver.chrome_1752371473187 - << {"id":64,"result":{},"sessionId":"A3B76007C0161734C9FD0E928CA3F2C8"}
08:51:19.113 [main] DEBUG c.i.k.driver.chrome_1752371473187 - >> {"id":65,"sessionId":"A3B76007C0161734C9FD0E928CA3F2C8","method":"Input.dispatchKeyEvent","params":{"modifiers":0,"type":"rawKeyDown","text":"r","windowsVirtualKeyCode":114}}
08:51:19.115 [nioEventLoopGroup-10-1] DEBUG c.i.k.driver.chrome_1752371473187 - << {"id":65,"result":{},"sessionId":"A3B76007C0161734C9FD0E928CA3F2C8"}
08:51:19.115 [main] DEBUG c.i.k.driver.chrome_1752371473187 - >> {"id":66,"sessionId":"A3B76007C0161734C9FD0E928CA3F2C8","method":"Input.dispatchKeyEvent","params":{"modifiers":0,"type":"char","text":"r","windowsVirtualKeyCode":114}}
08:51:19.122 [nioEventLoopGroup-10-1] DEBUG c.i.k.driver.chrome_1752371473187 - << {"id":66,"result":{},"sessionId":"A3B76007C0161734C9FD0E928CA3F2C8"}
08:51:19.123 [main] DEBUG c.i.k.driver.chrome_1752371473187 - >> {"id":67,"sessionId":"A3B76007C0161734C9FD0E928CA3F2C8","method":"Input.dispatchKeyEvent","params":{"modifiers":0,"type":"keyUp","text":"r","windowsVirtualKeyCode":114}}
08:51:19.125 [nioEventLoopGroup-10-1] DEBUG c.i.k.driver.chrome_1752371473187 - << {"id":67,"result":{},"sessionId":"A3B76007C0161734C9FD0E928CA3F2C8"}
08:51:19.125 [main] DEBUG c.i.k.driver.chrome_1752371473187 - >> {"id":68,"sessionId":"A3B76007C0161734C9FD0E928CA3F2C8","method":"Input.dispatchKeyEvent","params":{"modifiers":0,"type":"rawKeyDown","text":"e","windowsVirtualKeyCode":101}}
08:51:19.127 [nioEventLoopGroup-10-1] DEBUG c.i.k.driver.chrome_1752371473187 - << {"id":68,"result":{},"sessionId":"A3B76007C0161734C9FD0E928CA3F2C8"}
08:51:19.128 [main] DEBUG c.i.k.driver.chrome_1752371473187 - >> {"id":69,"sessionId":"A3B76007C0161734C9FD0E928CA3F2C8","method":"Input.dispatchKeyEvent","params":{"modifiers":0,"type":"char","text":"e","windowsVirtualKeyCode":101}}
08:51:19.131 [nioEventLoopGroup-10-1] DEBUG c.i.k.driver.chrome_1752371473187 - << {"id":69,"result":{},"sessionId":"A3B76007C0161734C9FD0E928CA3F2C8"}
08:51:19.132 [main] DEBUG c.i.k.driver.chrome_1752371473187 - >> {"id":70,"sessionId":"A3B76007C0161734C9FD0E928CA3F2C8","method":"Input.dispatchKeyEvent","params":{"modifiers":0,"type":"keyUp","text":"e","windowsVirtualKeyCode":101}}
08:51:19.134 [nioEventLoopGroup-10-1] DEBUG c.i.k.driver.chrome_1752371473187 - << {"id":70,"result":{},"sessionId":"A3B76007C0161734C9FD0E928CA3F2C8"}
08:51:19.134 [main] DEBUG c.i.k.driver.chrome_1752371473187 - >> {"id":71,"sessionId":"A3B76007C0161734C9FD0E928CA3F2C8","method":"Input.dispatchKeyEvent","params":{"modifiers":0,"type":"rawKeyDown","text":"t","windowsVirtualKeyCode":116}}
08:51:19.140 [nioEventLoopGroup-10-1] DEBUG c.i.k.driver.chrome_1752371473187 - << {"id":71,"result":{},"sessionId":"A3B76007C0161734C9FD0E928CA3F2C8"}
08:51:19.141 [main] DEBUG c.i.k.driver.chrome_1752371473187 - >> {"id":72,"sessionId":"A3B76007C0161734C9FD0E928CA3F2C8","method":"Input.dispatchKeyEvent","params":{"modifiers":0,"type":"char","text":"t","windowsVirtualKeyCode":116}}
08:51:19.145 [nioEventLoopGroup-10-1] DEBUG c.i.k.driver.chrome_1752371473187 - << {"id":72,"result":{},"sessionId":"A3B76007C0161734C9FD0E928CA3F2C8"}
08:51:19.145 [main] DEBUG c.i.k.driver.chrome_1752371473187 - >> {"id":73,"sessionId":"A3B76007C0161734C9FD0E928CA3F2C8","method":"Input.dispatchKeyEvent","params":{"modifiers":0,"type":"keyUp","text":"t","windowsVirtualKeyCode":116}}
08:51:19.147 [nioEventLoopGroup-10-1] DEBUG c.i.k.driver.chrome_1752371473187 - << {"id":73,"result":{},"sessionId":"A3B76007C0161734C9FD0E928CA3F2C8"}
08:51:19.147 [main] DEBUG c.i.k.driver.chrome_1752371473187 - >> {"id":74,"sessionId":"A3B76007C0161734C9FD0E928CA3F2C8","method":"Input.dispatchKeyEvent","params":{"modifiers":0,"type":"rawKeyDown","text":"_","windowsVirtualKeyCode":523}}
08:51:19.149 [nioEventLoopGroup-10-1] DEBUG c.i.k.driver.chrome_1752371473187 - << {"id":74,"result":{},"sessionId":"A3B76007C0161734C9FD0E928CA3F2C8"}
08:51:19.149 [main] DEBUG c.i.k.driver.chrome_1752371473187 - >> {"id":75,"sessionId":"A3B76007C0161734C9FD0E928CA3F2C8","method":"Input.dispatchKeyEvent","params":{"modifiers":0,"type":"char","text":"_","windowsVirtualKeyCode":523}}
08:51:19.157 [nioEventLoopGroup-10-1] DEBUG c.i.k.driver.chrome_1752371473187 - << {"id":75,"result":{},"sessionId":"A3B76007C0161734C9FD0E928CA3F2C8"}
08:51:19.157 [main] DEBUG c.i.k.driver.chrome_1752371473187 - >> {"id":76,"sessionId":"A3B76007C0161734C9FD0E928CA3F2C8","method":"Input.dispatchKeyEvent","params":{"modifiers":0,"type":"keyUp","text":"_","windowsVirtualKeyCode":523}}
08:51:19.159 [nioEventLoopGroup-10-1] DEBUG c.i.k.driver.chrome_1752371473187 - << {"id":76,"result":{},"sessionId":"A3B76007C0161734C9FD0E928CA3F2C8"}
08:51:19.160 [main] DEBUG c.i.k.driver.chrome_1752371473187 - >> {"id":77,"sessionId":"A3B76007C0161734C9FD0E928CA3F2C8","method":"Input.dispatchKeyEvent","params":{"modifiers":0,"type":"rawKeyDown","text":"s","windowsVirtualKeyCode":115}}
08:51:19.162 [nioEventLoopGroup-10-1] DEBUG c.i.k.driver.chrome_1752371473187 - << {"id":77,"result":{},"sessionId":"A3B76007C0161734C9FD0E928CA3F2C8"}
08:51:19.162 [main] DEBUG c.i.k.driver.chrome_1752371473187 - >> {"id":78,"sessionId":"A3B76007C0161734C9FD0E928CA3F2C8","method":"Input.dispatchKeyEvent","params":{"modifiers":0,"type":"char","text":"s","windowsVirtualKeyCode":115}}
08:51:19.166 [nioEventLoopGroup-10-1] DEBUG c.i.k.driver.chrome_1752371473187 - << {"id":78,"result":{},"sessionId":"A3B76007C0161734C9FD0E928CA3F2C8"}
08:51:19.167 [main] DEBUG c.i.k.driver.chrome_1752371473187 - >> {"id":79,"sessionId":"A3B76007C0161734C9FD0E928CA3F2C8","method":"Input.dispatchKeyEvent","params":{"modifiers":0,"type":"keyUp","text":"s","windowsVirtualKeyCode":115}}
08:51:19.176 [nioEventLoopGroup-10-1] DEBUG c.i.k.driver.chrome_1752371473187 - << {"id":79,"result":{},"sessionId":"A3B76007C0161734C9FD0E928CA3F2C8"}
08:51:19.177 [main] DEBUG c.i.k.driver.chrome_1752371473187 - >> {"id":80,"sessionId":"A3B76007C0161734C9FD0E928CA3F2C8","method":"Input.dispatchKeyEvent","params":{"modifiers":0,"type":"rawKeyDown","text":"a","windowsVirtualKeyCode":97}}
08:51:19.179 [nioEventLoopGroup-10-1] DEBUG c.i.k.driver.chrome_1752371473187 - << {"id":80,"result":{},"sessionId":"A3B76007C0161734C9FD0E928CA3F2C8"}
08:51:19.180 [main] DEBUG c.i.k.driver.chrome_1752371473187 - >> {"id":81,"sessionId":"A3B76007C0161734C9FD0E928CA3F2C8","method":"Input.dispatchKeyEvent","params":{"modifiers":0,"type":"char","text":"a","windowsVirtualKeyCode":97}}
08:51:19.185 [nioEventLoopGroup-10-1] DEBUG c.i.k.driver.chrome_1752371473187 - << {"id":81,"result":{},"sessionId":"A3B76007C0161734C9FD0E928CA3F2C8"}
08:51:19.186 [main] DEBUG c.i.k.driver.chrome_1752371473187 - >> {"id":82,"sessionId":"A3B76007C0161734C9FD0E928CA3F2C8","method":"Input.dispatchKeyEvent","params":{"modifiers":0,"type":"keyUp","text":"a","windowsVirtualKeyCode":97}}
08:51:19.189 [nioEventLoopGroup-10-1] DEBUG c.i.k.driver.chrome_1752371473187 - << {"id":82,"result":{},"sessionId":"A3B76007C0161734C9FD0E928CA3F2C8"}
08:51:19.190 [main] DEBUG c.i.k.driver.chrome_1752371473187 - >> {"id":83,"sessionId":"A3B76007C0161734C9FD0E928CA3F2C8","method":"Input.dispatchKeyEvent","params":{"modifiers":0,"type":"rawKeyDown","text":"u","windowsVirtualKeyCode":117}}
08:51:19.198 [nioEventLoopGroup-10-1] DEBUG c.i.k.driver.chrome_1752371473187 - << {"id":83,"result":{},"sessionId":"A3B76007C0161734C9FD0E928CA3F2C8"}
08:51:19.198 [main] DEBUG c.i.k.driver.chrome_1752371473187 - >> {"id":84,"sessionId":"A3B76007C0161734C9FD0E928CA3F2C8","method":"Input.dispatchKeyEvent","params":{"modifiers":0,"type":"char","text":"u","windowsVirtualKeyCode":117}}
08:51:19.203 [nioEventLoopGroup-10-1] DEBUG c.i.k.driver.chrome_1752371473187 - << {"id":84,"result":{},"sessionId":"A3B76007C0161734C9FD0E928CA3F2C8"}
08:51:19.203 [main] DEBUG c.i.k.driver.chrome_1752371473187 - >> {"id":85,"sessionId":"A3B76007C0161734C9FD0E928CA3F2C8","method":"Input.dispatchKeyEvent","params":{"modifiers":0,"type":"keyUp","text":"u","windowsVirtualKeyCode":117}}
08:51:19.206 [nioEventLoopGroup-10-1] DEBUG c.i.k.driver.chrome_1752371473187 - << {"id":85,"result":{},"sessionId":"A3B76007C0161734C9FD0E928CA3F2C8"}
08:51:19.207 [main] DEBUG c.i.k.driver.chrome_1752371473187 - >> {"id":86,"sessionId":"A3B76007C0161734C9FD0E928CA3F2C8","method":"Input.dispatchKeyEvent","params":{"modifiers":0,"type":"rawKeyDown","text":"c","windowsVirtualKeyCode":99}}
08:51:19.214 [nioEventLoopGroup-10-1] DEBUG c.i.k.driver.chrome_1752371473187 - << {"id":86,"result":{},"sessionId":"A3B76007C0161734C9FD0E928CA3F2C8"}
08:51:19.214 [main] DEBUG c.i.k.driver.chrome_1752371473187 - >> {"id":87,"sessionId":"A3B76007C0161734C9FD0E928CA3F2C8","method":"Input.dispatchKeyEvent","params":{"modifiers":0,"type":"char","text":"c","windowsVirtualKeyCode":99}}
08:51:19.219 [nioEventLoopGroup-10-1] DEBUG c.i.k.driver.chrome_1752371473187 - << {"id":87,"result":{},"sessionId":"A3B76007C0161734C9FD0E928CA3F2C8"}
08:51:19.220 [main] DEBUG c.i.k.driver.chrome_1752371473187 - >> {"id":88,"sessionId":"A3B76007C0161734C9FD0E928CA3F2C8","method":"Input.dispatchKeyEvent","params":{"modifiers":0,"type":"keyUp","text":"c","windowsVirtualKeyCode":99}}
08:51:19.225 [nioEventLoopGroup-10-1] DEBUG c.i.k.driver.chrome_1752371473187 - << {"id":88,"result":{},"sessionId":"A3B76007C0161734C9FD0E928CA3F2C8"}
08:51:19.226 [main] DEBUG c.i.k.driver.chrome_1752371473187 - >> {"id":89,"sessionId":"A3B76007C0161734C9FD0E928CA3F2C8","method":"Input.dispatchKeyEvent","params":{"modifiers":0,"type":"rawKeyDown","text":"e","windowsVirtualKeyCode":101}}
08:51:19.233 [nioEventLoopGroup-10-1] DEBUG c.i.k.driver.chrome_1752371473187 - << {"id":89,"result":{},"sessionId":"A3B76007C0161734C9FD0E928CA3F2C8"}
08:51:19.233 [main] DEBUG c.i.k.driver.chrome_1752371473187 - >> {"id":90,"sessionId":"A3B76007C0161734C9FD0E928CA3F2C8","method":"Input.dispatchKeyEvent","params":{"modifiers":0,"type":"char","text":"e","windowsVirtualKeyCode":101}}
08:51:19.238 [nioEventLoopGroup-10-1] DEBUG c.i.k.driver.chrome_1752371473187 - << {"id":90,"result":{},"sessionId":"A3B76007C0161734C9FD0E928CA3F2C8"}
08:51:19.239 [main] DEBUG c.i.k.driver.chrome_1752371473187 - >> {"id":91,"sessionId":"A3B76007C0161734C9FD0E928CA3F2C8","method":"Input.dispatchKeyEvent","params":{"modifiers":0,"type":"keyUp","text":"e","windowsVirtualKeyCode":101}}
08:51:19.246 [nioEventLoopGroup-10-1] DEBUG c.i.k.driver.chrome_1752371473187 - << {"id":91,"result":{},"sessionId":"A3B76007C0161734C9FD0E928CA3F2C8"}
08:51:19.247 [main] DEBUG c.i.k.driver.chrome_1752371473187 - >> {"id":92,"sessionId":"A3B76007C0161734C9FD0E928CA3F2C8","method":"Runtime.evaluate","params":{"expression":"document.evaluate(\"\/\/*[@id='login-button']\", document, null, 9, null).singleNodeValue.click()","returnByValue":true}}
08:51:19.280 [nioEventLoopGroup-10-1] DEBUG c.i.k.driver.chrome_1752371473187 - << {"id":92,"result":{"result":{"type":"undefined"}},"sessionId":"A3B76007C0161734C9FD0E928CA3F2C8"}
08:51:19.293 [main] DEBUG c.i.k.driver.chrome_1752371473187 - >> {"id":93,"sessionId":"A3B76007C0161734C9FD0E928CA3F2C8","method":"Runtime.evaluate","params":{"expression":"document.evaluate(\"\/\/*[@id='login_button_container']\/div\/form\/div[3]\", document, null, 9, null).singleNodeValue['textContent']","returnByValue":true}}
08:51:19.297 [nioEventLoopGroup-10-1] DEBUG c.i.k.driver.chrome_1752371473187 - << {"id":93,"result":{"result":{"type":"string","value":"Epic sadface: Sorry, this user has been locked out."}},"sessionId":"A3B76007C0161734C9FD0E928CA3F2C8"}
08:51:19.300 [main] DEBUG c.i.k.driver.chrome_1752371473187 - >> {"id":94,"sessionId":"A3B76007C0161734C9FD0E928CA3F2C8","method":"Runtime.evaluate","params":{"expression":"document.evaluate(\"\/\/*[@id='login_button_container']\/div\/form\/div[3]\", document, null, 9, null).singleNodeValue['textContent']","returnByValue":true}}
08:51:19.303 [nioEventLoopGroup-10-1] DEBUG c.i.k.driver.chrome_1752371473187 - << {"id":94,"result":{"result":{"type":"string","value":"Epic sadface: Sorry, this user has been locked out."}},"sessionId":"A3B76007C0161734C9FD0E928CA3F2C8"}
08:51:19.304 [main] DEBUG c.i.k.driver.chrome_1752371473187 - >> {"id":95,"sessionId":"A3B76007C0161734C9FD0E928CA3F2C8","method":"Target.closeTarget","params":{"targetId":"E243F003098D82405D3401F43014E3A2"}}
08:51:19.305 [nioEventLoopGroup-10-1] DEBUG c.i.k.http.WebSocketClientHandler - websocket closing
08:51:19.306 [nioEventLoopGroup-10-1] DEBUG c.i.k.http.WebSocketClientHandler - websocket client disconnected
08:51:19.311 [main] DEBUG com.intuit.karate.shell.Command - closing command: chrome_1752371473187
08:51:19.323 [main] INFO  com.intuit.karate - karate.env system property was: null 
08:51:19.332 [main] DEBUG com.intuit.karate.shell.Command - found / verified free local port: 53892
08:51:19.332 [main] WARN  c.intuit.karate.driver.DriverOptions - preferred port 9222 not available, will use: 53892
08:51:19.336 [chrome_1752371479331] DEBUG c.i.k.driver.chrome_1752371479331 - command: [C:\Program Files\Google\Chrome\Application\chrome.exe, --remote-debugging-port=53892, --remote-allow-origins=*, --no-first-run, --user-data-dir=E:\Duy\Projects\practices\karate_framework\demo\target\chrome_1752371479331, --disable-popup-blocking], working dir: target\chrome_1752371479331
08:51:19.337 [main] DEBUG c.i.k.driver.chrome_1752371479331 - poll attempt #0 for port to be ready - localhost:53892
08:51:19.591 [main] DEBUG c.i.k.driver.chrome_1752371479331 - poll attempt #1 for port to be ready - localhost:53892
08:51:19.815 [chrome_1752371473187] WARN  com.intuit.karate.shell.Command - exit code was non-zero: 1 - [C:\Program Files\Google\Chrome\Application\chrome.exe, --remote-debugging-port=53862, --remote-allow-origins=*, --no-first-run, --user-data-dir=E:\Duy\Projects\practices\karate_framework\demo\target\chrome_1752371473187, --disable-popup-blocking] working dir: target\chrome_1752371473187
08:51:19.865 [main] DEBUG c.i.k.driver.chrome_1752371479331 - poll attempt #2 for port to be ready - localhost:53892
08:51:19.874 [chrome_1752371479331-out] DEBUG c.i.k.driver.chrome_1752371479331 - 
08:51:19.875 [chrome_1752371479331-out] DEBUG c.i.k.driver.chrome_1752371479331 - DevTools listening on ws://127.0.0.1:53892/devtools/browser/66905228-437c-4fac-93f1-81b4c5c7f12a
08:51:20.132 [main] DEBUG c.i.k.driver.chrome_1752371479331 - poll attempt #3 for port to be ready - localhost:53892
08:51:20.189 [main] DEBUG com.intuit.karate - request:
1 > GET http://localhost:53892/json
1 > Host: localhost:53892
1 > Connection: Keep-Alive
1 > User-Agent: Apache-HttpClient/4.5.14 (Java/21.0.7)
1 > Accept-Encoding: gzip,deflate


08:51:20.209 [main] DEBUG com.intuit.karate - response time in milliseconds: 20
1 < 200
1 < Content-Security-Policy: frame-ancestors 'none'
1 < Content-Length: 986
1 < Content-Type: application/json; charset=UTF-8
[ {
   "description": "",
   "devtoolsFrontendUrl": "https://chrome-devtools-frontend.appspot.com/serve_rev/@a2159ad9ab8037bd34a21b9903003e0964c2075b/inspector.html?ws=localhost:53892/devtools/page/BB2819B7B6B8A8E249077EF4EC1C2AF9",
   "id": "BB2819B7B6B8A8E249077EF4EC1C2AF9",
   "title": "Google Hangouts",
   "type": "background_page",
   "url": "chrome-extension://nkeimhogjdpnpccoofpliimaahmaaome/background.html",
   "webSocketDebuggerUrl": "ws://localhost:53892/devtools/page/BB2819B7B6B8A8E249077EF4EC1C2AF9"
}, {
   "description": "",
   "devtoolsFrontendUrl": "https://chrome-devtools-frontend.appspot.com/serve_rev/@a2159ad9ab8037bd34a21b9903003e0964c2075b/inspector.html?ws=localhost:53892/devtools/page/864C795B7F220752C5D7FDA013C8AC79",
   "id": "864C795B7F220752C5D7FDA013C8AC79",
   "title": "New Tab",
   "type": "page",
   "url": "chrome://newtab/",
   "webSocketDebuggerUrl": "ws://localhost:53892/devtools/page/864C795B7F220752C5D7FDA013C8AC79"
} ]


08:51:20.215 [main] DEBUG com.intuit.karate.shell.Command - ready to accept http connections after 49 ms - http://localhost:53892/json
08:51:20.218 [main] DEBUG com.intuit.karate - request:
1 > GET http://localhost:53892/json
1 > Host: localhost:53892
1 > Connection: Keep-Alive
1 > User-Agent: Apache-HttpClient/4.5.14 (Java/21.0.7)
1 > Accept-Encoding: gzip,deflate


08:51:20.224 [main] DEBUG com.intuit.karate - response time in milliseconds: 4
1 < 200
1 < Content-Security-Policy: frame-ancestors 'none'
1 < Content-Length: 986
1 < Content-Type: application/json; charset=UTF-8
[ {
   "description": "",
   "devtoolsFrontendUrl": "https://chrome-devtools-frontend.appspot.com/serve_rev/@a2159ad9ab8037bd34a21b9903003e0964c2075b/inspector.html?ws=localhost:53892/devtools/page/BB2819B7B6B8A8E249077EF4EC1C2AF9",
   "id": "BB2819B7B6B8A8E249077EF4EC1C2AF9",
   "title": "Google Hangouts",
   "type": "background_page",
   "url": "chrome-extension://nkeimhogjdpnpccoofpliimaahmaaome/background.html",
   "webSocketDebuggerUrl": "ws://localhost:53892/devtools/page/BB2819B7B6B8A8E249077EF4EC1C2AF9"
}, {
   "description": "",
   "devtoolsFrontendUrl": "https://chrome-devtools-frontend.appspot.com/serve_rev/@a2159ad9ab8037bd34a21b9903003e0964c2075b/inspector.html?ws=localhost:53892/devtools/page/864C795B7F220752C5D7FDA013C8AC79",
   "id": "864C795B7F220752C5D7FDA013C8AC79",
   "title": "New Tab",
   "type": "page",
   "url": "chrome://newtab/",
   "webSocketDebuggerUrl": "ws://localhost:53892/devtools/page/864C795B7F220752C5D7FDA013C8AC79"
} ]


08:51:20.234 [main] DEBUG c.i.k.driver.chrome_1752371479331 - root frame id: 864C795B7F220752C5D7FDA013C8AC79
08:51:20.319 [nioEventLoopGroup-11-1] DEBUG c.i.k.http.WebSocketClientHandler - websocket client connected
08:51:20.322 [main] DEBUG c.i.k.driver.chrome_1752371479331 - >> {"id":1,"method":"Target.attachToTarget","params":{"targetId":"864C795B7F220752C5D7FDA013C8AC79","flatten":true}}
08:51:20.334 [nioEventLoopGroup-11-1] DEBUG c.i.k.driver.chrome_1752371479331 - << {"method":"Target.attachedToTarget","params":{"sessionId":"649BC17F805235D0C2ADDCF6ACFF6467","targetInfo":{"targetId":"864C795B7F220752C5D7FDA013C8AC79","type":"page","title":"New Tab","url":"chrome://newtab/","attached":true,"canAccessOpener":false,"browserContextId":"F41608843321A9E9B217779034393D65"},"waitingForDebugger":false}}
08:51:20.335 [nioEventLoopGroup-11-1] DEBUG c.i.k.driver.chrome_1752371479331 - << {"id":1,"result":{"sessionId":"649BC17F805235D0C2ADDCF6ACFF6467"}}
08:51:20.339 [main] DEBUG c.i.k.driver.chrome_1752371479331 - >> {"id":2,"sessionId":"649BC17F805235D0C2ADDCF6ACFF6467","method":"Target.activateTarget","params":{"targetId":"864C795B7F220752C5D7FDA013C8AC79"}}
08:51:20.342 [nioEventLoopGroup-11-1] DEBUG c.i.k.driver.chrome_1752371479331 - << {"id":2,"result":{},"sessionId":"649BC17F805235D0C2ADDCF6ACFF6467"}
08:51:20.343 [main] DEBUG c.i.k.driver.chrome_1752371479331 - >> {"id":3,"sessionId":"649BC17F805235D0C2ADDCF6ACFF6467","method":"Target.setDiscoverTargets","params":{"discover":true}}
08:51:20.348 [nioEventLoopGroup-11-1] DEBUG c.i.k.driver.chrome_1752371479331 - << {"method":"Target.targetCreated","params":{"targetInfo":{"targetId":"864C795B7F220752C5D7FDA013C8AC79","type":"page","title":"New Tab","url":"chrome://newtab/","attached":true,"canAccessOpener":false,"browserContextId":"F41608843321A9E9B217779034393D65"}},"sessionId":"649BC17F805235D0C2ADDCF6ACFF6467"}
08:51:20.349 [nioEventLoopGroup-11-1] DEBUG c.i.k.driver.chrome_1752371479331 - << {"method":"Target.targetCreated","params":{"targetInfo":{"targetId":"BB2819B7B6B8A8E249077EF4EC1C2AF9","type":"background_page","title":"Google Hangouts","url":"chrome-extension://nkeimhogjdpnpccoofpliimaahmaaome/background.html","attached":false,"canAccessOpener":false,"browserContextId":"F41608843321A9E9B217779034393D65"}},"sessionId":"649BC17F805235D0C2ADDCF6ACFF6467"}
08:51:20.349 [nioEventLoopGroup-11-1] DEBUG c.i.k.driver.chrome_1752371479331 - << {"id":3,"result":{},"sessionId":"649BC17F805235D0C2ADDCF6ACFF6467"}
08:51:20.350 [main] DEBUG c.i.k.driver.chrome_1752371479331 - >> {"id":4,"sessionId":"649BC17F805235D0C2ADDCF6ACFF6467","method":"Page.enable"}
08:51:20.387 [nioEventLoopGroup-11-1] DEBUG c.i.k.driver.chrome_1752371479331 - << {"id":4,"result":{},"sessionId":"649BC17F805235D0C2ADDCF6ACFF6467"}
08:51:20.388 [main] DEBUG c.i.k.driver.chrome_1752371479331 - >> {"id":5,"sessionId":"649BC17F805235D0C2ADDCF6ACFF6467","method":"Runtime.enable"}
08:51:20.434 [nioEventLoopGroup-11-1] DEBUG c.i.k.driver.chrome_1752371479331 - << {"method":"Runtime.executionContextCreated","params":{"context":{"id":2,"origin":"chrome://new-tab-page","name":"","uniqueId":"4285606457193579136.5758834876794152768","auxData":{"isDefault":true,"type":"default","frameId":"10638DD091B3FB160E85885C13A86F01"}}},"sessionId":"649BC17F805235D0C2ADDCF6ACFF6467"}
08:51:20.435 [nioEventLoopGroup-11-1] DEBUG c.i.k.driver.chrome_1752371479331 - << {"method":"Runtime.executionContextCreated","params":{"context":{"id":1,"origin":"chrome://new-tab-page","name":"","uniqueId":"-2000300977857179831.82953904861435153","auxData":{"isDefault":true,"type":"default","frameId":"864C795B7F220752C5D7FDA013C8AC79"}}},"sessionId":"649BC17F805235D0C2ADDCF6ACFF6467"}
08:51:20.436 [nioEventLoopGroup-11-1] DEBUG c.i.k.driver.chrome_1752371479331 - << {"id":5,"result":{},"sessionId":"649BC17F805235D0C2ADDCF6ACFF6467"}
08:51:20.436 [main] DEBUG c.i.k.driver.chrome_1752371479331 - >> {"id":6,"sessionId":"649BC17F805235D0C2ADDCF6ACFF6467","method":"Browser.getWindowForTarget","params":{"targetId":"864C795B7F220752C5D7FDA013C8AC79"}}
08:51:20.438 [nioEventLoopGroup-11-1] DEBUG c.i.k.driver.chrome_1752371479331 - << {"id":6,"result":{"windowId":730265037,"bounds":{"left":10,"top":10,"width":945,"height":1060,"windowState":"normal"}},"sessionId":"649BC17F805235D0C2ADDCF6ACFF6467"}
08:51:20.442 [nioEventLoopGroup-11-1] DEBUG c.i.k.driver.chrome_1752371479331 - << {"method":"Target.targetInfoChanged","params":{"targetInfo":{"targetId":"BB2819B7B6B8A8E249077EF4EC1C2AF9","type":"background_page","title":"Google Hangouts","url":"chrome-extension://nkeimhogjdpnpccoofpliimaahmaaome/background.html","attached":false,"canAccessOpener":false,"browserContextId":"F41608843321A9E9B217779034393D65"}},"sessionId":"649BC17F805235D0C2ADDCF6ACFF6467"}
08:51:20.562 [main] DEBUG c.i.k.driver.chrome_1752371479331 - >> {"id":7,"sessionId":"649BC17F805235D0C2ADDCF6ACFF6467","method":"Page.navigate","params":{"url":"https:\/\/saucedemo.com\/"}}
08:51:20.577 [nioEventLoopGroup-11-1] DEBUG c.i.k.driver.chrome_1752371479331 - << {"method":"Page.frameStartedNavigating","params":{"frameId":"864C795B7F220752C5D7FDA013C8AC79","url":"https://saucedemo.com/","loaderId":"9FDEE9D4E894C6A976C9F158A7DC4DAC","navigationType":"differentDocument"},"sessionId":"649BC17F805235D0C2ADDCF6ACFF6467"}
08:51:20.577 [nioEventLoopGroup-11-1] DEBUG c.i.k.driver.chrome_1752371479331 - << {"method":"Page.frameStartedLoading","params":{"frameId":"864C795B7F220752C5D7FDA013C8AC79"},"sessionId":"649BC17F805235D0C2ADDCF6ACFF6467"}
08:51:20.723 [nioEventLoopGroup-11-1] DEBUG c.i.k.driver.chrome_1752371479331 - << {"method":"Page.domContentEventFired","params":{"timestamp":251532.255867},"sessionId":"649BC17F805235D0C2ADDCF6ACFF6467"}
08:51:20.730 [main] INFO  c.intuit.karate.core.FeatureRuntime - classpath:UI/LoginUI/LoginPage.feature - call by tag at line 7: action_attemptLogin
08:51:20.740 [nioEventLoopGroup-11-1] DEBUG c.i.k.driver.chrome_1752371479331 - << {"method":"Page.loadEventFired","params":{"timestamp":251532.281592},"sessionId":"649BC17F805235D0C2ADDCF6ACFF6467"}
08:51:20.740 [nioEventLoopGroup-11-1] DEBUG c.i.k.driver.chrome_1752371479331 - << {"method":"Page.frameStartedLoading","params":{"frameId":"864C795B7F220752C5D7FDA013C8AC79"},"sessionId":"649BC17F805235D0C2ADDCF6ACFF6467"}
08:51:20.757 [nioEventLoopGroup-11-1] DEBUG c.i.k.driver.chrome_1752371479331 - << {"method":"Page.frameAttached","params":{"frameId":"B4D233E69ABE1DFF6FCC93C78EB2EDED","parentFrameId":"864C795B7F220752C5D7FDA013C8AC79","stack":{"callFrames":[{"functionName":"O","scriptId":"8","url":"chrome://resources/lit/v3_0/lit.rollup.js","lineNumber":15,"columnNumber":4320},{"functionName":"T","scriptId":"8","url":"chrome://resources/lit/v3_0/lit.rollup.js","lineNumber":15,"columnNumber":4394},{"functionName":"$","scriptId":"8","url":"chrome://resources/lit/v3_0/lit.rollup.js","lineNumber":15,"columnNumber":4743},{"functionName":"_$AI","scriptId":"8","url":"chrome://resources/lit/v3_0/lit.rollup.js","lineNumber":15,"columnNumber":4227},{"functionName":"B","scriptId":"8","url":"chrome://resources/lit/v3_0/lit.rollup.js","lineNumber":15,"columnNumber":7111},{"functionName":"update","scriptId":"8","url":"chrome://resources/lit/v3_0/lit.rollup.js","lineNumber":20,"columnNumber":369},{"functionName":"performUpdate","scriptId":"8","url":"chrome://resources/lit/v3_0/lit.rollup.js","lineNumber":10,"columnNumbe ...
08:51:20.759 [nioEventLoopGroup-11-1] DEBUG c.i.k.driver.chrome_1752371479331 - << {"method":"Page.frameRequestedNavigation","params":{"frameId":"B4D233E69ABE1DFF6FCC93C78EB2EDED","reason":"initialFrameNavigation","url":"chrome-untrusted://new-tab-page/one-google-bar?paramsencoded=","disposition":"currentTab"},"sessionId":"649BC17F805235D0C2ADDCF6ACFF6467"}
08:51:20.765 [nioEventLoopGroup-11-1] DEBUG c.i.k.driver.chrome_1752371479331 - << {"method":"Page.frameStartedNavigating","params":{"frameId":"B4D233E69ABE1DFF6FCC93C78EB2EDED","url":"chrome-untrusted://new-tab-page/one-google-bar?paramsencoded=","loaderId":"BE63B3291F120D97080228F309B225F3","navigationType":"differentDocument"},"sessionId":"649BC17F805235D0C2ADDCF6ACFF6467"}
08:51:20.765 [nioEventLoopGroup-11-1] DEBUG c.i.k.driver.chrome_1752371479331 - << {"method":"Page.frameStartedLoading","params":{"frameId":"B4D233E69ABE1DFF6FCC93C78EB2EDED"},"sessionId":"649BC17F805235D0C2ADDCF6ACFF6467"}
08:51:20.783 [main] DEBUG c.intuit.karate.core.ScenarioEngine - over-writing existing variable 'loginPage' with new value: read('classpath:UI/LoginUI/saucedemo-LoginPage.json')
08:51:20.791 [main] DEBUG c.i.k.driver.chrome_1752371479331 - >> {"id":8,"sessionId":"649BC17F805235D0C2ADDCF6ACFF6467","method":"Runtime.evaluate","params":{"expression":"var e = document.evaluate(\"\/\/*[@id='user-name']\", document, null, 9, null).singleNodeValue; e.focus(); try { e.selectionStart = e.selectionEnd = e.value.length } catch(x) {}","returnByValue":true}}
08:51:22.363 [nioEventLoopGroup-11-1] DEBUG c.i.k.driver.chrome_1752371479331 - << {"method":"Target.targetCreated","params":{"targetInfo":{"targetId":"DD33468B2A242C59C0FB008AD64963C4","type":"service_worker","title":"Service Worker chrome-extension://fignfifoniblkonapihmkfakmlgkbkcf/service_worker.js","url":"chrome-extension://fignfifoniblkonapihmkfakmlgkbkcf/service_worker.js","attached":false,"canAccessOpener":false,"browserContextId":"F41608843321A9E9B217779034393D65"}},"sessionId":"649BC17F805235D0C2ADDCF6ACFF6467"}
08:51:23.165 [nioEventLoopGroup-11-1] DEBUG c.i.k.driver.chrome_1752371479331 - << {"method":"Target.targetCreated","params":{"targetInfo":{"targetId":"B4D233E69ABE1DFF6FCC93C78EB2EDED","type":"iframe","title":"","url":"","attached":false,"canAccessOpener":false,"browserContextId":"F41608843321A9E9B217779034393D65"}},"sessionId":"649BC17F805235D0C2ADDCF6ACFF6467"}
08:51:23.173 [nioEventLoopGroup-11-1] DEBUG c.i.k.driver.chrome_1752371479331 - << {"method":"Target.targetInfoChanged","params":{"targetInfo":{"targetId":"B4D233E69ABE1DFF6FCC93C78EB2EDED","type":"iframe","title":"chrome-untrusted://new-tab-page/one-google-bar?paramsencoded=","url":"chrome-untrusted://new-tab-page/one-google-bar?paramsencoded=","attached":false,"canAccessOpener":false,"browserContextId":"F41608843321A9E9B217779034393D65"}},"sessionId":"649BC17F805235D0C2ADDCF6ACFF6467"}
08:51:23.174 [nioEventLoopGroup-11-1] DEBUG c.i.k.driver.chrome_1752371479331 - << {"method":"Page.frameDetached","params":{"frameId":"B4D233E69ABE1DFF6FCC93C78EB2EDED","reason":"swap"},"sessionId":"649BC17F805235D0C2ADDCF6ACFF6467"}
08:51:23.326 [nioEventLoopGroup-11-1] DEBUG c.i.k.driver.chrome_1752371479331 - << {"id":7,"result":{"frameId":"864C795B7F220752C5D7FDA013C8AC79","loaderId":"9FDEE9D4E894C6A976C9F158A7DC4DAC"},"sessionId":"649BC17F805235D0C2ADDCF6ACFF6467"}
08:51:23.330 [nioEventLoopGroup-11-1] DEBUG c.i.k.driver.chrome_1752371479331 - << {"method":"Runtime.executionContextsCleared","params":{},"sessionId":"649BC17F805235D0C2ADDCF6ACFF6467"}
08:51:23.337 [nioEventLoopGroup-11-1] DEBUG c.i.k.driver.chrome_1752371479331 - << {"method":"Runtime.executionContextsCleared","params":{},"sessionId":"649BC17F805235D0C2ADDCF6ACFF6467"}
08:51:23.337 [nioEventLoopGroup-11-1] DEBUG c.i.k.driver.chrome_1752371479331 - << {"method":"Page.frameNavigated","params":{"frame":{"id":"864C795B7F220752C5D7FDA013C8AC79","loaderId":"9FDEE9D4E894C6A976C9F158A7DC4DAC","url":"https://www.saucedemo.com/","domainAndRegistry":"saucedemo.com","securityOrigin":"https://www.saucedemo.com","securityOriginDetails":{"isLocalhost":false},"mimeType":"text/html","adFrameStatus":{"adFrameType":"none"},"secureContextType":"Secure","crossOriginIsolatedContextType":"NotIsolated","gatedAPIFeatures":[]},"type":"Navigation"},"sessionId":"649BC17F805235D0C2ADDCF6ACFF6467"}
08:51:23.346 [nioEventLoopGroup-11-1] DEBUG c.i.k.driver.chrome_1752371479331 - << {"method":"Page.frameDetached","params":{"frameId":"B4D233E69ABE1DFF6FCC93C78EB2EDED","reason":"remove"},"sessionId":"649BC17F805235D0C2ADDCF6ACFF6467"}
08:51:23.347 [nioEventLoopGroup-11-1] DEBUG c.i.k.driver.chrome_1752371479331 - << {"method":"Target.targetDestroyed","params":{"targetId":"B4D233E69ABE1DFF6FCC93C78EB2EDED"},"sessionId":"649BC17F805235D0C2ADDCF6ACFF6467"}
08:51:23.372 [nioEventLoopGroup-11-1] DEBUG c.i.k.driver.chrome_1752371479331 - << {"method":"Target.targetInfoChanged","params":{"targetInfo":{"targetId":"864C795B7F220752C5D7FDA013C8AC79","type":"page","title":"saucedemo.com","url":"https://www.saucedemo.com/","attached":true,"canAccessOpener":false,"browserContextId":"F41608843321A9E9B217779034393D65"}},"sessionId":"649BC17F805235D0C2ADDCF6ACFF6467"}
08:51:23.377 [nioEventLoopGroup-11-1] DEBUG c.i.k.driver.chrome_1752371479331 - << {"method":"Runtime.executionContextCreated","params":{"context":{"id":1,"origin":"https://www.saucedemo.com","name":"","uniqueId":"1383889007427451822.7472271742241630878","auxData":{"isDefault":true,"type":"default","frameId":"864C795B7F220752C5D7FDA013C8AC79"}}},"sessionId":"649BC17F805235D0C2ADDCF6ACFF6467"}
08:51:23.395 [nioEventLoopGroup-11-1] DEBUG c.i.k.driver.chrome_1752371479331 - << {"id":8,"result":{"result":{"type":"object","subtype":"error","className":"TypeError","description":"TypeError: Cannot read properties of null (reading 'focus')\n    at <anonymous>:1:95","objectId":"2958764539017075878.1.1"},"exceptionDetails":{"exceptionId":1,"text":"Uncaught","lineNumber":0,"columnNumber":94,"scriptId":"6","stackTrace":{"callFrames":[{"functionName":"","scriptId":"6","url":"","lineNumber":0,"columnNumber":94}]},"exception":{"type":"object","subtype":"error","className":"TypeError","description":"TypeError: Cannot read properties of null (reading 'focus')\n    at <anonymous>:1:95","objectId":"2958764539017075878.1.2"}}},"sessionId":"649BC17F805235D0C2ADDCF6ACFF6467"}
08:51:23.395 [nioEventLoopGroup-11-1] WARN  c.i.k.driver.chrome_1752371479331 - devtools error: [id: 8, sessionId: 649BC17F805235D0C2ADDCF6ACFF6467, result: [type: MAP, value: {type=object, subtype=error, className=TypeError, description=TypeError: Cannot read properties of null (reading 'focus')
    at <anonymous>:1:95, objectId=2958764539017075878.1.1}]]
08:51:23.397 [main] WARN  c.i.k.driver.chrome_1752371479331 - js eval failed once:var e = document.evaluate("//*[@id='user-name']", document, null, 9, null).singleNodeValue; e.focus(); try { e.selectionStart = e.selectionEnd = e.value.length } catch(x) {}, error: [type: MAP, value: {type=object, subtype=error, className=TypeError, description=TypeError: Cannot read properties of null (reading 'focus')
    at <anonymous>:1:95, objectId=2958764539017075878.1.1}]
08:51:24.020 [nioEventLoopGroup-11-1] DEBUG c.i.k.driver.chrome_1752371479331 - << {"method":"Page.domContentEventFired","params":{"timestamp":251535.558195},"sessionId":"649BC17F805235D0C2ADDCF6ACFF6467"}
08:51:24.165 [nioEventLoopGroup-11-1] DEBUG c.i.k.driver.chrome_1752371479331 - << {"method":"Page.loadEventFired","params":{"timestamp":251535.700199},"sessionId":"649BC17F805235D0C2ADDCF6ACFF6467"}
08:51:24.167 [nioEventLoopGroup-11-1] DEBUG c.i.k.driver.chrome_1752371479331 - << {"method":"Page.frameStoppedLoading","params":{"frameId":"864C795B7F220752C5D7FDA013C8AC79"},"sessionId":"649BC17F805235D0C2ADDCF6ACFF6467"}
08:51:24.249 [nioEventLoopGroup-11-1] DEBUG c.i.k.driver.chrome_1752371479331 - << {"method":"Target.targetCreated","params":{"targetInfo":{"targetId":"987727089A556F18B150CF13D7B5C61D","type":"service_worker","title":"Service Worker https://www.saucedemo.com/service-worker.js","url":"https://www.saucedemo.com/service-worker.js","attached":false,"canAccessOpener":false,"browserContextId":"F41608843321A9E9B217779034393D65"}},"sessionId":"649BC17F805235D0C2ADDCF6ACFF6467"}
08:51:24.579 [chrome_1752371479331-out] DEBUG c.i.k.driver.chrome_1752371479331 - WARNING: All log messages before absl::InitializeLog() is called are written to STDERR
08:51:24.579 [chrome_1752371479331-out] DEBUG c.i.k.driver.chrome_1752371479331 - I0000 00:00:1752371484.579524    4004 voice_transcription.cc:58] Registering VoiceTranscriptionCapability
08:51:25.105 [nioEventLoopGroup-11-1] DEBUG c.i.k.driver.chrome_1752371479331 - << {"method":"Runtime.consoleAPICalled","params":{"type":"log","args":[{"type":"string","value":"Content is cached for offline use."}],"executionContextId":1,"timestamp":1.752371485104452e+12,"stackTrace":{"callFrames":[{"functionName":"console.<computed>","scriptId":"8","url":"https://www.saucedemo.com/static/js/2.84a5cbf3.chunk.js","lineNumber":1,"columnNumber":123015},{"functionName":"a.onstatechange","scriptId":"7","url":"https://www.saucedemo.com/static/js/main.018d2d1e.chunk.js","lineNumber":0,"columnNumber":58496}]}},"sessionId":"649BC17F805235D0C2ADDCF6ACFF6467"}
08:51:25.105 [nioEventLoopGroup-11-1] DEBUG c.i.k.driver.chrome_1752371479331 - [console] Content is cached for offline use.
08:51:25.541 [chrome_1752371479331-out] DEBUG c.i.k.driver.chrome_1752371479331 - [19464:20724:0713/085125.541:ERROR:google_apis\gcm\engine\registration_request.cc:291] Registration response error message: DEPRECATED_ENDPOINT
08:51:26.401 [main] DEBUG c.i.k.driver.chrome_1752371479331 - >> {"id":9,"sessionId":"649BC17F805235D0C2ADDCF6ACFF6467","method":"Runtime.evaluate","params":{"expression":"var e = document.evaluate(\"\/\/*[@id='user-name']\", document, null, 9, null).singleNodeValue; e.focus(); try { e.selectionStart = e.selectionEnd = e.value.length } catch(x) {}","returnByValue":true}}
08:51:26.405 [nioEventLoopGroup-11-1] DEBUG c.i.k.driver.chrome_1752371479331 - << {"id":9,"result":{"result":{"type":"number","value":0,"description":"0"}},"sessionId":"649BC17F805235D0C2ADDCF6ACFF6467"}
08:51:26.405 [main] DEBUG c.i.k.driver.chrome_1752371479331 - >> {"id":10,"sessionId":"649BC17F805235D0C2ADDCF6ACFF6467","method":"Input.dispatchKeyEvent","params":{"modifiers":0,"type":"rawKeyDown","text":"s","windowsVirtualKeyCode":115}}
08:51:26.411 [nioEventLoopGroup-11-1] DEBUG c.i.k.driver.chrome_1752371479331 - << {"id":10,"result":{},"sessionId":"649BC17F805235D0C2ADDCF6ACFF6467"}
08:51:26.412 [main] DEBUG c.i.k.driver.chrome_1752371479331 - >> {"id":11,"sessionId":"649BC17F805235D0C2ADDCF6ACFF6467","method":"Input.dispatchKeyEvent","params":{"modifiers":0,"type":"char","text":"s","windowsVirtualKeyCode":115}}
08:51:26.421 [nioEventLoopGroup-11-1] DEBUG c.i.k.driver.chrome_1752371479331 - << {"id":11,"result":{},"sessionId":"649BC17F805235D0C2ADDCF6ACFF6467"}
08:51:26.422 [main] DEBUG c.i.k.driver.chrome_1752371479331 - >> {"id":12,"sessionId":"649BC17F805235D0C2ADDCF6ACFF6467","method":"Input.dispatchKeyEvent","params":{"modifiers":0,"type":"keyUp","text":"s","windowsVirtualKeyCode":115}}
08:51:26.425 [nioEventLoopGroup-11-1] DEBUG c.i.k.driver.chrome_1752371479331 - << {"id":12,"result":{},"sessionId":"649BC17F805235D0C2ADDCF6ACFF6467"}
08:51:26.426 [main] DEBUG c.i.k.driver.chrome_1752371479331 - >> {"id":13,"sessionId":"649BC17F805235D0C2ADDCF6ACFF6467","method":"Input.dispatchKeyEvent","params":{"modifiers":0,"type":"rawKeyDown","text":"t","windowsVirtualKeyCode":116}}
08:51:26.429 [nioEventLoopGroup-11-1] DEBUG c.i.k.driver.chrome_1752371479331 - << {"id":13,"result":{},"sessionId":"649BC17F805235D0C2ADDCF6ACFF6467"}
08:51:26.430 [main] DEBUG c.i.k.driver.chrome_1752371479331 - >> {"id":14,"sessionId":"649BC17F805235D0C2ADDCF6ACFF6467","method":"Input.dispatchKeyEvent","params":{"modifiers":0,"type":"char","text":"t","windowsVirtualKeyCode":116}}
08:51:26.436 [nioEventLoopGroup-11-1] DEBUG c.i.k.driver.chrome_1752371479331 - << {"id":14,"result":{},"sessionId":"649BC17F805235D0C2ADDCF6ACFF6467"}
08:51:26.436 [main] DEBUG c.i.k.driver.chrome_1752371479331 - >> {"id":15,"sessionId":"649BC17F805235D0C2ADDCF6ACFF6467","method":"Input.dispatchKeyEvent","params":{"modifiers":0,"type":"keyUp","text":"t","windowsVirtualKeyCode":116}}
08:51:26.439 [nioEventLoopGroup-11-1] DEBUG c.i.k.driver.chrome_1752371479331 - << {"id":15,"result":{},"sessionId":"649BC17F805235D0C2ADDCF6ACFF6467"}
08:51:26.439 [main] DEBUG c.i.k.driver.chrome_1752371479331 - >> {"id":16,"sessionId":"649BC17F805235D0C2ADDCF6ACFF6467","method":"Input.dispatchKeyEvent","params":{"modifiers":0,"type":"rawKeyDown","text":"a","windowsVirtualKeyCode":97}}
08:51:26.441 [nioEventLoopGroup-11-1] DEBUG c.i.k.driver.chrome_1752371479331 - << {"id":16,"result":{},"sessionId":"649BC17F805235D0C2ADDCF6ACFF6467"}
08:51:26.442 [main] DEBUG c.i.k.driver.chrome_1752371479331 - >> {"id":17,"sessionId":"649BC17F805235D0C2ADDCF6ACFF6467","method":"Input.dispatchKeyEvent","params":{"modifiers":0,"type":"char","text":"a","windowsVirtualKeyCode":97}}
08:51:26.446 [nioEventLoopGroup-11-1] DEBUG c.i.k.driver.chrome_1752371479331 - << {"id":17,"result":{},"sessionId":"649BC17F805235D0C2ADDCF6ACFF6467"}
08:51:26.447 [main] DEBUG c.i.k.driver.chrome_1752371479331 - >> {"id":18,"sessionId":"649BC17F805235D0C2ADDCF6ACFF6467","method":"Input.dispatchKeyEvent","params":{"modifiers":0,"type":"keyUp","text":"a","windowsVirtualKeyCode":97}}
08:51:26.449 [nioEventLoopGroup-11-1] DEBUG c.i.k.driver.chrome_1752371479331 - << {"id":18,"result":{},"sessionId":"649BC17F805235D0C2ADDCF6ACFF6467"}
08:51:26.449 [main] DEBUG c.i.k.driver.chrome_1752371479331 - >> {"id":19,"sessionId":"649BC17F805235D0C2ADDCF6ACFF6467","method":"Input.dispatchKeyEvent","params":{"modifiers":0,"type":"rawKeyDown","text":"n","windowsVirtualKeyCode":110}}
08:51:26.452 [nioEventLoopGroup-11-1] DEBUG c.i.k.driver.chrome_1752371479331 - << {"id":19,"result":{},"sessionId":"649BC17F805235D0C2ADDCF6ACFF6467"}
08:51:26.453 [main] DEBUG c.i.k.driver.chrome_1752371479331 - >> {"id":20,"sessionId":"649BC17F805235D0C2ADDCF6ACFF6467","method":"Input.dispatchKeyEvent","params":{"modifiers":0,"type":"char","text":"n","windowsVirtualKeyCode":110}}
08:51:26.459 [nioEventLoopGroup-11-1] DEBUG c.i.k.driver.chrome_1752371479331 - << {"id":20,"result":{},"sessionId":"649BC17F805235D0C2ADDCF6ACFF6467"}
08:51:26.459 [main] DEBUG c.i.k.driver.chrome_1752371479331 - >> {"id":21,"sessionId":"649BC17F805235D0C2ADDCF6ACFF6467","method":"Input.dispatchKeyEvent","params":{"modifiers":0,"type":"keyUp","text":"n","windowsVirtualKeyCode":110}}
08:51:26.461 [nioEventLoopGroup-11-1] DEBUG c.i.k.driver.chrome_1752371479331 - << {"id":21,"result":{},"sessionId":"649BC17F805235D0C2ADDCF6ACFF6467"}
08:51:26.462 [main] DEBUG c.i.k.driver.chrome_1752371479331 - >> {"id":22,"sessionId":"649BC17F805235D0C2ADDCF6ACFF6467","method":"Input.dispatchKeyEvent","params":{"modifiers":0,"type":"rawKeyDown","text":"d","windowsVirtualKeyCode":100}}
08:51:26.463 [nioEventLoopGroup-11-1] DEBUG c.i.k.driver.chrome_1752371479331 - << {"id":22,"result":{},"sessionId":"649BC17F805235D0C2ADDCF6ACFF6467"}
08:51:26.464 [main] DEBUG c.i.k.driver.chrome_1752371479331 - >> {"id":23,"sessionId":"649BC17F805235D0C2ADDCF6ACFF6467","method":"Input.dispatchKeyEvent","params":{"modifiers":0,"type":"char","text":"d","windowsVirtualKeyCode":100}}
08:51:26.468 [nioEventLoopGroup-11-1] DEBUG c.i.k.driver.chrome_1752371479331 - << {"id":23,"result":{},"sessionId":"649BC17F805235D0C2ADDCF6ACFF6467"}
08:51:26.469 [main] DEBUG c.i.k.driver.chrome_1752371479331 - >> {"id":24,"sessionId":"649BC17F805235D0C2ADDCF6ACFF6467","method":"Input.dispatchKeyEvent","params":{"modifiers":0,"type":"keyUp","text":"d","windowsVirtualKeyCode":100}}
08:51:26.472 [nioEventLoopGroup-11-1] DEBUG c.i.k.driver.chrome_1752371479331 - << {"id":24,"result":{},"sessionId":"649BC17F805235D0C2ADDCF6ACFF6467"}
08:51:26.472 [main] DEBUG c.i.k.driver.chrome_1752371479331 - >> {"id":25,"sessionId":"649BC17F805235D0C2ADDCF6ACFF6467","method":"Input.dispatchKeyEvent","params":{"modifiers":0,"type":"rawKeyDown","text":"a","windowsVirtualKeyCode":97}}
08:51:26.475 [nioEventLoopGroup-11-1] DEBUG c.i.k.driver.chrome_1752371479331 - << {"id":25,"result":{},"sessionId":"649BC17F805235D0C2ADDCF6ACFF6467"}
08:51:26.475 [main] DEBUG c.i.k.driver.chrome_1752371479331 - >> {"id":26,"sessionId":"649BC17F805235D0C2ADDCF6ACFF6467","method":"Input.dispatchKeyEvent","params":{"modifiers":0,"type":"char","text":"a","windowsVirtualKeyCode":97}}
08:51:26.480 [nioEventLoopGroup-11-1] DEBUG c.i.k.driver.chrome_1752371479331 - << {"id":26,"result":{},"sessionId":"649BC17F805235D0C2ADDCF6ACFF6467"}
08:51:26.481 [main] DEBUG c.i.k.driver.chrome_1752371479331 - >> {"id":27,"sessionId":"649BC17F805235D0C2ADDCF6ACFF6467","method":"Input.dispatchKeyEvent","params":{"modifiers":0,"type":"keyUp","text":"a","windowsVirtualKeyCode":97}}
08:51:26.483 [nioEventLoopGroup-11-1] DEBUG c.i.k.driver.chrome_1752371479331 - << {"id":27,"result":{},"sessionId":"649BC17F805235D0C2ADDCF6ACFF6467"}
08:51:26.483 [main] DEBUG c.i.k.driver.chrome_1752371479331 - >> {"id":28,"sessionId":"649BC17F805235D0C2ADDCF6ACFF6467","method":"Input.dispatchKeyEvent","params":{"modifiers":0,"type":"rawKeyDown","text":"r","windowsVirtualKeyCode":114}}
08:51:26.487 [nioEventLoopGroup-11-1] DEBUG c.i.k.driver.chrome_1752371479331 - << {"id":28,"result":{},"sessionId":"649BC17F805235D0C2ADDCF6ACFF6467"}
08:51:26.487 [main] DEBUG c.i.k.driver.chrome_1752371479331 - >> {"id":29,"sessionId":"649BC17F805235D0C2ADDCF6ACFF6467","method":"Input.dispatchKeyEvent","params":{"modifiers":0,"type":"char","text":"r","windowsVirtualKeyCode":114}}
08:51:26.492 [nioEventLoopGroup-11-1] DEBUG c.i.k.driver.chrome_1752371479331 - << {"id":29,"result":{},"sessionId":"649BC17F805235D0C2ADDCF6ACFF6467"}
08:51:26.493 [main] DEBUG c.i.k.driver.chrome_1752371479331 - >> {"id":30,"sessionId":"649BC17F805235D0C2ADDCF6ACFF6467","method":"Input.dispatchKeyEvent","params":{"modifiers":0,"type":"keyUp","text":"r","windowsVirtualKeyCode":114}}
08:51:26.495 [nioEventLoopGroup-11-1] DEBUG c.i.k.driver.chrome_1752371479331 - << {"id":30,"result":{},"sessionId":"649BC17F805235D0C2ADDCF6ACFF6467"}
08:51:26.495 [main] DEBUG c.i.k.driver.chrome_1752371479331 - >> {"id":31,"sessionId":"649BC17F805235D0C2ADDCF6ACFF6467","method":"Input.dispatchKeyEvent","params":{"modifiers":0,"type":"rawKeyDown","text":"d","windowsVirtualKeyCode":100}}
08:51:26.497 [nioEventLoopGroup-11-1] DEBUG c.i.k.driver.chrome_1752371479331 - << {"id":31,"result":{},"sessionId":"649BC17F805235D0C2ADDCF6ACFF6467"}
08:51:26.497 [main] DEBUG c.i.k.driver.chrome_1752371479331 - >> {"id":32,"sessionId":"649BC17F805235D0C2ADDCF6ACFF6467","method":"Input.dispatchKeyEvent","params":{"modifiers":0,"type":"char","text":"d","windowsVirtualKeyCode":100}}
08:51:26.502 [nioEventLoopGroup-11-1] DEBUG c.i.k.driver.chrome_1752371479331 - << {"id":32,"result":{},"sessionId":"649BC17F805235D0C2ADDCF6ACFF6467"}
08:51:26.503 [main] DEBUG c.i.k.driver.chrome_1752371479331 - >> {"id":33,"sessionId":"649BC17F805235D0C2ADDCF6ACFF6467","method":"Input.dispatchKeyEvent","params":{"modifiers":0,"type":"keyUp","text":"d","windowsVirtualKeyCode":100}}
08:51:26.506 [nioEventLoopGroup-11-1] DEBUG c.i.k.driver.chrome_1752371479331 - << {"id":33,"result":{},"sessionId":"649BC17F805235D0C2ADDCF6ACFF6467"}
08:51:26.507 [main] DEBUG c.i.k.driver.chrome_1752371479331 - >> {"id":34,"sessionId":"649BC17F805235D0C2ADDCF6ACFF6467","method":"Input.dispatchKeyEvent","params":{"modifiers":0,"type":"rawKeyDown","text":"_","windowsVirtualKeyCode":523}}
08:51:26.510 [nioEventLoopGroup-11-1] DEBUG c.i.k.driver.chrome_1752371479331 - << {"id":34,"result":{},"sessionId":"649BC17F805235D0C2ADDCF6ACFF6467"}
08:51:26.510 [main] DEBUG c.i.k.driver.chrome_1752371479331 - >> {"id":35,"sessionId":"649BC17F805235D0C2ADDCF6ACFF6467","method":"Input.dispatchKeyEvent","params":{"modifiers":0,"type":"char","text":"_","windowsVirtualKeyCode":523}}
08:51:26.515 [nioEventLoopGroup-11-1] DEBUG c.i.k.driver.chrome_1752371479331 - << {"id":35,"result":{},"sessionId":"649BC17F805235D0C2ADDCF6ACFF6467"}
08:51:26.515 [main] DEBUG c.i.k.driver.chrome_1752371479331 - >> {"id":36,"sessionId":"649BC17F805235D0C2ADDCF6ACFF6467","method":"Input.dispatchKeyEvent","params":{"modifiers":0,"type":"keyUp","text":"_","windowsVirtualKeyCode":523}}
08:51:26.517 [nioEventLoopGroup-11-1] DEBUG c.i.k.driver.chrome_1752371479331 - << {"id":36,"result":{},"sessionId":"649BC17F805235D0C2ADDCF6ACFF6467"}
08:51:26.518 [main] DEBUG c.i.k.driver.chrome_1752371479331 - >> {"id":37,"sessionId":"649BC17F805235D0C2ADDCF6ACFF6467","method":"Input.dispatchKeyEvent","params":{"modifiers":0,"type":"rawKeyDown","text":"u","windowsVirtualKeyCode":117}}
08:51:26.521 [nioEventLoopGroup-11-1] DEBUG c.i.k.driver.chrome_1752371479331 - << {"id":37,"result":{},"sessionId":"649BC17F805235D0C2ADDCF6ACFF6467"}
08:51:26.521 [main] DEBUG c.i.k.driver.chrome_1752371479331 - >> {"id":38,"sessionId":"649BC17F805235D0C2ADDCF6ACFF6467","method":"Input.dispatchKeyEvent","params":{"modifiers":0,"type":"char","text":"u","windowsVirtualKeyCode":117}}
08:51:26.526 [nioEventLoopGroup-11-1] DEBUG c.i.k.driver.chrome_1752371479331 - << {"id":38,"result":{},"sessionId":"649BC17F805235D0C2ADDCF6ACFF6467"}
08:51:26.527 [main] DEBUG c.i.k.driver.chrome_1752371479331 - >> {"id":39,"sessionId":"649BC17F805235D0C2ADDCF6ACFF6467","method":"Input.dispatchKeyEvent","params":{"modifiers":0,"type":"keyUp","text":"u","windowsVirtualKeyCode":117}}
08:51:26.529 [nioEventLoopGroup-11-1] DEBUG c.i.k.driver.chrome_1752371479331 - << {"id":39,"result":{},"sessionId":"649BC17F805235D0C2ADDCF6ACFF6467"}
08:51:26.529 [main] DEBUG c.i.k.driver.chrome_1752371479331 - >> {"id":40,"sessionId":"649BC17F805235D0C2ADDCF6ACFF6467","method":"Input.dispatchKeyEvent","params":{"modifiers":0,"type":"rawKeyDown","text":"s","windowsVirtualKeyCode":115}}
08:51:26.531 [nioEventLoopGroup-11-1] DEBUG c.i.k.driver.chrome_1752371479331 - << {"id":40,"result":{},"sessionId":"649BC17F805235D0C2ADDCF6ACFF6467"}
08:51:26.532 [main] DEBUG c.i.k.driver.chrome_1752371479331 - >> {"id":41,"sessionId":"649BC17F805235D0C2ADDCF6ACFF6467","method":"Input.dispatchKeyEvent","params":{"modifiers":0,"type":"char","text":"s","windowsVirtualKeyCode":115}}
08:51:26.537 [nioEventLoopGroup-11-1] DEBUG c.i.k.driver.chrome_1752371479331 - << {"id":41,"result":{},"sessionId":"649BC17F805235D0C2ADDCF6ACFF6467"}
08:51:26.537 [main] DEBUG c.i.k.driver.chrome_1752371479331 - >> {"id":42,"sessionId":"649BC17F805235D0C2ADDCF6ACFF6467","method":"Input.dispatchKeyEvent","params":{"modifiers":0,"type":"keyUp","text":"s","windowsVirtualKeyCode":115}}
08:51:26.540 [nioEventLoopGroup-11-1] DEBUG c.i.k.driver.chrome_1752371479331 - << {"id":42,"result":{},"sessionId":"649BC17F805235D0C2ADDCF6ACFF6467"}
08:51:26.540 [main] DEBUG c.i.k.driver.chrome_1752371479331 - >> {"id":43,"sessionId":"649BC17F805235D0C2ADDCF6ACFF6467","method":"Input.dispatchKeyEvent","params":{"modifiers":0,"type":"rawKeyDown","text":"e","windowsVirtualKeyCode":101}}
08:51:26.542 [nioEventLoopGroup-11-1] DEBUG c.i.k.driver.chrome_1752371479331 - << {"id":43,"result":{},"sessionId":"649BC17F805235D0C2ADDCF6ACFF6467"}
08:51:26.543 [main] DEBUG c.i.k.driver.chrome_1752371479331 - >> {"id":44,"sessionId":"649BC17F805235D0C2ADDCF6ACFF6467","method":"Input.dispatchKeyEvent","params":{"modifiers":0,"type":"char","text":"e","windowsVirtualKeyCode":101}}
08:51:26.547 [nioEventLoopGroup-11-1] DEBUG c.i.k.driver.chrome_1752371479331 - << {"id":44,"result":{},"sessionId":"649BC17F805235D0C2ADDCF6ACFF6467"}
08:51:26.547 [main] DEBUG c.i.k.driver.chrome_1752371479331 - >> {"id":45,"sessionId":"649BC17F805235D0C2ADDCF6ACFF6467","method":"Input.dispatchKeyEvent","params":{"modifiers":0,"type":"keyUp","text":"e","windowsVirtualKeyCode":101}}
08:51:26.549 [nioEventLoopGroup-11-1] DEBUG c.i.k.driver.chrome_1752371479331 - << {"id":45,"result":{},"sessionId":"649BC17F805235D0C2ADDCF6ACFF6467"}
08:51:26.549 [main] DEBUG c.i.k.driver.chrome_1752371479331 - >> {"id":46,"sessionId":"649BC17F805235D0C2ADDCF6ACFF6467","method":"Input.dispatchKeyEvent","params":{"modifiers":0,"type":"rawKeyDown","text":"r","windowsVirtualKeyCode":114}}
08:51:26.551 [nioEventLoopGroup-11-1] DEBUG c.i.k.driver.chrome_1752371479331 - << {"id":46,"result":{},"sessionId":"649BC17F805235D0C2ADDCF6ACFF6467"}
08:51:26.552 [main] DEBUG c.i.k.driver.chrome_1752371479331 - >> {"id":47,"sessionId":"649BC17F805235D0C2ADDCF6ACFF6467","method":"Input.dispatchKeyEvent","params":{"modifiers":0,"type":"char","text":"r","windowsVirtualKeyCode":114}}
08:51:26.556 [nioEventLoopGroup-11-1] DEBUG c.i.k.driver.chrome_1752371479331 - << {"id":47,"result":{},"sessionId":"649BC17F805235D0C2ADDCF6ACFF6467"}
08:51:26.556 [main] DEBUG c.i.k.driver.chrome_1752371479331 - >> {"id":48,"sessionId":"649BC17F805235D0C2ADDCF6ACFF6467","method":"Input.dispatchKeyEvent","params":{"modifiers":0,"type":"keyUp","text":"r","windowsVirtualKeyCode":114}}
08:51:26.558 [nioEventLoopGroup-11-1] DEBUG c.i.k.driver.chrome_1752371479331 - << {"id":48,"result":{},"sessionId":"649BC17F805235D0C2ADDCF6ACFF6467"}
08:51:26.560 [main] DEBUG c.i.k.driver.chrome_1752371479331 - >> {"id":49,"sessionId":"649BC17F805235D0C2ADDCF6ACFF6467","method":"Runtime.evaluate","params":{"expression":"var e = document.evaluate(\"\/\/*[@id='password']\", document, null, 9, null).singleNodeValue; e.focus(); try { e.selectionStart = e.selectionEnd = e.value.length } catch(x) {}","returnByValue":true}}
08:51:26.563 [nioEventLoopGroup-11-1] DEBUG c.i.k.driver.chrome_1752371479331 - << {"id":49,"result":{"result":{"type":"number","value":0,"description":"0"}},"sessionId":"649BC17F805235D0C2ADDCF6ACFF6467"}
08:51:26.564 [main] DEBUG c.i.k.driver.chrome_1752371479331 - >> {"id":50,"sessionId":"649BC17F805235D0C2ADDCF6ACFF6467","method":"Input.dispatchKeyEvent","params":{"modifiers":0,"type":"rawKeyDown","text":"w","windowsVirtualKeyCode":119}}
08:51:26.566 [nioEventLoopGroup-11-1] DEBUG c.i.k.driver.chrome_1752371479331 - << {"id":50,"result":{},"sessionId":"649BC17F805235D0C2ADDCF6ACFF6467"}
08:51:26.566 [main] DEBUG c.i.k.driver.chrome_1752371479331 - >> {"id":51,"sessionId":"649BC17F805235D0C2ADDCF6ACFF6467","method":"Input.dispatchKeyEvent","params":{"modifiers":0,"type":"char","text":"w","windowsVirtualKeyCode":119}}
08:51:26.571 [nioEventLoopGroup-11-1] DEBUG c.i.k.driver.chrome_1752371479331 - << {"id":51,"result":{},"sessionId":"649BC17F805235D0C2ADDCF6ACFF6467"}
08:51:26.571 [main] DEBUG c.i.k.driver.chrome_1752371479331 - >> {"id":52,"sessionId":"649BC17F805235D0C2ADDCF6ACFF6467","method":"Input.dispatchKeyEvent","params":{"modifiers":0,"type":"keyUp","text":"w","windowsVirtualKeyCode":119}}
08:51:26.574 [nioEventLoopGroup-11-1] DEBUG c.i.k.driver.chrome_1752371479331 - << {"id":52,"result":{},"sessionId":"649BC17F805235D0C2ADDCF6ACFF6467"}
08:51:26.575 [main] DEBUG c.i.k.driver.chrome_1752371479331 - >> {"id":53,"sessionId":"649BC17F805235D0C2ADDCF6ACFF6467","method":"Input.dispatchKeyEvent","params":{"modifiers":0,"type":"rawKeyDown","text":"r","windowsVirtualKeyCode":114}}
08:51:26.583 [nioEventLoopGroup-11-1] DEBUG c.i.k.driver.chrome_1752371479331 - << {"id":53,"result":{},"sessionId":"649BC17F805235D0C2ADDCF6ACFF6467"}
08:51:26.584 [main] DEBUG c.i.k.driver.chrome_1752371479331 - >> {"id":54,"sessionId":"649BC17F805235D0C2ADDCF6ACFF6467","method":"Input.dispatchKeyEvent","params":{"modifiers":0,"type":"char","text":"r","windowsVirtualKeyCode":114}}
08:51:26.591 [nioEventLoopGroup-11-1] DEBUG c.i.k.driver.chrome_1752371479331 - << {"id":54,"result":{},"sessionId":"649BC17F805235D0C2ADDCF6ACFF6467"}
08:51:26.592 [main] DEBUG c.i.k.driver.chrome_1752371479331 - >> {"id":55,"sessionId":"649BC17F805235D0C2ADDCF6ACFF6467","method":"Input.dispatchKeyEvent","params":{"modifiers":0,"type":"keyUp","text":"r","windowsVirtualKeyCode":114}}
08:51:26.595 [nioEventLoopGroup-11-1] DEBUG c.i.k.driver.chrome_1752371479331 - << {"id":55,"result":{},"sessionId":"649BC17F805235D0C2ADDCF6ACFF6467"}
08:51:26.595 [main] DEBUG c.i.k.driver.chrome_1752371479331 - >> {"id":56,"sessionId":"649BC17F805235D0C2ADDCF6ACFF6467","method":"Input.dispatchKeyEvent","params":{"modifiers":0,"type":"rawKeyDown","text":"o","windowsVirtualKeyCode":111}}
08:51:26.597 [nioEventLoopGroup-11-1] DEBUG c.i.k.driver.chrome_1752371479331 - << {"id":56,"result":{},"sessionId":"649BC17F805235D0C2ADDCF6ACFF6467"}
08:51:26.598 [main] DEBUG c.i.k.driver.chrome_1752371479331 - >> {"id":57,"sessionId":"649BC17F805235D0C2ADDCF6ACFF6467","method":"Input.dispatchKeyEvent","params":{"modifiers":0,"type":"char","text":"o","windowsVirtualKeyCode":111}}
08:51:26.613 [nioEventLoopGroup-11-1] DEBUG c.i.k.driver.chrome_1752371479331 - << {"id":57,"result":{},"sessionId":"649BC17F805235D0C2ADDCF6ACFF6467"}
08:51:26.615 [main] DEBUG c.i.k.driver.chrome_1752371479331 - >> {"id":58,"sessionId":"649BC17F805235D0C2ADDCF6ACFF6467","method":"Input.dispatchKeyEvent","params":{"modifiers":0,"type":"keyUp","text":"o","windowsVirtualKeyCode":111}}
08:51:26.618 [nioEventLoopGroup-11-1] DEBUG c.i.k.driver.chrome_1752371479331 - << {"id":58,"result":{},"sessionId":"649BC17F805235D0C2ADDCF6ACFF6467"}
08:51:26.619 [main] DEBUG c.i.k.driver.chrome_1752371479331 - >> {"id":59,"sessionId":"649BC17F805235D0C2ADDCF6ACFF6467","method":"Input.dispatchKeyEvent","params":{"modifiers":0,"type":"rawKeyDown","text":"n","windowsVirtualKeyCode":110}}
08:51:26.629 [nioEventLoopGroup-11-1] DEBUG c.i.k.driver.chrome_1752371479331 - << {"id":59,"result":{},"sessionId":"649BC17F805235D0C2ADDCF6ACFF6467"}
08:51:26.630 [main] DEBUG c.i.k.driver.chrome_1752371479331 - >> {"id":60,"sessionId":"649BC17F805235D0C2ADDCF6ACFF6467","method":"Input.dispatchKeyEvent","params":{"modifiers":0,"type":"char","text":"n","windowsVirtualKeyCode":110}}
08:51:26.635 [nioEventLoopGroup-11-1] DEBUG c.i.k.driver.chrome_1752371479331 - << {"id":60,"result":{},"sessionId":"649BC17F805235D0C2ADDCF6ACFF6467"}
08:51:26.635 [main] DEBUG c.i.k.driver.chrome_1752371479331 - >> {"id":61,"sessionId":"649BC17F805235D0C2ADDCF6ACFF6467","method":"Input.dispatchKeyEvent","params":{"modifiers":0,"type":"keyUp","text":"n","windowsVirtualKeyCode":110}}
08:51:26.638 [nioEventLoopGroup-11-1] DEBUG c.i.k.driver.chrome_1752371479331 - << {"id":61,"result":{},"sessionId":"649BC17F805235D0C2ADDCF6ACFF6467"}
08:51:26.638 [main] DEBUG c.i.k.driver.chrome_1752371479331 - >> {"id":62,"sessionId":"649BC17F805235D0C2ADDCF6ACFF6467","method":"Input.dispatchKeyEvent","params":{"modifiers":0,"type":"rawKeyDown","text":"g","windowsVirtualKeyCode":103}}
08:51:26.648 [nioEventLoopGroup-11-1] DEBUG c.i.k.driver.chrome_1752371479331 - << {"id":62,"result":{},"sessionId":"649BC17F805235D0C2ADDCF6ACFF6467"}
08:51:26.648 [main] DEBUG c.i.k.driver.chrome_1752371479331 - >> {"id":63,"sessionId":"649BC17F805235D0C2ADDCF6ACFF6467","method":"Input.dispatchKeyEvent","params":{"modifiers":0,"type":"char","text":"g","windowsVirtualKeyCode":103}}
08:51:26.655 [nioEventLoopGroup-11-1] DEBUG c.i.k.driver.chrome_1752371479331 - << {"id":63,"result":{},"sessionId":"649BC17F805235D0C2ADDCF6ACFF6467"}
08:51:26.655 [main] DEBUG c.i.k.driver.chrome_1752371479331 - >> {"id":64,"sessionId":"649BC17F805235D0C2ADDCF6ACFF6467","method":"Input.dispatchKeyEvent","params":{"modifiers":0,"type":"keyUp","text":"g","windowsVirtualKeyCode":103}}
08:51:26.658 [nioEventLoopGroup-11-1] DEBUG c.i.k.driver.chrome_1752371479331 - << {"id":64,"result":{},"sessionId":"649BC17F805235D0C2ADDCF6ACFF6467"}
08:51:26.658 [main] DEBUG c.i.k.driver.chrome_1752371479331 - >> {"id":65,"sessionId":"649BC17F805235D0C2ADDCF6ACFF6467","method":"Input.dispatchKeyEvent","params":{"modifiers":0,"type":"rawKeyDown","text":"_","windowsVirtualKeyCode":523}}
08:51:26.661 [nioEventLoopGroup-11-1] DEBUG c.i.k.driver.chrome_1752371479331 - << {"id":65,"result":{},"sessionId":"649BC17F805235D0C2ADDCF6ACFF6467"}
08:51:26.661 [main] DEBUG c.i.k.driver.chrome_1752371479331 - >> {"id":66,"sessionId":"649BC17F805235D0C2ADDCF6ACFF6467","method":"Input.dispatchKeyEvent","params":{"modifiers":0,"type":"char","text":"_","windowsVirtualKeyCode":523}}
08:51:26.665 [nioEventLoopGroup-11-1] DEBUG c.i.k.driver.chrome_1752371479331 - << {"id":66,"result":{},"sessionId":"649BC17F805235D0C2ADDCF6ACFF6467"}
08:51:26.666 [main] DEBUG c.i.k.driver.chrome_1752371479331 - >> {"id":67,"sessionId":"649BC17F805235D0C2ADDCF6ACFF6467","method":"Input.dispatchKeyEvent","params":{"modifiers":0,"type":"keyUp","text":"_","windowsVirtualKeyCode":523}}
08:51:26.676 [nioEventLoopGroup-11-1] DEBUG c.i.k.driver.chrome_1752371479331 - << {"id":67,"result":{},"sessionId":"649BC17F805235D0C2ADDCF6ACFF6467"}
08:51:26.677 [main] DEBUG c.i.k.driver.chrome_1752371479331 - >> {"id":68,"sessionId":"649BC17F805235D0C2ADDCF6ACFF6467","method":"Input.dispatchKeyEvent","params":{"modifiers":0,"type":"rawKeyDown","text":"p","windowsVirtualKeyCode":112}}
08:51:26.679 [nioEventLoopGroup-11-1] DEBUG c.i.k.driver.chrome_1752371479331 - << {"id":68,"result":{},"sessionId":"649BC17F805235D0C2ADDCF6ACFF6467"}
08:51:26.680 [main] DEBUG c.i.k.driver.chrome_1752371479331 - >> {"id":69,"sessionId":"649BC17F805235D0C2ADDCF6ACFF6467","method":"Input.dispatchKeyEvent","params":{"modifiers":0,"type":"char","text":"p","windowsVirtualKeyCode":112}}
08:51:26.686 [nioEventLoopGroup-11-1] DEBUG c.i.k.driver.chrome_1752371479331 - << {"id":69,"result":{},"sessionId":"649BC17F805235D0C2ADDCF6ACFF6467"}
08:51:26.686 [main] DEBUG c.i.k.driver.chrome_1752371479331 - >> {"id":70,"sessionId":"649BC17F805235D0C2ADDCF6ACFF6467","method":"Input.dispatchKeyEvent","params":{"modifiers":0,"type":"keyUp","text":"p","windowsVirtualKeyCode":112}}
08:51:26.690 [nioEventLoopGroup-11-1] DEBUG c.i.k.driver.chrome_1752371479331 - << {"id":70,"result":{},"sessionId":"649BC17F805235D0C2ADDCF6ACFF6467"}
08:51:26.690 [main] DEBUG c.i.k.driver.chrome_1752371479331 - >> {"id":71,"sessionId":"649BC17F805235D0C2ADDCF6ACFF6467","method":"Input.dispatchKeyEvent","params":{"modifiers":0,"type":"rawKeyDown","text":"a","windowsVirtualKeyCode":97}}
08:51:26.692 [nioEventLoopGroup-11-1] DEBUG c.i.k.driver.chrome_1752371479331 - << {"id":71,"result":{},"sessionId":"649BC17F805235D0C2ADDCF6ACFF6467"}
08:51:26.693 [main] DEBUG c.i.k.driver.chrome_1752371479331 - >> {"id":72,"sessionId":"649BC17F805235D0C2ADDCF6ACFF6467","method":"Input.dispatchKeyEvent","params":{"modifiers":0,"type":"char","text":"a","windowsVirtualKeyCode":97}}
08:51:26.698 [nioEventLoopGroup-11-1] DEBUG c.i.k.driver.chrome_1752371479331 - << {"id":72,"result":{},"sessionId":"649BC17F805235D0C2ADDCF6ACFF6467"}
08:51:26.698 [main] DEBUG c.i.k.driver.chrome_1752371479331 - >> {"id":73,"sessionId":"649BC17F805235D0C2ADDCF6ACFF6467","method":"Input.dispatchKeyEvent","params":{"modifiers":0,"type":"keyUp","text":"a","windowsVirtualKeyCode":97}}
08:51:26.708 [nioEventLoopGroup-11-1] DEBUG c.i.k.driver.chrome_1752371479331 - << {"id":73,"result":{},"sessionId":"649BC17F805235D0C2ADDCF6ACFF6467"}
08:51:26.709 [main] DEBUG c.i.k.driver.chrome_1752371479331 - >> {"id":74,"sessionId":"649BC17F805235D0C2ADDCF6ACFF6467","method":"Input.dispatchKeyEvent","params":{"modifiers":0,"type":"rawKeyDown","text":"s","windowsVirtualKeyCode":115}}
08:51:26.711 [nioEventLoopGroup-11-1] DEBUG c.i.k.driver.chrome_1752371479331 - << {"id":74,"result":{},"sessionId":"649BC17F805235D0C2ADDCF6ACFF6467"}
08:51:26.711 [main] DEBUG c.i.k.driver.chrome_1752371479331 - >> {"id":75,"sessionId":"649BC17F805235D0C2ADDCF6ACFF6467","method":"Input.dispatchKeyEvent","params":{"modifiers":0,"type":"char","text":"s","windowsVirtualKeyCode":115}}
08:51:26.716 [nioEventLoopGroup-11-1] DEBUG c.i.k.driver.chrome_1752371479331 - << {"id":75,"result":{},"sessionId":"649BC17F805235D0C2ADDCF6ACFF6467"}
08:51:26.717 [main] DEBUG c.i.k.driver.chrome_1752371479331 - >> {"id":76,"sessionId":"649BC17F805235D0C2ADDCF6ACFF6467","method":"Input.dispatchKeyEvent","params":{"modifiers":0,"type":"keyUp","text":"s","windowsVirtualKeyCode":115}}
08:51:26.726 [nioEventLoopGroup-11-1] DEBUG c.i.k.driver.chrome_1752371479331 - << {"id":76,"result":{},"sessionId":"649BC17F805235D0C2ADDCF6ACFF6467"}
08:51:26.726 [main] DEBUG c.i.k.driver.chrome_1752371479331 - >> {"id":77,"sessionId":"649BC17F805235D0C2ADDCF6ACFF6467","method":"Input.dispatchKeyEvent","params":{"modifiers":0,"type":"rawKeyDown","text":"s","windowsVirtualKeyCode":115}}
08:51:26.728 [nioEventLoopGroup-11-1] DEBUG c.i.k.driver.chrome_1752371479331 - << {"id":77,"result":{},"sessionId":"649BC17F805235D0C2ADDCF6ACFF6467"}
08:51:26.729 [main] DEBUG c.i.k.driver.chrome_1752371479331 - >> {"id":78,"sessionId":"649BC17F805235D0C2ADDCF6ACFF6467","method":"Input.dispatchKeyEvent","params":{"modifiers":0,"type":"char","text":"s","windowsVirtualKeyCode":115}}
08:51:26.733 [nioEventLoopGroup-11-1] DEBUG c.i.k.driver.chrome_1752371479331 - << {"id":78,"result":{},"sessionId":"649BC17F805235D0C2ADDCF6ACFF6467"}
08:51:26.734 [main] DEBUG c.i.k.driver.chrome_1752371479331 - >> {"id":79,"sessionId":"649BC17F805235D0C2ADDCF6ACFF6467","method":"Input.dispatchKeyEvent","params":{"modifiers":0,"type":"keyUp","text":"s","windowsVirtualKeyCode":115}}
08:51:26.742 [nioEventLoopGroup-11-1] DEBUG c.i.k.driver.chrome_1752371479331 - << {"id":79,"result":{},"sessionId":"649BC17F805235D0C2ADDCF6ACFF6467"}
08:51:26.745 [main] DEBUG c.i.k.driver.chrome_1752371479331 - >> {"id":80,"sessionId":"649BC17F805235D0C2ADDCF6ACFF6467","method":"Runtime.evaluate","params":{"expression":"document.evaluate(\"\/\/*[@id='login-button']\", document, null, 9, null).singleNodeValue.click()","returnByValue":true}}
08:51:26.777 [nioEventLoopGroup-11-1] DEBUG c.i.k.driver.chrome_1752371479331 - << {"id":80,"result":{"result":{"type":"undefined"}},"sessionId":"649BC17F805235D0C2ADDCF6ACFF6467"}
08:51:26.791 [main] DEBUG c.i.k.driver.chrome_1752371479331 - >> {"id":81,"sessionId":"649BC17F805235D0C2ADDCF6ACFF6467","method":"Runtime.evaluate","params":{"expression":"document.evaluate(\"\/\/*[@id='login_button_container']\/div\/form\/div[3]\", document, null, 9, null).singleNodeValue['textContent']","returnByValue":true}}
08:51:26.800 [nioEventLoopGroup-11-1] DEBUG c.i.k.driver.chrome_1752371479331 - << {"id":81,"result":{"result":{"type":"string","value":"Epic sadface: Username and password do not match any user in this service"}},"sessionId":"649BC17F805235D0C2ADDCF6ACFF6467"}
08:51:26.804 [main] DEBUG c.i.k.driver.chrome_1752371479331 - >> {"id":82,"sessionId":"649BC17F805235D0C2ADDCF6ACFF6467","method":"Runtime.evaluate","params":{"expression":"document.evaluate(\"\/\/*[@id='login_button_container']\/div\/form\/div[3]\", document, null, 9, null).singleNodeValue['textContent']","returnByValue":true}}
08:51:26.807 [nioEventLoopGroup-11-1] DEBUG c.i.k.driver.chrome_1752371479331 - << {"id":82,"result":{"result":{"type":"string","value":"Epic sadface: Username and password do not match any user in this service"}},"sessionId":"649BC17F805235D0C2ADDCF6ACFF6467"}
08:51:26.808 [main] DEBUG c.i.k.driver.chrome_1752371479331 - >> {"id":83,"sessionId":"649BC17F805235D0C2ADDCF6ACFF6467","method":"Target.closeTarget","params":{"targetId":"864C795B7F220752C5D7FDA013C8AC79"}}
08:51:26.809 [nioEventLoopGroup-11-1] DEBUG c.i.k.http.WebSocketClientHandler - websocket closing
08:51:26.810 [nioEventLoopGroup-11-1] DEBUG c.i.k.http.WebSocketClientHandler - websocket client disconnected
08:51:26.815 [main] DEBUG com.intuit.karate.shell.Command - closing command: chrome_1752371479331
08:51:26.840 [main] INFO  com.intuit.karate - karate.env system property was: null 
08:51:26.852 [main] DEBUG com.intuit.karate.shell.Command - found / verified free local port: 53928
08:51:26.853 [main] WARN  c.intuit.karate.driver.DriverOptions - preferred port 9222 not available, will use: 53928
08:51:27.432 [main] DEBUG c.i.k.driver.chrome_1752371486851 - poll attempt #0 for port to be ready - localhost:53928
08:51:27.432 [chrome_1752371486851] DEBUG c.i.k.driver.chrome_1752371486851 - command: [C:\Program Files\Google\Chrome\Application\chrome.exe, --remote-debugging-port=53928, --remote-allow-origins=*, --no-first-run, --user-data-dir=E:\Duy\Projects\practices\karate_framework\demo\target\chrome_1752371486851, --disable-popup-blocking], working dir: target\chrome_1752371486851
08:51:27.633 [chrome_1752371479331] WARN  com.intuit.karate.shell.Command - exit code was non-zero: 1 - [C:\Program Files\Google\Chrome\Application\chrome.exe, --remote-debugging-port=53892, --remote-allow-origins=*, --no-first-run, --user-data-dir=E:\Duy\Projects\practices\karate_framework\demo\target\chrome_1752371479331, --disable-popup-blocking] working dir: target\chrome_1752371479331
08:51:27.698 [main] DEBUG c.i.k.driver.chrome_1752371486851 - poll attempt #1 for port to be ready - localhost:53928
08:51:27.905 [chrome_1752371486851-out] DEBUG c.i.k.driver.chrome_1752371486851 - 
08:51:27.905 [chrome_1752371486851-out] DEBUG c.i.k.driver.chrome_1752371486851 - DevTools listening on ws://127.0.0.1:53928/devtools/browser/98f8b81c-c7c9-4b4d-b972-aded2b76a91b
08:51:27.973 [main] DEBUG c.i.k.driver.chrome_1752371486851 - poll attempt #2 for port to be ready - localhost:53928
08:51:28.007 [main] DEBUG com.intuit.karate - request:
1 > GET http://localhost:53928/json
1 > Host: localhost:53928
1 > Connection: Keep-Alive
1 > User-Agent: Apache-HttpClient/4.5.14 (Java/21.0.7)
1 > Accept-Encoding: gzip,deflate


08:51:28.276 [main] DEBUG com.intuit.karate - response time in milliseconds: 267
1 < 200
1 < Content-Security-Policy: frame-ancestors 'none'
1 < Content-Length: 986
1 < Content-Type: application/json; charset=UTF-8
[ {
   "description": "",
   "devtoolsFrontendUrl": "https://chrome-devtools-frontend.appspot.com/serve_rev/@a2159ad9ab8037bd34a21b9903003e0964c2075b/inspector.html?ws=localhost:53928/devtools/page/301D3BD9CCF99916B6AD5C65C6FABB57",
   "id": "301D3BD9CCF99916B6AD5C65C6FABB57",
   "title": "Google Hangouts",
   "type": "background_page",
   "url": "chrome-extension://nkeimhogjdpnpccoofpliimaahmaaome/background.html",
   "webSocketDebuggerUrl": "ws://localhost:53928/devtools/page/301D3BD9CCF99916B6AD5C65C6FABB57"
}, {
   "description": "",
   "devtoolsFrontendUrl": "https://chrome-devtools-frontend.appspot.com/serve_rev/@a2159ad9ab8037bd34a21b9903003e0964c2075b/inspector.html?ws=localhost:53928/devtools/page/1153FC4ED50B3A730FB4FCC617FC8DCE",
   "id": "1153FC4ED50B3A730FB4FCC617FC8DCE",
   "title": "New Tab",
   "type": "page",
   "url": "chrome://newtab/",
   "webSocketDebuggerUrl": "ws://localhost:53928/devtools/page/1153FC4ED50B3A730FB4FCC617FC8DCE"
} ]


08:51:28.279 [main] DEBUG com.intuit.karate.shell.Command - ready to accept http connections after 287 ms - http://localhost:53928/json
08:51:28.285 [main] DEBUG com.intuit.karate - request:
1 > GET http://localhost:53928/json
1 > Host: localhost:53928
1 > Connection: Keep-Alive
1 > User-Agent: Apache-HttpClient/4.5.14 (Java/21.0.7)
1 > Accept-Encoding: gzip,deflate


08:51:28.339 [main] DEBUG com.intuit.karate - response time in milliseconds: 52
1 < 200
1 < Content-Security-Policy: frame-ancestors 'none'
1 < Content-Length: 986
1 < Content-Type: application/json; charset=UTF-8
[ {
   "description": "",
   "devtoolsFrontendUrl": "https://chrome-devtools-frontend.appspot.com/serve_rev/@a2159ad9ab8037bd34a21b9903003e0964c2075b/inspector.html?ws=localhost:53928/devtools/page/301D3BD9CCF99916B6AD5C65C6FABB57",
   "id": "301D3BD9CCF99916B6AD5C65C6FABB57",
   "title": "Google Hangouts",
   "type": "background_page",
   "url": "chrome-extension://nkeimhogjdpnpccoofpliimaahmaaome/background.html",
   "webSocketDebuggerUrl": "ws://localhost:53928/devtools/page/301D3BD9CCF99916B6AD5C65C6FABB57"
}, {
   "description": "",
   "devtoolsFrontendUrl": "https://chrome-devtools-frontend.appspot.com/serve_rev/@a2159ad9ab8037bd34a21b9903003e0964c2075b/inspector.html?ws=localhost:53928/devtools/page/1153FC4ED50B3A730FB4FCC617FC8DCE",
   "id": "1153FC4ED50B3A730FB4FCC617FC8DCE",
   "title": "New Tab",
   "type": "page",
   "url": "chrome://newtab/",
   "webSocketDebuggerUrl": "ws://localhost:53928/devtools/page/1153FC4ED50B3A730FB4FCC617FC8DCE"
} ]


08:51:28.340 [main] DEBUG c.i.k.driver.chrome_1752371486851 - root frame id: 1153FC4ED50B3A730FB4FCC617FC8DCE
08:51:28.476 [nioEventLoopGroup-12-1] DEBUG c.i.k.http.WebSocketClientHandler - websocket client connected
08:51:28.476 [main] DEBUG c.i.k.driver.chrome_1752371486851 - >> {"id":1,"method":"Target.attachToTarget","params":{"targetId":"1153FC4ED50B3A730FB4FCC617FC8DCE","flatten":true}}
08:51:28.480 [nioEventLoopGroup-12-1] DEBUG c.i.k.driver.chrome_1752371486851 - << {"method":"Target.attachedToTarget","params":{"sessionId":"80AFA023677198A7B364050B37936C6D","targetInfo":{"targetId":"1153FC4ED50B3A730FB4FCC617FC8DCE","type":"page","title":"New Tab","url":"chrome://newtab/","attached":true,"canAccessOpener":false,"browserContextId":"3A798AFBE269EF12CE4B9ABA73C5B718"},"waitingForDebugger":false}}
08:51:28.480 [nioEventLoopGroup-12-1] DEBUG c.i.k.driver.chrome_1752371486851 - << {"id":1,"result":{"sessionId":"80AFA023677198A7B364050B37936C6D"}}
08:51:28.481 [main] DEBUG c.i.k.driver.chrome_1752371486851 - >> {"id":2,"sessionId":"80AFA023677198A7B364050B37936C6D","method":"Target.activateTarget","params":{"targetId":"1153FC4ED50B3A730FB4FCC617FC8DCE"}}
08:51:28.483 [nioEventLoopGroup-12-1] DEBUG c.i.k.driver.chrome_1752371486851 - << {"id":2,"result":{},"sessionId":"80AFA023677198A7B364050B37936C6D"}
08:51:28.484 [main] DEBUG c.i.k.driver.chrome_1752371486851 - >> {"id":3,"sessionId":"80AFA023677198A7B364050B37936C6D","method":"Target.setDiscoverTargets","params":{"discover":true}}
08:51:28.486 [nioEventLoopGroup-12-1] DEBUG c.i.k.driver.chrome_1752371486851 - << {"method":"Target.targetCreated","params":{"targetInfo":{"targetId":"1153FC4ED50B3A730FB4FCC617FC8DCE","type":"page","title":"New Tab","url":"chrome://newtab/","attached":true,"canAccessOpener":false,"browserContextId":"3A798AFBE269EF12CE4B9ABA73C5B718"}},"sessionId":"80AFA023677198A7B364050B37936C6D"}
08:51:28.486 [nioEventLoopGroup-12-1] DEBUG c.i.k.driver.chrome_1752371486851 - << {"method":"Target.targetCreated","params":{"targetInfo":{"targetId":"301D3BD9CCF99916B6AD5C65C6FABB57","type":"background_page","title":"Google Hangouts","url":"chrome-extension://nkeimhogjdpnpccoofpliimaahmaaome/background.html","attached":false,"canAccessOpener":false,"browserContextId":"3A798AFBE269EF12CE4B9ABA73C5B718"}},"sessionId":"80AFA023677198A7B364050B37936C6D"}
08:51:28.486 [nioEventLoopGroup-12-1] DEBUG c.i.k.driver.chrome_1752371486851 - << {"id":3,"result":{},"sessionId":"80AFA023677198A7B364050B37936C6D"}
08:51:28.487 [main] DEBUG c.i.k.driver.chrome_1752371486851 - >> {"id":4,"sessionId":"80AFA023677198A7B364050B37936C6D","method":"Page.enable"}
08:51:28.586 [nioEventLoopGroup-12-1] DEBUG c.i.k.driver.chrome_1752371486851 - << {"id":4,"result":{},"sessionId":"80AFA023677198A7B364050B37936C6D"}
08:51:28.587 [main] DEBUG c.i.k.driver.chrome_1752371486851 - >> {"id":5,"sessionId":"80AFA023677198A7B364050B37936C6D","method":"Runtime.enable"}
08:51:28.595 [nioEventLoopGroup-12-1] DEBUG c.i.k.driver.chrome_1752371486851 - << {"method":"Runtime.executionContextCreated","params":{"context":{"id":2,"origin":"chrome://new-tab-page","name":"","uniqueId":"-3584218126445283267.-5211749243554519655","auxData":{"isDefault":true,"type":"default","frameId":"CE0B751377FE1687C8D58681F79C5476"}}},"sessionId":"80AFA023677198A7B364050B37936C6D"}
08:51:28.596 [nioEventLoopGroup-12-1] DEBUG c.i.k.driver.chrome_1752371486851 - << {"method":"Runtime.executionContextCreated","params":{"context":{"id":1,"origin":"chrome://new-tab-page","name":"","uniqueId":"-50466618643265632.-2986673710365544547","auxData":{"isDefault":true,"type":"default","frameId":"1153FC4ED50B3A730FB4FCC617FC8DCE"}}},"sessionId":"80AFA023677198A7B364050B37936C6D"}
08:51:28.596 [nioEventLoopGroup-12-1] DEBUG c.i.k.driver.chrome_1752371486851 - << {"id":5,"result":{},"sessionId":"80AFA023677198A7B364050B37936C6D"}
08:51:28.597 [main] DEBUG c.i.k.driver.chrome_1752371486851 - >> {"id":6,"sessionId":"80AFA023677198A7B364050B37936C6D","method":"Browser.getWindowForTarget","params":{"targetId":"1153FC4ED50B3A730FB4FCC617FC8DCE"}}
08:51:28.598 [nioEventLoopGroup-12-1] DEBUG c.i.k.driver.chrome_1752371486851 - << {"id":6,"result":{"windowId":2146513176,"bounds":{"left":10,"top":10,"width":945,"height":1060,"windowState":"normal"}},"sessionId":"80AFA023677198A7B364050B37936C6D"}
08:51:28.615 [main] DEBUG c.i.k.driver.chrome_1752371486851 - >> {"id":7,"sessionId":"80AFA023677198A7B364050B37936C6D","method":"Page.navigate","params":{"url":"https:\/\/saucedemo.com\/"}}
08:51:28.631 [nioEventLoopGroup-12-1] DEBUG c.i.k.driver.chrome_1752371486851 - << {"method":"Page.frameStartedNavigating","params":{"frameId":"1153FC4ED50B3A730FB4FCC617FC8DCE","url":"https://saucedemo.com/","loaderId":"65E043D840719CE170CD71553FB9D473","navigationType":"differentDocument"},"sessionId":"80AFA023677198A7B364050B37936C6D"}
08:51:28.631 [nioEventLoopGroup-12-1] DEBUG c.i.k.driver.chrome_1752371486851 - << {"method":"Page.frameStartedLoading","params":{"frameId":"1153FC4ED50B3A730FB4FCC617FC8DCE"},"sessionId":"80AFA023677198A7B364050B37936C6D"}
08:51:28.638 [nioEventLoopGroup-12-1] DEBUG c.i.k.driver.chrome_1752371486851 - << {"method":"Target.targetInfoChanged","params":{"targetInfo":{"targetId":"301D3BD9CCF99916B6AD5C65C6FABB57","type":"background_page","title":"Google Hangouts","url":"chrome-extension://nkeimhogjdpnpccoofpliimaahmaaome/background.html","attached":false,"canAccessOpener":false,"browserContextId":"3A798AFBE269EF12CE4B9ABA73C5B718"}},"sessionId":"80AFA023677198A7B364050B37936C6D"}
08:51:28.803 [nioEventLoopGroup-12-1] DEBUG c.i.k.driver.chrome_1752371486851 - << {"method":"Page.domContentEventFired","params":{"timestamp":251540.332126},"sessionId":"80AFA023677198A7B364050B37936C6D"}
08:51:28.807 [main] INFO  c.intuit.karate.core.FeatureRuntime - classpath:UI/LoginUI/LoginPage.feature - call by tag at line 7: action_attemptLogin
08:51:28.826 [nioEventLoopGroup-12-1] DEBUG c.i.k.driver.chrome_1752371486851 - << {"method":"Page.loadEventFired","params":{"timestamp":251540.367165},"sessionId":"80AFA023677198A7B364050B37936C6D"}
08:51:28.827 [nioEventLoopGroup-12-1] DEBUG c.i.k.driver.chrome_1752371486851 - << {"method":"Page.frameStartedLoading","params":{"frameId":"1153FC4ED50B3A730FB4FCC617FC8DCE"},"sessionId":"80AFA023677198A7B364050B37936C6D"}
08:51:28.828 [main] DEBUG c.intuit.karate.core.ScenarioEngine - over-writing existing variable 'loginPage' with new value: read('classpath:UI/LoginUI/saucedemo-LoginPage.json')
08:51:28.831 [main] DEBUG c.i.k.driver.chrome_1752371486851 - >> {"id":8,"sessionId":"80AFA023677198A7B364050B37936C6D","method":"Runtime.evaluate","params":{"expression":"var e = document.evaluate(\"\/\/*[@id='user-name']\", document, null, 9, null).singleNodeValue; e.focus(); try { e.selectionStart = e.selectionEnd = e.value.length } catch(x) {}","returnByValue":true}}
08:51:28.858 [nioEventLoopGroup-12-1] DEBUG c.i.k.driver.chrome_1752371486851 - << {"method":"Page.frameAttached","params":{"frameId":"AC76F4734E23236B1EBEA0DB0EADB6F9","parentFrameId":"1153FC4ED50B3A730FB4FCC617FC8DCE","stack":{"callFrames":[{"functionName":"O","scriptId":"7","url":"chrome://resources/lit/v3_0/lit.rollup.js","lineNumber":15,"columnNumber":4320},{"functionName":"T","scriptId":"7","url":"chrome://resources/lit/v3_0/lit.rollup.js","lineNumber":15,"columnNumber":4394},{"functionName":"$","scriptId":"7","url":"chrome://resources/lit/v3_0/lit.rollup.js","lineNumber":15,"columnNumber":4743},{"functionName":"_$AI","scriptId":"7","url":"chrome://resources/lit/v3_0/lit.rollup.js","lineNumber":15,"columnNumber":4227},{"functionName":"B","scriptId":"7","url":"chrome://resources/lit/v3_0/lit.rollup.js","lineNumber":15,"columnNumber":7111},{"functionName":"update","scriptId":"7","url":"chrome://resources/lit/v3_0/lit.rollup.js","lineNumber":20,"columnNumber":369},{"functionName":"performUpdate","scriptId":"7","url":"chrome://resources/lit/v3_0/lit.rollup.js","lineNumber":10,"columnNumbe ...
08:51:28.860 [nioEventLoopGroup-12-1] DEBUG c.i.k.driver.chrome_1752371486851 - << {"method":"Page.frameRequestedNavigation","params":{"frameId":"AC76F4734E23236B1EBEA0DB0EADB6F9","reason":"initialFrameNavigation","url":"chrome-untrusted://new-tab-page/one-google-bar?paramsencoded=","disposition":"currentTab"},"sessionId":"80AFA023677198A7B364050B37936C6D"}
08:51:28.865 [nioEventLoopGroup-12-1] DEBUG c.i.k.driver.chrome_1752371486851 - << {"method":"Page.frameStartedNavigating","params":{"frameId":"AC76F4734E23236B1EBEA0DB0EADB6F9","url":"chrome-untrusted://new-tab-page/one-google-bar?paramsencoded=","loaderId":"890DA792A754AB7AED3E00CD4123E9CD","navigationType":"differentDocument"},"sessionId":"80AFA023677198A7B364050B37936C6D"}
08:51:28.866 [nioEventLoopGroup-12-1] DEBUG c.i.k.driver.chrome_1752371486851 - << {"method":"Page.frameStartedLoading","params":{"frameId":"AC76F4734E23236B1EBEA0DB0EADB6F9"},"sessionId":"80AFA023677198A7B364050B37936C6D"}
08:51:29.179 [nioEventLoopGroup-12-1] DEBUG c.i.k.driver.chrome_1752371486851 - << {"method":"Target.targetCreated","params":{"targetInfo":{"targetId":"F239FA11BCCBE5CA6946DE84657990E8","type":"service_worker","title":"Service Worker chrome-extension://fignfifoniblkonapihmkfakmlgkbkcf/service_worker.js","url":"chrome-extension://fignfifoniblkonapihmkfakmlgkbkcf/service_worker.js","attached":false,"canAccessOpener":false,"browserContextId":"3A798AFBE269EF12CE4B9ABA73C5B718"}},"sessionId":"80AFA023677198A7B364050B37936C6D"}
08:51:29.709 [nioEventLoopGroup-12-1] DEBUG c.i.k.driver.chrome_1752371486851 - << {"id":7,"result":{"frameId":"1153FC4ED50B3A730FB4FCC617FC8DCE","loaderId":"65E043D840719CE170CD71553FB9D473"},"sessionId":"80AFA023677198A7B364050B37936C6D"}
08:51:29.714 [nioEventLoopGroup-12-1] DEBUG c.i.k.driver.chrome_1752371486851 - << {"method":"Runtime.executionContextsCleared","params":{},"sessionId":"80AFA023677198A7B364050B37936C6D"}
08:51:29.719 [nioEventLoopGroup-12-1] DEBUG c.i.k.driver.chrome_1752371486851 - << {"method":"Runtime.executionContextsCleared","params":{},"sessionId":"80AFA023677198A7B364050B37936C6D"}
08:51:29.720 [nioEventLoopGroup-12-1] DEBUG c.i.k.driver.chrome_1752371486851 - << {"method":"Page.frameNavigated","params":{"frame":{"id":"1153FC4ED50B3A730FB4FCC617FC8DCE","loaderId":"65E043D840719CE170CD71553FB9D473","url":"https://www.saucedemo.com/","domainAndRegistry":"saucedemo.com","securityOrigin":"https://www.saucedemo.com","securityOriginDetails":{"isLocalhost":false},"mimeType":"text/html","adFrameStatus":{"adFrameType":"none"},"secureContextType":"Secure","crossOriginIsolatedContextType":"NotIsolated","gatedAPIFeatures":[]},"type":"Navigation"},"sessionId":"80AFA023677198A7B364050B37936C6D"}
08:51:29.732 [nioEventLoopGroup-12-1] DEBUG c.i.k.driver.chrome_1752371486851 - << {"method":"Page.frameStoppedLoading","params":{"frameId":"AC76F4734E23236B1EBEA0DB0EADB6F9"},"sessionId":"80AFA023677198A7B364050B37936C6D"}
08:51:29.765 [nioEventLoopGroup-12-1] DEBUG c.i.k.driver.chrome_1752371486851 - << {"method":"Target.targetInfoChanged","params":{"targetInfo":{"targetId":"1153FC4ED50B3A730FB4FCC617FC8DCE","type":"page","title":"saucedemo.com","url":"https://www.saucedemo.com/","attached":true,"canAccessOpener":false,"browserContextId":"3A798AFBE269EF12CE4B9ABA73C5B718"}},"sessionId":"80AFA023677198A7B364050B37936C6D"}
08:51:29.782 [nioEventLoopGroup-12-1] DEBUG c.i.k.driver.chrome_1752371486851 - << {"method":"Runtime.executionContextCreated","params":{"context":{"id":1,"origin":"https://www.saucedemo.com","name":"","uniqueId":"4999624277981009716.-6147571695783779176","auxData":{"isDefault":true,"type":"default","frameId":"1153FC4ED50B3A730FB4FCC617FC8DCE"}}},"sessionId":"80AFA023677198A7B364050B37936C6D"}
08:51:29.803 [nioEventLoopGroup-12-1] DEBUG c.i.k.driver.chrome_1752371486851 - << {"id":8,"result":{"result":{"type":"object","subtype":"error","className":"TypeError","description":"TypeError: Cannot read properties of null (reading 'focus')\n    at <anonymous>:1:95","objectId":"1035627366191985057.1.1"},"exceptionDetails":{"exceptionId":1,"text":"Uncaught","lineNumber":0,"columnNumber":94,"scriptId":"7","stackTrace":{"callFrames":[{"functionName":"","scriptId":"7","url":"","lineNumber":0,"columnNumber":94}]},"exception":{"type":"object","subtype":"error","className":"TypeError","description":"TypeError: Cannot read properties of null (reading 'focus')\n    at <anonymous>:1:95","objectId":"1035627366191985057.1.2"}}},"sessionId":"80AFA023677198A7B364050B37936C6D"}
08:51:29.803 [nioEventLoopGroup-12-1] WARN  c.i.k.driver.chrome_1752371486851 - devtools error: [id: 8, sessionId: 80AFA023677198A7B364050B37936C6D, result: [type: MAP, value: {type=object, subtype=error, className=TypeError, description=TypeError: Cannot read properties of null (reading 'focus')
    at <anonymous>:1:95, objectId=1035627366191985057.1.1}]]
08:51:29.804 [main] WARN  c.i.k.driver.chrome_1752371486851 - js eval failed once:var e = document.evaluate("//*[@id='user-name']", document, null, 9, null).singleNodeValue; e.focus(); try { e.selectionStart = e.selectionEnd = e.value.length } catch(x) {}, error: [type: MAP, value: {type=object, subtype=error, className=TypeError, description=TypeError: Cannot read properties of null (reading 'focus')
    at <anonymous>:1:95, objectId=1035627366191985057.1.1}]
08:51:30.331 [nioEventLoopGroup-12-1] DEBUG c.i.k.driver.chrome_1752371486851 - << {"method":"Page.domContentEventFired","params":{"timestamp":251541.871261},"sessionId":"80AFA023677198A7B364050B37936C6D"}
08:51:30.497 [nioEventLoopGroup-12-1] DEBUG c.i.k.driver.chrome_1752371486851 - << {"method":"Page.loadEventFired","params":{"timestamp":251542.033671},"sessionId":"80AFA023677198A7B364050B37936C6D"}
08:51:30.498 [nioEventLoopGroup-12-1] DEBUG c.i.k.driver.chrome_1752371486851 - << {"method":"Page.frameStoppedLoading","params":{"frameId":"1153FC4ED50B3A730FB4FCC617FC8DCE"},"sessionId":"80AFA023677198A7B364050B37936C6D"}
08:51:30.659 [nioEventLoopGroup-12-1] DEBUG c.i.k.driver.chrome_1752371486851 - << {"method":"Target.targetCreated","params":{"targetInfo":{"targetId":"94B292D267692221F30F1C6426CC64B7","type":"service_worker","title":"Service Worker https://www.saucedemo.com/service-worker.js","url":"https://www.saucedemo.com/service-worker.js","attached":false,"canAccessOpener":false,"browserContextId":"3A798AFBE269EF12CE4B9ABA73C5B718"}},"sessionId":"80AFA023677198A7B364050B37936C6D"}
08:51:31.490 [nioEventLoopGroup-12-1] DEBUG c.i.k.driver.chrome_1752371486851 - << {"method":"Runtime.consoleAPICalled","params":{"type":"log","args":[{"type":"string","value":"Content is cached for offline use."}],"executionContextId":1,"timestamp":1.752371491490203e+12,"stackTrace":{"callFrames":[{"functionName":"console.<computed>","scriptId":"6","url":"https://www.saucedemo.com/static/js/2.84a5cbf3.chunk.js","lineNumber":1,"columnNumber":123015},{"functionName":"a.onstatechange","scriptId":"8","url":"https://www.saucedemo.com/static/js/main.018d2d1e.chunk.js","lineNumber":0,"columnNumber":58496}]}},"sessionId":"80AFA023677198A7B364050B37936C6D"}
08:51:31.491 [nioEventLoopGroup-12-1] DEBUG c.i.k.driver.chrome_1752371486851 - [console] Content is cached for offline use.
08:51:32.816 [main] DEBUG c.i.k.driver.chrome_1752371486851 - >> {"id":9,"sessionId":"80AFA023677198A7B364050B37936C6D","method":"Runtime.evaluate","params":{"expression":"var e = document.evaluate(\"\/\/*[@id='user-name']\", document, null, 9, null).singleNodeValue; e.focus(); try { e.selectionStart = e.selectionEnd = e.value.length } catch(x) {}","returnByValue":true}}
08:51:32.819 [nioEventLoopGroup-12-1] DEBUG c.i.k.driver.chrome_1752371486851 - << {"id":9,"result":{"result":{"type":"number","value":0,"description":"0"}},"sessionId":"80AFA023677198A7B364050B37936C6D"}
08:51:32.820 [main] DEBUG c.i.k.driver.chrome_1752371486851 - >> {"id":10,"sessionId":"80AFA023677198A7B364050B37936C6D","method":"Input.dispatchKeyEvent","params":{"modifiers":0,"type":"rawKeyDown","text":"s","windowsVirtualKeyCode":115}}
08:51:32.824 [nioEventLoopGroup-12-1] DEBUG c.i.k.driver.chrome_1752371486851 - << {"id":10,"result":{},"sessionId":"80AFA023677198A7B364050B37936C6D"}
08:51:32.825 [main] DEBUG c.i.k.driver.chrome_1752371486851 - >> {"id":11,"sessionId":"80AFA023677198A7B364050B37936C6D","method":"Input.dispatchKeyEvent","params":{"modifiers":0,"type":"char","text":"s","windowsVirtualKeyCode":115}}
08:51:32.834 [nioEventLoopGroup-12-1] DEBUG c.i.k.driver.chrome_1752371486851 - << {"id":11,"result":{},"sessionId":"80AFA023677198A7B364050B37936C6D"}
08:51:32.835 [main] DEBUG c.i.k.driver.chrome_1752371486851 - >> {"id":12,"sessionId":"80AFA023677198A7B364050B37936C6D","method":"Input.dispatchKeyEvent","params":{"modifiers":0,"type":"keyUp","text":"s","windowsVirtualKeyCode":115}}
08:51:32.838 [nioEventLoopGroup-12-1] DEBUG c.i.k.driver.chrome_1752371486851 - << {"id":12,"result":{},"sessionId":"80AFA023677198A7B364050B37936C6D"}
08:51:32.839 [main] DEBUG c.i.k.driver.chrome_1752371486851 - >> {"id":13,"sessionId":"80AFA023677198A7B364050B37936C6D","method":"Input.dispatchKeyEvent","params":{"modifiers":0,"type":"rawKeyDown","text":"t","windowsVirtualKeyCode":116}}
08:51:32.842 [nioEventLoopGroup-12-1] DEBUG c.i.k.driver.chrome_1752371486851 - << {"id":13,"result":{},"sessionId":"80AFA023677198A7B364050B37936C6D"}
08:51:32.843 [main] DEBUG c.i.k.driver.chrome_1752371486851 - >> {"id":14,"sessionId":"80AFA023677198A7B364050B37936C6D","method":"Input.dispatchKeyEvent","params":{"modifiers":0,"type":"char","text":"t","windowsVirtualKeyCode":116}}
08:51:32.848 [nioEventLoopGroup-12-1] DEBUG c.i.k.driver.chrome_1752371486851 - << {"id":14,"result":{},"sessionId":"80AFA023677198A7B364050B37936C6D"}
08:51:32.848 [main] DEBUG c.i.k.driver.chrome_1752371486851 - >> {"id":15,"sessionId":"80AFA023677198A7B364050B37936C6D","method":"Input.dispatchKeyEvent","params":{"modifiers":0,"type":"keyUp","text":"t","windowsVirtualKeyCode":116}}
08:51:32.851 [nioEventLoopGroup-12-1] DEBUG c.i.k.driver.chrome_1752371486851 - << {"id":15,"result":{},"sessionId":"80AFA023677198A7B364050B37936C6D"}
08:51:32.851 [main] DEBUG c.i.k.driver.chrome_1752371486851 - >> {"id":16,"sessionId":"80AFA023677198A7B364050B37936C6D","method":"Input.dispatchKeyEvent","params":{"modifiers":0,"type":"rawKeyDown","text":"a","windowsVirtualKeyCode":97}}
08:51:32.854 [nioEventLoopGroup-12-1] DEBUG c.i.k.driver.chrome_1752371486851 - << {"id":16,"result":{},"sessionId":"80AFA023677198A7B364050B37936C6D"}
08:51:32.854 [main] DEBUG c.i.k.driver.chrome_1752371486851 - >> {"id":17,"sessionId":"80AFA023677198A7B364050B37936C6D","method":"Input.dispatchKeyEvent","params":{"modifiers":0,"type":"char","text":"a","windowsVirtualKeyCode":97}}
08:51:32.859 [nioEventLoopGroup-12-1] DEBUG c.i.k.driver.chrome_1752371486851 - << {"id":17,"result":{},"sessionId":"80AFA023677198A7B364050B37936C6D"}
08:51:32.859 [main] DEBUG c.i.k.driver.chrome_1752371486851 - >> {"id":18,"sessionId":"80AFA023677198A7B364050B37936C6D","method":"Input.dispatchKeyEvent","params":{"modifiers":0,"type":"keyUp","text":"a","windowsVirtualKeyCode":97}}
08:51:32.861 [nioEventLoopGroup-12-1] DEBUG c.i.k.driver.chrome_1752371486851 - << {"id":18,"result":{},"sessionId":"80AFA023677198A7B364050B37936C6D"}
08:51:32.861 [main] DEBUG c.i.k.driver.chrome_1752371486851 - >> {"id":19,"sessionId":"80AFA023677198A7B364050B37936C6D","method":"Input.dispatchKeyEvent","params":{"modifiers":0,"type":"rawKeyDown","text":"n","windowsVirtualKeyCode":110}}
08:51:32.863 [nioEventLoopGroup-12-1] DEBUG c.i.k.driver.chrome_1752371486851 - << {"id":19,"result":{},"sessionId":"80AFA023677198A7B364050B37936C6D"}
08:51:32.864 [main] DEBUG c.i.k.driver.chrome_1752371486851 - >> {"id":20,"sessionId":"80AFA023677198A7B364050B37936C6D","method":"Input.dispatchKeyEvent","params":{"modifiers":0,"type":"char","text":"n","windowsVirtualKeyCode":110}}
08:51:32.869 [nioEventLoopGroup-12-1] DEBUG c.i.k.driver.chrome_1752371486851 - << {"id":20,"result":{},"sessionId":"80AFA023677198A7B364050B37936C6D"}
08:51:32.869 [main] DEBUG c.i.k.driver.chrome_1752371486851 - >> {"id":21,"sessionId":"80AFA023677198A7B364050B37936C6D","method":"Input.dispatchKeyEvent","params":{"modifiers":0,"type":"keyUp","text":"n","windowsVirtualKeyCode":110}}
08:51:32.871 [nioEventLoopGroup-12-1] DEBUG c.i.k.driver.chrome_1752371486851 - << {"id":21,"result":{},"sessionId":"80AFA023677198A7B364050B37936C6D"}
08:51:32.872 [main] DEBUG c.i.k.driver.chrome_1752371486851 - >> {"id":22,"sessionId":"80AFA023677198A7B364050B37936C6D","method":"Input.dispatchKeyEvent","params":{"modifiers":0,"type":"rawKeyDown","text":"d","windowsVirtualKeyCode":100}}
08:51:32.874 [nioEventLoopGroup-12-1] DEBUG c.i.k.driver.chrome_1752371486851 - << {"id":22,"result":{},"sessionId":"80AFA023677198A7B364050B37936C6D"}
08:51:32.875 [main] DEBUG c.i.k.driver.chrome_1752371486851 - >> {"id":23,"sessionId":"80AFA023677198A7B364050B37936C6D","method":"Input.dispatchKeyEvent","params":{"modifiers":0,"type":"char","text":"d","windowsVirtualKeyCode":100}}
08:51:32.879 [nioEventLoopGroup-12-1] DEBUG c.i.k.driver.chrome_1752371486851 - << {"id":23,"result":{},"sessionId":"80AFA023677198A7B364050B37936C6D"}
08:51:32.879 [main] DEBUG c.i.k.driver.chrome_1752371486851 - >> {"id":24,"sessionId":"80AFA023677198A7B364050B37936C6D","method":"Input.dispatchKeyEvent","params":{"modifiers":0,"type":"keyUp","text":"d","windowsVirtualKeyCode":100}}
08:51:32.881 [nioEventLoopGroup-12-1] DEBUG c.i.k.driver.chrome_1752371486851 - << {"id":24,"result":{},"sessionId":"80AFA023677198A7B364050B37936C6D"}
08:51:32.881 [main] DEBUG c.i.k.driver.chrome_1752371486851 - >> {"id":25,"sessionId":"80AFA023677198A7B364050B37936C6D","method":"Input.dispatchKeyEvent","params":{"modifiers":0,"type":"rawKeyDown","text":"a","windowsVirtualKeyCode":97}}
08:51:32.883 [nioEventLoopGroup-12-1] DEBUG c.i.k.driver.chrome_1752371486851 - << {"id":25,"result":{},"sessionId":"80AFA023677198A7B364050B37936C6D"}
08:51:32.883 [main] DEBUG c.i.k.driver.chrome_1752371486851 - >> {"id":26,"sessionId":"80AFA023677198A7B364050B37936C6D","method":"Input.dispatchKeyEvent","params":{"modifiers":0,"type":"char","text":"a","windowsVirtualKeyCode":97}}
08:51:32.889 [nioEventLoopGroup-12-1] DEBUG c.i.k.driver.chrome_1752371486851 - << {"id":26,"result":{},"sessionId":"80AFA023677198A7B364050B37936C6D"}
08:51:32.890 [main] DEBUG c.i.k.driver.chrome_1752371486851 - >> {"id":27,"sessionId":"80AFA023677198A7B364050B37936C6D","method":"Input.dispatchKeyEvent","params":{"modifiers":0,"type":"keyUp","text":"a","windowsVirtualKeyCode":97}}
08:51:32.891 [nioEventLoopGroup-12-1] DEBUG c.i.k.driver.chrome_1752371486851 - << {"id":27,"result":{},"sessionId":"80AFA023677198A7B364050B37936C6D"}
08:51:32.892 [main] DEBUG c.i.k.driver.chrome_1752371486851 - >> {"id":28,"sessionId":"80AFA023677198A7B364050B37936C6D","method":"Input.dispatchKeyEvent","params":{"modifiers":0,"type":"rawKeyDown","text":"r","windowsVirtualKeyCode":114}}
08:51:32.893 [nioEventLoopGroup-12-1] DEBUG c.i.k.driver.chrome_1752371486851 - << {"id":28,"result":{},"sessionId":"80AFA023677198A7B364050B37936C6D"}
08:51:32.894 [main] DEBUG c.i.k.driver.chrome_1752371486851 - >> {"id":29,"sessionId":"80AFA023677198A7B364050B37936C6D","method":"Input.dispatchKeyEvent","params":{"modifiers":0,"type":"char","text":"r","windowsVirtualKeyCode":114}}
08:51:32.899 [nioEventLoopGroup-12-1] DEBUG c.i.k.driver.chrome_1752371486851 - << {"id":29,"result":{},"sessionId":"80AFA023677198A7B364050B37936C6D"}
08:51:32.901 [main] DEBUG c.i.k.driver.chrome_1752371486851 - >> {"id":30,"sessionId":"80AFA023677198A7B364050B37936C6D","method":"Input.dispatchKeyEvent","params":{"modifiers":0,"type":"keyUp","text":"r","windowsVirtualKeyCode":114}}
08:51:32.908 [nioEventLoopGroup-12-1] DEBUG c.i.k.driver.chrome_1752371486851 - << {"id":30,"result":{},"sessionId":"80AFA023677198A7B364050B37936C6D"}
08:51:32.908 [main] DEBUG c.i.k.driver.chrome_1752371486851 - >> {"id":31,"sessionId":"80AFA023677198A7B364050B37936C6D","method":"Input.dispatchKeyEvent","params":{"modifiers":0,"type":"rawKeyDown","text":"d","windowsVirtualKeyCode":100}}
08:51:32.910 [nioEventLoopGroup-12-1] DEBUG c.i.k.driver.chrome_1752371486851 - << {"id":31,"result":{},"sessionId":"80AFA023677198A7B364050B37936C6D"}
08:51:32.911 [main] DEBUG c.i.k.driver.chrome_1752371486851 - >> {"id":32,"sessionId":"80AFA023677198A7B364050B37936C6D","method":"Input.dispatchKeyEvent","params":{"modifiers":0,"type":"char","text":"d","windowsVirtualKeyCode":100}}
08:51:32.915 [nioEventLoopGroup-12-1] DEBUG c.i.k.driver.chrome_1752371486851 - << {"id":32,"result":{},"sessionId":"80AFA023677198A7B364050B37936C6D"}
08:51:32.916 [main] DEBUG c.i.k.driver.chrome_1752371486851 - >> {"id":33,"sessionId":"80AFA023677198A7B364050B37936C6D","method":"Input.dispatchKeyEvent","params":{"modifiers":0,"type":"keyUp","text":"d","windowsVirtualKeyCode":100}}
08:51:32.919 [nioEventLoopGroup-12-1] DEBUG c.i.k.driver.chrome_1752371486851 - << {"id":33,"result":{},"sessionId":"80AFA023677198A7B364050B37936C6D"}
08:51:32.920 [main] DEBUG c.i.k.driver.chrome_1752371486851 - >> {"id":34,"sessionId":"80AFA023677198A7B364050B37936C6D","method":"Input.dispatchKeyEvent","params":{"modifiers":0,"type":"rawKeyDown","text":"_","windowsVirtualKeyCode":523}}
08:51:32.922 [nioEventLoopGroup-12-1] DEBUG c.i.k.driver.chrome_1752371486851 - << {"id":34,"result":{},"sessionId":"80AFA023677198A7B364050B37936C6D"}
08:51:32.923 [main] DEBUG c.i.k.driver.chrome_1752371486851 - >> {"id":35,"sessionId":"80AFA023677198A7B364050B37936C6D","method":"Input.dispatchKeyEvent","params":{"modifiers":0,"type":"char","text":"_","windowsVirtualKeyCode":523}}
08:51:32.929 [nioEventLoopGroup-12-1] DEBUG c.i.k.driver.chrome_1752371486851 - << {"id":35,"result":{},"sessionId":"80AFA023677198A7B364050B37936C6D"}
08:51:32.929 [main] DEBUG c.i.k.driver.chrome_1752371486851 - >> {"id":36,"sessionId":"80AFA023677198A7B364050B37936C6D","method":"Input.dispatchKeyEvent","params":{"modifiers":0,"type":"keyUp","text":"_","windowsVirtualKeyCode":523}}
08:51:32.931 [nioEventLoopGroup-12-1] DEBUG c.i.k.driver.chrome_1752371486851 - << {"id":36,"result":{},"sessionId":"80AFA023677198A7B364050B37936C6D"}
08:51:32.932 [main] DEBUG c.i.k.driver.chrome_1752371486851 - >> {"id":37,"sessionId":"80AFA023677198A7B364050B37936C6D","method":"Input.dispatchKeyEvent","params":{"modifiers":0,"type":"rawKeyDown","text":"u","windowsVirtualKeyCode":117}}
08:51:32.934 [nioEventLoopGroup-12-1] DEBUG c.i.k.driver.chrome_1752371486851 - << {"id":37,"result":{},"sessionId":"80AFA023677198A7B364050B37936C6D"}
08:51:32.934 [main] DEBUG c.i.k.driver.chrome_1752371486851 - >> {"id":38,"sessionId":"80AFA023677198A7B364050B37936C6D","method":"Input.dispatchKeyEvent","params":{"modifiers":0,"type":"char","text":"u","windowsVirtualKeyCode":117}}
08:51:32.940 [nioEventLoopGroup-12-1] DEBUG c.i.k.driver.chrome_1752371486851 - << {"id":38,"result":{},"sessionId":"80AFA023677198A7B364050B37936C6D"}
08:51:32.940 [main] DEBUG c.i.k.driver.chrome_1752371486851 - >> {"id":39,"sessionId":"80AFA023677198A7B364050B37936C6D","method":"Input.dispatchKeyEvent","params":{"modifiers":0,"type":"keyUp","text":"u","windowsVirtualKeyCode":117}}
08:51:32.942 [nioEventLoopGroup-12-1] DEBUG c.i.k.driver.chrome_1752371486851 - << {"id":39,"result":{},"sessionId":"80AFA023677198A7B364050B37936C6D"}
08:51:32.943 [main] DEBUG c.i.k.driver.chrome_1752371486851 - >> {"id":40,"sessionId":"80AFA023677198A7B364050B37936C6D","method":"Input.dispatchKeyEvent","params":{"modifiers":0,"type":"rawKeyDown","text":"s","windowsVirtualKeyCode":115}}
08:51:32.945 [nioEventLoopGroup-12-1] DEBUG c.i.k.driver.chrome_1752371486851 - << {"id":40,"result":{},"sessionId":"80AFA023677198A7B364050B37936C6D"}
08:51:32.945 [main] DEBUG c.i.k.driver.chrome_1752371486851 - >> {"id":41,"sessionId":"80AFA023677198A7B364050B37936C6D","method":"Input.dispatchKeyEvent","params":{"modifiers":0,"type":"char","text":"s","windowsVirtualKeyCode":115}}
08:51:32.949 [nioEventLoopGroup-12-1] DEBUG c.i.k.driver.chrome_1752371486851 - << {"id":41,"result":{},"sessionId":"80AFA023677198A7B364050B37936C6D"}
08:51:32.949 [main] DEBUG c.i.k.driver.chrome_1752371486851 - >> {"id":42,"sessionId":"80AFA023677198A7B364050B37936C6D","method":"Input.dispatchKeyEvent","params":{"modifiers":0,"type":"keyUp","text":"s","windowsVirtualKeyCode":115}}
08:51:32.951 [nioEventLoopGroup-12-1] DEBUG c.i.k.driver.chrome_1752371486851 - << {"id":42,"result":{},"sessionId":"80AFA023677198A7B364050B37936C6D"}
08:51:32.952 [main] DEBUG c.i.k.driver.chrome_1752371486851 - >> {"id":43,"sessionId":"80AFA023677198A7B364050B37936C6D","method":"Input.dispatchKeyEvent","params":{"modifiers":0,"type":"rawKeyDown","text":"e","windowsVirtualKeyCode":101}}
08:51:32.954 [nioEventLoopGroup-12-1] DEBUG c.i.k.driver.chrome_1752371486851 - << {"id":43,"result":{},"sessionId":"80AFA023677198A7B364050B37936C6D"}
08:51:32.955 [main] DEBUG c.i.k.driver.chrome_1752371486851 - >> {"id":44,"sessionId":"80AFA023677198A7B364050B37936C6D","method":"Input.dispatchKeyEvent","params":{"modifiers":0,"type":"char","text":"e","windowsVirtualKeyCode":101}}
08:51:32.959 [nioEventLoopGroup-12-1] DEBUG c.i.k.driver.chrome_1752371486851 - << {"id":44,"result":{},"sessionId":"80AFA023677198A7B364050B37936C6D"}
08:51:32.959 [main] DEBUG c.i.k.driver.chrome_1752371486851 - >> {"id":45,"sessionId":"80AFA023677198A7B364050B37936C6D","method":"Input.dispatchKeyEvent","params":{"modifiers":0,"type":"keyUp","text":"e","windowsVirtualKeyCode":101}}
08:51:32.961 [nioEventLoopGroup-12-1] DEBUG c.i.k.driver.chrome_1752371486851 - << {"id":45,"result":{},"sessionId":"80AFA023677198A7B364050B37936C6D"}
08:51:32.962 [main] DEBUG c.i.k.driver.chrome_1752371486851 - >> {"id":46,"sessionId":"80AFA023677198A7B364050B37936C6D","method":"Input.dispatchKeyEvent","params":{"modifiers":0,"type":"rawKeyDown","text":"r","windowsVirtualKeyCode":114}}
08:51:32.963 [nioEventLoopGroup-12-1] DEBUG c.i.k.driver.chrome_1752371486851 - << {"id":46,"result":{},"sessionId":"80AFA023677198A7B364050B37936C6D"}
08:51:32.964 [main] DEBUG c.i.k.driver.chrome_1752371486851 - >> {"id":47,"sessionId":"80AFA023677198A7B364050B37936C6D","method":"Input.dispatchKeyEvent","params":{"modifiers":0,"type":"char","text":"r","windowsVirtualKeyCode":114}}
08:51:32.968 [nioEventLoopGroup-12-1] DEBUG c.i.k.driver.chrome_1752371486851 - << {"id":47,"result":{},"sessionId":"80AFA023677198A7B364050B37936C6D"}
08:51:32.969 [main] DEBUG c.i.k.driver.chrome_1752371486851 - >> {"id":48,"sessionId":"80AFA023677198A7B364050B37936C6D","method":"Input.dispatchKeyEvent","params":{"modifiers":0,"type":"keyUp","text":"r","windowsVirtualKeyCode":114}}
08:51:32.972 [nioEventLoopGroup-12-1] DEBUG c.i.k.driver.chrome_1752371486851 - << {"id":48,"result":{},"sessionId":"80AFA023677198A7B364050B37936C6D"}
08:51:32.974 [main] DEBUG c.i.k.driver.chrome_1752371486851 - >> {"id":49,"sessionId":"80AFA023677198A7B364050B37936C6D","method":"Runtime.evaluate","params":{"expression":"var e = document.evaluate(\"\/\/*[@id='password']\", document, null, 9, null).singleNodeValue; e.focus(); try { e.selectionStart = e.selectionEnd = e.value.length } catch(x) {}","returnByValue":true}}
08:51:32.977 [nioEventLoopGroup-12-1] DEBUG c.i.k.driver.chrome_1752371486851 - << {"id":49,"result":{"result":{"type":"number","value":0,"description":"0"}},"sessionId":"80AFA023677198A7B364050B37936C6D"}
08:51:32.978 [main] DEBUG c.i.k.driver.chrome_1752371486851 - >> {"id":50,"sessionId":"80AFA023677198A7B364050B37936C6D","method":"Runtime.evaluate","params":{"expression":"document.evaluate(\"\/\/*[@id='login-button']\", document, null, 9, null).singleNodeValue.click()","returnByValue":true}}
08:51:32.992 [nioEventLoopGroup-12-1] DEBUG c.i.k.driver.chrome_1752371486851 - << {"id":50,"result":{"result":{"type":"undefined"}},"sessionId":"80AFA023677198A7B364050B37936C6D"}
08:51:33.004 [main] DEBUG c.i.k.driver.chrome_1752371486851 - >> {"id":51,"sessionId":"80AFA023677198A7B364050B37936C6D","method":"Runtime.evaluate","params":{"expression":"document.evaluate(\"\/\/*[@id='login_button_container']\/div\/form\/div[3]\", document, null, 9, null).singleNodeValue['textContent']","returnByValue":true}}
08:51:33.007 [nioEventLoopGroup-12-1] DEBUG c.i.k.driver.chrome_1752371486851 - << {"id":51,"result":{"result":{"type":"string","value":"Epic sadface: Password is required"}},"sessionId":"80AFA023677198A7B364050B37936C6D"}
08:51:33.008 [main] DEBUG c.i.k.driver.chrome_1752371486851 - >> {"id":52,"sessionId":"80AFA023677198A7B364050B37936C6D","method":"Runtime.evaluate","params":{"expression":"document.evaluate(\"\/\/*[@id='login_button_container']\/div\/form\/div[3]\", document, null, 9, null).singleNodeValue['textContent']","returnByValue":true}}
08:51:33.011 [nioEventLoopGroup-12-1] DEBUG c.i.k.driver.chrome_1752371486851 - << {"id":52,"result":{"result":{"type":"string","value":"Epic sadface: Password is required"}},"sessionId":"80AFA023677198A7B364050B37936C6D"}
08:51:33.012 [main] DEBUG c.i.k.driver.chrome_1752371486851 - >> {"id":53,"sessionId":"80AFA023677198A7B364050B37936C6D","method":"Target.closeTarget","params":{"targetId":"1153FC4ED50B3A730FB4FCC617FC8DCE"}}
08:51:33.013 [nioEventLoopGroup-12-1] DEBUG c.i.k.http.WebSocketClientHandler - websocket closing
08:51:33.013 [nioEventLoopGroup-12-1] DEBUG c.i.k.http.WebSocketClientHandler - websocket client disconnected
08:51:33.018 [main] DEBUG com.intuit.karate.shell.Command - closing command: chrome_1752371486851
08:51:33.307 [chrome_1752371486851] WARN  com.intuit.karate.shell.Command - exit code was non-zero: 1 - [C:\Program Files\Google\Chrome\Application\chrome.exe, --remote-debugging-port=53928, --remote-allow-origins=*, --no-first-run, --user-data-dir=E:\Duy\Projects\practices\karate_framework\demo\target\chrome_1752371486851, --disable-popup-blocking] working dir: target\chrome_1752371486851
---------------------------------------------------------
feature: classpath:UI/LoginUI/Login.feature
scenarios:  6 | passed:  6 | failed:  0 | time: 35.4421
---------------------------------------------------------

08:51:33.736 [main] INFO  com.intuit.karate.Suite - <<pass>> feature 3 of 4 (0 remaining) classpath:UI/LoginUI/Login.feature
08:51:33.738 [main] DEBUG com.intuit.karate.Suite - waiting for 4 features to complete
Karate version: 1.4.0
======================================================
elapsed:  85.35 | threads:    1 | thread time: 78.47 
features:     2 | skipped:    2 | efficiency: 0.92
scenarios:   11 | passed:    10 | failed: 1
======================================================
>>> failed features:
js failed:
>>>>
01: waitFor(saucedemoURL)
<<<<
org.graalvm.polyglot.PolyglotException: waitUntil (js): failed after 3 retries and 21144 milliseconds
- com.intuit.karate.driver.DriverOptions.retry(DriverOptions.java:517)
- com.intuit.karate.driver.DevToolsDriver.waitUntil(DevToolsDriver.java:777)
- com.intuit.karate.driver.DriverOptions.waitForAny(DriverOptions.java:700)
- com.intuit.karate.driver.Driver.waitFor(Driver.java:237)
- <js>.:anonymous(Unnamed:1)

classpath:UI/HomePageUI/Home.feature:73
<<<

HTML report: (paste into browser to view) | Karate version: 1.4.0
file:///E:/Duy/Projects/practices/karate_framework/demo/target/karate-reports/karate-summary.html
===================================================================

]]></system-out>
  </testcase>
</testsuite>